Mplus VERSION 7.4
MUTHEN & MUTHEN
05/16/2019  10:29 PM

INPUT INSTRUCTIONS

  DATA: File is id0411 mplus.csv;

  VARIABLE: Names are IDind WAVE hhid t2 commid age04
                      kcal04 carbo04 fat04 protn04 bmi04
                      hwr04 wc04 diasto04 systo04 smoke04
                      gender educ04 indinc04 index04 met04
                      cmfp04 dash04 ahei04 hbs04 lbs04 dqd04
                      age06 kcal06 carbo06 fat06 protn06 bmi06
                      hwr06 wc06 diasto06 systo06 smoke06
                      educ06 indinc06 index06 met06 cmfp06 dash06
                      ahei06 hbs06 lbs06 dqd06 age09 kcal09 carbo09
                      fat09 protn09 bmi09 hwr09 wc09 diasto09 systo09
                      smoke09 educ09 indinc09 index09 met09 cmfp09
                      dash09 ahei09 hbs09 lbs09 dqd09 age11 kcal11
                      carbo11 fat11 protn11 bmi11 hwr11 wc11 diasto11
                      systo11 smoke11 educ11 indinc11 index11 met11
                      cmfp11 dash11 ahei11 hbs11 lbs11 dqd11 q_index
                       q1 q2 q3 carbo_p protn_p fat_p;

           Usev are  age04 gender kcal04 met04
                     bmi04 bmi06 bmi09 bmi11 smoke04
                     ahei04 ahei06 ahei09 ahei11
                     q1 q2 q3 educ04 systo04 diasto04;


           Missing are all(999);


  ANALYSIS:
  Type=random;

  MODEL:
  age04 gender kcal04 met04 smoke04
  bmi04 bmi06 bmi09 bmi11 educ04 systo04 diasto04
  ahei04 ahei06 ahei09 ahei11 q1 q2 q3;

  ib sb | bmi04@0 bmi06@2 bmi09@5 bmi11@7;
  id sd | ahei04@0 ahei06@2 ahei09@5 ahei11@7;

  ib with sb;
  id with sd;

  ib-sd on q1 q2 q3 age04 gender met04 kcal04 educ04 systo04 diasto04 smoke04;

  OUTPUT: SAMPSTAT cinterval;



INPUT READING TERMINATED NORMALLY




SUMMARY OF ANALYSIS

Number of groups                                                 1
Number of observations                                        9547

Number of dependent variables                                    8
Number of independent variables                                 11
Number of continuous latent variables                            4

Observed dependent variables

  Continuous
   BMI04       BMI06       BMI09       BMI11       AHEI04      AHEI06
   AHEI09      AHEI11

Observed independent variables
   AGE04       GENDER      KCAL04      MET04       SMOKE04     Q1
   Q2          Q3          EDUC04      SYSTO04     DIASTO04

Continuous latent variables
   IB          SB          ID          SD


Estimator                                                      MLR
Information matrix                                        OBSERVED
Maximum number of iterations                                   100
Convergence criterion                                    0.100D-05
Maximum number of EM iterations                                500
Convergence criteria for the EM algorithm
  Loglikelihood change                                   0.100D-02
  Relative loglikelihood change                          0.100D-05
  Derivative                                             0.100D-03
Minimum variance                                         0.100D-03
Maximum number of steepest descent iterations                   20
Maximum number of iterations for H1                           2000
Convergence criterion for H1                             0.100D-03
Optimization algorithm                                         EMA

Input data file(s)
  id0411 mplus.csv
Input data format  FREE


SUMMARY OF DATA

     Number of missing data patterns           248


COVARIANCE COVERAGE OF DATA

Minimum covariance coverage value   0.100


     PROPORTION OF DATA PRESENT


           Covariance Coverage
              BMI04         BMI06         BMI09         BMI11         AHEI04
              ________      ________      ________      ________      ________
 BMI04          0.928
 BMI06          0.690         0.727
 BMI09          0.589         0.537         0.623
 BMI11          0.533         0.483         0.503         0.564
 AHEI04         0.922         0.722         0.619         0.561         0.994
 AHEI06         0.717         0.714         0.556         0.502         0.760
 AHEI09         0.584         0.531         0.591         0.495         0.619
 AHEI11         0.498         0.450         0.467         0.513         0.527
 AGE04          0.928         0.727         0.623         0.564         0.994
 GENDER         0.928         0.727         0.623         0.564         0.994
 KCAL04         0.928         0.727         0.623         0.564         0.994
 MET04          0.848         0.667         0.576         0.523         0.896
 SMOKE04        0.927         0.722         0.619         0.559         0.981
 Q1             0.927         0.726         0.622         0.563         0.993
 Q2             0.927         0.726         0.622         0.563         0.993
 Q3             0.927         0.726         0.622         0.563         0.993
 EDUC04         0.926         0.722         0.618         0.559         0.981
 SYSTO04        0.927         0.698         0.596         0.539         0.932
 DIASTO04       0.927         0.698         0.596         0.539         0.932


           Covariance Coverage
              AHEI06        AHEI09        AHEI11        AGE04         GENDER
              ________      ________      ________      ________      ________
 AHEI06         0.765
 AHEI09         0.556         0.622
 AHEI11         0.469         0.465         0.530
 AGE04          0.765         0.622         0.530         1.000
 GENDER         0.765         0.622         0.530         1.000         1.000
 KCAL04         0.765         0.622         0.530         1.000         1.000
 MET04          0.700         0.574         0.490         0.901         0.901
 SMOKE04        0.760         0.617         0.526         0.988         0.988
 Q1             0.764         0.621         0.529         0.999         0.999
 Q2             0.764         0.621         0.529         0.999         0.999
 Q3             0.764         0.621         0.529         0.999         0.999
 EDUC04         0.760         0.617         0.525         0.987         0.987
 SYSTO04        0.726         0.590         0.504         0.939         0.939
 DIASTO04       0.726         0.590         0.504         0.939         0.939


           Covariance Coverage
              KCAL04        MET04         SMOKE04       Q1            Q2
              ________      ________      ________      ________      ________
 KCAL04         1.000
 MET04          0.901         0.901
 SMOKE04        0.988         0.900         0.988
 Q1             0.999         0.900         0.987         0.999
 Q2             0.999         0.900         0.987         0.999         0.999
 Q3             0.999         0.900         0.987         0.999         0.999
 EDUC04         0.987         0.899         0.986         0.986         0.986
 SYSTO04        0.939         0.857         0.937         0.938         0.938
 DIASTO04       0.939         0.857         0.937         0.938         0.938


           Covariance Coverage
              Q3            EDUC04        SYSTO04       DIASTO04
              ________      ________      ________      ________
 Q3             0.999
 EDUC04         0.986         0.987
 SYSTO04        0.938         0.937         0.939
 DIASTO04       0.938         0.937         0.939         0.939


SAMPLE STATISTICS


     ESTIMATED SAMPLE STATISTICS


           Means
              BMI04         BMI06         BMI09         BMI11         AHEI04
              ________      ________      ________      ________      ________
 1             23.026        23.108        23.295        23.744        38.360


           Means
              AHEI06        AHEI09        AHEI11        AGE04         GENDER
              ________      ________      ________      ________      ________
 1             38.519        38.814        40.425        47.385         1.519


           Means
              KCAL04        MET04         SMOKE04       Q1            Q2
              ________      ________      ________      ________      ________
 1           2188.497       116.453         0.335         0.250         0.250


           Means
              Q3            EDUC04        SYSTO04       DIASTO04
              ________      ________      ________      ________
 1              0.250         1.729       122.080        78.638


           Covariances
              BMI04         BMI06         BMI09         BMI11         AHEI04
              ________      ________      ________      ________      ________
 BMI04         11.313
 BMI06          9.984        12.974
 BMI09          9.716         9.878        11.892
 BMI11          9.104         9.363        10.277        23.838
 AHEI04         0.562         0.389         0.709         0.303        71.620
 AHEI06         0.421         0.602         0.456        -0.181        18.362
 AHEI09         1.615         1.544         1.606         1.596        12.896
 AHEI11         0.191         0.094        -0.161        -0.838         8.814
 AGE04          3.996         1.714        -0.798        -1.756         9.055
 GENDER         0.048         0.048         0.029        -0.013        -0.001
 KCAL04        54.619        96.454        96.207       164.504       685.317
 MET04        -19.498       -11.007        -8.520        -6.330        81.180
 SMOKE04       -0.092        -0.104        -0.104        -0.050         0.023
 Q1            -0.070        -0.071        -0.031        -0.031         0.307
 Q2             0.106         0.127         0.099         0.090        -0.442
 Q3             0.089         0.041         0.033         0.040        -0.550
 EDUC04         0.058         0.054         0.096         0.184        -1.583
 SYSTO04       16.432        14.317        12.027        10.071         2.490
 DIASTO04      10.681         9.730         8.996         8.251        -0.396


           Covariances
              AHEI06        AHEI09        AHEI11        AGE04         GENDER
              ________      ________      ________      ________      ________
 AHEI06        67.320
 AHEI09        14.160        63.808
 AHEI11        10.338        10.455        62.992
 AGE04          3.989         4.865         4.668       235.499
 GENDER        -0.054         0.070         0.074         0.199         0.250
 KCAL04       221.434        -9.657        42.561     -1363.375       -91.666
 MET04         85.985        57.457        54.732      -420.945        -8.111
 SMOKE04        0.123         0.011        -0.052         0.284        -0.150
 Q1             0.165         0.121        -0.027        -0.282        -0.002
 Q2            -0.381        -0.427        -0.171         0.044         0.000
 Q3            -0.414        -0.088        -0.106         0.452         0.003
 EDUC04        -0.836        -0.300        -0.648        -8.215        -0.129
 SYSTO04        3.162         0.479         5.350       117.494        -0.815
 DIASTO04       2.676         0.745         1.537        35.884        -0.691


           Covariances
              KCAL04        MET04         SMOKE04       Q1            Q2
              ________      ________      ________      ________      ________
 KCAL04    458288.862
 MET04      15944.283     12715.685
 SMOKE04       57.575         4.816         0.276
 Q1            13.584         5.214         0.003         0.188
 Q2            -6.227        -5.751         0.001        -0.063         0.188
 Q3           -19.103        -9.872        -0.007        -0.063        -0.062
 EDUC04        78.460        -1.557         0.042        -0.090         0.025
 SYSTO04     -955.127      -277.747         0.674        -0.170         0.393
 DIASTO04    -284.613       -84.894         0.448        -0.067         0.366


           Covariances
              Q3            EDUC04        SYSTO04       DIASTO04
              ________      ________      ________      ________
 Q3             0.188
 EDUC04         0.182         1.755
 SYSTO04        0.345        -3.738       345.119
 DIASTO04      -0.009        -0.819       148.449       126.194


           Correlations
              BMI04         BMI06         BMI09         BMI11         AHEI04
              ________      ________      ________      ________      ________
 BMI04          1.000
 BMI06          0.824         1.000
 BMI09          0.838         0.795         1.000
 BMI11          0.554         0.532         0.610         1.000
 AHEI04         0.020         0.013         0.024         0.007         1.000
 AHEI06         0.015         0.020         0.016        -0.005         0.264
 AHEI09         0.060         0.054         0.058         0.041         0.191
 AHEI11         0.007         0.003        -0.006        -0.022         0.131
 AGE04          0.077         0.031        -0.015        -0.023         0.070
 GENDER         0.028         0.027         0.017        -0.005         0.000
 KCAL04         0.024         0.040         0.041         0.050         0.120
 MET04         -0.051        -0.027        -0.022        -0.011         0.085
 SMOKE04       -0.052        -0.055        -0.057        -0.020         0.005
 Q1            -0.048        -0.045        -0.021        -0.015         0.084
 Q2             0.073         0.081         0.067         0.043        -0.121
 Q3             0.061         0.026         0.022         0.019        -0.150
 EDUC04         0.013         0.011         0.021         0.028        -0.141
 SYSTO04        0.263         0.214         0.188         0.111         0.016
 DIASTO04       0.283         0.240         0.232         0.150        -0.004


           Correlations
              AHEI06        AHEI09        AHEI11        AGE04         GENDER
              ________      ________      ________      ________      ________
 AHEI06         1.000
 AHEI09         0.216         1.000
 AHEI11         0.159         0.165         1.000
 AGE04          0.032         0.040         0.038         1.000
 GENDER        -0.013         0.018         0.019         0.026         1.000
 KCAL04         0.040        -0.002         0.008        -0.131        -0.271
 MET04          0.093         0.064         0.061        -0.243        -0.144
 SMOKE04        0.029         0.003        -0.013         0.035        -0.572
 Q1             0.046         0.035        -0.008        -0.042        -0.009
 Q2            -0.107        -0.123        -0.050         0.007         0.002
 Q3            -0.116        -0.026        -0.031         0.068         0.014
 EDUC04        -0.077        -0.028        -0.062        -0.404        -0.196
 SYSTO04        0.021         0.003         0.036         0.412        -0.088
 DIASTO04       0.029         0.008         0.017         0.208        -0.123


           Correlations
              KCAL04        MET04         SMOKE04       Q1            Q2
              ________      ________      ________      ________      ________
 KCAL04         1.000
 MET04          0.209         1.000
 SMOKE04        0.162         0.081         1.000
 Q1             0.046         0.107         0.014         1.000
 Q2            -0.021        -0.118         0.006        -0.333         1.000
 Q3            -0.065        -0.202        -0.031        -0.333        -0.333
 EDUC04         0.087        -0.010         0.060        -0.158         0.044
 SYSTO04       -0.076        -0.133         0.069        -0.021         0.049
 DIASTO04      -0.037        -0.067         0.076        -0.014         0.075


           Correlations
              Q3            EDUC04        SYSTO04       DIASTO04
              ________      ________      ________      ________
 Q3             1.000
 EDUC04         0.318         1.000
 SYSTO04        0.043        -0.152         1.000
 DIASTO04      -0.002        -0.055         0.711         1.000


     MAXIMUM LOG-LIKELIHOOD VALUE FOR THE UNRESTRICTED (H1) MODEL IS -437808.531


UNIVARIATE SAMPLE STATISTICS


     UNIVARIATE HIGHER-ORDER MOMENT DESCRIPTIVE STATISTICS

         Variable/         Mean/     Skewness/   Minimum/ % with                Percentiles
        Sample Size      Variance    Kurtosis    Maximum  Min/Max      20%/60%    40%/80%    Median

     BMI04                23.021       0.585      12.415    0.01%      20.189     21.861     22.673
            8858.000      11.235       0.546      41.322    0.01%      23.543     25.712
     BMI06                23.179       4.577      13.240    0.01%      20.344     22.042     22.857
            6938.000      12.729     126.919     132.544    0.01%      23.684     25.810
     BMI09                23.342       0.482      13.700    0.02%      20.415     22.215     23.111
            5949.000      11.781       0.401      42.590    0.02%      23.979     26.148
     BMI11                23.797       9.794       4.826    0.02%      20.644     22.491     23.378
            5386.000      23.639     280.882     190.972    0.02%      24.235     26.438
     AHEI04               38.370       0.357       8.200    0.01%      31.005     35.378     37.536
            9486.000      71.610      -0.125      68.771    0.01%      40.089     45.595
     AHEI06               38.587       0.375      12.827    0.01%      31.415     35.628     37.681
            7305.000      67.243      -0.174      72.026    0.01%      40.125     45.743
     AHEI09               38.978       0.396       8.518    0.02%      32.281     36.192     38.127
            5939.000      63.793       0.012      66.601    0.02%      40.284     45.743
     AHEI11               40.589       0.285      18.757    0.02%      33.500     38.034     40.075
            5059.000      62.999      -0.161      72.256    0.02%      42.215     47.481
     AGE04                47.385       0.238      18.000    1.13%      33.000     42.000     47.000
            9547.000     235.499      -0.539      97.000    0.01%      51.000     61.000
     GENDER                1.519      -0.076       1.000   48.11%       1.000      1.000      2.000
            9547.000       0.250      -1.994       2.000   51.89%       2.000      2.000
     KCAL04             2188.497       0.630      50.891    0.01%    1615.771   1974.357   2128.274
            9547.000  458288.862       1.113    6053.592    0.01%    2307.147   2719.569
     MET04               118.186       1.345       0.000    4.03%      20.460     52.675     84.047
            8604.000   12630.885       4.075    1582.256    0.01%     117.500    211.287
     SMOKE04               0.334       3.823       0.000   67.14%       0.000      0.000      0.000
            9429.000       0.276      52.882       9.000    0.07%       0.000      1.000
     Q1                    0.250       1.155       0.000   75.00%       0.000      0.000      0.000
            9539.000       0.188      -0.667       1.000   25.00%       0.000      1.000
     Q2                    0.250       1.155       0.000   75.00%       0.000      0.000      0.000
            9539.000       0.188      -0.667       1.000   25.00%       0.000      1.000
     Q3                    0.250       1.155       0.000   75.01%       0.000      0.000      0.000
            9539.000       0.187      -0.666       1.000   24.99%       0.000      1.000
     EDUC04                1.724       0.539       0.000   21.26%       0.000      1.000      2.000
            9422.000       1.752      -0.205       6.000    0.02%       2.000      3.000
     SYSTO04             122.224       1.153      70.667    0.01%     108.667    117.333    120.000
            8960.000     343.826       2.613     230.000    0.01%     122.000    134.000
     DIASTO04             78.671       0.598      15.000    0.01%      70.000     76.667     79.333
            8960.000     126.092       1.936     141.333    0.01%      80.000     87.333

     THE STANDARD ERRORS OF THE MODEL PARAMETER ESTIMATES MAY NOT BE
     TRUSTWORTHY FOR SOME PARAMETERS DUE TO A NON-POSITIVE DEFINITE
     FIRST-ORDER DERIVATIVE PRODUCT MATRIX.  THIS MAY BE DUE TO THE STARTING
     VALUES BUT MAY ALSO BE AN INDICATION OF MODEL NONIDENTIFICATION.  THE
     CONDITION NUMBER IS      -0.687D-19.  PROBLEM INVOLVING THE FOLLOWING PARAMETER:
     Parameter 143, DIASTO04


THE MODEL ESTIMATION TERMINATED NORMALLY



MODEL FIT INFORMATION

Number of Free Parameters                      143

Loglikelihood

          H0 Value                     -437944.934
          H0 Scaling Correction Factor      9.3584
            for MLR
          H1 Value                     -437808.531
          H1 Scaling Correction Factor      6.7141
            for MLR

Information Criteria

          Akaike (AIC)                  876175.868
          Bayesian (BIC)                877200.317
          Sample-Size Adjusted BIC      876745.885
            (n* = (n + 2) / 24)

Chi-Square Test of Model Fit

          Value                            277.050*
          Degrees of Freedom                    66
          P-Value                           0.0000
          Scaling Correction Factor         0.9847
            for MLR

*   The chi-square value for MLM, MLMV, MLR, ULSMV, WLSM and WLSMV cannot be used
    for chi-square difference testing in the regular way.  MLM, MLR and WLSM
    chi-square difference testing is described on the Mplus website.  MLMV, WLSMV,
    and ULSMV difference testing is done using the DIFFTEST option.

RMSEA (Root Mean Square Error Of Approximation)

          Estimate                           0.018

CFI/TLI

          CFI                                0.968
          TLI                                0.917

Chi-Square Test of Model Fit for the Baseline Model

          Value                           6749.713
          Degrees of Freedom                   171
          P-Value                           0.0000

SRMR (Standardized Root Mean Square Residual)

          Value                              0.011



MODEL RESULTS

                                                    Two-Tailed
                    Estimate       S.E.  Est./S.E.    P-Value

 IB       |
    BMI04              1.000      0.000    999.000    999.000
    BMI06              1.000      0.000    999.000    999.000
    BMI09              1.000      0.000    999.000    999.000
    BMI11              1.000      0.000    999.000    999.000

 SB       |
    BMI04              0.000      0.000    999.000    999.000
    BMI06              2.000      0.000    999.000    999.000
    BMI09              5.000      0.000    999.000    999.000
    BMI11              7.000      0.000    999.000    999.000

 ID       |
    AHEI04             1.000      0.000    999.000    999.000
    AHEI06             1.000      0.000    999.000    999.000
    AHEI09             1.000      0.000    999.000    999.000
    AHEI11             1.000      0.000    999.000    999.000

 SD       |
    AHEI04             0.000      0.000    999.000    999.000
    AHEI06             2.000      0.000    999.000    999.000
    AHEI09             5.000      0.000    999.000    999.000
    AHEI11             7.000      0.000    999.000    999.000

 IB         ON
    Q1                 0.103      0.092      1.116      0.264
    Q2                 0.679      0.098      6.913      0.000
    Q3                 0.651      0.105      6.201      0.000
    AGE04             -0.002      0.003     -0.608      0.543
    GENDER             0.374      0.086      4.371      0.000
    MET04              0.000      0.000      0.298      0.766
    KCAL04             0.000      0.000      6.646      0.000
    EDUC04             0.052      0.031      1.689      0.091
    SYSTO04            0.025      0.003      8.129      0.000
    DIASTO04           0.058      0.005     12.618      0.000
    SMOKE04           -0.359      0.075     -4.775      0.000

 SB         ON
    Q1                 0.012      0.012      0.988      0.323
    Q2                -0.009      0.014     -0.656      0.512
    Q3                -0.036      0.016     -2.309      0.021
    AGE04             -0.004      0.000     -8.537      0.000
    GENDER            -0.035      0.012     -2.839      0.005
    MET04              0.000      0.000     -0.853      0.393
    KCAL04             0.000      0.000      0.593      0.553
    EDUC04            -0.013      0.004     -2.973      0.003
    SYSTO04           -0.001      0.000     -3.434      0.001
    DIASTO04           0.000      0.001     -0.392      0.695
    SMOKE04           -0.014      0.011     -1.251      0.211

 ID         ON
    Q1                -1.583      0.214     -7.398      0.000
    Q2                -4.370      0.224    -19.471      0.000
    Q3                -4.594      0.243    -18.942      0.000
    AGE04              0.043      0.006      6.926      0.000
    GENDER             0.386      0.191      2.021      0.043
    MET04              0.002      0.001      2.433      0.015
    KCAL04             0.001      0.000     10.550      0.000
    EDUC04            -0.153      0.072     -2.114      0.034
    SYSTO04            0.004      0.007      0.562      0.574
    DIASTO04           0.004      0.010      0.405      0.685
    SMOKE04            0.029      0.163      0.178      0.859

 SD         ON
    Q1                 0.059      0.046      1.281      0.200
    Q2                 0.321      0.050      6.426      0.000
    Q3                 0.472      0.056      8.491      0.000
    AGE04             -0.003      0.001     -2.136      0.033
    GENDER             0.019      0.045      0.412      0.680
    MET04              0.000      0.000      2.021      0.043
    KCAL04             0.000      0.000     -7.840      0.000
    EDUC04             0.037      0.017      2.220      0.026
    SYSTO04            0.000      0.001      0.012      0.990
    DIASTO04           0.001      0.002      0.640      0.522
    SMOKE04            0.015      0.041      0.361      0.718

 IB       WITH
    SB                -0.092      0.027     -3.370      0.001

 ID       WITH
    SD                -1.249      0.219     -5.714      0.000
    IB                 1.030      0.239      4.317      0.000
    SB                 0.007      0.033      0.217      0.828

 SD       WITH
    IB                -0.024      0.056     -0.427      0.670
    SB                -0.007      0.007     -0.998      0.318

 GENDER   WITH
    AGE04              0.199      0.078      2.534      0.011

 KCAL04   WITH
    AGE04          -1363.375    109.938    -12.401      0.000
    GENDER           -91.666      3.352    -27.349      0.000

 MET04    WITH
    AGE04           -421.070     17.639    -23.872      0.000
    GENDER            -8.113      0.605    -13.414      0.000
    KCAL04         15950.457    878.522     18.156      0.000

 SMOKE04  WITH
    AGE04              0.284      0.081      3.519      0.000
    GENDER            -0.150      0.002    -65.849      0.000
    KCAL04            57.584      3.570     16.131      0.000
    MET04              4.819      0.652      7.388      0.000

 Q1       WITH
    AGE04             -0.282      0.066     -4.311      0.000
    GENDER            -0.002      0.002     -0.833      0.405
    KCAL04            13.582      3.041      4.467      0.000
    MET04              5.215      0.530      9.843      0.000
    SMOKE04            0.003      0.002      1.468      0.142

 Q2       WITH
    AGE04              0.044      0.069      0.634      0.526
    GENDER             0.000      0.002      0.202      0.840
    KCAL04            -6.224      2.914     -2.136      0.033
    MET04             -5.750      0.479    -12.004      0.000
    SMOKE04            0.001      0.003      0.528      0.598
    Q1                -0.063      0.001    -48.836      0.000

 Q3       WITH
    AGE04              0.452      0.070      6.452      0.000
    GENDER             0.003      0.002      1.323      0.186
    KCAL04           -19.105      2.958     -6.460      0.000
    MET04             -9.873      0.438    -22.546      0.000
    SMOKE04           -0.007      0.002     -3.060      0.002
    Q1                -0.063      0.001    -48.831      0.000
    Q2                -0.062      0.001    -48.814      0.000

 EDUC04   WITH
    AGE04             -8.216      0.213    -38.519      0.000
    GENDER            -0.129      0.007    -19.427      0.000
    KCAL04            78.478      8.971      8.748      0.000
    MET04             -1.552      1.355     -1.145      0.252
    SMOKE04            0.042      0.006      6.490      0.000
    Q1                -0.090      0.005    -17.576      0.000
    Q2                 0.025      0.006      4.269      0.000
    Q3                 0.182      0.007     27.096      0.000

 SYSTO04  WITH
    AGE04            117.507      3.263     36.016      0.000
    GENDER            -0.814      0.097     -8.431      0.000
    KCAL04          -955.561    132.362     -7.219      0.000
    MET04           -277.690     22.024    -12.608      0.000
    SMOKE04            0.674      0.112      6.018      0.000
    Q1                -0.170      0.086     -1.985      0.047
    Q2                 0.393      0.085      4.638      0.000
    Q3                 0.344      0.084      4.116      0.000
    EDUC04            -3.742      0.271    -13.817      0.000

 DIASTO04 WITH
    AGE04             35.891      1.850     19.398      0.000
    GENDER            -0.691      0.059    -11.802      0.000
    KCAL04          -283.882     85.211     -3.332      0.001
    MET04            -84.869     13.621     -6.231      0.000
    SMOKE04            0.448      0.059      7.600      0.000
    Q1                -0.067      0.054     -1.236      0.217
    Q2                 0.366      0.051      7.178      0.000
    Q3                -0.010      0.048     -0.199      0.842
    EDUC04            -0.820      0.158     -5.206      0.000
    SYSTO04          148.446      3.546     41.866      0.000

 Means
    AGE04             47.385      0.157    301.706      0.000
    GENDER             1.519      0.005    297.033      0.000
    KCAL04          2188.497      6.928    315.871      0.000
    MET04            116.454      1.197     97.303      0.000
    SMOKE04            0.335      0.005     61.983      0.000
    Q1                 0.250      0.004     56.386      0.000
    Q2                 0.250      0.004     56.396      0.000
    Q3                 0.250      0.004     56.397      0.000
    EDUC04             1.729      0.014    127.044      0.000
    SYSTO04          122.078      0.193    631.050      0.000
    DIASTO04          78.637      0.118    666.519      0.000

 Intercepts
    BMI04              0.000      0.000    999.000    999.000
    BMI06              0.000      0.000    999.000    999.000
    BMI09              0.000      0.000    999.000    999.000
    BMI11              0.000      0.000    999.000    999.000
    AHEI04             0.000      0.000    999.000    999.000
    AHEI06             0.000      0.000    999.000    999.000
    AHEI09             0.000      0.000    999.000    999.000
    AHEI11             0.000      0.000    999.000    999.000
    IB                13.812      0.381     36.218      0.000
    SB                 0.509      0.055      9.188      0.000
    ID                34.736      0.842     41.230      0.000
    SD                 0.405      0.196      2.067      0.039

 Variances
    AGE04            235.499      2.913     80.832      0.000
    GENDER             0.250      0.000   1291.078      0.000
    KCAL04         *********   8275.760     55.377      0.000
    MET04          12716.438    337.294     37.701      0.000
    SMOKE04            0.276      0.021     13.107      0.000
    Q1                 0.188      0.002     84.584      0.000
    Q2                 0.188      0.002     84.596      0.000
    Q3                 0.188      0.002     84.552      0.000
    EDUC04             1.755      0.024     72.439      0.000
    SYSTO04          345.120      7.845     43.994      0.000
    DIASTO04         126.190      2.647     47.680      0.000

 Residual Variances
    BMI04              0.972      0.127      7.665      0.000
    BMI06              3.131      1.765      1.774      0.076
    BMI09              1.534      0.089     17.237      0.000
    BMI11             13.574      5.844      2.323      0.020
    AHEI04            49.280      1.329     37.080      0.000
    AHEI06            51.227      1.022     50.119      0.000
    AHEI09            52.251      1.165     44.849      0.000
    AHEI11            52.763      1.710     30.852      0.000
    IB                 9.112      0.203     44.828      0.000
    SB                 0.046      0.004     10.467      0.000
    ID                16.779      1.132     14.818      0.000
    SD                 0.223      0.056      4.019      0.000


QUALITY OF NUMERICAL RESULTS

     Condition Number for the Information Matrix             -0.687E-19
       (ratio of smallest to largest eigenvalue)


CONFIDENCE INTERVALS OF MODEL RESULTS

                  Lower .5%  Lower 2.5%    Lower 5%    Estimate    Upper 5%  Upper 2.5%   Upper .5%

 IB       |
    BMI04            1.000       1.000       1.000       1.000       1.000       1.000       1.000
    BMI06            1.000       1.000       1.000       1.000       1.000       1.000       1.000
    BMI09            1.000       1.000       1.000       1.000       1.000       1.000       1.000
    BMI11            1.000       1.000       1.000       1.000       1.000       1.000       1.000

 SB       |
    BMI04            0.000       0.000       0.000       0.000       0.000       0.000       0.000
    BMI06            2.000       2.000       2.000       2.000       2.000       2.000       2.000
    BMI09            5.000       5.000       5.000       5.000       5.000       5.000       5.000
    BMI11            7.000       7.000       7.000       7.000       7.000       7.000       7.000

 ID       |
    AHEI04           1.000       1.000       1.000       1.000       1.000       1.000       1.000
    AHEI06           1.000       1.000       1.000       1.000       1.000       1.000       1.000
    AHEI09           1.000       1.000       1.000       1.000       1.000       1.000       1.000
    AHEI11           1.000       1.000       1.000       1.000       1.000       1.000       1.000

 SD       |
    AHEI04           0.000       0.000       0.000       0.000       0.000       0.000       0.000
    AHEI06           2.000       2.000       2.000       2.000       2.000       2.000       2.000
    AHEI09           5.000       5.000       5.000       5.000       5.000       5.000       5.000
    AHEI11           7.000       7.000       7.000       7.000       7.000       7.000       7.000

 IB       ON
    Q1              -0.135      -0.078      -0.049       0.103       0.255       0.284       0.340
    Q2               0.426       0.487       0.518       0.679       0.841       0.872       0.932
    Q3               0.380       0.445       0.478       0.651       0.823       0.856       0.921
    AGE04           -0.009      -0.007      -0.006      -0.002       0.003       0.004       0.005
    GENDER           0.154       0.207       0.234       0.374       0.515       0.542       0.595
    MET04           -0.001      -0.001       0.000       0.000       0.001       0.001       0.001
    KCAL04           0.000       0.000       0.000       0.000       0.000       0.000       0.000
    EDUC04          -0.027      -0.008       0.001       0.052       0.102       0.112       0.131
    SYSTO04          0.017       0.019       0.020       0.025       0.030       0.031       0.033
    DIASTO04         0.046       0.049       0.051       0.058       0.066       0.067       0.070
    SMOKE04         -0.553      -0.507      -0.483      -0.359      -0.236      -0.212      -0.166

 SB       ON
    Q1              -0.020      -0.012      -0.008       0.012       0.033       0.036       0.044
    Q2              -0.046      -0.038      -0.033      -0.009       0.014       0.019       0.028
    Q3              -0.077      -0.067      -0.062      -0.036      -0.010      -0.005       0.004
    AGE04           -0.005      -0.004      -0.004      -0.004      -0.003      -0.003      -0.003
    GENDER          -0.067      -0.060      -0.056      -0.035      -0.015      -0.011      -0.003
    MET04            0.000       0.000       0.000       0.000       0.000       0.000       0.000
    KCAL04           0.000       0.000       0.000       0.000       0.000       0.000       0.000
    EDUC04          -0.024      -0.021      -0.020      -0.013      -0.006      -0.004      -0.002
    SYSTO04         -0.002      -0.002      -0.002      -0.001      -0.001      -0.001       0.000
    DIASTO04        -0.002      -0.001      -0.001       0.000       0.001       0.001       0.001
    SMOKE04         -0.044      -0.037      -0.033      -0.014       0.004       0.008       0.015

 ID       ON
    Q1              -2.135      -2.003      -1.935      -1.583      -1.231      -1.164      -1.032
    Q2              -4.948      -4.810      -4.739      -4.370      -4.001      -3.930      -3.792
    Q3              -5.218      -5.069      -4.993      -4.594      -4.195      -4.118      -3.969
    AGE04            0.027       0.031       0.033       0.043       0.054       0.056       0.059
    GENDER          -0.106       0.012       0.072       0.386       0.701       0.761       0.879
    MET04            0.000       0.000       0.001       0.002       0.003       0.004       0.004
    KCAL04           0.001       0.001       0.001       0.001       0.001       0.001       0.002
    EDUC04          -0.339      -0.294      -0.272      -0.153      -0.034      -0.011       0.033
    SYSTO04         -0.013      -0.009      -0.007       0.004       0.015       0.017       0.021
    DIASTO04        -0.021      -0.015      -0.012       0.004       0.020       0.023       0.029
    SMOKE04         -0.392      -0.291      -0.240       0.029       0.298       0.349       0.450

 SD       ON
    Q1              -0.060      -0.031      -0.017       0.059       0.135       0.150       0.178
    Q2               0.192       0.223       0.239       0.321       0.403       0.419       0.450
    Q3               0.329       0.363       0.381       0.472       0.564       0.582       0.616
    AGE04           -0.007      -0.006      -0.006      -0.003      -0.001       0.000       0.001
    GENDER          -0.098      -0.070      -0.056       0.019       0.093       0.108       0.136
    MET04            0.000       0.000       0.000       0.000       0.001       0.001       0.001
    KCAL04           0.000       0.000       0.000       0.000       0.000       0.000       0.000
    EDUC04          -0.006       0.004       0.010       0.037       0.064       0.070       0.080
    SYSTO04         -0.004      -0.003      -0.002       0.000       0.002       0.003       0.004
    DIASTO04        -0.004      -0.003      -0.002       0.001       0.005       0.006       0.007
    SMOKE04         -0.090      -0.065      -0.052       0.015       0.081       0.094       0.119

 IB       WITH
    SB              -0.162      -0.145      -0.137      -0.092      -0.047      -0.038      -0.022

 ID       WITH
    SD              -1.811      -1.677      -1.608      -1.249      -0.889      -0.820      -0.686
    IB               0.415       0.562       0.637       1.030       1.422       1.497       1.644
    SB              -0.079      -0.058      -0.048       0.007       0.062       0.072       0.093

 SD       WITH
    IB              -0.167      -0.133      -0.115      -0.024       0.068       0.085       0.120
    SB              -0.025      -0.020      -0.018      -0.007       0.004       0.007       0.011

 GENDER   WITH
    AGE04           -0.003       0.045       0.070       0.199       0.328       0.352       0.401

 KCAL04   WITH
    AGE04        -1646.553   -1578.854   -1544.223   -1363.375   -1182.526   -1147.896   -1080.196
    GENDER        -100.299     -98.235     -97.179     -91.666     -86.152     -85.097     -83.033

 MET04    WITH
    AGE04         -466.504    -455.642    -450.086    -421.070    -392.054    -386.497    -375.635
    GENDER          -9.670      -9.298      -9.108      -8.113      -7.118      -6.927      -6.555
    KCAL04       13687.561   14228.554   14505.288   15950.457   17395.625   17672.359   18213.354

 SMOKE04  WITH
    AGE04            0.076       0.126       0.151       0.284       0.417       0.442       0.492
    GENDER          -0.156      -0.155      -0.154      -0.150      -0.147      -0.146      -0.144
    KCAL04          48.390      50.588      51.712      57.584      63.456      64.581      66.779
    MET04            3.139       3.540       3.746       4.819       5.892       6.097       6.499

 Q1       WITH
    AGE04           -0.451      -0.411      -0.390      -0.282      -0.175      -0.154      -0.114
    GENDER          -0.008      -0.006      -0.005      -0.002       0.002       0.002       0.004
    KCAL04           5.749       7.622       8.580      13.582      18.584      19.542      21.414
    MET04            3.850       4.176       4.343       5.215       6.086       6.253       6.579
    SMOKE04         -0.002      -0.001       0.000       0.003       0.007       0.008       0.009

 Q2       WITH
    AGE04           -0.135      -0.092      -0.070       0.044       0.158       0.180       0.223
    GENDER          -0.005      -0.004      -0.003       0.000       0.004       0.005       0.006
    KCAL04         -13.729     -11.935     -11.017      -6.224      -1.431      -0.513       1.282
    MET04           -6.983      -6.689      -6.538      -5.750      -4.962      -4.811      -4.516
    SMOKE04         -0.005      -0.004      -0.003       0.001       0.005       0.006       0.008
    Q1              -0.066      -0.065      -0.065      -0.063      -0.060      -0.060      -0.059

 Q3       WITH
    AGE04            0.271       0.315       0.337       0.452       0.567       0.589       0.632
    GENDER          -0.003      -0.001      -0.001       0.003       0.007       0.007       0.009
    KCAL04         -26.723     -24.902     -23.970     -19.105     -14.240     -13.308     -11.487
    MET04          -11.001     -10.732     -10.594      -9.873      -9.153      -9.015      -8.745
    SMOKE04         -0.013      -0.012      -0.011      -0.007      -0.003      -0.003      -0.001
    Q1              -0.066      -0.065      -0.065      -0.063      -0.060      -0.060      -0.059
    Q2              -0.066      -0.065      -0.065      -0.062      -0.060      -0.060      -0.059

 EDUC04   WITH
    AGE04           -8.765      -8.634      -8.567      -8.216      -7.865      -7.798      -7.667
    GENDER          -0.147      -0.142      -0.140      -0.129      -0.118      -0.116      -0.112
    KCAL04          55.371      60.895      63.721      78.478      93.235      96.061     101.586
    MET04           -5.043      -4.209      -3.782      -1.552       0.677       1.104       1.939
    SMOKE04          0.025       0.029       0.031       0.042       0.052       0.054       0.058
    Q1              -0.104      -0.100      -0.099      -0.090      -0.082      -0.080      -0.077
    Q2               0.010       0.014       0.016       0.025       0.035       0.037       0.041
    Q3               0.165       0.169       0.171       0.182       0.194       0.196       0.200

 SYSTO04  WITH
    AGE04          109.103     111.112     112.140     117.507     122.874     123.902     125.911
    GENDER          -1.062      -1.003      -0.973      -0.814      -0.655      -0.625      -0.565
    KCAL04       -1296.499   -1214.991   -1173.297    -955.561    -737.825    -696.130    -614.622
    MET04         -334.420    -320.858    -313.920    -277.690    -241.460    -234.522    -220.959
    SMOKE04          0.386       0.454       0.490       0.674       0.858       0.893       0.962
    Q1              -0.391      -0.338      -0.311      -0.170      -0.029      -0.002       0.051
    Q2               0.175       0.227       0.254       0.393       0.532       0.559       0.611
    Q3               0.129       0.180       0.206       0.344       0.481       0.508       0.559
    EDUC04          -4.440      -4.273      -4.188      -3.742      -3.297      -3.211      -3.045

 DIASTO04 WITH
    AGE04           31.125      32.264      32.847      35.891      38.934      39.517      40.657
    GENDER          -0.842      -0.806      -0.787      -0.691      -0.595      -0.576      -0.540
    KCAL04        -503.369    -450.896    -424.054    -283.882    -143.711    -116.869     -64.396
    MET04         -119.955    -111.567    -107.276     -84.869     -62.461     -58.171     -49.783
    SMOKE04          0.296       0.332       0.351       0.448       0.545       0.563       0.600
    Q1              -0.207      -0.174      -0.157      -0.067       0.022       0.039       0.073
    Q2               0.235       0.266       0.282       0.366       0.450       0.466       0.497
    Q3              -0.134      -0.104      -0.089      -0.010       0.070       0.085       0.115
    EDUC04          -1.226      -1.129      -1.080      -0.820      -0.561      -0.512      -0.414
    SYSTO04        139.313     141.496     142.613     148.446     154.278     155.395     157.579

 Means
    AGE04           46.981      47.078      47.127      47.385      47.644      47.693      47.790
    GENDER           1.506       1.509       1.510       1.519       1.527       1.529       1.532
    KCAL04        2170.651    2174.917    2177.100    2188.497    2199.894    2202.077    2206.343
    MET04          113.371     114.108     114.485     116.454     118.423     118.800     119.537
    SMOKE04          0.321       0.324       0.326       0.335       0.344       0.345       0.349
    Q1               0.239       0.241       0.243       0.250       0.257       0.259       0.261
    Q2               0.239       0.241       0.243       0.250       0.257       0.259       0.261
    Q3               0.239       0.241       0.243       0.250       0.257       0.259       0.262
    EDUC04           1.694       1.702       1.707       1.729       1.751       1.756       1.764
    SYSTO04        121.579     121.698     121.759     122.078     122.396     122.457     122.576
    DIASTO04        78.334      78.406      78.443      78.637      78.832      78.869      78.941

 Intercepts
    BMI04            0.000       0.000       0.000       0.000       0.000       0.000       0.000
    BMI06            0.000       0.000       0.000       0.000       0.000       0.000       0.000
    BMI09            0.000       0.000       0.000       0.000       0.000       0.000       0.000
    BMI11            0.000       0.000       0.000       0.000       0.000       0.000       0.000
    AHEI04           0.000       0.000       0.000       0.000       0.000       0.000       0.000
    AHEI06           0.000       0.000       0.000       0.000       0.000       0.000       0.000
    AHEI09           0.000       0.000       0.000       0.000       0.000       0.000       0.000
    AHEI11           0.000       0.000       0.000       0.000       0.000       0.000       0.000
    IB              12.829      13.064      13.184      13.812      14.439      14.559      14.794
    SB               0.367       0.401       0.418       0.509       0.601       0.618       0.652
    ID              32.565      33.084      33.350      34.736      36.121      36.387      36.906
    SD              -0.100       0.021       0.083       0.405       0.728       0.790       0.911

 Variances
    AGE04          227.994     229.789     230.706     235.499     240.291     241.209     243.003
    GENDER           0.249       0.249       0.249       0.250       0.250       0.250       0.250
    KCAL04       *********  442068.375  444675.250  458288.875  471902.500  474509.375  479605.562
    MET04        11847.636   12055.341   12161.589   12716.438   13271.286   13377.534   13585.239
    SMOKE04          0.222       0.235       0.241       0.276       0.311       0.317       0.330
    Q1               0.182       0.183       0.184       0.188       0.191       0.192       0.193
    Q2               0.182       0.183       0.184       0.188       0.191       0.192       0.193
    Q3               0.182       0.183       0.184       0.188       0.191       0.192       0.193
    EDUC04           1.693       1.708       1.715       1.755       1.795       1.803       1.818
    SYSTO04        324.914     329.745     332.216     345.120     358.025     360.496     365.326
    DIASTO04       119.373     121.003     121.837     126.190     130.544     131.378     133.008

 Residual Variances
    BMI04            0.646       0.724       0.764       0.972       1.181       1.221       1.299
    BMI06           -1.414      -0.328       0.228       3.131       6.033       6.589       7.676
    BMI09            1.305       1.360       1.388       1.534       1.680       1.708       1.763
    BMI11           -1.479       2.120       3.961      13.574      23.188      25.029      28.627
    AHEI04          45.857      46.676      47.094      49.280      51.467      51.885      52.704
    AHEI06          48.594      49.223      49.545      51.227      52.908      53.230      53.859
    AHEI09          49.250      49.968      50.335      52.251      54.168      54.535      55.252
    AHEI11          48.358      49.411      49.950      52.763      55.576      56.115      57.168
    IB               8.589       8.714       8.778       9.112       9.446       9.511       9.636
    SB               0.035       0.037       0.039       0.046       0.053       0.054       0.057
    ID              13.862      14.559      14.916      16.779      18.641      18.998      19.695
    SD               0.080       0.114       0.132       0.223       0.315       0.332       0.366


TECHNICAL 1 OUTPUT


     PARAMETER SPECIFICATION


           NU
              BMI04         BMI06         BMI09         BMI11         AHEI04
              ________      ________      ________      ________      ________
 1                  0             0             0             0             0


           NU
              AHEI06        AHEI09        AHEI11        AGE04         GENDER
              ________      ________      ________      ________      ________
 1                  0             0             0             0             0


           NU
              KCAL04        MET04         SMOKE04       Q1            Q2
              ________      ________      ________      ________      ________
 1                  0             0             0             0             0


           NU
              Q3            EDUC04        SYSTO04       DIASTO04
              ________      ________      ________      ________
 1                  0             0             0             0


           LAMBDA
              IB            SB            ID            SD            AGE04
              ________      ________      ________      ________      ________
 BMI04              0             0             0             0             0
 BMI06              0             0             0             0             0
 BMI09              0             0             0             0             0
 BMI11              0             0             0             0             0
 AHEI04             0             0             0             0             0
 AHEI06             0             0             0             0             0
 AHEI09             0             0             0             0             0
 AHEI11             0             0             0             0             0
 AGE04              0             0             0             0             0
 GENDER             0             0             0             0             0
 KCAL04             0             0             0             0             0
 MET04              0             0             0             0             0
 SMOKE04            0             0             0             0             0
 Q1                 0             0             0             0             0
 Q2                 0             0             0             0             0
 Q3                 0             0             0             0             0
 EDUC04             0             0             0             0             0
 SYSTO04            0             0             0             0             0
 DIASTO04           0             0             0             0             0


           LAMBDA
              GENDER        KCAL04        MET04         SMOKE04       Q1
              ________      ________      ________      ________      ________
 BMI04              0             0             0             0             0
 BMI06              0             0             0             0             0
 BMI09              0             0             0             0             0
 BMI11              0             0             0             0             0
 AHEI04             0             0             0             0             0
 AHEI06             0             0             0             0             0
 AHEI09             0             0             0             0             0
 AHEI11             0             0             0             0             0
 AGE04              0             0             0             0             0
 GENDER             0             0             0             0             0
 KCAL04             0             0             0             0             0
 MET04              0             0             0             0             0
 SMOKE04            0             0             0             0             0
 Q1                 0             0             0             0             0
 Q2                 0             0             0             0             0
 Q3                 0             0             0             0             0
 EDUC04             0             0             0             0             0
 SYSTO04            0             0             0             0             0
 DIASTO04           0             0             0             0             0


           LAMBDA
              Q2            Q3            EDUC04        SYSTO04       DIASTO04
              ________      ________      ________      ________      ________
 BMI04              0             0             0             0             0
 BMI06              0             0             0             0             0
 BMI09              0             0             0             0             0
 BMI11              0             0             0             0             0
 AHEI04             0             0             0             0             0
 AHEI06             0             0             0             0             0
 AHEI09             0             0             0             0             0
 AHEI11             0             0             0             0             0
 AGE04              0             0             0             0             0
 GENDER             0             0             0             0             0
 KCAL04             0             0             0             0             0
 MET04              0             0             0             0             0
 SMOKE04            0             0             0             0             0
 Q1                 0             0             0             0             0
 Q2                 0             0             0             0             0
 Q3                 0             0             0             0             0
 EDUC04             0             0             0             0             0
 SYSTO04            0             0             0             0             0
 DIASTO04           0             0             0             0             0


           THETA
              BMI04         BMI06         BMI09         BMI11         AHEI04
              ________      ________      ________      ________      ________
 BMI04              1
 BMI06              0             2
 BMI09              0             0             3
 BMI11              0             0             0             4
 AHEI04             0             0             0             0             5
 AHEI06             0             0             0             0             0
 AHEI09             0             0             0             0             0
 AHEI11             0             0             0             0             0
 AGE04              0             0             0             0             0
 GENDER             0             0             0             0             0
 KCAL04             0             0             0             0             0
 MET04              0             0             0             0             0
 SMOKE04            0             0             0             0             0
 Q1                 0             0             0             0             0
 Q2                 0             0             0             0             0
 Q3                 0             0             0             0             0
 EDUC04             0             0             0             0             0
 SYSTO04            0             0             0             0             0
 DIASTO04           0             0             0             0             0


           THETA
              AHEI06        AHEI09        AHEI11        AGE04         GENDER
              ________      ________      ________      ________      ________
 AHEI06             6
 AHEI09             0             7
 AHEI11             0             0             8
 AGE04              0             0             0             0
 GENDER             0             0             0             0             0
 KCAL04             0             0             0             0             0
 MET04              0             0             0             0             0
 SMOKE04            0             0             0             0             0
 Q1                 0             0             0             0             0
 Q2                 0             0             0             0             0
 Q3                 0             0             0             0             0
 EDUC04             0             0             0             0             0
 SYSTO04            0             0             0             0             0
 DIASTO04           0             0             0             0             0


           THETA
              KCAL04        MET04         SMOKE04       Q1            Q2
              ________      ________      ________      ________      ________
 KCAL04             0
 MET04              0             0
 SMOKE04            0             0             0
 Q1                 0             0             0             0
 Q2                 0             0             0             0             0
 Q3                 0             0             0             0             0
 EDUC04             0             0             0             0             0
 SYSTO04            0             0             0             0             0
 DIASTO04           0             0             0             0             0


           THETA
              Q3            EDUC04        SYSTO04       DIASTO04
              ________      ________      ________      ________
 Q3                 0
 EDUC04             0             0
 SYSTO04            0             0             0
 DIASTO04           0             0             0             0


           ALPHA
              IB            SB            ID            SD            AGE04
              ________      ________      ________      ________      ________
 1                  9            10            11            12            13


           ALPHA
              GENDER        KCAL04        MET04         SMOKE04       Q1
              ________      ________      ________      ________      ________
 1                 14            15            16            17            18


           ALPHA
              Q2            Q3            EDUC04        SYSTO04       DIASTO04
              ________      ________      ________      ________      ________
 1                 19            20            21            22            23


           BETA
              IB            SB            ID            SD            AGE04
              ________      ________      ________      ________      ________
 IB                 0             0             0             0            24
 SB                 0             0             0             0            35
 ID                 0             0             0             0            46
 SD                 0             0             0             0            57
 AGE04              0             0             0             0             0
 GENDER             0             0             0             0             0
 KCAL04             0             0             0             0             0
 MET04              0             0             0             0             0
 SMOKE04            0             0             0             0             0
 Q1                 0             0             0             0             0
 Q2                 0             0             0             0             0
 Q3                 0             0             0             0             0
 EDUC04             0             0             0             0             0
 SYSTO04            0             0             0             0             0
 DIASTO04           0             0             0             0             0


           BETA
              GENDER        KCAL04        MET04         SMOKE04       Q1
              ________      ________      ________      ________      ________
 IB                25            26            27            28            29
 SB                36            37            38            39            40
 ID                47            48            49            50            51
 SD                58            59            60            61            62
 AGE04              0             0             0             0             0
 GENDER             0             0             0             0             0
 KCAL04             0             0             0             0             0
 MET04              0             0             0             0             0
 SMOKE04            0             0             0             0             0
 Q1                 0             0             0             0             0
 Q2                 0             0             0             0             0
 Q3                 0             0             0             0             0
 EDUC04             0             0             0             0             0
 SYSTO04            0             0             0             0             0
 DIASTO04           0             0             0             0             0


           BETA
              Q2            Q3            EDUC04        SYSTO04       DIASTO04
              ________      ________      ________      ________      ________
 IB                30            31            32            33            34
 SB                41            42            43            44            45
 ID                52            53            54            55            56
 SD                63            64            65            66            67
 AGE04              0             0             0             0             0
 GENDER             0             0             0             0             0
 KCAL04             0             0             0             0             0
 MET04              0             0             0             0             0
 SMOKE04            0             0             0             0             0
 Q1                 0             0             0             0             0
 Q2                 0             0             0             0             0
 Q3                 0             0             0             0             0
 EDUC04             0             0             0             0             0
 SYSTO04            0             0             0             0             0
 DIASTO04           0             0             0             0             0


           PSI
              IB            SB            ID            SD            AGE04
              ________      ________      ________      ________      ________
 IB                68
 SB                69            70
 ID                71            72            73
 SD                74            75            76            77
 AGE04              0             0             0             0            78
 GENDER             0             0             0             0            79
 KCAL04             0             0             0             0            81
 MET04              0             0             0             0            84
 SMOKE04            0             0             0             0            88
 Q1                 0             0             0             0            93
 Q2                 0             0             0             0            99
 Q3                 0             0             0             0           106
 EDUC04             0             0             0             0           114
 SYSTO04            0             0             0             0           123
 DIASTO04           0             0             0             0           133


           PSI
              GENDER        KCAL04        MET04         SMOKE04       Q1
              ________      ________      ________      ________      ________
 GENDER            80
 KCAL04            82            83
 MET04             85            86            87
 SMOKE04           89            90            91            92
 Q1                94            95            96            97            98
 Q2               100           101           102           103           104
 Q3               107           108           109           110           111
 EDUC04           115           116           117           118           119
 SYSTO04          124           125           126           127           128
 DIASTO04         134           135           136           137           138


           PSI
              Q2            Q3            EDUC04        SYSTO04       DIASTO04
              ________      ________      ________      ________      ________
 Q2               105
 Q3               112           113
 EDUC04           120           121           122
 SYSTO04          129           130           131           132
 DIASTO04         139           140           141           142           143


     STARTING VALUES


           NU
              BMI04         BMI06         BMI09         BMI11         AHEI04
              ________      ________      ________      ________      ________
 1              0.000         0.000         0.000         0.000         0.000


           NU
              AHEI06        AHEI09        AHEI11        AGE04         GENDER
              ________      ________      ________      ________      ________
 1              0.000         0.000         0.000         0.000         0.000


           NU
              KCAL04        MET04         SMOKE04       Q1            Q2
              ________      ________      ________      ________      ________
 1              0.000         0.000         0.000         0.000         0.000


           NU
              Q3            EDUC04        SYSTO04       DIASTO04
              ________      ________      ________      ________
 1              0.000         0.000         0.000         0.000


           LAMBDA
              IB            SB            ID            SD            AGE04
              ________      ________      ________      ________      ________
 BMI04          1.000         0.000         0.000         0.000         0.000
 BMI06          1.000         2.000         0.000         0.000         0.000
 BMI09          1.000         5.000         0.000         0.000         0.000
 BMI11          1.000         7.000         0.000         0.000         0.000
 AHEI04         0.000         0.000         1.000         0.000         0.000
 AHEI06         0.000         0.000         1.000         2.000         0.000
 AHEI09         0.000         0.000         1.000         5.000         0.000
 AHEI11         0.000         0.000         1.000         7.000         0.000
 AGE04          0.000         0.000         0.000         0.000         1.000
 GENDER         0.000         0.000         0.000         0.000         0.000
 KCAL04         0.000         0.000         0.000         0.000         0.000
 MET04          0.000         0.000         0.000         0.000         0.000
 SMOKE04        0.000         0.000         0.000         0.000         0.000
 Q1             0.000         0.000         0.000         0.000         0.000
 Q2             0.000         0.000         0.000         0.000         0.000
 Q3             0.000         0.000         0.000         0.000         0.000
 EDUC04         0.000         0.000         0.000         0.000         0.000
 SYSTO04        0.000         0.000         0.000         0.000         0.000
 DIASTO04       0.000         0.000         0.000         0.000         0.000


           LAMBDA
              GENDER        KCAL04        MET04         SMOKE04       Q1
              ________      ________      ________      ________      ________
 BMI04          0.000         0.000         0.000         0.000         0.000
 BMI06          0.000         0.000         0.000         0.000         0.000
 BMI09          0.000         0.000         0.000         0.000         0.000
 BMI11          0.000         0.000         0.000         0.000         0.000
 AHEI04         0.000         0.000         0.000         0.000         0.000
 AHEI06         0.000         0.000         0.000         0.000         0.000
 AHEI09         0.000         0.000         0.000         0.000         0.000
 AHEI11         0.000         0.000         0.000         0.000         0.000
 AGE04          0.000         0.000         0.000         0.000         0.000
 GENDER         1.000         0.000         0.000         0.000         0.000
 KCAL04         0.000         1.000         0.000         0.000         0.000
 MET04          0.000         0.000         1.000         0.000         0.000
 SMOKE04        0.000         0.000         0.000         1.000         0.000
 Q1             0.000         0.000         0.000         0.000         1.000
 Q2             0.000         0.000         0.000         0.000         0.000
 Q3             0.000         0.000         0.000         0.000         0.000
 EDUC04         0.000         0.000         0.000         0.000         0.000
 SYSTO04        0.000         0.000         0.000         0.000         0.000
 DIASTO04       0.000         0.000         0.000         0.000         0.000


           LAMBDA
              Q2            Q3            EDUC04        SYSTO04       DIASTO04
              ________      ________      ________      ________      ________
 BMI04          0.000         0.000         0.000         0.000         0.000
 BMI06          0.000         0.000         0.000         0.000         0.000
 BMI09          0.000         0.000         0.000         0.000         0.000
 BMI11          0.000         0.000         0.000         0.000         0.000
 AHEI04         0.000         0.000         0.000         0.000         0.000
 AHEI06         0.000         0.000         0.000         0.000         0.000
 AHEI09         0.000         0.000         0.000         0.000         0.000
 AHEI11         0.000         0.000         0.000         0.000         0.000
 AGE04          0.000         0.000         0.000         0.000         0.000
 GENDER         0.000         0.000         0.000         0.000         0.000
 KCAL04         0.000         0.000         0.000         0.000         0.000
 MET04          0.000         0.000         0.000         0.000         0.000
 SMOKE04        0.000         0.000         0.000         0.000         0.000
 Q1             0.000         0.000         0.000         0.000         0.000
 Q2             1.000         0.000         0.000         0.000         0.000
 Q3             0.000         1.000         0.000         0.000         0.000
 EDUC04         0.000         0.000         1.000         0.000         0.000
 SYSTO04        0.000         0.000         0.000         1.000         0.000
 DIASTO04       0.000         0.000         0.000         0.000         1.000


           THETA
              BMI04         BMI06         BMI09         BMI11         AHEI04
              ________      ________      ________      ________      ________
 BMI04          5.617
 BMI06          0.000         6.364
 BMI09          0.000         0.000         5.891
 BMI11          0.000         0.000         0.000        11.820
 AHEI04         0.000         0.000         0.000         0.000        35.805
 AHEI06         0.000         0.000         0.000         0.000         0.000
 AHEI09         0.000         0.000         0.000         0.000         0.000
 AHEI11         0.000         0.000         0.000         0.000         0.000
 AGE04          0.000         0.000         0.000         0.000         0.000
 GENDER         0.000         0.000         0.000         0.000         0.000
 KCAL04         0.000         0.000         0.000         0.000         0.000
 MET04          0.000         0.000         0.000         0.000         0.000
 SMOKE04        0.000         0.000         0.000         0.000         0.000
 Q1             0.000         0.000         0.000         0.000         0.000
 Q2             0.000         0.000         0.000         0.000         0.000
 Q3             0.000         0.000         0.000         0.000         0.000
 EDUC04         0.000         0.000         0.000         0.000         0.000
 SYSTO04        0.000         0.000         0.000         0.000         0.000
 DIASTO04       0.000         0.000         0.000         0.000         0.000


           THETA
              AHEI06        AHEI09        AHEI11        AGE04         GENDER
              ________      ________      ________      ________      ________
 AHEI06        33.621
 AHEI09         0.000        31.897
 AHEI11         0.000         0.000        31.500
 AGE04          0.000         0.000         0.000         0.000
 GENDER         0.000         0.000         0.000         0.000         0.000
 KCAL04         0.000         0.000         0.000         0.000         0.000
 MET04          0.000         0.000         0.000         0.000         0.000
 SMOKE04        0.000         0.000         0.000         0.000         0.000
 Q1             0.000         0.000         0.000         0.000         0.000
 Q2             0.000         0.000         0.000         0.000         0.000
 Q3             0.000         0.000         0.000         0.000         0.000
 EDUC04         0.000         0.000         0.000         0.000         0.000
 SYSTO04        0.000         0.000         0.000         0.000         0.000
 DIASTO04       0.000         0.000         0.000         0.000         0.000


           THETA
              KCAL04        MET04         SMOKE04       Q1            Q2
              ________      ________      ________      ________      ________
 KCAL04         0.000
 MET04          0.000         0.000
 SMOKE04        0.000         0.000         0.000
 Q1             0.000         0.000         0.000         0.000
 Q2             0.000         0.000         0.000         0.000         0.000
 Q3             0.000         0.000         0.000         0.000         0.000
 EDUC04         0.000         0.000         0.000         0.000         0.000
 SYSTO04        0.000         0.000         0.000         0.000         0.000
 DIASTO04       0.000         0.000         0.000         0.000         0.000


           THETA
              Q3            EDUC04        SYSTO04       DIASTO04
              ________      ________      ________      ________
 Q3             0.000
 EDUC04         0.000         0.000
 SYSTO04        0.000         0.000         0.000
 DIASTO04       0.000         0.000         0.000         0.000


           ALPHA
              IB            SB            ID            SD            AGE04
              ________      ________      ________      ________      ________
 1             23.091         0.035        37.845         0.202        47.385


           ALPHA
              GENDER        KCAL04        MET04         SMOKE04       Q1
              ________      ________      ________      ________      ________
 1              1.519      2188.497       118.186         0.334         0.250


           ALPHA
              Q2            Q3            EDUC04        SYSTO04       DIASTO04
              ________      ________      ________      ________      ________
 1              0.250         0.250         1.724       122.224        78.671


           BETA
              IB            SB            ID            SD            AGE04
              ________      ________      ________      ________      ________
 IB             0.000         0.000         0.000         0.000         0.000
 SB             0.000         0.000         0.000         0.000         0.000
 ID             0.000         0.000         0.000         0.000         0.000
 SD             0.000         0.000         0.000         0.000         0.000
 AGE04          0.000         0.000         0.000         0.000         0.000
 GENDER         0.000         0.000         0.000         0.000         0.000
 KCAL04         0.000         0.000         0.000         0.000         0.000
 MET04          0.000         0.000         0.000         0.000         0.000
 SMOKE04        0.000         0.000         0.000         0.000         0.000
 Q1             0.000         0.000         0.000         0.000         0.000
 Q2             0.000         0.000         0.000         0.000         0.000
 Q3             0.000         0.000         0.000         0.000         0.000
 EDUC04         0.000         0.000         0.000         0.000         0.000
 SYSTO04        0.000         0.000         0.000         0.000         0.000
 DIASTO04       0.000         0.000         0.000         0.000         0.000


           BETA
              GENDER        KCAL04        MET04         SMOKE04       Q1
              ________      ________      ________      ________      ________
 IB             0.000         0.000         0.000         0.000         0.000
 SB             0.000         0.000         0.000         0.000         0.000
 ID             0.000         0.000         0.000         0.000         0.000
 SD             0.000         0.000         0.000         0.000         0.000
 AGE04          0.000         0.000         0.000         0.000         0.000
 GENDER         0.000         0.000         0.000         0.000         0.000
 KCAL04         0.000         0.000         0.000         0.000         0.000
 MET04          0.000         0.000         0.000         0.000         0.000
 SMOKE04        0.000         0.000         0.000         0.000         0.000
 Q1             0.000         0.000         0.000         0.000         0.000
 Q2             0.000         0.000         0.000         0.000         0.000
 Q3             0.000         0.000         0.000         0.000         0.000
 EDUC04         0.000         0.000         0.000         0.000         0.000
 SYSTO04        0.000         0.000         0.000         0.000         0.000
 DIASTO04       0.000         0.000         0.000         0.000         0.000


           BETA
              Q2            Q3            EDUC04        SYSTO04       DIASTO04
              ________      ________      ________      ________      ________
 IB             0.000         0.000         0.000         0.000         0.000
 SB             0.000         0.000         0.000         0.000         0.000
 ID             0.000         0.000         0.000         0.000         0.000
 SD             0.000         0.000         0.000         0.000         0.000
 AGE04          0.000         0.000         0.000         0.000         0.000
 GENDER         0.000         0.000         0.000         0.000         0.000
 KCAL04         0.000         0.000         0.000         0.000         0.000
 MET04          0.000         0.000         0.000         0.000         0.000
 SMOKE04        0.000         0.000         0.000         0.000         0.000
 Q1             0.000         0.000         0.000         0.000         0.000
 Q2             0.000         0.000         0.000         0.000         0.000
 Q3             0.000         0.000         0.000         0.000         0.000
 EDUC04         0.000         0.000         0.000         0.000         0.000
 SYSTO04        0.000         0.000         0.000         0.000         0.000
 DIASTO04       0.000         0.000         0.000         0.000         0.000


           PSI
              IB            SB            ID            SD            AGE04
              ________      ________      ________      ________      ________
 IB            11.513
 SB             0.000         0.570
 ID             0.000         0.000        67.157
 SD             0.000         0.000         0.000        17.219
 AGE04          0.000         0.000         0.000         0.000       117.749
 GENDER         0.000         0.000         0.000         0.000         0.000
 KCAL04         0.000         0.000         0.000         0.000         0.000
 MET04          0.000         0.000         0.000         0.000         0.000
 SMOKE04        0.000         0.000         0.000         0.000         0.000
 Q1             0.000         0.000         0.000         0.000         0.000
 Q2             0.000         0.000         0.000         0.000         0.000
 Q3             0.000         0.000         0.000         0.000         0.000
 EDUC04         0.000         0.000         0.000         0.000         0.000
 SYSTO04        0.000         0.000         0.000         0.000         0.000
 DIASTO04       0.000         0.000         0.000         0.000         0.000


           PSI
              GENDER        KCAL04        MET04         SMOKE04       Q1
              ________      ________      ________      ________      ________
 GENDER         0.125
 KCAL04         0.000    229144.438
 MET04          0.000         0.000      6315.442
 SMOKE04        0.000         0.000         0.000         0.138
 Q1             0.000         0.000         0.000         0.000         0.094
 Q2             0.000         0.000         0.000         0.000         0.000
 Q3             0.000         0.000         0.000         0.000         0.000
 EDUC04         0.000         0.000         0.000         0.000         0.000
 SYSTO04        0.000         0.000         0.000         0.000         0.000
 DIASTO04       0.000         0.000         0.000         0.000         0.000


           PSI
              Q2            Q3            EDUC04        SYSTO04       DIASTO04
              ________      ________      ________      ________      ________
 Q2             0.094
 Q3             0.000         0.094
 EDUC04         0.000         0.000         0.876
 SYSTO04        0.000         0.000         0.000       171.913
 DIASTO04       0.000         0.000         0.000         0.000        63.046


DIAGRAM INFORMATION

  Use View Diagram under the Diagram menu in the Mplus Editor to view the diagram.
  If running Mplus from the Mplus Diagrammer, the diagram opens automatically.

  Diagram output
    c:\users\likai\documents\git_repo\dqmedi\mplus\longitudinal\ahei bmi no mediation - model fit.dg

     Beginning Time:  22:29:33
        Ending Time:  22:29:58
       Elapsed Time:  00:00:25



MUTHEN & MUTHEN
3463 Stoner Ave.
Los Angeles, CA  90066

Tel: (310) 391-9971
Fax: (310) 391-8971
Web: www.StatModel.com
Support: Support@StatModel.com

Copyright (c) 1998-2015 Muthen & Muthen
