Mplus VERSION 7.4
MUTHEN & MUTHEN
05/16/2019  10:23 PM

INPUT INSTRUCTIONS

  DATA: File is id0411 mplus.csv;

  VARIABLE: Names are IDind WAVE hhid t2 commid age04
                      kcal04 carbo04 fat04 protn04 bmi04
                      hwr04 wc04 diasto04 systo04 smoke04
                      gender educ04 indinc04 index04 met04
                      cmfp04 dash04 ahei04 hbs04 lbs04 dqd04
                      age06 kcal06 carbo06 fat06 protn06 bmi06
                      hwr06 wc06 diasto06 systo06 smoke06
                      educ06 indinc06 index06 met06 cmfp06 dash06
                      ahei06 hbs06 lbs06 dqd06 age09 kcal09 carbo09
                      fat09 protn09 bmi09 hwr09 wc09 diasto09 systo09
                      smoke09 educ09 indinc09 index09 met09 cmfp09
                      dash09 ahei09 hbs09 lbs09 dqd09 age11 kcal11
                      carbo11 fat11 protn11 bmi11 hwr11 wc11 diasto11
                      systo11 smoke11 educ11 indinc11 index11 met11
                      cmfp11 dash11 ahei11 hbs11 lbs11 dqd11 q_index
                      q1 q2 q3 carbo_p protn_p fat_p;

           Usev are  age04 gender kcal04 met04
                     bmi04 bmi06 bmi09 bmi11 smoke04
                     ahei04 ahei06 ahei09 ahei11
                     educ04 systo04 diasto04 q1 q2 q3;


           Missing are all(999);


  ANALYSIS:
  Type=random;



  MODEL:
  age04 gender kcal04 met04 smoke04
  bmi04 bmi06 bmi09 bmi11 educ04 systo04 diasto04
  ahei04 ahei06 ahei09 ahei11 q1 q2 q3;

  ib sb | bmi04@0 bmi06@2 bmi09@5 bmi11@7;
  id sd | ahei04@0 ahei06@2 ahei09@5 ahei11@7;

  ib with sb;
  id with sd;

  id on q1(ai1)
        q2(ai2)
        q3(ai3)
        age04 gender kcal04 met04
        educ04 systo04 diasto04 smoke04;

  sd on q1(as1)
        q2(as2)
        q3(as3)
        age04 gender kcal04 met04
        educ04 systo04 diasto04 smoke04;

  sb on id(bi)
        sd(bs)
        q1(c1)
        q2(c2)
        q3(c3)
        age04 gender kcal04 met04
        educ04 systo04 diasto04 smoke04;


  MODEL CONSTRAINT:
  NEW (ind1 ind2 ind3 di1 di2 di3 to1 to2 to3
   ind_l_1 ind_l_2 ind_l_3
  ind_s_1 ind_s_2 ind_s_3);
  ind1=as1*bs+ai1*bi;
  ind2=as2*bs+ai2*bi;
  ind3=as3*bs+ai3*bi;
  to1=as1*bs+ai1*bi+c1;
  to2=as2*bs+ai2*bi+c2;
  to3=as3*bs+ai3*bi+c3;
  di1=c1;
  di2=c2;
  di3=c3;
  ind_l_1=ai1*bi;
  ind_l_2=ai2*bi;
  ind_l_3=ai3*bi;
  ind_s_1=as1*bs;
  ind_s_2=as2*bs;
  ind_s_3=as3*bs;

  OUTPUT: SAMPSTAT cinterval;



INPUT READING TERMINATED NORMALLY




SUMMARY OF ANALYSIS

Number of groups                                                 1
Number of observations                                        9547

Number of dependent variables                                    8
Number of independent variables                                 11
Number of continuous latent variables                            4

Observed dependent variables

  Continuous
   BMI04       BMI06       BMI09       BMI11       AHEI04      AHEI06
   AHEI09      AHEI11

Observed independent variables
   AGE04       GENDER      KCAL04      MET04       SMOKE04     EDUC04
   SYSTO04     DIASTO04    Q1          Q2          Q3

Continuous latent variables
   IB          SB          ID          SD


Estimator                                                      MLR
Information matrix                                        OBSERVED
Maximum number of iterations                                   100
Convergence criterion                                    0.100D-05
Maximum number of EM iterations                                500
Convergence criteria for the EM algorithm
  Loglikelihood change                                   0.100D-02
  Relative loglikelihood change                          0.100D-05
  Derivative                                             0.100D-03
Minimum variance                                         0.100D-03
Maximum number of steepest descent iterations                   20
Maximum number of iterations for H1                           2000
Convergence criterion for H1                             0.100D-03
Optimization algorithm                                         EMA

Input data file(s)
  id0411 mplus.csv
Input data format  FREE


SUMMARY OF DATA

     Number of missing data patterns           248


COVARIANCE COVERAGE OF DATA

Minimum covariance coverage value   0.100


     PROPORTION OF DATA PRESENT


           Covariance Coverage
              BMI04         BMI06         BMI09         BMI11         AHEI04
              ________      ________      ________      ________      ________
 BMI04          0.928
 BMI06          0.690         0.727
 BMI09          0.589         0.537         0.623
 BMI11          0.533         0.483         0.503         0.564
 AHEI04         0.922         0.722         0.619         0.561         0.994
 AHEI06         0.717         0.714         0.556         0.502         0.760
 AHEI09         0.584         0.531         0.591         0.495         0.619
 AHEI11         0.498         0.450         0.467         0.513         0.527
 AGE04          0.928         0.727         0.623         0.564         0.994
 GENDER         0.928         0.727         0.623         0.564         0.994
 KCAL04         0.928         0.727         0.623         0.564         0.994
 MET04          0.848         0.667         0.576         0.523         0.896
 SMOKE04        0.927         0.722         0.619         0.559         0.981
 EDUC04         0.926         0.722         0.618         0.559         0.981
 SYSTO04        0.927         0.698         0.596         0.539         0.932
 DIASTO04       0.927         0.698         0.596         0.539         0.932
 Q1             0.927         0.726         0.622         0.563         0.993
 Q2             0.927         0.726         0.622         0.563         0.993
 Q3             0.927         0.726         0.622         0.563         0.993


           Covariance Coverage
              AHEI06        AHEI09        AHEI11        AGE04         GENDER
              ________      ________      ________      ________      ________
 AHEI06         0.765
 AHEI09         0.556         0.622
 AHEI11         0.469         0.465         0.530
 AGE04          0.765         0.622         0.530         1.000
 GENDER         0.765         0.622         0.530         1.000         1.000
 KCAL04         0.765         0.622         0.530         1.000         1.000
 MET04          0.700         0.574         0.490         0.901         0.901
 SMOKE04        0.760         0.617         0.526         0.988         0.988
 EDUC04         0.760         0.617         0.525         0.987         0.987
 SYSTO04        0.726         0.590         0.504         0.939         0.939
 DIASTO04       0.726         0.590         0.504         0.939         0.939
 Q1             0.764         0.621         0.529         0.999         0.999
 Q2             0.764         0.621         0.529         0.999         0.999
 Q3             0.764         0.621         0.529         0.999         0.999


           Covariance Coverage
              KCAL04        MET04         SMOKE04       EDUC04        SYSTO04
              ________      ________      ________      ________      ________
 KCAL04         1.000
 MET04          0.901         0.901
 SMOKE04        0.988         0.900         0.988
 EDUC04         0.987         0.899         0.986         0.987
 SYSTO04        0.939         0.857         0.937         0.937         0.939
 DIASTO04       0.939         0.857         0.937         0.937         0.939
 Q1             0.999         0.900         0.987         0.986         0.938
 Q2             0.999         0.900         0.987         0.986         0.938
 Q3             0.999         0.900         0.987         0.986         0.938


           Covariance Coverage
              DIASTO04      Q1            Q2            Q3
              ________      ________      ________      ________
 DIASTO04       0.939
 Q1             0.938         0.999
 Q2             0.938         0.999         0.999
 Q3             0.938         0.999         0.999         0.999


SAMPLE STATISTICS


     ESTIMATED SAMPLE STATISTICS


           Means
              BMI04         BMI06         BMI09         BMI11         AHEI04
              ________      ________      ________      ________      ________
 1             23.026        23.108        23.295        23.744        38.360


           Means
              AHEI06        AHEI09        AHEI11        AGE04         GENDER
              ________      ________      ________      ________      ________
 1             38.519        38.814        40.425        47.385         1.519


           Means
              KCAL04        MET04         SMOKE04       EDUC04        SYSTO04
              ________      ________      ________      ________      ________
 1           2188.497       116.453         0.335         1.729       122.080


           Means
              DIASTO04      Q1            Q2            Q3
              ________      ________      ________      ________
 1             78.638         0.250         0.250         0.250


           Covariances
              BMI04         BMI06         BMI09         BMI11         AHEI04
              ________      ________      ________      ________      ________
 BMI04         11.313
 BMI06          9.984        12.974
 BMI09          9.716         9.878        11.892
 BMI11          9.104         9.363        10.277        23.838
 AHEI04         0.562         0.389         0.709         0.303        71.620
 AHEI06         0.421         0.602         0.456        -0.181        18.362
 AHEI09         1.615         1.544         1.606         1.596        12.896
 AHEI11         0.191         0.094        -0.161        -0.838         8.814
 AGE04          3.996         1.714        -0.798        -1.756         9.055
 GENDER         0.048         0.048         0.029        -0.013        -0.001
 KCAL04        54.619        96.454        96.207       164.504       685.317
 MET04        -19.498       -11.007        -8.520        -6.330        81.180
 SMOKE04       -0.092        -0.104        -0.104        -0.050         0.023
 EDUC04         0.058         0.054         0.096         0.184        -1.583
 SYSTO04       16.432        14.317        12.027        10.071         2.490
 DIASTO04      10.681         9.730         8.996         8.251        -0.396
 Q1            -0.070        -0.071        -0.031        -0.031         0.307
 Q2             0.106         0.127         0.099         0.090        -0.442
 Q3             0.089         0.041         0.033         0.040        -0.550


           Covariances
              AHEI06        AHEI09        AHEI11        AGE04         GENDER
              ________      ________      ________      ________      ________
 AHEI06        67.320
 AHEI09        14.160        63.808
 AHEI11        10.338        10.455        62.992
 AGE04          3.989         4.865         4.668       235.499
 GENDER        -0.054         0.070         0.074         0.199         0.250
 KCAL04       221.434        -9.657        42.561     -1363.375       -91.666
 MET04         85.985        57.457        54.732      -420.945        -8.111
 SMOKE04        0.123         0.011        -0.052         0.284        -0.150
 EDUC04        -0.836        -0.300        -0.648        -8.215        -0.129
 SYSTO04        3.162         0.479         5.350       117.494        -0.815
 DIASTO04       2.676         0.745         1.537        35.884        -0.691
 Q1             0.165         0.121        -0.027        -0.282        -0.002
 Q2            -0.381        -0.427        -0.171         0.044         0.000
 Q3            -0.414        -0.088        -0.106         0.452         0.003


           Covariances
              KCAL04        MET04         SMOKE04       EDUC04        SYSTO04
              ________      ________      ________      ________      ________
 KCAL04    458288.862
 MET04      15944.283     12715.685
 SMOKE04       57.575         4.816         0.276
 EDUC04        78.460        -1.557         0.042         1.755
 SYSTO04     -955.127      -277.747         0.674        -3.738       345.119
 DIASTO04    -284.613       -84.894         0.448        -0.819       148.449
 Q1            13.584         5.214         0.003        -0.090        -0.170
 Q2            -6.227        -5.751         0.001         0.025         0.393
 Q3           -19.103        -9.872        -0.007         0.182         0.345


           Covariances
              DIASTO04      Q1            Q2            Q3
              ________      ________      ________      ________
 DIASTO04     126.194
 Q1            -0.067         0.188
 Q2             0.366        -0.063         0.188
 Q3            -0.009        -0.063        -0.062         0.188


           Correlations
              BMI04         BMI06         BMI09         BMI11         AHEI04
              ________      ________      ________      ________      ________
 BMI04          1.000
 BMI06          0.824         1.000
 BMI09          0.838         0.795         1.000
 BMI11          0.554         0.532         0.610         1.000
 AHEI04         0.020         0.013         0.024         0.007         1.000
 AHEI06         0.015         0.020         0.016        -0.005         0.264
 AHEI09         0.060         0.054         0.058         0.041         0.191
 AHEI11         0.007         0.003        -0.006        -0.022         0.131
 AGE04          0.077         0.031        -0.015        -0.023         0.070
 GENDER         0.028         0.027         0.017        -0.005         0.000
 KCAL04         0.024         0.040         0.041         0.050         0.120
 MET04         -0.051        -0.027        -0.022        -0.011         0.085
 SMOKE04       -0.052        -0.055        -0.057        -0.020         0.005
 EDUC04         0.013         0.011         0.021         0.028        -0.141
 SYSTO04        0.263         0.214         0.188         0.111         0.016
 DIASTO04       0.283         0.240         0.232         0.150        -0.004
 Q1            -0.048        -0.045        -0.021        -0.015         0.084
 Q2             0.073         0.081         0.067         0.043        -0.121
 Q3             0.061         0.026         0.022         0.019        -0.150


           Correlations
              AHEI06        AHEI09        AHEI11        AGE04         GENDER
              ________      ________      ________      ________      ________
 AHEI06         1.000
 AHEI09         0.216         1.000
 AHEI11         0.159         0.165         1.000
 AGE04          0.032         0.040         0.038         1.000
 GENDER        -0.013         0.018         0.019         0.026         1.000
 KCAL04         0.040        -0.002         0.008        -0.131        -0.271
 MET04          0.093         0.064         0.061        -0.243        -0.144
 SMOKE04        0.029         0.003        -0.013         0.035        -0.572
 EDUC04        -0.077        -0.028        -0.062        -0.404        -0.196
 SYSTO04        0.021         0.003         0.036         0.412        -0.088
 DIASTO04       0.029         0.008         0.017         0.208        -0.123
 Q1             0.046         0.035        -0.008        -0.042        -0.009
 Q2            -0.107        -0.123        -0.050         0.007         0.002
 Q3            -0.116        -0.026        -0.031         0.068         0.014


           Correlations
              KCAL04        MET04         SMOKE04       EDUC04        SYSTO04
              ________      ________      ________      ________      ________
 KCAL04         1.000
 MET04          0.209         1.000
 SMOKE04        0.162         0.081         1.000
 EDUC04         0.087        -0.010         0.060         1.000
 SYSTO04       -0.076        -0.133         0.069        -0.152         1.000
 DIASTO04      -0.037        -0.067         0.076        -0.055         0.711
 Q1             0.046         0.107         0.014        -0.158        -0.021
 Q2            -0.021        -0.118         0.006         0.044         0.049
 Q3            -0.065        -0.202        -0.031         0.318         0.043


           Correlations
              DIASTO04      Q1            Q2            Q3
              ________      ________      ________      ________
 DIASTO04       1.000
 Q1            -0.014         1.000
 Q2             0.075        -0.333         1.000
 Q3            -0.002        -0.333        -0.333         1.000


     MAXIMUM LOG-LIKELIHOOD VALUE FOR THE UNRESTRICTED (H1) MODEL IS -437808.531


UNIVARIATE SAMPLE STATISTICS


     UNIVARIATE HIGHER-ORDER MOMENT DESCRIPTIVE STATISTICS

         Variable/         Mean/     Skewness/   Minimum/ % with                Percentiles
        Sample Size      Variance    Kurtosis    Maximum  Min/Max      20%/60%    40%/80%    Median

     BMI04                23.021       0.585      12.415    0.01%      20.189     21.861     22.673
            8858.000      11.235       0.546      41.322    0.01%      23.543     25.712
     BMI06                23.179       4.577      13.240    0.01%      20.344     22.042     22.857
            6938.000      12.729     126.919     132.544    0.01%      23.684     25.810
     BMI09                23.342       0.482      13.700    0.02%      20.415     22.215     23.111
            5949.000      11.781       0.401      42.590    0.02%      23.979     26.148
     BMI11                23.797       9.794       4.826    0.02%      20.644     22.491     23.378
            5386.000      23.639     280.882     190.972    0.02%      24.235     26.438
     AHEI04               38.370       0.357       8.200    0.01%      31.005     35.378     37.536
            9486.000      71.610      -0.125      68.771    0.01%      40.089     45.595
     AHEI06               38.587       0.375      12.827    0.01%      31.415     35.628     37.681
            7305.000      67.243      -0.174      72.026    0.01%      40.125     45.743
     AHEI09               38.978       0.396       8.518    0.02%      32.281     36.192     38.127
            5939.000      63.793       0.012      66.601    0.02%      40.284     45.743
     AHEI11               40.589       0.285      18.757    0.02%      33.500     38.034     40.075
            5059.000      62.999      -0.161      72.256    0.02%      42.215     47.481
     AGE04                47.385       0.238      18.000    1.13%      33.000     42.000     47.000
            9547.000     235.499      -0.539      97.000    0.01%      51.000     61.000
     GENDER                1.519      -0.076       1.000   48.11%       1.000      1.000      2.000
            9547.000       0.250      -1.994       2.000   51.89%       2.000      2.000
     KCAL04             2188.497       0.630      50.891    0.01%    1615.771   1974.357   2128.274
            9547.000  458288.862       1.113    6053.592    0.01%    2307.147   2719.569
     MET04               118.186       1.345       0.000    4.03%      20.460     52.675     84.047
            8604.000   12630.885       4.075    1582.256    0.01%     117.500    211.287
     SMOKE04               0.334       3.823       0.000   67.14%       0.000      0.000      0.000
            9429.000       0.276      52.882       9.000    0.07%       0.000      1.000
     EDUC04                1.724       0.539       0.000   21.26%       0.000      1.000      2.000
            9422.000       1.752      -0.205       6.000    0.02%       2.000      3.000
     SYSTO04             122.224       1.153      70.667    0.01%     108.667    117.333    120.000
            8960.000     343.826       2.613     230.000    0.01%     122.000    134.000
     DIASTO04             78.671       0.598      15.000    0.01%      70.000     76.667     79.333
            8960.000     126.092       1.936     141.333    0.01%      80.000     87.333
     Q1                    0.250       1.155       0.000   75.00%       0.000      0.000      0.000
            9539.000       0.188      -0.667       1.000   25.00%       0.000      1.000
     Q2                    0.250       1.155       0.000   75.00%       0.000      0.000      0.000
            9539.000       0.188      -0.667       1.000   25.00%       0.000      1.000
     Q3                    0.250       1.155       0.000   75.01%       0.000      0.000      0.000
            9539.000       0.187      -0.666       1.000   24.99%       0.000      1.000

     THE STANDARD ERRORS OF THE MODEL PARAMETER ESTIMATES MAY NOT BE
     TRUSTWORTHY FOR SOME PARAMETERS DUE TO A NON-POSITIVE DEFINITE
     FIRST-ORDER DERIVATIVE PRODUCT MATRIX.  THIS MAY BE DUE TO THE STARTING
     VALUES BUT MAY ALSO BE AN INDICATION OF MODEL NONIDENTIFICATION.  THE
     CONDITION NUMBER IS       0.362D-19.  PROBLEM INVOLVING THE FOLLOWING PARAMETER:
     Parameter 138, Q3 WITH DIASTO04


THE MODEL ESTIMATION TERMINATED NORMALLY



MODEL FIT INFORMATION

Number of Free Parameters                      141

Loglikelihood

          H0 Value                     -437959.054
          H0 Scaling Correction Factor      9.4744
            for MLR
          H1 Value                     -437808.531
          H1 Scaling Correction Factor      6.7141
            for MLR

Information Criteria

          Akaike (AIC)                  876200.109
          Bayesian (BIC)                877210.230
          Sample-Size Adjusted BIC      876762.154
            (n* = (n + 2) / 24)

Chi-Square Test of Model Fit

          Value                            303.948*
          Degrees of Freedom                    68
          P-Value                           0.0000
          Scaling Correction Factor         0.9905
            for MLR

*   The chi-square value for MLM, MLMV, MLR, ULSMV, WLSM and WLSMV cannot be used
    for chi-square difference testing in the regular way.  MLM, MLR and WLSM
    chi-square difference testing is described on the Mplus website.  MLMV, WLSMV,
    and ULSMV difference testing is done using the DIFFTEST option.

RMSEA (Root Mean Square Error Of Approximation)

          Estimate                           0.019

CFI/TLI

          CFI                                0.964
          TLI                                0.910

Chi-Square Test of Model Fit for the Baseline Model

          Value                           6749.713
          Degrees of Freedom                   171
          P-Value                           0.0000

SRMR (Standardized Root Mean Square Residual)

          Value                              0.013



MODEL RESULTS

                                                    Two-Tailed
                    Estimate       S.E.  Est./S.E.    P-Value

 IB       |
    BMI04              1.000      0.000    999.000    999.000
    BMI06              1.000      0.000    999.000    999.000
    BMI09              1.000      0.000    999.000    999.000
    BMI11              1.000      0.000    999.000    999.000

 SB       |
    BMI04              0.000      0.000    999.000    999.000
    BMI06              2.000      0.000    999.000    999.000
    BMI09              5.000      0.000    999.000    999.000
    BMI11              7.000      0.000    999.000    999.000

 ID       |
    AHEI04             1.000      0.000    999.000    999.000
    AHEI06             1.000      0.000    999.000    999.000
    AHEI09             1.000      0.000    999.000    999.000
    AHEI11             1.000      0.000    999.000    999.000

 SD       |
    AHEI04             0.000      0.000    999.000    999.000
    AHEI06             2.000      0.000    999.000    999.000
    AHEI09             5.000      0.000    999.000    999.000
    AHEI11             7.000      0.000    999.000    999.000

 SB         ON
    ID                 0.000      0.003     -0.136      0.892
    SD                -0.037      0.042     -0.882      0.378

 ID         ON
    Q1                -1.583      0.214     -7.397      0.000
    Q2                -4.369      0.224    -19.469      0.000
    Q3                -4.591      0.243    -18.930      0.000
    AGE04              0.043      0.006      6.895      0.000
    GENDER             0.387      0.191      2.022      0.043
    KCAL04             0.001      0.000     10.549      0.000
    MET04              0.002      0.001      2.438      0.015
    EDUC04            -0.152      0.072     -2.107      0.035
    SYSTO04            0.004      0.007      0.582      0.560
    DIASTO04           0.004      0.010      0.417      0.677
    SMOKE04            0.027      0.163      0.167      0.867

 SD         ON
    Q1                 0.058      0.046      1.258      0.208
    Q2                 0.319      0.050      6.389      0.000
    Q3                 0.471      0.056      8.459      0.000
    AGE04             -0.003      0.001     -2.213      0.027
    GENDER             0.020      0.045      0.448      0.654
    KCAL04             0.000      0.000     -7.864      0.000
    MET04              0.000      0.000      1.999      0.046
    EDUC04             0.037      0.017      2.235      0.025
    SYSTO04            0.000      0.001      0.027      0.979
    DIASTO04           0.001      0.002      0.646      0.518
    SMOKE04            0.014      0.041      0.355      0.722

 SB         ON
    Q1                 0.014      0.013      1.062      0.288
    Q2                 0.001      0.017      0.049      0.961
    Q3                -0.021      0.020     -1.015      0.310
    AGE04             -0.004      0.000     -8.450      0.000
    GENDER            -0.034      0.013     -2.700      0.007
    KCAL04             0.000      0.000     -0.306      0.759
    MET04              0.000      0.000     -0.525      0.600
    EDUC04            -0.011      0.004     -2.554      0.011
    SYSTO04           -0.001      0.000     -3.421      0.001
    DIASTO04           0.000      0.001     -0.295      0.768
    SMOKE04           -0.014      0.012     -1.170      0.242

 IB       WITH
    SB                -0.092      0.027     -3.422      0.001

 ID       WITH
    SD                -1.253      0.218     -5.737      0.000

 AGE04    WITH
    IB                 3.950      0.571      6.921      0.000

 GENDER   WITH
    IB                 0.049      0.017      2.845      0.004

 KCAL04   WITH
    IB                56.505     24.146      2.340      0.019

 MET04    WITH
    IB               -18.870      4.026     -4.687      0.000

 SMOKE04  WITH
    IB                -0.094      0.016     -5.689      0.000

 EDUC04   WITH
    IB                 0.054      0.047      1.147      0.251

 SYSTO04  WITH
    IB                16.406      0.735     22.309      0.000

 DIASTO04 WITH
    IB                10.651      0.435     24.494      0.000

 Q1       WITH
    IB                -0.073      0.015     -4.898      0.000

 Q2       WITH
    IB                 0.109      0.015      7.064      0.000

 Q3       WITH
    IB                 0.086      0.015      5.642      0.000

 GENDER   WITH
    AGE04              0.199      0.078      2.534      0.011

 KCAL04   WITH
    AGE04          -1363.375    109.938    -12.401      0.000
    GENDER           -91.666      3.352    -27.349      0.000

 MET04    WITH
    AGE04           -421.103     17.640    -23.872      0.000
    GENDER            -8.114      0.605    -13.416      0.000
    KCAL04         15951.354    878.521     18.157      0.000

 SMOKE04  WITH
    AGE04              0.284      0.081      3.519      0.000
    GENDER            -0.150      0.002    -65.849      0.000
    KCAL04            57.584      3.570     16.131      0.000
    MET04              4.820      0.652      7.389      0.000

 EDUC04   WITH
    AGE04             -8.216      0.213    -38.519      0.000
    GENDER            -0.129      0.007    -19.427      0.000
    KCAL04            78.478      8.971      8.748      0.000
    MET04             -1.548      1.355     -1.142      0.253
    SMOKE04            0.042      0.006      6.490      0.000

 SYSTO04  WITH
    AGE04            117.499      3.263     36.014      0.000
    GENDER            -0.814      0.097     -8.433      0.000
    KCAL04          -954.998    132.365     -7.215      0.000
    MET04           -277.732     22.026    -12.609      0.000
    SMOKE04            0.674      0.112      6.019      0.000
    EDUC04            -3.742      0.271    -13.816      0.000

 DIASTO04 WITH
    AGE04             35.885      1.850     19.395      0.000
    GENDER            -0.691      0.059    -11.804      0.000
    KCAL04          -283.478     85.211     -3.327      0.001
    MET04            -84.880     13.622     -6.231      0.000
    SMOKE04            0.448      0.059      7.601      0.000
    EDUC04            -0.820      0.158     -5.204      0.000
    SYSTO04          148.447      3.546     41.866      0.000

 Q1       WITH
    AGE04             -0.282      0.066     -4.311      0.000
    GENDER            -0.002      0.002     -0.834      0.405
    KCAL04            13.582      3.041      4.467      0.000
    MET04              5.215      0.530      9.843      0.000
    SMOKE04            0.003      0.002      1.468      0.142
    EDUC04            -0.090      0.005    -17.576      0.000
    SYSTO04           -0.170      0.086     -1.988      0.047
    DIASTO04          -0.067      0.054     -1.240      0.215

 Q2       WITH
    AGE04              0.044      0.069      0.634      0.526
    GENDER             0.000      0.002      0.202      0.840
    KCAL04            -6.224      2.914     -2.136      0.033
    MET04             -5.749      0.479    -12.002      0.000
    SMOKE04            0.001      0.003      0.527      0.598
    EDUC04             0.025      0.006      4.269      0.000
    SYSTO04            0.393      0.085      4.643      0.000
    DIASTO04           0.366      0.051      7.184      0.000
    Q1                -0.063      0.001    -48.836      0.000

 Q3       WITH
    AGE04              0.452      0.070      6.452      0.000
    GENDER             0.003      0.002      1.323      0.186
    KCAL04           -19.105      2.958     -6.460      0.000
    MET04             -9.873      0.438    -22.546      0.000
    SMOKE04           -0.007      0.002     -3.061      0.002
    EDUC04             0.182      0.007     27.096      0.000
    SYSTO04            0.344      0.084      4.116      0.000
    DIASTO04          -0.010      0.048     -0.199      0.842
    Q1                -0.063      0.001    -48.831      0.000
    Q2                -0.062      0.001    -48.814      0.000

 Means
    AGE04             47.385      0.157    301.706      0.000
    GENDER             1.519      0.005    297.033      0.000
    KCAL04          2188.497      6.928    315.871      0.000
    MET04            116.452      1.197     97.301      0.000
    SMOKE04            0.335      0.005     61.983      0.000
    EDUC04             1.729      0.014    127.044      0.000
    SYSTO04          122.078      0.193    631.045      0.000
    DIASTO04          78.638      0.118    666.514      0.000
    Q1                 0.250      0.004     56.386      0.000
    Q2                 0.250      0.004     56.396      0.000
    Q3                 0.250      0.004     56.397      0.000
    IB                23.016      0.035    654.353      0.000

 Intercepts
    BMI04              0.000      0.000    999.000    999.000
    BMI06              0.000      0.000    999.000    999.000
    BMI09              0.000      0.000    999.000    999.000
    BMI11              0.000      0.000    999.000    999.000
    AHEI04             0.000      0.000    999.000    999.000
    AHEI06             0.000      0.000    999.000    999.000
    AHEI09             0.000      0.000    999.000    999.000
    AHEI11             0.000      0.000    999.000    999.000
    SB                 0.537      0.124      4.329      0.000
    ID                34.719      0.843     41.203      0.000
    SD                 0.408      0.196      2.079      0.038

 Variances
    AGE04            235.499      2.913     80.832      0.000
    GENDER             0.250      0.000   1291.078      0.000
    KCAL04         *********   8275.760     55.377      0.000
    MET04          12716.562    337.289     37.702      0.000
    SMOKE04            0.276      0.021     13.107      0.000
    EDUC04             1.755      0.024     72.440      0.000
    SYSTO04          345.120      7.845     43.994      0.000
    DIASTO04         126.192      2.647     47.679      0.000
    Q1                 0.188      0.002     84.584      0.000
    Q2                 0.188      0.002     84.596      0.000
    Q3                 0.188      0.002     84.552      0.000
    IB                10.329      0.220     47.043      0.000

 Residual Variances
    BMI04              0.973      0.125      7.789      0.000
    BMI06              3.131      1.763      1.775      0.076
    BMI09              1.534      0.089     17.233      0.000
    BMI11             13.575      5.845      2.323      0.020
    AHEI04            49.265      1.329     37.074      0.000
    AHEI06            51.195      1.022     50.087      0.000
    AHEI09            52.372      1.164     44.988      0.000
    AHEI11            52.655      1.708     30.826      0.000
    SB                 0.046      0.004     10.508      0.000
    ID                16.790      1.132     14.828      0.000
    SD                 0.225      0.056      4.042      0.000

New/Additional Parameters
    IND1              -0.002      0.003     -0.448      0.654
    IND2              -0.010      0.009     -1.166      0.244
    IND3              -0.016      0.013     -1.236      0.217
    DI1                0.014      0.013      1.062      0.288
    DI2                0.001      0.017      0.049      0.961
    DI3               -0.021      0.020     -1.015      0.310
    TO1                0.012      0.012      0.988      0.323
    TO2               -0.009      0.014     -0.642      0.521
    TO3               -0.036      0.016     -2.301      0.021
    IND_L_1            0.001      0.004      0.136      0.892
    IND_L_2            0.002      0.012      0.136      0.892
    IND_L_3            0.002      0.013      0.136      0.892
    IND_S_1           -0.002      0.003     -0.737      0.461
    IND_S_2           -0.012      0.013     -0.879      0.380
    IND_S_3           -0.017      0.020     -0.878      0.380


QUALITY OF NUMERICAL RESULTS

     Condition Number for the Information Matrix              0.376E-09
       (ratio of smallest to largest eigenvalue)


CONFIDENCE INTERVALS OF MODEL RESULTS

                  Lower .5%  Lower 2.5%    Lower 5%    Estimate    Upper 5%  Upper 2.5%   Upper .5%

 IB       |
    BMI04            1.000       1.000       1.000       1.000       1.000       1.000       1.000
    BMI06            1.000       1.000       1.000       1.000       1.000       1.000       1.000
    BMI09            1.000       1.000       1.000       1.000       1.000       1.000       1.000
    BMI11            1.000       1.000       1.000       1.000       1.000       1.000       1.000

 SB       |
    BMI04            0.000       0.000       0.000       0.000       0.000       0.000       0.000
    BMI06            2.000       2.000       2.000       2.000       2.000       2.000       2.000
    BMI09            5.000       5.000       5.000       5.000       5.000       5.000       5.000
    BMI11            7.000       7.000       7.000       7.000       7.000       7.000       7.000

 ID       |
    AHEI04           1.000       1.000       1.000       1.000       1.000       1.000       1.000
    AHEI06           1.000       1.000       1.000       1.000       1.000       1.000       1.000
    AHEI09           1.000       1.000       1.000       1.000       1.000       1.000       1.000
    AHEI11           1.000       1.000       1.000       1.000       1.000       1.000       1.000

 SD       |
    AHEI04           0.000       0.000       0.000       0.000       0.000       0.000       0.000
    AHEI06           2.000       2.000       2.000       2.000       2.000       2.000       2.000
    AHEI09           5.000       5.000       5.000       5.000       5.000       5.000       5.000
    AHEI11           7.000       7.000       7.000       7.000       7.000       7.000       7.000

 SB       ON
    ID              -0.008      -0.006      -0.005       0.000       0.004       0.005       0.007
    SD              -0.144      -0.118      -0.105      -0.037       0.032       0.045       0.070

 ID       ON
    Q1              -2.134      -2.002      -1.935      -1.583      -1.231      -1.163      -1.032
    Q2              -4.947      -4.809      -4.739      -4.369      -4.000      -3.929      -3.791
    Q3              -5.216      -5.067      -4.990      -4.591      -4.192      -4.116      -3.967
    AGE04            0.027       0.031       0.033       0.043       0.053       0.055       0.059
    GENDER          -0.106       0.012       0.072       0.387       0.701       0.761       0.879
    KCAL04           0.001       0.001       0.001       0.001       0.001       0.001       0.002
    MET04            0.000       0.000       0.001       0.002       0.003       0.004       0.004
    EDUC04          -0.338      -0.294      -0.271      -0.152      -0.033      -0.011       0.034
    SYSTO04         -0.013      -0.009      -0.007       0.004       0.015       0.017       0.021
    DIASTO04        -0.021      -0.015      -0.012       0.004       0.020       0.023       0.029
    SMOKE04         -0.394      -0.293      -0.242       0.027       0.296       0.348       0.448

 SD       ON
    Q1              -0.061      -0.032      -0.018       0.058       0.134       0.149       0.177
    Q2               0.191       0.221       0.237       0.319       0.401       0.417       0.448
    Q3               0.328       0.362       0.379       0.471       0.562       0.580       0.614
    AGE04           -0.007      -0.006      -0.006      -0.003      -0.001       0.000       0.001
    GENDER          -0.097      -0.069      -0.054       0.020       0.095       0.109       0.137
    KCAL04           0.000       0.000       0.000       0.000       0.000       0.000       0.000
    MET04            0.000       0.000       0.000       0.000       0.001       0.001       0.001
    EDUC04          -0.006       0.005       0.010       0.037       0.065       0.070       0.080
    SYSTO04         -0.004      -0.003      -0.002       0.000       0.002       0.003       0.004
    DIASTO04        -0.004      -0.003      -0.002       0.001       0.005       0.006       0.007
    SMOKE04         -0.090      -0.065      -0.052       0.014       0.081       0.094       0.119

 SB       ON
    Q1              -0.020      -0.012      -0.008       0.014       0.035       0.039       0.047
    Q2              -0.043      -0.032      -0.027       0.001       0.029       0.034       0.044
    Q3              -0.073      -0.061      -0.054      -0.021       0.013       0.019       0.032
    AGE04           -0.005      -0.005      -0.004      -0.004      -0.003      -0.003      -0.003
    GENDER          -0.067      -0.059      -0.055      -0.034      -0.013      -0.009      -0.002
    KCAL04           0.000       0.000       0.000       0.000       0.000       0.000       0.000
    MET04            0.000       0.000       0.000       0.000       0.000       0.000       0.000
    EDUC04          -0.023      -0.020      -0.019      -0.011      -0.004      -0.003       0.000
    SYSTO04         -0.002      -0.002      -0.002      -0.001      -0.001      -0.001       0.000
    DIASTO04        -0.002      -0.001      -0.001       0.000       0.001       0.001       0.001
    SMOKE04         -0.044      -0.037      -0.033      -0.014       0.006       0.009       0.017

 IB       WITH
    SB              -0.162      -0.145      -0.137      -0.092      -0.048      -0.039      -0.023

 ID       WITH
    SD              -1.816      -1.682      -1.613      -1.253      -0.894      -0.825      -0.691

 AGE04    WITH
    IB               2.480       2.831       3.011       3.950       4.888       5.068       5.420

 GENDER   WITH
    IB               0.005       0.015       0.021       0.049       0.078       0.083       0.094

 KCAL04   WITH
    IB              -5.691       9.178      16.784      56.505      96.225     103.831     118.700

 MET04    WITH
    IB             -29.240     -26.760     -25.492     -18.870     -12.248     -10.979      -8.500

 SMOKE04  WITH
    IB              -0.136      -0.126      -0.121      -0.094      -0.067      -0.061      -0.051

 EDUC04   WITH
    IB              -0.067      -0.038      -0.024       0.054       0.132       0.147       0.176

 SYSTO04  WITH
    IB              14.512      14.965      15.197      16.406      17.616      17.848      18.301

 DIASTO04 WITH
    IB               9.531       9.799       9.936      10.651      11.366      11.503      11.771

 Q1       WITH
    IB              -0.111      -0.102      -0.097      -0.073      -0.048      -0.044      -0.034

 Q2       WITH
    IB               0.069       0.079       0.084       0.109       0.135       0.140       0.149

 Q3       WITH
    IB               0.047       0.056       0.061       0.086       0.111       0.116       0.125

 GENDER   WITH
    AGE04           -0.003       0.045       0.070       0.199       0.328       0.352       0.401

 KCAL04   WITH
    AGE04        -1646.553   -1578.854   -1544.223   -1363.375   -1182.526   -1147.896   -1080.196
    GENDER        -100.299     -98.235     -97.179     -91.666     -86.152     -85.097     -83.033

 MET04    WITH
    AGE04         -466.540    -455.677    -450.121    -421.103    -392.085    -386.528    -375.666
    GENDER          -9.672      -9.299      -9.109      -8.114      -7.119      -6.928      -6.556
    KCAL04       13688.459   14229.452   14506.187   15951.354   17396.521   17673.256   18214.250

 SMOKE04  WITH
    AGE04            0.076       0.126       0.151       0.284       0.417       0.442       0.492
    GENDER          -0.156      -0.155      -0.154      -0.150      -0.147      -0.146      -0.144
    KCAL04          48.390      50.588      51.712      57.584      63.456      64.581      66.779
    MET04            3.139       3.541       3.746       4.820       5.893       6.098       6.500

 EDUC04   WITH
    AGE04           -8.765      -8.634      -8.567      -8.216      -7.865      -7.798      -7.667
    GENDER          -0.147      -0.142      -0.140      -0.129      -0.118      -0.116      -0.112
    KCAL04          55.371      60.895      63.721      78.478      93.236      96.062     101.586
    MET04           -5.039      -4.205      -3.778      -1.548       0.681       1.108       1.943
    SMOKE04          0.025       0.029       0.031       0.042       0.052       0.054       0.058

 SYSTO04  WITH
    AGE04          109.095     111.105     112.132     117.499     122.866     123.894     125.903
    GENDER          -1.063      -1.003      -0.973      -0.814      -0.655      -0.625      -0.565
    KCAL04       -1295.943   -1214.433   -1172.738    -954.998    -737.257    -695.562    -614.052
    MET04         -334.468    -320.904    -313.966    -277.732    -241.499    -234.560    -220.997
    SMOKE04          0.386       0.455       0.490       0.674       0.858       0.894       0.962
    EDUC04          -4.440      -4.273      -4.188      -3.742      -3.296      -3.211      -3.044

 DIASTO04 WITH
    AGE04           31.120      32.259      32.842      35.885      38.929      39.512      40.651
    GENDER          -0.842      -0.806      -0.787      -0.691      -0.595      -0.576      -0.540
    KCAL04        -502.965    -450.492    -423.651    -283.478    -143.305    -116.464     -63.991
    MET04         -119.968    -111.579    -107.288     -84.880     -62.472     -58.181     -49.792
    SMOKE04          0.296       0.332       0.351       0.448       0.545       0.563       0.600
    EDUC04          -1.226      -1.129      -1.079      -0.820      -0.561      -0.511      -0.414
    SYSTO04        139.314     141.497     142.614     148.447     154.280     155.397     157.580

 Q1       WITH
    AGE04           -0.451      -0.411      -0.390      -0.282      -0.175      -0.154      -0.114
    GENDER          -0.008      -0.006      -0.005      -0.002       0.002       0.002       0.004
    KCAL04           5.749       7.622       8.580      13.582      18.584      19.542      21.414
    MET04            3.850       4.176       4.343       5.215       6.086       6.253       6.579
    SMOKE04         -0.002      -0.001       0.000       0.003       0.007       0.008       0.009
    EDUC04          -0.104      -0.100      -0.099      -0.090      -0.082      -0.080      -0.077
    SYSTO04         -0.391      -0.338      -0.311      -0.170      -0.029      -0.002       0.050
    DIASTO04        -0.207      -0.174      -0.157      -0.067       0.022       0.039       0.073

 Q2       WITH
    AGE04           -0.135      -0.092      -0.070       0.044       0.158       0.180       0.223
    GENDER          -0.005      -0.004      -0.003       0.000       0.004       0.005       0.006
    KCAL04         -13.729     -11.935     -11.017      -6.224      -1.431      -0.513       1.281
    MET04           -6.983      -6.688      -6.537      -5.749      -4.961      -4.810      -4.515
    SMOKE04         -0.005      -0.004      -0.003       0.001       0.005       0.006       0.008
    EDUC04           0.010       0.014       0.016       0.025       0.035       0.037       0.041
    SYSTO04          0.175       0.227       0.254       0.393       0.533       0.559       0.612
    DIASTO04         0.235       0.266       0.282       0.366       0.450       0.466       0.497
    Q1              -0.066      -0.065      -0.065      -0.063      -0.060      -0.060      -0.059

 Q3       WITH
    AGE04            0.271       0.314       0.337       0.452       0.567       0.589       0.632
    GENDER          -0.003      -0.001      -0.001       0.003       0.007       0.007       0.009
    KCAL04         -26.723     -24.902     -23.970     -19.105     -14.240     -13.308     -11.487
    MET04          -11.001     -10.732     -10.594      -9.873      -9.153      -9.015      -8.745
    SMOKE04         -0.013      -0.012      -0.011      -0.007      -0.003      -0.003      -0.001
    EDUC04           0.165       0.169       0.171       0.182       0.194       0.196       0.200
    SYSTO04          0.129       0.180       0.206       0.344       0.481       0.508       0.559
    DIASTO04        -0.134      -0.104      -0.089      -0.010       0.070       0.085       0.115
    Q1              -0.066      -0.065      -0.065      -0.063      -0.060      -0.060      -0.059
    Q2              -0.066      -0.065      -0.065      -0.062      -0.060      -0.060      -0.059

 Means
    AGE04           46.981      47.078      47.127      47.385      47.644      47.693      47.790
    GENDER           1.506       1.509       1.510       1.519       1.527       1.529       1.532
    KCAL04        2170.651    2174.917    2177.100    2188.497    2199.894    2202.077    2206.343
    MET04          113.369     114.106     114.483     116.452     118.421     118.798     119.535
    SMOKE04          0.321       0.324       0.326       0.335       0.344       0.345       0.349
    EDUC04           1.694       1.702       1.707       1.729       1.751       1.756       1.764
    SYSTO04        121.579     121.699     121.760     122.078     122.396     122.457     122.576
    DIASTO04        78.334      78.406      78.444      78.638      78.832      78.869      78.941
    Q1               0.239       0.241       0.243       0.250       0.257       0.259       0.261
    Q2               0.239       0.241       0.243       0.250       0.257       0.259       0.261
    Q3               0.239       0.241       0.243       0.250       0.257       0.259       0.262
    IB              22.925      22.947      22.958      23.016      23.074      23.085      23.106

 Intercepts
    BMI04            0.000       0.000       0.000       0.000       0.000       0.000       0.000
    BMI06            0.000       0.000       0.000       0.000       0.000       0.000       0.000
    BMI09            0.000       0.000       0.000       0.000       0.000       0.000       0.000
    BMI11            0.000       0.000       0.000       0.000       0.000       0.000       0.000
    AHEI04           0.000       0.000       0.000       0.000       0.000       0.000       0.000
    AHEI06           0.000       0.000       0.000       0.000       0.000       0.000       0.000
    AHEI09           0.000       0.000       0.000       0.000       0.000       0.000       0.000
    AHEI11           0.000       0.000       0.000       0.000       0.000       0.000       0.000
    SB               0.218       0.294       0.333       0.537       0.742       0.781       0.857
    ID              32.548      33.067      33.333      34.719      36.105      36.370      36.889
    SD              -0.098       0.023       0.085       0.408       0.731       0.793       0.913

 Variances
    AGE04          227.994     229.789     230.706     235.499     240.291     241.209     243.003
    GENDER           0.249       0.249       0.249       0.250       0.250       0.250       0.250
    KCAL04       *********  442068.375  444675.250  458288.875  471902.500  474509.375  479605.562
    MET04        11847.773   12055.476   12161.722   12716.562   13271.401   13377.647   13585.350
    SMOKE04          0.222       0.235       0.241       0.276       0.311       0.317       0.330
    EDUC04           1.693       1.708       1.715       1.755       1.795       1.803       1.818
    SYSTO04        324.913     329.744     332.215     345.120     358.024     360.495     365.326
    DIASTO04       119.375     121.005     121.839     126.192     130.546     131.380     133.010
    Q1               0.182       0.183       0.184       0.188       0.191       0.192       0.193
    Q2               0.182       0.183       0.184       0.188       0.191       0.192       0.193
    Q3               0.182       0.183       0.184       0.188       0.191       0.192       0.193
    IB               9.763       9.898       9.968      10.329      10.690      10.759      10.894

 Residual Variances
    BMI04            0.651       0.728       0.767       0.973       1.178       1.217       1.294
    BMI06           -1.411      -0.325       0.230       3.131       6.031       6.587       7.673
    BMI09            1.305       1.359       1.388       1.534       1.680       1.708       1.763
    BMI11           -1.480       2.119       3.960      13.575      23.190      25.032      28.631
    AHEI04          45.842      46.660      47.079      49.265      51.450      51.869      52.687
    AHEI06          48.562      49.192      49.514      51.195      52.877      53.199      53.828
    AHEI09          49.373      50.090      50.457      52.372      54.287      54.653      55.370
    AHEI11          48.255      49.307      49.845      52.655      55.465      56.003      57.055
    SB               0.034       0.037       0.038       0.046       0.053       0.054       0.057
    ID              13.873      14.571      14.927      16.790      18.653      19.009      19.707
    SD               0.081       0.116       0.133       0.225       0.316       0.333       0.368

New/Additional Parameters
    IND1            -0.010      -0.008      -0.007      -0.002       0.004       0.005       0.007
    IND2            -0.032      -0.027      -0.024      -0.010       0.004       0.007       0.012
    IND3            -0.048      -0.040      -0.036      -0.016       0.005       0.009       0.017
    DI1             -0.020      -0.012      -0.008       0.014       0.035       0.039       0.047
    DI2             -0.043      -0.032      -0.027       0.001       0.029       0.034       0.044
    DI3             -0.073      -0.061      -0.054      -0.021       0.013       0.019       0.032
    TO1             -0.020      -0.012      -0.008       0.012       0.033       0.036       0.044
    TO2             -0.046      -0.037      -0.033      -0.009       0.014       0.019       0.028
    TO3             -0.077      -0.067      -0.062      -0.036      -0.010      -0.005       0.004
    IND_L_1         -0.011      -0.008      -0.007       0.001       0.008       0.009       0.012
    IND_L_2         -0.030      -0.022      -0.018       0.002       0.022       0.026       0.033
    IND_L_3         -0.031      -0.023      -0.019       0.002       0.023       0.027       0.035
    IND_S_1         -0.010      -0.008      -0.007      -0.002       0.003       0.004       0.005
    IND_S_2         -0.046      -0.038      -0.034      -0.012       0.010       0.014       0.023
    IND_S_3         -0.068      -0.056      -0.050      -0.017       0.015       0.021       0.033


TECHNICAL 1 OUTPUT


     PARAMETER SPECIFICATION


           NU
              BMI04         BMI06         BMI09         BMI11         AHEI04
              ________      ________      ________      ________      ________
 1                  0             0             0             0             0


           NU
              AHEI06        AHEI09        AHEI11        AGE04         GENDER
              ________      ________      ________      ________      ________
 1                  0             0             0             0             0


           NU
              KCAL04        MET04         SMOKE04       EDUC04        SYSTO04
              ________      ________      ________      ________      ________
 1                  0             0             0             0             0


           NU
              DIASTO04      Q1            Q2            Q3
              ________      ________      ________      ________
 1                  0             0             0             0


           LAMBDA
              IB            SB            ID            SD            AGE04
              ________      ________      ________      ________      ________
 BMI04              0             0             0             0             0
 BMI06              0             0             0             0             0
 BMI09              0             0             0             0             0
 BMI11              0             0             0             0             0
 AHEI04             0             0             0             0             0
 AHEI06             0             0             0             0             0
 AHEI09             0             0             0             0             0
 AHEI11             0             0             0             0             0
 AGE04              0             0             0             0             0
 GENDER             0             0             0             0             0
 KCAL04             0             0             0             0             0
 MET04              0             0             0             0             0
 SMOKE04            0             0             0             0             0
 EDUC04             0             0             0             0             0
 SYSTO04            0             0             0             0             0
 DIASTO04           0             0             0             0             0
 Q1                 0             0             0             0             0
 Q2                 0             0             0             0             0
 Q3                 0             0             0             0             0


           LAMBDA
              GENDER        KCAL04        MET04         SMOKE04       EDUC04
              ________      ________      ________      ________      ________
 BMI04              0             0             0             0             0
 BMI06              0             0             0             0             0
 BMI09              0             0             0             0             0
 BMI11              0             0             0             0             0
 AHEI04             0             0             0             0             0
 AHEI06             0             0             0             0             0
 AHEI09             0             0             0             0             0
 AHEI11             0             0             0             0             0
 AGE04              0             0             0             0             0
 GENDER             0             0             0             0             0
 KCAL04             0             0             0             0             0
 MET04              0             0             0             0             0
 SMOKE04            0             0             0             0             0
 EDUC04             0             0             0             0             0
 SYSTO04            0             0             0             0             0
 DIASTO04           0             0             0             0             0
 Q1                 0             0             0             0             0
 Q2                 0             0             0             0             0
 Q3                 0             0             0             0             0


           LAMBDA
              SYSTO04       DIASTO04      Q1            Q2            Q3
              ________      ________      ________      ________      ________
 BMI04              0             0             0             0             0
 BMI06              0             0             0             0             0
 BMI09              0             0             0             0             0
 BMI11              0             0             0             0             0
 AHEI04             0             0             0             0             0
 AHEI06             0             0             0             0             0
 AHEI09             0             0             0             0             0
 AHEI11             0             0             0             0             0
 AGE04              0             0             0             0             0
 GENDER             0             0             0             0             0
 KCAL04             0             0             0             0             0
 MET04              0             0             0             0             0
 SMOKE04            0             0             0             0             0
 EDUC04             0             0             0             0             0
 SYSTO04            0             0             0             0             0
 DIASTO04           0             0             0             0             0
 Q1                 0             0             0             0             0
 Q2                 0             0             0             0             0
 Q3                 0             0             0             0             0


           THETA
              BMI04         BMI06         BMI09         BMI11         AHEI04
              ________      ________      ________      ________      ________
 BMI04              1
 BMI06              0             2
 BMI09              0             0             3
 BMI11              0             0             0             4
 AHEI04             0             0             0             0             5
 AHEI06             0             0             0             0             0
 AHEI09             0             0             0             0             0
 AHEI11             0             0             0             0             0
 AGE04              0             0             0             0             0
 GENDER             0             0             0             0             0
 KCAL04             0             0             0             0             0
 MET04              0             0             0             0             0
 SMOKE04            0             0             0             0             0
 EDUC04             0             0             0             0             0
 SYSTO04            0             0             0             0             0
 DIASTO04           0             0             0             0             0
 Q1                 0             0             0             0             0
 Q2                 0             0             0             0             0
 Q3                 0             0             0             0             0


           THETA
              AHEI06        AHEI09        AHEI11        AGE04         GENDER
              ________      ________      ________      ________      ________
 AHEI06             6
 AHEI09             0             7
 AHEI11             0             0             8
 AGE04              0             0             0             0
 GENDER             0             0             0             0             0
 KCAL04             0             0             0             0             0
 MET04              0             0             0             0             0
 SMOKE04            0             0             0             0             0
 EDUC04             0             0             0             0             0
 SYSTO04            0             0             0             0             0
 DIASTO04           0             0             0             0             0
 Q1                 0             0             0             0             0
 Q2                 0             0             0             0             0
 Q3                 0             0             0             0             0


           THETA
              KCAL04        MET04         SMOKE04       EDUC04        SYSTO04
              ________      ________      ________      ________      ________
 KCAL04             0
 MET04              0             0
 SMOKE04            0             0             0
 EDUC04             0             0             0             0
 SYSTO04            0             0             0             0             0
 DIASTO04           0             0             0             0             0
 Q1                 0             0             0             0             0
 Q2                 0             0             0             0             0
 Q3                 0             0             0             0             0


           THETA
              DIASTO04      Q1            Q2            Q3
              ________      ________      ________      ________
 DIASTO04           0
 Q1                 0             0
 Q2                 0             0             0
 Q3                 0             0             0             0


           ALPHA
              IB            SB            ID            SD            AGE04
              ________      ________      ________      ________      ________
 1                  9            10            11            12            13


           ALPHA
              GENDER        KCAL04        MET04         SMOKE04       EDUC04
              ________      ________      ________      ________      ________
 1                 14            15            16            17            18


           ALPHA
              SYSTO04       DIASTO04      Q1            Q2            Q3
              ________      ________      ________      ________      ________
 1                 19            20            21            22            23


           BETA
              IB            SB            ID            SD            AGE04
              ________      ________      ________      ________      ________
 IB                 0             0             0             0             0
 SB                 0             0            24            25            26
 ID                 0             0             0             0            37
 SD                 0             0             0             0            48
 AGE04              0             0             0             0             0
 GENDER             0             0             0             0             0
 KCAL04             0             0             0             0             0
 MET04              0             0             0             0             0
 SMOKE04            0             0             0             0             0
 EDUC04             0             0             0             0             0
 SYSTO04            0             0             0             0             0
 DIASTO04           0             0             0             0             0
 Q1                 0             0             0             0             0
 Q2                 0             0             0             0             0
 Q3                 0             0             0             0             0


           BETA
              GENDER        KCAL04        MET04         SMOKE04       EDUC04
              ________      ________      ________      ________      ________
 IB                 0             0             0             0             0
 SB                27            28            29            30            31
 ID                38            39            40            41            42
 SD                49            50            51            52            53
 AGE04              0             0             0             0             0
 GENDER             0             0             0             0             0
 KCAL04             0             0             0             0             0
 MET04              0             0             0             0             0
 SMOKE04            0             0             0             0             0
 EDUC04             0             0             0             0             0
 SYSTO04            0             0             0             0             0
 DIASTO04           0             0             0             0             0
 Q1                 0             0             0             0             0
 Q2                 0             0             0             0             0
 Q3                 0             0             0             0             0


           BETA
              SYSTO04       DIASTO04      Q1            Q2            Q3
              ________      ________      ________      ________      ________
 IB                 0             0             0             0             0
 SB                32            33            34            35            36
 ID                43            44            45            46            47
 SD                54            55            56            57            58
 AGE04              0             0             0             0             0
 GENDER             0             0             0             0             0
 KCAL04             0             0             0             0             0
 MET04              0             0             0             0             0
 SMOKE04            0             0             0             0             0
 EDUC04             0             0             0             0             0
 SYSTO04            0             0             0             0             0
 DIASTO04           0             0             0             0             0
 Q1                 0             0             0             0             0
 Q2                 0             0             0             0             0
 Q3                 0             0             0             0             0


           PSI
              IB            SB            ID            SD            AGE04
              ________      ________      ________      ________      ________
 IB                59
 SB                60            61
 ID                 0             0            62
 SD                 0             0            63            64
 AGE04             65             0             0             0            66
 GENDER            67             0             0             0            68
 KCAL04            70             0             0             0            71
 MET04             74             0             0             0            75
 SMOKE04           79             0             0             0            80
 EDUC04            85             0             0             0            86
 SYSTO04           92             0             0             0            93
 DIASTO04         100             0             0             0           101
 Q1               109             0             0             0           110
 Q2               119             0             0             0           120
 Q3               130             0             0             0           131


           PSI
              GENDER        KCAL04        MET04         SMOKE04       EDUC04
              ________      ________      ________      ________      ________
 GENDER            69
 KCAL04            72            73
 MET04             76            77            78
 SMOKE04           81            82            83            84
 EDUC04            87            88            89            90            91
 SYSTO04           94            95            96            97            98
 DIASTO04         102           103           104           105           106
 Q1               111           112           113           114           115
 Q2               121           122           123           124           125
 Q3               132           133           134           135           136


           PSI
              SYSTO04       DIASTO04      Q1            Q2            Q3
              ________      ________      ________      ________      ________
 SYSTO04           99
 DIASTO04         107           108
 Q1               116           117           118
 Q2               126           127           128           129
 Q3               137           138           139           140           141


     PARAMETER SPECIFICATION FOR THE ADDITIONAL PARAMETERS


           NEW/ADDITIONAL PARAMETERS
              IND1          IND2          IND3          DI1           DI2
              ________      ________      ________      ________      ________
 1                142           143           144           145           146


           NEW/ADDITIONAL PARAMETERS
              DI3           TO1           TO2           TO3           IND_L_1
              ________      ________      ________      ________      ________
 1                147           148           149           150           151


           NEW/ADDITIONAL PARAMETERS
              IND_L_2       IND_L_3       IND_S_1       IND_S_2       IND_S_3
              ________      ________      ________      ________      ________
 1                152           153           154           155           156


     STARTING VALUES


           NU
              BMI04         BMI06         BMI09         BMI11         AHEI04
              ________      ________      ________      ________      ________
 1              0.000         0.000         0.000         0.000         0.000


           NU
              AHEI06        AHEI09        AHEI11        AGE04         GENDER
              ________      ________      ________      ________      ________
 1              0.000         0.000         0.000         0.000         0.000


           NU
              KCAL04        MET04         SMOKE04       EDUC04        SYSTO04
              ________      ________      ________      ________      ________
 1              0.000         0.000         0.000         0.000         0.000


           NU
              DIASTO04      Q1            Q2            Q3
              ________      ________      ________      ________
 1              0.000         0.000         0.000         0.000


           LAMBDA
              IB            SB            ID            SD            AGE04
              ________      ________      ________      ________      ________
 BMI04          1.000         0.000         0.000         0.000         0.000
 BMI06          1.000         2.000         0.000         0.000         0.000
 BMI09          1.000         5.000         0.000         0.000         0.000
 BMI11          1.000         7.000         0.000         0.000         0.000
 AHEI04         0.000         0.000         1.000         0.000         0.000
 AHEI06         0.000         0.000         1.000         2.000         0.000
 AHEI09         0.000         0.000         1.000         5.000         0.000
 AHEI11         0.000         0.000         1.000         7.000         0.000
 AGE04          0.000         0.000         0.000         0.000         1.000
 GENDER         0.000         0.000         0.000         0.000         0.000
 KCAL04         0.000         0.000         0.000         0.000         0.000
 MET04          0.000         0.000         0.000         0.000         0.000
 SMOKE04        0.000         0.000         0.000         0.000         0.000
 EDUC04         0.000         0.000         0.000         0.000         0.000
 SYSTO04        0.000         0.000         0.000         0.000         0.000
 DIASTO04       0.000         0.000         0.000         0.000         0.000
 Q1             0.000         0.000         0.000         0.000         0.000
 Q2             0.000         0.000         0.000         0.000         0.000
 Q3             0.000         0.000         0.000         0.000         0.000


           LAMBDA
              GENDER        KCAL04        MET04         SMOKE04       EDUC04
              ________      ________      ________      ________      ________
 BMI04          0.000         0.000         0.000         0.000         0.000
 BMI06          0.000         0.000         0.000         0.000         0.000
 BMI09          0.000         0.000         0.000         0.000         0.000
 BMI11          0.000         0.000         0.000         0.000         0.000
 AHEI04         0.000         0.000         0.000         0.000         0.000
 AHEI06         0.000         0.000         0.000         0.000         0.000
 AHEI09         0.000         0.000         0.000         0.000         0.000
 AHEI11         0.000         0.000         0.000         0.000         0.000
 AGE04          0.000         0.000         0.000         0.000         0.000
 GENDER         1.000         0.000         0.000         0.000         0.000
 KCAL04         0.000         1.000         0.000         0.000         0.000
 MET04          0.000         0.000         1.000         0.000         0.000
 SMOKE04        0.000         0.000         0.000         1.000         0.000
 EDUC04         0.000         0.000         0.000         0.000         1.000
 SYSTO04        0.000         0.000         0.000         0.000         0.000
 DIASTO04       0.000         0.000         0.000         0.000         0.000
 Q1             0.000         0.000         0.000         0.000         0.000
 Q2             0.000         0.000         0.000         0.000         0.000
 Q3             0.000         0.000         0.000         0.000         0.000


           LAMBDA
              SYSTO04       DIASTO04      Q1            Q2            Q3
              ________      ________      ________      ________      ________
 BMI04          0.000         0.000         0.000         0.000         0.000
 BMI06          0.000         0.000         0.000         0.000         0.000
 BMI09          0.000         0.000         0.000         0.000         0.000
 BMI11          0.000         0.000         0.000         0.000         0.000
 AHEI04         0.000         0.000         0.000         0.000         0.000
 AHEI06         0.000         0.000         0.000         0.000         0.000
 AHEI09         0.000         0.000         0.000         0.000         0.000
 AHEI11         0.000         0.000         0.000         0.000         0.000
 AGE04          0.000         0.000         0.000         0.000         0.000
 GENDER         0.000         0.000         0.000         0.000         0.000
 KCAL04         0.000         0.000         0.000         0.000         0.000
 MET04          0.000         0.000         0.000         0.000         0.000
 SMOKE04        0.000         0.000         0.000         0.000         0.000
 EDUC04         0.000         0.000         0.000         0.000         0.000
 SYSTO04        1.000         0.000         0.000         0.000         0.000
 DIASTO04       0.000         1.000         0.000         0.000         0.000
 Q1             0.000         0.000         1.000         0.000         0.000
 Q2             0.000         0.000         0.000         1.000         0.000
 Q3             0.000         0.000         0.000         0.000         1.000


           THETA
              BMI04         BMI06         BMI09         BMI11         AHEI04
              ________      ________      ________      ________      ________
 BMI04          5.617
 BMI06          0.000         6.364
 BMI09          0.000         0.000         5.891
 BMI11          0.000         0.000         0.000        11.820
 AHEI04         0.000         0.000         0.000         0.000        35.805
 AHEI06         0.000         0.000         0.000         0.000         0.000
 AHEI09         0.000         0.000         0.000         0.000         0.000
 AHEI11         0.000         0.000         0.000         0.000         0.000
 AGE04          0.000         0.000         0.000         0.000         0.000
 GENDER         0.000         0.000         0.000         0.000         0.000
 KCAL04         0.000         0.000         0.000         0.000         0.000
 MET04          0.000         0.000         0.000         0.000         0.000
 SMOKE04        0.000         0.000         0.000         0.000         0.000
 EDUC04         0.000         0.000         0.000         0.000         0.000
 SYSTO04        0.000         0.000         0.000         0.000         0.000
 DIASTO04       0.000         0.000         0.000         0.000         0.000
 Q1             0.000         0.000         0.000         0.000         0.000
 Q2             0.000         0.000         0.000         0.000         0.000
 Q3             0.000         0.000         0.000         0.000         0.000


           THETA
              AHEI06        AHEI09        AHEI11        AGE04         GENDER
              ________      ________      ________      ________      ________
 AHEI06        33.621
 AHEI09         0.000        31.897
 AHEI11         0.000         0.000        31.500
 AGE04          0.000         0.000         0.000         0.000
 GENDER         0.000         0.000         0.000         0.000         0.000
 KCAL04         0.000         0.000         0.000         0.000         0.000
 MET04          0.000         0.000         0.000         0.000         0.000
 SMOKE04        0.000         0.000         0.000         0.000         0.000
 EDUC04         0.000         0.000         0.000         0.000         0.000
 SYSTO04        0.000         0.000         0.000         0.000         0.000
 DIASTO04       0.000         0.000         0.000         0.000         0.000
 Q1             0.000         0.000         0.000         0.000         0.000
 Q2             0.000         0.000         0.000         0.000         0.000
 Q3             0.000         0.000         0.000         0.000         0.000


           THETA
              KCAL04        MET04         SMOKE04       EDUC04        SYSTO04
              ________      ________      ________      ________      ________
 KCAL04         0.000
 MET04          0.000         0.000
 SMOKE04        0.000         0.000         0.000
 EDUC04         0.000         0.000         0.000         0.000
 SYSTO04        0.000         0.000         0.000         0.000         0.000
 DIASTO04       0.000         0.000         0.000         0.000         0.000
 Q1             0.000         0.000         0.000         0.000         0.000
 Q2             0.000         0.000         0.000         0.000         0.000
 Q3             0.000         0.000         0.000         0.000         0.000


           THETA
              DIASTO04      Q1            Q2            Q3
              ________      ________      ________      ________
 DIASTO04       0.000
 Q1             0.000         0.000
 Q2             0.000         0.000         0.000
 Q3             0.000         0.000         0.000         0.000


           ALPHA
              IB            SB            ID            SD            AGE04
              ________      ________      ________      ________      ________
 1             23.091         0.035        37.845         0.202        47.385


           ALPHA
              GENDER        KCAL04        MET04         SMOKE04       EDUC04
              ________      ________      ________      ________      ________
 1              1.519      2188.497       118.186         0.334         1.724


           ALPHA
              SYSTO04       DIASTO04      Q1            Q2            Q3
              ________      ________      ________      ________      ________
 1            122.224        78.671         0.250         0.250         0.250


           BETA
              IB            SB            ID            SD            AGE04
              ________      ________      ________      ________      ________
 IB             0.000         0.000         0.000         0.000         0.000
 SB             0.000         0.000         0.000         0.000         0.000
 ID             0.000         0.000         0.000         0.000         0.000
 SD             0.000         0.000         0.000         0.000         0.000
 AGE04          0.000         0.000         0.000         0.000         0.000
 GENDER         0.000         0.000         0.000         0.000         0.000
 KCAL04         0.000         0.000         0.000         0.000         0.000
 MET04          0.000         0.000         0.000         0.000         0.000
 SMOKE04        0.000         0.000         0.000         0.000         0.000
 EDUC04         0.000         0.000         0.000         0.000         0.000
 SYSTO04        0.000         0.000         0.000         0.000         0.000
 DIASTO04       0.000         0.000         0.000         0.000         0.000
 Q1             0.000         0.000         0.000         0.000         0.000
 Q2             0.000         0.000         0.000         0.000         0.000
 Q3             0.000         0.000         0.000         0.000         0.000


           BETA
              GENDER        KCAL04        MET04         SMOKE04       EDUC04
              ________      ________      ________      ________      ________
 IB             0.000         0.000         0.000         0.000         0.000
 SB             0.000         0.000         0.000         0.000         0.000
 ID             0.000         0.000         0.000         0.000         0.000
 SD             0.000         0.000         0.000         0.000         0.000
 AGE04          0.000         0.000         0.000         0.000         0.000
 GENDER         0.000         0.000         0.000         0.000         0.000
 KCAL04         0.000         0.000         0.000         0.000         0.000
 MET04          0.000         0.000         0.000         0.000         0.000
 SMOKE04        0.000         0.000         0.000         0.000         0.000
 EDUC04         0.000         0.000         0.000         0.000         0.000
 SYSTO04        0.000         0.000         0.000         0.000         0.000
 DIASTO04       0.000         0.000         0.000         0.000         0.000
 Q1             0.000         0.000         0.000         0.000         0.000
 Q2             0.000         0.000         0.000         0.000         0.000
 Q3             0.000         0.000         0.000         0.000         0.000


           BETA
              SYSTO04       DIASTO04      Q1            Q2            Q3
              ________      ________      ________      ________      ________
 IB             0.000         0.000         0.000         0.000         0.000
 SB             0.000         0.000         0.000         0.000         0.000
 ID             0.000         0.000         0.000         0.000         0.000
 SD             0.000         0.000         0.000         0.000         0.000
 AGE04          0.000         0.000         0.000         0.000         0.000
 GENDER         0.000         0.000         0.000         0.000         0.000
 KCAL04         0.000         0.000         0.000         0.000         0.000
 MET04          0.000         0.000         0.000         0.000         0.000
 SMOKE04        0.000         0.000         0.000         0.000         0.000
 EDUC04         0.000         0.000         0.000         0.000         0.000
 SYSTO04        0.000         0.000         0.000         0.000         0.000
 DIASTO04       0.000         0.000         0.000         0.000         0.000
 Q1             0.000         0.000         0.000         0.000         0.000
 Q2             0.000         0.000         0.000         0.000         0.000
 Q3             0.000         0.000         0.000         0.000         0.000


           PSI
              IB            SB            ID            SD            AGE04
              ________      ________      ________      ________      ________
 IB            11.513
 SB             0.000         0.570
 ID             0.000         0.000        67.157
 SD             0.000         0.000         0.000        17.219
 AGE04          0.000         0.000         0.000         0.000       117.749
 GENDER         0.000         0.000         0.000         0.000         0.000
 KCAL04         0.000         0.000         0.000         0.000         0.000
 MET04          0.000         0.000         0.000         0.000         0.000
 SMOKE04        0.000         0.000         0.000         0.000         0.000
 EDUC04         0.000         0.000         0.000         0.000         0.000
 SYSTO04        0.000         0.000         0.000         0.000         0.000
 DIASTO04       0.000         0.000         0.000         0.000         0.000
 Q1             0.000         0.000         0.000         0.000         0.000
 Q2             0.000         0.000         0.000         0.000         0.000
 Q3             0.000         0.000         0.000         0.000         0.000


           PSI
              GENDER        KCAL04        MET04         SMOKE04       EDUC04
              ________      ________      ________      ________      ________
 GENDER         0.125
 KCAL04         0.000    229144.438
 MET04          0.000         0.000      6315.442
 SMOKE04        0.000         0.000         0.000         0.138
 EDUC04         0.000         0.000         0.000         0.000         0.876
 SYSTO04        0.000         0.000         0.000         0.000         0.000
 DIASTO04       0.000         0.000         0.000         0.000         0.000
 Q1             0.000         0.000         0.000         0.000         0.000
 Q2             0.000         0.000         0.000         0.000         0.000
 Q3             0.000         0.000         0.000         0.000         0.000


           PSI
              SYSTO04       DIASTO04      Q1            Q2            Q3
              ________      ________      ________      ________      ________
 SYSTO04      171.913
 DIASTO04       0.000        63.046
 Q1             0.000         0.000         0.094
 Q2             0.000         0.000         0.000         0.094
 Q3             0.000         0.000         0.000         0.000         0.094


     STARTING VALUES FOR THE ADDITIONAL PARAMETERS


           NEW/ADDITIONAL PARAMETERS
              IND1          IND2          IND3          DI1           DI2
              ________      ________      ________      ________      ________
 1              0.500         0.500         0.500         0.500         0.500


           NEW/ADDITIONAL PARAMETERS
              DI3           TO1           TO2           TO3           IND_L_1
              ________      ________      ________      ________      ________
 1              0.500         0.500         0.500         0.500         0.500


           NEW/ADDITIONAL PARAMETERS
              IND_L_2       IND_L_3       IND_S_1       IND_S_2       IND_S_3
              ________      ________      ________      ________      ________
 1              0.500         0.500         0.500         0.500         0.500


DIAGRAM INFORMATION

  Use View Diagram under the Diagram menu in the Mplus Editor to view the diagram.
  If running Mplus from the Mplus Diagrammer, the diagram opens automatically.

  Diagram output
    c:\users\likai\documents\git_repo\dqmedi\mplus\longitudinal\ahei bmi mediation model fit.dgm

     Beginning Time:  22:23:23
        Ending Time:  22:23:54
       Elapsed Time:  00:00:31



MUTHEN & MUTHEN
3463 Stoner Ave.
Los Angeles, CA  90066

Tel: (310) 391-9971
Fax: (310) 391-8971
Web: www.StatModel.com
Support: Support@StatModel.com

Copyright (c) 1998-2015 Muthen & Muthen
