Mplus VERSION 7.4
MUTHEN & MUTHEN
05/16/2019   1:12 PM

INPUT INSTRUCTIONS

  DATA: File is id0411 mplus.csv;

  VARIABLE: Names are IDind WAVE hhid t2 commid age04
                      kcal04 carbo04 fat04 protn04 bmi04
                      hwr04 wc04 diasto04 systo04 smoke04
                      gender educ04 indinc04 index04 met04
                      cmfp04 dash04 ahei04 hbs04 lbs04 dqd04
                      age06 kcal06 carbo06 fat06 protn06 bmi06
                      hwr06 wc06 diasto06 systo06 smoke06
                      educ06 indinc06 index06 met06 cmfp06 dash06
                      ahei06 hbs06 lbs06 dqd06 age09 kcal09 carbo09
                      fat09 protn09 bmi09 hwr09 wc09 diasto09 systo09
                      smoke09 educ09 indinc09 index09 met09 cmfp09
                      dash09 ahei09 hbs09 lbs09 dqd09 age11 kcal11
                      carbo11 fat11 protn11 bmi11 hwr11 wc11 diasto11
                      systo11 smoke11 educ11 indinc11 index11 met11
                      cmfp11 dash11 ahei11 hbs11 lbs11 dqd11 q_index
                       q1 q2 q3 carbo_p protn_p fat_p;

           Usev are  age04 gender kcal04 met04
                     bmi04 bmi06 bmi09 bmi11 smoke04
                     ahei04 ahei06 ahei09 ahei11
                     q1 q2 q3 educ04 systo04 diasto04;


           Missing are all(999);


  ANALYSIS:
  Type=random;
  ALGORITHM=INTEGRATION;
  Estimator=ML;



  MODEL:
  age04 gender kcal04 met04 smoke04
  bmi04 bmi06 bmi09 bmi11 educ04 systo04 diasto04
  ahei04 ahei06 ahei09 ahei11 q1 q2 q3;

  ib sb | bmi04@0 bmi06@2 bmi09@5 bmi11@7;
  id sd | ahei04@0 ahei06@2 ahei09@5 ahei11@7;

  ib with sb;
  id with sd;

  ib-sd on q1 q2 q3 age04 gender met04 kcal04 educ04 systo04 diasto04 smoke04;

  OUTPUT: tech1 tech8 tech4 cinterval;



INPUT READING TERMINATED NORMALLY




SUMMARY OF ANALYSIS

Number of groups                                                 1
Number of observations                                        9547

Number of dependent variables                                    8
Number of independent variables                                 11
Number of continuous latent variables                            4

Observed dependent variables

  Continuous
   BMI04       BMI06       BMI09       BMI11       AHEI04      AHEI06
   AHEI09      AHEI11

Observed independent variables
   AGE04       GENDER      KCAL04      MET04       SMOKE04     Q1
   Q2          Q3          EDUC04      SYSTO04     DIASTO04

Continuous latent variables
   IB          SB          ID          SD


Estimator                                                       ML
Information matrix                                        OBSERVED
Optimization Specifications for the Quasi-Newton Algorithm for
Continuous Outcomes
  Maximum number of iterations                                 100
  Convergence criterion                                  0.100D-05
Optimization Specifications for the EM Algorithm
  Maximum number of iterations                                 500
  Convergence criteria
    Loglikelihood change                                 0.100D-02
    Relative loglikelihood change                        0.100D-05
    Derivative                                           0.100D-02
Optimization Specifications for the M step of the EM Algorithm for
Categorical Latent variables
  Number of M step iterations                                    1
  M step convergence criterion                           0.100D-02
  Basis for M step termination                           ITERATION
Optimization Specifications for the M step of the EM Algorithm for
Censored, Binary or Ordered Categorical (Ordinal), Unordered
Categorical (Nominal) and Count Outcomes
  Number of M step iterations                                    1
  M step convergence criterion                           0.100D-02
  Basis for M step termination                           ITERATION
  Maximum value for logit thresholds                            15
  Minimum value for logit thresholds                           -15
  Minimum expected cell size for chi-square              0.100D-01
Maximum number of iterations for H1                           2000
Convergence criterion for H1                             0.100D-03
Optimization algorithm                                         EMA
Integration Specifications
  Type                                                    STANDARD
  Number of integration points                                  15
  Dimensions of numerical integration                            0
  Adaptive quadrature                                           ON
Cholesky                                                       OFF

Input data file(s)
  id0411 mplus.csv
Input data format  FREE


SUMMARY OF DATA

     Number of missing data patterns           248


COVARIANCE COVERAGE OF DATA

Minimum covariance coverage value   0.100


     PROPORTION OF DATA PRESENT FOR Y


           Covariance Coverage
              BMI04         BMI06         BMI09         BMI11         AHEI04
              ________      ________      ________      ________      ________
 BMI04          0.928
 BMI06          0.690         0.727
 BMI09          0.589         0.537         0.623
 BMI11          0.533         0.483         0.503         0.564
 AHEI04         0.922         0.722         0.619         0.561         0.994
 AHEI06         0.717         0.714         0.556         0.502         0.760
 AHEI09         0.584         0.531         0.591         0.495         0.619
 AHEI11         0.498         0.450         0.467         0.513         0.527
 AGE04          0.928         0.727         0.623         0.564         0.994
 GENDER         0.928         0.727         0.623         0.564         0.994
 KCAL04         0.928         0.727         0.623         0.564         0.994
 MET04          0.848         0.667         0.576         0.523         0.896
 SMOKE04        0.927         0.722         0.619         0.559         0.981
 Q1             0.927         0.726         0.622         0.563         0.993
 Q2             0.927         0.726         0.622         0.563         0.993
 Q3             0.927         0.726         0.622         0.563         0.993
 EDUC04         0.926         0.722         0.618         0.559         0.981
 SYSTO04        0.927         0.698         0.596         0.539         0.932
 DIASTO04       0.927         0.698         0.596         0.539         0.932


           Covariance Coverage
              AHEI06        AHEI09        AHEI11        AGE04         GENDER
              ________      ________      ________      ________      ________
 AHEI06         0.765
 AHEI09         0.556         0.622
 AHEI11         0.469         0.465         0.530
 AGE04          0.765         0.622         0.530         1.000
 GENDER         0.765         0.622         0.530         1.000         1.000
 KCAL04         0.765         0.622         0.530         1.000         1.000
 MET04          0.700         0.574         0.490         0.901         0.901
 SMOKE04        0.760         0.617         0.526         0.988         0.988
 Q1             0.764         0.621         0.529         0.999         0.999
 Q2             0.764         0.621         0.529         0.999         0.999
 Q3             0.764         0.621         0.529         0.999         0.999
 EDUC04         0.760         0.617         0.525         0.987         0.987
 SYSTO04        0.726         0.590         0.504         0.939         0.939
 DIASTO04       0.726         0.590         0.504         0.939         0.939


           Covariance Coverage
              KCAL04        MET04         SMOKE04       Q1            Q2
              ________      ________      ________      ________      ________
 KCAL04         1.000
 MET04          0.901         0.901
 SMOKE04        0.988         0.900         0.988
 Q1             0.999         0.900         0.987         0.999
 Q2             0.999         0.900         0.987         0.999         0.999
 Q3             0.999         0.900         0.987         0.999         0.999
 EDUC04         0.987         0.899         0.986         0.986         0.986
 SYSTO04        0.939         0.857         0.937         0.938         0.938
 DIASTO04       0.939         0.857         0.937         0.938         0.938


           Covariance Coverage
              Q3            EDUC04        SYSTO04       DIASTO04
              ________      ________      ________      ________
 Q3             0.999
 EDUC04         0.986         0.987
 SYSTO04        0.938         0.937         0.939
 DIASTO04       0.938         0.937         0.939         0.939


     THE STANDARD ERRORS OF THE MODEL PARAMETER ESTIMATES MAY NOT BE
     TRUSTWORTHY FOR SOME PARAMETERS DUE TO A NON-POSITIVE DEFINITE
     FIRST-ORDER DERIVATIVE PRODUCT MATRIX.  THIS MAY BE DUE TO THE STARTING
     VALUES BUT MAY ALSO BE AN INDICATION OF MODEL NONIDENTIFICATION.  THE
     CONDITION NUMBER IS       0.546D-19.  PROBLEM INVOLVING THE FOLLOWING PARAMETER:
     Parameter 143, DIASTO04


THE MODEL ESTIMATION TERMINATED NORMALLY



MODEL FIT INFORMATION

Number of Free Parameters                      143

Loglikelihood

          H0 Value                     -436714.906

Information Criteria

          Akaike (AIC)                  873715.813
          Bayesian (BIC)                874740.262
          Sample-Size Adjusted BIC      874285.830
            (n* = (n + 2) / 24)



MODEL RESULTS

                                                    Two-Tailed
                    Estimate       S.E.  Est./S.E.    P-Value

 IB       |
    BMI04              1.000      0.000    999.000    999.000
    BMI06              1.000      0.000    999.000    999.000
    BMI09              1.000      0.000    999.000    999.000
    BMI11              1.000      0.000    999.000    999.000

 SB       |
    BMI04              0.000      0.000    999.000    999.000
    BMI06              2.000      0.000    999.000    999.000
    BMI09              5.000      0.000    999.000    999.000
    BMI11              7.000      0.000    999.000    999.000

 ID       |
    AHEI04             1.000      0.000    999.000    999.000
    AHEI06             1.000      0.000    999.000    999.000
    AHEI09             1.000      0.000    999.000    999.000
    AHEI11             1.000      0.000    999.000    999.000

 SD       |
    AHEI04             0.000      0.000    999.000    999.000
    AHEI06             2.000      0.000    999.000    999.000
    AHEI09             5.000      0.000    999.000    999.000
    AHEI11             7.000      0.000    999.000    999.000

 IB         ON
    Q1                 0.103      0.094      1.092      0.275
    Q2                 0.679      0.098      6.915      0.000
    Q3                 0.651      0.105      6.192      0.000
    AGE04             -0.002      0.003     -0.618      0.536
    GENDER             0.374      0.086      4.377      0.000
    MET04              0.000      0.000      0.290      0.772
    KCAL04             0.000      0.000      6.655      0.000
    EDUC04             0.052      0.031      1.672      0.094
    SYSTO04            0.025      0.003      8.921      0.000
    DIASTO04           0.058      0.004     13.551      0.000
    SMOKE04           -0.359      0.077     -4.679      0.000

 SB         ON
    Q1                 0.012      0.013      0.961      0.336
    Q2                -0.009      0.014     -0.692      0.489
    Q3                -0.036      0.015     -2.426      0.015
    AGE04             -0.004      0.000     -8.764      0.000
    GENDER            -0.035      0.012     -2.919      0.004
    MET04              0.000      0.000     -0.862      0.389
    KCAL04             0.000      0.000      0.589      0.556
    EDUC04            -0.013      0.004     -2.831      0.005
    SYSTO04           -0.001      0.000     -3.553      0.000
    DIASTO04           0.000      0.001     -0.400      0.689
    SMOKE04           -0.014      0.010     -1.366      0.172

 ID         ON
    Q1                -1.583      0.213     -7.428      0.000
    Q2                -4.370      0.222    -19.644      0.000
    Q3                -4.594      0.240    -19.161      0.000
    AGE04              0.043      0.006      6.916      0.000
    GENDER             0.386      0.196      1.971      0.049
    MET04              0.002      0.001      2.525      0.012
    KCAL04             0.001      0.000     10.421      0.000
    EDUC04            -0.153      0.071     -2.144      0.032
    SYSTO04            0.004      0.006      0.571      0.568
    DIASTO04           0.004      0.010      0.393      0.694
    SMOKE04            0.029      0.178      0.164      0.870

 SD         ON
    Q1                 0.059      0.047      1.256      0.209
    Q2                 0.321      0.050      6.358      0.000
    Q3                 0.472      0.056      8.483      0.000
    AGE04             -0.003      0.002     -2.117      0.034
    GENDER             0.019      0.046      0.410      0.682
    MET04              0.000      0.000      2.034      0.042
    KCAL04             0.000      0.000     -7.896      0.000
    EDUC04             0.037      0.017      2.226      0.026
    SYSTO04            0.000      0.002      0.012      0.991
    DIASTO04           0.001      0.002      0.619      0.536
    SMOKE04            0.015      0.042      0.349      0.727

 IB       WITH
    SB                -0.092      0.020     -4.620      0.000

 ID       WITH
    SD                -1.249      0.207     -6.032      0.000
    IB                 1.030      0.243      4.233      0.000
    SB                 0.007      0.034      0.215      0.830

 SD       WITH
    IB                -0.024      0.056     -0.425      0.671
    SB                -0.007      0.007     -0.972      0.331

 GENDER   WITH
    AGE04              0.199      0.078      2.532      0.011

 KCAL04   WITH
    AGE04          -1363.375    107.236    -12.714      0.000
    GENDER           -91.666      3.587    -25.558      0.000

 MET04    WITH
    AGE04           -421.070     19.848    -21.215      0.000
    GENDER            -8.113      0.609    -13.315      0.000
    KCAL04         15950.457    840.487     18.978      0.000

 SMOKE04  WITH
    AGE04              0.284      0.083      3.418      0.001
    GENDER            -0.150      0.003    -48.389      0.000
    KCAL04            57.584      3.701     15.557      0.000
    MET04              4.819      0.634      7.602      0.000

 Q1       WITH
    AGE04             -0.282      0.068     -4.148      0.000
    GENDER            -0.002      0.002     -0.834      0.404
    KCAL04            13.582      3.004      4.521      0.000
    MET04              5.215      0.521     10.001      0.000
    SMOKE04            0.003      0.002      1.377      0.168

 Q2       WITH
    AGE04              0.044      0.068      0.647      0.517
    GENDER             0.000      0.002      0.202      0.840
    KCAL04            -6.224      3.001     -2.074      0.038
    MET04             -5.750      0.529    -10.866      0.000
    SMOKE04            0.001      0.002      0.571      0.568
    Q1                -0.063      0.002    -30.888      0.000

 Q3       WITH
    AGE04              0.452      0.068      6.625      0.000
    GENDER             0.003      0.002      1.322      0.186
    KCAL04           -19.105      3.007     -6.353      0.000
    MET04             -9.873      0.534    -18.492      0.000
    SMOKE04           -0.007      0.002     -3.051      0.002
    Q1                -0.063      0.002    -30.883      0.000
    Q2                -0.062      0.002    -30.874      0.000

 EDUC04   WITH
    AGE04             -8.216      0.226    -36.384      0.000
    GENDER            -0.129      0.007    -18.672      0.000
    KCAL04            78.478      9.254      8.481      0.000
    MET04             -1.552      1.606     -0.967      0.334
    SMOKE04            0.042      0.007      5.790      0.000
    Q1                -0.090      0.006    -15.119      0.000
    Q2                 0.025      0.006      4.287      0.000
    Q3                 0.182      0.006     29.465      0.000

 SYSTO04  WITH
    AGE04            117.507      3.251     36.146      0.000
    GENDER            -0.814      0.098     -8.322      0.000
    KCAL04          -955.561    133.083     -7.180      0.000
    MET04           -277.690     23.384    -11.875      0.000
    SMOKE04            0.674      0.102      6.578      0.000
    Q1                -0.170      0.084     -2.012      0.044
    Q2                 0.393      0.084      4.655      0.000
    Q3                 0.344      0.084      4.096      0.000
    EDUC04            -3.742      0.262    -14.299      0.000

 DIASTO04 WITH
    AGE04             35.891      1.871     19.181      0.000
    GENDER            -0.691      0.060    -11.602      0.000
    KCAL04          -283.882     80.636     -3.521      0.000
    MET04            -84.869     13.990     -6.066      0.000
    SMOKE04            0.448      0.062      7.208      0.000
    Q1                -0.067      0.051     -1.310      0.190
    Q2                 0.366      0.051      7.132      0.000
    Q3                -0.010      0.051     -0.189      0.850
    EDUC04            -0.820      0.157     -5.222      0.000
    SYSTO04          148.446      2.709     54.796      0.000

 Means
    AGE04             47.385      0.157    301.706      0.000
    GENDER             1.519      0.005    297.033      0.000
    KCAL04          2188.497      6.928    315.871      0.000
    MET04            116.454      1.209     96.325      0.000
    SMOKE04            0.335      0.005     61.982      0.000
    Q1                 0.250      0.004     56.368      0.000
    Q2                 0.250      0.004     56.405      0.000
    Q3                 0.250      0.004     56.420      0.000
    EDUC04             1.729      0.014    126.964      0.000
    SYSTO04          122.078      0.195    625.858      0.000
    DIASTO04          78.637      0.118    664.458      0.000

 Intercepts
    BMI04              0.000      0.000    999.000    999.000
    BMI06              0.000      0.000    999.000    999.000
    BMI09              0.000      0.000    999.000    999.000
    BMI11              0.000      0.000    999.000    999.000
    AHEI04             0.000      0.000    999.000    999.000
    AHEI06             0.000      0.000    999.000    999.000
    AHEI09             0.000      0.000    999.000    999.000
    AHEI11             0.000      0.000    999.000    999.000
    IB                13.812      0.373     36.983      0.000
    SB                 0.509      0.054      9.448      0.000
    ID                34.736      0.859     40.427      0.000
    SD                 0.405      0.201      2.015      0.044

 Variances
    AGE04            235.499      3.409     69.091      0.000
    GENDER             0.250      0.004     69.091      0.000
    KCAL04         *********   6633.166     69.091      0.000
    MET04          12716.438    194.849     65.263      0.000
    SMOKE04            0.276      0.004     68.711      0.000
    Q1                 0.188      0.003     69.057      0.000
    Q2                 0.188      0.003     69.062      0.000
    Q3                 0.188      0.003     69.047      0.000
    EDUC04             1.755      0.026     68.601      0.000
    SYSTO04          345.120      5.165     66.818      0.000
    DIASTO04         126.190      1.886     66.907      0.000

 Residual Variances
    BMI04              0.972      0.072     13.537      0.000
    BMI06              3.131      0.070     44.840      0.000
    BMI09              1.534      0.071     21.531      0.000
    BMI11             13.574      0.292     46.477      0.000
    AHEI04            49.280      1.264     38.976      0.000
    AHEI06            51.227      1.019     50.279      0.000
    AHEI09            52.251      1.161     45.022      0.000
    AHEI11            52.763      1.611     32.758      0.000
    IB                 9.112      0.161     56.674      0.000
    SB                 0.046      0.004     10.695      0.000
    ID                16.779      1.079     15.544      0.000
    SD                 0.223      0.052      4.272      0.000


QUALITY OF NUMERICAL RESULTS

     Condition Number for the Information Matrix              0.546E-19
       (ratio of smallest to largest eigenvalue)


CONFIDENCE INTERVALS OF MODEL RESULTS

                  Lower .5%  Lower 2.5%    Lower 5%    Estimate    Upper 5%  Upper 2.5%   Upper .5%

 IB       |
    BMI04            1.000       1.000       1.000       1.000       1.000       1.000       1.000
    BMI06            1.000       1.000       1.000       1.000       1.000       1.000       1.000
    BMI09            1.000       1.000       1.000       1.000       1.000       1.000       1.000
    BMI11            1.000       1.000       1.000       1.000       1.000       1.000       1.000

 SB       |
    BMI04            0.000       0.000       0.000       0.000       0.000       0.000       0.000
    BMI06            2.000       2.000       2.000       2.000       2.000       2.000       2.000
    BMI09            5.000       5.000       5.000       5.000       5.000       5.000       5.000
    BMI11            7.000       7.000       7.000       7.000       7.000       7.000       7.000

 ID       |
    AHEI04           1.000       1.000       1.000       1.000       1.000       1.000       1.000
    AHEI06           1.000       1.000       1.000       1.000       1.000       1.000       1.000
    AHEI09           1.000       1.000       1.000       1.000       1.000       1.000       1.000
    AHEI11           1.000       1.000       1.000       1.000       1.000       1.000       1.000

 SD       |
    AHEI04           0.000       0.000       0.000       0.000       0.000       0.000       0.000
    AHEI06           2.000       2.000       2.000       2.000       2.000       2.000       2.000
    AHEI09           5.000       5.000       5.000       5.000       5.000       5.000       5.000
    AHEI11           7.000       7.000       7.000       7.000       7.000       7.000       7.000

 IB       ON
    Q1              -0.140      -0.082      -0.052       0.103       0.258       0.288       0.346
    Q2               0.426       0.487       0.518       0.679       0.841       0.872       0.932
    Q3               0.380       0.445       0.478       0.651       0.824       0.857       0.922
    AGE04           -0.009      -0.007      -0.006      -0.002       0.003       0.004       0.005
    GENDER           0.154       0.207       0.234       0.374       0.515       0.542       0.595
    MET04           -0.001      -0.001       0.000       0.000       0.001       0.001       0.001
    KCAL04           0.000       0.000       0.000       0.000       0.000       0.000       0.000
    EDUC04          -0.028      -0.009       0.001       0.052       0.103       0.113       0.132
    SYSTO04          0.018       0.019       0.020       0.025       0.029       0.030       0.032
    DIASTO04         0.047       0.050       0.051       0.058       0.065       0.067       0.069
    SMOKE04         -0.557      -0.510      -0.486      -0.359      -0.233      -0.209      -0.162

 SB       ON
    Q1              -0.020      -0.013      -0.009       0.012       0.033       0.037       0.045
    Q2              -0.044      -0.036      -0.032      -0.009       0.013       0.017       0.026
    Q3              -0.075      -0.066      -0.061      -0.036      -0.012      -0.007       0.002
    AGE04           -0.005      -0.004      -0.004      -0.004      -0.003      -0.003      -0.003
    GENDER          -0.066      -0.059      -0.055      -0.035      -0.015      -0.012      -0.004
    MET04            0.000       0.000       0.000       0.000       0.000       0.000       0.000
    KCAL04           0.000       0.000       0.000       0.000       0.000       0.000       0.000
    EDUC04          -0.024      -0.021      -0.020      -0.013      -0.005      -0.004      -0.001
    SYSTO04         -0.002      -0.002      -0.002      -0.001      -0.001      -0.001       0.000
    DIASTO04        -0.002      -0.001      -0.001       0.000       0.001       0.001       0.001
    SMOKE04         -0.041      -0.035      -0.032      -0.014       0.003       0.006       0.013

 ID       ON
    Q1              -2.132      -2.001      -1.934      -1.583      -1.233      -1.165      -1.034
    Q2              -4.943      -4.806      -4.736      -4.370      -4.004      -3.934      -3.797
    Q3              -5.211      -5.063      -4.988      -4.594      -4.199      -4.124      -3.976
    AGE04            0.027       0.031       0.033       0.043       0.054       0.056       0.059
    GENDER          -0.119       0.002       0.064       0.386       0.709       0.771       0.891
    MET04            0.000       0.000       0.001       0.002       0.003       0.003       0.004
    KCAL04           0.001       0.001       0.001       0.001       0.001       0.001       0.002
    EDUC04          -0.336      -0.292      -0.270      -0.153      -0.036      -0.013       0.031
    SYSTO04         -0.013      -0.009      -0.007       0.004       0.014       0.016       0.020
    DIASTO04        -0.022      -0.016      -0.013       0.004       0.020       0.024       0.030
    SMOKE04         -0.429      -0.319      -0.263       0.029       0.322       0.378       0.487

 SD       ON
    Q1              -0.062      -0.033      -0.018       0.059       0.137       0.152       0.181
    Q2               0.191       0.222       0.238       0.321       0.404       0.420       0.451
    Q3               0.329       0.363       0.381       0.472       0.564       0.582       0.616
    AGE04           -0.007      -0.006      -0.006      -0.003      -0.001       0.000       0.001
    GENDER          -0.099      -0.071      -0.056       0.019       0.094       0.108       0.136
    MET04            0.000       0.000       0.000       0.000       0.001       0.001       0.001
    KCAL04           0.000       0.000       0.000       0.000       0.000       0.000       0.000
    EDUC04          -0.006       0.004       0.010       0.037       0.064       0.070       0.080
    SYSTO04         -0.004      -0.003      -0.002       0.000       0.002       0.003       0.004
    DIASTO04        -0.005      -0.003      -0.002       0.001       0.005       0.006       0.007
    SMOKE04         -0.093      -0.068      -0.054       0.015       0.084       0.097       0.123

 IB       WITH
    SB              -0.143      -0.131      -0.124      -0.092      -0.059      -0.053      -0.041

 ID       WITH
    SD              -1.782      -1.654      -1.589      -1.249      -0.908      -0.843      -0.715
    IB               0.403       0.553       0.630       1.030       1.430       1.507       1.657
    SB              -0.080      -0.059      -0.048       0.007       0.063       0.073       0.094

 SD       WITH
    IB              -0.168      -0.133      -0.116      -0.024       0.068       0.086       0.120
    SB              -0.025      -0.021      -0.019      -0.007       0.005       0.007       0.011

 GENDER   WITH
    AGE04           -0.003       0.045       0.070       0.199       0.328       0.353       0.401

 KCAL04   WITH
    AGE04        -1639.592   -1573.556   -1539.777   -1363.375   -1186.972   -1153.193   -1087.157
    GENDER        -100.904     -98.695     -97.566     -91.666     -85.766     -84.636     -82.427

 MET04    WITH
    AGE04         -472.194    -459.971    -453.719    -421.070    -388.420    -382.168    -369.946
    GENDER          -9.682      -9.307      -9.115      -8.113      -7.110      -6.918      -6.543
    KCAL04       13785.530   14303.102   14567.855   15950.457   17333.059   17597.812   18115.385

 SMOKE04  WITH
    AGE04            0.070       0.121       0.147       0.284       0.421       0.447       0.498
    GENDER          -0.158      -0.156      -0.155      -0.150      -0.145      -0.144      -0.142
    KCAL04          48.050      50.329      51.495      57.584      63.673      64.839      67.119
    MET04            3.186       3.576       3.776       4.819       5.862       6.061       6.452

 Q1       WITH
    AGE04           -0.458      -0.416      -0.394      -0.282      -0.170      -0.149      -0.107
    GENDER          -0.008      -0.006      -0.005      -0.002       0.002       0.002       0.004
    KCAL04           5.844       7.694       8.640      13.582      18.523      19.470      21.319
    MET04            3.871       4.193       4.357       5.215       6.072       6.236       6.558
    SMOKE04         -0.003      -0.001      -0.001       0.003       0.007       0.008       0.009

 Q2       WITH
    AGE04           -0.131      -0.089      -0.068       0.044       0.156       0.177       0.219
    GENDER          -0.005      -0.004      -0.003       0.000       0.004       0.005       0.006
    KCAL04         -13.955     -12.106     -11.161      -6.224      -1.286      -0.341       1.507
    MET04           -7.113      -6.787      -6.620      -5.750      -4.879      -4.713      -4.387
    SMOKE04         -0.005      -0.003      -0.003       0.001       0.005       0.006       0.007
    Q1              -0.068      -0.066      -0.066      -0.063      -0.059      -0.059      -0.057

 Q3       WITH
    AGE04            0.276       0.318       0.340       0.452       0.564       0.585       0.627
    GENDER          -0.003      -0.001      -0.001       0.003       0.007       0.007       0.009
    KCAL04         -26.850     -24.998     -24.051     -19.105     -14.158     -13.211     -11.359
    MET04          -11.249     -10.920     -10.752      -9.873      -8.995      -8.827      -8.498
    SMOKE04         -0.013      -0.012      -0.011      -0.007      -0.003      -0.003      -0.001
    Q1              -0.068      -0.066      -0.066      -0.063      -0.059      -0.059      -0.057
    Q2              -0.068      -0.066      -0.066      -0.062      -0.059      -0.059      -0.057

 EDUC04   WITH
    AGE04           -8.798      -8.659      -8.587      -8.216      -7.845      -7.773      -7.634
    GENDER          -0.147      -0.143      -0.141      -0.129      -0.118      -0.116      -0.112
    KCAL04          54.642      60.340      63.255      78.478      93.701      96.616     102.314
    MET04           -5.689      -4.700      -4.194      -1.552       1.090       1.595       2.584
    SMOKE04          0.023       0.028       0.030       0.042       0.053       0.056       0.060
    Q1              -0.106      -0.102      -0.100      -0.090      -0.081      -0.079      -0.075
    Q2               0.010       0.014       0.016       0.025       0.035       0.037       0.041
    Q3               0.167       0.170       0.172       0.182       0.193       0.195       0.198

 SYSTO04  WITH
    AGE04          109.133     111.135     112.159     117.507     122.855     123.879     125.881
    GENDER          -1.066      -1.006      -0.975      -0.814      -0.653      -0.622      -0.562
    KCAL04       -1298.356   -1216.404   -1174.482    -955.561    -736.639    -694.718    -612.765
    MET04         -337.923    -323.523    -316.157    -277.690    -239.222    -231.856    -217.456
    SMOKE04          0.410       0.473       0.505       0.674       0.843       0.875       0.938
    Q1              -0.388      -0.336      -0.309      -0.170      -0.031      -0.004       0.048
    Q2               0.175       0.227       0.254       0.393       0.532       0.558       0.610
    Q3               0.128       0.179       0.206       0.344       0.482       0.508       0.560
    EDUC04          -4.417      -4.255      -4.173      -3.742      -3.312      -3.229      -3.068

 DIASTO04 WITH
    AGE04           31.071      32.223      32.813      35.891      38.969      39.558      40.710
    GENDER          -0.844      -0.807      -0.789      -0.691      -0.593      -0.574      -0.537
    KCAL04        -491.585    -441.930    -416.529    -283.882    -151.236    -125.835     -76.180
    MET04         -120.905    -112.289    -107.883     -84.869     -61.855     -57.448     -48.833
    SMOKE04          0.288       0.326       0.346       0.448       0.550       0.570       0.608
    Q1              -0.199      -0.168      -0.152      -0.067       0.017       0.033       0.065
    Q2               0.234       0.265       0.281       0.366       0.450       0.466       0.498
    Q3              -0.141      -0.109      -0.093      -0.010       0.074       0.090       0.121
    EDUC04          -1.225      -1.128      -1.079      -0.820      -0.562      -0.513      -0.416
    SYSTO04        141.468     143.136     143.989     148.446     152.902     153.756     155.424

 Means
    AGE04           46.981      47.078      47.127      47.385      47.644      47.693      47.790
    GENDER           1.506       1.509       1.510       1.519       1.527       1.529       1.532
    KCAL04        2170.651    2174.917    2177.100    2188.497    2199.894    2202.077    2206.343
    MET04          113.340     114.085     114.465     116.454     118.443     118.824     119.568
    SMOKE04          0.321       0.324       0.326       0.335       0.344       0.345       0.349
    Q1               0.239       0.241       0.243       0.250       0.257       0.259       0.261
    Q2               0.239       0.241       0.243       0.250       0.257       0.259       0.261
    Q3               0.239       0.241       0.243       0.250       0.257       0.259       0.262
    EDUC04           1.694       1.702       1.707       1.729       1.751       1.756       1.764
    SYSTO04        121.575     121.695     121.757     122.078     122.398     122.460     122.580
    DIASTO04        78.333      78.406      78.443      78.637      78.832      78.869      78.942

 Intercepts
    BMI04            0.000       0.000       0.000       0.000       0.000       0.000       0.000
    BMI06            0.000       0.000       0.000       0.000       0.000       0.000       0.000
    BMI09            0.000       0.000       0.000       0.000       0.000       0.000       0.000
    BMI11            0.000       0.000       0.000       0.000       0.000       0.000       0.000
    AHEI04           0.000       0.000       0.000       0.000       0.000       0.000       0.000
    AHEI06           0.000       0.000       0.000       0.000       0.000       0.000       0.000
    AHEI09           0.000       0.000       0.000       0.000       0.000       0.000       0.000
    AHEI11           0.000       0.000       0.000       0.000       0.000       0.000       0.000
    IB              12.850      13.080      13.197      13.812      14.426      14.544      14.774
    SB               0.371       0.404       0.421       0.509       0.598       0.615       0.648
    ID              32.522      33.051      33.322      34.736      36.149      36.420      36.949
    SD              -0.113       0.011       0.074       0.405       0.736       0.800       0.924

 Variances
    AGE04          226.719     228.818     229.892     235.499     241.106     242.180     244.279
    GENDER           0.240       0.243       0.244       0.250       0.256       0.257       0.259
    KCAL04       *********  445287.875  447377.312  458288.875  469200.438  471289.875  475374.594
    MET04        12214.546   12334.533   12395.911   12716.438   13036.964   13098.342   13218.329
    SMOKE04          0.266       0.268       0.269       0.276       0.283       0.284       0.286
    Q1               0.181       0.182       0.183       0.188       0.192       0.193       0.195
    Q2               0.181       0.182       0.183       0.188       0.192       0.193       0.195
    Q3               0.181       0.182       0.183       0.188       0.192       0.193       0.195
    EDUC04           1.689       1.705       1.713       1.755       1.797       1.805       1.821
    SYSTO04        331.816     334.997     336.624     345.120     353.617     355.244     358.424
    DIASTO04       121.332     122.494     123.088     126.190     129.293     129.887     131.049

 Residual Variances
    BMI04            0.787       0.832       0.854       0.972       1.091       1.113       1.157
    BMI06            2.951       2.994       3.016       3.131       3.246       3.268       3.311
    BMI09            1.351       1.394       1.417       1.534       1.651       1.674       1.718
    BMI11           12.822      13.002      13.094      13.574      14.055      14.147      14.327
    AHEI04          46.024      46.802      47.201      49.280      51.360      51.759      52.537
    AHEI06          48.602      49.230      49.551      51.227      52.903      53.224      53.851
    AHEI09          49.262      49.977      50.342      52.251      54.160      54.526      55.241
    AHEI11          48.614      49.606      50.114      52.763      55.413      55.920      56.912
    IB               8.698       8.797       8.848       9.112       9.377       9.427       9.526
    SB               0.035       0.037       0.039       0.046       0.053       0.054       0.057
    ID              13.998      14.663      15.003      16.779      18.554      18.894      19.559
    SD               0.089       0.121       0.137       0.223       0.309       0.326       0.358


TECHNICAL 1 OUTPUT


     PARAMETER SPECIFICATION


           NU
              BMI04         BMI06         BMI09         BMI11         AHEI04
              ________      ________      ________      ________      ________
 1                  0             0             0             0             0


           NU
              AHEI06        AHEI09        AHEI11        AGE04         GENDER
              ________      ________      ________      ________      ________
 1                  0             0             0             0             0


           NU
              KCAL04        MET04         SMOKE04       Q1            Q2
              ________      ________      ________      ________      ________
 1                  0             0             0             0             0


           NU
              Q3            EDUC04        SYSTO04       DIASTO04
              ________      ________      ________      ________
 1                  0             0             0             0


           LAMBDA
              IB            SB            ID            SD            AGE04
              ________      ________      ________      ________      ________
 BMI04              0             0             0             0             0
 BMI06              0             0             0             0             0
 BMI09              0             0             0             0             0
 BMI11              0             0             0             0             0
 AHEI04             0             0             0             0             0
 AHEI06             0             0             0             0             0
 AHEI09             0             0             0             0             0
 AHEI11             0             0             0             0             0
 AGE04              0             0             0             0             0
 GENDER             0             0             0             0             0
 KCAL04             0             0             0             0             0
 MET04              0             0             0             0             0
 SMOKE04            0             0             0             0             0
 Q1                 0             0             0             0             0
 Q2                 0             0             0             0             0
 Q3                 0             0             0             0             0
 EDUC04             0             0             0             0             0
 SYSTO04            0             0             0             0             0
 DIASTO04           0             0             0             0             0


           LAMBDA
              GENDER        KCAL04        MET04         SMOKE04       Q1
              ________      ________      ________      ________      ________
 BMI04              0             0             0             0             0
 BMI06              0             0             0             0             0
 BMI09              0             0             0             0             0
 BMI11              0             0             0             0             0
 AHEI04             0             0             0             0             0
 AHEI06             0             0             0             0             0
 AHEI09             0             0             0             0             0
 AHEI11             0             0             0             0             0
 AGE04              0             0             0             0             0
 GENDER             0             0             0             0             0
 KCAL04             0             0             0             0             0
 MET04              0             0             0             0             0
 SMOKE04            0             0             0             0             0
 Q1                 0             0             0             0             0
 Q2                 0             0             0             0             0
 Q3                 0             0             0             0             0
 EDUC04             0             0             0             0             0
 SYSTO04            0             0             0             0             0
 DIASTO04           0             0             0             0             0


           LAMBDA
              Q2            Q3            EDUC04        SYSTO04       DIASTO04
              ________      ________      ________      ________      ________
 BMI04              0             0             0             0             0
 BMI06              0             0             0             0             0
 BMI09              0             0             0             0             0
 BMI11              0             0             0             0             0
 AHEI04             0             0             0             0             0
 AHEI06             0             0             0             0             0
 AHEI09             0             0             0             0             0
 AHEI11             0             0             0             0             0
 AGE04              0             0             0             0             0
 GENDER             0             0             0             0             0
 KCAL04             0             0             0             0             0
 MET04              0             0             0             0             0
 SMOKE04            0             0             0             0             0
 Q1                 0             0             0             0             0
 Q2                 0             0             0             0             0
 Q3                 0             0             0             0             0
 EDUC04             0             0             0             0             0
 SYSTO04            0             0             0             0             0
 DIASTO04           0             0             0             0             0


           THETA
              BMI04         BMI06         BMI09         BMI11         AHEI04
              ________      ________      ________      ________      ________
 BMI04              1
 BMI06              0             2
 BMI09              0             0             3
 BMI11              0             0             0             4
 AHEI04             0             0             0             0             5
 AHEI06             0             0             0             0             0
 AHEI09             0             0             0             0             0
 AHEI11             0             0             0             0             0
 AGE04              0             0             0             0             0
 GENDER             0             0             0             0             0
 KCAL04             0             0             0             0             0
 MET04              0             0             0             0             0
 SMOKE04            0             0             0             0             0
 Q1                 0             0             0             0             0
 Q2                 0             0             0             0             0
 Q3                 0             0             0             0             0
 EDUC04             0             0             0             0             0
 SYSTO04            0             0             0             0             0
 DIASTO04           0             0             0             0             0


           THETA
              AHEI06        AHEI09        AHEI11        AGE04         GENDER
              ________      ________      ________      ________      ________
 AHEI06             6
 AHEI09             0             7
 AHEI11             0             0             8
 AGE04              0             0             0             0
 GENDER             0             0             0             0             0
 KCAL04             0             0             0             0             0
 MET04              0             0             0             0             0
 SMOKE04            0             0             0             0             0
 Q1                 0             0             0             0             0
 Q2                 0             0             0             0             0
 Q3                 0             0             0             0             0
 EDUC04             0             0             0             0             0
 SYSTO04            0             0             0             0             0
 DIASTO04           0             0             0             0             0


           THETA
              KCAL04        MET04         SMOKE04       Q1            Q2
              ________      ________      ________      ________      ________
 KCAL04             0
 MET04              0             0
 SMOKE04            0             0             0
 Q1                 0             0             0             0
 Q2                 0             0             0             0             0
 Q3                 0             0             0             0             0
 EDUC04             0             0             0             0             0
 SYSTO04            0             0             0             0             0
 DIASTO04           0             0             0             0             0


           THETA
              Q3            EDUC04        SYSTO04       DIASTO04
              ________      ________      ________      ________
 Q3                 0
 EDUC04             0             0
 SYSTO04            0             0             0
 DIASTO04           0             0             0             0


           ALPHA
              IB            SB            ID            SD            AGE04
              ________      ________      ________      ________      ________
 1                  9            10            11            12            13


           ALPHA
              GENDER        KCAL04        MET04         SMOKE04       Q1
              ________      ________      ________      ________      ________
 1                 14            15            16            17            18


           ALPHA
              Q2            Q3            EDUC04        SYSTO04       DIASTO04
              ________      ________      ________      ________      ________
 1                 19            20            21            22            23


           BETA
              IB            SB            ID            SD            AGE04
              ________      ________      ________      ________      ________
 IB                 0             0             0             0            24
 SB                 0             0             0             0            35
 ID                 0             0             0             0            46
 SD                 0             0             0             0            57
 AGE04              0             0             0             0             0
 GENDER             0             0             0             0             0
 KCAL04             0             0             0             0             0
 MET04              0             0             0             0             0
 SMOKE04            0             0             0             0             0
 Q1                 0             0             0             0             0
 Q2                 0             0             0             0             0
 Q3                 0             0             0             0             0
 EDUC04             0             0             0             0             0
 SYSTO04            0             0             0             0             0
 DIASTO04           0             0             0             0             0


           BETA
              GENDER        KCAL04        MET04         SMOKE04       Q1
              ________      ________      ________      ________      ________
 IB                25            26            27            28            29
 SB                36            37            38            39            40
 ID                47            48            49            50            51
 SD                58            59            60            61            62
 AGE04              0             0             0             0             0
 GENDER             0             0             0             0             0
 KCAL04             0             0             0             0             0
 MET04              0             0             0             0             0
 SMOKE04            0             0             0             0             0
 Q1                 0             0             0             0             0
 Q2                 0             0             0             0             0
 Q3                 0             0             0             0             0
 EDUC04             0             0             0             0             0
 SYSTO04            0             0             0             0             0
 DIASTO04           0             0             0             0             0


           BETA
              Q2            Q3            EDUC04        SYSTO04       DIASTO04
              ________      ________      ________      ________      ________
 IB                30            31            32            33            34
 SB                41            42            43            44            45
 ID                52            53            54            55            56
 SD                63            64            65            66            67
 AGE04              0             0             0             0             0
 GENDER             0             0             0             0             0
 KCAL04             0             0             0             0             0
 MET04              0             0             0             0             0
 SMOKE04            0             0             0             0             0
 Q1                 0             0             0             0             0
 Q2                 0             0             0             0             0
 Q3                 0             0             0             0             0
 EDUC04             0             0             0             0             0
 SYSTO04            0             0             0             0             0
 DIASTO04           0             0             0             0             0


           PSI
              IB            SB            ID            SD            AGE04
              ________      ________      ________      ________      ________
 IB                68
 SB                69            70
 ID                71            72            73
 SD                74            75            76            77
 AGE04              0             0             0             0            78
 GENDER             0             0             0             0            79
 KCAL04             0             0             0             0            81
 MET04              0             0             0             0            84
 SMOKE04            0             0             0             0            88
 Q1                 0             0             0             0            93
 Q2                 0             0             0             0            99
 Q3                 0             0             0             0           106
 EDUC04             0             0             0             0           114
 SYSTO04            0             0             0             0           123
 DIASTO04           0             0             0             0           133


           PSI
              GENDER        KCAL04        MET04         SMOKE04       Q1
              ________      ________      ________      ________      ________
 GENDER            80
 KCAL04            82            83
 MET04             85            86            87
 SMOKE04           89            90            91            92
 Q1                94            95            96            97            98
 Q2               100           101           102           103           104
 Q3               107           108           109           110           111
 EDUC04           115           116           117           118           119
 SYSTO04          124           125           126           127           128
 DIASTO04         134           135           136           137           138


           PSI
              Q2            Q3            EDUC04        SYSTO04       DIASTO04
              ________      ________      ________      ________      ________
 Q2               105
 Q3               112           113
 EDUC04           120           121           122
 SYSTO04          129           130           131           132
 DIASTO04         139           140           141           142           143


     STARTING VALUES


           NU
              BMI04         BMI06         BMI09         BMI11         AHEI04
              ________      ________      ________      ________      ________
 1              0.000         0.000         0.000         0.000         0.000


           NU
              AHEI06        AHEI09        AHEI11        AGE04         GENDER
              ________      ________      ________      ________      ________
 1              0.000         0.000         0.000         0.000         0.000


           NU
              KCAL04        MET04         SMOKE04       Q1            Q2
              ________      ________      ________      ________      ________
 1              0.000         0.000         0.000         0.000         0.000


           NU
              Q3            EDUC04        SYSTO04       DIASTO04
              ________      ________      ________      ________
 1              0.000         0.000         0.000         0.000


           LAMBDA
              IB            SB            ID            SD            AGE04
              ________      ________      ________      ________      ________
 BMI04          1.000         0.000         0.000         0.000         0.000
 BMI06          1.000         2.000         0.000         0.000         0.000
 BMI09          1.000         5.000         0.000         0.000         0.000
 BMI11          1.000         7.000         0.000         0.000         0.000
 AHEI04         0.000         0.000         1.000         0.000         0.000
 AHEI06         0.000         0.000         1.000         2.000         0.000
 AHEI09         0.000         0.000         1.000         5.000         0.000
 AHEI11         0.000         0.000         1.000         7.000         0.000
 AGE04          0.000         0.000         0.000         0.000         1.000
 GENDER         0.000         0.000         0.000         0.000         0.000
 KCAL04         0.000         0.000         0.000         0.000         0.000
 MET04          0.000         0.000         0.000         0.000         0.000
 SMOKE04        0.000         0.000         0.000         0.000         0.000
 Q1             0.000         0.000         0.000         0.000         0.000
 Q2             0.000         0.000         0.000         0.000         0.000
 Q3             0.000         0.000         0.000         0.000         0.000
 EDUC04         0.000         0.000         0.000         0.000         0.000
 SYSTO04        0.000         0.000         0.000         0.000         0.000
 DIASTO04       0.000         0.000         0.000         0.000         0.000


           LAMBDA
              GENDER        KCAL04        MET04         SMOKE04       Q1
              ________      ________      ________      ________      ________
 BMI04          0.000         0.000         0.000         0.000         0.000
 BMI06          0.000         0.000         0.000         0.000         0.000
 BMI09          0.000         0.000         0.000         0.000         0.000
 BMI11          0.000         0.000         0.000         0.000         0.000
 AHEI04         0.000         0.000         0.000         0.000         0.000
 AHEI06         0.000         0.000         0.000         0.000         0.000
 AHEI09         0.000         0.000         0.000         0.000         0.000
 AHEI11         0.000         0.000         0.000         0.000         0.000
 AGE04          0.000         0.000         0.000         0.000         0.000
 GENDER         1.000         0.000         0.000         0.000         0.000
 KCAL04         0.000         1.000         0.000         0.000         0.000
 MET04          0.000         0.000         1.000         0.000         0.000
 SMOKE04        0.000         0.000         0.000         1.000         0.000
 Q1             0.000         0.000         0.000         0.000         1.000
 Q2             0.000         0.000         0.000         0.000         0.000
 Q3             0.000         0.000         0.000         0.000         0.000
 EDUC04         0.000         0.000         0.000         0.000         0.000
 SYSTO04        0.000         0.000         0.000         0.000         0.000
 DIASTO04       0.000         0.000         0.000         0.000         0.000


           LAMBDA
              Q2            Q3            EDUC04        SYSTO04       DIASTO04
              ________      ________      ________      ________      ________
 BMI04          0.000         0.000         0.000         0.000         0.000
 BMI06          0.000         0.000         0.000         0.000         0.000
 BMI09          0.000         0.000         0.000         0.000         0.000
 BMI11          0.000         0.000         0.000         0.000         0.000
 AHEI04         0.000         0.000         0.000         0.000         0.000
 AHEI06         0.000         0.000         0.000         0.000         0.000
 AHEI09         0.000         0.000         0.000         0.000         0.000
 AHEI11         0.000         0.000         0.000         0.000         0.000
 AGE04          0.000         0.000         0.000         0.000         0.000
 GENDER         0.000         0.000         0.000         0.000         0.000
 KCAL04         0.000         0.000         0.000         0.000         0.000
 MET04          0.000         0.000         0.000         0.000         0.000
 SMOKE04        0.000         0.000         0.000         0.000         0.000
 Q1             0.000         0.000         0.000         0.000         0.000
 Q2             1.000         0.000         0.000         0.000         0.000
 Q3             0.000         1.000         0.000         0.000         0.000
 EDUC04         0.000         0.000         1.000         0.000         0.000
 SYSTO04        0.000         0.000         0.000         1.000         0.000
 DIASTO04       0.000         0.000         0.000         0.000         1.000


           THETA
              BMI04         BMI06         BMI09         BMI11         AHEI04
              ________      ________      ________      ________      ________
 BMI04          5.617
 BMI06          0.000         6.364
 BMI09          0.000         0.000         5.891
 BMI11          0.000         0.000         0.000        11.820
 AHEI04         0.000         0.000         0.000         0.000        35.805
 AHEI06         0.000         0.000         0.000         0.000         0.000
 AHEI09         0.000         0.000         0.000         0.000         0.000
 AHEI11         0.000         0.000         0.000         0.000         0.000
 AGE04          0.000         0.000         0.000         0.000         0.000
 GENDER         0.000         0.000         0.000         0.000         0.000
 KCAL04         0.000         0.000         0.000         0.000         0.000
 MET04          0.000         0.000         0.000         0.000         0.000
 SMOKE04        0.000         0.000         0.000         0.000         0.000
 Q1             0.000         0.000         0.000         0.000         0.000
 Q2             0.000         0.000         0.000         0.000         0.000
 Q3             0.000         0.000         0.000         0.000         0.000
 EDUC04         0.000         0.000         0.000         0.000         0.000
 SYSTO04        0.000         0.000         0.000         0.000         0.000
 DIASTO04       0.000         0.000         0.000         0.000         0.000


           THETA
              AHEI06        AHEI09        AHEI11        AGE04         GENDER
              ________      ________      ________      ________      ________
 AHEI06        33.621
 AHEI09         0.000        31.897
 AHEI11         0.000         0.000        31.500
 AGE04          0.000         0.000         0.000         0.000
 GENDER         0.000         0.000         0.000         0.000         0.000
 KCAL04         0.000         0.000         0.000         0.000         0.000
 MET04          0.000         0.000         0.000         0.000         0.000
 SMOKE04        0.000         0.000         0.000         0.000         0.000
 Q1             0.000         0.000         0.000         0.000         0.000
 Q2             0.000         0.000         0.000         0.000         0.000
 Q3             0.000         0.000         0.000         0.000         0.000
 EDUC04         0.000         0.000         0.000         0.000         0.000
 SYSTO04        0.000         0.000         0.000         0.000         0.000
 DIASTO04       0.000         0.000         0.000         0.000         0.000


           THETA
              KCAL04        MET04         SMOKE04       Q1            Q2
              ________      ________      ________      ________      ________
 KCAL04         0.000
 MET04          0.000         0.000
 SMOKE04        0.000         0.000         0.000
 Q1             0.000         0.000         0.000         0.000
 Q2             0.000         0.000         0.000         0.000         0.000
 Q3             0.000         0.000         0.000         0.000         0.000
 EDUC04         0.000         0.000         0.000         0.000         0.000
 SYSTO04        0.000         0.000         0.000         0.000         0.000
 DIASTO04       0.000         0.000         0.000         0.000         0.000


           THETA
              Q3            EDUC04        SYSTO04       DIASTO04
              ________      ________      ________      ________
 Q3             0.000
 EDUC04         0.000         0.000
 SYSTO04        0.000         0.000         0.000
 DIASTO04       0.000         0.000         0.000         0.000


           ALPHA
              IB            SB            ID            SD            AGE04
              ________      ________      ________      ________      ________
 1             23.091         0.035        37.845         0.202        47.385


           ALPHA
              GENDER        KCAL04        MET04         SMOKE04       Q1
              ________      ________      ________      ________      ________
 1              1.519      2188.497       118.186         0.334         0.250


           ALPHA
              Q2            Q3            EDUC04        SYSTO04       DIASTO04
              ________      ________      ________      ________      ________
 1              0.250         0.250         1.724       122.224        78.671


           BETA
              IB            SB            ID            SD            AGE04
              ________      ________      ________      ________      ________
 IB             0.000         0.000         0.000         0.000         0.000
 SB             0.000         0.000         0.000         0.000         0.000
 ID             0.000         0.000         0.000         0.000         0.000
 SD             0.000         0.000         0.000         0.000         0.000
 AGE04          0.000         0.000         0.000         0.000         0.000
 GENDER         0.000         0.000         0.000         0.000         0.000
 KCAL04         0.000         0.000         0.000         0.000         0.000
 MET04          0.000         0.000         0.000         0.000         0.000
 SMOKE04        0.000         0.000         0.000         0.000         0.000
 Q1             0.000         0.000         0.000         0.000         0.000
 Q2             0.000         0.000         0.000         0.000         0.000
 Q3             0.000         0.000         0.000         0.000         0.000
 EDUC04         0.000         0.000         0.000         0.000         0.000
 SYSTO04        0.000         0.000         0.000         0.000         0.000
 DIASTO04       0.000         0.000         0.000         0.000         0.000


           BETA
              GENDER        KCAL04        MET04         SMOKE04       Q1
              ________      ________      ________      ________      ________
 IB             0.000         0.000         0.000         0.000         0.000
 SB             0.000         0.000         0.000         0.000         0.000
 ID             0.000         0.000         0.000         0.000         0.000
 SD             0.000         0.000         0.000         0.000         0.000
 AGE04          0.000         0.000         0.000         0.000         0.000
 GENDER         0.000         0.000         0.000         0.000         0.000
 KCAL04         0.000         0.000         0.000         0.000         0.000
 MET04          0.000         0.000         0.000         0.000         0.000
 SMOKE04        0.000         0.000         0.000         0.000         0.000
 Q1             0.000         0.000         0.000         0.000         0.000
 Q2             0.000         0.000         0.000         0.000         0.000
 Q3             0.000         0.000         0.000         0.000         0.000
 EDUC04         0.000         0.000         0.000         0.000         0.000
 SYSTO04        0.000         0.000         0.000         0.000         0.000
 DIASTO04       0.000         0.000         0.000         0.000         0.000


           BETA
              Q2            Q3            EDUC04        SYSTO04       DIASTO04
              ________      ________      ________      ________      ________
 IB             0.000         0.000         0.000         0.000         0.000
 SB             0.000         0.000         0.000         0.000         0.000
 ID             0.000         0.000         0.000         0.000         0.000
 SD             0.000         0.000         0.000         0.000         0.000
 AGE04          0.000         0.000         0.000         0.000         0.000
 GENDER         0.000         0.000         0.000         0.000         0.000
 KCAL04         0.000         0.000         0.000         0.000         0.000
 MET04          0.000         0.000         0.000         0.000         0.000
 SMOKE04        0.000         0.000         0.000         0.000         0.000
 Q1             0.000         0.000         0.000         0.000         0.000
 Q2             0.000         0.000         0.000         0.000         0.000
 Q3             0.000         0.000         0.000         0.000         0.000
 EDUC04         0.000         0.000         0.000         0.000         0.000
 SYSTO04        0.000         0.000         0.000         0.000         0.000
 DIASTO04       0.000         0.000         0.000         0.000         0.000


           PSI
              IB            SB            ID            SD            AGE04
              ________      ________      ________      ________      ________
 IB            11.513
 SB             0.000         0.570
 ID             0.000         0.000        67.157
 SD             0.000         0.000         0.000        17.219
 AGE04          0.000         0.000         0.000         0.000       117.749
 GENDER         0.000         0.000         0.000         0.000         0.000
 KCAL04         0.000         0.000         0.000         0.000         0.000
 MET04          0.000         0.000         0.000         0.000         0.000
 SMOKE04        0.000         0.000         0.000         0.000         0.000
 Q1             0.000         0.000         0.000         0.000         0.000
 Q2             0.000         0.000         0.000         0.000         0.000
 Q3             0.000         0.000         0.000         0.000         0.000
 EDUC04         0.000         0.000         0.000         0.000         0.000
 SYSTO04        0.000         0.000         0.000         0.000         0.000
 DIASTO04       0.000         0.000         0.000         0.000         0.000


           PSI
              GENDER        KCAL04        MET04         SMOKE04       Q1
              ________      ________      ________      ________      ________
 GENDER         0.125
 KCAL04         0.000    229144.438
 MET04          0.000         0.000      6315.442
 SMOKE04        0.000         0.000         0.000         0.138
 Q1             0.000         0.000         0.000         0.000         0.094
 Q2             0.000         0.000         0.000         0.000         0.000
 Q3             0.000         0.000         0.000         0.000         0.000
 EDUC04         0.000         0.000         0.000         0.000         0.000
 SYSTO04        0.000         0.000         0.000         0.000         0.000
 DIASTO04       0.000         0.000         0.000         0.000         0.000


           PSI
              Q2            Q3            EDUC04        SYSTO04       DIASTO04
              ________      ________      ________      ________      ________
 Q2             0.094
 Q3             0.000         0.094
 EDUC04         0.000         0.000         0.876
 SYSTO04        0.000         0.000         0.000       171.913
 DIASTO04       0.000         0.000         0.000         0.000        63.046


TECHNICAL 4 OUTPUT


     ESTIMATES DERIVED FROM THE MODEL


           ESTIMATED MEANS FOR THE LATENT VARIABLES
              IB            SB            ID            SD            AGE04
              ________      ________      ________      ________      ________
 1             23.016         0.063        38.180         0.242        47.385


           ESTIMATED MEANS FOR THE LATENT VARIABLES
              GENDER        KCAL04        MET04         SMOKE04       Q1
              ________      ________      ________      ________      ________
 1              1.519      2188.497       116.454         0.335         0.250


           ESTIMATED MEANS FOR THE LATENT VARIABLES
              Q2            Q3            EDUC04        SYSTO04       DIASTO04
              ________      ________      ________      ________      ________
 1              0.250         0.250         1.729       122.078        78.637


           S.E. FOR ESTIMATED MEANS FOR THE LATENT VARIABLES
              IB            SB            ID            SD            AGE04
              ________      ________      ________      ________      ________
 1              0.035         0.005         0.079         0.018         0.157


           S.E. FOR ESTIMATED MEANS FOR THE LATENT VARIABLES
              GENDER        KCAL04        MET04         SMOKE04       Q1
              ________      ________      ________      ________      ________
 1              0.005         6.928         1.209         0.005         0.004


           S.E. FOR ESTIMATED MEANS FOR THE LATENT VARIABLES
              Q2            Q3            EDUC04        SYSTO04       DIASTO04
              ________      ________      ________      ________      ________
 1              0.004         0.004         0.014         0.195         0.118


           EST./S.E. FOR ESTIMATED MEANS FOR THE LATENT VARIABLES
              IB            SB            ID            SD            AGE04
              ________      ________      ________      ________      ________
 1            659.012        13.239       482.485        13.684       301.706


           EST./S.E. FOR ESTIMATED MEANS FOR THE LATENT VARIABLES
              GENDER        KCAL04        MET04         SMOKE04       Q1
              ________      ________      ________      ________      ________
 1            297.033       315.871        96.325        61.982        56.368


           EST./S.E. FOR ESTIMATED MEANS FOR THE LATENT VARIABLES
              Q2            Q3            EDUC04        SYSTO04       DIASTO04
              ________      ________      ________      ________      ________
 1             56.405        56.420       126.964       625.858       664.458


           TWO-TAILED P-VALUE FOR ESTIMATED MEANS FOR THE LATENT VARIABLES
              IB            SB            ID            SD            AGE04
              ________      ________      ________      ________      ________
 1              0.000         0.000         0.000         0.000         0.000


           TWO-TAILED P-VALUE FOR ESTIMATED MEANS FOR THE LATENT VARIABLES
              GENDER        KCAL04        MET04         SMOKE04       Q1
              ________      ________      ________      ________      ________
 1              0.000         0.000         0.000         0.000         0.000


           TWO-TAILED P-VALUE FOR ESTIMATED MEANS FOR THE LATENT VARIABLES
              Q2            Q3            EDUC04        SYSTO04       DIASTO04
              ________      ________      ________      ________      ________
 1              0.000         0.000         0.000         0.000         0.000


           ESTIMATED COVARIANCE MATRIX FOR THE LATENT VARIABLES
              IB            SB            ID            SD            AGE04
              ________      ________      ________      ________      ________
 IB            10.329
 SB            -0.137         0.051
 ID             0.586         0.020        22.203
 SD             0.033        -0.011        -1.804         0.292
 AGE04          3.938        -0.942         7.778        -0.631       235.499
 GENDER         0.049        -0.005        -0.027         0.015         0.199
 KCAL04        56.737        10.057       583.047       -98.992     -1363.375
 MET04        -18.972         2.208        84.397        -4.160      -421.070
 SMOKE04       -0.094        -0.001         0.063        -0.011         0.284
 Q1            -0.073         0.007         0.290        -0.042        -0.282
 Q2             0.110        -0.001        -0.451         0.028         0.044
 Q3             0.086        -0.011        -0.538         0.071         0.452
 EDUC04         0.055         0.009        -1.401         0.159        -8.216
 SYSTO04       16.397        -0.894         2.471         0.092       117.507
 DIASTO04      10.647        -0.344         0.504         0.174        35.891


           ESTIMATED COVARIANCE MATRIX FOR THE LATENT VARIABLES
              GENDER        KCAL04        MET04         SMOKE04       Q1
              ________      ________      ________      ________      ________
 GENDER         0.250
 KCAL04       -91.666    458288.862
 MET04         -8.113     15950.457     12716.437
 SMOKE04       -0.150        57.584         4.819         0.276
 Q1            -0.002        13.582         5.215         0.003         0.188
 Q2             0.000        -6.224        -5.750         0.001        -0.063
 Q3             0.003       -19.105        -9.873        -0.007        -0.063
 EDUC04        -0.129        78.478        -1.552         0.042        -0.090
 SYSTO04       -0.814      -955.561      -277.690         0.674        -0.170
 DIASTO04      -0.691      -283.882       -84.869         0.448        -0.067


           ESTIMATED COVARIANCE MATRIX FOR THE LATENT VARIABLES
              Q2            Q3            EDUC04        SYSTO04       DIASTO04
              ________      ________      ________      ________      ________
 Q2             0.188
 Q3            -0.062         0.188
 EDUC04         0.025         0.182         1.755
 SYSTO04        0.393         0.344        -3.742       345.120
 DIASTO04       0.366        -0.010        -0.820       148.446       126.190


           S.E. FOR ESTIMATED COVARIANCE MATRIX FOR THE LATENT VARIABLES
              IB            SB            ID            SD            AGE04
              ________      ________      ________      ________      ________
 IB             0.177
 SB             0.021         0.004
 ID             0.269         0.036         1.142
 SD             0.060         0.007         0.215         0.053
 AGE04          0.544         0.082         1.233         0.294         3.409
 GENDER         0.017         0.002         0.039         0.009         0.078
 KCAL04        23.785         3.275        54.048        12.159       107.236
 MET04          4.129         0.544         9.282         2.019        19.848
 SMOKE04        0.018         0.002         0.042         0.009         0.083
 Q1             0.015         0.002         0.034         0.007         0.068
 Q2             0.015         0.002         0.035         0.008         0.068
 Q3             0.015         0.002         0.035         0.008         0.068
 EDUC04         0.046         0.006         0.107         0.024         0.226
 SYSTO04        0.679         0.091         1.507         0.340         3.251
 DIASTO04       0.413         0.054         0.912         0.203         1.871


           S.E. FOR ESTIMATED COVARIANCE MATRIX FOR THE LATENT VARIABLES
              GENDER        KCAL04        MET04         SMOKE04       Q1
              ________      ________      ________      ________      ________
 GENDER         0.004
 KCAL04         3.587      6633.166
 MET04          0.609       840.487       194.849
 SMOKE04        0.003         3.701         0.634         0.004
 Q1             0.002         3.004         0.521         0.002         0.003
 Q2             0.002         3.001         0.529         0.002         0.002
 Q3             0.002         3.007         0.534         0.002         0.002
 EDUC04         0.007         9.254         1.606         0.007         0.006
 SYSTO04        0.098       133.083        23.384         0.102         0.084
 DIASTO04       0.060        80.636        13.990         0.062         0.051


           S.E. FOR ESTIMATED COVARIANCE MATRIX FOR THE LATENT VARIABLES
              Q2            Q3            EDUC04        SYSTO04       DIASTO04
              ________      ________      ________      ________      ________
 Q2             0.003
 Q3             0.002         0.003
 EDUC04         0.006         0.006         0.026
 SYSTO04        0.084         0.084         0.262         5.165
 DIASTO04       0.051         0.051         0.157         2.709         1.886


           EST./S.E. FOR ESTIMATED COVARIANCE MATRIX FOR THE LATENT VARIABLES
              IB            SB            ID            SD            AGE04
              ________      ________      ________      ________      ________
 IB            58.245
 SB            -6.594        11.711
 ID             2.178         0.552        19.448
 SD             0.557        -1.468        -8.394         5.490
 AGE04          7.241       -11.522         6.309        -2.146        69.091
 GENDER         2.825        -1.968        -0.687         1.681         2.532
 KCAL04         2.385         3.071        10.787        -8.141       -12.714
 MET04         -4.595         4.062         9.092        -2.060       -21.215
 SMOKE04       -5.114        -0.382         1.500        -1.185         3.418
 Q1            -4.812         3.748         8.479        -5.689        -4.148
 Q2             7.225        -0.591       -13.071         3.603         0.647
 Q3             5.694        -5.194       -15.432         8.832         6.625
 EDUC04         1.178         1.448       -13.145         6.590       -36.384
 SYSTO04       24.138        -9.827         1.639         0.271        36.146
 DIASTO04      25.778        -6.394         0.553         0.858        19.181


           EST./S.E. FOR ESTIMATED COVARIANCE MATRIX FOR THE LATENT VARIABLES
              GENDER        KCAL04        MET04         SMOKE04       Q1
              ________      ________      ________      ________      ________
 GENDER        69.091
 KCAL04       -25.558        69.091
 MET04        -13.315        18.978        65.263
 SMOKE04      -48.389        15.557         7.602        68.711
 Q1            -0.834         4.521        10.001         1.377        69.057
 Q2             0.202        -2.074       -10.866         0.571       -30.888
 Q3             1.322        -6.353       -18.492        -3.051       -30.883
 EDUC04       -18.672         8.481        -0.967         5.790       -15.119
 SYSTO04       -8.322        -7.180       -11.875         6.578        -2.012
 DIASTO04     -11.602        -3.521        -6.066         7.208        -1.310


           EST./S.E. FOR ESTIMATED COVARIANCE MATRIX FOR THE LATENT VARIABLES
              Q2            Q3            EDUC04        SYSTO04       DIASTO04
              ________      ________      ________      ________      ________
 Q2            69.062
 Q3           -30.874        69.047
 EDUC04         4.287        29.465        68.601
 SYSTO04        4.655         4.096       -14.299        66.818
 DIASTO04       7.132        -0.189        -5.222        54.796        66.907


           TWO-TAILED P-VALUE FOR ESTIMATED COVARIANCE MATRIX FOR THE LATENT VARIABLES
              IB            SB            ID            SD            AGE04
              ________      ________      ________      ________      ________
 IB             0.000
 SB             0.000         0.000
 ID             0.029         0.581         0.000
 SD             0.578         0.142         0.000         0.000
 AGE04          0.000         0.000         0.000         0.032         0.000
 GENDER         0.005         0.049         0.492         0.093         0.011
 KCAL04         0.017         0.002         0.000         0.000         0.000
 MET04          0.000         0.000         0.000         0.039         0.000
 SMOKE04        0.000         0.702         0.134         0.236         0.001
 Q1             0.000         0.000         0.000         0.000         0.000
 Q2             0.000         0.555         0.000         0.000         0.517
 Q3             0.000         0.000         0.000         0.000         0.000
 EDUC04         0.239         0.148         0.000         0.000         0.000
 SYSTO04        0.000         0.000         0.101         0.787         0.000
 DIASTO04       0.000         0.000         0.580         0.391         0.000


           TWO-TAILED P-VALUE FOR ESTIMATED COVARIANCE MATRIX FOR THE LATENT VARIABLES
              GENDER        KCAL04        MET04         SMOKE04       Q1
              ________      ________      ________      ________      ________
 GENDER         0.000
 KCAL04         0.000         0.000
 MET04          0.000         0.000         0.000
 SMOKE04        0.000         0.000         0.000         0.000
 Q1             0.404         0.000         0.000         0.168         0.000
 Q2             0.840         0.038         0.000         0.568         0.000
 Q3             0.186         0.000         0.000         0.002         0.000
 EDUC04         0.000         0.000         0.334         0.000         0.000
 SYSTO04        0.000         0.000         0.000         0.000         0.044
 DIASTO04       0.000         0.000         0.000         0.000         0.190


           TWO-TAILED P-VALUE FOR ESTIMATED COVARIANCE MATRIX FOR THE LATENT VARIABLES
              Q2            Q3            EDUC04        SYSTO04       DIASTO04
              ________      ________      ________      ________      ________
 Q2             0.000
 Q3             0.000         0.000
 EDUC04         0.000         0.000         0.000
 SYSTO04        0.000         0.000         0.000         0.000
 DIASTO04       0.000         0.850         0.000         0.000         0.000


           ESTIMATED CORRELATION MATRIX FOR THE LATENT VARIABLES
              IB            SB            ID            SD            AGE04
              ________      ________      ________      ________      ________
 IB             1.000
 SB            -0.188         1.000
 ID             0.039         0.019         1.000
 SD             0.019        -0.088        -0.709         1.000
 AGE04          0.080        -0.271         0.108        -0.076         1.000
 GENDER         0.031        -0.041        -0.012         0.054         0.026
 KCAL04         0.026         0.066         0.183        -0.271        -0.131
 MET04         -0.052         0.087         0.159        -0.068        -0.243
 SMOKE04       -0.056        -0.008         0.025        -0.039         0.035
 Q1            -0.052         0.076         0.142        -0.180        -0.043
 Q2             0.079        -0.012        -0.221         0.118         0.007
 Q3             0.062        -0.113        -0.264         0.303         0.068
 EDUC04         0.013         0.031        -0.224         0.223        -0.404
 SYSTO04        0.275        -0.213         0.028         0.009         0.412
 DIASTO04       0.295        -0.135         0.010         0.029         0.208


           ESTIMATED CORRELATION MATRIX FOR THE LATENT VARIABLES
              GENDER        KCAL04        MET04         SMOKE04       Q1
              ________      ________      ________      ________      ________
 GENDER         1.000
 KCAL04        -0.271         1.000
 MET04         -0.144         0.209         1.000
 SMOKE04       -0.572         0.162         0.081         1.000
 Q1            -0.009         0.046         0.107         0.014         1.000
 Q2             0.002        -0.021        -0.118         0.006        -0.333
 Q3             0.014        -0.065        -0.202        -0.031        -0.333
 EDUC04        -0.196         0.088        -0.010         0.060        -0.157
 SYSTO04       -0.088        -0.076        -0.133         0.069        -0.021
 DIASTO04      -0.123        -0.037        -0.067         0.076        -0.014


           ESTIMATED CORRELATION MATRIX FOR THE LATENT VARIABLES
              Q2            Q3            EDUC04        SYSTO04       DIASTO04
              ________      ________      ________      ________      ________
 Q2             1.000
 Q3            -0.333         1.000
 EDUC04         0.044         0.318         1.000
 SYSTO04        0.049         0.043        -0.152         1.000
 DIASTO04       0.075        -0.002        -0.055         0.711         1.000


           S.E. FOR ESTIMATED CORRELATION MATRIX FOR THE LATENT VARIABLES
              IB            SB            ID            SD            AGE04
              ________      ________      ________      ________      ________
 IB             0.000
 SB             0.024         0.000
 ID             0.018         0.034         0.000
 SD             0.034         0.061         0.035         0.000
 AGE04          0.011         0.024         0.017         0.036         0.000
 GENDER         0.011         0.021         0.017         0.033         0.010
 KCAL04         0.011         0.021         0.017         0.039         0.010
 MET04          0.011         0.021         0.017         0.034         0.011
 SMOKE04        0.011         0.020         0.017         0.033         0.010
 Q1             0.011         0.020         0.017         0.035         0.010
 Q2             0.011         0.021         0.017         0.034         0.010
 Q3             0.011         0.022         0.017         0.042         0.010
 EDUC04         0.011         0.022         0.017         0.038         0.009
 SYSTO04        0.010         0.022         0.017         0.034         0.009
 DIASTO04       0.010         0.021         0.017         0.034         0.010


           S.E. FOR ESTIMATED CORRELATION MATRIX FOR THE LATENT VARIABLES
              GENDER        KCAL04        MET04         SMOKE04       Q1
              ________      ________      ________      ________      ________
 GENDER         0.000
 KCAL04         0.009         0.000
 MET04          0.011         0.010         0.000
 SMOKE04        0.007         0.010         0.011         0.000
 Q1             0.010         0.010         0.011         0.010         0.000
 Q2             0.010         0.010         0.011         0.010         0.009
 Q3             0.010         0.010         0.010         0.010         0.009
 EDUC04         0.010         0.010         0.011         0.010         0.010
 SYSTO04        0.010         0.010         0.011         0.010         0.010
 DIASTO04       0.010         0.011         0.011         0.010         0.011


           S.E. FOR ESTIMATED CORRELATION MATRIX FOR THE LATENT VARIABLES
              Q2            Q3            EDUC04        SYSTO04       DIASTO04
              ________      ________      ________      ________      ________
 Q2             0.000
 Q3             0.009         0.000
 EDUC04         0.010         0.009         0.000
 SYSTO04        0.010         0.010         0.010         0.000
 DIASTO04       0.010         0.010         0.011         0.005         0.000


           EST./S.E. FOR ESTIMATED CORRELATION MATRIX FOR THE LATENT VARIABLES
              IB            SB            ID            SD            AGE04
              ________      ________      ________      ________      ________
 IB           999.000
 SB            -7.843       999.000
 ID             2.178         0.552       999.000
 SD             0.556        -1.457       -20.488       999.000
 AGE04          7.305       -11.214         6.328        -2.117       999.000
 GENDER         2.828        -1.963        -0.687         1.667         2.534
 KCAL04         2.388         3.059        10.898        -6.942       -13.048
 MET04         -4.611         4.046         9.113        -2.031       -23.098
 SMOKE04       -5.135        -0.383         1.500        -1.180         3.424
 Q1            -4.829         3.726         8.505        -5.225        -4.159
 Q2             7.284        -0.590       -13.103         3.468         0.647
 Q3             5.725        -5.172       -15.556         7.288         6.671
 EDUC04         1.178         1.448       -13.271         5.860       -46.833
 SYSTO04       26.800        -9.532         1.639         0.271        46.753
 DIASTO04      29.087        -6.312         0.553         0.856        20.436


           EST./S.E. FOR ESTIMATED CORRELATION MATRIX FOR THE LATENT VARIABLES
              GENDER        KCAL04        MET04         SMOKE04       Q1
              ________      ________      ________      ________      ________
 GENDER       999.000
 KCAL04       -28.579       999.000
 MET04        -13.708        20.226       999.000
 SMOKE04      -82.761        16.181         7.673       999.000
 Q1            -0.834         4.536        10.170         1.378       999.000
 Q2             0.202        -2.075       -11.085         0.571       -36.630
 Q3             1.323        -6.394       -19.597        -3.055       -36.625
 EDUC04       -19.777         8.577        -0.967         5.821       -15.690
 SYSTO04       -8.414        -7.241       -12.183         6.624        -2.013
 DIASTO04     -11.859        -3.528        -6.107         7.269        -1.311


           EST./S.E. FOR ESTIMATED CORRELATION MATRIX FOR THE LATENT VARIABLES
              Q2            Q3            EDUC04        SYSTO04       DIASTO04
              ________      ________      ________      ________      ________
 Q2           999.000
 Q3           -36.608       999.000
 EDUC04         4.299        34.381       999.000
 SYSTO04        4.671         4.107       -14.803       999.000
 DIASTO04       7.192        -0.189        -5.246       136.083       999.000


           TWO-TAILED P-VALUE FOR ESTIMATED CORRELATION MATRIX FOR THE LATENT VARIABLES
              IB            SB            ID            SD            AGE04
              ________      ________      ________      ________      ________
 IB             0.000
 SB             0.000         0.000
 ID             0.029         0.581         0.000
 SD             0.578         0.145         0.000         0.000
 AGE04          0.000         0.000         0.000         0.034         0.000
 GENDER         0.005         0.050         0.492         0.096         0.011
 KCAL04         0.017         0.002         0.000         0.000         0.000
 MET04          0.000         0.000         0.000         0.042         0.000
 SMOKE04        0.000         0.702         0.134         0.238         0.001
 Q1             0.000         0.000         0.000         0.000         0.000
 Q2             0.000         0.555         0.000         0.001         0.517
 Q3             0.000         0.000         0.000         0.000         0.000
 EDUC04         0.239         0.148         0.000         0.000         0.000
 SYSTO04        0.000         0.000         0.101         0.787         0.000
 DIASTO04       0.000         0.000         0.580         0.392         0.000


           TWO-TAILED P-VALUE FOR ESTIMATED CORRELATION MATRIX FOR THE LATENT VARIABLES
              GENDER        KCAL04        MET04         SMOKE04       Q1
              ________      ________      ________      ________      ________
 GENDER         0.000
 KCAL04         0.000         0.000
 MET04          0.000         0.000         0.000
 SMOKE04        0.000         0.000         0.000         0.000
 Q1             0.404         0.000         0.000         0.168         0.000
 Q2             0.840         0.038         0.000         0.568         0.000
 Q3             0.186         0.000         0.000         0.002         0.000
 EDUC04         0.000         0.000         0.334         0.000         0.000
 SYSTO04        0.000         0.000         0.000         0.000         0.044
 DIASTO04       0.000         0.000         0.000         0.000         0.190


           TWO-TAILED P-VALUE FOR ESTIMATED CORRELATION MATRIX FOR THE LATENT VARIABLES
              Q2            Q3            EDUC04        SYSTO04       DIASTO04
              ________      ________      ________      ________      ________
 Q2             0.000
 Q3             0.000         0.000
 EDUC04         0.000         0.000         0.000
 SYSTO04        0.000         0.000         0.000         0.000
 DIASTO04       0.000         0.850         0.000         0.000         0.000


TECHNICAL 8 OUTPUT


   E STEP  ITER  LOGLIKELIHOOD    ABS CHANGE   REL CHANGE  ALGORITHM
              1 -0.47858969D+06    0.0000000    0.0000000  EM
              2 -0.43671491D+06 ************    0.0874962  EM
              3 -0.43671491D+06    0.0000007    0.0000000  EM


DIAGRAM INFORMATION

  Use View Diagram under the Diagram menu in the Mplus Editor to view the diagram.
  If running Mplus from the Mplus Diagrammer, the diagram opens automatically.

  Diagram output
    d:\data\dpmedi\mplus\longitudinal\ahei bmi mediation ib with sb-no mediation-q index.dgm

     Beginning Time:  13:12:28
        Ending Time:  13:12:31
       Elapsed Time:  00:00:03



MUTHEN & MUTHEN
3463 Stoner Ave.
Los Angeles, CA  90066

Tel: (310) 391-9971
Fax: (310) 391-8971
Web: www.StatModel.com
Support: Support@StatModel.com

Copyright (c) 1998-2015 Muthen & Muthen
