Mplus VERSION 7.4
MUTHEN & MUTHEN
05/16/2019  12:34 PM

INPUT INSTRUCTIONS

  DATA: File is id0411 mplus.csv;

  VARIABLE: Names are IDind WAVE hhid t2 commid age04
                      kcal04 carbo04 fat04 protn04 bmi04
                      hwr04 wc04 diasto04 systo04 smoke04
                      gender educ04 indinc04 index04 met04
                      cmfp04 dash04 ahei04 hbs04 lbs04 dqd04
                      age06 kcal06 carbo06 fat06 protn06 bmi06
                      hwr06 wc06 diasto06 systo06 smoke06
                      educ06 indinc06 index06 met06 cmfp06 dash06
                      ahei06 hbs06 lbs06 dqd06 age09 kcal09 carbo09
                      fat09 protn09 bmi09 hwr09 wc09 diasto09 systo09
                      smoke09 educ09 indinc09 index09 met09 cmfp09
                      dash09 ahei09 hbs09 lbs09 dqd09 age11 kcal11
                      carbo11 fat11 protn11 bmi11 hwr11 wc11 diasto11
                      systo11 smoke11 educ11 indinc11 index11 met11
                      cmfp11 dash11 ahei11 hbs11 lbs11 dqd11 q_index
                       q1 q2 q3 carbo_p protn_p fat_p;

           Usev are  age04 gender kcal04 met04
                     bmi04 bmi06 bmi09 bmi11 smoke04
                     ahei04 ahei06 ahei09 ahei11
                     educ04 systo04 diasto04;


           Missing are all(999);


  ANALYSIS:
  Type=random;
  ALGORITHM=INTEGRATION;
  Estimator=ML;



  MODEL:
  age04 gender kcal04 met04 smoke04
  bmi04 bmi06 bmi09 bmi11 educ04 systo04 diasto04
  ahei04 ahei06 ahei09 ahei11;

  ib sb | bmi04@0 bmi06@2 bmi09@5 bmi11@7;
  id sd | ahei04@0 ahei06@2 ahei09@5 ahei11@7;

  ib with sb;
  id with sd;

  ib-sd on age04 gender met04 kcal04 educ04 systo04 diasto04 smoke04;

  OUTPUT: tech1 tech8 tech4 cinterval;



INPUT READING TERMINATED NORMALLY




SUMMARY OF ANALYSIS

Number of groups                                                 1
Number of observations                                        9547

Number of dependent variables                                    8
Number of independent variables                                  8
Number of continuous latent variables                            4

Observed dependent variables

  Continuous
   BMI04       BMI06       BMI09       BMI11       AHEI04      AHEI06
   AHEI09      AHEI11

Observed independent variables
   AGE04       GENDER      KCAL04      MET04       SMOKE04     EDUC04
   SYSTO04     DIASTO04

Continuous latent variables
   IB          SB          ID          SD


Estimator                                                       ML
Information matrix                                        OBSERVED
Optimization Specifications for the Quasi-Newton Algorithm for
Continuous Outcomes
  Maximum number of iterations                                 100
  Convergence criterion                                  0.100D-05
Optimization Specifications for the EM Algorithm
  Maximum number of iterations                                 500
  Convergence criteria
    Loglikelihood change                                 0.100D-02
    Relative loglikelihood change                        0.100D-05
    Derivative                                           0.100D-02
Optimization Specifications for the M step of the EM Algorithm for
Categorical Latent variables
  Number of M step iterations                                    1
  M step convergence criterion                           0.100D-02
  Basis for M step termination                           ITERATION
Optimization Specifications for the M step of the EM Algorithm for
Censored, Binary or Ordered Categorical (Ordinal), Unordered
Categorical (Nominal) and Count Outcomes
  Number of M step iterations                                    1
  M step convergence criterion                           0.100D-02
  Basis for M step termination                           ITERATION
  Maximum value for logit thresholds                            15
  Minimum value for logit thresholds                           -15
  Minimum expected cell size for chi-square              0.100D-01
Maximum number of iterations for H1                           2000
Convergence criterion for H1                             0.100D-03
Optimization algorithm                                         EMA
Integration Specifications
  Type                                                    STANDARD
  Number of integration points                                  15
  Dimensions of numerical integration                            0
  Adaptive quadrature                                           ON
Cholesky                                                       OFF

Input data file(s)
  id0411 mplus.csv
Input data format  FREE


SUMMARY OF DATA

     Number of missing data patterns           246


COVARIANCE COVERAGE OF DATA

Minimum covariance coverage value   0.100


     PROPORTION OF DATA PRESENT FOR Y


           Covariance Coverage
              BMI04         BMI06         BMI09         BMI11         AHEI04
              ________      ________      ________      ________      ________
 BMI04          0.928
 BMI06          0.690         0.727
 BMI09          0.589         0.537         0.623
 BMI11          0.533         0.483         0.503         0.564
 AHEI04         0.922         0.722         0.619         0.561         0.994
 AHEI06         0.717         0.714         0.556         0.502         0.760
 AHEI09         0.584         0.531         0.591         0.495         0.619
 AHEI11         0.498         0.450         0.467         0.513         0.527
 AGE04          0.928         0.727         0.623         0.564         0.994
 GENDER         0.928         0.727         0.623         0.564         0.994
 KCAL04         0.928         0.727         0.623         0.564         0.994
 MET04          0.848         0.667         0.576         0.523         0.896
 SMOKE04        0.927         0.722         0.619         0.559         0.981
 EDUC04         0.926         0.722         0.618         0.559         0.981
 SYSTO04        0.927         0.698         0.596         0.539         0.932
 DIASTO04       0.927         0.698         0.596         0.539         0.932


           Covariance Coverage
              AHEI06        AHEI09        AHEI11        AGE04         GENDER
              ________      ________      ________      ________      ________
 AHEI06         0.765
 AHEI09         0.556         0.622
 AHEI11         0.469         0.465         0.530
 AGE04          0.765         0.622         0.530         1.000
 GENDER         0.765         0.622         0.530         1.000         1.000
 KCAL04         0.765         0.622         0.530         1.000         1.000
 MET04          0.700         0.574         0.490         0.901         0.901
 SMOKE04        0.760         0.617         0.526         0.988         0.988
 EDUC04         0.760         0.617         0.525         0.987         0.987
 SYSTO04        0.726         0.590         0.504         0.939         0.939
 DIASTO04       0.726         0.590         0.504         0.939         0.939


           Covariance Coverage
              KCAL04        MET04         SMOKE04       EDUC04        SYSTO04
              ________      ________      ________      ________      ________
 KCAL04         1.000
 MET04          0.901         0.901
 SMOKE04        0.988         0.900         0.988
 EDUC04         0.987         0.899         0.986         0.987
 SYSTO04        0.939         0.857         0.937         0.937         0.939
 DIASTO04       0.939         0.857         0.937         0.937         0.939


           Covariance Coverage
              DIASTO04
              ________
 DIASTO04       0.939


     THE STANDARD ERRORS OF THE MODEL PARAMETER ESTIMATES MAY NOT BE
     TRUSTWORTHY FOR SOME PARAMETERS DUE TO A NON-POSITIVE DEFINITE
     FIRST-ORDER DERIVATIVE PRODUCT MATRIX.  THIS MAY BE DUE TO THE STARTING
     VALUES BUT MAY ALSO BE AN INDICATION OF MODEL NONIDENTIFICATION.  THE
     CONDITION NUMBER IS       0.458D-19.  PROBLEM INVOLVING THE FOLLOWING PARAMETER:
     Parameter 98, DIASTO04


THE MODEL ESTIMATION TERMINATED NORMALLY



MODEL FIT INFORMATION

Number of Free Parameters                       98

Loglikelihood

          H0 Value                     -424235.083

Information Criteria

          Akaike (AIC)                  848666.166
          Bayesian (BIC)                849368.236
          Sample-Size Adjusted BIC      849056.808
            (n* = (n + 2) / 24)



MODEL RESULTS

                                                    Two-Tailed
                    Estimate       S.E.  Est./S.E.    P-Value

 IB       |
    BMI04              1.000      0.000    999.000    999.000
    BMI06              1.000      0.000    999.000    999.000
    BMI09              1.000      0.000    999.000    999.000
    BMI11              1.000      0.000    999.000    999.000

 SB       |
    BMI04              0.000      0.000    999.000    999.000
    BMI06              2.000      0.000    999.000    999.000
    BMI09              5.000      0.000    999.000    999.000
    BMI11              7.000      0.000    999.000    999.000

 ID       |
    AHEI04             1.000      0.000    999.000    999.000
    AHEI06             1.000      0.000    999.000    999.000
    AHEI09             1.000      0.000    999.000    999.000
    AHEI11             1.000      0.000    999.000    999.000

 SD       |
    AHEI04             0.000      0.000    999.000    999.000
    AHEI06             2.000      0.000    999.000    999.000
    AHEI09             5.000      0.000    999.000    999.000
    AHEI11             7.000      0.000    999.000    999.000

 IB         ON
    AGE04              0.001      0.003      0.402      0.687
    GENDER             0.407      0.086      4.740      0.000
    MET04              0.000      0.000     -1.382      0.167
    KCAL04             0.000      0.000      6.356      0.000
    EDUC04             0.142      0.028      5.014      0.000
    SYSTO04            0.026      0.003      9.178      0.000
    DIASTO04           0.059      0.004     13.642      0.000
    SMOKE04           -0.361      0.077     -4.680      0.000

 SB         ON
    AGE04             -0.004      0.000     -9.320      0.000
    GENDER            -0.037      0.012     -3.082      0.002
    MET04              0.000      0.000     -0.360      0.719
    KCAL04             0.000      0.000      0.773      0.440
    EDUC04            -0.018      0.004     -4.483      0.000
    SYSTO04           -0.001      0.000     -3.664      0.000
    DIASTO04           0.000      0.001     -0.310      0.756
    SMOKE04           -0.014      0.010     -1.344      0.179

 ID         ON
    AGE04              0.028      0.006      4.371      0.000
    GENDER             0.206      0.201      1.023      0.306
    MET04              0.006      0.001      7.845      0.000
    KCAL04             0.001      0.000     10.645      0.000
    EDUC04            -0.705      0.067    -10.549      0.000
    SYSTO04           -0.001      0.007     -0.204      0.838
    DIASTO04           0.001      0.010      0.064      0.949
    SMOKE04            0.041      0.183      0.222      0.824

 SD         ON
    AGE04             -0.001      0.001     -0.760      0.448
    GENDER             0.039      0.046      0.844      0.398
    MET04              0.000      0.000     -0.185      0.853
    KCAL04             0.000      0.000     -8.143      0.000
    EDUC04             0.097      0.015      6.347      0.000
    SYSTO04            0.000      0.002      0.330      0.742
    DIASTO04           0.002      0.002      0.658      0.510
    SMOKE04            0.011      0.042      0.259      0.796

 IB       WITH
    SB                -0.095      0.020     -4.772      0.000

 ID       WITH
    SD                -1.550      0.212     -7.296      0.000
    IB                 0.548      0.251      2.188      0.029
    SB                 0.026      0.035      0.752      0.452

 SD       WITH
    IB                 0.025      0.056      0.444      0.657
    SB                -0.009      0.007     -1.272      0.203

 GENDER   WITH
    AGE04              0.199      0.078      2.532      0.011

 KCAL04   WITH
    AGE04          -1363.375    107.236    -12.714      0.000
    GENDER           -91.666      3.587    -25.558      0.000

 MET04    WITH
    AGE04           -421.985     19.938    -21.165      0.000
    GENDER            -8.248      0.611    -13.495      0.000
    KCAL04         16050.636    843.318     19.033      0.000

 SMOKE04  WITH
    AGE04              0.284      0.083      3.416      0.001
    GENDER            -0.150      0.003    -48.391      0.000
    KCAL04            57.596      3.702     15.560      0.000
    MET04              4.907      0.636      7.720      0.000

 EDUC04   WITH
    AGE04             -8.207      0.226    -36.313      0.000
    GENDER            -0.129      0.007    -18.611      0.000
    KCAL04            78.072      9.258      8.433      0.000
    MET04             -1.907      1.609     -1.185      0.236
    SMOKE04            0.041      0.007      5.767      0.000

 SYSTO04  WITH
    AGE04            117.399      3.250     36.118      0.000
    GENDER            -0.816      0.098     -8.344      0.000
    KCAL04          -959.536    133.080     -7.210      0.000
    MET04           -277.797     23.458    -11.842      0.000
    SMOKE04            0.674      0.102      6.583      0.000
    EDUC04            -3.745      0.262    -14.313      0.000

 DIASTO04 WITH
    AGE04             35.797      1.871     19.132      0.000
    GENDER            -0.692      0.060    -11.623      0.000
    KCAL04          -284.005     80.640     -3.522      0.000
    MET04            -85.993     14.031     -6.129      0.000
    SMOKE04            0.448      0.062      7.215      0.000
    EDUC04            -0.826      0.157     -5.258      0.000
    SYSTO04          148.394      2.708     54.800      0.000

 Means
    AGE04             47.385      0.157    301.706      0.000
    GENDER             1.519      0.005    297.033      0.000
    KCAL04          2188.497      6.928    315.871      0.000
    MET04            116.804      1.212     96.345      0.000
    SMOKE04            0.335      0.005     61.984      0.000
    EDUC04             1.729      0.014    126.899      0.000
    SYSTO04          122.092      0.195    626.052      0.000
    DIASTO04          78.642      0.118    664.573      0.000

 Intercepts
    BMI04              0.000      0.000    999.000    999.000
    BMI06              0.000      0.000    999.000    999.000
    BMI09              0.000      0.000    999.000    999.000
    BMI11              0.000      0.000    999.000    999.000
    AHEI04             0.000      0.000    999.000    999.000
    AHEI06             0.000      0.000    999.000    999.000
    AHEI09             0.000      0.000    999.000    999.000
    AHEI11             0.000      0.000    999.000    999.000
    IB                13.798      0.373     37.038      0.000
    SB                 0.519      0.054      9.672      0.000
    ID                34.331      0.878     39.115      0.000
    SD                 0.385      0.201      1.912      0.056

 Variances
    AGE04            235.499      3.409     69.091      0.000
    GENDER             0.250      0.004     69.091      0.000
    KCAL04         *********   6633.166     69.091      0.000
    MET04          12735.572    195.575     65.118      0.000
    SMOKE04            0.276      0.004     68.709      0.000
    EDUC04             1.754      0.026     68.590      0.000
    SYSTO04          345.038      5.163     66.828      0.000
    DIASTO04         126.169      1.886     66.915      0.000

 Residual Variances
    BMI04              0.972      0.072     13.504      0.000
    BMI06              3.133      0.070     44.817      0.000
    BMI09              1.534      0.071     21.521      0.000
    BMI11             13.572      0.292     46.475      0.000
    AHEI04            48.977      1.284     38.135      0.000
    AHEI06            51.312      1.031     49.784      0.000
    AHEI09            52.387      1.167     44.886      0.000
    AHEI11            52.521      1.610     32.621      0.000
    IB                 9.190      0.162     56.768      0.000
    SB                 0.046      0.004     10.724      0.000
    ID                19.914      1.119     17.798      0.000
    SD                 0.258      0.053      4.879      0.000


QUALITY OF NUMERICAL RESULTS

     Condition Number for the Information Matrix              0.458E-19
       (ratio of smallest to largest eigenvalue)


CONFIDENCE INTERVALS OF MODEL RESULTS

                  Lower .5%  Lower 2.5%    Lower 5%    Estimate    Upper 5%  Upper 2.5%   Upper .5%

 IB       |
    BMI04            1.000       1.000       1.000       1.000       1.000       1.000       1.000
    BMI06            1.000       1.000       1.000       1.000       1.000       1.000       1.000
    BMI09            1.000       1.000       1.000       1.000       1.000       1.000       1.000
    BMI11            1.000       1.000       1.000       1.000       1.000       1.000       1.000

 SB       |
    BMI04            0.000       0.000       0.000       0.000       0.000       0.000       0.000
    BMI06            2.000       2.000       2.000       2.000       2.000       2.000       2.000
    BMI09            5.000       5.000       5.000       5.000       5.000       5.000       5.000
    BMI11            7.000       7.000       7.000       7.000       7.000       7.000       7.000

 ID       |
    AHEI04           1.000       1.000       1.000       1.000       1.000       1.000       1.000
    AHEI06           1.000       1.000       1.000       1.000       1.000       1.000       1.000
    AHEI09           1.000       1.000       1.000       1.000       1.000       1.000       1.000
    AHEI11           1.000       1.000       1.000       1.000       1.000       1.000       1.000

 SD       |
    AHEI04           0.000       0.000       0.000       0.000       0.000       0.000       0.000
    AHEI06           2.000       2.000       2.000       2.000       2.000       2.000       2.000
    AHEI09           5.000       5.000       5.000       5.000       5.000       5.000       5.000
    AHEI11           7.000       7.000       7.000       7.000       7.000       7.000       7.000

 IB       ON
    AGE04           -0.006      -0.004      -0.003       0.001       0.006       0.006       0.008
    GENDER           0.186       0.239       0.266       0.407       0.548       0.575       0.628
    MET04           -0.001      -0.001      -0.001       0.000       0.000       0.000       0.000
    KCAL04           0.000       0.000       0.000       0.000       0.000       0.000       0.000
    EDUC04           0.069       0.087       0.096       0.142       0.189       0.198       0.215
    SYSTO04          0.018       0.020       0.021       0.026       0.030       0.031       0.033
    DIASTO04         0.048       0.050       0.052       0.059       0.066       0.067       0.070
    SMOKE04         -0.559      -0.512      -0.488      -0.361      -0.234      -0.210      -0.162

 SB       ON
    AGE04           -0.005      -0.005      -0.004      -0.004      -0.003      -0.003      -0.003
    GENDER          -0.068      -0.061      -0.057      -0.037      -0.017      -0.014      -0.006
    MET04            0.000       0.000       0.000       0.000       0.000       0.000       0.000
    KCAL04           0.000       0.000       0.000       0.000       0.000       0.000       0.000
    EDUC04          -0.029      -0.026      -0.025      -0.018      -0.012      -0.010      -0.008
    SYSTO04         -0.002      -0.002      -0.002      -0.001      -0.001      -0.001       0.000
    DIASTO04        -0.002      -0.001      -0.001       0.000       0.001       0.001       0.001
    SMOKE04         -0.041      -0.035      -0.031      -0.014       0.003       0.006       0.013

 ID       ON
    AGE04            0.011       0.015       0.017       0.028       0.038       0.040       0.044
    GENDER          -0.312      -0.189      -0.125       0.206       0.537       0.600       0.724
    MET04            0.004       0.005       0.005       0.006       0.007       0.008       0.008
    KCAL04           0.001       0.001       0.001       0.001       0.002       0.002       0.002
    EDUC04          -0.878      -0.836      -0.815      -0.705      -0.595      -0.574      -0.533
    SYSTO04         -0.018      -0.014      -0.012      -0.001       0.010       0.012       0.016
    DIASTO04        -0.026      -0.019      -0.016       0.001       0.017       0.021       0.027
    SMOKE04         -0.430      -0.317      -0.260       0.041       0.341       0.398       0.511

 SD       ON
    AGE04           -0.005      -0.004      -0.004      -0.001       0.001       0.002       0.003
    GENDER          -0.079      -0.051      -0.037       0.039       0.114       0.129       0.157
    MET04            0.000       0.000       0.000       0.000       0.000       0.000       0.000
    KCAL04           0.000       0.000       0.000       0.000       0.000       0.000       0.000
    EDUC04           0.058       0.067       0.072       0.097       0.123       0.127       0.137
    SYSTO04         -0.003      -0.002      -0.002       0.000       0.003       0.003       0.004
    DIASTO04        -0.004      -0.003      -0.002       0.002       0.005       0.006       0.008
    SMOKE04         -0.098      -0.072      -0.058       0.011       0.080       0.094       0.120

 IB       WITH
    SB              -0.146      -0.134      -0.128      -0.095      -0.062      -0.056      -0.044

 ID       WITH
    SD              -2.097      -1.966      -1.899      -1.550      -1.200      -1.133      -1.003
    IB              -0.097       0.057       0.136       0.548       0.961       1.040       1.194
    SB              -0.063      -0.042      -0.031       0.026       0.083       0.094       0.115

 SD       WITH
    IB              -0.120      -0.086      -0.068       0.025       0.118       0.136       0.170
    SB              -0.027      -0.023      -0.021      -0.009       0.003       0.005       0.009

 GENDER   WITH
    AGE04           -0.003       0.045       0.070       0.199       0.328       0.353       0.401

 KCAL04   WITH
    AGE04        -1639.592   -1573.556   -1539.777   -1363.375   -1186.972   -1153.193   -1087.157
    GENDER        -100.904     -98.695     -97.566     -91.666     -85.766     -84.636     -82.427

 MET04    WITH
    AGE04         -473.340    -461.063    -454.783    -421.985    -389.188    -382.907    -370.630
    GENDER          -9.822      -9.445      -9.253      -8.248      -7.242      -7.050      -6.673
    KCAL04       13878.418   14397.732   14663.378   16050.636   17437.895   17703.539   18222.854

 SMOKE04  WITH
    AGE04            0.070       0.121       0.147       0.284       0.421       0.447       0.498
    GENDER          -0.158      -0.156      -0.155      -0.150      -0.145      -0.144      -0.142
    KCAL04          48.061      50.341      51.507      57.596      63.685      64.851      67.130
    MET04            3.270       3.661       3.861       4.907       5.952       6.153       6.544

 EDUC04   WITH
    AGE04           -8.789      -8.650      -8.579      -8.207      -7.835      -7.764      -7.625
    GENDER          -0.147      -0.143      -0.140      -0.129      -0.118      -0.115      -0.111
    KCAL04          54.225      59.926      62.842      78.072      93.302      96.219     101.920
    MET04           -6.052      -5.061      -4.555      -1.907       0.740       1.247       2.238
    SMOKE04          0.023       0.027       0.030       0.041       0.053       0.056       0.060

 SYSTO04  WITH
    AGE04          109.026     111.028     112.052     117.399     122.746     123.769     125.771
    GENDER          -1.068      -1.008      -0.977      -0.816      -0.655      -0.624      -0.564
    KCAL04       -1302.322   -1220.372   -1178.452    -959.536    -740.620    -698.700    -616.750
    MET04         -338.221    -323.775    -316.386    -277.797    -239.208    -231.819    -217.373
    SMOKE04          0.411       0.474       0.506       0.674       0.843       0.875       0.938
    EDUC04          -4.419      -4.258      -4.175      -3.745      -3.314      -3.232      -3.071

 DIASTO04 WITH
    AGE04           30.977      32.129      32.719      35.797      38.875      39.464      40.616
    GENDER          -0.845      -0.809      -0.790      -0.692      -0.594      -0.575      -0.539
    KCAL04        -491.717    -442.059    -416.658    -284.005    -151.352    -125.951     -76.293
    MET04         -122.133    -113.493    -109.074     -85.993     -62.913     -58.494     -49.854
    SMOKE04          0.288       0.326       0.346       0.448       0.550       0.570       0.608
    EDUC04          -1.230      -1.133      -1.084      -0.826      -0.567      -0.518      -0.421
    SYSTO04        141.419     143.087     143.940     148.394     152.849     153.702     155.370

 Means
    AGE04           46.981      47.078      47.127      47.385      47.644      47.693      47.790
    GENDER           1.506       1.509       1.510       1.519       1.527       1.529       1.532
    KCAL04        2170.651    2174.917    2177.100    2188.497    2199.894    2202.077    2206.343
    MET04          113.681     114.427     114.809     116.804     118.798     119.180     119.926
    SMOKE04          0.321       0.324       0.326       0.335       0.344       0.345       0.349
    EDUC04           1.694       1.702       1.707       1.729       1.751       1.756       1.764
    SYSTO04        121.590     121.710     121.772     122.092     122.413     122.475     122.595
    DIASTO04        78.337      78.410      78.447      78.642      78.836      78.874      78.947

 Intercepts
    BMI04            0.000       0.000       0.000       0.000       0.000       0.000       0.000
    BMI06            0.000       0.000       0.000       0.000       0.000       0.000       0.000
    BMI09            0.000       0.000       0.000       0.000       0.000       0.000       0.000
    BMI11            0.000       0.000       0.000       0.000       0.000       0.000       0.000
    AHEI04           0.000       0.000       0.000       0.000       0.000       0.000       0.000
    AHEI06           0.000       0.000       0.000       0.000       0.000       0.000       0.000
    AHEI09           0.000       0.000       0.000       0.000       0.000       0.000       0.000
    AHEI11           0.000       0.000       0.000       0.000       0.000       0.000       0.000
    IB              12.839      13.068      13.186      13.798      14.411      14.529      14.758
    SB               0.381       0.414       0.430       0.519       0.607       0.624       0.657
    ID              32.070      32.611      32.887      34.331      35.775      36.051      36.592
    SD              -0.134      -0.010       0.054       0.385       0.717       0.780       0.904

 Variances
    AGE04          226.719     228.818     229.892     235.499     241.106     242.180     244.279
    GENDER           0.240       0.243       0.244       0.250       0.256       0.257       0.259
    KCAL04       *********  445287.875  447377.312  458288.875  469200.438  471289.875  475374.594
    MET04        12231.810   12352.244   12413.851   12735.572   13057.294   13118.900   13239.335
    SMOKE04          0.266       0.268       0.269       0.276       0.283       0.284       0.286
    EDUC04           1.688       1.704       1.712       1.754       1.796       1.804       1.820
    SYSTO04        331.739     334.918     336.545     345.038     353.531     355.157     358.337
    DIASTO04       121.312     122.474     123.068     126.169     129.271     129.865     131.026

 Residual Variances
    BMI04            0.787       0.831       0.854       0.972       1.090       1.113       1.157
    BMI06            2.953       2.996       3.018       3.133       3.248       3.270       3.313
    BMI09            1.350       1.394       1.417       1.534       1.651       1.674       1.717
    BMI11           12.820      12.999      13.091      13.572      14.052      14.144      14.324
    AHEI04          45.669      46.460      46.865      48.977      51.090      51.495      52.286
    AHEI06          48.657      49.291      49.616      51.312      53.007      53.332      53.966
    AHEI09          49.381      50.100      50.467      52.387      54.307      54.675      55.394
    AHEI11          48.374      49.365      49.872      52.521      55.169      55.677      56.668
    IB               8.773       8.873       8.924       9.190       9.457       9.508       9.607
    SB               0.035       0.038       0.039       0.046       0.053       0.054       0.057
    ID              17.032      17.721      18.074      19.914      21.755      22.107      22.796
    SD               0.122       0.154       0.171       0.258       0.345       0.362       0.394


TECHNICAL 1 OUTPUT


     PARAMETER SPECIFICATION


           NU
              BMI04         BMI06         BMI09         BMI11         AHEI04
              ________      ________      ________      ________      ________
 1                  0             0             0             0             0


           NU
              AHEI06        AHEI09        AHEI11        AGE04         GENDER
              ________      ________      ________      ________      ________
 1                  0             0             0             0             0


           NU
              KCAL04        MET04         SMOKE04       EDUC04        SYSTO04
              ________      ________      ________      ________      ________
 1                  0             0             0             0             0


           NU
              DIASTO04
              ________
 1                  0


           LAMBDA
              IB            SB            ID            SD            AGE04
              ________      ________      ________      ________      ________
 BMI04              0             0             0             0             0
 BMI06              0             0             0             0             0
 BMI09              0             0             0             0             0
 BMI11              0             0             0             0             0
 AHEI04             0             0             0             0             0
 AHEI06             0             0             0             0             0
 AHEI09             0             0             0             0             0
 AHEI11             0             0             0             0             0
 AGE04              0             0             0             0             0
 GENDER             0             0             0             0             0
 KCAL04             0             0             0             0             0
 MET04              0             0             0             0             0
 SMOKE04            0             0             0             0             0
 EDUC04             0             0             0             0             0
 SYSTO04            0             0             0             0             0
 DIASTO04           0             0             0             0             0


           LAMBDA
              GENDER        KCAL04        MET04         SMOKE04       EDUC04
              ________      ________      ________      ________      ________
 BMI04              0             0             0             0             0
 BMI06              0             0             0             0             0
 BMI09              0             0             0             0             0
 BMI11              0             0             0             0             0
 AHEI04             0             0             0             0             0
 AHEI06             0             0             0             0             0
 AHEI09             0             0             0             0             0
 AHEI11             0             0             0             0             0
 AGE04              0             0             0             0             0
 GENDER             0             0             0             0             0
 KCAL04             0             0             0             0             0
 MET04              0             0             0             0             0
 SMOKE04            0             0             0             0             0
 EDUC04             0             0             0             0             0
 SYSTO04            0             0             0             0             0
 DIASTO04           0             0             0             0             0


           LAMBDA
              SYSTO04       DIASTO04
              ________      ________
 BMI04              0             0
 BMI06              0             0
 BMI09              0             0
 BMI11              0             0
 AHEI04             0             0
 AHEI06             0             0
 AHEI09             0             0
 AHEI11             0             0
 AGE04              0             0
 GENDER             0             0
 KCAL04             0             0
 MET04              0             0
 SMOKE04            0             0
 EDUC04             0             0
 SYSTO04            0             0
 DIASTO04           0             0


           THETA
              BMI04         BMI06         BMI09         BMI11         AHEI04
              ________      ________      ________      ________      ________
 BMI04              1
 BMI06              0             2
 BMI09              0             0             3
 BMI11              0             0             0             4
 AHEI04             0             0             0             0             5
 AHEI06             0             0             0             0             0
 AHEI09             0             0             0             0             0
 AHEI11             0             0             0             0             0
 AGE04              0             0             0             0             0
 GENDER             0             0             0             0             0
 KCAL04             0             0             0             0             0
 MET04              0             0             0             0             0
 SMOKE04            0             0             0             0             0
 EDUC04             0             0             0             0             0
 SYSTO04            0             0             0             0             0
 DIASTO04           0             0             0             0             0


           THETA
              AHEI06        AHEI09        AHEI11        AGE04         GENDER
              ________      ________      ________      ________      ________
 AHEI06             6
 AHEI09             0             7
 AHEI11             0             0             8
 AGE04              0             0             0             0
 GENDER             0             0             0             0             0
 KCAL04             0             0             0             0             0
 MET04              0             0             0             0             0
 SMOKE04            0             0             0             0             0
 EDUC04             0             0             0             0             0
 SYSTO04            0             0             0             0             0
 DIASTO04           0             0             0             0             0


           THETA
              KCAL04        MET04         SMOKE04       EDUC04        SYSTO04
              ________      ________      ________      ________      ________
 KCAL04             0
 MET04              0             0
 SMOKE04            0             0             0
 EDUC04             0             0             0             0
 SYSTO04            0             0             0             0             0
 DIASTO04           0             0             0             0             0


           THETA
              DIASTO04
              ________
 DIASTO04           0


           ALPHA
              IB            SB            ID            SD            AGE04
              ________      ________      ________      ________      ________
 1                  9            10            11            12            13


           ALPHA
              GENDER        KCAL04        MET04         SMOKE04       EDUC04
              ________      ________      ________      ________      ________
 1                 14            15            16            17            18


           ALPHA
              SYSTO04       DIASTO04
              ________      ________
 1                 19            20


           BETA
              IB            SB            ID            SD            AGE04
              ________      ________      ________      ________      ________
 IB                 0             0             0             0            21
 SB                 0             0             0             0            29
 ID                 0             0             0             0            37
 SD                 0             0             0             0            45
 AGE04              0             0             0             0             0
 GENDER             0             0             0             0             0
 KCAL04             0             0             0             0             0
 MET04              0             0             0             0             0
 SMOKE04            0             0             0             0             0
 EDUC04             0             0             0             0             0
 SYSTO04            0             0             0             0             0
 DIASTO04           0             0             0             0             0


           BETA
              GENDER        KCAL04        MET04         SMOKE04       EDUC04
              ________      ________      ________      ________      ________
 IB                22            23            24            25            26
 SB                30            31            32            33            34
 ID                38            39            40            41            42
 SD                46            47            48            49            50
 AGE04              0             0             0             0             0
 GENDER             0             0             0             0             0
 KCAL04             0             0             0             0             0
 MET04              0             0             0             0             0
 SMOKE04            0             0             0             0             0
 EDUC04             0             0             0             0             0
 SYSTO04            0             0             0             0             0
 DIASTO04           0             0             0             0             0


           BETA
              SYSTO04       DIASTO04
              ________      ________
 IB                27            28
 SB                35            36
 ID                43            44
 SD                51            52
 AGE04              0             0
 GENDER             0             0
 KCAL04             0             0
 MET04              0             0
 SMOKE04            0             0
 EDUC04             0             0
 SYSTO04            0             0
 DIASTO04           0             0


           PSI
              IB            SB            ID            SD            AGE04
              ________      ________      ________      ________      ________
 IB                53
 SB                54            55
 ID                56            57            58
 SD                59            60            61            62
 AGE04              0             0             0             0            63
 GENDER             0             0             0             0            64
 KCAL04             0             0             0             0            66
 MET04              0             0             0             0            69
 SMOKE04            0             0             0             0            73
 EDUC04             0             0             0             0            78
 SYSTO04            0             0             0             0            84
 DIASTO04           0             0             0             0            91


           PSI
              GENDER        KCAL04        MET04         SMOKE04       EDUC04
              ________      ________      ________      ________      ________
 GENDER            65
 KCAL04            67            68
 MET04             70            71            72
 SMOKE04           74            75            76            77
 EDUC04            79            80            81            82            83
 SYSTO04           85            86            87            88            89
 DIASTO04          92            93            94            95            96


           PSI
              SYSTO04       DIASTO04
              ________      ________
 SYSTO04           90
 DIASTO04          97            98


     STARTING VALUES


           NU
              BMI04         BMI06         BMI09         BMI11         AHEI04
              ________      ________      ________      ________      ________
 1              0.000         0.000         0.000         0.000         0.000


           NU
              AHEI06        AHEI09        AHEI11        AGE04         GENDER
              ________      ________      ________      ________      ________
 1              0.000         0.000         0.000         0.000         0.000


           NU
              KCAL04        MET04         SMOKE04       EDUC04        SYSTO04
              ________      ________      ________      ________      ________
 1              0.000         0.000         0.000         0.000         0.000


           NU
              DIASTO04
              ________
 1              0.000


           LAMBDA
              IB            SB            ID            SD            AGE04
              ________      ________      ________      ________      ________
 BMI04          1.000         0.000         0.000         0.000         0.000
 BMI06          1.000         2.000         0.000         0.000         0.000
 BMI09          1.000         5.000         0.000         0.000         0.000
 BMI11          1.000         7.000         0.000         0.000         0.000
 AHEI04         0.000         0.000         1.000         0.000         0.000
 AHEI06         0.000         0.000         1.000         2.000         0.000
 AHEI09         0.000         0.000         1.000         5.000         0.000
 AHEI11         0.000         0.000         1.000         7.000         0.000
 AGE04          0.000         0.000         0.000         0.000         1.000
 GENDER         0.000         0.000         0.000         0.000         0.000
 KCAL04         0.000         0.000         0.000         0.000         0.000
 MET04          0.000         0.000         0.000         0.000         0.000
 SMOKE04        0.000         0.000         0.000         0.000         0.000
 EDUC04         0.000         0.000         0.000         0.000         0.000
 SYSTO04        0.000         0.000         0.000         0.000         0.000
 DIASTO04       0.000         0.000         0.000         0.000         0.000


           LAMBDA
              GENDER        KCAL04        MET04         SMOKE04       EDUC04
              ________      ________      ________      ________      ________
 BMI04          0.000         0.000         0.000         0.000         0.000
 BMI06          0.000         0.000         0.000         0.000         0.000
 BMI09          0.000         0.000         0.000         0.000         0.000
 BMI11          0.000         0.000         0.000         0.000         0.000
 AHEI04         0.000         0.000         0.000         0.000         0.000
 AHEI06         0.000         0.000         0.000         0.000         0.000
 AHEI09         0.000         0.000         0.000         0.000         0.000
 AHEI11         0.000         0.000         0.000         0.000         0.000
 AGE04          0.000         0.000         0.000         0.000         0.000
 GENDER         1.000         0.000         0.000         0.000         0.000
 KCAL04         0.000         1.000         0.000         0.000         0.000
 MET04          0.000         0.000         1.000         0.000         0.000
 SMOKE04        0.000         0.000         0.000         1.000         0.000
 EDUC04         0.000         0.000         0.000         0.000         1.000
 SYSTO04        0.000         0.000         0.000         0.000         0.000
 DIASTO04       0.000         0.000         0.000         0.000         0.000


           LAMBDA
              SYSTO04       DIASTO04
              ________      ________
 BMI04          0.000         0.000
 BMI06          0.000         0.000
 BMI09          0.000         0.000
 BMI11          0.000         0.000
 AHEI04         0.000         0.000
 AHEI06         0.000         0.000
 AHEI09         0.000         0.000
 AHEI11         0.000         0.000
 AGE04          0.000         0.000
 GENDER         0.000         0.000
 KCAL04         0.000         0.000
 MET04          0.000         0.000
 SMOKE04        0.000         0.000
 EDUC04         0.000         0.000
 SYSTO04        1.000         0.000
 DIASTO04       0.000         1.000


           THETA
              BMI04         BMI06         BMI09         BMI11         AHEI04
              ________      ________      ________      ________      ________
 BMI04          5.617
 BMI06          0.000         6.364
 BMI09          0.000         0.000         5.891
 BMI11          0.000         0.000         0.000        11.820
 AHEI04         0.000         0.000         0.000         0.000        35.805
 AHEI06         0.000         0.000         0.000         0.000         0.000
 AHEI09         0.000         0.000         0.000         0.000         0.000
 AHEI11         0.000         0.000         0.000         0.000         0.000
 AGE04          0.000         0.000         0.000         0.000         0.000
 GENDER         0.000         0.000         0.000         0.000         0.000
 KCAL04         0.000         0.000         0.000         0.000         0.000
 MET04          0.000         0.000         0.000         0.000         0.000
 SMOKE04        0.000         0.000         0.000         0.000         0.000
 EDUC04         0.000         0.000         0.000         0.000         0.000
 SYSTO04        0.000         0.000         0.000         0.000         0.000
 DIASTO04       0.000         0.000         0.000         0.000         0.000


           THETA
              AHEI06        AHEI09        AHEI11        AGE04         GENDER
              ________      ________      ________      ________      ________
 AHEI06        33.621
 AHEI09         0.000        31.897
 AHEI11         0.000         0.000        31.500
 AGE04          0.000         0.000         0.000         0.000
 GENDER         0.000         0.000         0.000         0.000         0.000
 KCAL04         0.000         0.000         0.000         0.000         0.000
 MET04          0.000         0.000         0.000         0.000         0.000
 SMOKE04        0.000         0.000         0.000         0.000         0.000
 EDUC04         0.000         0.000         0.000         0.000         0.000
 SYSTO04        0.000         0.000         0.000         0.000         0.000
 DIASTO04       0.000         0.000         0.000         0.000         0.000


           THETA
              KCAL04        MET04         SMOKE04       EDUC04        SYSTO04
              ________      ________      ________      ________      ________
 KCAL04         0.000
 MET04          0.000         0.000
 SMOKE04        0.000         0.000         0.000
 EDUC04         0.000         0.000         0.000         0.000
 SYSTO04        0.000         0.000         0.000         0.000         0.000
 DIASTO04       0.000         0.000         0.000         0.000         0.000


           THETA
              DIASTO04
              ________
 DIASTO04       0.000


           ALPHA
              IB            SB            ID            SD            AGE04
              ________      ________      ________      ________      ________
 1             23.091         0.035        37.845         0.202        47.385


           ALPHA
              GENDER        KCAL04        MET04         SMOKE04       EDUC04
              ________      ________      ________      ________      ________
 1              1.519      2188.497       118.186         0.334         1.724


           ALPHA
              SYSTO04       DIASTO04
              ________      ________
 1            122.224        78.671


           BETA
              IB            SB            ID            SD            AGE04
              ________      ________      ________      ________      ________
 IB             0.000         0.000         0.000         0.000         0.000
 SB             0.000         0.000         0.000         0.000         0.000
 ID             0.000         0.000         0.000         0.000         0.000
 SD             0.000         0.000         0.000         0.000         0.000
 AGE04          0.000         0.000         0.000         0.000         0.000
 GENDER         0.000         0.000         0.000         0.000         0.000
 KCAL04         0.000         0.000         0.000         0.000         0.000
 MET04          0.000         0.000         0.000         0.000         0.000
 SMOKE04        0.000         0.000         0.000         0.000         0.000
 EDUC04         0.000         0.000         0.000         0.000         0.000
 SYSTO04        0.000         0.000         0.000         0.000         0.000
 DIASTO04       0.000         0.000         0.000         0.000         0.000


           BETA
              GENDER        KCAL04        MET04         SMOKE04       EDUC04
              ________      ________      ________      ________      ________
 IB             0.000         0.000         0.000         0.000         0.000
 SB             0.000         0.000         0.000         0.000         0.000
 ID             0.000         0.000         0.000         0.000         0.000
 SD             0.000         0.000         0.000         0.000         0.000
 AGE04          0.000         0.000         0.000         0.000         0.000
 GENDER         0.000         0.000         0.000         0.000         0.000
 KCAL04         0.000         0.000         0.000         0.000         0.000
 MET04          0.000         0.000         0.000         0.000         0.000
 SMOKE04        0.000         0.000         0.000         0.000         0.000
 EDUC04         0.000         0.000         0.000         0.000         0.000
 SYSTO04        0.000         0.000         0.000         0.000         0.000
 DIASTO04       0.000         0.000         0.000         0.000         0.000


           BETA
              SYSTO04       DIASTO04
              ________      ________
 IB             0.000         0.000
 SB             0.000         0.000
 ID             0.000         0.000
 SD             0.000         0.000
 AGE04          0.000         0.000
 GENDER         0.000         0.000
 KCAL04         0.000         0.000
 MET04          0.000         0.000
 SMOKE04        0.000         0.000
 EDUC04         0.000         0.000
 SYSTO04        0.000         0.000
 DIASTO04       0.000         0.000


           PSI
              IB            SB            ID            SD            AGE04
              ________      ________      ________      ________      ________
 IB            11.513
 SB             0.000         0.570
 ID             0.000         0.000        67.157
 SD             0.000         0.000         0.000        17.219
 AGE04          0.000         0.000         0.000         0.000       117.749
 GENDER         0.000         0.000         0.000         0.000         0.000
 KCAL04         0.000         0.000         0.000         0.000         0.000
 MET04          0.000         0.000         0.000         0.000         0.000
 SMOKE04        0.000         0.000         0.000         0.000         0.000
 EDUC04         0.000         0.000         0.000         0.000         0.000
 SYSTO04        0.000         0.000         0.000         0.000         0.000
 DIASTO04       0.000         0.000         0.000         0.000         0.000


           PSI
              GENDER        KCAL04        MET04         SMOKE04       EDUC04
              ________      ________      ________      ________      ________
 GENDER         0.125
 KCAL04         0.000    229144.438
 MET04          0.000         0.000      6315.442
 SMOKE04        0.000         0.000         0.000         0.138
 EDUC04         0.000         0.000         0.000         0.000         0.876
 SYSTO04        0.000         0.000         0.000         0.000         0.000
 DIASTO04       0.000         0.000         0.000         0.000         0.000


           PSI
              SYSTO04       DIASTO04
              ________      ________
 SYSTO04      171.913
 DIASTO04       0.000        63.046


TECHNICAL 4 OUTPUT


     ESTIMATES DERIVED FROM THE MODEL


           ESTIMATED MEANS FOR THE LATENT VARIABLES
              IB            SB            ID            SD            AGE04
              ________      ________      ________      ________      ________
 1             23.018         0.063        38.186         0.244        47.385


           ESTIMATED MEANS FOR THE LATENT VARIABLES
              GENDER        KCAL04        MET04         SMOKE04       EDUC04
              ________      ________      ________      ________      ________
 1              1.519      2188.497       116.804         0.335         1.729


           ESTIMATED MEANS FOR THE LATENT VARIABLES
              SYSTO04       DIASTO04
              ________      ________
 1            122.092        78.642


           S.E. FOR ESTIMATED MEANS FOR THE LATENT VARIABLES
              IB            SB            ID            SD            AGE04
              ________      ________      ________      ________      ________
 1              0.035         0.005         0.079         0.018         0.157


           S.E. FOR ESTIMATED MEANS FOR THE LATENT VARIABLES
              GENDER        KCAL04        MET04         SMOKE04       EDUC04
              ________      ________      ________      ________      ________
 1              0.005         6.928         1.212         0.005         0.014


           S.E. FOR ESTIMATED MEANS FOR THE LATENT VARIABLES
              SYSTO04       DIASTO04
              ________      ________
 1              0.195         0.118


           EST./S.E. FOR ESTIMATED MEANS FOR THE LATENT VARIABLES
              IB            SB            ID            SD            AGE04
              ________      ________      ________      ________      ________
 1            659.011        13.331       482.373        13.827       301.706


           EST./S.E. FOR ESTIMATED MEANS FOR THE LATENT VARIABLES
              GENDER        KCAL04        MET04         SMOKE04       EDUC04
              ________      ________      ________      ________      ________
 1            297.033       315.871        96.345        61.984       126.899


           EST./S.E. FOR ESTIMATED MEANS FOR THE LATENT VARIABLES
              SYSTO04       DIASTO04
              ________      ________
 1            626.052       664.573


           TWO-TAILED P-VALUE FOR ESTIMATED MEANS FOR THE LATENT VARIABLES
              IB            SB            ID            SD            AGE04
              ________      ________      ________      ________      ________
 1              0.000         0.000         0.000         0.000         0.000


           TWO-TAILED P-VALUE FOR ESTIMATED MEANS FOR THE LATENT VARIABLES
              GENDER        KCAL04        MET04         SMOKE04       EDUC04
              ________      ________      ________      ________      ________
 1              0.000         0.000         0.000         0.000         0.000


           TWO-TAILED P-VALUE FOR ESTIMATED MEANS FOR THE LATENT VARIABLES
              SYSTO04       DIASTO04
              ________      ________
 1              0.000         0.000


           ESTIMATED COVARIANCE MATRIX FOR THE LATENT VARIABLES
              IB            SB            ID            SD            AGE04
              ________      ________      ________      ________      ________
 IB            10.329
 SB            -0.137         0.051
 ID             0.569         0.020        22.389
 SD             0.039        -0.011        -1.828         0.297
 AGE04          3.917        -0.937         7.925        -0.620       235.499
 GENDER         0.049        -0.005        -0.026         0.015         0.199
 KCAL04        55.579        10.200       584.140       -99.098     -1363.375
 MET04        -18.541         2.187        85.970        -4.278      -421.985
 SMOKE04       -0.094        -0.001         0.063        -0.011         0.284
 EDUC04         0.056         0.009        -1.395         0.155        -8.207
 SYSTO04       16.388        -0.890         2.466         0.104       117.399
 DIASTO04      10.640        -0.342         0.445         0.192        35.797


           ESTIMATED COVARIANCE MATRIX FOR THE LATENT VARIABLES
              GENDER        KCAL04        MET04         SMOKE04       EDUC04
              ________      ________      ________      ________      ________
 GENDER         0.250
 KCAL04       -91.666    458288.862
 MET04         -8.248     16050.636     12735.572
 SMOKE04       -0.150        57.596         4.907         0.276
 EDUC04        -0.129        78.072        -1.907         0.041         1.754
 SYSTO04       -0.816      -959.536      -277.797         0.674        -3.745
 DIASTO04      -0.692      -284.005       -85.993         0.448        -0.826


           ESTIMATED COVARIANCE MATRIX FOR THE LATENT VARIABLES
              SYSTO04       DIASTO04
              ________      ________
 SYSTO04      345.038
 DIASTO04     148.394       126.169


           S.E. FOR ESTIMATED COVARIANCE MATRIX FOR THE LATENT VARIABLES
              IB            SB            ID            SD            AGE04
              ________      ________      ________      ________      ________
 IB             0.177
 SB             0.021         0.004
 ID             0.269         0.036         1.151
 SD             0.060         0.007         0.217         0.053
 AGE04          0.544         0.082         1.233         0.294         3.409
 GENDER         0.017         0.002         0.040         0.009         0.078
 KCAL04        23.789         3.274        54.078        12.163       107.236
 MET04          4.141         0.545         9.312         2.023        19.938
 SMOKE04        0.018         0.002         0.042         0.009         0.083
 EDUC04         0.046         0.006         0.107         0.024         0.226
 SYSTO04        0.679         0.091         1.508         0.340         3.250
 DIASTO04       0.413         0.054         0.913         0.203         1.871


           S.E. FOR ESTIMATED COVARIANCE MATRIX FOR THE LATENT VARIABLES
              GENDER        KCAL04        MET04         SMOKE04       EDUC04
              ________      ________      ________      ________      ________
 GENDER         0.004
 KCAL04         3.587      6633.166
 MET04          0.611       843.318       195.575
 SMOKE04        0.003         3.702         0.636         0.004
 EDUC04         0.007         9.258         1.609         0.007         0.026
 SYSTO04        0.098       133.080        23.458         0.102         0.262
 DIASTO04       0.060        80.640        14.031         0.062         0.157


           S.E. FOR ESTIMATED COVARIANCE MATRIX FOR THE LATENT VARIABLES
              SYSTO04       DIASTO04
              ________      ________
 SYSTO04        5.163
 DIASTO04       2.708         1.886


           EST./S.E. FOR ESTIMATED COVARIANCE MATRIX FOR THE LATENT VARIABLES
              IB            SB            ID            SD            AGE04
              ________      ________      ________      ________      ________
 IB            58.233
 SB            -6.589        11.685
 ID             2.114         0.552        19.446
 SD             0.659        -1.450        -8.436         5.566
 AGE04          7.201       -11.471         6.425        -2.108        69.091
 GENDER         2.825        -1.973        -0.666         1.696         2.532
 KCAL04         2.336         3.115        10.802        -8.147       -12.714
 MET04         -4.478         4.015         9.233        -2.115       -21.165
 SMOKE04       -5.120        -0.398         1.497        -1.199         3.416
 EDUC04         1.202         1.455       -13.075         6.392       -36.313
 SYSTO04       24.129        -9.790         1.635         0.306        36.118
 DIASTO04      25.765        -6.368         0.488         0.944        19.132


           EST./S.E. FOR ESTIMATED COVARIANCE MATRIX FOR THE LATENT VARIABLES
              GENDER        KCAL04        MET04         SMOKE04       EDUC04
              ________      ________      ________      ________      ________
 GENDER        69.091
 KCAL04       -25.558        69.091
 MET04        -13.495        19.033        65.118
 SMOKE04      -48.391        15.560         7.720        68.709
 EDUC04       -18.611         8.433        -1.185         5.767        68.590
 SYSTO04       -8.344        -7.210       -11.842         6.583       -14.313
 DIASTO04     -11.623        -3.522        -6.129         7.215        -5.258


           EST./S.E. FOR ESTIMATED COVARIANCE MATRIX FOR THE LATENT VARIABLES
              SYSTO04       DIASTO04
              ________      ________
 SYSTO04       66.828
 DIASTO04      54.800        66.915


           TWO-TAILED P-VALUE FOR ESTIMATED COVARIANCE MATRIX FOR THE LATENT VARIABLES
              IB            SB            ID            SD            AGE04
              ________      ________      ________      ________      ________
 IB             0.000
 SB             0.000         0.000
 ID             0.035         0.581         0.000
 SD             0.510         0.147         0.000         0.000
 AGE04          0.000         0.000         0.000         0.035         0.000
 GENDER         0.005         0.048         0.506         0.090         0.011
 KCAL04         0.019         0.002         0.000         0.000         0.000
 MET04          0.000         0.000         0.000         0.034         0.000
 SMOKE04        0.000         0.691         0.134         0.230         0.001
 EDUC04         0.229         0.146         0.000         0.000         0.000
 SYSTO04        0.000         0.000         0.102         0.759         0.000
 DIASTO04       0.000         0.000         0.626         0.345         0.000


           TWO-TAILED P-VALUE FOR ESTIMATED COVARIANCE MATRIX FOR THE LATENT VARIABLES
              GENDER        KCAL04        MET04         SMOKE04       EDUC04
              ________      ________      ________      ________      ________
 GENDER         0.000
 KCAL04         0.000         0.000
 MET04          0.000         0.000         0.000
 SMOKE04        0.000         0.000         0.000         0.000
 EDUC04         0.000         0.000         0.236         0.000         0.000
 SYSTO04        0.000         0.000         0.000         0.000         0.000
 DIASTO04       0.000         0.000         0.000         0.000         0.000


           TWO-TAILED P-VALUE FOR ESTIMATED COVARIANCE MATRIX FOR THE LATENT VARIABLES
              SYSTO04       DIASTO04
              ________      ________
 SYSTO04        0.000
 DIASTO04       0.000         0.000


           ESTIMATED CORRELATION MATRIX FOR THE LATENT VARIABLES
              IB            SB            ID            SD            AGE04
              ________      ________      ________      ________      ________
 IB             1.000
 SB            -0.189         1.000
 ID             0.037         0.019         1.000
 SD             0.022        -0.086        -0.709         1.000
 AGE04          0.079        -0.270         0.109        -0.074         1.000
 GENDER         0.031        -0.041        -0.011         0.054         0.026
 KCAL04         0.026         0.067         0.182        -0.269        -0.131
 MET04         -0.051         0.086         0.161        -0.070        -0.244
 SMOKE04       -0.056        -0.008         0.025        -0.039         0.035
 EDUC04         0.013         0.032        -0.223         0.214        -0.404
 SYSTO04        0.275        -0.212         0.028         0.010         0.412
 DIASTO04       0.295        -0.135         0.008         0.031         0.208


           ESTIMATED CORRELATION MATRIX FOR THE LATENT VARIABLES
              GENDER        KCAL04        MET04         SMOKE04       EDUC04
              ________      ________      ________      ________      ________
 GENDER         1.000
 KCAL04        -0.271         1.000
 MET04         -0.146         0.210         1.000
 SMOKE04       -0.572         0.162         0.083         1.000
 EDUC04        -0.195         0.087        -0.013         0.060         1.000
 SYSTO04       -0.088        -0.076        -0.133         0.069        -0.152
 DIASTO04      -0.123        -0.037        -0.068         0.076        -0.056


           ESTIMATED CORRELATION MATRIX FOR THE LATENT VARIABLES
              SYSTO04       DIASTO04
              ________      ________
 SYSTO04        1.000
 DIASTO04       0.711         1.000


           S.E. FOR ESTIMATED CORRELATION MATRIX FOR THE LATENT VARIABLES
              IB            SB            ID            SD            AGE04
              ________      ________      ________      ________      ________
 IB             0.000
 SB             0.024         0.000
 ID             0.018         0.034         0.000
 SD             0.034         0.060         0.034         0.000
 AGE04          0.011         0.024         0.017         0.036         0.000
 GENDER         0.011         0.021         0.017         0.032         0.010
 KCAL04         0.011         0.022         0.017         0.038         0.010
 MET04          0.011         0.021         0.017         0.033         0.011
 SMOKE04        0.011         0.020         0.017         0.033         0.010
 EDUC04         0.011         0.022         0.017         0.037         0.009
 SYSTO04        0.010         0.022         0.017         0.034         0.009
 DIASTO04       0.010         0.021         0.017         0.033         0.010


           S.E. FOR ESTIMATED CORRELATION MATRIX FOR THE LATENT VARIABLES
              GENDER        KCAL04        MET04         SMOKE04       EDUC04
              ________      ________      ________      ________      ________
 GENDER         0.000
 KCAL04         0.009         0.000
 MET04          0.011         0.010         0.000
 SMOKE04        0.007         0.010         0.011         0.000
 EDUC04         0.010         0.010         0.011         0.010         0.000
 SYSTO04        0.010         0.010         0.011         0.010         0.010
 DIASTO04       0.010         0.011         0.011         0.010         0.011


           S.E. FOR ESTIMATED CORRELATION MATRIX FOR THE LATENT VARIABLES
              SYSTO04       DIASTO04
              ________      ________
 SYSTO04        0.000
 DIASTO04       0.005         0.000


           EST./S.E. FOR ESTIMATED CORRELATION MATRIX FOR THE LATENT VARIABLES
              IB            SB            ID            SD            AGE04
              ________      ________      ________      ________      ________
 IB           999.000
 SB            -7.840       999.000
 ID             2.115         0.552       999.000
 SD             0.657        -1.440       -20.731       999.000
 AGE04          7.264       -11.158         6.442        -2.081       999.000
 GENDER         2.828        -1.967        -0.665         1.682         2.534
 KCAL04         2.338         3.102        10.912        -6.977       -13.048
 MET04         -4.493         3.999         9.259        -2.085       -23.048
 SMOKE04       -5.141        -0.398         1.496        -1.194         3.422
 EDUC04         1.203         1.454       -13.199         5.734       -46.708
 SYSTO04       26.786        -9.493         1.635         0.306        46.688
 DIASTO04      29.065        -6.285         0.488         0.941        20.374


           EST./S.E. FOR ESTIMATED CORRELATION MATRIX FOR THE LATENT VARIABLES
              GENDER        KCAL04        MET04         SMOKE04       EDUC04
              ________      ________      ________      ________      ________
 GENDER       999.000
 KCAL04       -28.579       999.000
 MET04        -13.910        20.302       999.000
 SMOKE04      -82.770        16.184         7.796       999.000
 EDUC04       -19.704         8.528        -1.185         5.798       999.000
 SYSTO04       -8.437        -7.272       -12.150         6.629       -14.820
 DIASTO04     -11.882        -3.529        -6.172         7.276        -5.283


           EST./S.E. FOR ESTIMATED CORRELATION MATRIX FOR THE LATENT VARIABLES
              SYSTO04       DIASTO04
              ________      ________
 SYSTO04      999.000
 DIASTO04     136.026       999.000


           TWO-TAILED P-VALUE FOR ESTIMATED CORRELATION MATRIX FOR THE LATENT VARIABLES
              IB            SB            ID            SD            AGE04
              ________      ________      ________      ________      ________
 IB             0.000
 SB             0.000         0.000
 ID             0.034         0.581         0.000
 SD             0.511         0.150         0.000         0.000
 AGE04          0.000         0.000         0.000         0.037         0.000
 GENDER         0.005         0.049         0.506         0.093         0.011
 KCAL04         0.019         0.002         0.000         0.000         0.000
 MET04          0.000         0.000         0.000         0.037         0.000
 SMOKE04        0.000         0.691         0.135         0.232         0.001
 EDUC04         0.229         0.146         0.000         0.000         0.000
 SYSTO04        0.000         0.000         0.102         0.759         0.000
 DIASTO04       0.000         0.000         0.626         0.346         0.000


           TWO-TAILED P-VALUE FOR ESTIMATED CORRELATION MATRIX FOR THE LATENT VARIABLES
              GENDER        KCAL04        MET04         SMOKE04       EDUC04
              ________      ________      ________      ________      ________
 GENDER         0.000
 KCAL04         0.000         0.000
 MET04          0.000         0.000         0.000
 SMOKE04        0.000         0.000         0.000         0.000
 EDUC04         0.000         0.000         0.236         0.000         0.000
 SYSTO04        0.000         0.000         0.000         0.000         0.000
 DIASTO04       0.000         0.000         0.000         0.000         0.000


           TWO-TAILED P-VALUE FOR ESTIMATED CORRELATION MATRIX FOR THE LATENT VARIABLES
              SYSTO04       DIASTO04
              ________      ________
 SYSTO04        0.000
 DIASTO04       0.000         0.000


TECHNICAL 8 OUTPUT


   E STEP  ITER  LOGLIKELIHOOD    ABS CHANGE   REL CHANGE  ALGORITHM
              1 -0.45755336D+06    0.0000000    0.0000000  EM
              2 -0.42423508D+06 ************    0.0728184  EM
              3 -0.42423508D+06    0.0000000    0.0000000  EM


DIAGRAM INFORMATION

  Use View Diagram under the Diagram menu in the Mplus Editor to view the diagram.
  If running Mplus from the Mplus Diagrammer, the diagram opens automatically.

  Diagram output
    d:\data\dpmedi\mplus\longitudinal\ahei bmi mediation ib with sb-no mediation.dgm

     Beginning Time:  12:34:54
        Ending Time:  12:34:55
       Elapsed Time:  00:00:01



MUTHEN & MUTHEN
3463 Stoner Ave.
Los Angeles, CA  90066

Tel: (310) 391-9971
Fax: (310) 391-8971
Web: www.StatModel.com
Support: Support@StatModel.com

Copyright (c) 1998-2015 Muthen & Muthen
