Mplus VERSION 7.4
MUTHEN & MUTHEN
05/05/2019   3:34 PM

INPUT INSTRUCTIONS

  DATA: File is id0411.csv;

  VARIABLE: Names are IDind age04 kcal04 bmi04
                                    hwr04 wc04 diasto04 systo04
                                    gender educ04 indinc04 index04
                                    met04 cmfp04 dash04 ahei04 age06
                                    kcal06 bmi06 hwr06 wc06 diasto06
                                    systo06 educ06 indinc06 index06
                                    met06 cmfp06 dash06 ahei06 age09
                                    kcal09 bmi09 hwr09 wc09 diasto09
                                    systo09 educ09 indinc09 index09
                                    met09 cmfp09 dash09 ahei09 age11
                                    kcal11 bmi11 hwr11 wc11 diasto11
                                    systo11 educ11 indinc11 ndex11
                                    met11 cmfp11 dash11 ahei11
                                    q_index q1 q2 q3;

           Usev are  age04 gender kcal04 met04
                     bmi04 bmi06 bmi09 bmi11
                     ahei04 ahei06 ahei09 ahei11
                     q1 q2 q3;


           Missing are all(999);


  ANALYSIS:
  Type=random;
  ALGORITHM=INTEGRATION;
  Estimator=ML;
  bootstrap = 1000;


  MODEL:
  age04 gender kcal04 met04
  bmi04 bmi06 bmi09 bmi11
  ahei04 ahei06 ahei09 ahei11 q1 q2 q3;

  ib sb | bmi04@0 bmi06@2 bmi09@5 bmi11@7;
  id sd | ahei04@0 ahei06@2 ahei09@5 ahei11@7;

  id with sd;

  id on q1(ai1)
        q2(ai2)
        q3(ai3)
        age04 gender kcal04 met04;

  sd on q1(as1)
        q2(as2)
        q3(as3)
        age04 gender kcal04 met04;

  sb on id(bi)
        sd(bs)
        q1(c1)
        q2(c2)
        q3(c3)
        age04 gender kcal04 met04;


  MODEL CONSTRAINT:
  NEW (ind1 ind2 ind3 di1 di2 di3 to1 to2 to3
   ind_l_1 ind_l_2 ind_l_3
  ind_s_1 ind_s_2 ind_s_3);
  ind1=as1*bs+ai1*bi;
  ind2=as2*bs+ai2*bi;
  ind3=as3*bs+ai3*bi;
  to1=as1*bs+ai1*bi+c1;
  to2=as2*bs+ai2*bi+c2;
  to3=as3*bs+ai3*bi+c3;
  di1=c1;
  di2=c2;
  di3=c3;
  ind_l_1=ai1*bi;
  ind_l_2=ai2*bi;
  ind_l_3=ai3*bi;
  ind_s_1=as1*bs;
  ind_s_2=as2*bs;
  ind_s_3=as3*bs;

  OUTPUT: tech1 tech8 cinterval(BOOTSTRAP);



INPUT READING TERMINATED NORMALLY




SUMMARY OF ANALYSIS

Number of groups                                                 1
Number of observations                                        9547

Number of dependent variables                                    8
Number of independent variables                                  7
Number of continuous latent variables                            4

Observed dependent variables

  Continuous
   BMI04       BMI06       BMI09       BMI11       AHEI04      AHEI06
   AHEI09      AHEI11

Observed independent variables
   AGE04       GENDER      KCAL04      MET04       Q1          Q2
   Q3

Continuous latent variables
   IB          SB          ID          SD


Estimator                                                       ML
Information matrix                                        OBSERVED
Optimization Specifications for the Quasi-Newton Algorithm for
Continuous Outcomes
  Maximum number of iterations                                 100
  Convergence criterion                                  0.100D-05
Optimization Specifications for the EM Algorithm
  Maximum number of iterations                                 500
  Convergence criteria
    Loglikelihood change                                 0.100D-02
    Relative loglikelihood change                        0.100D-05
    Derivative                                           0.100D-02
Optimization Specifications for the M step of the EM Algorithm for
Categorical Latent variables
  Number of M step iterations                                    1
  M step convergence criterion                           0.100D-02
  Basis for M step termination                           ITERATION
Optimization Specifications for the M step of the EM Algorithm for
Censored, Binary or Ordered Categorical (Ordinal), Unordered
Categorical (Nominal) and Count Outcomes
  Number of M step iterations                                    1
  M step convergence criterion                           0.100D-02
  Basis for M step termination                           ITERATION
  Maximum value for logit thresholds                            15
  Minimum value for logit thresholds                           -15
  Minimum expected cell size for chi-square              0.100D-01
Maximum number of iterations for H1                           2000
Convergence criterion for H1                             0.100D-03
Number of bootstrap draws
    Requested                                                 1000
    Completed                                                 1000
Optimization algorithm                                         EMA
Integration Specifications
  Type                                                    STANDARD
  Number of integration points                                  15
  Dimensions of numerical integration                            0
  Adaptive quadrature                                           ON
Cholesky                                                       OFF

Input data file(s)
  id0411.csv
Input data format  FREE


SUMMARY OF DATA

     Number of missing data patterns           184


COVARIANCE COVERAGE OF DATA

Minimum covariance coverage value   0.100


     PROPORTION OF DATA PRESENT FOR Y


           Covariance Coverage
              BMI04         BMI06         BMI09         BMI11         AHEI04
              ________      ________      ________      ________      ________
 BMI04          0.928
 BMI06          0.690         0.727
 BMI09          0.589         0.537         0.623
 BMI11          0.533         0.483         0.503         0.564
 AHEI04         0.922         0.722         0.619         0.561         0.994
 AHEI06         0.717         0.714         0.556         0.502         0.760
 AHEI09         0.584         0.531         0.591         0.495         0.619
 AHEI11         0.498         0.450         0.467         0.513         0.527
 AGE04          0.928         0.727         0.623         0.564         0.994
 GENDER         0.928         0.727         0.623         0.564         0.994
 KCAL04         0.928         0.727         0.623         0.564         0.994
 MET04          0.848         0.667         0.576         0.523         0.896
 Q1             0.927         0.726         0.622         0.563         0.993
 Q2             0.927         0.726         0.622         0.563         0.993
 Q3             0.927         0.726         0.622         0.563         0.993


           Covariance Coverage
              AHEI06        AHEI09        AHEI11        AGE04         GENDER
              ________      ________      ________      ________      ________
 AHEI06         0.765
 AHEI09         0.556         0.622
 AHEI11         0.469         0.465         0.530
 AGE04          0.765         0.622         0.530         1.000
 GENDER         0.765         0.622         0.530         1.000         1.000
 KCAL04         0.765         0.622         0.530         1.000         1.000
 MET04          0.700         0.574         0.490         0.901         0.901
 Q1             0.764         0.621         0.529         0.999         0.999
 Q2             0.764         0.621         0.529         0.999         0.999
 Q3             0.764         0.621         0.529         0.999         0.999


           Covariance Coverage
              KCAL04        MET04         Q1            Q2            Q3
              ________      ________      ________      ________      ________
 KCAL04         1.000
 MET04          0.901         0.901
 Q1             0.999         0.900         0.999
 Q2             0.999         0.900         0.999         0.999
 Q3             0.999         0.900         0.999         0.999         0.999



THE MODEL ESTIMATION TERMINATED NORMALLY



MODEL FIT INFORMATION

Number of Free Parameters                       82

Loglikelihood

          H0 Value                     -348728.051

Information Criteria

          Akaike (AIC)                  697620.102
          Bayesian (BIC)                698207.549
          Sample-Size Adjusted BIC      697946.965
            (n* = (n + 2) / 24)



MODEL RESULTS

                                                    Two-Tailed
                    Estimate       S.E.  Est./S.E.    P-Value

 IB       |
    BMI04              1.000      0.000    999.000    999.000
    BMI06              1.000      0.000    999.000    999.000
    BMI09              1.000      0.000    999.000    999.000
    BMI11              1.000      0.000    999.000    999.000

 SB       |
    BMI04              0.000      0.000    999.000    999.000
    BMI06              2.000      0.000    999.000    999.000
    BMI09              5.000      0.000    999.000    999.000
    BMI11              7.000      0.000    999.000    999.000

 ID       |
    AHEI04             1.000      0.000    999.000    999.000
    AHEI06             1.000      0.000    999.000    999.000
    AHEI09             1.000      0.000    999.000    999.000
    AHEI11             1.000      0.000    999.000    999.000

 SD       |
    AHEI04             0.000      0.000    999.000    999.000
    AHEI06             2.000      0.000    999.000    999.000
    AHEI09             5.000      0.000    999.000    999.000
    AHEI11             7.000      0.000    999.000    999.000

 SB         ON
    ID                -0.001      0.009     -0.113      0.910
    SD                -0.043      0.182     -0.235      0.814

 ID         ON
    Q1                -1.588      0.214     -7.430      0.000
    Q2                -4.435      0.215    -20.622      0.000
    Q3                -4.772      0.221    -21.585      0.000
    AGE04              0.051      0.005      9.852      0.000
    GENDER             0.419      0.154      2.726      0.006
    KCAL04             0.001      0.000     10.634      0.000
    MET04              0.002      0.001      2.566      0.010

 SD         ON
    Q1                 0.063      0.048      1.326      0.185
    Q2                 0.343      0.049      7.026      0.000
    Q3                 0.516      0.052      9.940      0.000
    AGE04             -0.004      0.001     -3.389      0.001
    GENDER            -0.013      0.036     -0.362      0.718
    KCAL04             0.000      0.000     -7.860      0.000
    MET04              0.000      0.000      1.843      0.065

 SB         ON
    Q1                 0.011      0.016      0.697      0.486
    Q2                -0.011      0.025     -0.417      0.676
    Q3                -0.036      0.057     -0.640      0.522
    AGE04             -0.004      0.000     -8.910      0.000
    GENDER            -0.014      0.011     -1.238      0.216
    KCAL04             0.000      0.000     -0.060      0.952
    MET04              0.000      0.000     -0.076      0.940

 ID       WITH
    SD                -1.265      0.217     -5.814      0.000

 AGE04    WITH
    IB                 3.932      0.600      6.549      0.000

 GENDER   WITH
    IB                 0.050      0.018      2.752      0.006

 KCAL04   WITH
    IB                56.407     23.856      2.364      0.018

 MET04    WITH
    IB               -18.860      4.061     -4.644      0.000

 Q1       WITH
    IB                -0.074      0.015     -4.970      0.000

 Q2       WITH
    IB                 0.110      0.015      7.511      0.000

 Q3       WITH
    IB                 0.086      0.016      5.435      0.000

 GENDER   WITH
    AGE04              0.199      0.078      2.550      0.011

 KCAL04   WITH
    AGE04          -1363.375    109.784    -12.419      0.000
    GENDER           -91.666      3.306    -27.724      0.000

 MET04    WITH
    AGE04           -420.685     17.334    -24.270      0.000
    GENDER            -8.093      0.605    -13.372      0.000
    KCAL04         15955.532    879.289     18.146      0.000

 Q1       WITH
    AGE04             -0.283      0.066     -4.303      0.000
    GENDER            -0.002      0.002     -0.817      0.414
    KCAL04            13.540      2.923      4.633      0.000
    MET04              5.243      0.521     10.071      0.000

 Q2       WITH
    AGE04              0.044      0.069      0.641      0.522
    GENDER             0.000      0.002      0.200      0.842
    KCAL04            -6.222      2.903     -2.143      0.032
    MET04             -5.761      0.460    -12.530      0.000
    Q1                -0.063      0.001    -49.199      0.000

 Q3       WITH
    AGE04              0.453      0.069      6.554      0.000
    GENDER             0.003      0.002      1.315      0.188
    KCAL04           -19.019      2.930     -6.491      0.000
    MET04             -9.912      0.444    -22.327      0.000
    Q1                -0.062      0.001    -48.796      0.000
    Q2                -0.062      0.001    -50.692      0.000

 Means
    AGE04             47.385      0.152    311.364      0.000
    GENDER             1.519      0.005    289.604      0.000
    KCAL04          2188.497      6.913    316.566      0.000
    MET04            116.374      1.208     96.374      0.000
    Q1                 0.250      0.004     56.730      0.000
    Q2                 0.250      0.004     57.942      0.000
    Q3                 0.250      0.004     57.809      0.000
    IB                23.013      0.035    663.995      0.000

 Intercepts
    BMI04              0.000      0.000    999.000    999.000
    BMI06              0.000      0.000    999.000    999.000
    BMI09              0.000      0.000    999.000    999.000
    BMI11              0.000      0.000    999.000    999.000
    AHEI04             0.000      0.000    999.000    999.000
    AHEI06             0.000      0.000    999.000    999.000
    AHEI09             0.000      0.000    999.000    999.000
    AHEI11             0.000      0.000    999.000    999.000
    SB                 0.336      0.439      0.767      0.443
    ID                34.894      0.484     72.095      0.000
    SD                 0.688      0.116      5.930      0.000

 Variances
    AGE04            235.499      2.976     79.132      0.000
    GENDER             0.250      0.000   1227.022      0.000
    KCAL04         *********   8168.494     56.104      0.000
    MET04          12719.620    342.497     37.138      0.000
    Q1                 0.188      0.002     85.048      0.000
    Q2                 0.188      0.002     86.912      0.000
    Q3                 0.187      0.002     86.581      0.000
    IB                 9.938      0.182     54.568      0.000

 Residual Variances
    BMI04              1.229      0.059     20.748      0.000
    BMI06              3.046      1.762      1.728      0.084
    BMI09              1.588      0.100     15.903      0.000
    BMI11             13.739      5.712      2.405      0.016
    AHEI04            49.287      1.305     37.759      0.000
    AHEI06            51.222      1.019     50.260      0.000
    AHEI09            52.382      1.143     45.842      0.000
    AHEI11            52.535      1.693     31.030      0.000
    SB                 0.033      0.005      6.122      0.000
    ID                16.831      1.127     14.935      0.000
    SD                 0.229      0.055      4.189      0.000

New/Additional Parameters
    IND1              -0.001      0.009     -0.115      0.908
    IND2              -0.010      0.021     -0.485      0.628
    IND3              -0.017      0.054     -0.317      0.751
    DI1                0.011      0.016      0.697      0.486
    DI2               -0.011      0.025     -0.417      0.676
    DI3               -0.036      0.057     -0.640      0.522
    TO1                0.010      0.013      0.789      0.430
    TO2               -0.021      0.014     -1.468      0.142
    TO3               -0.053      0.015     -3.469      0.001
    IND_L_1            0.002      0.013      0.123      0.902
    IND_L_2            0.005      0.039      0.115      0.908
    IND_L_3            0.005      0.041      0.118      0.906
    IND_S_1           -0.003      0.006     -0.466      0.641
    IND_S_2           -0.015      0.058     -0.253      0.800
    IND_S_3           -0.022      0.094     -0.234      0.815


CONFIDENCE INTERVALS OF MODEL RESULTS

                  Lower .5%  Lower 2.5%    Lower 5%    Estimate    Upper 5%  Upper 2.5%   Upper .5%

 IB       |
    BMI04            1.000       1.000       1.000       1.000       1.000       1.000       1.000
    BMI06            1.000       1.000       1.000       1.000       1.000       1.000       1.000
    BMI09            1.000       1.000       1.000       1.000       1.000       1.000       1.000
    BMI11            1.000       1.000       1.000       1.000       1.000       1.000       1.000

 SB       |
    BMI04            0.000       0.000       0.000       0.000       0.000       0.000       0.000
    BMI06            2.000       2.000       2.000       2.000       2.000       2.000       2.000
    BMI09            5.000       5.000       5.000       5.000       5.000       5.000       5.000
    BMI11            7.000       7.000       7.000       7.000       7.000       7.000       7.000

 ID       |
    AHEI04           1.000       1.000       1.000       1.000       1.000       1.000       1.000
    AHEI06           1.000       1.000       1.000       1.000       1.000       1.000       1.000
    AHEI09           1.000       1.000       1.000       1.000       1.000       1.000       1.000
    AHEI11           1.000       1.000       1.000       1.000       1.000       1.000       1.000

 SD       |
    AHEI04           0.000       0.000       0.000       0.000       0.000       0.000       0.000
    AHEI06           2.000       2.000       2.000       2.000       2.000       2.000       2.000
    AHEI09           5.000       5.000       5.000       5.000       5.000       5.000       5.000
    AHEI11           7.000       7.000       7.000       7.000       7.000       7.000       7.000

 SB       ON
    ID              -0.013      -0.008      -0.006      -0.001       0.003       0.004       0.006
    SD              -0.261      -0.172      -0.133      -0.043       0.017       0.032       0.070

 ID       ON
    Q1              -2.160      -2.024      -1.950      -1.588      -1.262      -1.195      -1.064
    Q2              -4.959      -4.853      -4.793      -4.435      -4.085      -4.018      -3.906
    Q3              -5.310      -5.210      -5.148      -4.772      -4.401      -4.326      -4.198
    AGE04            0.039       0.041       0.042       0.051       0.060       0.061       0.065
    GENDER           0.018       0.109       0.143       0.419       0.665       0.705       0.794
    KCAL04           0.001       0.001       0.001       0.001       0.001       0.001       0.002
    MET04            0.000       0.000       0.001       0.002       0.003       0.004       0.004

 SD       ON
    Q1              -0.070      -0.028      -0.013       0.063       0.145       0.160       0.179
    Q2               0.213       0.251       0.262       0.343       0.427       0.440       0.464
    Q3               0.370       0.412       0.437       0.516       0.604       0.617       0.647
    AGE04           -0.008      -0.007      -0.007      -0.004      -0.002      -0.002      -0.001
    GENDER          -0.101      -0.081      -0.072      -0.013       0.044       0.057       0.078
    KCAL04           0.000       0.000       0.000       0.000       0.000       0.000       0.000
    MET04            0.000       0.000       0.000       0.000       0.001       0.001       0.001

 SB       ON
    Q1              -0.024      -0.013      -0.010       0.011       0.035       0.041       0.048
    Q2              -0.056      -0.043      -0.037      -0.011       0.021       0.029       0.041
    Q3              -0.088      -0.075      -0.068      -0.036       0.006       0.015       0.027
    AGE04           -0.005      -0.005      -0.005      -0.004      -0.003      -0.003      -0.003
    GENDER          -0.039      -0.033      -0.030      -0.014       0.003       0.006       0.011
    KCAL04           0.000       0.000       0.000       0.000       0.000       0.000       0.000
    MET04            0.000       0.000       0.000       0.000       0.000       0.000       0.000

 ID       WITH
    SD              -1.795      -1.709      -1.634      -1.265      -0.901      -0.832      -0.721

 AGE04    WITH
    IB               2.419       2.756       2.890       3.932       4.951       5.132       5.380

 GENDER   WITH
    IB               0.007       0.014       0.020       0.050       0.078       0.084       0.094

 KCAL04   WITH
    IB              -6.907       9.185      16.123      56.407      93.518     101.393     115.877

 MET04    WITH
    IB             -28.741     -26.393     -25.046     -18.860     -11.985     -10.693      -7.458

 Q1       WITH
    IB              -0.112      -0.104      -0.098      -0.074      -0.049      -0.045      -0.037

 Q2       WITH
    IB               0.073       0.080       0.085       0.110       0.133       0.138       0.148

 Q3       WITH
    IB               0.040       0.054       0.059       0.086       0.110       0.113       0.123

 GENDER   WITH
    AGE04           -0.006       0.046       0.064       0.199       0.319       0.343       0.397

 KCAL04   WITH
    AGE04        -1651.838   -1575.775   -1549.657   -1363.375   -1195.060   -1159.546   -1090.140
    GENDER        -101.226     -98.376     -97.286     -91.666     -86.432     -85.485     -83.590

 MET04    WITH
    AGE04         -467.383    -455.700    -450.062    -420.685    -392.813    -388.954    -378.640
    GENDER          -9.719      -9.352      -9.083      -8.093      -7.073      -6.841      -6.559
    KCAL04       13875.828   14313.592   14576.838   15955.532   17455.225   17673.213   18460.412

 Q1       WITH
    AGE04           -0.460      -0.415      -0.397      -0.283      -0.181      -0.167      -0.125
    GENDER          -0.008      -0.007      -0.006      -0.002       0.002       0.002       0.004
    KCAL04           6.705       8.274       9.020      13.540      18.337      19.444      22.146
    MET04            3.859       4.248       4.431       5.243       6.115       6.224       6.507

 Q2       WITH
    AGE04           -0.149      -0.086      -0.065       0.044       0.165       0.182       0.226
    GENDER          -0.005      -0.004      -0.003       0.000       0.004       0.005       0.006
    KCAL04         -13.876     -11.860     -11.104      -6.222      -1.678      -0.681       0.992
    MET04           -7.028      -6.682      -6.520      -5.761      -4.994      -4.898      -4.689
    Q1              -0.066      -0.065      -0.065      -0.063      -0.061      -0.060      -0.060

 Q3       WITH
    AGE04            0.268       0.320       0.339       0.453       0.563       0.589       0.647
    GENDER          -0.003      -0.001      -0.001       0.003       0.007       0.007       0.009
    KCAL04         -26.833     -25.088     -23.871     -19.019     -14.312     -13.572     -12.114
    MET04          -11.231     -10.812     -10.688      -9.912      -9.196      -9.096      -8.879
    Q1              -0.066      -0.065      -0.065      -0.062      -0.060      -0.060      -0.059
    Q2              -0.066      -0.065      -0.065      -0.062      -0.061      -0.060      -0.059

 Means
    AGE04           46.990      47.063      47.134      47.385      47.623      47.684      47.803
    GENDER           1.505       1.509       1.511       1.519       1.527       1.529       1.533
    KCAL04        2171.270    2174.952    2176.839    2188.497    2200.025    2201.453    2206.185
    MET04          113.073     113.928     114.291     116.374     118.380     118.659     119.494
    Q1               0.239       0.240       0.243       0.250       0.257       0.258       0.261
    Q2               0.239       0.242       0.243       0.250       0.257       0.259       0.262
    Q3               0.237       0.242       0.243       0.250       0.257       0.258       0.261
    IB              22.921      22.938      22.951      23.013      23.070      23.078      23.094

 Intercepts
    BMI04            0.000       0.000       0.000       0.000       0.000       0.000       0.000
    BMI06            0.000       0.000       0.000       0.000       0.000       0.000       0.000
    BMI09            0.000       0.000       0.000       0.000       0.000       0.000       0.000
    BMI11            0.000       0.000       0.000       0.000       0.000       0.000       0.000
    AHEI04           0.000       0.000       0.000       0.000       0.000       0.000       0.000
    AHEI06           0.000       0.000       0.000       0.000       0.000       0.000       0.000
    AHEI09           0.000       0.000       0.000       0.000       0.000       0.000       0.000
    AHEI11           0.000       0.000       0.000       0.000       0.000       0.000       0.000
    SB               0.025       0.106       0.136       0.336       0.586       0.660       0.870
    ID              33.838      34.020      34.185      34.894      35.770      35.928      36.211
    SD               0.412       0.460       0.496       0.688       0.879       0.922       1.004

 Variances
    AGE04          228.029     229.925     230.677     235.499     240.541     241.408     242.897
    GENDER           0.249       0.249       0.249       0.250       0.250       0.250       0.250
    KCAL04       *********  441441.438  444368.469  458288.875  470965.500  473600.062  479769.688
    MET04        11911.053   12110.494   12210.427   12719.620   13313.992   13424.400   13762.001
    Q1               0.182       0.183       0.184       0.188       0.191       0.192       0.193
    Q2               0.182       0.183       0.184       0.188       0.191       0.192       0.193
    Q3               0.181       0.183       0.184       0.187       0.191       0.191       0.193
    IB               9.495       9.579       9.632       9.938      10.262      10.306      10.468

 Residual Variances
    BMI04            1.093       1.137       1.149       1.229       1.348       1.364       1.389
    BMI06            1.141       1.167       1.184       3.046       6.445       6.535       8.166
    BMI09            1.301       1.366       1.395       1.588       1.710       1.743       1.803
    BMI11            5.139       5.907       6.299      13.739      24.082      26.747      35.949
    AHEI04          46.121      46.717      47.101      49.287      51.495      51.945      52.883
    AHEI06          48.718      49.230      49.532      51.222      52.942      53.177      54.153
    AHEI09          49.529      50.124      50.461      52.382      54.297      54.618      55.452
    AHEI11          48.154      49.135      49.601      52.535      55.225      55.874      56.635
    SB               0.023       0.026       0.027       0.033       0.042       0.044       0.046
    ID              14.058      14.484      14.917      16.831      18.796      19.115      19.598
    SD               0.101       0.126       0.139       0.229       0.322       0.339       0.362

New/Additional Parameters
    IND1            -0.011      -0.009      -0.007      -0.001       0.006       0.008       0.017
    IND2            -0.041      -0.033      -0.028      -0.010       0.004       0.007       0.012
    IND3            -0.085      -0.055      -0.048      -0.017       0.003       0.007       0.018
    DI1             -0.024      -0.013      -0.010       0.011       0.035       0.041       0.048
    DI2             -0.056      -0.043      -0.037      -0.011       0.021       0.029       0.041
    DI3             -0.088      -0.075      -0.068      -0.036       0.006       0.015       0.027
    TO1             -0.021      -0.012      -0.009       0.010       0.032       0.037       0.044
    TO2             -0.054      -0.048      -0.044      -0.021       0.004       0.008       0.018
    TO3             -0.091      -0.083      -0.079      -0.053      -0.027      -0.022      -0.012
    IND_L_1         -0.010      -0.007      -0.005       0.002       0.010       0.013       0.019
    IND_L_2         -0.028      -0.018      -0.015       0.005       0.027       0.035       0.050
    IND_L_3         -0.030      -0.020      -0.016       0.005       0.030       0.037       0.056
    IND_S_1         -0.021      -0.014      -0.011      -0.003       0.002       0.003       0.007
    IND_S_2         -0.077      -0.054      -0.046      -0.015       0.006       0.012       0.028
    IND_S_3         -0.131      -0.086      -0.069      -0.022       0.008       0.016       0.039


TECHNICAL 1 OUTPUT


     PARAMETER SPECIFICATION


           NU
              BMI04         BMI06         BMI09         BMI11         AHEI04
              ________      ________      ________      ________      ________
 1                  0             0             0             0             0


           NU
              AHEI06        AHEI09        AHEI11        AGE04         GENDER
              ________      ________      ________      ________      ________
 1                  0             0             0             0             0


           NU
              KCAL04        MET04         Q1            Q2            Q3
              ________      ________      ________      ________      ________
 1                  0             0             0             0             0


           LAMBDA
              IB            SB            ID            SD            AGE04
              ________      ________      ________      ________      ________
 BMI04              0             0             0             0             0
 BMI06              0             0             0             0             0
 BMI09              0             0             0             0             0
 BMI11              0             0             0             0             0
 AHEI04             0             0             0             0             0
 AHEI06             0             0             0             0             0
 AHEI09             0             0             0             0             0
 AHEI11             0             0             0             0             0
 AGE04              0             0             0             0             0
 GENDER             0             0             0             0             0
 KCAL04             0             0             0             0             0
 MET04              0             0             0             0             0
 Q1                 0             0             0             0             0
 Q2                 0             0             0             0             0
 Q3                 0             0             0             0             0


           LAMBDA
              GENDER        KCAL04        MET04         Q1            Q2
              ________      ________      ________      ________      ________
 BMI04              0             0             0             0             0
 BMI06              0             0             0             0             0
 BMI09              0             0             0             0             0
 BMI11              0             0             0             0             0
 AHEI04             0             0             0             0             0
 AHEI06             0             0             0             0             0
 AHEI09             0             0             0             0             0
 AHEI11             0             0             0             0             0
 AGE04              0             0             0             0             0
 GENDER             0             0             0             0             0
 KCAL04             0             0             0             0             0
 MET04              0             0             0             0             0
 Q1                 0             0             0             0             0
 Q2                 0             0             0             0             0
 Q3                 0             0             0             0             0


           LAMBDA
              Q3
              ________
 BMI04              0
 BMI06              0
 BMI09              0
 BMI11              0
 AHEI04             0
 AHEI06             0
 AHEI09             0
 AHEI11             0
 AGE04              0
 GENDER             0
 KCAL04             0
 MET04              0
 Q1                 0
 Q2                 0
 Q3                 0


           THETA
              BMI04         BMI06         BMI09         BMI11         AHEI04
              ________      ________      ________      ________      ________
 BMI04              1
 BMI06              0             2
 BMI09              0             0             3
 BMI11              0             0             0             4
 AHEI04             0             0             0             0             5
 AHEI06             0             0             0             0             0
 AHEI09             0             0             0             0             0
 AHEI11             0             0             0             0             0
 AGE04              0             0             0             0             0
 GENDER             0             0             0             0             0
 KCAL04             0             0             0             0             0
 MET04              0             0             0             0             0
 Q1                 0             0             0             0             0
 Q2                 0             0             0             0             0
 Q3                 0             0             0             0             0


           THETA
              AHEI06        AHEI09        AHEI11        AGE04         GENDER
              ________      ________      ________      ________      ________
 AHEI06             6
 AHEI09             0             7
 AHEI11             0             0             8
 AGE04              0             0             0             0
 GENDER             0             0             0             0             0
 KCAL04             0             0             0             0             0
 MET04              0             0             0             0             0
 Q1                 0             0             0             0             0
 Q2                 0             0             0             0             0
 Q3                 0             0             0             0             0


           THETA
              KCAL04        MET04         Q1            Q2            Q3
              ________      ________      ________      ________      ________
 KCAL04             0
 MET04              0             0
 Q1                 0             0             0
 Q2                 0             0             0             0
 Q3                 0             0             0             0             0


           ALPHA
              IB            SB            ID            SD            AGE04
              ________      ________      ________      ________      ________
 1                  9            10            11            12            13


           ALPHA
              GENDER        KCAL04        MET04         Q1            Q2
              ________      ________      ________      ________      ________
 1                 14            15            16            17            18


           ALPHA
              Q3
              ________
 1                 19


           BETA
              IB            SB            ID            SD            AGE04
              ________      ________      ________      ________      ________
 IB                 0             0             0             0             0
 SB                 0             0            20            21            22
 ID                 0             0             0             0            29
 SD                 0             0             0             0            36
 AGE04              0             0             0             0             0
 GENDER             0             0             0             0             0
 KCAL04             0             0             0             0             0
 MET04              0             0             0             0             0
 Q1                 0             0             0             0             0
 Q2                 0             0             0             0             0
 Q3                 0             0             0             0             0


           BETA
              GENDER        KCAL04        MET04         Q1            Q2
              ________      ________      ________      ________      ________
 IB                 0             0             0             0             0
 SB                23            24            25            26            27
 ID                30            31            32            33            34
 SD                37            38            39            40            41
 AGE04              0             0             0             0             0
 GENDER             0             0             0             0             0
 KCAL04             0             0             0             0             0
 MET04              0             0             0             0             0
 Q1                 0             0             0             0             0
 Q2                 0             0             0             0             0
 Q3                 0             0             0             0             0


           BETA
              Q3
              ________
 IB                 0
 SB                28
 ID                35
 SD                42
 AGE04              0
 GENDER             0
 KCAL04             0
 MET04              0
 Q1                 0
 Q2                 0
 Q3                 0


           PSI
              IB            SB            ID            SD            AGE04
              ________      ________      ________      ________      ________
 IB                43
 SB                 0            44
 ID                 0             0            45
 SD                 0             0            46            47
 AGE04             48             0             0             0            49
 GENDER            50             0             0             0            51
 KCAL04            53             0             0             0            54
 MET04             57             0             0             0            58
 Q1                62             0             0             0            63
 Q2                68             0             0             0            69
 Q3                75             0             0             0            76


           PSI
              GENDER        KCAL04        MET04         Q1            Q2
              ________      ________      ________      ________      ________
 GENDER            52
 KCAL04            55            56
 MET04             59            60            61
 Q1                64            65            66            67
 Q2                70            71            72            73            74
 Q3                77            78            79            80            81


           PSI
              Q3
              ________
 Q3                82


     PARAMETER SPECIFICATION FOR THE ADDITIONAL PARAMETERS


           NEW/ADDITIONAL PARAMETERS
              IND1          IND2          IND3          DI1           DI2
              ________      ________      ________      ________      ________
 1                 83            84            85            86            87


           NEW/ADDITIONAL PARAMETERS
              DI3           TO1           TO2           TO3           IND_L_1
              ________      ________      ________      ________      ________
 1                 88            89            90            91            92


           NEW/ADDITIONAL PARAMETERS
              IND_L_2       IND_L_3       IND_S_1       IND_S_2       IND_S_3
              ________      ________      ________      ________      ________
 1                 93            94            95            96            97


     STARTING VALUES


           NU
              BMI04         BMI06         BMI09         BMI11         AHEI04
              ________      ________      ________      ________      ________
 1              0.000         0.000         0.000         0.000         0.000


           NU
              AHEI06        AHEI09        AHEI11        AGE04         GENDER
              ________      ________      ________      ________      ________
 1              0.000         0.000         0.000         0.000         0.000


           NU
              KCAL04        MET04         Q1            Q2            Q3
              ________      ________      ________      ________      ________
 1              0.000         0.000         0.000         0.000         0.000


           LAMBDA
              IB            SB            ID            SD            AGE04
              ________      ________      ________      ________      ________
 BMI04          1.000         0.000         0.000         0.000         0.000
 BMI06          1.000         2.000         0.000         0.000         0.000
 BMI09          1.000         5.000         0.000         0.000         0.000
 BMI11          1.000         7.000         0.000         0.000         0.000
 AHEI04         0.000         0.000         1.000         0.000         0.000
 AHEI06         0.000         0.000         1.000         2.000         0.000
 AHEI09         0.000         0.000         1.000         5.000         0.000
 AHEI11         0.000         0.000         1.000         7.000         0.000
 AGE04          0.000         0.000         0.000         0.000         1.000
 GENDER         0.000         0.000         0.000         0.000         0.000
 KCAL04         0.000         0.000         0.000         0.000         0.000
 MET04          0.000         0.000         0.000         0.000         0.000
 Q1             0.000         0.000         0.000         0.000         0.000
 Q2             0.000         0.000         0.000         0.000         0.000
 Q3             0.000         0.000         0.000         0.000         0.000


           LAMBDA
              GENDER        KCAL04        MET04         Q1            Q2
              ________      ________      ________      ________      ________
 BMI04          0.000         0.000         0.000         0.000         0.000
 BMI06          0.000         0.000         0.000         0.000         0.000
 BMI09          0.000         0.000         0.000         0.000         0.000
 BMI11          0.000         0.000         0.000         0.000         0.000
 AHEI04         0.000         0.000         0.000         0.000         0.000
 AHEI06         0.000         0.000         0.000         0.000         0.000
 AHEI09         0.000         0.000         0.000         0.000         0.000
 AHEI11         0.000         0.000         0.000         0.000         0.000
 AGE04          0.000         0.000         0.000         0.000         0.000
 GENDER         1.000         0.000         0.000         0.000         0.000
 KCAL04         0.000         1.000         0.000         0.000         0.000
 MET04          0.000         0.000         1.000         0.000         0.000
 Q1             0.000         0.000         0.000         1.000         0.000
 Q2             0.000         0.000         0.000         0.000         1.000
 Q3             0.000         0.000         0.000         0.000         0.000


           LAMBDA
              Q3
              ________
 BMI04          0.000
 BMI06          0.000
 BMI09          0.000
 BMI11          0.000
 AHEI04         0.000
 AHEI06         0.000
 AHEI09         0.000
 AHEI11         0.000
 AGE04          0.000
 GENDER         0.000
 KCAL04         0.000
 MET04          0.000
 Q1             0.000
 Q2             0.000
 Q3             1.000


           THETA
              BMI04         BMI06         BMI09         BMI11         AHEI04
              ________      ________      ________      ________      ________
 BMI04          5.617
 BMI06          0.000         6.364
 BMI09          0.000         0.000         5.891
 BMI11          0.000         0.000         0.000        11.820
 AHEI04         0.000         0.000         0.000         0.000        35.805
 AHEI06         0.000         0.000         0.000         0.000         0.000
 AHEI09         0.000         0.000         0.000         0.000         0.000
 AHEI11         0.000         0.000         0.000         0.000         0.000
 AGE04          0.000         0.000         0.000         0.000         0.000
 GENDER         0.000         0.000         0.000         0.000         0.000
 KCAL04         0.000         0.000         0.000         0.000         0.000
 MET04          0.000         0.000         0.000         0.000         0.000
 Q1             0.000         0.000         0.000         0.000         0.000
 Q2             0.000         0.000         0.000         0.000         0.000
 Q3             0.000         0.000         0.000         0.000         0.000


           THETA
              AHEI06        AHEI09        AHEI11        AGE04         GENDER
              ________      ________      ________      ________      ________
 AHEI06        33.621
 AHEI09         0.000        31.897
 AHEI11         0.000         0.000        31.500
 AGE04          0.000         0.000         0.000         0.000
 GENDER         0.000         0.000         0.000         0.000         0.000
 KCAL04         0.000         0.000         0.000         0.000         0.000
 MET04          0.000         0.000         0.000         0.000         0.000
 Q1             0.000         0.000         0.000         0.000         0.000
 Q2             0.000         0.000         0.000         0.000         0.000
 Q3             0.000         0.000         0.000         0.000         0.000


           THETA
              KCAL04        MET04         Q1            Q2            Q3
              ________      ________      ________      ________      ________
 KCAL04         0.000
 MET04          0.000         0.000
 Q1             0.000         0.000         0.000
 Q2             0.000         0.000         0.000         0.000
 Q3             0.000         0.000         0.000         0.000         0.000


           ALPHA
              IB            SB            ID            SD            AGE04
              ________      ________      ________      ________      ________
 1             23.091         0.035        37.845         0.202        47.385


           ALPHA
              GENDER        KCAL04        MET04         Q1            Q2
              ________      ________      ________      ________      ________
 1              1.519      2188.497       118.186         0.250         0.250


           ALPHA
              Q3
              ________
 1              0.250


           BETA
              IB            SB            ID            SD            AGE04
              ________      ________      ________      ________      ________
 IB             0.000         0.000         0.000         0.000         0.000
 SB             0.000         0.000         0.000         0.000         0.000
 ID             0.000         0.000         0.000         0.000         0.000
 SD             0.000         0.000         0.000         0.000         0.000
 AGE04          0.000         0.000         0.000         0.000         0.000
 GENDER         0.000         0.000         0.000         0.000         0.000
 KCAL04         0.000         0.000         0.000         0.000         0.000
 MET04          0.000         0.000         0.000         0.000         0.000
 Q1             0.000         0.000         0.000         0.000         0.000
 Q2             0.000         0.000         0.000         0.000         0.000
 Q3             0.000         0.000         0.000         0.000         0.000


           BETA
              GENDER        KCAL04        MET04         Q1            Q2
              ________      ________      ________      ________      ________
 IB             0.000         0.000         0.000         0.000         0.000
 SB             0.000         0.000         0.000         0.000         0.000
 ID             0.000         0.000         0.000         0.000         0.000
 SD             0.000         0.000         0.000         0.000         0.000
 AGE04          0.000         0.000         0.000         0.000         0.000
 GENDER         0.000         0.000         0.000         0.000         0.000
 KCAL04         0.000         0.000         0.000         0.000         0.000
 MET04          0.000         0.000         0.000         0.000         0.000
 Q1             0.000         0.000         0.000         0.000         0.000
 Q2             0.000         0.000         0.000         0.000         0.000
 Q3             0.000         0.000         0.000         0.000         0.000


           BETA
              Q3
              ________
 IB             0.000
 SB             0.000
 ID             0.000
 SD             0.000
 AGE04          0.000
 GENDER         0.000
 KCAL04         0.000
 MET04          0.000
 Q1             0.000
 Q2             0.000
 Q3             0.000


           PSI
              IB            SB            ID            SD            AGE04
              ________      ________      ________      ________      ________
 IB            11.513
 SB             0.000         0.570
 ID             0.000         0.000        67.157
 SD             0.000         0.000         0.000        17.219
 AGE04          0.000         0.000         0.000         0.000       117.749
 GENDER         0.000         0.000         0.000         0.000         0.000
 KCAL04         0.000         0.000         0.000         0.000         0.000
 MET04          0.000         0.000         0.000         0.000         0.000
 Q1             0.000         0.000         0.000         0.000         0.000
 Q2             0.000         0.000         0.000         0.000         0.000
 Q3             0.000         0.000         0.000         0.000         0.000


           PSI
              GENDER        KCAL04        MET04         Q1            Q2
              ________      ________      ________      ________      ________
 GENDER         0.125
 KCAL04         0.000    229144.438
 MET04          0.000         0.000      6315.442
 Q1             0.000         0.000         0.000         0.094
 Q2             0.000         0.000         0.000         0.000         0.094
 Q3             0.000         0.000         0.000         0.000         0.000


           PSI
              Q3
              ________
 Q3             0.094


     STARTING VALUES FOR THE ADDITIONAL PARAMETERS


           NEW/ADDITIONAL PARAMETERS
              IND1          IND2          IND3          DI1           DI2
              ________      ________      ________      ________      ________
 1              0.500         0.500         0.500         0.500         0.500


           NEW/ADDITIONAL PARAMETERS
              DI3           TO1           TO2           TO3           IND_L_1
              ________      ________      ________      ________      ________
 1              0.500         0.500         0.500         0.500         0.500


           NEW/ADDITIONAL PARAMETERS
              IND_L_2       IND_L_3       IND_S_1       IND_S_2       IND_S_3
              ________      ________      ________      ________      ________
 1              0.500         0.500         0.500         0.500         0.500


TECHNICAL 8 OUTPUT


   E STEP  ITER  LOGLIKELIHOOD    ABS CHANGE   REL CHANGE  ALGORITHM
              1 -0.37637992D+06    0.0000000    0.0000000  EM
              2 -0.34872805D+06 ************    0.0734680  EM
              3 -0.34872805D+06    0.0000000    0.0000000  EM


DIAGRAM INFORMATION

  Use View Diagram under the Diagram menu in the Mplus Editor to view the diagram.
  If running Mplus from the Mplus Diagrammer, the diagram opens automatically.

  Diagram output
    d:\data\dpmedi\mplus\longitudinal\ahei bmi mediation.dgm

     Beginning Time:  15:34:34
        Ending Time:  15:46:49
       Elapsed Time:  00:12:15



MUTHEN & MUTHEN
3463 Stoner Ave.
Los Angeles, CA  90066

Tel: (310) 391-9971
Fax: (310) 391-8971
Web: www.StatModel.com
Support: Support@StatModel.com

Copyright (c) 1998-2015 Muthen & Muthen
