Mplus VERSION 7.4
MUTHEN & MUTHEN
05/16/2019   1:13 PM

INPUT INSTRUCTIONS

  DATA: File is id0411 mplus.csv;

  VARIABLE: Names are IDind WAVE hhid t2 commid age04
                      kcal04 carbo04 fat04 protn04 bmi04
                      hwr04 wc04 diasto04 systo04 smoke04
                      gender educ04 indinc04 index04 met04
                      cmfp04 dash04 ahei04 hbs04 lbs04 dqd04
                      age06 kcal06 carbo06 fat06 protn06 bmi06
                      hwr06 wc06 diasto06 systo06 smoke06
                      educ06 indinc06 index06 met06 cmfp06 dash06
                      ahei06 hbs06 lbs06 dqd06 age09 kcal09 carbo09
                      fat09 protn09 bmi09 hwr09 wc09 diasto09 systo09
                      smoke09 educ09 indinc09 index09 met09 cmfp09
                      dash09 ahei09 hbs09 lbs09 dqd09 age11 kcal11
                      carbo11 fat11 protn11 bmi11 hwr11 wc11 diasto11
                      systo11 smoke11 educ11 indinc11 index11 met11
                      cmfp11 dash11 ahei11 hbs11 lbs11 dqd11 q_index
                       q1 q2 q3 carbo_p protn_p fat_p;

           Usev are  age04 gender kcal04 met04
                     bmi04 bmi06 bmi09 bmi11 smoke04
                     cmfp04 cmfp06 cmfp09 cmfp11
                     educ04 systo04 diasto04 q1 q2 q3;


           Missing are all(999);


  ANALYSIS:
  Type=random;
  ALGORITHM=INTEGRATION;
  Estimator=ML;



  MODEL:
  age04 gender kcal04 met04 smoke04
  bmi04 bmi06 bmi09 bmi11 educ04 systo04 diasto04
  cmfp04 cmfp06 cmfp09 cmfp11 q1 q2 q3;

  ib sb | bmi04@0 bmi06@2 bmi09@5 bmi11@7;
  id sd | cmfp04@0 cmfp06@2 cmfp09@5 cmfp11@7;

  ib with sb;
  id with sd;

  ib-sd on q1 q2 q3 age04 gender met04 kcal04 educ04 systo04 diasto04 smoke04;

  OUTPUT: tech1 tech8 tech4 cinterval;



INPUT READING TERMINATED NORMALLY




SUMMARY OF ANALYSIS

Number of groups                                                 1
Number of observations                                        9547

Number of dependent variables                                    8
Number of independent variables                                 11
Number of continuous latent variables                            4

Observed dependent variables

  Continuous
   BMI04       BMI06       BMI09       BMI11       CMFP04      CMFP06
   CMFP09      CMFP11

Observed independent variables
   AGE04       GENDER      KCAL04      MET04       SMOKE04     EDUC04
   SYSTO04     DIASTO04    Q1          Q2          Q3

Continuous latent variables
   IB          SB          ID          SD


Estimator                                                       ML
Information matrix                                        OBSERVED
Optimization Specifications for the Quasi-Newton Algorithm for
Continuous Outcomes
  Maximum number of iterations                                 100
  Convergence criterion                                  0.100D-05
Optimization Specifications for the EM Algorithm
  Maximum number of iterations                                 500
  Convergence criteria
    Loglikelihood change                                 0.100D-02
    Relative loglikelihood change                        0.100D-05
    Derivative                                           0.100D-02
Optimization Specifications for the M step of the EM Algorithm for
Categorical Latent variables
  Number of M step iterations                                    1
  M step convergence criterion                           0.100D-02
  Basis for M step termination                           ITERATION
Optimization Specifications for the M step of the EM Algorithm for
Censored, Binary or Ordered Categorical (Ordinal), Unordered
Categorical (Nominal) and Count Outcomes
  Number of M step iterations                                    1
  M step convergence criterion                           0.100D-02
  Basis for M step termination                           ITERATION
  Maximum value for logit thresholds                            15
  Minimum value for logit thresholds                           -15
  Minimum expected cell size for chi-square              0.100D-01
Maximum number of iterations for H1                           2000
Convergence criterion for H1                             0.100D-03
Optimization algorithm                                         EMA
Integration Specifications
  Type                                                    STANDARD
  Number of integration points                                  15
  Dimensions of numerical integration                            0
  Adaptive quadrature                                           ON
Cholesky                                                       OFF

Input data file(s)
  id0411 mplus.csv
Input data format  FREE


SUMMARY OF DATA

     Number of missing data patterns           199


COVARIANCE COVERAGE OF DATA

Minimum covariance coverage value   0.100


     PROPORTION OF DATA PRESENT FOR Y


           Covariance Coverage
              BMI04         BMI06         BMI09         BMI11         CMFP04
              ________      ________      ________      ________      ________
 BMI04          0.928
 BMI06          0.690         0.727
 BMI09          0.589         0.537         0.623
 BMI11          0.533         0.483         0.503         0.564
 CMFP04         0.928         0.727         0.623         0.564         1.000
 CMFP06         0.721         0.717         0.559         0.504         0.769
 CMFP09         0.608         0.553         0.616         0.514         0.648
 CMFP11         0.537         0.486         0.504         0.553         0.571
 AGE04          0.928         0.727         0.623         0.564         1.000
 GENDER         0.928         0.727         0.623         0.564         1.000
 KCAL04         0.928         0.727         0.623         0.564         1.000
 MET04          0.848         0.667         0.576         0.523         0.901
 SMOKE04        0.927         0.722         0.619         0.559         0.988
 EDUC04         0.926         0.722         0.618         0.559         0.987
 SYSTO04        0.927         0.698         0.596         0.539         0.939
 DIASTO04       0.927         0.698         0.596         0.539         0.939
 Q1             0.927         0.726         0.622         0.563         0.999
 Q2             0.927         0.726         0.622         0.563         0.999
 Q3             0.927         0.726         0.622         0.563         0.999


           Covariance Coverage
              CMFP06        CMFP09        CMFP11        AGE04         GENDER
              ________      ________      ________      ________      ________
 CMFP06         0.769
 CMFP09         0.580         0.648
 CMFP11         0.509         0.518         0.571
 AGE04          0.769         0.648         0.571         1.000
 GENDER         0.769         0.648         0.571         1.000         1.000
 KCAL04         0.769         0.648         0.571         1.000         1.000
 MET04          0.703         0.597         0.529         0.901         0.901
 SMOKE04        0.763         0.643         0.566         0.988         0.988
 EDUC04         0.763         0.642         0.566         0.987         0.987
 SYSTO04        0.729         0.615         0.544         0.939         0.939
 DIASTO04       0.729         0.615         0.544         0.939         0.939
 Q1             0.768         0.647         0.570         0.999         0.999
 Q2             0.768         0.647         0.570         0.999         0.999
 Q3             0.768         0.647         0.570         0.999         0.999


           Covariance Coverage
              KCAL04        MET04         SMOKE04       EDUC04        SYSTO04
              ________      ________      ________      ________      ________
 KCAL04         1.000
 MET04          0.901         0.901
 SMOKE04        0.988         0.900         0.988
 EDUC04         0.987         0.899         0.986         0.987
 SYSTO04        0.939         0.857         0.937         0.937         0.939
 DIASTO04       0.939         0.857         0.937         0.937         0.939
 Q1             0.999         0.900         0.987         0.986         0.938
 Q2             0.999         0.900         0.987         0.986         0.938
 Q3             0.999         0.900         0.987         0.986         0.938


           Covariance Coverage
              DIASTO04      Q1            Q2            Q3
              ________      ________      ________      ________
 DIASTO04       0.939
 Q1             0.938         0.999
 Q2             0.938         0.999         0.999
 Q3             0.938         0.999         0.999         0.999


     THE STANDARD ERRORS OF THE MODEL PARAMETER ESTIMATES MAY NOT BE
     TRUSTWORTHY FOR SOME PARAMETERS DUE TO A NON-POSITIVE DEFINITE
     FIRST-ORDER DERIVATIVE PRODUCT MATRIX.  THIS MAY BE DUE TO THE STARTING
     VALUES BUT MAY ALSO BE AN INDICATION OF MODEL NONIDENTIFICATION.  THE
     CONDITION NUMBER IS      -0.252D-19.  PROBLEM INVOLVING THE FOLLOWING PARAMETER:
     Parameter 142, Q3 WITH Q2


THE MODEL ESTIMATION TERMINATED NORMALLY



MODEL FIT INFORMATION

Number of Free Parameters                      143

Loglikelihood

          H0 Value                     -425068.818

Information Criteria

          Akaike (AIC)                  850423.636
          Bayesian (BIC)                851448.086
          Sample-Size Adjusted BIC      850993.654
            (n* = (n + 2) / 24)



MODEL RESULTS

                                                    Two-Tailed
                    Estimate       S.E.  Est./S.E.    P-Value

 IB       |
    BMI04              1.000      0.000    999.000    999.000
    BMI06              1.000      0.000    999.000    999.000
    BMI09              1.000      0.000    999.000    999.000
    BMI11              1.000      0.000    999.000    999.000

 SB       |
    BMI04              0.000      0.000    999.000    999.000
    BMI06              2.000      0.000    999.000    999.000
    BMI09              5.000      0.000    999.000    999.000
    BMI11              7.000      0.000    999.000    999.000

 ID       |
    CMFP04             1.000      0.000    999.000    999.000
    CMFP06             1.000      0.000    999.000    999.000
    CMFP09             1.000      0.000    999.000    999.000
    CMFP11             1.000      0.000    999.000    999.000

 SD       |
    CMFP04             0.000      0.000    999.000    999.000
    CMFP06             2.000      0.000    999.000    999.000
    CMFP09             5.000      0.000    999.000    999.000
    CMFP11             7.000      0.000    999.000    999.000

 IB         ON
    Q1                 0.103      0.094      1.090      0.276
    Q2                 0.677      0.098      6.890      0.000
    Q3                 0.649      0.105      6.177      0.000
    AGE04             -0.002      0.003     -0.622      0.534
    GENDER             0.374      0.086      4.372      0.000
    MET04              0.000      0.000      0.276      0.782
    KCAL04             0.000      0.000      6.651      0.000
    EDUC04             0.051      0.031      1.651      0.099
    SYSTO04            0.025      0.003      8.926      0.000
    DIASTO04           0.058      0.004     13.547      0.000
    SMOKE04           -0.359      0.077     -4.678      0.000

 SB         ON
    Q1                 0.012      0.013      0.936      0.349
    Q2                -0.008      0.014     -0.619      0.536
    Q3                -0.035      0.015     -2.326      0.020
    AGE04             -0.004      0.000     -8.839      0.000
    GENDER            -0.036      0.012     -2.987      0.003
    MET04              0.000      0.000     -0.871      0.384
    KCAL04             0.000      0.000      0.614      0.539
    EDUC04            -0.013      0.004     -2.909      0.004
    SYSTO04           -0.001      0.000     -3.572      0.000
    DIASTO04           0.000      0.001     -0.417      0.677
    SMOKE04           -0.014      0.010     -1.373      0.170

 ID         ON
    Q1                 1.032      0.124      8.348      0.000
    Q2                 1.314      0.129     10.193      0.000
    Q3                 2.868      0.139     20.678      0.000
    AGE04              0.017      0.004      4.790      0.000
    GENDER             0.525      0.113      4.641      0.000
    MET04              0.002      0.000      4.370      0.000
    KCAL04             0.000      0.000      5.804      0.000
    EDUC04             0.352      0.041      8.543      0.000
    SYSTO04            0.006      0.004      1.497      0.134
    DIASTO04          -0.013      0.006     -2.271      0.023
    SMOKE04           -0.170      0.103     -1.659      0.097

 SD         ON
    Q1                 0.070      0.028      2.453      0.014
    Q2                 0.075      0.030      2.481      0.013
    Q3                 0.114      0.034      3.404      0.001
    AGE04             -0.004      0.001     -4.843      0.000
    GENDER             0.001      0.027      0.048      0.962
    MET04              0.000      0.000     -0.476      0.634
    KCAL04             0.000      0.000     -5.439      0.000
    EDUC04             0.004      0.010      0.442      0.658
    SYSTO04           -0.002      0.001     -1.684      0.092
    DIASTO04           0.005      0.001      3.279      0.001
    SMOKE04            0.030      0.024      1.239      0.215

 IB       WITH
    SB                -0.094      0.020     -4.714      0.000

 ID       WITH
    SD                -0.291      0.074     -3.962      0.000
    IB                 0.458      0.140      3.266      0.001
    SB                -0.073      0.020     -3.735      0.000

 SD       WITH
    IB                -0.059      0.034     -1.755      0.079
    SB                 0.003      0.004      0.614      0.539

 GENDER   WITH
    AGE04              0.199      0.078      2.532      0.011

 KCAL04   WITH
    AGE04          -1363.375    107.236    -12.714      0.000
    GENDER           -91.666      3.587    -25.558      0.000

 MET04    WITH
    AGE04           -420.133     19.843    -21.173      0.000
    GENDER            -8.105      0.609    -13.302      0.000
    KCAL04         15952.905    840.527     18.980      0.000

 SMOKE04  WITH
    AGE04              0.284      0.083      3.419      0.001
    GENDER            -0.150      0.003    -48.390      0.000
    KCAL04            57.581      3.701     15.556      0.000
    MET04              4.825      0.634      7.611      0.000

 EDUC04   WITH
    AGE04             -8.218      0.226    -36.393      0.000
    GENDER            -0.129      0.007    -18.672      0.000
    KCAL04            78.463      9.254      8.479      0.000
    MET04             -1.602      1.606     -0.998      0.318
    SMOKE04            0.042      0.007      5.791      0.000

 SYSTO04  WITH
    AGE04            117.536      3.251     36.153      0.000
    GENDER            -0.814      0.098     -8.321      0.000
    KCAL04          -955.765    133.088     -7.181      0.000
    MET04           -277.264     23.386    -11.856      0.000
    SMOKE04            0.674      0.102      6.580      0.000
    EDUC04            -3.745      0.262    -14.309      0.000

 DIASTO04 WITH
    AGE04             35.926      1.871     19.199      0.000
    GENDER            -0.691      0.060    -11.600      0.000
    KCAL04          -283.599     80.637     -3.517      0.000
    MET04            -84.621     13.991     -6.048      0.000
    SMOKE04            0.448      0.062      7.216      0.000
    EDUC04            -0.820      0.157     -5.220      0.000
    SYSTO04          148.467      2.710     54.794      0.000

 Q1       WITH
    AGE04             -0.282      0.068     -4.147      0.000
    GENDER            -0.002      0.002     -0.834      0.404
    KCAL04            13.586      3.004      4.523      0.000
    MET04              5.211      0.521      9.994      0.000
    SMOKE04            0.003      0.002      1.377      0.169
    EDUC04            -0.090      0.006    -15.114      0.000
    SYSTO04           -0.170      0.085     -2.011      0.044
    DIASTO04          -0.068      0.051     -1.320      0.187

 Q2       WITH
    AGE04              0.044      0.068      0.649      0.516
    GENDER             0.000      0.002      0.204      0.839
    KCAL04            -6.232      3.001     -2.076      0.038
    MET04             -5.775      0.529    -10.914      0.000
    SMOKE04            0.001      0.002      0.569      0.569
    EDUC04             0.025      0.006      4.281      0.000
    SYSTO04            0.394      0.084      4.664      0.000
    DIASTO04           0.367      0.051      7.157      0.000
    Q1                -0.063      0.002    -30.887      0.000

 Q3       WITH
    AGE04              0.451      0.068      6.610      0.000
    GENDER             0.003      0.002      1.323      0.186
    KCAL04           -19.120      3.008     -6.356      0.000
    MET04             -9.879      0.534    -18.496      0.000
    SMOKE04           -0.007      0.002     -3.059      0.002
    EDUC04             0.183      0.006     29.498      0.000
    SYSTO04            0.342      0.084      4.074      0.000
    DIASTO04          -0.010      0.051     -0.202      0.840
    Q1                -0.063      0.002    -30.873      0.000
    Q2                -0.062      0.002    -30.857      0.000

 Means
    AGE04             47.385      0.157    301.706      0.000
    GENDER             1.519      0.005    297.033      0.000
    KCAL04          2188.497      6.928    315.871      0.000
    MET04            116.450      1.209     96.314      0.000
    SMOKE04            0.335      0.005     61.984      0.000
    EDUC04             1.729      0.014    126.946      0.000
    SYSTO04          122.076      0.195    625.807      0.000
    DIASTO04          78.634      0.118    664.399      0.000
    Q1                 0.250      0.004     56.369      0.000
    Q2                 0.250      0.004     56.394      0.000
    Q3                 0.250      0.004     56.445      0.000

 Intercepts
    BMI04              0.000      0.000    999.000    999.000
    BMI06              0.000      0.000    999.000    999.000
    BMI09              0.000      0.000    999.000    999.000
    BMI11              0.000      0.000    999.000    999.000
    CMFP04             0.000      0.000    999.000    999.000
    CMFP06             0.000      0.000    999.000    999.000
    CMFP09             0.000      0.000    999.000    999.000
    CMFP11             0.000      0.000    999.000    999.000
    IB                13.816      0.373     36.999      0.000
    SB                 0.514      0.054      9.541      0.000
    ID                14.729      0.495     29.745      0.000
    SD                 0.443      0.121      3.657      0.000

 Variances
    AGE04            235.499      3.409     69.091      0.000
    GENDER             0.250      0.004     69.091      0.000
    KCAL04         *********   6633.166     69.091      0.000
    MET04          12717.315    194.867     65.261      0.000
    SMOKE04            0.276      0.004     68.711      0.000
    EDUC04             1.755      0.026     68.603      0.000
    SYSTO04          345.147      5.166     66.814      0.000
    DIASTO04         126.201      1.886     66.902      0.000
    Q1                 0.188      0.003     69.057      0.000
    Q2                 0.188      0.003     69.062      0.000
    Q3                 0.188      0.003     69.013      0.000

 Residual Variances
    BMI04              0.966      0.072     13.466      0.000
    BMI06              3.133      0.070     44.841      0.000
    BMI09              1.539      0.071     21.601      0.000
    BMI11             13.571      0.292     46.477      0.000
    CMFP04            16.326      0.431     37.854      0.000
    CMFP06            18.831      0.369     51.101      0.000
    CMFP09            19.718      0.436     45.194      0.000
    CMFP11            22.681      0.651     34.838      0.000
    IB                 9.117      0.161     56.701      0.000
    SB                 0.046      0.004     10.724      0.000
    ID                 5.457      0.373     14.638      0.000
    SD                 0.073      0.019      3.792      0.000


QUALITY OF NUMERICAL RESULTS

     Condition Number for the Information Matrix             -0.252E-19
       (ratio of smallest to largest eigenvalue)


CONFIDENCE INTERVALS OF MODEL RESULTS

                  Lower .5%  Lower 2.5%    Lower 5%    Estimate    Upper 5%  Upper 2.5%   Upper .5%

 IB       |
    BMI04            1.000       1.000       1.000       1.000       1.000       1.000       1.000
    BMI06            1.000       1.000       1.000       1.000       1.000       1.000       1.000
    BMI09            1.000       1.000       1.000       1.000       1.000       1.000       1.000
    BMI11            1.000       1.000       1.000       1.000       1.000       1.000       1.000

 SB       |
    BMI04            0.000       0.000       0.000       0.000       0.000       0.000       0.000
    BMI06            2.000       2.000       2.000       2.000       2.000       2.000       2.000
    BMI09            5.000       5.000       5.000       5.000       5.000       5.000       5.000
    BMI11            7.000       7.000       7.000       7.000       7.000       7.000       7.000

 ID       |
    CMFP04           1.000       1.000       1.000       1.000       1.000       1.000       1.000
    CMFP06           1.000       1.000       1.000       1.000       1.000       1.000       1.000
    CMFP09           1.000       1.000       1.000       1.000       1.000       1.000       1.000
    CMFP11           1.000       1.000       1.000       1.000       1.000       1.000       1.000

 SD       |
    CMFP04           0.000       0.000       0.000       0.000       0.000       0.000       0.000
    CMFP06           2.000       2.000       2.000       2.000       2.000       2.000       2.000
    CMFP09           5.000       5.000       5.000       5.000       5.000       5.000       5.000
    CMFP11           7.000       7.000       7.000       7.000       7.000       7.000       7.000

 IB       ON
    Q1              -0.140      -0.082      -0.052       0.103       0.258       0.287       0.345
    Q2               0.424       0.484       0.515       0.677       0.838       0.869       0.930
    Q3               0.378       0.443       0.476       0.649       0.822       0.855       0.920
    AGE04           -0.009      -0.007      -0.006      -0.002       0.003       0.004       0.005
    GENDER           0.154       0.206       0.233       0.374       0.515       0.542       0.594
    MET04           -0.001      -0.001       0.000       0.000       0.001       0.001       0.001
    KCAL04           0.000       0.000       0.000       0.000       0.000       0.000       0.000
    EDUC04          -0.029      -0.010       0.000       0.051       0.102       0.112       0.131
    SYSTO04          0.018       0.019       0.020       0.025       0.029       0.030       0.032
    DIASTO04         0.047       0.050       0.051       0.058       0.065       0.067       0.069
    SMOKE04         -0.557      -0.510      -0.486      -0.359      -0.233      -0.209      -0.161

 SB       ON
    Q1              -0.021      -0.013      -0.009       0.012       0.033       0.037       0.045
    Q2              -0.043      -0.035      -0.031      -0.008       0.014       0.018       0.027
    Q3              -0.073      -0.064      -0.059      -0.035      -0.010      -0.005       0.004
    AGE04           -0.005      -0.004      -0.004      -0.004      -0.003      -0.003      -0.003
    GENDER          -0.067      -0.060      -0.056      -0.036      -0.016      -0.012      -0.005
    MET04            0.000       0.000       0.000       0.000       0.000       0.000       0.000
    KCAL04           0.000       0.000       0.000       0.000       0.000       0.000       0.000
    EDUC04          -0.024      -0.022      -0.020      -0.013      -0.006      -0.004      -0.001
    SYSTO04         -0.002      -0.002      -0.002      -0.001      -0.001      -0.001       0.000
    DIASTO04        -0.002      -0.001      -0.001       0.000       0.001       0.001       0.001
    SMOKE04         -0.041      -0.035      -0.032      -0.014       0.003       0.006       0.013

 ID       ON
    Q1               0.714       0.790       0.829       1.032       1.235       1.274       1.350
    Q2               0.982       1.061       1.102       1.314       1.526       1.566       1.646
    Q3               2.511       2.596       2.640       2.868       3.096       3.140       3.225
    AGE04            0.008       0.010       0.011       0.017       0.023       0.024       0.027
    GENDER           0.234       0.303       0.339       0.525       0.712       0.747       0.817
    MET04            0.001       0.001       0.001       0.002       0.003       0.003       0.003
    KCAL04           0.000       0.000       0.000       0.000       0.001       0.001       0.001
    EDUC04           0.246       0.271       0.284       0.352       0.419       0.432       0.458
    SYSTO04         -0.004      -0.002      -0.001       0.006       0.012       0.013       0.015
    DIASTO04        -0.028      -0.024      -0.023      -0.013      -0.004      -0.002       0.002
    SMOKE04         -0.434      -0.371      -0.339      -0.170      -0.001       0.031       0.094

 SD       ON
    Q1              -0.003       0.014       0.023       0.070       0.117       0.126       0.143
    Q2              -0.003       0.016       0.025       0.075       0.125       0.135       0.154
    Q3               0.028       0.048       0.059       0.114       0.170       0.180       0.201
    AGE04           -0.007      -0.006      -0.006      -0.004      -0.003      -0.003      -0.002
    GENDER          -0.069      -0.052      -0.043       0.001       0.046       0.055       0.071
    MET04            0.000       0.000       0.000       0.000       0.000       0.000       0.000
    KCAL04           0.000       0.000       0.000       0.000       0.000       0.000       0.000
    EDUC04          -0.021      -0.015      -0.012       0.004       0.021       0.024       0.030
    SYSTO04         -0.004      -0.003      -0.003      -0.002       0.000       0.000       0.001
    DIASTO04         0.001       0.002       0.002       0.005       0.007       0.007       0.008
    SMOKE04         -0.032      -0.017      -0.010       0.030       0.070       0.078       0.093

 IB       WITH
    SB              -0.145      -0.133      -0.126      -0.094      -0.061      -0.055      -0.042

 ID       WITH
    SD              -0.481      -0.435      -0.412      -0.291      -0.170      -0.147      -0.102
    IB               0.097       0.183       0.227       0.458       0.689       0.733       0.819
    SB              -0.124      -0.112      -0.106      -0.073      -0.041      -0.035      -0.023

 SD       WITH
    IB              -0.146      -0.125      -0.115      -0.059      -0.004       0.007       0.028
    SB              -0.008      -0.006      -0.004       0.003       0.010       0.011       0.014

 GENDER   WITH
    AGE04           -0.003       0.045       0.070       0.199       0.328       0.353       0.401

 KCAL04   WITH
    AGE04        -1639.592   -1573.556   -1539.777   -1363.375   -1186.972   -1153.193   -1087.157
    GENDER        -100.904     -98.695     -97.566     -91.666     -85.766     -84.636     -82.427

 MET04    WITH
    AGE04         -471.245    -459.026    -452.775    -420.133    -387.492    -381.241    -369.022
    GENDER          -9.674      -9.299      -9.107      -8.105      -7.102      -6.910      -6.535
    KCAL04       13787.876   14305.473   14570.238   15952.905   17335.572   17600.338   18117.936

 SMOKE04  WITH
    AGE04            0.070       0.121       0.147       0.284       0.421       0.447       0.498
    GENDER          -0.158      -0.156      -0.155      -0.150      -0.145      -0.144      -0.142
    KCAL04          48.047      50.326      51.492      57.581      63.670      64.836      67.115
    MET04            3.192       3.583       3.783       4.825       5.868       6.068       6.458

 EDUC04   WITH
    AGE04           -8.800      -8.661      -8.590      -8.218      -7.847      -7.776      -7.637
    GENDER          -0.147      -0.143      -0.141      -0.129      -0.118      -0.116      -0.112
    KCAL04          54.628      60.326      63.241      78.463      93.686      96.601     102.299
    MET04           -5.739      -4.750      -4.244      -1.602       1.040       1.545       2.534
    SMOKE04          0.023       0.028       0.030       0.042       0.053       0.056       0.060

 SYSTO04  WITH
    AGE04          109.162     111.164     112.188     117.536     122.884     123.908     125.910
    GENDER          -1.066      -1.006      -0.975      -0.814      -0.653      -0.622      -0.562
    KCAL04       -1298.572   -1216.617   -1174.694    -955.765    -736.835    -694.913    -612.958
    MET04         -337.501    -323.100    -315.734    -277.264    -238.795    -231.428    -217.027
    SMOKE04          0.410       0.473       0.506       0.674       0.843       0.875       0.938
    EDUC04          -4.420      -4.258      -4.176      -3.745      -3.315      -3.232      -3.071

 DIASTO04 WITH
    AGE04           31.106      32.258      32.848      35.926      39.004      39.593      40.746
    GENDER          -0.844      -0.807      -0.789      -0.691      -0.593      -0.574      -0.537
    KCAL04        -491.303    -441.647    -416.247    -283.599    -150.952    -125.551     -75.895
    MET04         -120.660    -112.044    -107.637     -84.621     -61.605     -57.198     -48.582
    SMOKE04          0.288       0.326       0.346       0.448       0.550       0.570       0.608
    EDUC04          -1.225      -1.128      -1.079      -0.820      -0.562      -0.512      -0.415
    SYSTO04        141.488     143.156     144.010     148.467     152.924     153.778     155.446

 Q1       WITH
    AGE04           -0.458      -0.416      -0.394      -0.282      -0.170      -0.149      -0.107
    GENDER          -0.008      -0.006      -0.005      -0.002       0.002       0.002       0.004
    KCAL04           5.848       7.698       8.644      13.586      18.528      19.474      21.324
    MET04            3.868       4.189       4.354       5.211       6.069       6.233       6.555
    SMOKE04         -0.003      -0.001      -0.001       0.003       0.007       0.008       0.009
    EDUC04          -0.106      -0.102      -0.100      -0.090      -0.080      -0.079      -0.075
    SYSTO04         -0.388      -0.336      -0.309      -0.170      -0.031      -0.004       0.048
    DIASTO04        -0.200      -0.168      -0.152      -0.068       0.017       0.033       0.064

 Q2       WITH
    AGE04           -0.131      -0.089      -0.068       0.044       0.156       0.178       0.219
    GENDER          -0.005      -0.004      -0.003       0.000       0.004       0.005       0.006
    KCAL04         -13.963     -12.114     -11.169      -6.232      -1.294      -0.349       1.499
    MET04           -7.138      -6.812      -6.645      -5.775      -4.905      -4.738      -4.412
    SMOKE04         -0.005      -0.003      -0.003       0.001       0.005       0.006       0.007
    EDUC04           0.010       0.014       0.016       0.025       0.035       0.037       0.040
    SYSTO04          0.176       0.228       0.255       0.394       0.533       0.559       0.611
    DIASTO04         0.235       0.267       0.283       0.367       0.451       0.468       0.499
    Q1              -0.068      -0.066      -0.066      -0.063      -0.059      -0.059      -0.057

 Q3       WITH
    AGE04            0.275       0.317       0.339       0.451       0.563       0.584       0.626
    GENDER          -0.003      -0.001      -0.001       0.003       0.007       0.007       0.009
    KCAL04         -26.868     -25.015     -24.068     -19.120     -14.171     -13.224     -11.372
    MET04          -11.255     -10.926     -10.758      -9.879      -9.000      -8.832      -8.503
    SMOKE04         -0.013      -0.012      -0.011      -0.007      -0.003      -0.003      -0.001
    EDUC04           0.167       0.171       0.173       0.183       0.193       0.195       0.199
    SYSTO04          0.126       0.177       0.204       0.342       0.480       0.507       0.558
    DIASTO04        -0.141      -0.110      -0.094      -0.010       0.073       0.089       0.121
    Q1              -0.068      -0.067      -0.066      -0.063      -0.059      -0.059      -0.057
    Q2              -0.068      -0.066      -0.066      -0.062      -0.059      -0.059      -0.057

 Means
    AGE04           46.981      47.078      47.127      47.385      47.644      47.693      47.790
    GENDER           1.506       1.509       1.510       1.519       1.527       1.529       1.532
    KCAL04        2170.651    2174.917    2177.100    2188.497    2199.894    2202.077    2206.343
    MET04          113.336     114.080     114.461     116.450     118.439     118.820     119.564
    SMOKE04          0.321       0.324       0.326       0.335       0.344       0.345       0.349
    EDUC04           1.694       1.702       1.706       1.729       1.751       1.755       1.764
    SYSTO04        121.573     121.693     121.755     122.076     122.396     122.458     122.578
    DIASTO04        78.329      78.402      78.439      78.634      78.829      78.866      78.939
    Q1               0.239       0.241       0.243       0.250       0.257       0.259       0.261
    Q2               0.239       0.241       0.243       0.250       0.257       0.259       0.261
    Q3               0.239       0.242       0.243       0.250       0.258       0.259       0.262

 Intercepts
    BMI04            0.000       0.000       0.000       0.000       0.000       0.000       0.000
    BMI06            0.000       0.000       0.000       0.000       0.000       0.000       0.000
    BMI09            0.000       0.000       0.000       0.000       0.000       0.000       0.000
    BMI11            0.000       0.000       0.000       0.000       0.000       0.000       0.000
    CMFP04           0.000       0.000       0.000       0.000       0.000       0.000       0.000
    CMFP06           0.000       0.000       0.000       0.000       0.000       0.000       0.000
    CMFP09           0.000       0.000       0.000       0.000       0.000       0.000       0.000
    CMFP11           0.000       0.000       0.000       0.000       0.000       0.000       0.000
    IB              12.854      13.084      13.201      13.816      14.430      14.548      14.778
    SB               0.375       0.409       0.426       0.514       0.603       0.620       0.653
    ID              13.454      13.759      13.915      14.729      15.544      15.700      16.005
    SD               0.131       0.206       0.244       0.443       0.642       0.680       0.755

 Variances
    AGE04          226.719     228.818     229.892     235.499     241.106     242.180     244.279
    GENDER           0.240       0.243       0.244       0.250       0.256       0.257       0.259
    KCAL04       *********  445287.875  447377.312  458288.875  469200.438  471289.875  475374.594
    MET04        12215.377   12335.376   12396.759   12717.315   13037.872   13099.255   13219.254
    SMOKE04          0.266       0.268       0.269       0.276       0.283       0.284       0.286
    EDUC04           1.689       1.705       1.713       1.755       1.797       1.805       1.821
    SYSTO04        331.841     335.022     336.650     345.147     353.645     355.272     358.454
    DIASTO04       121.342     122.503     123.098     126.201     129.304     129.898     131.059
    Q1               0.181       0.182       0.183       0.188       0.192       0.193       0.195
    Q2               0.181       0.182       0.183       0.188       0.192       0.193       0.195
    Q3               0.181       0.182       0.183       0.188       0.192       0.193       0.195

 Residual Variances
    BMI04            0.782       0.826       0.848       0.966       1.085       1.107       1.151
    BMI06            2.953       2.996       3.018       3.133       3.248       3.270       3.313
    BMI09            1.355       1.399       1.421       1.539       1.656       1.678       1.722
    BMI11           12.819      12.999      13.091      13.571      14.052      14.144      14.324
    CMFP04          15.215      15.481      15.617      16.326      17.036      17.172      17.437
    CMFP06          17.882      18.109      18.225      18.831      19.437      19.553      19.780
    CMFP09          18.594      18.863      19.000      19.718      20.436      20.573      20.842
    CMFP11          21.004      21.404      21.610      22.681      23.751      23.957      24.357
    IB               8.702       8.801       8.852       9.117       9.381       9.432       9.531
    SB               0.035       0.038       0.039       0.046       0.053       0.054       0.057
    ID               4.496       4.726       4.843       5.457       6.070       6.187       6.417
    SD               0.023       0.035       0.041       0.073       0.105       0.111       0.122


TECHNICAL 1 OUTPUT


     PARAMETER SPECIFICATION


           NU
              BMI04         BMI06         BMI09         BMI11         CMFP04
              ________      ________      ________      ________      ________
 1                  0             0             0             0             0


           NU
              CMFP06        CMFP09        CMFP11        AGE04         GENDER
              ________      ________      ________      ________      ________
 1                  0             0             0             0             0


           NU
              KCAL04        MET04         SMOKE04       EDUC04        SYSTO04
              ________      ________      ________      ________      ________
 1                  0             0             0             0             0


           NU
              DIASTO04      Q1            Q2            Q3
              ________      ________      ________      ________
 1                  0             0             0             0


           LAMBDA
              IB            SB            ID            SD            AGE04
              ________      ________      ________      ________      ________
 BMI04              0             0             0             0             0
 BMI06              0             0             0             0             0
 BMI09              0             0             0             0             0
 BMI11              0             0             0             0             0
 CMFP04             0             0             0             0             0
 CMFP06             0             0             0             0             0
 CMFP09             0             0             0             0             0
 CMFP11             0             0             0             0             0
 AGE04              0             0             0             0             0
 GENDER             0             0             0             0             0
 KCAL04             0             0             0             0             0
 MET04              0             0             0             0             0
 SMOKE04            0             0             0             0             0
 EDUC04             0             0             0             0             0
 SYSTO04            0             0             0             0             0
 DIASTO04           0             0             0             0             0
 Q1                 0             0             0             0             0
 Q2                 0             0             0             0             0
 Q3                 0             0             0             0             0


           LAMBDA
              GENDER        KCAL04        MET04         SMOKE04       EDUC04
              ________      ________      ________      ________      ________
 BMI04              0             0             0             0             0
 BMI06              0             0             0             0             0
 BMI09              0             0             0             0             0
 BMI11              0             0             0             0             0
 CMFP04             0             0             0             0             0
 CMFP06             0             0             0             0             0
 CMFP09             0             0             0             0             0
 CMFP11             0             0             0             0             0
 AGE04              0             0             0             0             0
 GENDER             0             0             0             0             0
 KCAL04             0             0             0             0             0
 MET04              0             0             0             0             0
 SMOKE04            0             0             0             0             0
 EDUC04             0             0             0             0             0
 SYSTO04            0             0             0             0             0
 DIASTO04           0             0             0             0             0
 Q1                 0             0             0             0             0
 Q2                 0             0             0             0             0
 Q3                 0             0             0             0             0


           LAMBDA
              SYSTO04       DIASTO04      Q1            Q2            Q3
              ________      ________      ________      ________      ________
 BMI04              0             0             0             0             0
 BMI06              0             0             0             0             0
 BMI09              0             0             0             0             0
 BMI11              0             0             0             0             0
 CMFP04             0             0             0             0             0
 CMFP06             0             0             0             0             0
 CMFP09             0             0             0             0             0
 CMFP11             0             0             0             0             0
 AGE04              0             0             0             0             0
 GENDER             0             0             0             0             0
 KCAL04             0             0             0             0             0
 MET04              0             0             0             0             0
 SMOKE04            0             0             0             0             0
 EDUC04             0             0             0             0             0
 SYSTO04            0             0             0             0             0
 DIASTO04           0             0             0             0             0
 Q1                 0             0             0             0             0
 Q2                 0             0             0             0             0
 Q3                 0             0             0             0             0


           THETA
              BMI04         BMI06         BMI09         BMI11         CMFP04
              ________      ________      ________      ________      ________
 BMI04              1
 BMI06              0             2
 BMI09              0             0             3
 BMI11              0             0             0             4
 CMFP04             0             0             0             0             5
 CMFP06             0             0             0             0             0
 CMFP09             0             0             0             0             0
 CMFP11             0             0             0             0             0
 AGE04              0             0             0             0             0
 GENDER             0             0             0             0             0
 KCAL04             0             0             0             0             0
 MET04              0             0             0             0             0
 SMOKE04            0             0             0             0             0
 EDUC04             0             0             0             0             0
 SYSTO04            0             0             0             0             0
 DIASTO04           0             0             0             0             0
 Q1                 0             0             0             0             0
 Q2                 0             0             0             0             0
 Q3                 0             0             0             0             0


           THETA
              CMFP06        CMFP09        CMFP11        AGE04         GENDER
              ________      ________      ________      ________      ________
 CMFP06             6
 CMFP09             0             7
 CMFP11             0             0             8
 AGE04              0             0             0             0
 GENDER             0             0             0             0             0
 KCAL04             0             0             0             0             0
 MET04              0             0             0             0             0
 SMOKE04            0             0             0             0             0
 EDUC04             0             0             0             0             0
 SYSTO04            0             0             0             0             0
 DIASTO04           0             0             0             0             0
 Q1                 0             0             0             0             0
 Q2                 0             0             0             0             0
 Q3                 0             0             0             0             0


           THETA
              KCAL04        MET04         SMOKE04       EDUC04        SYSTO04
              ________      ________      ________      ________      ________
 KCAL04             0
 MET04              0             0
 SMOKE04            0             0             0
 EDUC04             0             0             0             0
 SYSTO04            0             0             0             0             0
 DIASTO04           0             0             0             0             0
 Q1                 0             0             0             0             0
 Q2                 0             0             0             0             0
 Q3                 0             0             0             0             0


           THETA
              DIASTO04      Q1            Q2            Q3
              ________      ________      ________      ________
 DIASTO04           0
 Q1                 0             0
 Q2                 0             0             0
 Q3                 0             0             0             0


           ALPHA
              IB            SB            ID            SD            AGE04
              ________      ________      ________      ________      ________
 1                  9            10            11            12            13


           ALPHA
              GENDER        KCAL04        MET04         SMOKE04       EDUC04
              ________      ________      ________      ________      ________
 1                 14            15            16            17            18


           ALPHA
              SYSTO04       DIASTO04      Q1            Q2            Q3
              ________      ________      ________      ________      ________
 1                 19            20            21            22            23


           BETA
              IB            SB            ID            SD            AGE04
              ________      ________      ________      ________      ________
 IB                 0             0             0             0            24
 SB                 0             0             0             0            35
 ID                 0             0             0             0            46
 SD                 0             0             0             0            57
 AGE04              0             0             0             0             0
 GENDER             0             0             0             0             0
 KCAL04             0             0             0             0             0
 MET04              0             0             0             0             0
 SMOKE04            0             0             0             0             0
 EDUC04             0             0             0             0             0
 SYSTO04            0             0             0             0             0
 DIASTO04           0             0             0             0             0
 Q1                 0             0             0             0             0
 Q2                 0             0             0             0             0
 Q3                 0             0             0             0             0


           BETA
              GENDER        KCAL04        MET04         SMOKE04       EDUC04
              ________      ________      ________      ________      ________
 IB                25            26            27            28            29
 SB                36            37            38            39            40
 ID                47            48            49            50            51
 SD                58            59            60            61            62
 AGE04              0             0             0             0             0
 GENDER             0             0             0             0             0
 KCAL04             0             0             0             0             0
 MET04              0             0             0             0             0
 SMOKE04            0             0             0             0             0
 EDUC04             0             0             0             0             0
 SYSTO04            0             0             0             0             0
 DIASTO04           0             0             0             0             0
 Q1                 0             0             0             0             0
 Q2                 0             0             0             0             0
 Q3                 0             0             0             0             0


           BETA
              SYSTO04       DIASTO04      Q1            Q2            Q3
              ________      ________      ________      ________      ________
 IB                30            31            32            33            34
 SB                41            42            43            44            45
 ID                52            53            54            55            56
 SD                63            64            65            66            67
 AGE04              0             0             0             0             0
 GENDER             0             0             0             0             0
 KCAL04             0             0             0             0             0
 MET04              0             0             0             0             0
 SMOKE04            0             0             0             0             0
 EDUC04             0             0             0             0             0
 SYSTO04            0             0             0             0             0
 DIASTO04           0             0             0             0             0
 Q1                 0             0             0             0             0
 Q2                 0             0             0             0             0
 Q3                 0             0             0             0             0


           PSI
              IB            SB            ID            SD            AGE04
              ________      ________      ________      ________      ________
 IB                68
 SB                69            70
 ID                71            72            73
 SD                74            75            76            77
 AGE04              0             0             0             0            78
 GENDER             0             0             0             0            79
 KCAL04             0             0             0             0            81
 MET04              0             0             0             0            84
 SMOKE04            0             0             0             0            88
 EDUC04             0             0             0             0            93
 SYSTO04            0             0             0             0            99
 DIASTO04           0             0             0             0           106
 Q1                 0             0             0             0           114
 Q2                 0             0             0             0           123
 Q3                 0             0             0             0           133


           PSI
              GENDER        KCAL04        MET04         SMOKE04       EDUC04
              ________      ________      ________      ________      ________
 GENDER            80
 KCAL04            82            83
 MET04             85            86            87
 SMOKE04           89            90            91            92
 EDUC04            94            95            96            97            98
 SYSTO04          100           101           102           103           104
 DIASTO04         107           108           109           110           111
 Q1               115           116           117           118           119
 Q2               124           125           126           127           128
 Q3               134           135           136           137           138


           PSI
              SYSTO04       DIASTO04      Q1            Q2            Q3
              ________      ________      ________      ________      ________
 SYSTO04          105
 DIASTO04         112           113
 Q1               120           121           122
 Q2               129           130           131           132
 Q3               139           140           141           142           143


     STARTING VALUES


           NU
              BMI04         BMI06         BMI09         BMI11         CMFP04
              ________      ________      ________      ________      ________
 1              0.000         0.000         0.000         0.000         0.000


           NU
              CMFP06        CMFP09        CMFP11        AGE04         GENDER
              ________      ________      ________      ________      ________
 1              0.000         0.000         0.000         0.000         0.000


           NU
              KCAL04        MET04         SMOKE04       EDUC04        SYSTO04
              ________      ________      ________      ________      ________
 1              0.000         0.000         0.000         0.000         0.000


           NU
              DIASTO04      Q1            Q2            Q3
              ________      ________      ________      ________
 1              0.000         0.000         0.000         0.000


           LAMBDA
              IB            SB            ID            SD            AGE04
              ________      ________      ________      ________      ________
 BMI04          1.000         0.000         0.000         0.000         0.000
 BMI06          1.000         2.000         0.000         0.000         0.000
 BMI09          1.000         5.000         0.000         0.000         0.000
 BMI11          1.000         7.000         0.000         0.000         0.000
 CMFP04         0.000         0.000         1.000         0.000         0.000
 CMFP06         0.000         0.000         1.000         2.000         0.000
 CMFP09         0.000         0.000         1.000         5.000         0.000
 CMFP11         0.000         0.000         1.000         7.000         0.000
 AGE04          0.000         0.000         0.000         0.000         1.000
 GENDER         0.000         0.000         0.000         0.000         0.000
 KCAL04         0.000         0.000         0.000         0.000         0.000
 MET04          0.000         0.000         0.000         0.000         0.000
 SMOKE04        0.000         0.000         0.000         0.000         0.000
 EDUC04         0.000         0.000         0.000         0.000         0.000
 SYSTO04        0.000         0.000         0.000         0.000         0.000
 DIASTO04       0.000         0.000         0.000         0.000         0.000
 Q1             0.000         0.000         0.000         0.000         0.000
 Q2             0.000         0.000         0.000         0.000         0.000
 Q3             0.000         0.000         0.000         0.000         0.000


           LAMBDA
              GENDER        KCAL04        MET04         SMOKE04       EDUC04
              ________      ________      ________      ________      ________
 BMI04          0.000         0.000         0.000         0.000         0.000
 BMI06          0.000         0.000         0.000         0.000         0.000
 BMI09          0.000         0.000         0.000         0.000         0.000
 BMI11          0.000         0.000         0.000         0.000         0.000
 CMFP04         0.000         0.000         0.000         0.000         0.000
 CMFP06         0.000         0.000         0.000         0.000         0.000
 CMFP09         0.000         0.000         0.000         0.000         0.000
 CMFP11         0.000         0.000         0.000         0.000         0.000
 AGE04          0.000         0.000         0.000         0.000         0.000
 GENDER         1.000         0.000         0.000         0.000         0.000
 KCAL04         0.000         1.000         0.000         0.000         0.000
 MET04          0.000         0.000         1.000         0.000         0.000
 SMOKE04        0.000         0.000         0.000         1.000         0.000
 EDUC04         0.000         0.000         0.000         0.000         1.000
 SYSTO04        0.000         0.000         0.000         0.000         0.000
 DIASTO04       0.000         0.000         0.000         0.000         0.000
 Q1             0.000         0.000         0.000         0.000         0.000
 Q2             0.000         0.000         0.000         0.000         0.000
 Q3             0.000         0.000         0.000         0.000         0.000


           LAMBDA
              SYSTO04       DIASTO04      Q1            Q2            Q3
              ________      ________      ________      ________      ________
 BMI04          0.000         0.000         0.000         0.000         0.000
 BMI06          0.000         0.000         0.000         0.000         0.000
 BMI09          0.000         0.000         0.000         0.000         0.000
 BMI11          0.000         0.000         0.000         0.000         0.000
 CMFP04         0.000         0.000         0.000         0.000         0.000
 CMFP06         0.000         0.000         0.000         0.000         0.000
 CMFP09         0.000         0.000         0.000         0.000         0.000
 CMFP11         0.000         0.000         0.000         0.000         0.000
 AGE04          0.000         0.000         0.000         0.000         0.000
 GENDER         0.000         0.000         0.000         0.000         0.000
 KCAL04         0.000         0.000         0.000         0.000         0.000
 MET04          0.000         0.000         0.000         0.000         0.000
 SMOKE04        0.000         0.000         0.000         0.000         0.000
 EDUC04         0.000         0.000         0.000         0.000         0.000
 SYSTO04        1.000         0.000         0.000         0.000         0.000
 DIASTO04       0.000         1.000         0.000         0.000         0.000
 Q1             0.000         0.000         1.000         0.000         0.000
 Q2             0.000         0.000         0.000         1.000         0.000
 Q3             0.000         0.000         0.000         0.000         1.000


           THETA
              BMI04         BMI06         BMI09         BMI11         CMFP04
              ________      ________      ________      ________      ________
 BMI04          5.617
 BMI06          0.000         6.364
 BMI09          0.000         0.000         5.891
 BMI11          0.000         0.000         0.000        11.820
 CMFP04         0.000         0.000         0.000         0.000        11.601
 CMFP06         0.000         0.000         0.000         0.000         0.000
 CMFP09         0.000         0.000         0.000         0.000         0.000
 CMFP11         0.000         0.000         0.000         0.000         0.000
 AGE04          0.000         0.000         0.000         0.000         0.000
 GENDER         0.000         0.000         0.000         0.000         0.000
 KCAL04         0.000         0.000         0.000         0.000         0.000
 MET04          0.000         0.000         0.000         0.000         0.000
 SMOKE04        0.000         0.000         0.000         0.000         0.000
 EDUC04         0.000         0.000         0.000         0.000         0.000
 SYSTO04        0.000         0.000         0.000         0.000         0.000
 DIASTO04       0.000         0.000         0.000         0.000         0.000
 Q1             0.000         0.000         0.000         0.000         0.000
 Q2             0.000         0.000         0.000         0.000         0.000
 Q3             0.000         0.000         0.000         0.000         0.000


           THETA
              CMFP06        CMFP09        CMFP11        AGE04         GENDER
              ________      ________      ________      ________      ________
 CMFP06        12.501
 CMFP09         0.000        13.465
 CMFP11         0.000         0.000        14.557
 AGE04          0.000         0.000         0.000         0.000
 GENDER         0.000         0.000         0.000         0.000         0.000
 KCAL04         0.000         0.000         0.000         0.000         0.000
 MET04          0.000         0.000         0.000         0.000         0.000
 SMOKE04        0.000         0.000         0.000         0.000         0.000
 EDUC04         0.000         0.000         0.000         0.000         0.000
 SYSTO04        0.000         0.000         0.000         0.000         0.000
 DIASTO04       0.000         0.000         0.000         0.000         0.000
 Q1             0.000         0.000         0.000         0.000         0.000
 Q2             0.000         0.000         0.000         0.000         0.000
 Q3             0.000         0.000         0.000         0.000         0.000


           THETA
              KCAL04        MET04         SMOKE04       EDUC04        SYSTO04
              ________      ________      ________      ________      ________
 KCAL04         0.000
 MET04          0.000         0.000
 SMOKE04        0.000         0.000         0.000
 EDUC04         0.000         0.000         0.000         0.000
 SYSTO04        0.000         0.000         0.000         0.000         0.000
 DIASTO04       0.000         0.000         0.000         0.000         0.000
 Q1             0.000         0.000         0.000         0.000         0.000
 Q2             0.000         0.000         0.000         0.000         0.000
 Q3             0.000         0.000         0.000         0.000         0.000


           THETA
              DIASTO04      Q1            Q2            Q3
              ________      ________      ________      ________
 DIASTO04       0.000
 Q1             0.000         0.000
 Q2             0.000         0.000         0.000
 Q3             0.000         0.000         0.000         0.000


           ALPHA
              IB            SB            ID            SD            AGE04
              ________      ________      ________      ________      ________
 1             23.091         0.035        19.070         0.137        47.385


           ALPHA
              GENDER        KCAL04        MET04         SMOKE04       EDUC04
              ________      ________      ________      ________      ________
 1              1.519      2188.497       118.186         0.334         1.724


           ALPHA
              SYSTO04       DIASTO04      Q1            Q2            Q3
              ________      ________      ________      ________      ________
 1            122.224        78.671         0.250         0.250         0.250


           BETA
              IB            SB            ID            SD            AGE04
              ________      ________      ________      ________      ________
 IB             0.000         0.000         0.000         0.000         0.000
 SB             0.000         0.000         0.000         0.000         0.000
 ID             0.000         0.000         0.000         0.000         0.000
 SD             0.000         0.000         0.000         0.000         0.000
 AGE04          0.000         0.000         0.000         0.000         0.000
 GENDER         0.000         0.000         0.000         0.000         0.000
 KCAL04         0.000         0.000         0.000         0.000         0.000
 MET04          0.000         0.000         0.000         0.000         0.000
 SMOKE04        0.000         0.000         0.000         0.000         0.000
 EDUC04         0.000         0.000         0.000         0.000         0.000
 SYSTO04        0.000         0.000         0.000         0.000         0.000
 DIASTO04       0.000         0.000         0.000         0.000         0.000
 Q1             0.000         0.000         0.000         0.000         0.000
 Q2             0.000         0.000         0.000         0.000         0.000
 Q3             0.000         0.000         0.000         0.000         0.000


           BETA
              GENDER        KCAL04        MET04         SMOKE04       EDUC04
              ________      ________      ________      ________      ________
 IB             0.000         0.000         0.000         0.000         0.000
 SB             0.000         0.000         0.000         0.000         0.000
 ID             0.000         0.000         0.000         0.000         0.000
 SD             0.000         0.000         0.000         0.000         0.000
 AGE04          0.000         0.000         0.000         0.000         0.000
 GENDER         0.000         0.000         0.000         0.000         0.000
 KCAL04         0.000         0.000         0.000         0.000         0.000
 MET04          0.000         0.000         0.000         0.000         0.000
 SMOKE04        0.000         0.000         0.000         0.000         0.000
 EDUC04         0.000         0.000         0.000         0.000         0.000
 SYSTO04        0.000         0.000         0.000         0.000         0.000
 DIASTO04       0.000         0.000         0.000         0.000         0.000
 Q1             0.000         0.000         0.000         0.000         0.000
 Q2             0.000         0.000         0.000         0.000         0.000
 Q3             0.000         0.000         0.000         0.000         0.000


           BETA
              SYSTO04       DIASTO04      Q1            Q2            Q3
              ________      ________      ________      ________      ________
 IB             0.000         0.000         0.000         0.000         0.000
 SB             0.000         0.000         0.000         0.000         0.000
 ID             0.000         0.000         0.000         0.000         0.000
 SD             0.000         0.000         0.000         0.000         0.000
 AGE04          0.000         0.000         0.000         0.000         0.000
 GENDER         0.000         0.000         0.000         0.000         0.000
 KCAL04         0.000         0.000         0.000         0.000         0.000
 MET04          0.000         0.000         0.000         0.000         0.000
 SMOKE04        0.000         0.000         0.000         0.000         0.000
 EDUC04         0.000         0.000         0.000         0.000         0.000
 SYSTO04        0.000         0.000         0.000         0.000         0.000
 DIASTO04       0.000         0.000         0.000         0.000         0.000
 Q1             0.000         0.000         0.000         0.000         0.000
 Q2             0.000         0.000         0.000         0.000         0.000
 Q3             0.000         0.000         0.000         0.000         0.000


           PSI
              IB            SB            ID            SD            AGE04
              ________      ________      ________      ________      ________
 IB            11.513
 SB             0.000         0.570
 ID             0.000         0.000        23.353
 SD             0.000         0.000         0.000         6.456
 AGE04          0.000         0.000         0.000         0.000       117.749
 GENDER         0.000         0.000         0.000         0.000         0.000
 KCAL04         0.000         0.000         0.000         0.000         0.000
 MET04          0.000         0.000         0.000         0.000         0.000
 SMOKE04        0.000         0.000         0.000         0.000         0.000
 EDUC04         0.000         0.000         0.000         0.000         0.000
 SYSTO04        0.000         0.000         0.000         0.000         0.000
 DIASTO04       0.000         0.000         0.000         0.000         0.000
 Q1             0.000         0.000         0.000         0.000         0.000
 Q2             0.000         0.000         0.000         0.000         0.000
 Q3             0.000         0.000         0.000         0.000         0.000


           PSI
              GENDER        KCAL04        MET04         SMOKE04       EDUC04
              ________      ________      ________      ________      ________
 GENDER         0.125
 KCAL04         0.000    229144.438
 MET04          0.000         0.000      6315.442
 SMOKE04        0.000         0.000         0.000         0.138
 EDUC04         0.000         0.000         0.000         0.000         0.876
 SYSTO04        0.000         0.000         0.000         0.000         0.000
 DIASTO04       0.000         0.000         0.000         0.000         0.000
 Q1             0.000         0.000         0.000         0.000         0.000
 Q2             0.000         0.000         0.000         0.000         0.000
 Q3             0.000         0.000         0.000         0.000         0.000


           PSI
              SYSTO04       DIASTO04      Q1            Q2            Q3
              ________      ________      ________      ________      ________
 SYSTO04      171.913
 DIASTO04       0.000        63.046
 Q1             0.000         0.000         0.094
 Q2             0.000         0.000         0.000         0.094
 Q3             0.000         0.000         0.000         0.000         0.094


TECHNICAL 4 OUTPUT


     ESTIMATES DERIVED FROM THE MODEL


           ESTIMATED MEANS FOR THE LATENT VARIABLES
              IB            SB            ID            SD            AGE04
              ________      ________      ________      ________      ________
 1             23.016         0.064        18.953         0.288        47.385


           ESTIMATED MEANS FOR THE LATENT VARIABLES
              GENDER        KCAL04        MET04         SMOKE04       EDUC04
              ________      ________      ________      ________      ________
 1              1.519      2188.497       116.450         0.335         1.729


           ESTIMATED MEANS FOR THE LATENT VARIABLES
              SYSTO04       DIASTO04      Q1            Q2            Q3
              ________      ________      ________      ________      ________
 1            122.076        78.634         0.250         0.250         0.250


           S.E. FOR ESTIMATED MEANS FOR THE LATENT VARIABLES
              IB            SB            ID            SD            AGE04
              ________      ________      ________      ________      ________
 1              0.035         0.005         0.046         0.011         0.157


           S.E. FOR ESTIMATED MEANS FOR THE LATENT VARIABLES
              GENDER        KCAL04        MET04         SMOKE04       EDUC04
              ________      ________      ________      ________      ________
 1              0.005         6.928         1.209         0.005         0.014


           S.E. FOR ESTIMATED MEANS FOR THE LATENT VARIABLES
              SYSTO04       DIASTO04      Q1            Q2            Q3
              ________      ________      ________      ________      ________
 1              0.195         0.118         0.004         0.004         0.004


           EST./S.E. FOR ESTIMATED MEANS FOR THE LATENT VARIABLES
              IB            SB            ID            SD            AGE04
              ________      ________      ________      ________      ________
 1            659.020        13.378       415.994        27.213       301.706


           EST./S.E. FOR ESTIMATED MEANS FOR THE LATENT VARIABLES
              GENDER        KCAL04        MET04         SMOKE04       EDUC04
              ________      ________      ________      ________      ________
 1            297.033       315.871        96.314        61.984       126.946


           EST./S.E. FOR ESTIMATED MEANS FOR THE LATENT VARIABLES
              SYSTO04       DIASTO04      Q1            Q2            Q3
              ________      ________      ________      ________      ________
 1            625.807       664.399        56.369        56.394        56.445


           TWO-TAILED P-VALUE FOR ESTIMATED MEANS FOR THE LATENT VARIABLES
              IB            SB            ID            SD            AGE04
              ________      ________      ________      ________      ________
 1              0.000         0.000         0.000         0.000         0.000


           TWO-TAILED P-VALUE FOR ESTIMATED MEANS FOR THE LATENT VARIABLES
              GENDER        KCAL04        MET04         SMOKE04       EDUC04
              ________      ________      ________      ________      ________
 1              0.000         0.000         0.000         0.000         0.000


           TWO-TAILED P-VALUE FOR ESTIMATED MEANS FOR THE LATENT VARIABLES
              SYSTO04       DIASTO04      Q1            Q2            Q3
              ________      ________      ________      ________      ________
 1              0.000         0.000         0.000         0.000         0.000


           ESTIMATED COVARIANCE MATRIX FOR THE LATENT VARIABLES
              IB            SB            ID            SD            AGE04
              ________      ________      ________      ________      ________
 IB            10.333
 SB            -0.139         0.051
 ID             0.839        -0.106         7.040
 SD            -0.047         0.005        -0.265         0.084
 AGE04          3.946        -0.947         1.126        -0.900       235.499
 GENDER         0.049        -0.005         0.074         0.001         0.199
 KCAL04        56.588        10.192       108.915       -35.983     -1363.375
 MET04        -18.998         2.203       -12.833        -1.267      -420.133
 SMOKE04       -0.094        -0.001        -0.092         0.002         0.284
 EDUC04         0.053         0.010         0.882         0.056        -8.218
 SYSTO04       16.401        -0.899         0.563        -0.206       117.536
 DIASTO04      10.648        -0.346        -0.820         0.254        35.926
 Q1            -0.073         0.007        -0.091         0.001        -0.282
 Q2             0.109        -0.001        -0.004         0.005         0.044
 Q3             0.086        -0.011         0.442         0.013         0.451


           ESTIMATED COVARIANCE MATRIX FOR THE LATENT VARIABLES
              GENDER        KCAL04        MET04         SMOKE04       EDUC04
              ________      ________      ________      ________      ________
 GENDER         0.250
 KCAL04       -91.666    458288.862
 MET04         -8.105     15952.905     12717.315
 SMOKE04       -0.150        57.581         4.825         0.276
 EDUC04        -0.129        78.463        -1.602         0.042         1.755
 SYSTO04       -0.814      -955.765      -277.264         0.674        -3.745
 DIASTO04      -0.691      -283.599       -84.621         0.448        -0.820
 Q1            -0.002        13.586         5.211         0.003        -0.090
 Q2             0.000        -6.232        -5.775         0.001         0.025
 Q3             0.003       -19.120        -9.879        -0.007         0.183


           ESTIMATED COVARIANCE MATRIX FOR THE LATENT VARIABLES
              SYSTO04       DIASTO04      Q1            Q2            Q3
              ________      ________      ________      ________      ________
 SYSTO04      345.147
 DIASTO04     148.467       126.201
 Q1            -0.170        -0.068         0.188
 Q2             0.394         0.367        -0.063         0.188
 Q3             0.342        -0.010        -0.063        -0.062         0.188


           S.E. FOR ESTIMATED COVARIANCE MATRIX FOR THE LATENT VARIABLES
              IB            SB            ID            SD            AGE04
              ________      ________      ________      ________      ________
 IB             0.177
 SB             0.021         0.004
 ID             0.155         0.021         0.387
 SD             0.036         0.004         0.075         0.019
 AGE04          0.544         0.082         0.706         0.177         3.409
 GENDER         0.017         0.002         0.023         0.005         0.078
 KCAL04        23.784         3.275        30.852         7.259       107.236
 MET04          4.129         0.544         5.334         1.214        19.843
 SMOKE04        0.018         0.002         0.024         0.005         0.083
 EDUC04         0.046         0.006         0.061         0.014         0.226
 SYSTO04        0.679         0.091         0.863         0.204         3.251
 DIASTO04       0.413         0.054         0.523         0.122         1.871
 Q1             0.015         0.002         0.020         0.004         0.068
 Q2             0.015         0.002         0.020         0.005         0.068
 Q3             0.015         0.002         0.020         0.005         0.068


           S.E. FOR ESTIMATED COVARIANCE MATRIX FOR THE LATENT VARIABLES
              GENDER        KCAL04        MET04         SMOKE04       EDUC04
              ________      ________      ________      ________      ________
 GENDER         0.004
 KCAL04         3.587      6633.166
 MET04          0.609       840.527       194.867
 SMOKE04        0.003         3.701         0.634         0.004
 EDUC04         0.007         9.254         1.606         0.007         0.026
 SYSTO04        0.098       133.088        23.386         0.102         0.262
 DIASTO04       0.060        80.637        13.991         0.062         0.157
 Q1             0.002         3.004         0.521         0.002         0.006
 Q2             0.002         3.001         0.529         0.002         0.006
 Q3             0.002         3.008         0.534         0.002         0.006


           S.E. FOR ESTIMATED COVARIANCE MATRIX FOR THE LATENT VARIABLES
              SYSTO04       DIASTO04      Q1            Q2            Q3
              ________      ________      ________      ________      ________
 SYSTO04        5.166
 DIASTO04       2.710         1.886
 Q1             0.085         0.051         0.003
 Q2             0.084         0.051         0.002         0.003
 Q3             0.084         0.051         0.002         0.002         0.003


           EST./S.E. FOR ESTIMATED COVARIANCE MATRIX FOR THE LATENT VARIABLES
              IB            SB            ID            SD            AGE04
              ________      ________      ________      ________      ________
 IB            58.271
 SB            -6.689        11.748
 ID             5.426        -5.123        18.186
 SD            -1.301         1.080        -3.551         4.332
 AGE04          7.255       -11.582         1.595        -5.090        69.091
 GENDER         2.827        -2.032         3.259         0.269         2.532
 KCAL04         2.379         3.112         3.530        -4.957       -12.714
 MET04         -4.601         4.052        -2.406        -1.044       -21.173
 SMOKE04       -5.113        -0.354        -3.812         0.382         3.419
 EDUC04         1.150         1.467        14.410         3.909       -36.393
 SYSTO04       24.145        -9.880         0.653        -1.009        36.153
 DIASTO04      25.781        -6.440        -1.570         2.085        19.199
 Q1            -4.798         3.661        -4.602         0.144        -4.147
 Q2             7.209        -0.543        -0.204         0.989         0.649
 Q3             5.680        -5.121        21.747         2.648         6.610


           EST./S.E. FOR ESTIMATED COVARIANCE MATRIX FOR THE LATENT VARIABLES
              GENDER        KCAL04        MET04         SMOKE04       EDUC04
              ________      ________      ________      ________      ________
 GENDER        69.091
 KCAL04       -25.558        69.091
 MET04        -13.302        18.980        65.261
 SMOKE04      -48.390        15.556         7.611        68.711
 EDUC04       -18.672         8.479        -0.998         5.791        68.603
 SYSTO04       -8.321        -7.181       -11.856         6.580       -14.309
 DIASTO04     -11.600        -3.517        -6.048         7.216        -5.220
 Q1            -0.834         4.523         9.994         1.377       -15.114
 Q2             0.204        -2.076       -10.914         0.569         4.281
 Q3             1.323        -6.356       -18.496        -3.059        29.498


           EST./S.E. FOR ESTIMATED COVARIANCE MATRIX FOR THE LATENT VARIABLES
              SYSTO04       DIASTO04      Q1            Q2            Q3
              ________      ________      ________      ________      ________
 SYSTO04       66.814
 DIASTO04      54.794        66.902
 Q1            -2.011        -1.320        69.057
 Q2             4.664         7.157       -30.887        69.062
 Q3             4.074        -0.202       -30.873       -30.857        69.013


           TWO-TAILED P-VALUE FOR ESTIMATED COVARIANCE MATRIX FOR THE LATENT VARIABLES
              IB            SB            ID            SD            AGE04
              ________      ________      ________      ________      ________
 IB             0.000
 SB             0.000         0.000
 ID             0.000         0.000         0.000
 SD             0.193         0.280         0.000         0.000
 AGE04          0.000         0.000         0.111         0.000         0.000
 GENDER         0.005         0.042         0.001         0.788         0.011
 KCAL04         0.017         0.002         0.000         0.000         0.000
 MET04          0.000         0.000         0.016         0.296         0.000
 SMOKE04        0.000         0.723         0.000         0.703         0.001
 EDUC04         0.250         0.142         0.000         0.000         0.000
 SYSTO04        0.000         0.000         0.514         0.313         0.000
 DIASTO04       0.000         0.000         0.117         0.037         0.000
 Q1             0.000         0.000         0.000         0.886         0.000
 Q2             0.000         0.587         0.838         0.323         0.516
 Q3             0.000         0.000         0.000         0.008         0.000


           TWO-TAILED P-VALUE FOR ESTIMATED COVARIANCE MATRIX FOR THE LATENT VARIABLES
              GENDER        KCAL04        MET04         SMOKE04       EDUC04
              ________      ________      ________      ________      ________
 GENDER         0.000
 KCAL04         0.000         0.000
 MET04          0.000         0.000         0.000
 SMOKE04        0.000         0.000         0.000         0.000
 EDUC04         0.000         0.000         0.318         0.000         0.000
 SYSTO04        0.000         0.000         0.000         0.000         0.000
 DIASTO04       0.000         0.000         0.000         0.000         0.000
 Q1             0.404         0.000         0.000         0.169         0.000
 Q2             0.839         0.038         0.000         0.569         0.000
 Q3             0.186         0.000         0.000         0.002         0.000


           TWO-TAILED P-VALUE FOR ESTIMATED COVARIANCE MATRIX FOR THE LATENT VARIABLES
              SYSTO04       DIASTO04      Q1            Q2            Q3
              ________      ________      ________      ________      ________
 SYSTO04        0.000
 DIASTO04       0.000         0.000
 Q1             0.044         0.187         0.000
 Q2             0.000         0.000         0.000         0.000
 Q3             0.000         0.840         0.000         0.000         0.000


           ESTIMATED CORRELATION MATRIX FOR THE LATENT VARIABLES
              IB            SB            ID            SD            AGE04
              ________      ________      ________      ________      ________
 IB             1.000
 SB            -0.191         1.000
 ID             0.098        -0.177         1.000
 SD            -0.050         0.072        -0.345         1.000
 AGE04          0.080        -0.272         0.028        -0.202         1.000
 GENDER         0.031        -0.042         0.056         0.010         0.026
 KCAL04         0.026         0.066         0.061        -0.184        -0.131
 MET04         -0.052         0.086        -0.043        -0.039        -0.243
 SMOKE04       -0.056        -0.007        -0.066         0.014         0.035
 EDUC04         0.013         0.032         0.251         0.147        -0.404
 SYSTO04        0.275        -0.214         0.011        -0.038         0.412
 DIASTO04       0.295        -0.136        -0.028         0.078         0.208
 Q1            -0.052         0.074        -0.079         0.005        -0.042
 Q2             0.079        -0.011        -0.004         0.036         0.007
 Q3             0.062        -0.112         0.384         0.101         0.068


           ESTIMATED CORRELATION MATRIX FOR THE LATENT VARIABLES
              GENDER        KCAL04        MET04         SMOKE04       EDUC04
              ________      ________      ________      ________      ________
 GENDER         1.000
 KCAL04        -0.271         1.000
 MET04         -0.144         0.209         1.000
 SMOKE04       -0.572         0.162         0.081         1.000
 EDUC04        -0.196         0.087        -0.011         0.060         1.000
 SYSTO04       -0.088        -0.076        -0.132         0.069        -0.152
 DIASTO04      -0.123        -0.037        -0.067         0.076        -0.055
 Q1            -0.009         0.046         0.107         0.014        -0.157
 Q2             0.002        -0.021        -0.118         0.006         0.044
 Q3             0.014        -0.065        -0.202        -0.031         0.318


           ESTIMATED CORRELATION MATRIX FOR THE LATENT VARIABLES
              SYSTO04       DIASTO04      Q1            Q2            Q3
              ________      ________      ________      ________      ________
 SYSTO04        1.000
 DIASTO04       0.711         1.000
 Q1            -0.021        -0.014         1.000
 Q2             0.049         0.075        -0.333         1.000
 Q3             0.043        -0.002        -0.333        -0.333         1.000


           S.E. FOR ESTIMATED CORRELATION MATRIX FOR THE LATENT VARIABLES
              IB            SB            ID            SD            AGE04
              ________      ________      ________      ________      ________
 IB             0.000
 SB             0.024         0.000
 ID             0.018         0.035         0.000
 SD             0.039         0.067         0.061         0.000
 AGE04          0.011         0.024         0.017         0.045         0.000
 GENDER         0.011         0.021         0.017         0.036         0.010
 KCAL04         0.011         0.021         0.017         0.042         0.010
 MET04          0.011         0.021         0.018         0.037         0.011
 SMOKE04        0.011         0.020         0.017         0.036         0.010
 EDUC04         0.011         0.022         0.017         0.041         0.009
 SYSTO04        0.010         0.022         0.018         0.038         0.009
 DIASTO04       0.010         0.021         0.018         0.038         0.010
 Q1             0.011         0.020         0.017         0.035         0.010
 Q2             0.011         0.021         0.017         0.037         0.010
 Q3             0.011         0.022         0.018         0.039         0.010


           S.E. FOR ESTIMATED CORRELATION MATRIX FOR THE LATENT VARIABLES
              GENDER        KCAL04        MET04         SMOKE04       EDUC04
              ________      ________      ________      ________      ________
 GENDER         0.000
 KCAL04         0.009         0.000
 MET04          0.011         0.010         0.000
 SMOKE04        0.007         0.010         0.011         0.000
 EDUC04         0.010         0.010         0.011         0.010         0.000
 SYSTO04        0.010         0.010         0.011         0.010         0.010
 DIASTO04       0.010         0.011         0.011         0.010         0.011
 Q1             0.010         0.010         0.011         0.010         0.010
 Q2             0.010         0.010         0.011         0.010         0.010
 Q3             0.010         0.010         0.010         0.010         0.009


           S.E. FOR ESTIMATED CORRELATION MATRIX FOR THE LATENT VARIABLES
              SYSTO04       DIASTO04      Q1            Q2            Q3
              ________      ________      ________      ________      ________
 SYSTO04        0.000
 DIASTO04       0.005         0.000
 Q1             0.010         0.011         0.000
 Q2             0.010         0.010         0.009         0.000
 Q3             0.010         0.010         0.009         0.009         0.000


           EST./S.E. FOR ESTIMATED CORRELATION MATRIX FOR THE LATENT VARIABLES
              IB            SB            ID            SD            AGE04
              ________      ________      ________      ________      ________
 IB           999.000
 SB            -7.974       999.000
 ID             5.426        -5.062       999.000
 SD            -1.292         1.073        -5.636       999.000
 AGE04          7.320       -11.276         1.595        -4.522       999.000
 GENDER         2.831        -2.026         3.260         0.269         2.534
 KCAL04         2.381         3.100         3.526        -4.409       -13.048
 MET04         -4.618         4.037        -2.405        -1.039       -23.041
 SMOKE04       -5.134        -0.354        -3.813         0.382         3.425
 EDUC04         1.150         1.466        14.363         3.622       -46.854
 SYSTO04       26.809        -9.586         0.653        -1.005        46.768
 DIASTO04      29.091        -6.358        -1.570         2.034        20.458
 Q1            -4.815         3.640        -4.597         0.144        -4.158
 Q2             7.268        -0.543        -0.204         0.984         0.650
 Q3             5.711        -5.099        21.441         2.561         6.655


           EST./S.E. FOR ESTIMATED CORRELATION MATRIX FOR THE LATENT VARIABLES
              GENDER        KCAL04        MET04         SMOKE04       EDUC04
              ________      ________      ________      ________      ________
 GENDER       999.000
 KCAL04       -28.579       999.000
 MET04        -13.693        20.228       999.000
 SMOKE04      -82.765        16.180         7.683       999.000
 EDUC04       -19.777         8.576        -0.998         5.822       999.000
 SYSTO04       -8.414        -7.242       -12.163         6.626       -14.815
 DIASTO04     -11.857        -3.524        -6.088         7.277        -5.244
 Q1            -0.834         4.537        10.163         1.377       -15.684
 Q2             0.204        -2.078       -11.136         0.569         4.293
 Q3             1.323        -6.397       -19.602        -3.063        34.436


           EST./S.E. FOR ESTIMATED CORRELATION MATRIX FOR THE LATENT VARIABLES
              SYSTO04       DIASTO04      Q1            Q2            Q3
              ________      ________      ________      ________      ________
 SYSTO04      999.000
 DIASTO04     136.108       999.000
 Q1            -2.013        -1.321       999.000
 Q2             4.680         7.217       -36.628       999.000
 Q3             4.084        -0.202       -36.613       -36.583       999.000


           TWO-TAILED P-VALUE FOR ESTIMATED CORRELATION MATRIX FOR THE LATENT VARIABLES
              IB            SB            ID            SD            AGE04
              ________      ________      ________      ________      ________
 IB             0.000
 SB             0.000         0.000
 ID             0.000         0.000         0.000
 SD             0.196         0.283         0.000         0.000
 AGE04          0.000         0.000         0.111         0.000         0.000
 GENDER         0.005         0.043         0.001         0.788         0.011
 KCAL04         0.017         0.002         0.000         0.000         0.000
 MET04          0.000         0.000         0.016         0.299         0.000
 SMOKE04        0.000         0.723         0.000         0.703         0.001
 EDUC04         0.250         0.143         0.000         0.000         0.000
 SYSTO04        0.000         0.000         0.514         0.315         0.000
 DIASTO04       0.000         0.000         0.117         0.042         0.000
 Q1             0.000         0.000         0.000         0.886         0.000
 Q2             0.000         0.587         0.838         0.325         0.516
 Q3             0.000         0.000         0.000         0.010         0.000


           TWO-TAILED P-VALUE FOR ESTIMATED CORRELATION MATRIX FOR THE LATENT VARIABLES
              GENDER        KCAL04        MET04         SMOKE04       EDUC04
              ________      ________      ________      ________      ________
 GENDER         0.000
 KCAL04         0.000         0.000
 MET04          0.000         0.000         0.000
 SMOKE04        0.000         0.000         0.000         0.000
 EDUC04         0.000         0.000         0.318         0.000         0.000
 SYSTO04        0.000         0.000         0.000         0.000         0.000
 DIASTO04       0.000         0.000         0.000         0.000         0.000
 Q1             0.404         0.000         0.000         0.168         0.000
 Q2             0.839         0.038         0.000         0.569         0.000
 Q3             0.186         0.000         0.000         0.002         0.000


           TWO-TAILED P-VALUE FOR ESTIMATED CORRELATION MATRIX FOR THE LATENT VARIABLES
              SYSTO04       DIASTO04      Q1            Q2            Q3
              ________      ________      ________      ________      ________
 SYSTO04        0.000
 DIASTO04       0.000         0.000
 Q1             0.044         0.187         0.000
 Q2             0.000         0.000         0.000         0.000
 Q3             0.000         0.840         0.000         0.000         0.000


TECHNICAL 8 OUTPUT


   E STEP  ITER  LOGLIKELIHOOD    ABS CHANGE   REL CHANGE  ALGORITHM
              1 -0.46667000D+06    0.0000000    0.0000000  EM
              2 -0.42506882D+06 ************    0.0891447  EM
              3 -0.42506882D+06   -0.0000001    0.0000000  EM


DIAGRAM INFORMATION

  Use View Diagram under the Diagram menu in the Mplus Editor to view the diagram.
  If running Mplus from the Mplus Diagrammer, the diagram opens automatically.

  Diagram output
    d:\data\dpmedi\mplus\longitudinal\cmfp bmi mediation ib with sb-no mediation-q index.dgm

     Beginning Time:  13:13:56
        Ending Time:  13:13:58
       Elapsed Time:  00:00:02



MUTHEN & MUTHEN
3463 Stoner Ave.
Los Angeles, CA  90066

Tel: (310) 391-9971
Fax: (310) 391-8971
Web: www.StatModel.com
Support: Support@StatModel.com

Copyright (c) 1998-2015 Muthen & Muthen
