Mplus VERSION 7.4
MUTHEN & MUTHEN
05/16/2019  10:38 AM

INPUT INSTRUCTIONS

  DATA: File is id0411 mplus.csv;

  VARIABLE: Names are IDind WAVE hhid t2 commid age04
                      kcal04 carbo04 fat04 protn04 bmi04
                      hwr04 wc04 diasto04 systo04 smoke04
                      gender educ04 indinc04 index04 met04
                      cmfp04 dash04 ahei04 hbs04 lbs04 dqd04
                      age06 kcal06 carbo06 fat06 protn06 bmi06
                      hwr06 wc06 diasto06 systo06 smoke06
                      educ06 indinc06 index06 met06 cmfp06 dash06
                      ahei06 hbs06 lbs06 dqd06 age09 kcal09 carbo09
                      fat09 protn09 bmi09 hwr09 wc09 diasto09 systo09
                      smoke09 educ09 indinc09 index09 met09 cmfp09
                      dash09 ahei09 hbs09 lbs09 dqd09 age11 kcal11
                      carbo11 fat11 protn11 bmi11 hwr11 wc11 diasto11
                      systo11 smoke11 educ11 indinc11 index11 met11
                      cmfp11 dash11 ahei11 hbs11 lbs11 dqd11 q_index
                       q1 q2 q3 carbo_p protn_p fat_p;

           Usev are  age04 gender kcal04 met04
                     bmi04 bmi06 bmi09 bmi11 smoke04
                     cmfp04 cmfp06 cmfp09 cmfp11
                     q1 q2 q3 educ04 systo04 diasto04;


           Missing are all(999);


  ANALYSIS:
  Type=random;
  ALGORITHM=INTEGRATION;
  Estimator=ML;
  bootstrap = 1000;


  MODEL:
  age04 gender kcal04 met04 smoke04
  bmi04 bmi06 bmi09 bmi11 educ04 systo04 diasto04
  cmfp04 cmfp06 cmfp09 cmfp11 q1 q2 q3;

  ib sb | bmi04@0 bmi06@2 bmi09@5 bmi11@7;
  id sd | cmfp04@0 cmfp06@2 cmfp09@5 cmfp11@7;

  ib-sd on q1 q2 q3 age04 gender met04 kcal04 educ04 systo04 diasto04 smoke04;

  OUTPUT: tech1 tech8 cinterval(BOOTSTRAP);



INPUT READING TERMINATED NORMALLY




SUMMARY OF ANALYSIS

Number of groups                                                 1
Number of observations                                        9547

Number of dependent variables                                    8
Number of independent variables                                 11
Number of continuous latent variables                            4

Observed dependent variables

  Continuous
   BMI04       BMI06       BMI09       BMI11       CMFP04      CMFP06
   CMFP09      CMFP11

Observed independent variables
   AGE04       GENDER      KCAL04      MET04       SMOKE04     Q1
   Q2          Q3          EDUC04      SYSTO04     DIASTO04

Continuous latent variables
   IB          SB          ID          SD


Estimator                                                       ML
Information matrix                                        OBSERVED
Optimization Specifications for the Quasi-Newton Algorithm for
Continuous Outcomes
  Maximum number of iterations                                 100
  Convergence criterion                                  0.100D-05
Optimization Specifications for the EM Algorithm
  Maximum number of iterations                                 500
  Convergence criteria
    Loglikelihood change                                 0.100D-02
    Relative loglikelihood change                        0.100D-05
    Derivative                                           0.100D-02
Optimization Specifications for the M step of the EM Algorithm for
Categorical Latent variables
  Number of M step iterations                                    1
  M step convergence criterion                           0.100D-02
  Basis for M step termination                           ITERATION
Optimization Specifications for the M step of the EM Algorithm for
Censored, Binary or Ordered Categorical (Ordinal), Unordered
Categorical (Nominal) and Count Outcomes
  Number of M step iterations                                    1
  M step convergence criterion                           0.100D-02
  Basis for M step termination                           ITERATION
  Maximum value for logit thresholds                            15
  Minimum value for logit thresholds                           -15
  Minimum expected cell size for chi-square              0.100D-01
Maximum number of iterations for H1                           2000
Convergence criterion for H1                             0.100D-03
Number of bootstrap draws
    Requested                                                 1000
    Completed                                                 1000
Optimization algorithm                                         EMA
Integration Specifications
  Type                                                    STANDARD
  Number of integration points                                  15
  Dimensions of numerical integration                            0
  Adaptive quadrature                                           ON
Cholesky                                                       OFF

Input data file(s)
  id0411 mplus.csv
Input data format  FREE


SUMMARY OF DATA

     Number of missing data patterns           199


COVARIANCE COVERAGE OF DATA

Minimum covariance coverage value   0.100


     PROPORTION OF DATA PRESENT FOR Y


           Covariance Coverage
              BMI04         BMI06         BMI09         BMI11         CMFP04
              ________      ________      ________      ________      ________
 BMI04          0.928
 BMI06          0.690         0.727
 BMI09          0.589         0.537         0.623
 BMI11          0.533         0.483         0.503         0.564
 CMFP04         0.928         0.727         0.623         0.564         1.000
 CMFP06         0.721         0.717         0.559         0.504         0.769
 CMFP09         0.608         0.553         0.616         0.514         0.648
 CMFP11         0.537         0.486         0.504         0.553         0.571
 AGE04          0.928         0.727         0.623         0.564         1.000
 GENDER         0.928         0.727         0.623         0.564         1.000
 KCAL04         0.928         0.727         0.623         0.564         1.000
 MET04          0.848         0.667         0.576         0.523         0.901
 SMOKE04        0.927         0.722         0.619         0.559         0.988
 Q1             0.927         0.726         0.622         0.563         0.999
 Q2             0.927         0.726         0.622         0.563         0.999
 Q3             0.927         0.726         0.622         0.563         0.999
 EDUC04         0.926         0.722         0.618         0.559         0.987
 SYSTO04        0.927         0.698         0.596         0.539         0.939
 DIASTO04       0.927         0.698         0.596         0.539         0.939


           Covariance Coverage
              CMFP06        CMFP09        CMFP11        AGE04         GENDER
              ________      ________      ________      ________      ________
 CMFP06         0.769
 CMFP09         0.580         0.648
 CMFP11         0.509         0.518         0.571
 AGE04          0.769         0.648         0.571         1.000
 GENDER         0.769         0.648         0.571         1.000         1.000
 KCAL04         0.769         0.648         0.571         1.000         1.000
 MET04          0.703         0.597         0.529         0.901         0.901
 SMOKE04        0.763         0.643         0.566         0.988         0.988
 Q1             0.768         0.647         0.570         0.999         0.999
 Q2             0.768         0.647         0.570         0.999         0.999
 Q3             0.768         0.647         0.570         0.999         0.999
 EDUC04         0.763         0.642         0.566         0.987         0.987
 SYSTO04        0.729         0.615         0.544         0.939         0.939
 DIASTO04       0.729         0.615         0.544         0.939         0.939


           Covariance Coverage
              KCAL04        MET04         SMOKE04       Q1            Q2
              ________      ________      ________      ________      ________
 KCAL04         1.000
 MET04          0.901         0.901
 SMOKE04        0.988         0.900         0.988
 Q1             0.999         0.900         0.987         0.999
 Q2             0.999         0.900         0.987         0.999         0.999
 Q3             0.999         0.900         0.987         0.999         0.999
 EDUC04         0.987         0.899         0.986         0.986         0.986
 SYSTO04        0.939         0.857         0.937         0.938         0.938
 DIASTO04       0.939         0.857         0.937         0.938         0.938


           Covariance Coverage
              Q3            EDUC04        SYSTO04       DIASTO04
              ________      ________      ________      ________
 Q3             0.999
 EDUC04         0.986         0.987
 SYSTO04        0.938         0.937         0.939
 DIASTO04       0.938         0.937         0.939         0.939



THE MODEL ESTIMATION TERMINATED NORMALLY



MODEL FIT INFORMATION

Number of Free Parameters                      143

Loglikelihood

          H0 Value                     -425068.818

Information Criteria

          Akaike (AIC)                  850423.636
          Bayesian (BIC)                851448.086
          Sample-Size Adjusted BIC      850993.654
            (n* = (n + 2) / 24)



MODEL RESULTS

                                                    Two-Tailed
                    Estimate       S.E.  Est./S.E.    P-Value

 IB       |
    BMI04              1.000      0.000    999.000    999.000
    BMI06              1.000      0.000    999.000    999.000
    BMI09              1.000      0.000    999.000    999.000
    BMI11              1.000      0.000    999.000    999.000

 SB       |
    BMI04              0.000      0.000    999.000    999.000
    BMI06              2.000      0.000    999.000    999.000
    BMI09              5.000      0.000    999.000    999.000
    BMI11              7.000      0.000    999.000    999.000

 ID       |
    CMFP04             1.000      0.000    999.000    999.000
    CMFP06             1.000      0.000    999.000    999.000
    CMFP09             1.000      0.000    999.000    999.000
    CMFP11             1.000      0.000    999.000    999.000

 SD       |
    CMFP04             0.000      0.000    999.000    999.000
    CMFP06             2.000      0.000    999.000    999.000
    CMFP09             5.000      0.000    999.000    999.000
    CMFP11             7.000      0.000    999.000    999.000

 IB         ON
    Q1                 0.103      0.091      1.127      0.260
    Q2                 0.677      0.093      7.250      0.000
    Q3                 0.649      0.110      5.926      0.000
    AGE04             -0.002      0.003     -0.623      0.534
    GENDER             0.374      0.088      4.257      0.000
    MET04              0.000      0.000      0.278      0.781
    KCAL04             0.000      0.000      6.810      0.000
    EDUC04             0.051      0.031      1.650      0.099
    SYSTO04            0.025      0.003      8.360      0.000
    DIASTO04           0.058      0.005     12.615      0.000
    SMOKE04           -0.359      0.075     -4.797      0.000

 SB         ON
    Q1                 0.012      0.013      0.946      0.344
    Q2                -0.008      0.014     -0.599      0.549
    Q3                -0.035      0.016     -2.187      0.029
    AGE04             -0.004      0.000     -8.813      0.000
    GENDER            -0.036      0.012     -2.896      0.004
    MET04              0.000      0.000     -0.846      0.397
    KCAL04             0.000      0.000      0.594      0.553
    EDUC04            -0.013      0.004     -3.053      0.002
    SYSTO04           -0.001      0.000     -3.412      0.001
    DIASTO04           0.000      0.001     -0.395      0.693
    SMOKE04           -0.014      0.012     -1.239      0.215

 ID         ON
    Q1                 1.032      0.102     10.074      0.000
    Q2                 1.314      0.119     11.005      0.000
    Q3                 2.868      0.149     19.276      0.000
    AGE04              0.017      0.004      4.630      0.000
    GENDER             0.525      0.110      4.754      0.000
    MET04              0.002      0.000      3.894      0.000
    KCAL04             0.000      0.000      6.037      0.000
    EDUC04             0.352      0.044      8.075      0.000
    SYSTO04            0.006      0.004      1.541      0.123
    DIASTO04          -0.013      0.006     -2.301      0.021
    SMOKE04           -0.170      0.096     -1.770      0.077

 SD         ON
    Q1                 0.070      0.026      2.654      0.008
    Q2                 0.075      0.030      2.541      0.011
    Q3                 0.114      0.035      3.266      0.001
    AGE04             -0.004      0.001     -4.808      0.000
    GENDER             0.001      0.028      0.047      0.962
    MET04              0.000      0.000     -0.466      0.642
    KCAL04             0.000      0.000     -5.737      0.000
    EDUC04             0.004      0.010      0.423      0.672
    SYSTO04           -0.002      0.001     -1.764      0.078
    DIASTO04           0.005      0.001      3.318      0.001
    SMOKE04            0.030      0.026      1.161      0.246

 SB       WITH
    IB                -0.094      0.028     -3.376      0.001

 ID       WITH
    IB                 0.458      0.135      3.400      0.001
    SB                -0.073      0.018     -4.030      0.000

 SD       WITH
    IB                -0.059      0.034     -1.739      0.082
    SB                 0.003      0.004      0.603      0.546
    ID                -0.291      0.081     -3.587      0.000

 GENDER   WITH
    AGE04              0.199      0.078      2.550      0.011

 KCAL04   WITH
    AGE04          -1363.375    109.784    -12.419      0.000
    GENDER           -91.666      3.306    -27.724      0.000

 MET04    WITH
    AGE04           -420.133     17.335    -24.236      0.000
    GENDER            -8.105      0.606    -13.364      0.000
    KCAL04         15952.905    878.750     18.154      0.000

 SMOKE04  WITH
    AGE04              0.284      0.083      3.411      0.001
    GENDER            -0.150      0.002    -65.986      0.000
    KCAL04            57.581      3.559     16.178      0.000
    MET04              4.825      0.655      7.371      0.000

 Q1       WITH
    AGE04             -0.282      0.066     -4.291      0.000
    GENDER            -0.002      0.002     -0.817      0.414
    KCAL04            13.586      2.923      4.648      0.000
    MET04              5.211      0.520     10.013      0.000
    SMOKE04            0.003      0.002      1.506      0.132

 Q2       WITH
    AGE04              0.044      0.069      0.644      0.519
    GENDER             0.000      0.002      0.199      0.842
    KCAL04            -6.232      2.903     -2.146      0.032
    MET04             -5.775      0.460    -12.546      0.000
    SMOKE04            0.001      0.003      0.519      0.604
    Q1                -0.063      0.001    -49.196      0.000

 Q3       WITH
    AGE04              0.451      0.069      6.514      0.000
    GENDER             0.003      0.002      1.317      0.188
    KCAL04           -19.120      2.929     -6.528      0.000
    MET04             -9.879      0.444    -22.228      0.000
    SMOKE04           -0.007      0.002     -3.072      0.002
    Q1                -0.063      0.001    -48.805      0.000
    Q2                -0.062      0.001    -50.650      0.000

 EDUC04   WITH
    AGE04             -8.218      0.214    -38.444      0.000
    GENDER            -0.129      0.007    -19.786      0.000
    KCAL04            78.463      8.999      8.719      0.000
    MET04             -1.602      1.364     -1.174      0.240
    SMOKE04            0.042      0.006      6.641      0.000
    Q1                -0.090      0.005    -17.676      0.000
    Q2                 0.025      0.006      4.240      0.000
    Q3                 0.183      0.007     27.656      0.000

 SYSTO04  WITH
    AGE04            117.536      3.333     35.260      0.000
    GENDER            -0.814      0.097     -8.390      0.000
    KCAL04          -955.765    134.137     -7.125      0.000
    MET04           -277.264     21.796    -12.721      0.000
    SMOKE04            0.674      0.115      5.869      0.000
    Q1                -0.170      0.084     -2.023      0.043
    Q2                 0.394      0.084      4.672      0.000
    Q3                 0.342      0.084      4.077      0.000
    EDUC04            -3.745      0.277    -13.512      0.000

 DIASTO04 WITH
    AGE04             35.926      1.787     20.099      0.000
    GENDER            -0.691      0.059    -11.704      0.000
    KCAL04          -283.599     88.787     -3.194      0.001
    MET04            -84.621     13.394     -6.318      0.000
    SMOKE04            0.448      0.059      7.653      0.000
    Q1                -0.068      0.052     -1.299      0.194
    Q2                 0.367      0.050      7.390      0.000
    Q3                -0.010      0.048     -0.215      0.830
    EDUC04            -0.820      0.159     -5.159      0.000
    SYSTO04          148.467      3.431     43.277      0.000

 Means
    AGE04             47.385      0.152    311.364      0.000
    GENDER             1.519      0.005    289.604      0.000
    KCAL04          2188.497      6.913    316.566      0.000
    MET04            116.450      1.211     96.125      0.000
    SMOKE04            0.335      0.006     60.823      0.000
    Q1                 0.250      0.004     56.732      0.000
    Q2                 0.250      0.004     57.933      0.000
    Q3                 0.250      0.004     57.933      0.000
    EDUC04             1.729      0.013    128.699      0.000
    SYSTO04          122.076      0.194    628.872      0.000
    DIASTO04          78.634      0.121    652.206      0.000

 Intercepts
    BMI04              0.000      0.000    999.000    999.000
    BMI06              0.000      0.000    999.000    999.000
    BMI09              0.000      0.000    999.000    999.000
    BMI11              0.000      0.000    999.000    999.000
    CMFP04             0.000      0.000    999.000    999.000
    CMFP06             0.000      0.000    999.000    999.000
    CMFP09             0.000      0.000    999.000    999.000
    CMFP11             0.000      0.000    999.000    999.000
    IB                13.816      0.376     36.770      0.000
    SB                 0.514      0.054      9.603      0.000
    ID                14.729      0.485     30.362      0.000
    SD                 0.443      0.116      3.831      0.000

 Variances
    AGE04            235.499      2.976     79.132      0.000
    GENDER             0.250      0.000   1227.022      0.000
    KCAL04         *********   8168.494     56.104      0.000
    MET04          12717.315    342.389     37.143      0.000
    SMOKE04            0.276      0.021     13.035      0.000
    Q1                 0.188      0.002     85.024      0.000
    Q2                 0.188      0.002     86.912      0.000
    Q3                 0.188      0.002     86.729      0.000
    EDUC04             1.755      0.024     73.162      0.000
    SYSTO04          345.147      7.617     45.311      0.000
    DIASTO04         126.201      2.576     48.985      0.000

 Residual Variances
    BMI04              0.966      0.128      7.577      0.000
    BMI06              3.133      1.787      1.754      0.079
    BMI09              1.539      0.095     16.152      0.000
    BMI11             13.571      5.675      2.392      0.017
    CMFP04            16.326      0.466     35.031      0.000
    CMFP06            18.831      0.374     50.395      0.000
    CMFP09            19.718      0.449     43.912      0.000
    CMFP11            22.681      0.639     35.482      0.000
    IB                 9.117      0.207     44.071      0.000
    SB                 0.046      0.004     11.034      0.000
    ID                 5.457      0.420     13.002      0.000
    SD                 0.073      0.020      3.584      0.000


CONFIDENCE INTERVALS OF MODEL RESULTS

                  Lower .5%  Lower 2.5%    Lower 5%    Estimate    Upper 5%  Upper 2.5%   Upper .5%

 IB       |
    BMI04            1.000       1.000       1.000       1.000       1.000       1.000       1.000
    BMI06            1.000       1.000       1.000       1.000       1.000       1.000       1.000
    BMI09            1.000       1.000       1.000       1.000       1.000       1.000       1.000
    BMI11            1.000       1.000       1.000       1.000       1.000       1.000       1.000

 SB       |
    BMI04            0.000       0.000       0.000       0.000       0.000       0.000       0.000
    BMI06            2.000       2.000       2.000       2.000       2.000       2.000       2.000
    BMI09            5.000       5.000       5.000       5.000       5.000       5.000       5.000
    BMI11            7.000       7.000       7.000       7.000       7.000       7.000       7.000

 ID       |
    CMFP04           1.000       1.000       1.000       1.000       1.000       1.000       1.000
    CMFP06           1.000       1.000       1.000       1.000       1.000       1.000       1.000
    CMFP09           1.000       1.000       1.000       1.000       1.000       1.000       1.000
    CMFP11           1.000       1.000       1.000       1.000       1.000       1.000       1.000

 SD       |
    CMFP04           0.000       0.000       0.000       0.000       0.000       0.000       0.000
    CMFP06           2.000       2.000       2.000       2.000       2.000       2.000       2.000
    CMFP09           5.000       5.000       5.000       5.000       5.000       5.000       5.000
    CMFP11           7.000       7.000       7.000       7.000       7.000       7.000       7.000

 IB       ON
    Q1              -0.178      -0.099      -0.053       0.103       0.243       0.272       0.324
    Q2               0.437       0.491       0.519       0.677       0.819       0.842       0.896
    Q3               0.364       0.410       0.442       0.649       0.811       0.845       0.910
    AGE04           -0.009      -0.007      -0.006      -0.002       0.003       0.003       0.005
    GENDER           0.146       0.195       0.223       0.374       0.510       0.532       0.581
    MET04           -0.001      -0.001       0.000       0.000       0.001       0.001       0.001
    KCAL04           0.000       0.000       0.000       0.000       0.000       0.000       0.000
    EDUC04          -0.023      -0.008      -0.002       0.051       0.102       0.112       0.126
    SYSTO04          0.016       0.019       0.020       0.025       0.030       0.031       0.032
    DIASTO04         0.046       0.049       0.051       0.058       0.066       0.067       0.070
    SMOKE04         -0.558      -0.515      -0.487      -0.359      -0.246      -0.224      -0.192

 SB       ON
    Q1              -0.018      -0.011      -0.007       0.012       0.033       0.040       0.046
    Q2              -0.043      -0.035      -0.032      -0.008       0.015       0.020       0.030
    Q3              -0.073      -0.064      -0.060      -0.035      -0.008      -0.002       0.005
    AGE04           -0.005      -0.004      -0.004      -0.004      -0.003      -0.003      -0.003
    GENDER          -0.067      -0.059      -0.056      -0.036      -0.015      -0.011      -0.003
    MET04            0.000       0.000       0.000       0.000       0.000       0.000       0.000
    KCAL04           0.000       0.000       0.000       0.000       0.000       0.000       0.000
    EDUC04          -0.023      -0.021      -0.020      -0.013      -0.005      -0.004      -0.001
    SYSTO04         -0.003      -0.002      -0.002      -0.001      -0.001      -0.001       0.000
    DIASTO04        -0.002      -0.002      -0.001       0.000       0.001       0.001       0.001
    SMOKE04         -0.045      -0.039      -0.035      -0.014       0.004       0.008       0.013

 ID       ON
    Q1               0.767       0.826       0.861       1.032       1.193       1.224       1.293
    Q2               0.989       1.073       1.120       1.314       1.510       1.561       1.637
    Q3               2.465       2.571       2.622       2.868       3.113       3.155       3.241
    AGE04            0.008       0.010       0.011       0.017       0.023       0.025       0.027
    GENDER           0.202       0.314       0.343       0.525       0.702       0.740       0.806
    MET04            0.001       0.001       0.001       0.002       0.003       0.003       0.003
    KCAL04           0.000       0.000       0.000       0.000       0.001       0.001       0.001
    EDUC04           0.246       0.264       0.279       0.352       0.420       0.437       0.459
    SYSTO04         -0.003      -0.001       0.000       0.006       0.011       0.013       0.014
    DIASTO04        -0.026      -0.024      -0.022      -0.013      -0.003      -0.002       0.001
    SMOKE04         -0.411      -0.360      -0.327      -0.170      -0.013       0.014       0.094

 SD       ON
    Q1               0.000       0.016       0.029       0.070       0.113       0.123       0.139
    Q2               0.004       0.020       0.027       0.075       0.127       0.133       0.149
    Q3               0.025       0.051       0.060       0.114       0.172       0.182       0.212
    AGE04           -0.007      -0.006      -0.006      -0.004      -0.003      -0.003      -0.002
    GENDER          -0.071      -0.053      -0.044       0.001       0.045       0.052       0.068
    MET04            0.000       0.000       0.000       0.000       0.000       0.000       0.000
    KCAL04           0.000       0.000       0.000       0.000       0.000       0.000       0.000
    EDUC04          -0.023      -0.016      -0.013       0.004       0.021       0.024       0.031
    SYSTO04         -0.004      -0.003      -0.003      -0.002       0.000       0.000       0.001
    DIASTO04         0.001       0.002       0.002       0.005       0.007       0.007       0.008
    SMOKE04         -0.041      -0.025      -0.014       0.030       0.068       0.077       0.097

 SB       WITH
    IB              -0.150      -0.135      -0.130      -0.094      -0.039      -0.032      -0.021

 ID       WITH
    IB               0.096       0.191       0.230       0.458       0.679       0.714       0.796
    SB              -0.116      -0.107      -0.099      -0.073      -0.040      -0.034      -0.020

 SD       WITH
    IB              -0.150      -0.125      -0.114      -0.059      -0.003       0.006       0.029
    SB              -0.008      -0.006      -0.005       0.003       0.010       0.011       0.012
    ID              -0.503      -0.453      -0.419      -0.291      -0.155      -0.130      -0.089

 GENDER   WITH
    AGE04           -0.006       0.046       0.064       0.199       0.319       0.343       0.397

 KCAL04   WITH
    AGE04        -1651.838   -1575.775   -1549.657   -1363.375   -1195.060   -1159.546   -1090.140
    GENDER        -101.226     -98.376     -97.286     -91.666     -86.432     -85.485     -83.590

 MET04    WITH
    AGE04         -467.736    -455.071    -449.759    -420.133    -392.551    -387.934    -376.814
    GENDER          -9.730      -9.359      -9.090      -8.105      -7.085      -6.851      -6.600
    KCAL04       13928.085   14310.941   14572.041   15952.905   17461.719   17674.988   18419.025

 SMOKE04  WITH
    AGE04            0.075       0.125       0.149       0.284       0.424       0.445       0.490
    GENDER          -0.156      -0.155      -0.154      -0.150      -0.147      -0.146      -0.144
    KCAL04          48.653      50.678      51.855      57.581      63.305      64.716      67.852
    MET04            3.118       3.522       3.731       4.825       5.908       6.097       6.447

 Q1       WITH
    AGE04           -0.459      -0.414      -0.396      -0.282      -0.180      -0.165      -0.123
    GENDER          -0.008      -0.007      -0.006      -0.002       0.002       0.002       0.004
    KCAL04           6.750       8.331       9.061      13.586      18.373      19.478      22.186
    MET04            3.830       4.206       4.402       5.211       6.087       6.197       6.479
    SMOKE04         -0.002      -0.001       0.000       0.003       0.007       0.007       0.008

 Q2       WITH
    AGE04           -0.149      -0.086      -0.064       0.044       0.165       0.182       0.226
    GENDER          -0.005      -0.004      -0.003       0.000       0.004       0.005       0.006
    KCAL04         -13.881     -11.887     -11.134      -6.232      -1.673      -0.702       1.000
    MET04           -7.013      -6.700      -6.534      -5.775      -5.018      -4.909      -4.691
    SMOKE04         -0.005      -0.003      -0.003       0.001       0.006       0.007       0.008
    Q1              -0.066      -0.065      -0.065      -0.063      -0.061      -0.060      -0.060

 Q3       WITH
    AGE04            0.266       0.319       0.337       0.451       0.560       0.588       0.646
    GENDER          -0.003      -0.001      -0.001       0.003       0.007       0.007       0.009
    KCAL04         -26.913     -25.162     -23.997     -19.120     -14.426     -13.608     -12.224
    MET04          -11.201     -10.766     -10.661      -9.879      -9.164      -9.057      -8.831
    SMOKE04         -0.014      -0.012      -0.011      -0.007      -0.003      -0.003      -0.002
    Q1              -0.066      -0.065      -0.065      -0.063      -0.060      -0.060      -0.059
    Q2              -0.066      -0.065      -0.065      -0.062      -0.061      -0.060      -0.059

 EDUC04   WITH
    AGE04           -8.769      -8.647      -8.571      -8.218      -7.867      -7.793      -7.705
    GENDER          -0.146      -0.141      -0.139      -0.129      -0.118      -0.116      -0.111
    KCAL04          54.764      61.206      63.455      78.463      94.164      97.105     101.032
    MET04           -4.830      -4.297      -3.913      -1.602       0.577       0.984       1.573
    SMOKE04          0.026       0.030       0.031       0.042       0.052       0.054       0.058
    Q1              -0.105      -0.101      -0.099      -0.090      -0.082      -0.080      -0.078
    Q2               0.010       0.013       0.015       0.025       0.034       0.037       0.041
    Q3               0.164       0.170       0.172       0.183       0.193       0.196       0.200

 SYSTO04  WITH
    AGE04          108.195     110.630     112.061     117.536     122.810     124.224     125.917
    GENDER          -1.045      -1.007      -0.979      -0.814      -0.657      -0.632      -0.572
    KCAL04       -1281.911   -1215.522   -1169.596    -955.765    -734.772    -703.603    -614.806
    MET04         -332.745    -319.455    -312.508    -277.264    -241.251    -234.374    -217.350
    SMOKE04          0.408       0.471       0.503       0.674       0.877       0.925       1.009
    Q1              -0.397      -0.334      -0.310      -0.170      -0.036      -0.008       0.047
    Q2               0.167       0.219       0.255       0.394       0.532       0.555       0.603
    Q3               0.108       0.178       0.206       0.342       0.478       0.504       0.550
    EDUC04          -4.508      -4.310      -4.196      -3.745      -3.289      -3.192      -3.051

 DIASTO04 WITH
    AGE04           31.309      32.389      33.040      35.926      38.859      39.387      40.391
    GENDER          -0.846      -0.802      -0.793      -0.691      -0.595      -0.578      -0.546
    KCAL04        -524.708    -458.691    -436.839    -283.599    -139.720    -116.829     -65.170
    MET04         -118.627    -111.454    -107.645     -84.621     -63.084     -59.548     -52.399
    SMOKE04          0.303       0.336       0.357       0.448       0.548       0.571       0.609
    Q1              -0.210      -0.170      -0.153      -0.068       0.016       0.032       0.067
    Q2               0.231       0.267       0.286       0.367       0.453       0.462       0.487
    Q3              -0.138      -0.108      -0.089      -0.010       0.065       0.085       0.113
    EDUC04          -1.288      -1.149      -1.087      -0.820      -0.560      -0.519      -0.437
    SYSTO04        139.421     141.489     142.699     148.467     153.866     155.059     157.258

 Means
    AGE04           46.990      47.063      47.134      47.385      47.623      47.684      47.803
    GENDER           1.505       1.509       1.511       1.519       1.527       1.529       1.533
    KCAL04        2171.270    2174.952    2176.839    2188.497    2200.025    2201.453    2206.185
    MET04          113.066     114.012     114.372     116.450     118.442     118.764     119.635
    SMOKE04          0.321       0.324       0.326       0.335       0.344       0.345       0.349
    Q1               0.239       0.240       0.243       0.250       0.257       0.258       0.261
    Q2               0.239       0.242       0.243       0.250       0.257       0.258       0.262
    Q3               0.238       0.242       0.243       0.250       0.257       0.258       0.262
    EDUC04           1.693       1.701       1.706       1.729       1.750       1.754       1.765
    SYSTO04        121.588     121.699     121.757     122.076     122.390     122.442     122.605
    DIASTO04        78.319      78.399      78.438      78.634      78.824      78.869      78.966

 Intercepts
    BMI04            0.000       0.000       0.000       0.000       0.000       0.000       0.000
    BMI06            0.000       0.000       0.000       0.000       0.000       0.000       0.000
    BMI09            0.000       0.000       0.000       0.000       0.000       0.000       0.000
    BMI11            0.000       0.000       0.000       0.000       0.000       0.000       0.000
    CMFP04           0.000       0.000       0.000       0.000       0.000       0.000       0.000
    CMFP06           0.000       0.000       0.000       0.000       0.000       0.000       0.000
    CMFP09           0.000       0.000       0.000       0.000       0.000       0.000       0.000
    CMFP11           0.000       0.000       0.000       0.000       0.000       0.000       0.000
    IB              12.856      13.132      13.220      13.816      14.458      14.574      14.753
    SB               0.368       0.409       0.429       0.514       0.602       0.613       0.643
    ID              13.437      13.777      13.939      14.729      15.514      15.687      16.044
    SD               0.125       0.194       0.254       0.443       0.635       0.675       0.728

 Variances
    AGE04          228.029     229.925     230.677     235.499     240.541     241.408     242.897
    GENDER           0.249       0.249       0.249       0.250       0.250       0.250       0.250
    KCAL04       *********  441441.438  444368.469  458288.875  470965.500  473600.062  479769.688
    MET04        11909.576   12107.635   12205.996   12717.315   13305.356   13423.935   13758.964
    SMOKE04          0.228       0.237       0.243       0.276       0.311       0.318       0.333
    Q1               0.182       0.183       0.184       0.188       0.191       0.192       0.193
    Q2               0.182       0.183       0.184       0.188       0.191       0.192       0.193
    Q3               0.181       0.184       0.184       0.188       0.191       0.192       0.193
    EDUC04           1.693       1.707       1.715       1.755       1.794       1.801       1.816
    SYSTO04        325.223     329.592     331.917     345.147     357.188     359.439     362.773
    DIASTO04       119.104     121.125     121.959     126.201     130.500     131.054     132.816

 Residual Variances
    BMI04            0.730       0.775       0.811       0.966       1.206       1.231       1.268
    BMI06            1.188       1.218       1.230       3.133       6.555       6.640       8.313
    BMI09            1.273       1.328       1.354       1.539       1.665       1.692       1.734
    BMI11            5.013       5.837       6.202      13.571      23.833      26.486      35.675
    CMFP04          15.059      15.418      15.576      16.326      17.092      17.234      17.483
    CMFP06          17.926      18.115      18.213      18.831      19.455      19.595      19.786
    CMFP09          18.563      18.837      18.987      19.718      20.460      20.614      20.929
    CMFP11          21.092      21.386      21.606      22.681      23.698      23.989      24.291
    IB               8.571       8.674       8.748       9.117       9.419       9.475       9.653
    SB               0.036       0.039       0.040       0.046       0.053       0.055       0.058
    ID               4.189       4.608       4.766       5.457       6.114       6.276       6.559
    SD               0.015       0.030       0.038       0.073       0.105       0.110       0.118


TECHNICAL 1 OUTPUT


     PARAMETER SPECIFICATION


           NU
              BMI04         BMI06         BMI09         BMI11         CMFP04
              ________      ________      ________      ________      ________
 1                  0             0             0             0             0


           NU
              CMFP06        CMFP09        CMFP11        AGE04         GENDER
              ________      ________      ________      ________      ________
 1                  0             0             0             0             0


           NU
              KCAL04        MET04         SMOKE04       Q1            Q2
              ________      ________      ________      ________      ________
 1                  0             0             0             0             0


           NU
              Q3            EDUC04        SYSTO04       DIASTO04
              ________      ________      ________      ________
 1                  0             0             0             0


           LAMBDA
              IB            SB            ID            SD            AGE04
              ________      ________      ________      ________      ________
 BMI04              0             0             0             0             0
 BMI06              0             0             0             0             0
 BMI09              0             0             0             0             0
 BMI11              0             0             0             0             0
 CMFP04             0             0             0             0             0
 CMFP06             0             0             0             0             0
 CMFP09             0             0             0             0             0
 CMFP11             0             0             0             0             0
 AGE04              0             0             0             0             0
 GENDER             0             0             0             0             0
 KCAL04             0             0             0             0             0
 MET04              0             0             0             0             0
 SMOKE04            0             0             0             0             0
 Q1                 0             0             0             0             0
 Q2                 0             0             0             0             0
 Q3                 0             0             0             0             0
 EDUC04             0             0             0             0             0
 SYSTO04            0             0             0             0             0
 DIASTO04           0             0             0             0             0


           LAMBDA
              GENDER        KCAL04        MET04         SMOKE04       Q1
              ________      ________      ________      ________      ________
 BMI04              0             0             0             0             0
 BMI06              0             0             0             0             0
 BMI09              0             0             0             0             0
 BMI11              0             0             0             0             0
 CMFP04             0             0             0             0             0
 CMFP06             0             0             0             0             0
 CMFP09             0             0             0             0             0
 CMFP11             0             0             0             0             0
 AGE04              0             0             0             0             0
 GENDER             0             0             0             0             0
 KCAL04             0             0             0             0             0
 MET04              0             0             0             0             0
 SMOKE04            0             0             0             0             0
 Q1                 0             0             0             0             0
 Q2                 0             0             0             0             0
 Q3                 0             0             0             0             0
 EDUC04             0             0             0             0             0
 SYSTO04            0             0             0             0             0
 DIASTO04           0             0             0             0             0


           LAMBDA
              Q2            Q3            EDUC04        SYSTO04       DIASTO04
              ________      ________      ________      ________      ________
 BMI04              0             0             0             0             0
 BMI06              0             0             0             0             0
 BMI09              0             0             0             0             0
 BMI11              0             0             0             0             0
 CMFP04             0             0             0             0             0
 CMFP06             0             0             0             0             0
 CMFP09             0             0             0             0             0
 CMFP11             0             0             0             0             0
 AGE04              0             0             0             0             0
 GENDER             0             0             0             0             0
 KCAL04             0             0             0             0             0
 MET04              0             0             0             0             0
 SMOKE04            0             0             0             0             0
 Q1                 0             0             0             0             0
 Q2                 0             0             0             0             0
 Q3                 0             0             0             0             0
 EDUC04             0             0             0             0             0
 SYSTO04            0             0             0             0             0
 DIASTO04           0             0             0             0             0


           THETA
              BMI04         BMI06         BMI09         BMI11         CMFP04
              ________      ________      ________      ________      ________
 BMI04              1
 BMI06              0             2
 BMI09              0             0             3
 BMI11              0             0             0             4
 CMFP04             0             0             0             0             5
 CMFP06             0             0             0             0             0
 CMFP09             0             0             0             0             0
 CMFP11             0             0             0             0             0
 AGE04              0             0             0             0             0
 GENDER             0             0             0             0             0
 KCAL04             0             0             0             0             0
 MET04              0             0             0             0             0
 SMOKE04            0             0             0             0             0
 Q1                 0             0             0             0             0
 Q2                 0             0             0             0             0
 Q3                 0             0             0             0             0
 EDUC04             0             0             0             0             0
 SYSTO04            0             0             0             0             0
 DIASTO04           0             0             0             0             0


           THETA
              CMFP06        CMFP09        CMFP11        AGE04         GENDER
              ________      ________      ________      ________      ________
 CMFP06             6
 CMFP09             0             7
 CMFP11             0             0             8
 AGE04              0             0             0             0
 GENDER             0             0             0             0             0
 KCAL04             0             0             0             0             0
 MET04              0             0             0             0             0
 SMOKE04            0             0             0             0             0
 Q1                 0             0             0             0             0
 Q2                 0             0             0             0             0
 Q3                 0             0             0             0             0
 EDUC04             0             0             0             0             0
 SYSTO04            0             0             0             0             0
 DIASTO04           0             0             0             0             0


           THETA
              KCAL04        MET04         SMOKE04       Q1            Q2
              ________      ________      ________      ________      ________
 KCAL04             0
 MET04              0             0
 SMOKE04            0             0             0
 Q1                 0             0             0             0
 Q2                 0             0             0             0             0
 Q3                 0             0             0             0             0
 EDUC04             0             0             0             0             0
 SYSTO04            0             0             0             0             0
 DIASTO04           0             0             0             0             0


           THETA
              Q3            EDUC04        SYSTO04       DIASTO04
              ________      ________      ________      ________
 Q3                 0
 EDUC04             0             0
 SYSTO04            0             0             0
 DIASTO04           0             0             0             0


           ALPHA
              IB            SB            ID            SD            AGE04
              ________      ________      ________      ________      ________
 1                  9            10            11            12            13


           ALPHA
              GENDER        KCAL04        MET04         SMOKE04       Q1
              ________      ________      ________      ________      ________
 1                 14            15            16            17            18


           ALPHA
              Q2            Q3            EDUC04        SYSTO04       DIASTO04
              ________      ________      ________      ________      ________
 1                 19            20            21            22            23


           BETA
              IB            SB            ID            SD            AGE04
              ________      ________      ________      ________      ________
 IB                 0             0             0             0            24
 SB                 0             0             0             0            35
 ID                 0             0             0             0            46
 SD                 0             0             0             0            57
 AGE04              0             0             0             0             0
 GENDER             0             0             0             0             0
 KCAL04             0             0             0             0             0
 MET04              0             0             0             0             0
 SMOKE04            0             0             0             0             0
 Q1                 0             0             0             0             0
 Q2                 0             0             0             0             0
 Q3                 0             0             0             0             0
 EDUC04             0             0             0             0             0
 SYSTO04            0             0             0             0             0
 DIASTO04           0             0             0             0             0


           BETA
              GENDER        KCAL04        MET04         SMOKE04       Q1
              ________      ________      ________      ________      ________
 IB                25            26            27            28            29
 SB                36            37            38            39            40
 ID                47            48            49            50            51
 SD                58            59            60            61            62
 AGE04              0             0             0             0             0
 GENDER             0             0             0             0             0
 KCAL04             0             0             0             0             0
 MET04              0             0             0             0             0
 SMOKE04            0             0             0             0             0
 Q1                 0             0             0             0             0
 Q2                 0             0             0             0             0
 Q3                 0             0             0             0             0
 EDUC04             0             0             0             0             0
 SYSTO04            0             0             0             0             0
 DIASTO04           0             0             0             0             0


           BETA
              Q2            Q3            EDUC04        SYSTO04       DIASTO04
              ________      ________      ________      ________      ________
 IB                30            31            32            33            34
 SB                41            42            43            44            45
 ID                52            53            54            55            56
 SD                63            64            65            66            67
 AGE04              0             0             0             0             0
 GENDER             0             0             0             0             0
 KCAL04             0             0             0             0             0
 MET04              0             0             0             0             0
 SMOKE04            0             0             0             0             0
 Q1                 0             0             0             0             0
 Q2                 0             0             0             0             0
 Q3                 0             0             0             0             0
 EDUC04             0             0             0             0             0
 SYSTO04            0             0             0             0             0
 DIASTO04           0             0             0             0             0


           PSI
              IB            SB            ID            SD            AGE04
              ________      ________      ________      ________      ________
 IB                68
 SB                69            70
 ID                71            72            73
 SD                74            75            76            77
 AGE04              0             0             0             0            78
 GENDER             0             0             0             0            79
 KCAL04             0             0             0             0            81
 MET04              0             0             0             0            84
 SMOKE04            0             0             0             0            88
 Q1                 0             0             0             0            93
 Q2                 0             0             0             0            99
 Q3                 0             0             0             0           106
 EDUC04             0             0             0             0           114
 SYSTO04            0             0             0             0           123
 DIASTO04           0             0             0             0           133


           PSI
              GENDER        KCAL04        MET04         SMOKE04       Q1
              ________      ________      ________      ________      ________
 GENDER            80
 KCAL04            82            83
 MET04             85            86            87
 SMOKE04           89            90            91            92
 Q1                94            95            96            97            98
 Q2               100           101           102           103           104
 Q3               107           108           109           110           111
 EDUC04           115           116           117           118           119
 SYSTO04          124           125           126           127           128
 DIASTO04         134           135           136           137           138


           PSI
              Q2            Q3            EDUC04        SYSTO04       DIASTO04
              ________      ________      ________      ________      ________
 Q2               105
 Q3               112           113
 EDUC04           120           121           122
 SYSTO04          129           130           131           132
 DIASTO04         139           140           141           142           143


     STARTING VALUES


           NU
              BMI04         BMI06         BMI09         BMI11         CMFP04
              ________      ________      ________      ________      ________
 1              0.000         0.000         0.000         0.000         0.000


           NU
              CMFP06        CMFP09        CMFP11        AGE04         GENDER
              ________      ________      ________      ________      ________
 1              0.000         0.000         0.000         0.000         0.000


           NU
              KCAL04        MET04         SMOKE04       Q1            Q2
              ________      ________      ________      ________      ________
 1              0.000         0.000         0.000         0.000         0.000


           NU
              Q3            EDUC04        SYSTO04       DIASTO04
              ________      ________      ________      ________
 1              0.000         0.000         0.000         0.000


           LAMBDA
              IB            SB            ID            SD            AGE04
              ________      ________      ________      ________      ________
 BMI04          1.000         0.000         0.000         0.000         0.000
 BMI06          1.000         2.000         0.000         0.000         0.000
 BMI09          1.000         5.000         0.000         0.000         0.000
 BMI11          1.000         7.000         0.000         0.000         0.000
 CMFP04         0.000         0.000         1.000         0.000         0.000
 CMFP06         0.000         0.000         1.000         2.000         0.000
 CMFP09         0.000         0.000         1.000         5.000         0.000
 CMFP11         0.000         0.000         1.000         7.000         0.000
 AGE04          0.000         0.000         0.000         0.000         1.000
 GENDER         0.000         0.000         0.000         0.000         0.000
 KCAL04         0.000         0.000         0.000         0.000         0.000
 MET04          0.000         0.000         0.000         0.000         0.000
 SMOKE04        0.000         0.000         0.000         0.000         0.000
 Q1             0.000         0.000         0.000         0.000         0.000
 Q2             0.000         0.000         0.000         0.000         0.000
 Q3             0.000         0.000         0.000         0.000         0.000
 EDUC04         0.000         0.000         0.000         0.000         0.000
 SYSTO04        0.000         0.000         0.000         0.000         0.000
 DIASTO04       0.000         0.000         0.000         0.000         0.000


           LAMBDA
              GENDER        KCAL04        MET04         SMOKE04       Q1
              ________      ________      ________      ________      ________
 BMI04          0.000         0.000         0.000         0.000         0.000
 BMI06          0.000         0.000         0.000         0.000         0.000
 BMI09          0.000         0.000         0.000         0.000         0.000
 BMI11          0.000         0.000         0.000         0.000         0.000
 CMFP04         0.000         0.000         0.000         0.000         0.000
 CMFP06         0.000         0.000         0.000         0.000         0.000
 CMFP09         0.000         0.000         0.000         0.000         0.000
 CMFP11         0.000         0.000         0.000         0.000         0.000
 AGE04          0.000         0.000         0.000         0.000         0.000
 GENDER         1.000         0.000         0.000         0.000         0.000
 KCAL04         0.000         1.000         0.000         0.000         0.000
 MET04          0.000         0.000         1.000         0.000         0.000
 SMOKE04        0.000         0.000         0.000         1.000         0.000
 Q1             0.000         0.000         0.000         0.000         1.000
 Q2             0.000         0.000         0.000         0.000         0.000
 Q3             0.000         0.000         0.000         0.000         0.000
 EDUC04         0.000         0.000         0.000         0.000         0.000
 SYSTO04        0.000         0.000         0.000         0.000         0.000
 DIASTO04       0.000         0.000         0.000         0.000         0.000


           LAMBDA
              Q2            Q3            EDUC04        SYSTO04       DIASTO04
              ________      ________      ________      ________      ________
 BMI04          0.000         0.000         0.000         0.000         0.000
 BMI06          0.000         0.000         0.000         0.000         0.000
 BMI09          0.000         0.000         0.000         0.000         0.000
 BMI11          0.000         0.000         0.000         0.000         0.000
 CMFP04         0.000         0.000         0.000         0.000         0.000
 CMFP06         0.000         0.000         0.000         0.000         0.000
 CMFP09         0.000         0.000         0.000         0.000         0.000
 CMFP11         0.000         0.000         0.000         0.000         0.000
 AGE04          0.000         0.000         0.000         0.000         0.000
 GENDER         0.000         0.000         0.000         0.000         0.000
 KCAL04         0.000         0.000         0.000         0.000         0.000
 MET04          0.000         0.000         0.000         0.000         0.000
 SMOKE04        0.000         0.000         0.000         0.000         0.000
 Q1             0.000         0.000         0.000         0.000         0.000
 Q2             1.000         0.000         0.000         0.000         0.000
 Q3             0.000         1.000         0.000         0.000         0.000
 EDUC04         0.000         0.000         1.000         0.000         0.000
 SYSTO04        0.000         0.000         0.000         1.000         0.000
 DIASTO04       0.000         0.000         0.000         0.000         1.000


           THETA
              BMI04         BMI06         BMI09         BMI11         CMFP04
              ________      ________      ________      ________      ________
 BMI04          5.617
 BMI06          0.000         6.364
 BMI09          0.000         0.000         5.891
 BMI11          0.000         0.000         0.000        11.820
 CMFP04         0.000         0.000         0.000         0.000        11.601
 CMFP06         0.000         0.000         0.000         0.000         0.000
 CMFP09         0.000         0.000         0.000         0.000         0.000
 CMFP11         0.000         0.000         0.000         0.000         0.000
 AGE04          0.000         0.000         0.000         0.000         0.000
 GENDER         0.000         0.000         0.000         0.000         0.000
 KCAL04         0.000         0.000         0.000         0.000         0.000
 MET04          0.000         0.000         0.000         0.000         0.000
 SMOKE04        0.000         0.000         0.000         0.000         0.000
 Q1             0.000         0.000         0.000         0.000         0.000
 Q2             0.000         0.000         0.000         0.000         0.000
 Q3             0.000         0.000         0.000         0.000         0.000
 EDUC04         0.000         0.000         0.000         0.000         0.000
 SYSTO04        0.000         0.000         0.000         0.000         0.000
 DIASTO04       0.000         0.000         0.000         0.000         0.000


           THETA
              CMFP06        CMFP09        CMFP11        AGE04         GENDER
              ________      ________      ________      ________      ________
 CMFP06        12.501
 CMFP09         0.000        13.465
 CMFP11         0.000         0.000        14.557
 AGE04          0.000         0.000         0.000         0.000
 GENDER         0.000         0.000         0.000         0.000         0.000
 KCAL04         0.000         0.000         0.000         0.000         0.000
 MET04          0.000         0.000         0.000         0.000         0.000
 SMOKE04        0.000         0.000         0.000         0.000         0.000
 Q1             0.000         0.000         0.000         0.000         0.000
 Q2             0.000         0.000         0.000         0.000         0.000
 Q3             0.000         0.000         0.000         0.000         0.000
 EDUC04         0.000         0.000         0.000         0.000         0.000
 SYSTO04        0.000         0.000         0.000         0.000         0.000
 DIASTO04       0.000         0.000         0.000         0.000         0.000


           THETA
              KCAL04        MET04         SMOKE04       Q1            Q2
              ________      ________      ________      ________      ________
 KCAL04         0.000
 MET04          0.000         0.000
 SMOKE04        0.000         0.000         0.000
 Q1             0.000         0.000         0.000         0.000
 Q2             0.000         0.000         0.000         0.000         0.000
 Q3             0.000         0.000         0.000         0.000         0.000
 EDUC04         0.000         0.000         0.000         0.000         0.000
 SYSTO04        0.000         0.000         0.000         0.000         0.000
 DIASTO04       0.000         0.000         0.000         0.000         0.000


           THETA
              Q3            EDUC04        SYSTO04       DIASTO04
              ________      ________      ________      ________
 Q3             0.000
 EDUC04         0.000         0.000
 SYSTO04        0.000         0.000         0.000
 DIASTO04       0.000         0.000         0.000         0.000


           ALPHA
              IB            SB            ID            SD            AGE04
              ________      ________      ________      ________      ________
 1             23.091         0.035        19.070         0.137        47.385


           ALPHA
              GENDER        KCAL04        MET04         SMOKE04       Q1
              ________      ________      ________      ________      ________
 1              1.519      2188.497       118.186         0.334         0.250


           ALPHA
              Q2            Q3            EDUC04        SYSTO04       DIASTO04
              ________      ________      ________      ________      ________
 1              0.250         0.250         1.724       122.224        78.671


           BETA
              IB            SB            ID            SD            AGE04
              ________      ________      ________      ________      ________
 IB             0.000         0.000         0.000         0.000         0.000
 SB             0.000         0.000         0.000         0.000         0.000
 ID             0.000         0.000         0.000         0.000         0.000
 SD             0.000         0.000         0.000         0.000         0.000
 AGE04          0.000         0.000         0.000         0.000         0.000
 GENDER         0.000         0.000         0.000         0.000         0.000
 KCAL04         0.000         0.000         0.000         0.000         0.000
 MET04          0.000         0.000         0.000         0.000         0.000
 SMOKE04        0.000         0.000         0.000         0.000         0.000
 Q1             0.000         0.000         0.000         0.000         0.000
 Q2             0.000         0.000         0.000         0.000         0.000
 Q3             0.000         0.000         0.000         0.000         0.000
 EDUC04         0.000         0.000         0.000         0.000         0.000
 SYSTO04        0.000         0.000         0.000         0.000         0.000
 DIASTO04       0.000         0.000         0.000         0.000         0.000


           BETA
              GENDER        KCAL04        MET04         SMOKE04       Q1
              ________      ________      ________      ________      ________
 IB             0.000         0.000         0.000         0.000         0.000
 SB             0.000         0.000         0.000         0.000         0.000
 ID             0.000         0.000         0.000         0.000         0.000
 SD             0.000         0.000         0.000         0.000         0.000
 AGE04          0.000         0.000         0.000         0.000         0.000
 GENDER         0.000         0.000         0.000         0.000         0.000
 KCAL04         0.000         0.000         0.000         0.000         0.000
 MET04          0.000         0.000         0.000         0.000         0.000
 SMOKE04        0.000         0.000         0.000         0.000         0.000
 Q1             0.000         0.000         0.000         0.000         0.000
 Q2             0.000         0.000         0.000         0.000         0.000
 Q3             0.000         0.000         0.000         0.000         0.000
 EDUC04         0.000         0.000         0.000         0.000         0.000
 SYSTO04        0.000         0.000         0.000         0.000         0.000
 DIASTO04       0.000         0.000         0.000         0.000         0.000


           BETA
              Q2            Q3            EDUC04        SYSTO04       DIASTO04
              ________      ________      ________      ________      ________
 IB             0.000         0.000         0.000         0.000         0.000
 SB             0.000         0.000         0.000         0.000         0.000
 ID             0.000         0.000         0.000         0.000         0.000
 SD             0.000         0.000         0.000         0.000         0.000
 AGE04          0.000         0.000         0.000         0.000         0.000
 GENDER         0.000         0.000         0.000         0.000         0.000
 KCAL04         0.000         0.000         0.000         0.000         0.000
 MET04          0.000         0.000         0.000         0.000         0.000
 SMOKE04        0.000         0.000         0.000         0.000         0.000
 Q1             0.000         0.000         0.000         0.000         0.000
 Q2             0.000         0.000         0.000         0.000         0.000
 Q3             0.000         0.000         0.000         0.000         0.000
 EDUC04         0.000         0.000         0.000         0.000         0.000
 SYSTO04        0.000         0.000         0.000         0.000         0.000
 DIASTO04       0.000         0.000         0.000         0.000         0.000


           PSI
              IB            SB            ID            SD            AGE04
              ________      ________      ________      ________      ________
 IB            11.513
 SB             0.000         0.570
 ID             0.000         0.000        23.353
 SD             0.000         0.000         0.000         6.456
 AGE04          0.000         0.000         0.000         0.000       117.749
 GENDER         0.000         0.000         0.000         0.000         0.000
 KCAL04         0.000         0.000         0.000         0.000         0.000
 MET04          0.000         0.000         0.000         0.000         0.000
 SMOKE04        0.000         0.000         0.000         0.000         0.000
 Q1             0.000         0.000         0.000         0.000         0.000
 Q2             0.000         0.000         0.000         0.000         0.000
 Q3             0.000         0.000         0.000         0.000         0.000
 EDUC04         0.000         0.000         0.000         0.000         0.000
 SYSTO04        0.000         0.000         0.000         0.000         0.000
 DIASTO04       0.000         0.000         0.000         0.000         0.000


           PSI
              GENDER        KCAL04        MET04         SMOKE04       Q1
              ________      ________      ________      ________      ________
 GENDER         0.125
 KCAL04         0.000    229144.438
 MET04          0.000         0.000      6315.442
 SMOKE04        0.000         0.000         0.000         0.138
 Q1             0.000         0.000         0.000         0.000         0.094
 Q2             0.000         0.000         0.000         0.000         0.000
 Q3             0.000         0.000         0.000         0.000         0.000
 EDUC04         0.000         0.000         0.000         0.000         0.000
 SYSTO04        0.000         0.000         0.000         0.000         0.000
 DIASTO04       0.000         0.000         0.000         0.000         0.000


           PSI
              Q2            Q3            EDUC04        SYSTO04       DIASTO04
              ________      ________      ________      ________      ________
 Q2             0.094
 Q3             0.000         0.094
 EDUC04         0.000         0.000         0.876
 SYSTO04        0.000         0.000         0.000       171.913
 DIASTO04       0.000         0.000         0.000         0.000        63.046


TECHNICAL 8 OUTPUT


   E STEP  ITER  LOGLIKELIHOOD    ABS CHANGE   REL CHANGE  ALGORITHM
              1 -0.46667000D+06    0.0000000    0.0000000  EM
              2 -0.42506882D+06 ************    0.0891447  EM
              3 -0.42506882D+06   -0.0000001    0.0000000  EM


DIAGRAM INFORMATION

  Use View Diagram under the Diagram menu in the Mplus Editor to view the diagram.
  If running Mplus from the Mplus Diagrammer, the diagram opens automatically.

  Diagram output
    d:\data\dpmedi\mplus\longitudinal\cmfp bmi mediation ib with sb-no mediation.dgm

     Beginning Time:  10:38:48
        Ending Time:  11:02:43
       Elapsed Time:  00:23:55



MUTHEN & MUTHEN
3463 Stoner Ave.
Los Angeles, CA  90066

Tel: (310) 391-9971
Fax: (310) 391-8971
Web: www.StatModel.com
Support: Support@StatModel.com

Copyright (c) 1998-2015 Muthen & Muthen
