Mplus VERSION 7.4
MUTHEN & MUTHEN
05/16/2019  10:19 PM

INPUT INSTRUCTIONS

  DATA: File is id0411 mplus.csv;

  VARIABLE: Names are IDind WAVE hhid t2 commid age04
                      kcal04 carbo04 fat04 protn04 bmi04
                      hwr04 wc04 diasto04 systo04 smoke04
                      gender educ04 indinc04 index04 met04
                      cmfp04 dash04 ahei04 hbs04 lbs04 dqd04
                      age06 kcal06 carbo06 fat06 protn06 bmi06
                      hwr06 wc06 diasto06 systo06 smoke06
                      educ06 indinc06 index06 met06 cmfp06 dash06
                      ahei06 hbs06 lbs06 dqd06 age09 kcal09 carbo09
                      fat09 protn09 bmi09 hwr09 wc09 diasto09 systo09
                      smoke09 educ09 indinc09 index09 met09 cmfp09
                      dash09 ahei09 hbs09 lbs09 dqd09 age11 kcal11
                      carbo11 fat11 protn11 bmi11 hwr11 wc11 diasto11
                      systo11 smoke11 educ11 indinc11 index11 met11
                      cmfp11 dash11 ahei11 hbs11 lbs11 dqd11 q_index
                       q1 q2 q3 carbo_p protn_p fat_p;

           Usev are  age04 gender kcal04 met04
                     bmi04 bmi06 bmi09 bmi11 smoke04
                     cmfp04 cmfp06 cmfp09 cmfp11
                     educ04 systo04 diasto04 q1 q2 q3;


           Missing are all(999);


  ANALYSIS:
  Type=random;



  MODEL:
  age04 gender kcal04 met04 smoke04
  bmi04 bmi06 bmi09 bmi11 educ04 systo04 diasto04
  cmfp04 cmfp06 cmfp09 cmfp11 q1 q2 q3;

  ib sb | bmi04@0 bmi06@2 bmi09@5 bmi11@7;
  id sd | cmfp04@0 cmfp06@2 cmfp09@5 cmfp11@7;

  ib with sb;
  id with sd;

  id on q1(ai1)
        q2(ai2)
        q3(ai3)
        age04 gender kcal04 met04
        educ04 systo04 diasto04 smoke04;

  sd on q1(as1)
        q2(as2)
        q3(as3)
        age04 gender kcal04 met04
        educ04 systo04 diasto04 smoke04;

  sb on id(bi)
        sd(bs)
        q1(c1)
        q2(c2)
        q3(c3)
        age04 gender kcal04 met04
        educ04 systo04 diasto04 smoke04;


  MODEL CONSTRAINT:
  NEW (ind1 ind2 ind3 di1 di2 di3 to1 to2 to3
   ind_l_1 ind_l_2 ind_l_3
  ind_s_1 ind_s_2 ind_s_3);
  ind1=as1*bs+ai1*bi;
  ind2=as2*bs+ai2*bi;
  ind3=as3*bs+ai3*bi;
  to1=as1*bs+ai1*bi+c1;
  to2=as2*bs+ai2*bi+c2;
  to3=as3*bs+ai3*bi+c3;
  di1=c1;
  di2=c2;
  di3=c3;
  ind_l_1=ai1*bi;
  ind_l_2=ai2*bi;
  ind_l_3=ai3*bi;
  ind_s_1=as1*bs;
  ind_s_2=as2*bs;
  ind_s_3=as3*bs;

  OUTPUT: SAMPSTAT cinterval;



INPUT READING TERMINATED NORMALLY




SUMMARY OF ANALYSIS

Number of groups                                                 1
Number of observations                                        9547

Number of dependent variables                                    8
Number of independent variables                                 11
Number of continuous latent variables                            4

Observed dependent variables

  Continuous
   BMI04       BMI06       BMI09       BMI11       CMFP04      CMFP06
   CMFP09      CMFP11

Observed independent variables
   AGE04       GENDER      KCAL04      MET04       SMOKE04     EDUC04
   SYSTO04     DIASTO04    Q1          Q2          Q3

Continuous latent variables
   IB          SB          ID          SD


Estimator                                                      MLR
Information matrix                                        OBSERVED
Maximum number of iterations                                   100
Convergence criterion                                    0.100D-05
Maximum number of EM iterations                                500
Convergence criteria for the EM algorithm
  Loglikelihood change                                   0.100D-02
  Relative loglikelihood change                          0.100D-05
  Derivative                                             0.100D-03
Minimum variance                                         0.100D-03
Maximum number of steepest descent iterations                   20
Maximum number of iterations for H1                           2000
Convergence criterion for H1                             0.100D-03
Optimization algorithm                                         EMA

Input data file(s)
  id0411 mplus.csv
Input data format  FREE


SUMMARY OF DATA

     Number of missing data patterns           199


COVARIANCE COVERAGE OF DATA

Minimum covariance coverage value   0.100


     PROPORTION OF DATA PRESENT


           Covariance Coverage
              BMI04         BMI06         BMI09         BMI11         CMFP04
              ________      ________      ________      ________      ________
 BMI04          0.928
 BMI06          0.690         0.727
 BMI09          0.589         0.537         0.623
 BMI11          0.533         0.483         0.503         0.564
 CMFP04         0.928         0.727         0.623         0.564         1.000
 CMFP06         0.721         0.717         0.559         0.504         0.769
 CMFP09         0.608         0.553         0.616         0.514         0.648
 CMFP11         0.537         0.486         0.504         0.553         0.571
 AGE04          0.928         0.727         0.623         0.564         1.000
 GENDER         0.928         0.727         0.623         0.564         1.000
 KCAL04         0.928         0.727         0.623         0.564         1.000
 MET04          0.848         0.667         0.576         0.523         0.901
 SMOKE04        0.927         0.722         0.619         0.559         0.988
 EDUC04         0.926         0.722         0.618         0.559         0.987
 SYSTO04        0.927         0.698         0.596         0.539         0.939
 DIASTO04       0.927         0.698         0.596         0.539         0.939
 Q1             0.927         0.726         0.622         0.563         0.999
 Q2             0.927         0.726         0.622         0.563         0.999
 Q3             0.927         0.726         0.622         0.563         0.999


           Covariance Coverage
              CMFP06        CMFP09        CMFP11        AGE04         GENDER
              ________      ________      ________      ________      ________
 CMFP06         0.769
 CMFP09         0.580         0.648
 CMFP11         0.509         0.518         0.571
 AGE04          0.769         0.648         0.571         1.000
 GENDER         0.769         0.648         0.571         1.000         1.000
 KCAL04         0.769         0.648         0.571         1.000         1.000
 MET04          0.703         0.597         0.529         0.901         0.901
 SMOKE04        0.763         0.643         0.566         0.988         0.988
 EDUC04         0.763         0.642         0.566         0.987         0.987
 SYSTO04        0.729         0.615         0.544         0.939         0.939
 DIASTO04       0.729         0.615         0.544         0.939         0.939
 Q1             0.768         0.647         0.570         0.999         0.999
 Q2             0.768         0.647         0.570         0.999         0.999
 Q3             0.768         0.647         0.570         0.999         0.999


           Covariance Coverage
              KCAL04        MET04         SMOKE04       EDUC04        SYSTO04
              ________      ________      ________      ________      ________
 KCAL04         1.000
 MET04          0.901         0.901
 SMOKE04        0.988         0.900         0.988
 EDUC04         0.987         0.899         0.986         0.987
 SYSTO04        0.939         0.857         0.937         0.937         0.939
 DIASTO04       0.939         0.857         0.937         0.937         0.939
 Q1             0.999         0.900         0.987         0.986         0.938
 Q2             0.999         0.900         0.987         0.986         0.938
 Q3             0.999         0.900         0.987         0.986         0.938


           Covariance Coverage
              DIASTO04      Q1            Q2            Q3
              ________      ________      ________      ________
 DIASTO04       0.939
 Q1             0.938         0.999
 Q2             0.938         0.999         0.999
 Q3             0.938         0.999         0.999         0.999


SAMPLE STATISTICS


     ESTIMATED SAMPLE STATISTICS


           Means
              BMI04         BMI06         BMI09         BMI11         CMFP04
              ________      ________      ________      ________      ________
 1             23.026        23.108        23.299        23.746        19.126


           Means
              CMFP06        CMFP09        CMFP11        AGE04         GENDER
              ________      ________      ________      ________      ________
 1             19.192        20.248        21.248        47.385         1.519


           Means
              KCAL04        MET04         SMOKE04       EDUC04        SYSTO04
              ________      ________      ________      ________      ________
 1           2188.497       116.437         0.335         1.729       122.076


           Means
              DIASTO04      Q1            Q2            Q3
              ________      ________      ________      ________
 1             78.635         0.250         0.250         0.250


           Covariances
              BMI04         BMI06         BMI09         BMI11         CMFP04
              ________      ________      ________      ________      ________
 BMI04         11.312
 BMI06          9.985        12.976
 BMI09          9.711         9.875        11.885
 BMI11          9.098         9.361        10.265        23.828
 CMFP04         0.854         0.526         0.356         0.125        23.202
 CMFP06         0.798         0.528         0.298         0.049         6.353
 CMFP09         0.743         0.184         0.301         0.353         6.825
 CMFP11         0.421         0.280         0.084        -0.087         4.063
 AGE04          4.005         1.708        -0.813        -1.775         0.722
 GENDER         0.048         0.048         0.028        -0.014         0.082
 KCAL04        54.532        96.859        96.338       165.584        77.042
 MET04        -19.495       -11.007        -8.510        -6.449        -9.926
 SMOKE04       -0.092        -0.104        -0.103        -0.050        -0.103
 EDUC04         0.056         0.053         0.095         0.184         0.849
 SYSTO04       16.437        14.319        12.016        10.069         0.545
 DIASTO04      10.681         9.731         8.986         8.236        -0.894
 Q1            -0.070        -0.071        -0.032        -0.032        -0.083
 Q2             0.106         0.127         0.100         0.091        -0.016
 Q3             0.089         0.041         0.033         0.040         0.426


           Covariances
              CMFP06        CMFP09        CMFP11        AGE04         GENDER
              ________      ________      ________      ________      ________
 CMFP06        25.032
 CMFP09         6.344        27.092
 CMFP11         5.563         6.857        29.282
 AGE04          0.945        -3.138        -5.908       235.499
 GENDER         0.058         0.104         0.069         0.199         0.250
 KCAL04        90.300         2.556      -242.354     -1363.375       -91.666
 MET04        -19.225       -24.323       -16.376      -420.187        -8.104
 SMOKE04       -0.064        -0.079        -0.089         0.284        -0.150
 EDUC04         0.962         1.384         1.090        -8.217        -0.129
 SYSTO04        0.452        -0.188        -1.103       117.547        -0.814
 DIASTO04       0.169         0.030         1.213        35.923        -0.691
 Q1            -0.083        -0.152        -0.032        -0.282        -0.002
 Q2             0.020         0.052        -0.006         0.044         0.000
 Q3             0.472         0.586         0.457         0.451         0.003


           Covariances
              KCAL04        MET04         SMOKE04       EDUC04        SYSTO04
              ________      ________      ________      ________      ________
 KCAL04    458288.862
 MET04      15958.474     12717.872
 SMOKE04       57.580         4.824         0.276
 EDUC04        78.466        -1.603         0.042         1.755
 SYSTO04     -956.239      -277.472         0.675        -3.744       345.168
 DIASTO04    -283.696       -84.698         0.448        -0.820       148.473
 Q1            13.587         5.209         0.003        -0.090        -0.169
 Q2            -6.233        -5.772         0.001         0.025         0.393
 Q3           -19.117        -9.882        -0.007         0.183         0.342


           Covariances
              DIASTO04      Q1            Q2            Q3
              ________      ________      ________      ________
 DIASTO04     126.202
 Q1            -0.067         0.188
 Q2             0.367        -0.063         0.188
 Q3            -0.010        -0.063        -0.062         0.188


           Correlations
              BMI04         BMI06         BMI09         BMI11         CMFP04
              ________      ________      ________      ________      ________
 BMI04          1.000
 BMI06          0.824         1.000
 BMI09          0.838         0.795         1.000
 BMI11          0.554         0.532         0.610         1.000
 CMFP04         0.053         0.030         0.021         0.005         1.000
 CMFP06         0.047         0.029         0.017         0.002         0.264
 CMFP09         0.042         0.010         0.017         0.014         0.272
 CMFP11         0.023         0.014         0.005        -0.003         0.156
 AGE04          0.078         0.031        -0.015        -0.024         0.010
 GENDER         0.028         0.027         0.016        -0.006         0.034
 KCAL04         0.024         0.040         0.041         0.050         0.024
 MET04         -0.051        -0.027        -0.022        -0.012        -0.018
 SMOKE04       -0.052        -0.055        -0.057        -0.019        -0.041
 EDUC04         0.013         0.011         0.021         0.028         0.133
 SYSTO04        0.263         0.214         0.188         0.111         0.006
 DIASTO04       0.283         0.240         0.232         0.150        -0.017
 Q1            -0.048        -0.045        -0.021        -0.015        -0.040
 Q2             0.073         0.081         0.067         0.043        -0.008
 Q3             0.061         0.026         0.022         0.019         0.204


           Correlations
              CMFP06        CMFP09        CMFP11        AGE04         GENDER
              ________      ________      ________      ________      ________
 CMFP06         1.000
 CMFP09         0.244         1.000
 CMFP11         0.205         0.243         1.000
 AGE04          0.012        -0.039        -0.071         1.000
 GENDER         0.023         0.040         0.026         0.026         1.000
 KCAL04         0.027         0.001        -0.066        -0.131        -0.271
 MET04         -0.034        -0.041        -0.027        -0.243        -0.144
 SMOKE04       -0.024        -0.029        -0.031         0.035        -0.572
 EDUC04         0.145         0.201         0.152        -0.404        -0.196
 SYSTO04        0.005        -0.002        -0.011         0.412        -0.088
 DIASTO04       0.003         0.001         0.020         0.208        -0.123
 Q1            -0.038        -0.068        -0.014        -0.042        -0.009
 Q2             0.009         0.023        -0.003         0.007         0.002
 Q3             0.218         0.260         0.195         0.068         0.014


           Correlations
              KCAL04        MET04         SMOKE04       EDUC04        SYSTO04
              ________      ________      ________      ________      ________
 KCAL04         1.000
 MET04          0.209         1.000
 SMOKE04        0.162         0.081         1.000
 EDUC04         0.087        -0.011         0.060         1.000
 SYSTO04       -0.076        -0.132         0.069        -0.152         1.000
 DIASTO04      -0.037        -0.067         0.076        -0.055         0.711
 Q1             0.046         0.107         0.014        -0.157        -0.021
 Q2            -0.021        -0.118         0.006         0.044         0.049
 Q3            -0.065        -0.202        -0.031         0.318         0.042


           Correlations
              DIASTO04      Q1            Q2            Q3
              ________      ________      ________      ________
 DIASTO04       1.000
 Q1            -0.014         1.000
 Q2             0.075        -0.333         1.000
 Q3            -0.002        -0.333        -0.333         1.000


     MAXIMUM LOG-LIKELIHOOD VALUE FOR THE UNRESTRICTED (H1) MODEL IS -426167.447


UNIVARIATE SAMPLE STATISTICS


     UNIVARIATE HIGHER-ORDER MOMENT DESCRIPTIVE STATISTICS

         Variable/         Mean/     Skewness/   Minimum/ % with                Percentiles
        Sample Size      Variance    Kurtosis    Maximum  Min/Max      20%/60%    40%/80%    Median

     BMI04                23.021       0.585      12.415    0.01%      20.189     21.861     22.673
            8858.000      11.235       0.546      41.322    0.01%      23.543     25.712
     BMI06                23.179       4.577      13.240    0.01%      20.344     22.042     22.857
            6938.000      12.729     126.919     132.544    0.01%      23.684     25.810
     BMI09                23.342       0.482      13.700    0.02%      20.415     22.215     23.111
            5949.000      11.781       0.401      42.590    0.02%      23.979     26.148
     BMI11                23.797       9.794       4.826    0.02%      20.644     22.491     23.378
            5386.000      23.639     280.882     190.972    0.02%      24.235     26.438
     CMFP04               19.126       0.459       5.984    0.01%      15.138     17.120     18.684
            9547.000      23.202       0.329      40.693    0.01%      20.000     22.738
     CMFP06               19.200       0.404       0.000    0.01%      14.898     17.463     18.949
            7338.000      25.002       0.172      39.201    0.01%      20.105     23.221
     CMFP09               20.138       0.441       5.491    0.02%      15.675     18.223     19.630
            6185.000      26.930       0.066      43.091    0.02%      21.085     24.526
     CMFP11               21.078       0.322       5.730    0.02%      16.516     19.169     20.693
            5452.000      29.113      -0.189      43.083    0.02%      22.000     25.791
     AGE04                47.385       0.238      18.000    1.13%      33.000     42.000     47.000
            9547.000     235.499      -0.539      97.000    0.01%      51.000     61.000
     GENDER                1.519      -0.076       1.000   48.11%       1.000      1.000      2.000
            9547.000       0.250      -1.994       2.000   51.89%       2.000      2.000
     KCAL04             2188.497       0.630      50.891    0.01%    1615.771   1974.357   2128.274
            9547.000  458288.862       1.113    6053.592    0.01%    2307.147   2719.569
     MET04               118.186       1.345       0.000    4.03%      20.460     52.675     84.047
            8604.000   12630.885       4.075    1582.256    0.01%     117.500    211.287
     SMOKE04               0.334       3.823       0.000   67.14%       0.000      0.000      0.000
            9429.000       0.276      52.882       9.000    0.07%       0.000      1.000
     EDUC04                1.724       0.539       0.000   21.26%       0.000      1.000      2.000
            9422.000       1.752      -0.205       6.000    0.02%       2.000      3.000
     SYSTO04             122.224       1.153      70.667    0.01%     108.667    117.333    120.000
            8960.000     343.826       2.613     230.000    0.01%     122.000    134.000
     DIASTO04             78.671       0.598      15.000    0.01%      70.000     76.667     79.333
            8960.000     126.092       1.936     141.333    0.01%      80.000     87.333
     Q1                    0.250       1.155       0.000   75.00%       0.000      0.000      0.000
            9539.000       0.188      -0.667       1.000   25.00%       0.000      1.000
     Q2                    0.250       1.155       0.000   75.00%       0.000      0.000      0.000
            9539.000       0.188      -0.667       1.000   25.00%       0.000      1.000
     Q3                    0.250       1.155       0.000   75.01%       0.000      0.000      0.000
            9539.000       0.187      -0.666       1.000   24.99%       0.000      1.000

     THE STANDARD ERRORS OF THE MODEL PARAMETER ESTIMATES MAY NOT BE
     TRUSTWORTHY FOR SOME PARAMETERS DUE TO A NON-POSITIVE DEFINITE
     FIRST-ORDER DERIVATIVE PRODUCT MATRIX.  THIS MAY BE DUE TO THE STARTING
     VALUES BUT MAY ALSO BE AN INDICATION OF MODEL NONIDENTIFICATION.  THE
     CONDITION NUMBER IS      -0.140D-18.  PROBLEM INVOLVING THE FOLLOWING PARAMETER:
     Parameter 139, Q3 WITH Q1


THE MODEL ESTIMATION TERMINATED NORMALLY



MODEL FIT INFORMATION

Number of Free Parameters                      141

Loglikelihood

          H0 Value                     -426298.113
          H0 Scaling Correction Factor      9.4713
            for MLR
          H1 Value                     -426167.447
          H1 Scaling Correction Factor      6.7130
            for MLR

Information Criteria

          Akaike (AIC)                  852878.227
          Bayesian (BIC)                853888.348
          Sample-Size Adjusted BIC      853440.272
            (n* = (n + 2) / 24)

Chi-Square Test of Model Fit

          Value                            263.019*
          Degrees of Freedom                    68
          P-Value                           0.0000
          Scaling Correction Factor         0.9936
            for MLR

*   The chi-square value for MLM, MLMV, MLR, ULSMV, WLSM and WLSMV cannot be used
    for chi-square difference testing in the regular way.  MLM, MLR and WLSM
    chi-square difference testing is described on the Mplus website.  MLMV, WLSMV,
    and ULSMV difference testing is done using the DIFFTEST option.

RMSEA (Root Mean Square Error Of Approximation)

          Estimate                           0.017

CFI/TLI

          CFI                                0.971
          TLI                                0.927

Chi-Square Test of Model Fit for the Baseline Model

          Value                           6882.081
          Degrees of Freedom                   171
          P-Value                           0.0000

SRMR (Standardized Root Mean Square Residual)

          Value                              0.010



MODEL RESULTS

                                                    Two-Tailed
                    Estimate       S.E.  Est./S.E.    P-Value

 IB       |
    BMI04              1.000      0.000    999.000    999.000
    BMI06              1.000      0.000    999.000    999.000
    BMI09              1.000      0.000    999.000    999.000
    BMI11              1.000      0.000    999.000    999.000

 SB       |
    BMI04              0.000      0.000    999.000    999.000
    BMI06              2.000      0.000    999.000    999.000
    BMI09              5.000      0.000    999.000    999.000
    BMI11              7.000      0.000    999.000    999.000

 ID       |
    CMFP04             1.000      0.000    999.000    999.000
    CMFP06             1.000      0.000    999.000    999.000
    CMFP09             1.000      0.000    999.000    999.000
    CMFP11             1.000      0.000    999.000    999.000

 SD       |
    CMFP04             0.000      0.000    999.000    999.000
    CMFP06             2.000      0.000    999.000    999.000
    CMFP09             5.000      0.000    999.000    999.000
    CMFP11             7.000      0.000    999.000    999.000

 SB         ON
    ID                -0.013      0.004     -3.728      0.000
    SD                -0.042      0.063     -0.663      0.507

 ID         ON
    Q1                 1.032      0.109      9.494      0.000
    Q2                 1.313      0.120     10.985      0.000
    Q3                 2.868      0.144     19.926      0.000
    AGE04              0.017      0.004      4.683      0.000
    GENDER             0.526      0.113      4.671      0.000
    KCAL04             0.000      0.000      5.907      0.000
    MET04              0.002      0.000      3.914      0.000
    EDUC04             0.352      0.044      7.913      0.000
    SYSTO04            0.006      0.004      1.499      0.134
    DIASTO04          -0.013      0.006     -2.239      0.025
    SMOKE04           -0.170      0.095     -1.793      0.073

 SD         ON
    Q1                 0.070      0.027      2.617      0.009
    Q2                 0.075      0.029      2.575      0.010
    Q3                 0.114      0.035      3.258      0.001
    AGE04             -0.004      0.001     -4.783      0.000
    GENDER             0.001      0.028      0.044      0.965
    KCAL04             0.000      0.000     -5.602      0.000
    MET04              0.000      0.000     -0.471      0.638
    EDUC04             0.004      0.010      0.427      0.669
    SYSTO04           -0.002      0.001     -1.733      0.083
    DIASTO04           0.005      0.001      3.296      0.001
    SMOKE04            0.030      0.025      1.204      0.229

 SB         ON
    Q1                 0.028      0.014      2.050      0.040
    Q2                 0.012      0.016      0.747      0.455
    Q3                 0.007      0.021      0.357      0.721
    AGE04             -0.004      0.000     -7.361      0.000
    GENDER            -0.029      0.012     -2.344      0.019
    KCAL04             0.000      0.000      0.672      0.502
    MET04              0.000      0.000     -0.362      0.718
    EDUC04            -0.008      0.004     -1.856      0.063
    SYSTO04           -0.001      0.000     -3.286      0.001
    DIASTO04           0.000      0.001     -0.336      0.737
    SMOKE04           -0.015      0.012     -1.335      0.182

 IB       WITH
    SB                -0.092      0.027     -3.372      0.001

 ID       WITH
    SD                -0.291      0.080     -3.652      0.000

 AGE04    WITH
    IB                 3.951      0.571      6.924      0.000

 GENDER   WITH
    IB                 0.049      0.017      2.846      0.004

 KCAL04   WITH
    IB                56.485     24.146      2.339      0.019

 MET04    WITH
    IB               -18.944      4.025     -4.707      0.000

 SMOKE04  WITH
    IB                -0.094      0.016     -5.686      0.000

 EDUC04   WITH
    IB                 0.053      0.047      1.133      0.257

 SYSTO04  WITH
    IB                16.404      0.735     22.311      0.000

 DIASTO04 WITH
    IB                10.648      0.435     24.497      0.000

 Q1       WITH
    IB                -0.073      0.015     -4.898      0.000

 Q2       WITH
    IB                 0.109      0.015      7.072      0.000

 Q3       WITH
    IB                 0.086      0.015      5.635      0.000

 GENDER   WITH
    AGE04              0.199      0.078      2.534      0.011

 KCAL04   WITH
    AGE04          -1363.375    109.938    -12.401      0.000
    GENDER           -91.666      3.352    -27.349      0.000

 MET04    WITH
    AGE04           -420.170     17.629    -23.833      0.000
    GENDER            -8.105      0.605    -13.396      0.000
    KCAL04         15953.910    878.461     18.161      0.000

 SMOKE04  WITH
    AGE04              0.284      0.081      3.518      0.000
    GENDER            -0.150      0.002    -65.851      0.000
    KCAL04            57.581      3.570     16.130      0.000
    MET04              4.826      0.652      7.399      0.000

 EDUC04   WITH
    AGE04             -8.218      0.213    -38.530      0.000
    GENDER            -0.129      0.007    -19.426      0.000
    KCAL04            78.463      8.971      8.747      0.000
    MET04             -1.600      1.356     -1.179      0.238
    SMOKE04            0.042      0.006      6.491      0.000

 SYSTO04  WITH
    AGE04            117.532      3.263     36.023      0.000
    GENDER            -0.814      0.097     -8.431      0.000
    KCAL04          -955.936    132.381     -7.221      0.000
    MET04           -277.252     22.015    -12.594      0.000
    SMOKE04            0.674      0.112      6.018      0.000
    EDUC04            -3.746      0.271    -13.828      0.000

 DIASTO04 WITH
    AGE04             35.923      1.850     19.418      0.000
    GENDER            -0.691      0.059    -11.801      0.000
    KCAL04          -283.713     85.219     -3.329      0.001
    MET04            -84.599     13.622     -6.211      0.000
    SMOKE04            0.448      0.059      7.607      0.000
    EDUC04            -0.820      0.158     -5.204      0.000
    SYSTO04          148.464      3.546     41.867      0.000

 Q1       WITH
    AGE04             -0.282      0.066     -4.310      0.000
    GENDER            -0.002      0.002     -0.834      0.404
    KCAL04            13.586      3.041      4.468      0.000
    MET04              5.211      0.530      9.840      0.000
    SMOKE04            0.003      0.002      1.467      0.142
    EDUC04            -0.090      0.005    -17.575      0.000
    SYSTO04           -0.170      0.086     -1.982      0.047
    DIASTO04          -0.068      0.054     -1.244      0.214

 Q2       WITH
    AGE04              0.044      0.069      0.636      0.525
    GENDER             0.000      0.002      0.204      0.839
    KCAL04            -6.232      2.914     -2.139      0.032
    MET04             -5.774      0.479    -12.063      0.000
    SMOKE04            0.001      0.003      0.526      0.599
    EDUC04             0.025      0.006      4.264      0.000
    SYSTO04            0.394      0.085      4.647      0.000
    DIASTO04           0.367      0.051      7.206      0.000
    Q1                -0.063      0.001    -48.835      0.000

 Q3       WITH
    AGE04              0.451      0.070      6.437      0.000
    GENDER             0.003      0.002      1.324      0.186
    KCAL04           -19.120      2.958     -6.464      0.000
    MET04             -9.879      0.438    -22.558      0.000
    SMOKE04           -0.007      0.002     -3.069      0.002
    EDUC04             0.183      0.007     27.122      0.000
    SYSTO04            0.342      0.084      4.093      0.000
    DIASTO04          -0.010      0.048     -0.214      0.831
    Q1                -0.063      0.001    -48.818      0.000
    Q2                -0.062      0.001    -48.789      0.000

 Means
    AGE04             47.385      0.157    301.706      0.000
    GENDER             1.519      0.005    297.033      0.000
    KCAL04          2188.497      6.928    315.871      0.000
    MET04            116.448      1.200     97.073      0.000
    SMOKE04            0.335      0.005     61.980      0.000
    EDUC04             1.729      0.014    127.049      0.000
    SYSTO04          122.076      0.193    630.932      0.000
    DIASTO04          78.634      0.118    666.311      0.000
    Q1                 0.250      0.004     56.389      0.000
    Q2                 0.250      0.004     56.393      0.000
    Q3                 0.250      0.004     56.413      0.000
    IB                23.016      0.035    654.130      0.000

 Intercepts
    BMI04              0.000      0.000    999.000    999.000
    BMI06              0.000      0.000    999.000    999.000
    BMI09              0.000      0.000    999.000    999.000
    BMI11              0.000      0.000    999.000    999.000
    CMFP04             0.000      0.000    999.000    999.000
    CMFP06             0.000      0.000    999.000    999.000
    CMFP09             0.000      0.000    999.000    999.000
    CMFP11             0.000      0.000    999.000    999.000
    SB                 0.726      0.090      8.053      0.000
    ID                14.723      0.490     30.022      0.000
    SD                 0.444      0.118      3.770      0.000

 Variances
    AGE04            235.499      2.913     80.832      0.000
    GENDER             0.250      0.000   1291.078      0.000
    KCAL04         *********   8275.760     55.377      0.000
    MET04          12717.432    337.187     37.716      0.000
    SMOKE04            0.276      0.021     13.107      0.000
    EDUC04             1.755      0.024     72.450      0.000
    SYSTO04          345.143      7.846     43.992      0.000
    DIASTO04         126.199      2.647     47.678      0.000
    Q1                 0.188      0.002     84.582      0.000
    Q2                 0.188      0.002     84.596      0.000
    Q3                 0.188      0.002     84.530      0.000
    IB                10.333      0.220     46.898      0.000

 Residual Variances
    BMI04              0.968      0.127      7.643      0.000
    BMI06              3.132      1.764      1.776      0.076
    BMI09              1.539      0.090     17.014      0.000
    BMI11             13.572      5.839      2.325      0.020
    CMFP04            16.331      0.455     35.894      0.000
    CMFP06            18.830      0.374     50.363      0.000
    CMFP09            19.716      0.442     44.599      0.000
    CMFP11            22.679      0.639     35.515      0.000
    SB                 0.045      0.004     10.200      0.000
    ID                 5.454      0.405     13.459      0.000
    SD                 0.073      0.020      3.570      0.000

New/Additional Parameters
    IND1              -0.016      0.007     -2.324      0.020
    IND2              -0.020      0.008     -2.469      0.014
    IND3              -0.042      0.015     -2.788      0.005
    DI1                0.028      0.014      2.050      0.040
    DI2                0.012      0.016      0.747      0.455
    DI3                0.007      0.021      0.357      0.721
    TO1                0.012      0.012      0.962      0.336
    TO2               -0.008      0.014     -0.588      0.556
    TO3               -0.035      0.016     -2.215      0.027
    IND_L_1           -0.014      0.004     -3.480      0.001
    IND_L_2           -0.017      0.005     -3.542      0.000
    IND_L_3           -0.038      0.010     -3.659      0.000
    IND_S_1           -0.003      0.005     -0.644      0.520
    IND_S_2           -0.003      0.005     -0.642      0.521
    IND_S_3           -0.005      0.007     -0.648      0.517


QUALITY OF NUMERICAL RESULTS

     Condition Number for the Information Matrix              0.366E-09
       (ratio of smallest to largest eigenvalue)


CONFIDENCE INTERVALS OF MODEL RESULTS

                  Lower .5%  Lower 2.5%    Lower 5%    Estimate    Upper 5%  Upper 2.5%   Upper .5%

 IB       |
    BMI04            1.000       1.000       1.000       1.000       1.000       1.000       1.000
    BMI06            1.000       1.000       1.000       1.000       1.000       1.000       1.000
    BMI09            1.000       1.000       1.000       1.000       1.000       1.000       1.000
    BMI11            1.000       1.000       1.000       1.000       1.000       1.000       1.000

 SB       |
    BMI04            0.000       0.000       0.000       0.000       0.000       0.000       0.000
    BMI06            2.000       2.000       2.000       2.000       2.000       2.000       2.000
    BMI09            5.000       5.000       5.000       5.000       5.000       5.000       5.000
    BMI11            7.000       7.000       7.000       7.000       7.000       7.000       7.000

 ID       |
    CMFP04           1.000       1.000       1.000       1.000       1.000       1.000       1.000
    CMFP06           1.000       1.000       1.000       1.000       1.000       1.000       1.000
    CMFP09           1.000       1.000       1.000       1.000       1.000       1.000       1.000
    CMFP11           1.000       1.000       1.000       1.000       1.000       1.000       1.000

 SD       |
    CMFP04           0.000       0.000       0.000       0.000       0.000       0.000       0.000
    CMFP06           2.000       2.000       2.000       2.000       2.000       2.000       2.000
    CMFP09           5.000       5.000       5.000       5.000       5.000       5.000       5.000
    CMFP11           7.000       7.000       7.000       7.000       7.000       7.000       7.000

 SB       ON
    ID              -0.022      -0.020      -0.019      -0.013      -0.007      -0.006      -0.004
    SD              -0.203      -0.164      -0.145      -0.042       0.062       0.081       0.120

 ID       ON
    Q1               0.752       0.819       0.853       1.032       1.211       1.245       1.312
    Q2               1.005       1.079       1.117       1.313       1.510       1.548       1.621
    Q3               2.497       2.586       2.631       2.868       3.105       3.150       3.239
    AGE04            0.008       0.010       0.011       0.017       0.023       0.024       0.027
    GENDER           0.236       0.305       0.341       0.526       0.711       0.747       0.816
    KCAL04           0.000       0.000       0.000       0.000       0.001       0.001       0.001
    MET04            0.001       0.001       0.001       0.002       0.003       0.003       0.003
    EDUC04           0.237       0.265       0.279       0.352       0.425       0.439       0.466
    SYSTO04         -0.004      -0.002      -0.001       0.006       0.012       0.013       0.015
    DIASTO04        -0.028      -0.024      -0.023      -0.013      -0.003      -0.002       0.002
    SMOKE04         -0.415      -0.357      -0.327      -0.170      -0.014       0.016       0.074

 SD       ON
    Q1               0.001       0.018       0.026       0.070       0.114       0.122       0.139
    Q2               0.000       0.018       0.027       0.075       0.124       0.133       0.151
    Q3               0.024       0.046       0.057       0.114       0.172       0.183       0.205
    AGE04           -0.007      -0.006      -0.006      -0.004      -0.003      -0.003      -0.002
    GENDER          -0.070      -0.053      -0.044       0.001       0.047       0.055       0.072
    KCAL04           0.000       0.000       0.000       0.000       0.000       0.000       0.000
    MET04            0.000       0.000       0.000       0.000       0.000       0.000       0.000
    EDUC04          -0.022      -0.016      -0.013       0.004       0.022       0.025       0.031
    SYSTO04         -0.004      -0.003      -0.003      -0.002       0.000       0.000       0.001
    DIASTO04         0.001       0.002       0.002       0.005       0.007       0.007       0.008
    SMOKE04         -0.034      -0.019      -0.011       0.030       0.071       0.079       0.094

 SB       ON
    Q1              -0.007       0.001       0.006       0.028       0.051       0.055       0.064
    Q2              -0.029      -0.019      -0.014       0.012       0.038       0.043       0.053
    Q3              -0.046      -0.033      -0.027       0.007       0.042       0.048       0.061
    AGE04           -0.005      -0.005      -0.004      -0.004      -0.003      -0.003      -0.002
    GENDER          -0.061      -0.054      -0.050      -0.029      -0.009      -0.005       0.003
    KCAL04           0.000       0.000       0.000       0.000       0.000       0.000       0.000
    MET04            0.000       0.000       0.000       0.000       0.000       0.000       0.000
    EDUC04          -0.020      -0.017      -0.015      -0.008      -0.001       0.000       0.003
    SYSTO04         -0.003      -0.002      -0.002      -0.001      -0.001      -0.001       0.000
    DIASTO04        -0.002      -0.002      -0.001       0.000       0.001       0.001       0.002
    SMOKE04         -0.045      -0.038      -0.034      -0.015       0.004       0.007       0.014

 IB       WITH
    SB              -0.162      -0.145      -0.137      -0.092      -0.047      -0.038      -0.022

 ID       WITH
    SD              -0.496      -0.447      -0.422      -0.291      -0.160      -0.135      -0.086

 AGE04    WITH
    IB               2.481       2.833       3.013       3.951       4.890       5.070       5.421

 GENDER   WITH
    IB               0.005       0.015       0.021       0.049       0.078       0.083       0.094

 KCAL04   WITH
    IB              -5.711       9.158      16.764      56.485      96.206     103.812     118.681

 MET04    WITH
    IB             -29.311     -26.833     -25.565     -18.944     -12.324     -11.056      -8.578

 SMOKE04  WITH
    IB              -0.136      -0.126      -0.121      -0.094      -0.067      -0.061      -0.051

 EDUC04   WITH
    IB              -0.068      -0.039      -0.024       0.053       0.131       0.146       0.175

 SYSTO04  WITH
    IB              14.510      14.963      15.194      16.404      17.613      17.845      18.298

 DIASTO04 WITH
    IB               9.529       9.796       9.933      10.648      11.363      11.500      11.768

 Q1       WITH
    IB              -0.111      -0.102      -0.097      -0.073      -0.048      -0.044      -0.034

 Q2       WITH
    IB               0.070       0.079       0.084       0.109       0.135       0.140       0.149

 Q3       WITH
    IB               0.047       0.056       0.061       0.086       0.111       0.116       0.125

 GENDER   WITH
    AGE04           -0.003       0.045       0.070       0.199       0.328       0.352       0.401

 KCAL04   WITH
    AGE04        -1646.553   -1578.854   -1544.223   -1363.375   -1182.526   -1147.896   -1080.196
    GENDER        -100.299     -98.235     -97.179     -91.666     -86.152     -85.097     -83.033

 MET04    WITH
    AGE04         -465.580    -454.723    -449.170    -420.170    -391.170    -385.616    -374.760
    GENDER          -9.664      -9.291      -9.101      -8.105      -7.110      -6.919      -6.547
    KCAL04       13691.170   14232.127   14508.842   15953.910   17398.979   17675.693   18216.650

 SMOKE04  WITH
    AGE04            0.076       0.126       0.151       0.284       0.417       0.443       0.492
    GENDER          -0.156      -0.155      -0.154      -0.150      -0.147      -0.146      -0.144
    KCAL04          48.386      50.584      51.709      57.581      63.453      64.578      66.776
    MET04            3.146       3.547       3.753       4.826       5.899       6.104       6.506

 EDUC04   WITH
    AGE04           -8.768      -8.636      -8.569      -8.218      -7.867      -7.800      -7.669
    GENDER          -0.147      -0.142      -0.140      -0.129      -0.118      -0.116      -0.112
    KCAL04          55.356      60.880      63.706      78.463      93.220      96.046     101.570
    MET04           -5.093      -4.258      -3.831      -1.600       0.632       1.059       1.894
    SMOKE04          0.025       0.029       0.031       0.042       0.052       0.054       0.058

 SYSTO04  WITH
    AGE04          109.128     111.138     112.165     117.532     122.899     123.927     125.936
    GENDER          -1.063      -1.003      -0.973      -0.814      -0.655      -0.625      -0.565
    KCAL04       -1296.924   -1215.403   -1173.703    -955.936    -738.169    -696.469    -614.949
    MET04         -333.960    -320.402    -313.468    -277.252    -241.037    -234.102    -220.545
    SMOKE04          0.386       0.455       0.490       0.674       0.858       0.894       0.963
    EDUC04          -4.443      -4.276      -4.191      -3.746      -3.300      -3.215      -3.048

 DIASTO04 WITH
    AGE04           31.158      32.297      32.880      35.923      38.966      39.549      40.688
    GENDER          -0.842      -0.805      -0.787      -0.691      -0.594      -0.576      -0.540
    KCAL04        -503.220    -450.742    -423.898    -283.713    -143.527    -116.683     -64.205
    MET04         -119.686    -111.297    -107.007     -84.599     -62.191     -57.900     -49.512
    SMOKE04          0.296       0.333       0.351       0.448       0.545       0.564       0.600
    EDUC04          -1.226      -1.129      -1.080      -0.820      -0.561      -0.511      -0.414
    SYSTO04        139.330     141.514     142.631     148.464     154.298     155.415     157.598

 Q1       WITH
    AGE04           -0.451      -0.411      -0.390      -0.282      -0.175      -0.154      -0.114
    GENDER          -0.008      -0.006      -0.005      -0.002       0.002       0.002       0.004
    KCAL04           5.754       7.626       8.584      13.586      18.588      19.546      21.419
    MET04            3.847       4.173       4.340       5.211       6.083       6.250       6.576
    SMOKE04         -0.002      -0.001       0.000       0.003       0.007       0.008       0.009
    EDUC04          -0.104      -0.100      -0.099      -0.090      -0.082      -0.080      -0.077
    SYSTO04         -0.391      -0.338      -0.311      -0.170      -0.029      -0.002       0.051
    DIASTO04        -0.208      -0.174      -0.157      -0.068       0.022       0.039       0.072

 Q2       WITH
    AGE04           -0.135      -0.092      -0.070       0.044       0.158       0.180       0.223
    GENDER          -0.005      -0.004      -0.003       0.000       0.004       0.005       0.006
    KCAL04         -13.737     -11.943     -11.025      -6.232      -1.439      -0.521       1.273
    MET04           -7.007      -6.713      -6.562      -5.774      -4.987      -4.836      -4.541
    SMOKE04         -0.005      -0.004      -0.003       0.001       0.005       0.006       0.008
    EDUC04           0.010       0.014       0.016       0.025       0.035       0.037       0.041
    SYSTO04          0.175       0.228       0.254       0.394       0.533       0.560       0.612
    DIASTO04         0.236       0.267       0.283       0.367       0.451       0.467       0.498
    Q1              -0.066      -0.065      -0.065      -0.063      -0.060      -0.060      -0.059

 Q3       WITH
    AGE04            0.270       0.314       0.336       0.451       0.566       0.588       0.631
    GENDER          -0.003      -0.001      -0.001       0.003       0.007       0.007       0.009
    KCAL04         -26.739     -24.917     -23.985     -19.120     -14.254     -13.322     -11.501
    MET04          -11.007     -10.737     -10.599      -9.879      -9.159      -9.021      -8.751
    SMOKE04         -0.013      -0.012      -0.011      -0.007      -0.003      -0.003      -0.001
    EDUC04           0.165       0.170       0.172       0.183       0.194       0.196       0.200
    SYSTO04          0.127       0.178       0.205       0.342       0.479       0.506       0.557
    DIASTO04        -0.135      -0.105      -0.090      -0.010       0.069       0.084       0.114
    Q1              -0.066      -0.065      -0.065      -0.063      -0.060      -0.060      -0.059
    Q2              -0.066      -0.065      -0.065      -0.062      -0.060      -0.060      -0.059

 Means
    AGE04           46.981      47.078      47.127      47.385      47.644      47.693      47.790
    GENDER           1.506       1.509       1.510       1.519       1.527       1.529       1.532
    KCAL04        2170.651    2174.917    2177.100    2188.497    2199.894    2202.077    2206.343
    MET04          113.358     114.097     114.475     116.448     118.421     118.799     119.538
    SMOKE04          0.321       0.324       0.326       0.335       0.344       0.345       0.349
    EDUC04           1.694       1.702       1.706       1.729       1.751       1.755       1.764
    SYSTO04        121.578     121.697     121.758     122.076     122.394     122.455     122.574
    DIASTO04        78.330      78.403      78.440      78.634      78.829      78.866      78.938
    Q1               0.239       0.241       0.243       0.250       0.257       0.259       0.261
    Q2               0.239       0.241       0.243       0.250       0.257       0.259       0.261
    Q3               0.239       0.242       0.243       0.250       0.258       0.259       0.262
    IB              22.925      22.947      22.958      23.016      23.074      23.085      23.106

 Intercepts
    BMI04            0.000       0.000       0.000       0.000       0.000       0.000       0.000
    BMI06            0.000       0.000       0.000       0.000       0.000       0.000       0.000
    BMI09            0.000       0.000       0.000       0.000       0.000       0.000       0.000
    BMI11            0.000       0.000       0.000       0.000       0.000       0.000       0.000
    CMFP04           0.000       0.000       0.000       0.000       0.000       0.000       0.000
    CMFP06           0.000       0.000       0.000       0.000       0.000       0.000       0.000
    CMFP09           0.000       0.000       0.000       0.000       0.000       0.000       0.000
    CMFP11           0.000       0.000       0.000       0.000       0.000       0.000       0.000
    SB               0.494       0.549       0.577       0.726       0.874       0.902       0.958
    ID              13.459      13.761      13.916      14.723      15.529      15.684      15.986
    SD               0.141       0.213       0.250       0.444       0.638       0.675       0.747

 Variances
    AGE04          227.994     229.789     230.706     235.499     240.291     241.209     243.003
    GENDER           0.249       0.249       0.249       0.250       0.250       0.250       0.250
    KCAL04       *********  442068.375  444675.250  458288.875  471902.500  474509.375  479605.562
    MET04        11848.904   12056.544   12162.759   12717.432   13272.104   13378.319   13585.959
    SMOKE04          0.222       0.235       0.241       0.276       0.311       0.317       0.330
    EDUC04           1.693       1.708       1.715       1.755       1.795       1.803       1.818
    SYSTO04        324.935     329.766     332.237     345.143     358.049     360.521     365.352
    DIASTO04       119.381     121.011     121.844     126.199     130.553     131.387     133.017
    Q1               0.182       0.183       0.184       0.188       0.191       0.192       0.193
    Q2               0.182       0.183       0.184       0.188       0.191       0.192       0.193
    Q3               0.182       0.183       0.184       0.188       0.191       0.192       0.193
    IB               9.765       9.901       9.971      10.333      10.695      10.765      10.900

 Residual Variances
    BMI04            0.641       0.719       0.759       0.968       1.176       1.216       1.294
    BMI06           -1.411      -0.324       0.231       3.132       6.034       6.589       7.676
    BMI09            1.306       1.361       1.390       1.539       1.687       1.716       1.771
    BMI11           -1.467       2.128       3.968      13.572      23.177      25.016      28.611
    CMFP04          15.159      15.439      15.582      16.331      17.079      17.223      17.503
    CMFP06          17.867      18.097      18.215      18.830      19.445      19.563      19.793
    CMFP09          18.578      18.850      18.989      19.716      20.444      20.583      20.855
    CMFP11          21.034      21.427      21.628      22.679      23.729      23.930      24.324
    SB               0.034       0.036       0.038       0.045       0.052       0.054       0.056
    ID               4.410       4.660       4.787       5.454       6.120       6.248       6.498
    SD               0.020       0.033       0.039       0.073       0.106       0.113       0.125

New/Additional Parameters
    IND1            -0.035      -0.030      -0.028      -0.016      -0.005      -0.003       0.002
    IND2            -0.042      -0.036      -0.034      -0.020      -0.007      -0.004       0.001
    IND3            -0.081      -0.072      -0.067      -0.042      -0.017      -0.013      -0.003
    DI1             -0.007       0.001       0.006       0.028       0.051       0.055       0.064
    DI2             -0.029      -0.019      -0.014       0.012       0.038       0.043       0.053
    DI3             -0.046      -0.033      -0.027       0.007       0.042       0.048       0.061
    TO1             -0.020      -0.012      -0.008       0.012       0.032       0.036       0.044
    TO2             -0.045      -0.037      -0.032      -0.008       0.015       0.020       0.028
    TO3             -0.075      -0.066      -0.061      -0.035      -0.009      -0.004       0.006
    IND_L_1         -0.024      -0.021      -0.020      -0.014      -0.007      -0.006      -0.004
    IND_L_2         -0.030      -0.027      -0.025      -0.017      -0.009      -0.008      -0.005
    IND_L_3         -0.064      -0.058      -0.054      -0.038      -0.021      -0.017      -0.011
    IND_S_1         -0.015      -0.012      -0.010      -0.003       0.005       0.006       0.009
    IND_S_2         -0.016      -0.013      -0.011      -0.003       0.005       0.006       0.009
    IND_S_3         -0.024      -0.019      -0.017      -0.005       0.007       0.010       0.014


TECHNICAL 1 OUTPUT


     PARAMETER SPECIFICATION


           NU
              BMI04         BMI06         BMI09         BMI11         CMFP04
              ________      ________      ________      ________      ________
 1                  0             0             0             0             0


           NU
              CMFP06        CMFP09        CMFP11        AGE04         GENDER
              ________      ________      ________      ________      ________
 1                  0             0             0             0             0


           NU
              KCAL04        MET04         SMOKE04       EDUC04        SYSTO04
              ________      ________      ________      ________      ________
 1                  0             0             0             0             0


           NU
              DIASTO04      Q1            Q2            Q3
              ________      ________      ________      ________
 1                  0             0             0             0


           LAMBDA
              IB            SB            ID            SD            AGE04
              ________      ________      ________      ________      ________
 BMI04              0             0             0             0             0
 BMI06              0             0             0             0             0
 BMI09              0             0             0             0             0
 BMI11              0             0             0             0             0
 CMFP04             0             0             0             0             0
 CMFP06             0             0             0             0             0
 CMFP09             0             0             0             0             0
 CMFP11             0             0             0             0             0
 AGE04              0             0             0             0             0
 GENDER             0             0             0             0             0
 KCAL04             0             0             0             0             0
 MET04              0             0             0             0             0
 SMOKE04            0             0             0             0             0
 EDUC04             0             0             0             0             0
 SYSTO04            0             0             0             0             0
 DIASTO04           0             0             0             0             0
 Q1                 0             0             0             0             0
 Q2                 0             0             0             0             0
 Q3                 0             0             0             0             0


           LAMBDA
              GENDER        KCAL04        MET04         SMOKE04       EDUC04
              ________      ________      ________      ________      ________
 BMI04              0             0             0             0             0
 BMI06              0             0             0             0             0
 BMI09              0             0             0             0             0
 BMI11              0             0             0             0             0
 CMFP04             0             0             0             0             0
 CMFP06             0             0             0             0             0
 CMFP09             0             0             0             0             0
 CMFP11             0             0             0             0             0
 AGE04              0             0             0             0             0
 GENDER             0             0             0             0             0
 KCAL04             0             0             0             0             0
 MET04              0             0             0             0             0
 SMOKE04            0             0             0             0             0
 EDUC04             0             0             0             0             0
 SYSTO04            0             0             0             0             0
 DIASTO04           0             0             0             0             0
 Q1                 0             0             0             0             0
 Q2                 0             0             0             0             0
 Q3                 0             0             0             0             0


           LAMBDA
              SYSTO04       DIASTO04      Q1            Q2            Q3
              ________      ________      ________      ________      ________
 BMI04              0             0             0             0             0
 BMI06              0             0             0             0             0
 BMI09              0             0             0             0             0
 BMI11              0             0             0             0             0
 CMFP04             0             0             0             0             0
 CMFP06             0             0             0             0             0
 CMFP09             0             0             0             0             0
 CMFP11             0             0             0             0             0
 AGE04              0             0             0             0             0
 GENDER             0             0             0             0             0
 KCAL04             0             0             0             0             0
 MET04              0             0             0             0             0
 SMOKE04            0             0             0             0             0
 EDUC04             0             0             0             0             0
 SYSTO04            0             0             0             0             0
 DIASTO04           0             0             0             0             0
 Q1                 0             0             0             0             0
 Q2                 0             0             0             0             0
 Q3                 0             0             0             0             0


           THETA
              BMI04         BMI06         BMI09         BMI11         CMFP04
              ________      ________      ________      ________      ________
 BMI04              1
 BMI06              0             2
 BMI09              0             0             3
 BMI11              0             0             0             4
 CMFP04             0             0             0             0             5
 CMFP06             0             0             0             0             0
 CMFP09             0             0             0             0             0
 CMFP11             0             0             0             0             0
 AGE04              0             0             0             0             0
 GENDER             0             0             0             0             0
 KCAL04             0             0             0             0             0
 MET04              0             0             0             0             0
 SMOKE04            0             0             0             0             0
 EDUC04             0             0             0             0             0
 SYSTO04            0             0             0             0             0
 DIASTO04           0             0             0             0             0
 Q1                 0             0             0             0             0
 Q2                 0             0             0             0             0
 Q3                 0             0             0             0             0


           THETA
              CMFP06        CMFP09        CMFP11        AGE04         GENDER
              ________      ________      ________      ________      ________
 CMFP06             6
 CMFP09             0             7
 CMFP11             0             0             8
 AGE04              0             0             0             0
 GENDER             0             0             0             0             0
 KCAL04             0             0             0             0             0
 MET04              0             0             0             0             0
 SMOKE04            0             0             0             0             0
 EDUC04             0             0             0             0             0
 SYSTO04            0             0             0             0             0
 DIASTO04           0             0             0             0             0
 Q1                 0             0             0             0             0
 Q2                 0             0             0             0             0
 Q3                 0             0             0             0             0


           THETA
              KCAL04        MET04         SMOKE04       EDUC04        SYSTO04
              ________      ________      ________      ________      ________
 KCAL04             0
 MET04              0             0
 SMOKE04            0             0             0
 EDUC04             0             0             0             0
 SYSTO04            0             0             0             0             0
 DIASTO04           0             0             0             0             0
 Q1                 0             0             0             0             0
 Q2                 0             0             0             0             0
 Q3                 0             0             0             0             0


           THETA
              DIASTO04      Q1            Q2            Q3
              ________      ________      ________      ________
 DIASTO04           0
 Q1                 0             0
 Q2                 0             0             0
 Q3                 0             0             0             0


           ALPHA
              IB            SB            ID            SD            AGE04
              ________      ________      ________      ________      ________
 1                  9            10            11            12            13


           ALPHA
              GENDER        KCAL04        MET04         SMOKE04       EDUC04
              ________      ________      ________      ________      ________
 1                 14            15            16            17            18


           ALPHA
              SYSTO04       DIASTO04      Q1            Q2            Q3
              ________      ________      ________      ________      ________
 1                 19            20            21            22            23


           BETA
              IB            SB            ID            SD            AGE04
              ________      ________      ________      ________      ________
 IB                 0             0             0             0             0
 SB                 0             0            24            25            26
 ID                 0             0             0             0            37
 SD                 0             0             0             0            48
 AGE04              0             0             0             0             0
 GENDER             0             0             0             0             0
 KCAL04             0             0             0             0             0
 MET04              0             0             0             0             0
 SMOKE04            0             0             0             0             0
 EDUC04             0             0             0             0             0
 SYSTO04            0             0             0             0             0
 DIASTO04           0             0             0             0             0
 Q1                 0             0             0             0             0
 Q2                 0             0             0             0             0
 Q3                 0             0             0             0             0


           BETA
              GENDER        KCAL04        MET04         SMOKE04       EDUC04
              ________      ________      ________      ________      ________
 IB                 0             0             0             0             0
 SB                27            28            29            30            31
 ID                38            39            40            41            42
 SD                49            50            51            52            53
 AGE04              0             0             0             0             0
 GENDER             0             0             0             0             0
 KCAL04             0             0             0             0             0
 MET04              0             0             0             0             0
 SMOKE04            0             0             0             0             0
 EDUC04             0             0             0             0             0
 SYSTO04            0             0             0             0             0
 DIASTO04           0             0             0             0             0
 Q1                 0             0             0             0             0
 Q2                 0             0             0             0             0
 Q3                 0             0             0             0             0


           BETA
              SYSTO04       DIASTO04      Q1            Q2            Q3
              ________      ________      ________      ________      ________
 IB                 0             0             0             0             0
 SB                32            33            34            35            36
 ID                43            44            45            46            47
 SD                54            55            56            57            58
 AGE04              0             0             0             0             0
 GENDER             0             0             0             0             0
 KCAL04             0             0             0             0             0
 MET04              0             0             0             0             0
 SMOKE04            0             0             0             0             0
 EDUC04             0             0             0             0             0
 SYSTO04            0             0             0             0             0
 DIASTO04           0             0             0             0             0
 Q1                 0             0             0             0             0
 Q2                 0             0             0             0             0
 Q3                 0             0             0             0             0


           PSI
              IB            SB            ID            SD            AGE04
              ________      ________      ________      ________      ________
 IB                59
 SB                60            61
 ID                 0             0            62
 SD                 0             0            63            64
 AGE04             65             0             0             0            66
 GENDER            67             0             0             0            68
 KCAL04            70             0             0             0            71
 MET04             74             0             0             0            75
 SMOKE04           79             0             0             0            80
 EDUC04            85             0             0             0            86
 SYSTO04           92             0             0             0            93
 DIASTO04         100             0             0             0           101
 Q1               109             0             0             0           110
 Q2               119             0             0             0           120
 Q3               130             0             0             0           131


           PSI
              GENDER        KCAL04        MET04         SMOKE04       EDUC04
              ________      ________      ________      ________      ________
 GENDER            69
 KCAL04            72            73
 MET04             76            77            78
 SMOKE04           81            82            83            84
 EDUC04            87            88            89            90            91
 SYSTO04           94            95            96            97            98
 DIASTO04         102           103           104           105           106
 Q1               111           112           113           114           115
 Q2               121           122           123           124           125
 Q3               132           133           134           135           136


           PSI
              SYSTO04       DIASTO04      Q1            Q2            Q3
              ________      ________      ________      ________      ________
 SYSTO04           99
 DIASTO04         107           108
 Q1               116           117           118
 Q2               126           127           128           129
 Q3               137           138           139           140           141


     PARAMETER SPECIFICATION FOR THE ADDITIONAL PARAMETERS


           NEW/ADDITIONAL PARAMETERS
              IND1          IND2          IND3          DI1           DI2
              ________      ________      ________      ________      ________
 1                142           143           144           145           146


           NEW/ADDITIONAL PARAMETERS
              DI3           TO1           TO2           TO3           IND_L_1
              ________      ________      ________      ________      ________
 1                147           148           149           150           151


           NEW/ADDITIONAL PARAMETERS
              IND_L_2       IND_L_3       IND_S_1       IND_S_2       IND_S_3
              ________      ________      ________      ________      ________
 1                152           153           154           155           156


     STARTING VALUES


           NU
              BMI04         BMI06         BMI09         BMI11         CMFP04
              ________      ________      ________      ________      ________
 1              0.000         0.000         0.000         0.000         0.000


           NU
              CMFP06        CMFP09        CMFP11        AGE04         GENDER
              ________      ________      ________      ________      ________
 1              0.000         0.000         0.000         0.000         0.000


           NU
              KCAL04        MET04         SMOKE04       EDUC04        SYSTO04
              ________      ________      ________      ________      ________
 1              0.000         0.000         0.000         0.000         0.000


           NU
              DIASTO04      Q1            Q2            Q3
              ________      ________      ________      ________
 1              0.000         0.000         0.000         0.000


           LAMBDA
              IB            SB            ID            SD            AGE04
              ________      ________      ________      ________      ________
 BMI04          1.000         0.000         0.000         0.000         0.000
 BMI06          1.000         2.000         0.000         0.000         0.000
 BMI09          1.000         5.000         0.000         0.000         0.000
 BMI11          1.000         7.000         0.000         0.000         0.000
 CMFP04         0.000         0.000         1.000         0.000         0.000
 CMFP06         0.000         0.000         1.000         2.000         0.000
 CMFP09         0.000         0.000         1.000         5.000         0.000
 CMFP11         0.000         0.000         1.000         7.000         0.000
 AGE04          0.000         0.000         0.000         0.000         1.000
 GENDER         0.000         0.000         0.000         0.000         0.000
 KCAL04         0.000         0.000         0.000         0.000         0.000
 MET04          0.000         0.000         0.000         0.000         0.000
 SMOKE04        0.000         0.000         0.000         0.000         0.000
 EDUC04         0.000         0.000         0.000         0.000         0.000
 SYSTO04        0.000         0.000         0.000         0.000         0.000
 DIASTO04       0.000         0.000         0.000         0.000         0.000
 Q1             0.000         0.000         0.000         0.000         0.000
 Q2             0.000         0.000         0.000         0.000         0.000
 Q3             0.000         0.000         0.000         0.000         0.000


           LAMBDA
              GENDER        KCAL04        MET04         SMOKE04       EDUC04
              ________      ________      ________      ________      ________
 BMI04          0.000         0.000         0.000         0.000         0.000
 BMI06          0.000         0.000         0.000         0.000         0.000
 BMI09          0.000         0.000         0.000         0.000         0.000
 BMI11          0.000         0.000         0.000         0.000         0.000
 CMFP04         0.000         0.000         0.000         0.000         0.000
 CMFP06         0.000         0.000         0.000         0.000         0.000
 CMFP09         0.000         0.000         0.000         0.000         0.000
 CMFP11         0.000         0.000         0.000         0.000         0.000
 AGE04          0.000         0.000         0.000         0.000         0.000
 GENDER         1.000         0.000         0.000         0.000         0.000
 KCAL04         0.000         1.000         0.000         0.000         0.000
 MET04          0.000         0.000         1.000         0.000         0.000
 SMOKE04        0.000         0.000         0.000         1.000         0.000
 EDUC04         0.000         0.000         0.000         0.000         1.000
 SYSTO04        0.000         0.000         0.000         0.000         0.000
 DIASTO04       0.000         0.000         0.000         0.000         0.000
 Q1             0.000         0.000         0.000         0.000         0.000
 Q2             0.000         0.000         0.000         0.000         0.000
 Q3             0.000         0.000         0.000         0.000         0.000


           LAMBDA
              SYSTO04       DIASTO04      Q1            Q2            Q3
              ________      ________      ________      ________      ________
 BMI04          0.000         0.000         0.000         0.000         0.000
 BMI06          0.000         0.000         0.000         0.000         0.000
 BMI09          0.000         0.000         0.000         0.000         0.000
 BMI11          0.000         0.000         0.000         0.000         0.000
 CMFP04         0.000         0.000         0.000         0.000         0.000
 CMFP06         0.000         0.000         0.000         0.000         0.000
 CMFP09         0.000         0.000         0.000         0.000         0.000
 CMFP11         0.000         0.000         0.000         0.000         0.000
 AGE04          0.000         0.000         0.000         0.000         0.000
 GENDER         0.000         0.000         0.000         0.000         0.000
 KCAL04         0.000         0.000         0.000         0.000         0.000
 MET04          0.000         0.000         0.000         0.000         0.000
 SMOKE04        0.000         0.000         0.000         0.000         0.000
 EDUC04         0.000         0.000         0.000         0.000         0.000
 SYSTO04        1.000         0.000         0.000         0.000         0.000
 DIASTO04       0.000         1.000         0.000         0.000         0.000
 Q1             0.000         0.000         1.000         0.000         0.000
 Q2             0.000         0.000         0.000         1.000         0.000
 Q3             0.000         0.000         0.000         0.000         1.000


           THETA
              BMI04         BMI06         BMI09         BMI11         CMFP04
              ________      ________      ________      ________      ________
 BMI04          5.617
 BMI06          0.000         6.364
 BMI09          0.000         0.000         5.891
 BMI11          0.000         0.000         0.000        11.820
 CMFP04         0.000         0.000         0.000         0.000        11.601
 CMFP06         0.000         0.000         0.000         0.000         0.000
 CMFP09         0.000         0.000         0.000         0.000         0.000
 CMFP11         0.000         0.000         0.000         0.000         0.000
 AGE04          0.000         0.000         0.000         0.000         0.000
 GENDER         0.000         0.000         0.000         0.000         0.000
 KCAL04         0.000         0.000         0.000         0.000         0.000
 MET04          0.000         0.000         0.000         0.000         0.000
 SMOKE04        0.000         0.000         0.000         0.000         0.000
 EDUC04         0.000         0.000         0.000         0.000         0.000
 SYSTO04        0.000         0.000         0.000         0.000         0.000
 DIASTO04       0.000         0.000         0.000         0.000         0.000
 Q1             0.000         0.000         0.000         0.000         0.000
 Q2             0.000         0.000         0.000         0.000         0.000
 Q3             0.000         0.000         0.000         0.000         0.000


           THETA
              CMFP06        CMFP09        CMFP11        AGE04         GENDER
              ________      ________      ________      ________      ________
 CMFP06        12.501
 CMFP09         0.000        13.465
 CMFP11         0.000         0.000        14.557
 AGE04          0.000         0.000         0.000         0.000
 GENDER         0.000         0.000         0.000         0.000         0.000
 KCAL04         0.000         0.000         0.000         0.000         0.000
 MET04          0.000         0.000         0.000         0.000         0.000
 SMOKE04        0.000         0.000         0.000         0.000         0.000
 EDUC04         0.000         0.000         0.000         0.000         0.000
 SYSTO04        0.000         0.000         0.000         0.000         0.000
 DIASTO04       0.000         0.000         0.000         0.000         0.000
 Q1             0.000         0.000         0.000         0.000         0.000
 Q2             0.000         0.000         0.000         0.000         0.000
 Q3             0.000         0.000         0.000         0.000         0.000


           THETA
              KCAL04        MET04         SMOKE04       EDUC04        SYSTO04
              ________      ________      ________      ________      ________
 KCAL04         0.000
 MET04          0.000         0.000
 SMOKE04        0.000         0.000         0.000
 EDUC04         0.000         0.000         0.000         0.000
 SYSTO04        0.000         0.000         0.000         0.000         0.000
 DIASTO04       0.000         0.000         0.000         0.000         0.000
 Q1             0.000         0.000         0.000         0.000         0.000
 Q2             0.000         0.000         0.000         0.000         0.000
 Q3             0.000         0.000         0.000         0.000         0.000


           THETA
              DIASTO04      Q1            Q2            Q3
              ________      ________      ________      ________
 DIASTO04       0.000
 Q1             0.000         0.000
 Q2             0.000         0.000         0.000
 Q3             0.000         0.000         0.000         0.000


           ALPHA
              IB            SB            ID            SD            AGE04
              ________      ________      ________      ________      ________
 1             23.091         0.035        19.070         0.137        47.385


           ALPHA
              GENDER        KCAL04        MET04         SMOKE04       EDUC04
              ________      ________      ________      ________      ________
 1              1.519      2188.497       118.186         0.334         1.724


           ALPHA
              SYSTO04       DIASTO04      Q1            Q2            Q3
              ________      ________      ________      ________      ________
 1            122.224        78.671         0.250         0.250         0.250


           BETA
              IB            SB            ID            SD            AGE04
              ________      ________      ________      ________      ________
 IB             0.000         0.000         0.000         0.000         0.000
 SB             0.000         0.000         0.000         0.000         0.000
 ID             0.000         0.000         0.000         0.000         0.000
 SD             0.000         0.000         0.000         0.000         0.000
 AGE04          0.000         0.000         0.000         0.000         0.000
 GENDER         0.000         0.000         0.000         0.000         0.000
 KCAL04         0.000         0.000         0.000         0.000         0.000
 MET04          0.000         0.000         0.000         0.000         0.000
 SMOKE04        0.000         0.000         0.000         0.000         0.000
 EDUC04         0.000         0.000         0.000         0.000         0.000
 SYSTO04        0.000         0.000         0.000         0.000         0.000
 DIASTO04       0.000         0.000         0.000         0.000         0.000
 Q1             0.000         0.000         0.000         0.000         0.000
 Q2             0.000         0.000         0.000         0.000         0.000
 Q3             0.000         0.000         0.000         0.000         0.000


           BETA
              GENDER        KCAL04        MET04         SMOKE04       EDUC04
              ________      ________      ________      ________      ________
 IB             0.000         0.000         0.000         0.000         0.000
 SB             0.000         0.000         0.000         0.000         0.000
 ID             0.000         0.000         0.000         0.000         0.000
 SD             0.000         0.000         0.000         0.000         0.000
 AGE04          0.000         0.000         0.000         0.000         0.000
 GENDER         0.000         0.000         0.000         0.000         0.000
 KCAL04         0.000         0.000         0.000         0.000         0.000
 MET04          0.000         0.000         0.000         0.000         0.000
 SMOKE04        0.000         0.000         0.000         0.000         0.000
 EDUC04         0.000         0.000         0.000         0.000         0.000
 SYSTO04        0.000         0.000         0.000         0.000         0.000
 DIASTO04       0.000         0.000         0.000         0.000         0.000
 Q1             0.000         0.000         0.000         0.000         0.000
 Q2             0.000         0.000         0.000         0.000         0.000
 Q3             0.000         0.000         0.000         0.000         0.000


           BETA
              SYSTO04       DIASTO04      Q1            Q2            Q3
              ________      ________      ________      ________      ________
 IB             0.000         0.000         0.000         0.000         0.000
 SB             0.000         0.000         0.000         0.000         0.000
 ID             0.000         0.000         0.000         0.000         0.000
 SD             0.000         0.000         0.000         0.000         0.000
 AGE04          0.000         0.000         0.000         0.000         0.000
 GENDER         0.000         0.000         0.000         0.000         0.000
 KCAL04         0.000         0.000         0.000         0.000         0.000
 MET04          0.000         0.000         0.000         0.000         0.000
 SMOKE04        0.000         0.000         0.000         0.000         0.000
 EDUC04         0.000         0.000         0.000         0.000         0.000
 SYSTO04        0.000         0.000         0.000         0.000         0.000
 DIASTO04       0.000         0.000         0.000         0.000         0.000
 Q1             0.000         0.000         0.000         0.000         0.000
 Q2             0.000         0.000         0.000         0.000         0.000
 Q3             0.000         0.000         0.000         0.000         0.000


           PSI
              IB            SB            ID            SD            AGE04
              ________      ________      ________      ________      ________
 IB            11.513
 SB             0.000         0.570
 ID             0.000         0.000        23.353
 SD             0.000         0.000         0.000         6.456
 AGE04          0.000         0.000         0.000         0.000       117.749
 GENDER         0.000         0.000         0.000         0.000         0.000
 KCAL04         0.000         0.000         0.000         0.000         0.000
 MET04          0.000         0.000         0.000         0.000         0.000
 SMOKE04        0.000         0.000         0.000         0.000         0.000
 EDUC04         0.000         0.000         0.000         0.000         0.000
 SYSTO04        0.000         0.000         0.000         0.000         0.000
 DIASTO04       0.000         0.000         0.000         0.000         0.000
 Q1             0.000         0.000         0.000         0.000         0.000
 Q2             0.000         0.000         0.000         0.000         0.000
 Q3             0.000         0.000         0.000         0.000         0.000


           PSI
              GENDER        KCAL04        MET04         SMOKE04       EDUC04
              ________      ________      ________      ________      ________
 GENDER         0.125
 KCAL04         0.000    229144.438
 MET04          0.000         0.000      6315.442
 SMOKE04        0.000         0.000         0.000         0.138
 EDUC04         0.000         0.000         0.000         0.000         0.876
 SYSTO04        0.000         0.000         0.000         0.000         0.000
 DIASTO04       0.000         0.000         0.000         0.000         0.000
 Q1             0.000         0.000         0.000         0.000         0.000
 Q2             0.000         0.000         0.000         0.000         0.000
 Q3             0.000         0.000         0.000         0.000         0.000


           PSI
              SYSTO04       DIASTO04      Q1            Q2            Q3
              ________      ________      ________      ________      ________
 SYSTO04      171.913
 DIASTO04       0.000        63.046
 Q1             0.000         0.000         0.094
 Q2             0.000         0.000         0.000         0.094
 Q3             0.000         0.000         0.000         0.000         0.094


     STARTING VALUES FOR THE ADDITIONAL PARAMETERS


           NEW/ADDITIONAL PARAMETERS
              IND1          IND2          IND3          DI1           DI2
              ________      ________      ________      ________      ________
 1              0.500         0.500         0.500         0.500         0.500


           NEW/ADDITIONAL PARAMETERS
              DI3           TO1           TO2           TO3           IND_L_1
              ________      ________      ________      ________      ________
 1              0.500         0.500         0.500         0.500         0.500


           NEW/ADDITIONAL PARAMETERS
              IND_L_2       IND_L_3       IND_S_1       IND_S_2       IND_S_3
              ________      ________      ________      ________      ________
 1              0.500         0.500         0.500         0.500         0.500


DIAGRAM INFORMATION

  Use View Diagram under the Diagram menu in the Mplus Editor to view the diagram.
  If running Mplus from the Mplus Diagrammer, the diagram opens automatically.

  Diagram output
    c:\users\likai\documents\git_repo\dqmedi\mplus\longitudinal\cmfp bmi mediation model fit.dgm

     Beginning Time:  22:19:40
        Ending Time:  22:20:09
       Elapsed Time:  00:00:29



MUTHEN & MUTHEN
3463 Stoner Ave.
Los Angeles, CA  90066

Tel: (310) 391-9971
Fax: (310) 391-8971
Web: www.StatModel.com
Support: Support@StatModel.com

Copyright (c) 1998-2015 Muthen & Muthen
