Mplus VERSION 7.4
MUTHEN & MUTHEN
05/15/2019  10:58 AM

INPUT INSTRUCTIONS

  DATA: File is id0411.csv;

  VARIABLE: Names are IDind age04 kcal04 bmi04
                                    hwr04 wc04 diasto04 systo04
                                    gender educ04 indinc04 index04
                                    met04 cmfp04 dash04 ahei04 age06
                                    kcal06 bmi06 hwr06 wc06 diasto06
                                    systo06 educ06 indinc06 index06
                                    met06 cmfp06 dash06 ahei06 age09
                                    kcal09 bmi09 hwr09 wc09 diasto09
                                    systo09 educ09 indinc09 index09
                                    met09 cmfp09 dash09 ahei09 age11
                                    kcal11 bmi11 hwr11 wc11 diasto11
                                    systo11 educ11 indinc11 ndex11
                                    met11 cmfp11 dash11 ahei11
                                    q_index q1 q2 q3;

           Usev are  age04 gender kcal04 met04
                     bmi04 bmi06 bmi09 bmi11
                     cmfp04 cmfp06 cmfp09 cmfp11
                     q1 q2 q3;


           Missing are all(999);


  ANALYSIS:
  Type=random;
  ALGORITHM=INTEGRATION;
  Estimator=ML;
  bootstrap = 1000;


  MODEL:
  age04 gender kcal04 met04
  bmi04 bmi06 bmi09 bmi11
  cmfp04 cmfp06 cmfp09 cmfp11 q1 q2 q3;

  ib sb | bmi04@0 bmi06@2 bmi09@5 bmi11@7;
  id sd | cmfp04@0 cmfp06@2 cmfp09@5 cmfp11@7;

  id with sd;
  ib with sb;

  id on q1(ai1)
        q2(ai2)
        q3(ai3)
        age04 gender kcal04 met04;

  sd on q1(as1)
        q2(as2)
        q3(as3)
        age04 gender kcal04 met04;

  sb on id(bi)
        sd(bs)
        q1(c1)
        q2(c2)
        q3(c3)
        age04 gender kcal04 met04;


  MODEL CONSTRAINT:
  NEW (ind1 ind2 ind3 di1 di2 di3 to1 to2 to3
   ind_l_1 ind_l_2 ind_l_3
  ind_s_1 ind_s_2 ind_s_3);
  ind1=as1*bs+ai1*bi;
  ind2=as2*bs+ai2*bi;
  ind3=as3*bs+ai3*bi;
  to1=as1*bs+ai1*bi+c1;
  to2=as2*bs+ai2*bi+c2;
  to3=as3*bs+ai3*bi+c3;
  di1=c1;
  di2=c2;
  di3=c3;
  ind_l_1=ai1*bi;
  ind_l_2=ai2*bi;
  ind_l_3=ai3*bi;
  ind_s_1=as1*bs;
  ind_s_2=as2*bs;
  ind_s_3=as3*bs;

  OUTPUT: tech1 tech8 cinterval(BOOTSTRAP);



INPUT READING TERMINATED NORMALLY




SUMMARY OF ANALYSIS

Number of groups                                                 1
Number of observations                                        9547

Number of dependent variables                                    8
Number of independent variables                                  7
Number of continuous latent variables                            4

Observed dependent variables

  Continuous
   BMI04       BMI06       BMI09       BMI11       CMFP04      CMFP06
   CMFP09      CMFP11

Observed independent variables
   AGE04       GENDER      KCAL04      MET04       Q1          Q2
   Q3

Continuous latent variables
   IB          SB          ID          SD


Estimator                                                       ML
Information matrix                                        OBSERVED
Optimization Specifications for the Quasi-Newton Algorithm for
Continuous Outcomes
  Maximum number of iterations                                 100
  Convergence criterion                                  0.100D-05
Optimization Specifications for the EM Algorithm
  Maximum number of iterations                                 500
  Convergence criteria
    Loglikelihood change                                 0.100D-02
    Relative loglikelihood change                        0.100D-05
    Derivative                                           0.100D-02
Optimization Specifications for the M step of the EM Algorithm for
Categorical Latent variables
  Number of M step iterations                                    1
  M step convergence criterion                           0.100D-02
  Basis for M step termination                           ITERATION
Optimization Specifications for the M step of the EM Algorithm for
Censored, Binary or Ordered Categorical (Ordinal), Unordered
Categorical (Nominal) and Count Outcomes
  Number of M step iterations                                    1
  M step convergence criterion                           0.100D-02
  Basis for M step termination                           ITERATION
  Maximum value for logit thresholds                            15
  Minimum value for logit thresholds                           -15
  Minimum expected cell size for chi-square              0.100D-01
Maximum number of iterations for H1                           2000
Convergence criterion for H1                             0.100D-03
Number of bootstrap draws
    Requested                                                 1000
    Completed                                                 1000
Optimization algorithm                                         EMA
Integration Specifications
  Type                                                    STANDARD
  Number of integration points                                  15
  Dimensions of numerical integration                            0
  Adaptive quadrature                                           ON
Cholesky                                                       OFF

Input data file(s)
  id0411.csv
Input data format  FREE


SUMMARY OF DATA

     Number of missing data patterns           141


COVARIANCE COVERAGE OF DATA

Minimum covariance coverage value   0.100


     PROPORTION OF DATA PRESENT FOR Y


           Covariance Coverage
              BMI04         BMI06         BMI09         BMI11         CMFP04
              ________      ________      ________      ________      ________
 BMI04          0.928
 BMI06          0.690         0.727
 BMI09          0.589         0.537         0.623
 BMI11          0.533         0.483         0.503         0.564
 CMFP04         0.928         0.727         0.623         0.564         1.000
 CMFP06         0.721         0.717         0.559         0.504         0.769
 CMFP09         0.608         0.553         0.616         0.514         0.648
 CMFP11         0.537         0.486         0.504         0.553         0.571
 AGE04          0.928         0.727         0.623         0.564         1.000
 GENDER         0.928         0.727         0.623         0.564         1.000
 KCAL04         0.928         0.727         0.623         0.564         1.000
 MET04          0.848         0.667         0.576         0.523         0.901
 Q1             0.927         0.726         0.622         0.563         0.999
 Q2             0.927         0.726         0.622         0.563         0.999
 Q3             0.927         0.726         0.622         0.563         0.999


           Covariance Coverage
              CMFP06        CMFP09        CMFP11        AGE04         GENDER
              ________      ________      ________      ________      ________
 CMFP06         0.769
 CMFP09         0.580         0.648
 CMFP11         0.509         0.518         0.571
 AGE04          0.769         0.648         0.571         1.000
 GENDER         0.769         0.648         0.571         1.000         1.000
 KCAL04         0.769         0.648         0.571         1.000         1.000
 MET04          0.703         0.597         0.529         0.901         0.901
 Q1             0.768         0.647         0.570         0.999         0.999
 Q2             0.768         0.647         0.570         0.999         0.999
 Q3             0.768         0.647         0.570         0.999         0.999


           Covariance Coverage
              KCAL04        MET04         Q1            Q2            Q3
              ________      ________      ________      ________      ________
 KCAL04         1.000
 MET04          0.901         0.901
 Q1             0.999         0.900         0.999
 Q2             0.999         0.900         0.999         0.999
 Q3             0.999         0.900         0.999         0.999         0.999



THE MODEL ESTIMATION TERMINATED NORMALLY



MODEL FIT INFORMATION

Number of Free Parameters                       83

Loglikelihood

          H0 Value                     -337124.353

Information Criteria

          Akaike (AIC)                  674414.706
          Bayesian (BIC)                675009.317
          Sample-Size Adjusted BIC      674745.556
            (n* = (n + 2) / 24)



MODEL RESULTS

                                                    Two-Tailed
                    Estimate       S.E.  Est./S.E.    P-Value

 IB       |
    BMI04              1.000      0.000    999.000    999.000
    BMI06              1.000      0.000    999.000    999.000
    BMI09              1.000      0.000    999.000    999.000
    BMI11              1.000      0.000    999.000    999.000

 SB       |
    BMI04              0.000      0.000    999.000    999.000
    BMI06              2.000      0.000    999.000    999.000
    BMI09              5.000      0.000    999.000    999.000
    BMI11              7.000      0.000    999.000    999.000

 ID       |
    CMFP04             1.000      0.000    999.000    999.000
    CMFP06             1.000      0.000    999.000    999.000
    CMFP09             1.000      0.000    999.000    999.000
    CMFP11             1.000      0.000    999.000    999.000

 SD       |
    CMFP04             0.000      0.000    999.000    999.000
    CMFP06             2.000      0.000    999.000    999.000
    CMFP09             5.000      0.000    999.000    999.000
    CMFP11             7.000      0.000    999.000    999.000

 SB         ON
    ID                -0.013      0.004     -3.727      0.000
    SD                -0.041      0.076     -0.548      0.584

 ID         ON
    Q1                 1.061      0.102     10.428      0.000
    Q2                 1.503      0.117     12.794      0.000
    Q3                 3.319      0.140     23.635      0.000
    AGE04              0.004      0.003      1.439      0.150
    GENDER             0.466      0.090      5.169      0.000
    KCAL04             0.000      0.000      6.227      0.000
    MET04              0.002      0.000      3.497      0.000

 SD         ON
    Q1                 0.073      0.026      2.756      0.006
    Q2                 0.081      0.029      2.742      0.006
    Q3                 0.117      0.032      3.622      0.000
    AGE04             -0.005      0.001     -5.923      0.000
    GENDER            -0.029      0.022     -1.346      0.178
    KCAL04             0.000      0.000     -5.904      0.000
    MET04              0.000      0.000     -0.518      0.604

 SB         ON
    Q1                 0.026      0.015      1.705      0.088
    Q2                 0.003      0.017      0.192      0.848
    Q3                -0.004      0.023     -0.174      0.862
    AGE04             -0.004      0.000     -8.178      0.000
    GENDER            -0.008      0.010     -0.811      0.417
    KCAL04             0.000      0.000      0.780      0.435
    MET04              0.000      0.000     -0.125      0.901

 ID       WITH
    SD                -0.300      0.082     -3.673      0.000

 IB       WITH
    SB                -0.114      0.028     -4.010      0.000

 AGE04    WITH
    IB                 3.955      0.601      6.586      0.000

 GENDER   WITH
    IB                 0.049      0.018      2.728      0.006

 KCAL04   WITH
    IB                55.885     23.887      2.340      0.019

 MET04    WITH
    IB               -19.087      4.048     -4.715      0.000

 Q1       WITH
    IB                -0.073      0.015     -4.927      0.000

 Q2       WITH
    IB                 0.109      0.015      7.459      0.000

 Q3       WITH
    IB                 0.086      0.016      5.466      0.000

 GENDER   WITH
    AGE04              0.199      0.078      2.550      0.011

 KCAL04   WITH
    AGE04          -1363.375    109.784    -12.419      0.000
    GENDER           -91.666      3.306    -27.724      0.000

 MET04    WITH
    AGE04           -419.596     17.320    -24.227      0.000
    GENDER            -8.086      0.606    -13.338      0.000
    KCAL04         15955.505    879.680     18.138      0.000

 Q1       WITH
    AGE04             -0.283      0.066     -4.300      0.000
    GENDER            -0.002      0.002     -0.817      0.414
    KCAL04            13.548      2.923      4.635      0.000
    MET04              5.246      0.520     10.080      0.000

 Q2       WITH
    AGE04              0.044      0.069      0.644      0.520
    GENDER             0.000      0.002      0.201      0.841
    KCAL04            -6.226      2.903     -2.144      0.032
    MET04             -5.788      0.459    -12.596      0.000
    Q1                -0.063      0.001    -49.201      0.000

 Q3       WITH
    AGE04              0.452      0.069      6.533      0.000
    GENDER             0.003      0.002      1.316      0.188
    KCAL04           -19.054      2.931     -6.501      0.000
    MET04             -9.923      0.444    -22.364      0.000
    Q1                -0.063      0.001    -48.780      0.000
    Q2                -0.062      0.001    -50.663      0.000

 Means
    AGE04             47.385      0.152    311.364      0.000
    GENDER             1.519      0.005    289.604      0.000
    KCAL04          2188.497      6.913    316.566      0.000
    MET04            116.375      1.211     96.098      0.000
    Q1                 0.250      0.004     56.737      0.000
    Q2                 0.250      0.004     57.935      0.000
    Q3                 0.250      0.004     57.896      0.000
    IB                23.016      0.035    660.947      0.000

 Intercepts
    BMI04              0.000      0.000    999.000    999.000
    BMI06              0.000      0.000    999.000    999.000
    BMI09              0.000      0.000    999.000    999.000
    BMI11              0.000      0.000    999.000    999.000
    CMFP04             0.000      0.000    999.000    999.000
    CMFP06             0.000      0.000    999.000    999.000
    CMFP09             0.000      0.000    999.000    999.000
    CMFP11             0.000      0.000    999.000    999.000
    SB                 0.513      0.102      5.010      0.000
    ID                15.457      0.309     49.990      0.000
    SD                 0.691      0.074      9.380      0.000

 Variances
    AGE04            235.499      2.976     79.132      0.000
    GENDER             0.250      0.000   1227.022      0.000
    KCAL04         *********   8168.494     56.104      0.000
    MET04          12720.640    342.337     37.158      0.000
    Q1                 0.188      0.002     85.041      0.000
    Q2                 0.188      0.002     86.913      0.000
    Q3                 0.188      0.002     86.654      0.000
    IB                10.333      0.225     45.930      0.000

 Residual Variances
    BMI04              0.967      0.132      7.340      0.000
    BMI06              3.132      1.789      1.751      0.080
    BMI09              1.544      0.095     16.202      0.000
    BMI11             13.565      5.675      2.390      0.017
    CMFP04            16.334      0.469     34.823      0.000
    CMFP06            18.838      0.375     50.174      0.000
    CMFP09            19.756      0.452     43.725      0.000
    CMFP11            22.612      0.637     35.521      0.000
    SB                 0.046      0.004     10.776      0.000
    ID                 5.610      0.424     13.216      0.000
    SD                 0.076      0.020      3.729      0.000

New/Additional Parameters
    IND1              -0.017      0.008     -2.070      0.038
    IND2              -0.024      0.010     -2.283      0.022
    IND3              -0.050      0.018     -2.698      0.007
    DI1                0.026      0.015      1.705      0.088
    DI2                0.003      0.017      0.192      0.848
    DI3               -0.004      0.023     -0.174      0.862
    TO1                0.009      0.013      0.677      0.498
    TO2               -0.020      0.014     -1.446      0.148
    TO3               -0.054      0.015     -3.500      0.000
    IND_L_1           -0.014      0.004     -3.521      0.000
    IND_L_2           -0.020      0.006     -3.578      0.000
    IND_L_3           -0.045      0.012     -3.711      0.000
    IND_S_1           -0.003      0.006     -0.524      0.600
    IND_S_2           -0.003      0.006     -0.526      0.599
    IND_S_3           -0.005      0.009     -0.540      0.589


CONFIDENCE INTERVALS OF MODEL RESULTS

                  Lower .5%  Lower 2.5%    Lower 5%    Estimate    Upper 5%  Upper 2.5%   Upper .5%

 IB       |
    BMI04            1.000       1.000       1.000       1.000       1.000       1.000       1.000
    BMI06            1.000       1.000       1.000       1.000       1.000       1.000       1.000
    BMI09            1.000       1.000       1.000       1.000       1.000       1.000       1.000
    BMI11            1.000       1.000       1.000       1.000       1.000       1.000       1.000

 SB       |
    BMI04            0.000       0.000       0.000       0.000       0.000       0.000       0.000
    BMI06            2.000       2.000       2.000       2.000       2.000       2.000       2.000
    BMI09            5.000       5.000       5.000       5.000       5.000       5.000       5.000
    BMI11            7.000       7.000       7.000       7.000       7.000       7.000       7.000

 ID       |
    CMFP04           1.000       1.000       1.000       1.000       1.000       1.000       1.000
    CMFP06           1.000       1.000       1.000       1.000       1.000       1.000       1.000
    CMFP09           1.000       1.000       1.000       1.000       1.000       1.000       1.000
    CMFP11           1.000       1.000       1.000       1.000       1.000       1.000       1.000

 SD       |
    CMFP04           0.000       0.000       0.000       0.000       0.000       0.000       0.000
    CMFP06           2.000       2.000       2.000       2.000       2.000       2.000       2.000
    CMFP09           5.000       5.000       5.000       5.000       5.000       5.000       5.000
    CMFP11           7.000       7.000       7.000       7.000       7.000       7.000       7.000

 SB       ON
    ID              -0.024      -0.020      -0.019      -0.013      -0.007      -0.006      -0.005
    SD              -0.323      -0.187      -0.158      -0.041       0.070       0.095       0.170

 ID       ON
    Q1               0.798       0.851       0.895       1.061       1.222       1.250       1.314
    Q2               1.184       1.269       1.306       1.503       1.694       1.742       1.818
    Q3               2.959       3.030       3.085       3.319       3.542       3.574       3.660
    AGE04           -0.004      -0.002      -0.001       0.004       0.010       0.011       0.013
    GENDER           0.216       0.281       0.315       0.466       0.616       0.645       0.687
    KCAL04           0.000       0.000       0.000       0.000       0.001       0.001       0.001
    MET04            0.000       0.001       0.001       0.002       0.003       0.003       0.003

 SD       ON
    Q1               0.002       0.019       0.033       0.073       0.115       0.125       0.142
    Q2               0.008       0.025       0.033       0.081       0.130       0.139       0.153
    Q3               0.037       0.059       0.069       0.117       0.173       0.182       0.199
    AGE04           -0.007      -0.006      -0.006      -0.005      -0.003      -0.003      -0.003
    GENDER          -0.082      -0.073      -0.067      -0.029       0.005       0.013       0.027
    KCAL04           0.000       0.000       0.000       0.000       0.000       0.000       0.000
    MET04            0.000       0.000       0.000       0.000       0.000       0.000       0.000

 SB       ON
    Q1              -0.013      -0.002       0.003       0.026       0.053       0.057       0.069
    Q2              -0.045      -0.031      -0.025       0.003       0.031       0.038       0.050
    Q3              -0.063      -0.050      -0.039      -0.004       0.033       0.041       0.063
    AGE04           -0.006      -0.005      -0.005      -0.004      -0.003      -0.003      -0.003
    GENDER          -0.033      -0.027      -0.024      -0.008       0.009       0.013       0.017
    KCAL04           0.000       0.000       0.000       0.000       0.000       0.000       0.000
    MET04            0.000       0.000       0.000       0.000       0.000       0.000       0.000

 ID       WITH
    SD              -0.518      -0.464      -0.430      -0.300      -0.164      -0.138      -0.091

 IB       WITH
    SB              -0.174      -0.158      -0.152      -0.114      -0.058      -0.050      -0.039

 AGE04    WITH
    IB               2.431       2.777       2.911       3.955       4.973       5.149       5.411

 GENDER   WITH
    IB               0.006       0.014       0.019       0.049       0.078       0.083       0.093

 KCAL04   WITH
    IB              -7.389       8.592      16.035      55.885      93.640     100.611     115.849

 MET04    WITH
    IB             -28.846     -26.675     -25.375     -19.087     -12.208     -10.902      -7.670

 Q1       WITH
    IB              -0.111      -0.103      -0.098      -0.073      -0.049      -0.044      -0.037

 Q2       WITH
    IB               0.072       0.080       0.085       0.109       0.132       0.137       0.147

 Q3       WITH
    IB               0.039       0.054       0.059       0.086       0.110       0.114       0.124

 GENDER   WITH
    AGE04           -0.006       0.046       0.064       0.199       0.319       0.343       0.397

 KCAL04   WITH
    AGE04        -1651.838   -1575.775   -1549.657   -1363.375   -1195.060   -1159.546   -1090.140
    GENDER        -101.226     -98.376     -97.286     -91.666     -86.432     -85.485     -83.590

 MET04    WITH
    AGE04         -465.876    -454.427    -449.069    -419.596    -391.953    -387.521    -376.646
    GENDER          -9.705      -9.335      -9.065      -8.086      -7.062      -6.834      -6.564
    KCAL04       13885.033   14314.774   14587.592   15955.505   17461.938   17665.596   18431.801

 Q1       WITH
    AGE04           -0.459      -0.415      -0.397      -0.283      -0.181      -0.166      -0.124
    GENDER          -0.008      -0.007      -0.006      -0.002       0.002       0.002       0.004
    KCAL04           6.706       8.293       9.026      13.548      18.347      19.447      22.162
    MET04            3.859       4.248       4.434       5.246       6.116       6.227       6.505

 Q2       WITH
    AGE04           -0.149      -0.086      -0.064       0.044       0.165       0.182       0.226
    GENDER          -0.005      -0.004      -0.003       0.000       0.004       0.005       0.006
    KCAL04         -13.875     -11.874     -11.130      -6.226      -1.671      -0.692       0.999
    MET04           -7.041      -6.717      -6.546      -5.788      -5.029      -4.914      -4.709
    Q1              -0.066      -0.065      -0.065      -0.063      -0.061      -0.060      -0.060

 Q3       WITH
    AGE04            0.267       0.320       0.338       0.452       0.561       0.588       0.647
    GENDER          -0.003      -0.001      -0.001       0.003       0.007       0.007       0.009
    KCAL04         -26.841     -25.123     -23.933     -19.054     -14.333     -13.570     -12.199
    MET04          -11.250     -10.801     -10.712      -9.923      -9.215      -9.103      -8.891
    Q1              -0.066      -0.065      -0.065      -0.063      -0.060      -0.060      -0.059
    Q2              -0.066      -0.065      -0.065      -0.062      -0.061      -0.060      -0.059

 Means
    AGE04           46.990      47.063      47.134      47.385      47.623      47.684      47.803
    GENDER           1.505       1.509       1.511       1.519       1.527       1.529       1.533
    KCAL04        2171.270    2174.952    2176.839    2188.497    2200.025    2201.453    2206.185
    MET04          113.024     113.921     114.307     116.375     118.386     118.656     119.582
    Q1               0.239       0.240       0.243       0.250       0.257       0.258       0.261
    Q2               0.239       0.242       0.243       0.250       0.257       0.258       0.262
    Q3               0.237       0.242       0.243       0.250       0.257       0.258       0.261
    IB              22.923      22.940      22.953      23.016      23.071      23.081      23.097

 Intercepts
    BMI04            0.000       0.000       0.000       0.000       0.000       0.000       0.000
    BMI06            0.000       0.000       0.000       0.000       0.000       0.000       0.000
    BMI09            0.000       0.000       0.000       0.000       0.000       0.000       0.000
    BMI11            0.000       0.000       0.000       0.000       0.000       0.000       0.000
    CMFP04           0.000       0.000       0.000       0.000       0.000       0.000       0.000
    CMFP06           0.000       0.000       0.000       0.000       0.000       0.000       0.000
    CMFP09           0.000       0.000       0.000       0.000       0.000       0.000       0.000
    CMFP11           0.000       0.000       0.000       0.000       0.000       0.000       0.000
    SB               0.222       0.316       0.351       0.513       0.675       0.707       0.818
    ID              14.571      14.861      14.936      15.457      15.981      16.068      16.214
    SD               0.497       0.550       0.568       0.691       0.812       0.839       0.874

 Variances
    AGE04          228.029     229.925     230.677     235.499     240.541     241.408     242.897
    GENDER           0.249       0.249       0.249       0.250       0.250       0.250       0.250
    KCAL04       *********  441441.438  444368.469  458288.875  470965.500  473600.062  479769.688
    MET04        11913.104   12111.364   12206.676   12720.640   13313.822   13427.511   13760.482
    Q1               0.182       0.183       0.184       0.188       0.191       0.192       0.193
    Q2               0.182       0.183       0.184       0.188       0.191       0.192       0.193
    Q3               0.181       0.183       0.184       0.188       0.191       0.192       0.193
    IB               9.736       9.868       9.954      10.333      10.674      10.758      10.942

 Residual Variances
    BMI04            0.728       0.770       0.801       0.967       1.216       1.238       1.281
    BMI06            1.184       1.209       1.225       3.132       6.558       6.642       8.310
    BMI09            1.273       1.332       1.361       1.544       1.668       1.697       1.743
    BMI11            5.015       5.832       6.196      13.565      23.849      26.469      35.684
    CMFP04          15.028      15.430      15.565      16.334      17.100      17.265      17.500
    CMFP06          17.922      18.115      18.218      18.838      19.465      19.585      19.797
    CMFP09          18.585      18.862      19.007      19.756      20.503      20.639      20.986
    CMFP11          21.009      21.343      21.558      22.612      23.631      23.912      24.241
    SB               0.035       0.038       0.039       0.046       0.053       0.054       0.058
    ID               4.354       4.751       4.908       5.610       6.271       6.457       6.719
    SD               0.017       0.033       0.042       0.076       0.110       0.114       0.124

New/Additional Parameters
    IND1            -0.044      -0.034      -0.030      -0.017      -0.005      -0.001       0.006
    IND2            -0.057      -0.044      -0.039      -0.024      -0.008      -0.004       0.004
    IND3            -0.103      -0.085      -0.078      -0.050      -0.021      -0.015      -0.002
    DI1             -0.013      -0.002       0.003       0.026       0.053       0.057       0.069
    DI2             -0.045      -0.031      -0.025       0.003       0.031       0.038       0.050
    DI3             -0.063      -0.050      -0.039      -0.004       0.033       0.041       0.063
    TO1             -0.022      -0.015      -0.011       0.009       0.030       0.037       0.042
    TO2             -0.054      -0.048      -0.044      -0.020       0.004       0.009       0.019
    TO3             -0.090      -0.083      -0.078      -0.054      -0.027      -0.022      -0.013
    IND_L_1         -0.025      -0.022      -0.021      -0.014      -0.008      -0.007      -0.005
    IND_L_2         -0.037      -0.031      -0.029      -0.020      -0.011      -0.009      -0.007
    IND_L_3         -0.078      -0.067      -0.063      -0.045      -0.024      -0.021      -0.016
    IND_S_1         -0.023      -0.015      -0.013      -0.003       0.005       0.007       0.012
    IND_S_2         -0.029      -0.017      -0.014      -0.003       0.005       0.009       0.015
    IND_S_3         -0.036      -0.024      -0.020      -0.005       0.008       0.011       0.021


TECHNICAL 1 OUTPUT


     PARAMETER SPECIFICATION


           NU
              BMI04         BMI06         BMI09         BMI11         CMFP04
              ________      ________      ________      ________      ________
 1                  0             0             0             0             0


           NU
              CMFP06        CMFP09        CMFP11        AGE04         GENDER
              ________      ________      ________      ________      ________
 1                  0             0             0             0             0


           NU
              KCAL04        MET04         Q1            Q2            Q3
              ________      ________      ________      ________      ________
 1                  0             0             0             0             0


           LAMBDA
              IB            SB            ID            SD            AGE04
              ________      ________      ________      ________      ________
 BMI04              0             0             0             0             0
 BMI06              0             0             0             0             0
 BMI09              0             0             0             0             0
 BMI11              0             0             0             0             0
 CMFP04             0             0             0             0             0
 CMFP06             0             0             0             0             0
 CMFP09             0             0             0             0             0
 CMFP11             0             0             0             0             0
 AGE04              0             0             0             0             0
 GENDER             0             0             0             0             0
 KCAL04             0             0             0             0             0
 MET04              0             0             0             0             0
 Q1                 0             0             0             0             0
 Q2                 0             0             0             0             0
 Q3                 0             0             0             0             0


           LAMBDA
              GENDER        KCAL04        MET04         Q1            Q2
              ________      ________      ________      ________      ________
 BMI04              0             0             0             0             0
 BMI06              0             0             0             0             0
 BMI09              0             0             0             0             0
 BMI11              0             0             0             0             0
 CMFP04             0             0             0             0             0
 CMFP06             0             0             0             0             0
 CMFP09             0             0             0             0             0
 CMFP11             0             0             0             0             0
 AGE04              0             0             0             0             0
 GENDER             0             0             0             0             0
 KCAL04             0             0             0             0             0
 MET04              0             0             0             0             0
 Q1                 0             0             0             0             0
 Q2                 0             0             0             0             0
 Q3                 0             0             0             0             0


           LAMBDA
              Q3
              ________
 BMI04              0
 BMI06              0
 BMI09              0
 BMI11              0
 CMFP04             0
 CMFP06             0
 CMFP09             0
 CMFP11             0
 AGE04              0
 GENDER             0
 KCAL04             0
 MET04              0
 Q1                 0
 Q2                 0
 Q3                 0


           THETA
              BMI04         BMI06         BMI09         BMI11         CMFP04
              ________      ________      ________      ________      ________
 BMI04              1
 BMI06              0             2
 BMI09              0             0             3
 BMI11              0             0             0             4
 CMFP04             0             0             0             0             5
 CMFP06             0             0             0             0             0
 CMFP09             0             0             0             0             0
 CMFP11             0             0             0             0             0
 AGE04              0             0             0             0             0
 GENDER             0             0             0             0             0
 KCAL04             0             0             0             0             0
 MET04              0             0             0             0             0
 Q1                 0             0             0             0             0
 Q2                 0             0             0             0             0
 Q3                 0             0             0             0             0


           THETA
              CMFP06        CMFP09        CMFP11        AGE04         GENDER
              ________      ________      ________      ________      ________
 CMFP06             6
 CMFP09             0             7
 CMFP11             0             0             8
 AGE04              0             0             0             0
 GENDER             0             0             0             0             0
 KCAL04             0             0             0             0             0
 MET04              0             0             0             0             0
 Q1                 0             0             0             0             0
 Q2                 0             0             0             0             0
 Q3                 0             0             0             0             0


           THETA
              KCAL04        MET04         Q1            Q2            Q3
              ________      ________      ________      ________      ________
 KCAL04             0
 MET04              0             0
 Q1                 0             0             0
 Q2                 0             0             0             0
 Q3                 0             0             0             0             0


           ALPHA
              IB            SB            ID            SD            AGE04
              ________      ________      ________      ________      ________
 1                  9            10            11            12            13


           ALPHA
              GENDER        KCAL04        MET04         Q1            Q2
              ________      ________      ________      ________      ________
 1                 14            15            16            17            18


           ALPHA
              Q3
              ________
 1                 19


           BETA
              IB            SB            ID            SD            AGE04
              ________      ________      ________      ________      ________
 IB                 0             0             0             0             0
 SB                 0             0            20            21            22
 ID                 0             0             0             0            29
 SD                 0             0             0             0            36
 AGE04              0             0             0             0             0
 GENDER             0             0             0             0             0
 KCAL04             0             0             0             0             0
 MET04              0             0             0             0             0
 Q1                 0             0             0             0             0
 Q2                 0             0             0             0             0
 Q3                 0             0             0             0             0


           BETA
              GENDER        KCAL04        MET04         Q1            Q2
              ________      ________      ________      ________      ________
 IB                 0             0             0             0             0
 SB                23            24            25            26            27
 ID                30            31            32            33            34
 SD                37            38            39            40            41
 AGE04              0             0             0             0             0
 GENDER             0             0             0             0             0
 KCAL04             0             0             0             0             0
 MET04              0             0             0             0             0
 Q1                 0             0             0             0             0
 Q2                 0             0             0             0             0
 Q3                 0             0             0             0             0


           BETA
              Q3
              ________
 IB                 0
 SB                28
 ID                35
 SD                42
 AGE04              0
 GENDER             0
 KCAL04             0
 MET04              0
 Q1                 0
 Q2                 0
 Q3                 0


           PSI
              IB            SB            ID            SD            AGE04
              ________      ________      ________      ________      ________
 IB                43
 SB                44            45
 ID                 0             0            46
 SD                 0             0            47            48
 AGE04             49             0             0             0            50
 GENDER            51             0             0             0            52
 KCAL04            54             0             0             0            55
 MET04             58             0             0             0            59
 Q1                63             0             0             0            64
 Q2                69             0             0             0            70
 Q3                76             0             0             0            77


           PSI
              GENDER        KCAL04        MET04         Q1            Q2
              ________      ________      ________      ________      ________
 GENDER            53
 KCAL04            56            57
 MET04             60            61            62
 Q1                65            66            67            68
 Q2                71            72            73            74            75
 Q3                78            79            80            81            82


           PSI
              Q3
              ________
 Q3                83


     PARAMETER SPECIFICATION FOR THE ADDITIONAL PARAMETERS


           NEW/ADDITIONAL PARAMETERS
              IND1          IND2          IND3          DI1           DI2
              ________      ________      ________      ________      ________
 1                 84            85            86            87            88


           NEW/ADDITIONAL PARAMETERS
              DI3           TO1           TO2           TO3           IND_L_1
              ________      ________      ________      ________      ________
 1                 89            90            91            92            93


           NEW/ADDITIONAL PARAMETERS
              IND_L_2       IND_L_3       IND_S_1       IND_S_2       IND_S_3
              ________      ________      ________      ________      ________
 1                 94            95            96            97            98


     STARTING VALUES


           NU
              BMI04         BMI06         BMI09         BMI11         CMFP04
              ________      ________      ________      ________      ________
 1              0.000         0.000         0.000         0.000         0.000


           NU
              CMFP06        CMFP09        CMFP11        AGE04         GENDER
              ________      ________      ________      ________      ________
 1              0.000         0.000         0.000         0.000         0.000


           NU
              KCAL04        MET04         Q1            Q2            Q3
              ________      ________      ________      ________      ________
 1              0.000         0.000         0.000         0.000         0.000


           LAMBDA
              IB            SB            ID            SD            AGE04
              ________      ________      ________      ________      ________
 BMI04          1.000         0.000         0.000         0.000         0.000
 BMI06          1.000         2.000         0.000         0.000         0.000
 BMI09          1.000         5.000         0.000         0.000         0.000
 BMI11          1.000         7.000         0.000         0.000         0.000
 CMFP04         0.000         0.000         1.000         0.000         0.000
 CMFP06         0.000         0.000         1.000         2.000         0.000
 CMFP09         0.000         0.000         1.000         5.000         0.000
 CMFP11         0.000         0.000         1.000         7.000         0.000
 AGE04          0.000         0.000         0.000         0.000         1.000
 GENDER         0.000         0.000         0.000         0.000         0.000
 KCAL04         0.000         0.000         0.000         0.000         0.000
 MET04          0.000         0.000         0.000         0.000         0.000
 Q1             0.000         0.000         0.000         0.000         0.000
 Q2             0.000         0.000         0.000         0.000         0.000
 Q3             0.000         0.000         0.000         0.000         0.000


           LAMBDA
              GENDER        KCAL04        MET04         Q1            Q2
              ________      ________      ________      ________      ________
 BMI04          0.000         0.000         0.000         0.000         0.000
 BMI06          0.000         0.000         0.000         0.000         0.000
 BMI09          0.000         0.000         0.000         0.000         0.000
 BMI11          0.000         0.000         0.000         0.000         0.000
 CMFP04         0.000         0.000         0.000         0.000         0.000
 CMFP06         0.000         0.000         0.000         0.000         0.000
 CMFP09         0.000         0.000         0.000         0.000         0.000
 CMFP11         0.000         0.000         0.000         0.000         0.000
 AGE04          0.000         0.000         0.000         0.000         0.000
 GENDER         1.000         0.000         0.000         0.000         0.000
 KCAL04         0.000         1.000         0.000         0.000         0.000
 MET04          0.000         0.000         1.000         0.000         0.000
 Q1             0.000         0.000         0.000         1.000         0.000
 Q2             0.000         0.000         0.000         0.000         1.000
 Q3             0.000         0.000         0.000         0.000         0.000


           LAMBDA
              Q3
              ________
 BMI04          0.000
 BMI06          0.000
 BMI09          0.000
 BMI11          0.000
 CMFP04         0.000
 CMFP06         0.000
 CMFP09         0.000
 CMFP11         0.000
 AGE04          0.000
 GENDER         0.000
 KCAL04         0.000
 MET04          0.000
 Q1             0.000
 Q2             0.000
 Q3             1.000


           THETA
              BMI04         BMI06         BMI09         BMI11         CMFP04
              ________      ________      ________      ________      ________
 BMI04          5.617
 BMI06          0.000         6.364
 BMI09          0.000         0.000         5.891
 BMI11          0.000         0.000         0.000        11.820
 CMFP04         0.000         0.000         0.000         0.000        11.601
 CMFP06         0.000         0.000         0.000         0.000         0.000
 CMFP09         0.000         0.000         0.000         0.000         0.000
 CMFP11         0.000         0.000         0.000         0.000         0.000
 AGE04          0.000         0.000         0.000         0.000         0.000
 GENDER         0.000         0.000         0.000         0.000         0.000
 KCAL04         0.000         0.000         0.000         0.000         0.000
 MET04          0.000         0.000         0.000         0.000         0.000
 Q1             0.000         0.000         0.000         0.000         0.000
 Q2             0.000         0.000         0.000         0.000         0.000
 Q3             0.000         0.000         0.000         0.000         0.000


           THETA
              CMFP06        CMFP09        CMFP11        AGE04         GENDER
              ________      ________      ________      ________      ________
 CMFP06        12.501
 CMFP09         0.000        13.465
 CMFP11         0.000         0.000        14.557
 AGE04          0.000         0.000         0.000         0.000
 GENDER         0.000         0.000         0.000         0.000         0.000
 KCAL04         0.000         0.000         0.000         0.000         0.000
 MET04          0.000         0.000         0.000         0.000         0.000
 Q1             0.000         0.000         0.000         0.000         0.000
 Q2             0.000         0.000         0.000         0.000         0.000
 Q3             0.000         0.000         0.000         0.000         0.000


           THETA
              KCAL04        MET04         Q1            Q2            Q3
              ________      ________      ________      ________      ________
 KCAL04         0.000
 MET04          0.000         0.000
 Q1             0.000         0.000         0.000
 Q2             0.000         0.000         0.000         0.000
 Q3             0.000         0.000         0.000         0.000         0.000


           ALPHA
              IB            SB            ID            SD            AGE04
              ________      ________      ________      ________      ________
 1             23.091         0.035        19.070         0.137        47.385


           ALPHA
              GENDER        KCAL04        MET04         Q1            Q2
              ________      ________      ________      ________      ________
 1              1.519      2188.497       118.186         0.250         0.250


           ALPHA
              Q3
              ________
 1              0.250


           BETA
              IB            SB            ID            SD            AGE04
              ________      ________      ________      ________      ________
 IB             0.000         0.000         0.000         0.000         0.000
 SB             0.000         0.000         0.000         0.000         0.000
 ID             0.000         0.000         0.000         0.000         0.000
 SD             0.000         0.000         0.000         0.000         0.000
 AGE04          0.000         0.000         0.000         0.000         0.000
 GENDER         0.000         0.000         0.000         0.000         0.000
 KCAL04         0.000         0.000         0.000         0.000         0.000
 MET04          0.000         0.000         0.000         0.000         0.000
 Q1             0.000         0.000         0.000         0.000         0.000
 Q2             0.000         0.000         0.000         0.000         0.000
 Q3             0.000         0.000         0.000         0.000         0.000


           BETA
              GENDER        KCAL04        MET04         Q1            Q2
              ________      ________      ________      ________      ________
 IB             0.000         0.000         0.000         0.000         0.000
 SB             0.000         0.000         0.000         0.000         0.000
 ID             0.000         0.000         0.000         0.000         0.000
 SD             0.000         0.000         0.000         0.000         0.000
 AGE04          0.000         0.000         0.000         0.000         0.000
 GENDER         0.000         0.000         0.000         0.000         0.000
 KCAL04         0.000         0.000         0.000         0.000         0.000
 MET04          0.000         0.000         0.000         0.000         0.000
 Q1             0.000         0.000         0.000         0.000         0.000
 Q2             0.000         0.000         0.000         0.000         0.000
 Q3             0.000         0.000         0.000         0.000         0.000


           BETA
              Q3
              ________
 IB             0.000
 SB             0.000
 ID             0.000
 SD             0.000
 AGE04          0.000
 GENDER         0.000
 KCAL04         0.000
 MET04          0.000
 Q1             0.000
 Q2             0.000
 Q3             0.000


           PSI
              IB            SB            ID            SD            AGE04
              ________      ________      ________      ________      ________
 IB            11.513
 SB             0.000         0.570
 ID             0.000         0.000        23.353
 SD             0.000         0.000         0.000         6.456
 AGE04          0.000         0.000         0.000         0.000       117.749
 GENDER         0.000         0.000         0.000         0.000         0.000
 KCAL04         0.000         0.000         0.000         0.000         0.000
 MET04          0.000         0.000         0.000         0.000         0.000
 Q1             0.000         0.000         0.000         0.000         0.000
 Q2             0.000         0.000         0.000         0.000         0.000
 Q3             0.000         0.000         0.000         0.000         0.000


           PSI
              GENDER        KCAL04        MET04         Q1            Q2
              ________      ________      ________      ________      ________
 GENDER         0.125
 KCAL04         0.000    229144.438
 MET04          0.000         0.000      6315.442
 Q1             0.000         0.000         0.000         0.094
 Q2             0.000         0.000         0.000         0.000         0.094
 Q3             0.000         0.000         0.000         0.000         0.000


           PSI
              Q3
              ________
 Q3             0.094


     STARTING VALUES FOR THE ADDITIONAL PARAMETERS


           NEW/ADDITIONAL PARAMETERS
              IND1          IND2          IND3          DI1           DI2
              ________      ________      ________      ________      ________
 1              0.500         0.500         0.500         0.500         0.500


           NEW/ADDITIONAL PARAMETERS
              DI3           TO1           TO2           TO3           IND_L_1
              ________      ________      ________      ________      ________
 1              0.500         0.500         0.500         0.500         0.500


           NEW/ADDITIONAL PARAMETERS
              IND_L_2       IND_L_3       IND_S_1       IND_S_2       IND_S_3
              ________      ________      ________      ________      ________
 1              0.500         0.500         0.500         0.500         0.500


TECHNICAL 8 OUTPUT


   E STEP  ITER  LOGLIKELIHOOD    ABS CHANGE   REL CHANGE  ALGORITHM
              1 -0.36446129D+06    0.0000000    0.0000000  EM
              2 -0.33712435D+06 ************    0.0750064  EM
              3 -0.33712435D+06    0.0000000    0.0000000  EM


DIAGRAM INFORMATION

  Use View Diagram under the Diagram menu in the Mplus Editor to view the diagram.
  If running Mplus from the Mplus Diagrammer, the diagram opens automatically.

  Diagram output
    c:\users\likai\documents\git_repo\dqmedi\mplus\longitudinal\cmfp bmi mediation ib with sb.dgm

     Beginning Time:  10:58:00
        Ending Time:  11:14:38
       Elapsed Time:  00:16:38



MUTHEN & MUTHEN
3463 Stoner Ave.
Los Angeles, CA  90066

Tel: (310) 391-9971
Fax: (310) 391-8971
Web: www.StatModel.com
Support: Support@StatModel.com

Copyright (c) 1998-2015 Muthen & Muthen
