Mplus VERSION 7.4
MUTHEN & MUTHEN
05/05/2019   3:23 PM

INPUT INSTRUCTIONS

  DATA: File is id0411.csv;

  VARIABLE: Names are IDind age04 kcal04 bmi04
                                    hwr04 wc04 diasto04 systo04
                                    gender educ04 indinc04 index04
                                    met04 cmfp04 dash04 ahei04 age06
                                    kcal06 bmi06 hwr06 wc06 diasto06
                                    systo06 educ06 indinc06 index06
                                    met06 cmfp06 dash06 ahei06 age09
                                    kcal09 bmi09 hwr09 wc09 diasto09
                                    systo09 educ09 indinc09 index09
                                    met09 cmfp09 dash09 ahei09 age11
                                    kcal11 bmi11 hwr11 wc11 diasto11
                                    systo11 educ11 indinc11 ndex11
                                    met11 cmfp11 dash11 ahei11
                                    q_index q1 q2 q3;

           Usev are  age04 gender kcal04 met04
                     bmi04 bmi06 bmi09 bmi11
                     cmfp04 cmfp06 cmfp09 cmfp11
                     q1 q2 q3;


           Missing are all(999);


  ANALYSIS:
  Type=random;
  ALGORITHM=INTEGRATION;
  Estimator=ML;
  bootstrap = 1000;


  MODEL:
  age04 gender kcal04 met04
  bmi04 bmi06 bmi09 bmi11
  cmfp04 cmfp06 cmfp09 cmfp11 q1 q2 q3;

  ib sb | bmi04@0 bmi06@2 bmi09@5 bmi11@7;
  id sd | cmfp04@0 cmfp06@2 cmfp09@5 cmfp11@7;

  id with sd;

  id on q1(ai1)
        q2(ai2)
        q3(ai3)
        age04 gender kcal04 met04;

  sd on q1(as1)
        q2(as2)
        q3(as3)
        age04 gender kcal04 met04;

  sb on id(bi)
        sd(bs)
        q1(c1)
        q2(c2)
        q3(c3)
        age04 gender kcal04 met04;


  MODEL CONSTRAINT:
  NEW (ind1 ind2 ind3 di1 di2 di3 to1 to2 to3
   ind_l_1 ind_l_2 ind_l_3
  ind_s_1 ind_s_2 ind_s_3);
  ind1=as1*bs+ai1*bi;
  ind2=as2*bs+ai2*bi;
  ind3=as3*bs+ai3*bi;
  to1=as1*bs+ai1*bi+c1;
  to2=as2*bs+ai2*bi+c2;
  to3=as3*bs+ai3*bi+c3;
  di1=c1;
  di2=c2;
  di3=c3;
  ind_l_1=ai1*bi;
  ind_l_2=ai2*bi;
  ind_l_3=ai3*bi;
  ind_s_1=as1*bs;
  ind_s_2=as2*bs;
  ind_s_3=as3*bs;

  OUTPUT: tech1 tech8 cinterval(BOOTSTRAP);



INPUT READING TERMINATED NORMALLY




SUMMARY OF ANALYSIS

Number of groups                                                 1
Number of observations                                        9547

Number of dependent variables                                    8
Number of independent variables                                  7
Number of continuous latent variables                            4

Observed dependent variables

  Continuous
   BMI04       BMI06       BMI09       BMI11       CMFP04      CMFP06
   CMFP09      CMFP11

Observed independent variables
   AGE04       GENDER      KCAL04      MET04       Q1          Q2
   Q3

Continuous latent variables
   IB          SB          ID          SD


Estimator                                                       ML
Information matrix                                        OBSERVED
Optimization Specifications for the Quasi-Newton Algorithm for
Continuous Outcomes
  Maximum number of iterations                                 100
  Convergence criterion                                  0.100D-05
Optimization Specifications for the EM Algorithm
  Maximum number of iterations                                 500
  Convergence criteria
    Loglikelihood change                                 0.100D-02
    Relative loglikelihood change                        0.100D-05
    Derivative                                           0.100D-02
Optimization Specifications for the M step of the EM Algorithm for
Categorical Latent variables
  Number of M step iterations                                    1
  M step convergence criterion                           0.100D-02
  Basis for M step termination                           ITERATION
Optimization Specifications for the M step of the EM Algorithm for
Censored, Binary or Ordered Categorical (Ordinal), Unordered
Categorical (Nominal) and Count Outcomes
  Number of M step iterations                                    1
  M step convergence criterion                           0.100D-02
  Basis for M step termination                           ITERATION
  Maximum value for logit thresholds                            15
  Minimum value for logit thresholds                           -15
  Minimum expected cell size for chi-square              0.100D-01
Maximum number of iterations for H1                           2000
Convergence criterion for H1                             0.100D-03
Number of bootstrap draws
    Requested                                                 1000
    Completed                                                 1000
Optimization algorithm                                         EMA
Integration Specifications
  Type                                                    STANDARD
  Number of integration points                                  15
  Dimensions of numerical integration                            0
  Adaptive quadrature                                           ON
Cholesky                                                       OFF

Input data file(s)
  id0411.csv
Input data format  FREE


SUMMARY OF DATA

     Number of missing data patterns           141


COVARIANCE COVERAGE OF DATA

Minimum covariance coverage value   0.100


     PROPORTION OF DATA PRESENT FOR Y


           Covariance Coverage
              BMI04         BMI06         BMI09         BMI11         CMFP04
              ________      ________      ________      ________      ________
 BMI04          0.928
 BMI06          0.690         0.727
 BMI09          0.589         0.537         0.623
 BMI11          0.533         0.483         0.503         0.564
 CMFP04         0.928         0.727         0.623         0.564         1.000
 CMFP06         0.721         0.717         0.559         0.504         0.769
 CMFP09         0.608         0.553         0.616         0.514         0.648
 CMFP11         0.537         0.486         0.504         0.553         0.571
 AGE04          0.928         0.727         0.623         0.564         1.000
 GENDER         0.928         0.727         0.623         0.564         1.000
 KCAL04         0.928         0.727         0.623         0.564         1.000
 MET04          0.848         0.667         0.576         0.523         0.901
 Q1             0.927         0.726         0.622         0.563         0.999
 Q2             0.927         0.726         0.622         0.563         0.999
 Q3             0.927         0.726         0.622         0.563         0.999


           Covariance Coverage
              CMFP06        CMFP09        CMFP11        AGE04         GENDER
              ________      ________      ________      ________      ________
 CMFP06         0.769
 CMFP09         0.580         0.648
 CMFP11         0.509         0.518         0.571
 AGE04          0.769         0.648         0.571         1.000
 GENDER         0.769         0.648         0.571         1.000         1.000
 KCAL04         0.769         0.648         0.571         1.000         1.000
 MET04          0.703         0.597         0.529         0.901         0.901
 Q1             0.768         0.647         0.570         0.999         0.999
 Q2             0.768         0.647         0.570         0.999         0.999
 Q3             0.768         0.647         0.570         0.999         0.999


           Covariance Coverage
              KCAL04        MET04         Q1            Q2            Q3
              ________      ________      ________      ________      ________
 KCAL04         1.000
 MET04          0.901         0.901
 Q1             0.999         0.900         0.999
 Q2             0.999         0.900         0.999         0.999
 Q3             0.999         0.900         0.999         0.999         0.999



THE MODEL ESTIMATION TERMINATED NORMALLY



MODEL FIT INFORMATION

Number of Free Parameters                       82

Loglikelihood

          H0 Value                     -337138.925

Information Criteria

          Akaike (AIC)                  674441.850
          Bayesian (BIC)                675029.296
          Sample-Size Adjusted BIC      674768.713
            (n* = (n + 2) / 24)



MODEL RESULTS

                                                    Two-Tailed
                    Estimate       S.E.  Est./S.E.    P-Value

 IB       |
    BMI04              1.000      0.000    999.000    999.000
    BMI06              1.000      0.000    999.000    999.000
    BMI09              1.000      0.000    999.000    999.000
    BMI11              1.000      0.000    999.000    999.000

 SB       |
    BMI04              0.000      0.000    999.000    999.000
    BMI06              2.000      0.000    999.000    999.000
    BMI09              5.000      0.000    999.000    999.000
    BMI11              7.000      0.000    999.000    999.000

 ID       |
    CMFP04             1.000      0.000    999.000    999.000
    CMFP06             1.000      0.000    999.000    999.000
    CMFP09             1.000      0.000    999.000    999.000
    CMFP11             1.000      0.000    999.000    999.000

 SD       |
    CMFP04             0.000      0.000    999.000    999.000
    CMFP06             2.000      0.000    999.000    999.000
    CMFP09             5.000      0.000    999.000    999.000
    CMFP11             7.000      0.000    999.000    999.000

 SB         ON
    ID                -0.013      0.004     -3.716      0.000
    SD                -0.042      0.076     -0.553      0.580

 ID         ON
    Q1                 1.061      0.102     10.428      0.000
    Q2                 1.503      0.117     12.794      0.000
    Q3                 3.319      0.140     23.635      0.000
    AGE04              0.004      0.003      1.440      0.150
    GENDER             0.466      0.090      5.168      0.000
    KCAL04             0.000      0.000      6.227      0.000
    MET04              0.002      0.000      3.497      0.000

 SD         ON
    Q1                 0.073      0.026      2.756      0.006
    Q2                 0.081      0.029      2.742      0.006
    Q3                 0.117      0.032      3.621      0.000
    AGE04             -0.005      0.001     -5.923      0.000
    GENDER            -0.029      0.022     -1.346      0.178
    KCAL04             0.000      0.000     -5.904      0.000
    MET04              0.000      0.000     -0.519      0.604

 SB         ON
    Q1                 0.027      0.015      1.777      0.076
    Q2                 0.004      0.017      0.207      0.836
    Q3                -0.003      0.023     -0.123      0.902
    AGE04             -0.004      0.000     -8.019      0.000
    GENDER            -0.009      0.010     -0.951      0.342
    KCAL04             0.000      0.000      0.794      0.427
    MET04              0.000      0.000     -0.090      0.929

 ID       WITH
    SD                -0.300      0.082     -3.673      0.000

 AGE04    WITH
    IB                 3.932      0.600      6.550      0.000

 GENDER   WITH
    IB                 0.050      0.018      2.753      0.006

 KCAL04   WITH
    IB                56.401     23.859      2.364      0.018

 MET04    WITH
    IB               -18.963      4.058     -4.673      0.000

 Q1       WITH
    IB                -0.074      0.015     -4.966      0.000

 Q2       WITH
    IB                 0.110      0.015      7.520      0.000

 Q3       WITH
    IB                 0.085      0.016      5.422      0.000

 GENDER   WITH
    AGE04              0.199      0.078      2.550      0.011

 KCAL04   WITH
    AGE04          -1363.375    109.784    -12.419      0.000
    GENDER           -91.666      3.306    -27.724      0.000

 MET04    WITH
    AGE04           -419.605     17.320    -24.227      0.000
    GENDER            -8.086      0.606    -13.338      0.000
    KCAL04         15955.761    879.670     18.138      0.000

 Q1       WITH
    AGE04             -0.283      0.066     -4.300      0.000
    GENDER            -0.002      0.002     -0.817      0.414
    KCAL04            13.548      2.923      4.635      0.000
    MET04              5.246      0.520     10.080      0.000

 Q2       WITH
    AGE04              0.044      0.069      0.644      0.520
    GENDER             0.000      0.002      0.201      0.841
    KCAL04            -6.227      2.903     -2.145      0.032
    MET04             -5.788      0.459    -12.596      0.000
    Q1                -0.063      0.001    -49.201      0.000

 Q3       WITH
    AGE04              0.452      0.069      6.533      0.000
    GENDER             0.003      0.002      1.316      0.188
    KCAL04           -19.054      2.931     -6.501      0.000
    MET04             -9.923      0.444    -22.365      0.000
    Q1                -0.063      0.001    -48.781      0.000
    Q2                -0.062      0.001    -50.663      0.000

 Means
    AGE04             47.385      0.152    311.364      0.000
    GENDER             1.519      0.005    289.604      0.000
    KCAL04          2188.497      6.913    316.566      0.000
    MET04            116.374      1.211     96.096      0.000
    Q1                 0.250      0.004     56.737      0.000
    Q2                 0.250      0.004     57.935      0.000
    Q3                 0.250      0.004     57.896      0.000
    IB                23.013      0.035    663.346      0.000

 Intercepts
    BMI04              0.000      0.000    999.000    999.000
    BMI06              0.000      0.000    999.000    999.000
    BMI09              0.000      0.000    999.000    999.000
    BMI11              0.000      0.000    999.000    999.000
    CMFP04             0.000      0.000    999.000    999.000
    CMFP06             0.000      0.000    999.000    999.000
    CMFP09             0.000      0.000    999.000    999.000
    CMFP11             0.000      0.000    999.000    999.000
    SB                 0.511      0.103      4.967      0.000
    ID                15.457      0.309     49.988      0.000
    SD                 0.691      0.074      9.380      0.000

 Variances
    AGE04            235.499      2.976     79.132      0.000
    GENDER             0.250      0.000   1227.022      0.000
    KCAL04         *********   8168.494     56.104      0.000
    MET04          12720.686    342.338     37.158      0.000
    Q1                 0.188      0.002     85.041      0.000
    Q2                 0.188      0.002     86.913      0.000
    Q3                 0.188      0.002     86.655      0.000
    IB                 9.943      0.182     54.595      0.000

 Residual Variances
    BMI04              1.223      0.060     20.481      0.000
    BMI06              3.048      1.763      1.729      0.084
    BMI09              1.592      0.102     15.651      0.000
    BMI11             13.737      5.707      2.407      0.016
    CMFP04            16.334      0.469     34.824      0.000
    CMFP06            18.838      0.375     50.177      0.000
    CMFP09            19.757      0.452     43.725      0.000
    CMFP11            22.611      0.637     35.518      0.000
    SB                 0.032      0.005      6.879      0.000
    ID                 5.610      0.424     13.216      0.000
    SD                 0.076      0.020      3.729      0.000

New/Additional Parameters
    IND1              -0.017      0.008     -2.061      0.039
    IND2              -0.024      0.010     -2.278      0.023
    IND3              -0.050      0.018     -2.690      0.007
    DI1                0.027      0.015      1.777      0.076
    DI2                0.004      0.017      0.207      0.836
    DI3               -0.003      0.023     -0.123      0.902
    TO1                0.010      0.013      0.759      0.448
    TO2               -0.020      0.014     -1.430      0.153
    TO3               -0.053      0.015     -3.411      0.001
    IND_L_1           -0.014      0.004     -3.508      0.000
    IND_L_2           -0.020      0.006     -3.569      0.000
    IND_L_3           -0.045      0.012     -3.702      0.000
    IND_S_1           -0.003      0.006     -0.527      0.598
    IND_S_2           -0.003      0.006     -0.530      0.596
    IND_S_3           -0.005      0.009     -0.544      0.586


CONFIDENCE INTERVALS OF MODEL RESULTS

                  Lower .5%  Lower 2.5%    Lower 5%    Estimate    Upper 5%  Upper 2.5%   Upper .5%

 IB       |
    BMI04            1.000       1.000       1.000       1.000       1.000       1.000       1.000
    BMI06            1.000       1.000       1.000       1.000       1.000       1.000       1.000
    BMI09            1.000       1.000       1.000       1.000       1.000       1.000       1.000
    BMI11            1.000       1.000       1.000       1.000       1.000       1.000       1.000

 SB       |
    BMI04            0.000       0.000       0.000       0.000       0.000       0.000       0.000
    BMI06            2.000       2.000       2.000       2.000       2.000       2.000       2.000
    BMI09            5.000       5.000       5.000       5.000       5.000       5.000       5.000
    BMI11            7.000       7.000       7.000       7.000       7.000       7.000       7.000

 ID       |
    CMFP04           1.000       1.000       1.000       1.000       1.000       1.000       1.000
    CMFP06           1.000       1.000       1.000       1.000       1.000       1.000       1.000
    CMFP09           1.000       1.000       1.000       1.000       1.000       1.000       1.000
    CMFP11           1.000       1.000       1.000       1.000       1.000       1.000       1.000

 SD       |
    CMFP04           0.000       0.000       0.000       0.000       0.000       0.000       0.000
    CMFP06           2.000       2.000       2.000       2.000       2.000       2.000       2.000
    CMFP09           5.000       5.000       5.000       5.000       5.000       5.000       5.000
    CMFP11           7.000       7.000       7.000       7.000       7.000       7.000       7.000

 SB       ON
    ID              -0.023      -0.020      -0.019      -0.013      -0.007      -0.007      -0.005
    SD              -0.323      -0.187      -0.159      -0.042       0.068       0.091       0.174

 ID       ON
    Q1               0.798       0.851       0.895       1.061       1.222       1.250       1.314
    Q2               1.184       1.269       1.306       1.503       1.694       1.742       1.819
    Q3               2.959       3.030       3.085       3.319       3.542       3.574       3.660
    AGE04           -0.004      -0.002      -0.001       0.004       0.010       0.011       0.013
    GENDER           0.216       0.281       0.315       0.466       0.616       0.645       0.687
    KCAL04           0.000       0.000       0.000       0.000       0.001       0.001       0.001
    MET04            0.000       0.001       0.001       0.002       0.003       0.003       0.003

 SD       ON
    Q1               0.002       0.019       0.033       0.073       0.115       0.125       0.142
    Q2               0.008       0.025       0.033       0.081       0.130       0.139       0.153
    Q3               0.037       0.059       0.069       0.117       0.173       0.182       0.199
    AGE04           -0.007      -0.006      -0.006      -0.005      -0.003      -0.003      -0.003
    GENDER          -0.082      -0.073      -0.067      -0.029       0.005       0.013       0.027
    KCAL04           0.000       0.000       0.000       0.000       0.000       0.000       0.000
    MET04            0.000       0.000       0.000       0.000       0.000       0.000       0.000

 SB       ON
    Q1              -0.013      -0.001       0.004       0.027       0.054       0.059       0.070
    Q2              -0.044      -0.030      -0.025       0.004       0.031       0.038       0.051
    Q3              -0.064      -0.049      -0.038      -0.003       0.034       0.042       0.064
    AGE04           -0.006      -0.005      -0.005      -0.004      -0.003      -0.003      -0.003
    GENDER          -0.034      -0.028      -0.025      -0.009       0.008       0.011       0.016
    KCAL04           0.000       0.000       0.000       0.000       0.000       0.000       0.000
    MET04            0.000       0.000       0.000       0.000       0.000       0.000       0.000

 ID       WITH
    SD              -0.518      -0.464      -0.431      -0.300      -0.164      -0.138      -0.091

 AGE04    WITH
    IB               2.422       2.755       2.890       3.932       4.950       5.135       5.383

 GENDER   WITH
    IB               0.007       0.014       0.020       0.050       0.078       0.084       0.094

 KCAL04   WITH
    IB              -6.997       9.174      16.065      56.401      93.495     101.444     115.953

 MET04    WITH
    IB             -28.836     -26.586     -25.174     -18.963     -12.062     -10.802      -7.558

 Q1       WITH
    IB              -0.111      -0.104      -0.098      -0.074      -0.049      -0.045      -0.037

 Q2       WITH
    IB               0.073       0.081       0.086       0.110       0.133       0.138       0.148

 Q3       WITH
    IB               0.039       0.053       0.059       0.085       0.109       0.113       0.123

 GENDER   WITH
    AGE04           -0.006       0.046       0.064       0.199       0.319       0.343       0.397

 KCAL04   WITH
    AGE04        -1651.838   -1575.775   -1549.657   -1363.375   -1195.060   -1159.546   -1090.140
    GENDER        -101.226     -98.376     -97.286     -91.666     -86.432     -85.485     -83.590

 MET04    WITH
    AGE04         -465.899    -454.432    -449.076    -419.605    -391.962    -387.525    -376.678
    GENDER          -9.705      -9.336      -9.065      -8.086      -7.062      -6.834      -6.564
    KCAL04       13885.385   14314.992   14587.865   15955.761   17461.955   17665.664   18431.838

 Q1       WITH
    AGE04           -0.459      -0.415      -0.397      -0.283      -0.181      -0.166      -0.124
    GENDER          -0.008      -0.007      -0.006      -0.002       0.002       0.002       0.004
    KCAL04           6.706       8.293       9.026      13.548      18.347      19.447      22.162
    MET04            3.860       4.248       4.434       5.246       6.116       6.227       6.505

 Q2       WITH
    AGE04           -0.149      -0.086      -0.064       0.044       0.165       0.182       0.226
    GENDER          -0.005      -0.004      -0.003       0.000       0.004       0.005       0.006
    KCAL04         -13.875     -11.874     -11.130      -6.227      -1.672      -0.692       0.999
    MET04           -7.041      -6.717      -6.546      -5.788      -5.028      -4.914      -4.709
    Q1              -0.066      -0.065      -0.065      -0.063      -0.061      -0.060      -0.060

 Q3       WITH
    AGE04            0.267       0.320       0.338       0.452       0.561       0.588       0.647
    GENDER          -0.003      -0.001      -0.001       0.003       0.007       0.007       0.009
    KCAL04         -26.841     -25.123     -23.933     -19.054     -14.334     -13.570     -12.199
    MET04          -11.250     -10.802     -10.713      -9.923      -9.216      -9.103      -8.892
    Q1              -0.066      -0.065      -0.065      -0.063      -0.060      -0.060      -0.059
    Q2              -0.066      -0.065      -0.065      -0.062      -0.061      -0.060      -0.059

 Means
    AGE04           46.990      47.063      47.134      47.385      47.623      47.684      47.803
    GENDER           1.505       1.509       1.511       1.519       1.527       1.529       1.533
    KCAL04        2171.270    2174.952    2176.839    2188.497    2200.025    2201.453    2206.185
    MET04          113.022     113.921     114.305     116.374     118.386     118.656     119.582
    Q1               0.239       0.240       0.243       0.250       0.257       0.258       0.261
    Q2               0.239       0.242       0.243       0.250       0.257       0.258       0.262
    Q3               0.237       0.242       0.243       0.250       0.257       0.258       0.261
    IB              22.921      22.937      22.951      23.013      23.069      23.078      23.094

 Intercepts
    BMI04            0.000       0.000       0.000       0.000       0.000       0.000       0.000
    BMI06            0.000       0.000       0.000       0.000       0.000       0.000       0.000
    BMI09            0.000       0.000       0.000       0.000       0.000       0.000       0.000
    BMI11            0.000       0.000       0.000       0.000       0.000       0.000       0.000
    CMFP04           0.000       0.000       0.000       0.000       0.000       0.000       0.000
    CMFP06           0.000       0.000       0.000       0.000       0.000       0.000       0.000
    CMFP09           0.000       0.000       0.000       0.000       0.000       0.000       0.000
    CMFP11           0.000       0.000       0.000       0.000       0.000       0.000       0.000
    SB               0.231       0.315       0.350       0.511       0.673       0.706       0.812
    ID              14.571      14.861      14.936      15.457      15.981      16.068      16.215
    SD               0.497       0.550       0.568       0.691       0.812       0.839       0.874

 Variances
    AGE04          228.029     229.925     230.677     235.499     240.541     241.408     242.897
    GENDER           0.249       0.249       0.249       0.250       0.250       0.250       0.250
    KCAL04       *********  441441.438  444368.469  458288.875  470965.500  473600.062  479769.688
    MET04        11913.118   12111.415   12206.775   12720.686   13313.844   13427.523   13760.539
    Q1               0.182       0.183       0.184       0.188       0.191       0.192       0.193
    Q2               0.182       0.183       0.184       0.188       0.191       0.192       0.193
    Q3               0.181       0.183       0.184       0.188       0.191       0.192       0.193
    IB               9.497       9.584       9.642       9.943      10.266      10.314      10.470

 Residual Variances
    BMI04            1.086       1.128       1.144       1.223       1.344       1.360       1.386
    BMI06            1.141       1.169       1.185       3.048       6.447       6.535       8.168
    BMI09            1.303       1.367       1.395       1.592       1.718       1.752       1.810
    BMI11            5.142       5.916       6.298      13.737      24.060      26.735      35.922
    CMFP04          15.027      15.430      15.565      16.334      17.100      17.264      17.500
    CMFP06          17.922      18.115      18.218      18.838      19.466      19.585      19.796
    CMFP09          18.588      18.863      19.009      19.757      20.505      20.640      20.986
    CMFP11          21.006      21.344      21.558      22.611      23.631      23.909      24.242
    SB               0.022       0.025       0.026       0.032       0.042       0.043       0.046
    ID               4.354       4.751       4.906       5.610       6.272       6.458       6.719
    SD               0.018       0.033       0.042       0.076       0.110       0.114       0.124

New/Additional Parameters
    IND1            -0.044      -0.034      -0.031      -0.017      -0.004      -0.002       0.006
    IND2            -0.057      -0.045      -0.040      -0.024      -0.008      -0.004       0.004
    IND3            -0.103      -0.085      -0.079      -0.050      -0.021      -0.015      -0.002
    DI1             -0.013      -0.001       0.004       0.027       0.054       0.059       0.070
    DI2             -0.044      -0.030      -0.025       0.004       0.031       0.038       0.051
    DI3             -0.064      -0.049      -0.038      -0.003       0.034       0.042       0.064
    TO1             -0.021      -0.013      -0.009       0.010       0.031       0.037       0.044
    TO2             -0.053      -0.047      -0.043      -0.020       0.004       0.009       0.019
    TO3             -0.090      -0.081      -0.077      -0.053      -0.026      -0.021      -0.012
    IND_L_1         -0.025      -0.022      -0.021      -0.014      -0.008      -0.007      -0.005
    IND_L_2         -0.037      -0.031      -0.029      -0.020      -0.011      -0.009      -0.007
    IND_L_3         -0.078      -0.068      -0.064      -0.045      -0.025      -0.022      -0.016
    IND_S_1         -0.024      -0.015      -0.013      -0.003       0.005       0.007       0.013
    IND_S_2         -0.029      -0.018      -0.014      -0.003       0.005       0.008       0.015
    IND_S_3         -0.037      -0.025      -0.020      -0.005       0.008       0.010       0.021


TECHNICAL 1 OUTPUT


     PARAMETER SPECIFICATION


           NU
              BMI04         BMI06         BMI09         BMI11         CMFP04
              ________      ________      ________      ________      ________
 1                  0             0             0             0             0


           NU
              CMFP06        CMFP09        CMFP11        AGE04         GENDER
              ________      ________      ________      ________      ________
 1                  0             0             0             0             0


           NU
              KCAL04        MET04         Q1            Q2            Q3
              ________      ________      ________      ________      ________
 1                  0             0             0             0             0


           LAMBDA
              IB            SB            ID            SD            AGE04
              ________      ________      ________      ________      ________
 BMI04              0             0             0             0             0
 BMI06              0             0             0             0             0
 BMI09              0             0             0             0             0
 BMI11              0             0             0             0             0
 CMFP04             0             0             0             0             0
 CMFP06             0             0             0             0             0
 CMFP09             0             0             0             0             0
 CMFP11             0             0             0             0             0
 AGE04              0             0             0             0             0
 GENDER             0             0             0             0             0
 KCAL04             0             0             0             0             0
 MET04              0             0             0             0             0
 Q1                 0             0             0             0             0
 Q2                 0             0             0             0             0
 Q3                 0             0             0             0             0


           LAMBDA
              GENDER        KCAL04        MET04         Q1            Q2
              ________      ________      ________      ________      ________
 BMI04              0             0             0             0             0
 BMI06              0             0             0             0             0
 BMI09              0             0             0             0             0
 BMI11              0             0             0             0             0
 CMFP04             0             0             0             0             0
 CMFP06             0             0             0             0             0
 CMFP09             0             0             0             0             0
 CMFP11             0             0             0             0             0
 AGE04              0             0             0             0             0
 GENDER             0             0             0             0             0
 KCAL04             0             0             0             0             0
 MET04              0             0             0             0             0
 Q1                 0             0             0             0             0
 Q2                 0             0             0             0             0
 Q3                 0             0             0             0             0


           LAMBDA
              Q3
              ________
 BMI04              0
 BMI06              0
 BMI09              0
 BMI11              0
 CMFP04             0
 CMFP06             0
 CMFP09             0
 CMFP11             0
 AGE04              0
 GENDER             0
 KCAL04             0
 MET04              0
 Q1                 0
 Q2                 0
 Q3                 0


           THETA
              BMI04         BMI06         BMI09         BMI11         CMFP04
              ________      ________      ________      ________      ________
 BMI04              1
 BMI06              0             2
 BMI09              0             0             3
 BMI11              0             0             0             4
 CMFP04             0             0             0             0             5
 CMFP06             0             0             0             0             0
 CMFP09             0             0             0             0             0
 CMFP11             0             0             0             0             0
 AGE04              0             0             0             0             0
 GENDER             0             0             0             0             0
 KCAL04             0             0             0             0             0
 MET04              0             0             0             0             0
 Q1                 0             0             0             0             0
 Q2                 0             0             0             0             0
 Q3                 0             0             0             0             0


           THETA
              CMFP06        CMFP09        CMFP11        AGE04         GENDER
              ________      ________      ________      ________      ________
 CMFP06             6
 CMFP09             0             7
 CMFP11             0             0             8
 AGE04              0             0             0             0
 GENDER             0             0             0             0             0
 KCAL04             0             0             0             0             0
 MET04              0             0             0             0             0
 Q1                 0             0             0             0             0
 Q2                 0             0             0             0             0
 Q3                 0             0             0             0             0


           THETA
              KCAL04        MET04         Q1            Q2            Q3
              ________      ________      ________      ________      ________
 KCAL04             0
 MET04              0             0
 Q1                 0             0             0
 Q2                 0             0             0             0
 Q3                 0             0             0             0             0


           ALPHA
              IB            SB            ID            SD            AGE04
              ________      ________      ________      ________      ________
 1                  9            10            11            12            13


           ALPHA
              GENDER        KCAL04        MET04         Q1            Q2
              ________      ________      ________      ________      ________
 1                 14            15            16            17            18


           ALPHA
              Q3
              ________
 1                 19


           BETA
              IB            SB            ID            SD            AGE04
              ________      ________      ________      ________      ________
 IB                 0             0             0             0             0
 SB                 0             0            20            21            22
 ID                 0             0             0             0            29
 SD                 0             0             0             0            36
 AGE04              0             0             0             0             0
 GENDER             0             0             0             0             0
 KCAL04             0             0             0             0             0
 MET04              0             0             0             0             0
 Q1                 0             0             0             0             0
 Q2                 0             0             0             0             0
 Q3                 0             0             0             0             0


           BETA
              GENDER        KCAL04        MET04         Q1            Q2
              ________      ________      ________      ________      ________
 IB                 0             0             0             0             0
 SB                23            24            25            26            27
 ID                30            31            32            33            34
 SD                37            38            39            40            41
 AGE04              0             0             0             0             0
 GENDER             0             0             0             0             0
 KCAL04             0             0             0             0             0
 MET04              0             0             0             0             0
 Q1                 0             0             0             0             0
 Q2                 0             0             0             0             0
 Q3                 0             0             0             0             0


           BETA
              Q3
              ________
 IB                 0
 SB                28
 ID                35
 SD                42
 AGE04              0
 GENDER             0
 KCAL04             0
 MET04              0
 Q1                 0
 Q2                 0
 Q3                 0


           PSI
              IB            SB            ID            SD            AGE04
              ________      ________      ________      ________      ________
 IB                43
 SB                 0            44
 ID                 0             0            45
 SD                 0             0            46            47
 AGE04             48             0             0             0            49
 GENDER            50             0             0             0            51
 KCAL04            53             0             0             0            54
 MET04             57             0             0             0            58
 Q1                62             0             0             0            63
 Q2                68             0             0             0            69
 Q3                75             0             0             0            76


           PSI
              GENDER        KCAL04        MET04         Q1            Q2
              ________      ________      ________      ________      ________
 GENDER            52
 KCAL04            55            56
 MET04             59            60            61
 Q1                64            65            66            67
 Q2                70            71            72            73            74
 Q3                77            78            79            80            81


           PSI
              Q3
              ________
 Q3                82


     PARAMETER SPECIFICATION FOR THE ADDITIONAL PARAMETERS


           NEW/ADDITIONAL PARAMETERS
              IND1          IND2          IND3          DI1           DI2
              ________      ________      ________      ________      ________
 1                 83            84            85            86            87


           NEW/ADDITIONAL PARAMETERS
              DI3           TO1           TO2           TO3           IND_L_1
              ________      ________      ________      ________      ________
 1                 88            89            90            91            92


           NEW/ADDITIONAL PARAMETERS
              IND_L_2       IND_L_3       IND_S_1       IND_S_2       IND_S_3
              ________      ________      ________      ________      ________
 1                 93            94            95            96            97


     STARTING VALUES


           NU
              BMI04         BMI06         BMI09         BMI11         CMFP04
              ________      ________      ________      ________      ________
 1              0.000         0.000         0.000         0.000         0.000


           NU
              CMFP06        CMFP09        CMFP11        AGE04         GENDER
              ________      ________      ________      ________      ________
 1              0.000         0.000         0.000         0.000         0.000


           NU
              KCAL04        MET04         Q1            Q2            Q3
              ________      ________      ________      ________      ________
 1              0.000         0.000         0.000         0.000         0.000


           LAMBDA
              IB            SB            ID            SD            AGE04
              ________      ________      ________      ________      ________
 BMI04          1.000         0.000         0.000         0.000         0.000
 BMI06          1.000         2.000         0.000         0.000         0.000
 BMI09          1.000         5.000         0.000         0.000         0.000
 BMI11          1.000         7.000         0.000         0.000         0.000
 CMFP04         0.000         0.000         1.000         0.000         0.000
 CMFP06         0.000         0.000         1.000         2.000         0.000
 CMFP09         0.000         0.000         1.000         5.000         0.000
 CMFP11         0.000         0.000         1.000         7.000         0.000
 AGE04          0.000         0.000         0.000         0.000         1.000
 GENDER         0.000         0.000         0.000         0.000         0.000
 KCAL04         0.000         0.000         0.000         0.000         0.000
 MET04          0.000         0.000         0.000         0.000         0.000
 Q1             0.000         0.000         0.000         0.000         0.000
 Q2             0.000         0.000         0.000         0.000         0.000
 Q3             0.000         0.000         0.000         0.000         0.000


           LAMBDA
              GENDER        KCAL04        MET04         Q1            Q2
              ________      ________      ________      ________      ________
 BMI04          0.000         0.000         0.000         0.000         0.000
 BMI06          0.000         0.000         0.000         0.000         0.000
 BMI09          0.000         0.000         0.000         0.000         0.000
 BMI11          0.000         0.000         0.000         0.000         0.000
 CMFP04         0.000         0.000         0.000         0.000         0.000
 CMFP06         0.000         0.000         0.000         0.000         0.000
 CMFP09         0.000         0.000         0.000         0.000         0.000
 CMFP11         0.000         0.000         0.000         0.000         0.000
 AGE04          0.000         0.000         0.000         0.000         0.000
 GENDER         1.000         0.000         0.000         0.000         0.000
 KCAL04         0.000         1.000         0.000         0.000         0.000
 MET04          0.000         0.000         1.000         0.000         0.000
 Q1             0.000         0.000         0.000         1.000         0.000
 Q2             0.000         0.000         0.000         0.000         1.000
 Q3             0.000         0.000         0.000         0.000         0.000


           LAMBDA
              Q3
              ________
 BMI04          0.000
 BMI06          0.000
 BMI09          0.000
 BMI11          0.000
 CMFP04         0.000
 CMFP06         0.000
 CMFP09         0.000
 CMFP11         0.000
 AGE04          0.000
 GENDER         0.000
 KCAL04         0.000
 MET04          0.000
 Q1             0.000
 Q2             0.000
 Q3             1.000


           THETA
              BMI04         BMI06         BMI09         BMI11         CMFP04
              ________      ________      ________      ________      ________
 BMI04          5.617
 BMI06          0.000         6.364
 BMI09          0.000         0.000         5.891
 BMI11          0.000         0.000         0.000        11.820
 CMFP04         0.000         0.000         0.000         0.000        11.601
 CMFP06         0.000         0.000         0.000         0.000         0.000
 CMFP09         0.000         0.000         0.000         0.000         0.000
 CMFP11         0.000         0.000         0.000         0.000         0.000
 AGE04          0.000         0.000         0.000         0.000         0.000
 GENDER         0.000         0.000         0.000         0.000         0.000
 KCAL04         0.000         0.000         0.000         0.000         0.000
 MET04          0.000         0.000         0.000         0.000         0.000
 Q1             0.000         0.000         0.000         0.000         0.000
 Q2             0.000         0.000         0.000         0.000         0.000
 Q3             0.000         0.000         0.000         0.000         0.000


           THETA
              CMFP06        CMFP09        CMFP11        AGE04         GENDER
              ________      ________      ________      ________      ________
 CMFP06        12.501
 CMFP09         0.000        13.465
 CMFP11         0.000         0.000        14.557
 AGE04          0.000         0.000         0.000         0.000
 GENDER         0.000         0.000         0.000         0.000         0.000
 KCAL04         0.000         0.000         0.000         0.000         0.000
 MET04          0.000         0.000         0.000         0.000         0.000
 Q1             0.000         0.000         0.000         0.000         0.000
 Q2             0.000         0.000         0.000         0.000         0.000
 Q3             0.000         0.000         0.000         0.000         0.000


           THETA
              KCAL04        MET04         Q1            Q2            Q3
              ________      ________      ________      ________      ________
 KCAL04         0.000
 MET04          0.000         0.000
 Q1             0.000         0.000         0.000
 Q2             0.000         0.000         0.000         0.000
 Q3             0.000         0.000         0.000         0.000         0.000


           ALPHA
              IB            SB            ID            SD            AGE04
              ________      ________      ________      ________      ________
 1             23.091         0.035        19.070         0.137        47.385


           ALPHA
              GENDER        KCAL04        MET04         Q1            Q2
              ________      ________      ________      ________      ________
 1              1.519      2188.497       118.186         0.250         0.250


           ALPHA
              Q3
              ________
 1              0.250


           BETA
              IB            SB            ID            SD            AGE04
              ________      ________      ________      ________      ________
 IB             0.000         0.000         0.000         0.000         0.000
 SB             0.000         0.000         0.000         0.000         0.000
 ID             0.000         0.000         0.000         0.000         0.000
 SD             0.000         0.000         0.000         0.000         0.000
 AGE04          0.000         0.000         0.000         0.000         0.000
 GENDER         0.000         0.000         0.000         0.000         0.000
 KCAL04         0.000         0.000         0.000         0.000         0.000
 MET04          0.000         0.000         0.000         0.000         0.000
 Q1             0.000         0.000         0.000         0.000         0.000
 Q2             0.000         0.000         0.000         0.000         0.000
 Q3             0.000         0.000         0.000         0.000         0.000


           BETA
              GENDER        KCAL04        MET04         Q1            Q2
              ________      ________      ________      ________      ________
 IB             0.000         0.000         0.000         0.000         0.000
 SB             0.000         0.000         0.000         0.000         0.000
 ID             0.000         0.000         0.000         0.000         0.000
 SD             0.000         0.000         0.000         0.000         0.000
 AGE04          0.000         0.000         0.000         0.000         0.000
 GENDER         0.000         0.000         0.000         0.000         0.000
 KCAL04         0.000         0.000         0.000         0.000         0.000
 MET04          0.000         0.000         0.000         0.000         0.000
 Q1             0.000         0.000         0.000         0.000         0.000
 Q2             0.000         0.000         0.000         0.000         0.000
 Q3             0.000         0.000         0.000         0.000         0.000


           BETA
              Q3
              ________
 IB             0.000
 SB             0.000
 ID             0.000
 SD             0.000
 AGE04          0.000
 GENDER         0.000
 KCAL04         0.000
 MET04          0.000
 Q1             0.000
 Q2             0.000
 Q3             0.000


           PSI
              IB            SB            ID            SD            AGE04
              ________      ________      ________      ________      ________
 IB            11.513
 SB             0.000         0.570
 ID             0.000         0.000        23.353
 SD             0.000         0.000         0.000         6.456
 AGE04          0.000         0.000         0.000         0.000       117.749
 GENDER         0.000         0.000         0.000         0.000         0.000
 KCAL04         0.000         0.000         0.000         0.000         0.000
 MET04          0.000         0.000         0.000         0.000         0.000
 Q1             0.000         0.000         0.000         0.000         0.000
 Q2             0.000         0.000         0.000         0.000         0.000
 Q3             0.000         0.000         0.000         0.000         0.000


           PSI
              GENDER        KCAL04        MET04         Q1            Q2
              ________      ________      ________      ________      ________
 GENDER         0.125
 KCAL04         0.000    229144.438
 MET04          0.000         0.000      6315.442
 Q1             0.000         0.000         0.000         0.094
 Q2             0.000         0.000         0.000         0.000         0.094
 Q3             0.000         0.000         0.000         0.000         0.000


           PSI
              Q3
              ________
 Q3             0.094


     STARTING VALUES FOR THE ADDITIONAL PARAMETERS


           NEW/ADDITIONAL PARAMETERS
              IND1          IND2          IND3          DI1           DI2
              ________      ________      ________      ________      ________
 1              0.500         0.500         0.500         0.500         0.500


           NEW/ADDITIONAL PARAMETERS
              DI3           TO1           TO2           TO3           IND_L_1
              ________      ________      ________      ________      ________
 1              0.500         0.500         0.500         0.500         0.500


           NEW/ADDITIONAL PARAMETERS
              IND_L_2       IND_L_3       IND_S_1       IND_S_2       IND_S_3
              ________      ________      ________      ________      ________
 1              0.500         0.500         0.500         0.500         0.500


TECHNICAL 8 OUTPUT


   E STEP  ITER  LOGLIKELIHOOD    ABS CHANGE   REL CHANGE  ALGORITHM
              1 -0.36446129D+06    0.0000000    0.0000000  EM
              2 -0.33713892D+06 ************    0.0749664  EM
              3 -0.33713892D+06    0.0000001    0.0000000  EM


DIAGRAM INFORMATION

  Use View Diagram under the Diagram menu in the Mplus Editor to view the diagram.
  If running Mplus from the Mplus Diagrammer, the diagram opens automatically.

  Diagram output
    d:\data\dpmedi\mplus\longitudinal\cmfp bmi mediation.dgm

     Beginning Time:  15:23:00
        Ending Time:  15:33:05
       Elapsed Time:  00:10:05



MUTHEN & MUTHEN
3463 Stoner Ave.
Los Angeles, CA  90066

Tel: (310) 391-9971
Fax: (310) 391-8971
Web: www.StatModel.com
Support: Support@StatModel.com

Copyright (c) 1998-2015 Muthen & Muthen
