Mplus VERSION 7.4
MUTHEN & MUTHEN
05/16/2019  10:39 PM

INPUT INSTRUCTIONS

  DATA: File is id0411 mplus.csv;

  VARIABLE: Names are IDind WAVE hhid t2 commid age04
                      kcal04 carbo04 fat04 protn04 bmi04
                      hwr04 wc04 diasto04 systo04 smoke04
                      gender educ04 indinc04 index04 met04
                      cmfp04 dash04 ahei04 hbs04 lbs04 dqd04
                      age06 kcal06 carbo06 fat06 protn06 bmi06
                      hwr06 wc06 diasto06 systo06 smoke06
                      educ06 indinc06 index06 met06 cmfp06 dash06
                      ahei06 hbs06 lbs06 dqd06 age09 kcal09 carbo09
                      fat09 protn09 bmi09 hwr09 wc09 diasto09 systo09
                      smoke09 educ09 indinc09 index09 met09 cmfp09
                      dash09 ahei09 hbs09 lbs09 dqd09 age11 kcal11
                      carbo11 fat11 protn11 bmi11 hwr11 wc11 diasto11
                      systo11 smoke11 educ11 indinc11 index11 met11
                      cmfp11 dash11 ahei11 hbs11 lbs11 dqd11 q_index
                       q1 q2 q3 carbo_p protn_p fat_p;

           Usev are  age04 gender kcal04 met04
                     bmi04 bmi06 bmi09 bmi11 smoke04
                     cmfp04 cmfp06 cmfp09 cmfp11
                     q1 q2 q3 educ04 systo04 diasto04;


           Missing are all(999);


  ANALYSIS:
  Type=random;

  MODEL:
  age04 gender kcal04 met04 smoke04
  bmi04 bmi06 bmi09 bmi11 educ04 systo04 diasto04
  cmfp04 cmfp06 cmfp09 cmfp11 q1 q2 q3;

  ib sb | bmi04@0 bmi06@2 bmi09@5 bmi11@7;
  id sd | cmfp04@0 cmfp06@2 cmfp09@5 cmfp11@7;

  ib with sb;
  id with sd;

  ib-sd on q1 q2 q3 age04 gender met04 kcal04 educ04 systo04 diasto04 smoke04;

  OUTPUT: SAMPSTAT cinterval;



INPUT READING TERMINATED NORMALLY




SUMMARY OF ANALYSIS

Number of groups                                                 1
Number of observations                                        9547

Number of dependent variables                                    8
Number of independent variables                                 11
Number of continuous latent variables                            4

Observed dependent variables

  Continuous
   BMI04       BMI06       BMI09       BMI11       CMFP04      CMFP06
   CMFP09      CMFP11

Observed independent variables
   AGE04       GENDER      KCAL04      MET04       SMOKE04     Q1
   Q2          Q3          EDUC04      SYSTO04     DIASTO04

Continuous latent variables
   IB          SB          ID          SD


Estimator                                                      MLR
Information matrix                                        OBSERVED
Maximum number of iterations                                   100
Convergence criterion                                    0.100D-05
Maximum number of EM iterations                                500
Convergence criteria for the EM algorithm
  Loglikelihood change                                   0.100D-02
  Relative loglikelihood change                          0.100D-05
  Derivative                                             0.100D-03
Minimum variance                                         0.100D-03
Maximum number of steepest descent iterations                   20
Maximum number of iterations for H1                           2000
Convergence criterion for H1                             0.100D-03
Optimization algorithm                                         EMA

Input data file(s)
  id0411 mplus.csv
Input data format  FREE


SUMMARY OF DATA

     Number of missing data patterns           199


COVARIANCE COVERAGE OF DATA

Minimum covariance coverage value   0.100


     PROPORTION OF DATA PRESENT


           Covariance Coverage
              BMI04         BMI06         BMI09         BMI11         CMFP04
              ________      ________      ________      ________      ________
 BMI04          0.928
 BMI06          0.690         0.727
 BMI09          0.589         0.537         0.623
 BMI11          0.533         0.483         0.503         0.564
 CMFP04         0.928         0.727         0.623         0.564         1.000
 CMFP06         0.721         0.717         0.559         0.504         0.769
 CMFP09         0.608         0.553         0.616         0.514         0.648
 CMFP11         0.537         0.486         0.504         0.553         0.571
 AGE04          0.928         0.727         0.623         0.564         1.000
 GENDER         0.928         0.727         0.623         0.564         1.000
 KCAL04         0.928         0.727         0.623         0.564         1.000
 MET04          0.848         0.667         0.576         0.523         0.901
 SMOKE04        0.927         0.722         0.619         0.559         0.988
 Q1             0.927         0.726         0.622         0.563         0.999
 Q2             0.927         0.726         0.622         0.563         0.999
 Q3             0.927         0.726         0.622         0.563         0.999
 EDUC04         0.926         0.722         0.618         0.559         0.987
 SYSTO04        0.927         0.698         0.596         0.539         0.939
 DIASTO04       0.927         0.698         0.596         0.539         0.939


           Covariance Coverage
              CMFP06        CMFP09        CMFP11        AGE04         GENDER
              ________      ________      ________      ________      ________
 CMFP06         0.769
 CMFP09         0.580         0.648
 CMFP11         0.509         0.518         0.571
 AGE04          0.769         0.648         0.571         1.000
 GENDER         0.769         0.648         0.571         1.000         1.000
 KCAL04         0.769         0.648         0.571         1.000         1.000
 MET04          0.703         0.597         0.529         0.901         0.901
 SMOKE04        0.763         0.643         0.566         0.988         0.988
 Q1             0.768         0.647         0.570         0.999         0.999
 Q2             0.768         0.647         0.570         0.999         0.999
 Q3             0.768         0.647         0.570         0.999         0.999
 EDUC04         0.763         0.642         0.566         0.987         0.987
 SYSTO04        0.729         0.615         0.544         0.939         0.939
 DIASTO04       0.729         0.615         0.544         0.939         0.939


           Covariance Coverage
              KCAL04        MET04         SMOKE04       Q1            Q2
              ________      ________      ________      ________      ________
 KCAL04         1.000
 MET04          0.901         0.901
 SMOKE04        0.988         0.900         0.988
 Q1             0.999         0.900         0.987         0.999
 Q2             0.999         0.900         0.987         0.999         0.999
 Q3             0.999         0.900         0.987         0.999         0.999
 EDUC04         0.987         0.899         0.986         0.986         0.986
 SYSTO04        0.939         0.857         0.937         0.938         0.938
 DIASTO04       0.939         0.857         0.937         0.938         0.938


           Covariance Coverage
              Q3            EDUC04        SYSTO04       DIASTO04
              ________      ________      ________      ________
 Q3             0.999
 EDUC04         0.986         0.987
 SYSTO04        0.938         0.937         0.939
 DIASTO04       0.938         0.937         0.939         0.939


SAMPLE STATISTICS


     ESTIMATED SAMPLE STATISTICS


           Means
              BMI04         BMI06         BMI09         BMI11         CMFP04
              ________      ________      ________      ________      ________
 1             23.026        23.108        23.299        23.746        19.126


           Means
              CMFP06        CMFP09        CMFP11        AGE04         GENDER
              ________      ________      ________      ________      ________
 1             19.192        20.248        21.248        47.385         1.519


           Means
              KCAL04        MET04         SMOKE04       Q1            Q2
              ________      ________      ________      ________      ________
 1           2188.497       116.437         0.335         0.250         0.250


           Means
              Q3            EDUC04        SYSTO04       DIASTO04
              ________      ________      ________      ________
 1              0.250         1.729       122.076        78.635


           Covariances
              BMI04         BMI06         BMI09         BMI11         CMFP04
              ________      ________      ________      ________      ________
 BMI04         11.312
 BMI06          9.985        12.976
 BMI09          9.711         9.875        11.885
 BMI11          9.098         9.361        10.265        23.828
 CMFP04         0.854         0.526         0.356         0.125        23.202
 CMFP06         0.798         0.528         0.298         0.049         6.353
 CMFP09         0.743         0.184         0.301         0.353         6.825
 CMFP11         0.421         0.280         0.084        -0.087         4.063
 AGE04          4.005         1.708        -0.813        -1.775         0.722
 GENDER         0.048         0.048         0.028        -0.014         0.082
 KCAL04        54.532        96.859        96.338       165.584        77.042
 MET04        -19.495       -11.007        -8.510        -6.449        -9.926
 SMOKE04       -0.092        -0.104        -0.103        -0.050        -0.103
 Q1            -0.070        -0.071        -0.032        -0.032        -0.083
 Q2             0.106         0.127         0.100         0.091        -0.016
 Q3             0.089         0.041         0.033         0.040         0.426
 EDUC04         0.056         0.053         0.095         0.184         0.849
 SYSTO04       16.437        14.319        12.016        10.069         0.545
 DIASTO04      10.681         9.731         8.986         8.236        -0.894


           Covariances
              CMFP06        CMFP09        CMFP11        AGE04         GENDER
              ________      ________      ________      ________      ________
 CMFP06        25.032
 CMFP09         6.344        27.092
 CMFP11         5.563         6.857        29.282
 AGE04          0.945        -3.138        -5.908       235.499
 GENDER         0.058         0.104         0.069         0.199         0.250
 KCAL04        90.300         2.556      -242.354     -1363.375       -91.666
 MET04        -19.225       -24.323       -16.376      -420.187        -8.104
 SMOKE04       -0.064        -0.079        -0.089         0.284        -0.150
 Q1            -0.083        -0.152        -0.032        -0.282        -0.002
 Q2             0.020         0.052        -0.006         0.044         0.000
 Q3             0.472         0.586         0.457         0.451         0.003
 EDUC04         0.962         1.384         1.090        -8.217        -0.129
 SYSTO04        0.452        -0.188        -1.103       117.547        -0.814
 DIASTO04       0.169         0.030         1.213        35.923        -0.691


           Covariances
              KCAL04        MET04         SMOKE04       Q1            Q2
              ________      ________      ________      ________      ________
 KCAL04    458288.862
 MET04      15958.474     12717.872
 SMOKE04       57.580         4.824         0.276
 Q1            13.587         5.209         0.003         0.188
 Q2            -6.233        -5.772         0.001        -0.063         0.188
 Q3           -19.117        -9.882        -0.007        -0.063        -0.062
 EDUC04        78.466        -1.603         0.042        -0.090         0.025
 SYSTO04     -956.239      -277.472         0.675        -0.169         0.393
 DIASTO04    -283.696       -84.698         0.448        -0.067         0.367


           Covariances
              Q3            EDUC04        SYSTO04       DIASTO04
              ________      ________      ________      ________
 Q3             0.188
 EDUC04         0.183         1.755
 SYSTO04        0.342        -3.744       345.168
 DIASTO04      -0.010        -0.820       148.473       126.202


           Correlations
              BMI04         BMI06         BMI09         BMI11         CMFP04
              ________      ________      ________      ________      ________
 BMI04          1.000
 BMI06          0.824         1.000
 BMI09          0.838         0.795         1.000
 BMI11          0.554         0.532         0.610         1.000
 CMFP04         0.053         0.030         0.021         0.005         1.000
 CMFP06         0.047         0.029         0.017         0.002         0.264
 CMFP09         0.042         0.010         0.017         0.014         0.272
 CMFP11         0.023         0.014         0.005        -0.003         0.156
 AGE04          0.078         0.031        -0.015        -0.024         0.010
 GENDER         0.028         0.027         0.016        -0.006         0.034
 KCAL04         0.024         0.040         0.041         0.050         0.024
 MET04         -0.051        -0.027        -0.022        -0.012        -0.018
 SMOKE04       -0.052        -0.055        -0.057        -0.019        -0.041
 Q1            -0.048        -0.045        -0.021        -0.015        -0.040
 Q2             0.073         0.081         0.067         0.043        -0.008
 Q3             0.061         0.026         0.022         0.019         0.204
 EDUC04         0.013         0.011         0.021         0.028         0.133
 SYSTO04        0.263         0.214         0.188         0.111         0.006
 DIASTO04       0.283         0.240         0.232         0.150        -0.017


           Correlations
              CMFP06        CMFP09        CMFP11        AGE04         GENDER
              ________      ________      ________      ________      ________
 CMFP06         1.000
 CMFP09         0.244         1.000
 CMFP11         0.205         0.243         1.000
 AGE04          0.012        -0.039        -0.071         1.000
 GENDER         0.023         0.040         0.026         0.026         1.000
 KCAL04         0.027         0.001        -0.066        -0.131        -0.271
 MET04         -0.034        -0.041        -0.027        -0.243        -0.144
 SMOKE04       -0.024        -0.029        -0.031         0.035        -0.572
 Q1            -0.038        -0.068        -0.014        -0.042        -0.009
 Q2             0.009         0.023        -0.003         0.007         0.002
 Q3             0.218         0.260         0.195         0.068         0.014
 EDUC04         0.145         0.201         0.152        -0.404        -0.196
 SYSTO04        0.005        -0.002        -0.011         0.412        -0.088
 DIASTO04       0.003         0.001         0.020         0.208        -0.123


           Correlations
              KCAL04        MET04         SMOKE04       Q1            Q2
              ________      ________      ________      ________      ________
 KCAL04         1.000
 MET04          0.209         1.000
 SMOKE04        0.162         0.081         1.000
 Q1             0.046         0.107         0.014         1.000
 Q2            -0.021        -0.118         0.006        -0.333         1.000
 Q3            -0.065        -0.202        -0.031        -0.333        -0.333
 EDUC04         0.087        -0.011         0.060        -0.157         0.044
 SYSTO04       -0.076        -0.132         0.069        -0.021         0.049
 DIASTO04      -0.037        -0.067         0.076        -0.014         0.075


           Correlations
              Q3            EDUC04        SYSTO04       DIASTO04
              ________      ________      ________      ________
 Q3             1.000
 EDUC04         0.318         1.000
 SYSTO04        0.042        -0.152         1.000
 DIASTO04      -0.002        -0.055         0.711         1.000


     MAXIMUM LOG-LIKELIHOOD VALUE FOR THE UNRESTRICTED (H1) MODEL IS -426167.447


UNIVARIATE SAMPLE STATISTICS


     UNIVARIATE HIGHER-ORDER MOMENT DESCRIPTIVE STATISTICS

         Variable/         Mean/     Skewness/   Minimum/ % with                Percentiles
        Sample Size      Variance    Kurtosis    Maximum  Min/Max      20%/60%    40%/80%    Median

     BMI04                23.021       0.585      12.415    0.01%      20.189     21.861     22.673
            8858.000      11.235       0.546      41.322    0.01%      23.543     25.712
     BMI06                23.179       4.577      13.240    0.01%      20.344     22.042     22.857
            6938.000      12.729     126.919     132.544    0.01%      23.684     25.810
     BMI09                23.342       0.482      13.700    0.02%      20.415     22.215     23.111
            5949.000      11.781       0.401      42.590    0.02%      23.979     26.148
     BMI11                23.797       9.794       4.826    0.02%      20.644     22.491     23.378
            5386.000      23.639     280.882     190.972    0.02%      24.235     26.438
     CMFP04               19.126       0.459       5.984    0.01%      15.138     17.120     18.684
            9547.000      23.202       0.329      40.693    0.01%      20.000     22.738
     CMFP06               19.200       0.404       0.000    0.01%      14.898     17.463     18.949
            7338.000      25.002       0.172      39.201    0.01%      20.105     23.221
     CMFP09               20.138       0.441       5.491    0.02%      15.675     18.223     19.630
            6185.000      26.930       0.066      43.091    0.02%      21.085     24.526
     CMFP11               21.078       0.322       5.730    0.02%      16.516     19.169     20.693
            5452.000      29.113      -0.189      43.083    0.02%      22.000     25.791
     AGE04                47.385       0.238      18.000    1.13%      33.000     42.000     47.000
            9547.000     235.499      -0.539      97.000    0.01%      51.000     61.000
     GENDER                1.519      -0.076       1.000   48.11%       1.000      1.000      2.000
            9547.000       0.250      -1.994       2.000   51.89%       2.000      2.000
     KCAL04             2188.497       0.630      50.891    0.01%    1615.771   1974.357   2128.274
            9547.000  458288.862       1.113    6053.592    0.01%    2307.147   2719.569
     MET04               118.186       1.345       0.000    4.03%      20.460     52.675     84.047
            8604.000   12630.885       4.075    1582.256    0.01%     117.500    211.287
     SMOKE04               0.334       3.823       0.000   67.14%       0.000      0.000      0.000
            9429.000       0.276      52.882       9.000    0.07%       0.000      1.000
     Q1                    0.250       1.155       0.000   75.00%       0.000      0.000      0.000
            9539.000       0.188      -0.667       1.000   25.00%       0.000      1.000
     Q2                    0.250       1.155       0.000   75.00%       0.000      0.000      0.000
            9539.000       0.188      -0.667       1.000   25.00%       0.000      1.000
     Q3                    0.250       1.155       0.000   75.01%       0.000      0.000      0.000
            9539.000       0.187      -0.666       1.000   24.99%       0.000      1.000
     EDUC04                1.724       0.539       0.000   21.26%       0.000      1.000      2.000
            9422.000       1.752      -0.205       6.000    0.02%       2.000      3.000
     SYSTO04             122.224       1.153      70.667    0.01%     108.667    117.333    120.000
            8960.000     343.826       2.613     230.000    0.01%     122.000    134.000
     DIASTO04             78.671       0.598      15.000    0.01%      70.000     76.667     79.333
            8960.000     126.092       1.936     141.333    0.01%      80.000     87.333

     THE STANDARD ERRORS OF THE MODEL PARAMETER ESTIMATES MAY NOT BE
     TRUSTWORTHY FOR SOME PARAMETERS DUE TO A NON-POSITIVE DEFINITE
     FIRST-ORDER DERIVATIVE PRODUCT MATRIX.  THIS MAY BE DUE TO THE STARTING
     VALUES BUT MAY ALSO BE AN INDICATION OF MODEL NONIDENTIFICATION.  THE
     CONDITION NUMBER IS      -0.120D-18.  PROBLEM INVOLVING THE FOLLOWING PARAMETER:
     Parameter 143, DIASTO04


THE MODEL ESTIMATION TERMINATED NORMALLY



MODEL FIT INFORMATION

Number of Free Parameters                      143

Loglikelihood

          H0 Value                     -426292.707
          H0 Scaling Correction Factor      9.3515
            for MLR
          H1 Value                     -426167.447
          H1 Scaling Correction Factor      6.7130
            for MLR

Information Criteria

          Akaike (AIC)                  852871.413
          Bayesian (BIC)                853895.863
          Sample-Size Adjusted BIC      853441.431
            (n* = (n + 2) / 24)

Chi-Square Test of Model Fit

          Value                            251.487*
          Degrees of Freedom                    66
          P-Value                           0.0000
          Scaling Correction Factor         0.9962
            for MLR

*   The chi-square value for MLM, MLMV, MLR, ULSMV, WLSM and WLSMV cannot be used
    for chi-square difference testing in the regular way.  MLM, MLR and WLSM
    chi-square difference testing is described on the Mplus website.  MLMV, WLSMV,
    and ULSMV difference testing is done using the DIFFTEST option.

RMSEA (Root Mean Square Error Of Approximation)

          Estimate                           0.017

CFI/TLI

          CFI                                0.972
          TLI                                0.928

Chi-Square Test of Model Fit for the Baseline Model

          Value                           6882.081
          Degrees of Freedom                   171
          P-Value                           0.0000

SRMR (Standardized Root Mean Square Residual)

          Value                              0.009



MODEL RESULTS

                                                    Two-Tailed
                    Estimate       S.E.  Est./S.E.    P-Value

 IB       |
    BMI04              1.000      0.000    999.000    999.000
    BMI06              1.000      0.000    999.000    999.000
    BMI09              1.000      0.000    999.000    999.000
    BMI11              1.000      0.000    999.000    999.000

 SB       |
    BMI04              0.000      0.000    999.000    999.000
    BMI06              2.000      0.000    999.000    999.000
    BMI09              5.000      0.000    999.000    999.000
    BMI11              7.000      0.000    999.000    999.000

 ID       |
    CMFP04             1.000      0.000    999.000    999.000
    CMFP06             1.000      0.000    999.000    999.000
    CMFP09             1.000      0.000    999.000    999.000
    CMFP11             1.000      0.000    999.000    999.000

 SD       |
    CMFP04             0.000      0.000    999.000    999.000
    CMFP06             2.000      0.000    999.000    999.000
    CMFP09             5.000      0.000    999.000    999.000
    CMFP11             7.000      0.000    999.000    999.000

 IB         ON
    Q1                 0.103      0.092      1.114      0.265
    Q2                 0.677      0.098      6.890      0.000
    Q3                 0.649      0.105      6.189      0.000
    AGE04             -0.002      0.003     -0.612      0.541
    GENDER             0.374      0.086      4.366      0.000
    MET04              0.000      0.000      0.284      0.777
    KCAL04             0.000      0.000      6.642      0.000
    EDUC04             0.051      0.031      1.668      0.095
    SYSTO04            0.025      0.003      8.133      0.000
    DIASTO04           0.058      0.005     12.615      0.000
    SMOKE04           -0.359      0.075     -4.774      0.000

 SB         ON
    Q1                 0.012      0.012      0.961      0.337
    Q2                -0.008      0.014     -0.587      0.557
    Q3                -0.035      0.016     -2.212      0.027
    AGE04             -0.004      0.000     -8.632      0.000
    GENDER            -0.036      0.012     -2.905      0.004
    MET04              0.000      0.000     -0.863      0.388
    KCAL04             0.000      0.000      0.618      0.537
    EDUC04            -0.013      0.004     -3.053      0.002
    SYSTO04           -0.001      0.000     -3.454      0.001
    DIASTO04           0.000      0.001     -0.408      0.683
    SMOKE04           -0.014      0.011     -1.257      0.209

 ID         ON
    Q1                 1.032      0.109      9.493      0.000
    Q2                 1.314      0.120     10.987      0.000
    Q3                 2.868      0.144     19.926      0.000
    AGE04              0.017      0.004      4.705      0.000
    GENDER             0.525      0.113      4.665      0.000
    MET04              0.002      0.000      3.913      0.000
    KCAL04             0.000      0.000      5.909      0.000
    EDUC04             0.352      0.044      7.909      0.000
    SYSTO04            0.006      0.004      1.490      0.136
    DIASTO04          -0.013      0.006     -2.250      0.024
    SMOKE04           -0.170      0.095     -1.790      0.073

 SD         ON
    Q1                 0.070      0.027      2.619      0.009
    Q2                 0.075      0.029      2.572      0.010
    Q3                 0.114      0.035      3.258      0.001
    AGE04             -0.004      0.001     -4.786      0.000
    GENDER             0.001      0.028      0.047      0.962
    MET04              0.000      0.000     -0.469      0.639
    KCAL04             0.000      0.000     -5.604      0.000
    EDUC04             0.004      0.010      0.427      0.670
    SYSTO04           -0.002      0.001     -1.730      0.084
    DIASTO04           0.005      0.001      3.305      0.001
    SMOKE04            0.030      0.025      1.204      0.229

 IB       WITH
    SB                -0.094      0.027     -3.435      0.001

 ID       WITH
    SD                -0.291      0.080     -3.656      0.000
    IB                 0.458      0.140      3.273      0.001
    SB                -0.073      0.019     -3.904      0.000

 SD       WITH
    IB                -0.059      0.034     -1.756      0.079
    SB                 0.003      0.004      0.613      0.540

 GENDER   WITH
    AGE04              0.199      0.078      2.534      0.011

 KCAL04   WITH
    AGE04          -1363.375    109.938    -12.401      0.000
    GENDER           -91.666      3.352    -27.349      0.000

 MET04    WITH
    AGE04           -420.133     17.629    -23.831      0.000
    GENDER            -8.105      0.605    -13.394      0.000
    KCAL04         15952.905    878.465     18.160      0.000

 SMOKE04  WITH
    AGE04              0.284      0.081      3.518      0.000
    GENDER            -0.150      0.002    -65.851      0.000
    KCAL04            57.581      3.570     16.130      0.000
    MET04              4.825      0.652      7.398      0.000

 Q1       WITH
    AGE04             -0.282      0.066     -4.310      0.000
    GENDER            -0.002      0.002     -0.834      0.404
    KCAL04            13.586      3.041      4.468      0.000
    MET04              5.211      0.530      9.840      0.000
    SMOKE04            0.003      0.002      1.467      0.142

 Q2       WITH
    AGE04              0.044      0.069      0.636      0.525
    GENDER             0.000      0.002      0.204      0.839
    KCAL04            -6.232      2.914     -2.139      0.032
    MET04             -5.775      0.479    -12.064      0.000
    SMOKE04            0.001      0.003      0.526      0.599
    Q1                -0.063      0.001    -48.835      0.000

 Q3       WITH
    AGE04              0.451      0.070      6.437      0.000
    GENDER             0.003      0.002      1.324      0.186
    KCAL04           -19.120      2.958     -6.464      0.000
    MET04             -9.879      0.438    -22.558      0.000
    SMOKE04           -0.007      0.002     -3.069      0.002
    Q1                -0.063      0.001    -48.818      0.000
    Q2                -0.062      0.001    -48.790      0.000

 EDUC04   WITH
    AGE04             -8.218      0.213    -38.531      0.000
    GENDER            -0.129      0.007    -19.426      0.000
    KCAL04            78.463      8.971      8.747      0.000
    MET04             -1.602      1.356     -1.181      0.237
    SMOKE04            0.042      0.006      6.491      0.000
    Q1                -0.090      0.005    -17.575      0.000
    Q2                 0.025      0.006      4.263      0.000
    Q3                 0.183      0.007     27.122      0.000

 SYSTO04  WITH
    AGE04            117.536      3.263     36.024      0.000
    GENDER            -0.814      0.097     -8.431      0.000
    KCAL04          -955.765    132.377     -7.220      0.000
    MET04           -277.264     22.016    -12.594      0.000
    SMOKE04            0.674      0.112      6.019      0.000
    Q1                -0.170      0.086     -1.984      0.047
    Q2                 0.394      0.085      4.649      0.000
    Q3                 0.342      0.084      4.094      0.000
    EDUC04            -3.745      0.271    -13.827      0.000

 DIASTO04 WITH
    AGE04             35.926      1.850     19.419      0.000
    GENDER            -0.691      0.059    -11.800      0.000
    KCAL04          -283.599     85.217     -3.328      0.001
    MET04            -84.621     13.622     -6.212      0.000
    SMOKE04            0.448      0.059      7.608      0.000
    Q1                -0.068      0.054     -1.245      0.213
    Q2                 0.367      0.051      7.207      0.000
    Q3                -0.010      0.048     -0.212      0.832
    EDUC04            -0.820      0.158     -5.203      0.000
    SYSTO04          148.467      3.546     41.866      0.000

 Means
    AGE04             47.385      0.157    301.706      0.000
    GENDER             1.519      0.005    297.033      0.000
    KCAL04          2188.497      6.928    315.871      0.000
    MET04            116.450      1.200     97.079      0.000
    SMOKE04            0.335      0.005     61.980      0.000
    Q1                 0.250      0.004     56.389      0.000
    Q2                 0.250      0.004     56.392      0.000
    Q3                 0.250      0.004     56.413      0.000
    EDUC04             1.729      0.014    127.049      0.000
    SYSTO04          122.076      0.193    630.953      0.000
    DIASTO04          78.634      0.118    666.314      0.000

 Intercepts
    BMI04              0.000      0.000    999.000    999.000
    BMI06              0.000      0.000    999.000    999.000
    BMI09              0.000      0.000    999.000    999.000
    BMI11              0.000      0.000    999.000    999.000
    CMFP04             0.000      0.000    999.000    999.000
    CMFP06             0.000      0.000    999.000    999.000
    CMFP09             0.000      0.000    999.000    999.000
    CMFP11             0.000      0.000    999.000    999.000
    IB                13.816      0.381     36.235      0.000
    SB                 0.514      0.055      9.283      0.000
    ID                14.729      0.490     30.037      0.000
    SD                 0.443      0.118      3.759      0.000

 Variances
    AGE04            235.499      2.913     80.832      0.000
    GENDER             0.250      0.000   1291.078      0.000
    KCAL04         *********   8275.760     55.377      0.000
    MET04          12717.315    337.199     37.715      0.000
    SMOKE04            0.276      0.021     13.107      0.000
    Q1                 0.188      0.002     84.582      0.000
    Q2                 0.188      0.002     84.596      0.000
    Q3                 0.188      0.002     84.531      0.000
    EDUC04             1.755      0.024     72.450      0.000
    SYSTO04          345.147      7.846     43.992      0.000
    DIASTO04         126.201      2.647     47.677      0.000

 Residual Variances
    BMI04              0.966      0.126      7.649      0.000
    BMI06              3.133      1.764      1.777      0.076
    BMI09              1.539      0.091     17.000      0.000
    BMI11             13.571      5.838      2.325      0.020
    CMFP04            16.326      0.455     35.875      0.000
    CMFP06            18.831      0.374     50.391      0.000
    CMFP09            19.718      0.442     44.601      0.000
    CMFP11            22.681      0.639     35.518      0.000
    IB                 9.117      0.203     44.870      0.000
    SB                 0.046      0.004     10.466      0.000
    ID                 5.457      0.405     13.462      0.000
    SD                 0.073      0.020      3.571      0.000


QUALITY OF NUMERICAL RESULTS

     Condition Number for the Information Matrix             -0.120E-18
       (ratio of smallest to largest eigenvalue)


CONFIDENCE INTERVALS OF MODEL RESULTS

                  Lower .5%  Lower 2.5%    Lower 5%    Estimate    Upper 5%  Upper 2.5%   Upper .5%

 IB       |
    BMI04            1.000       1.000       1.000       1.000       1.000       1.000       1.000
    BMI06            1.000       1.000       1.000       1.000       1.000       1.000       1.000
    BMI09            1.000       1.000       1.000       1.000       1.000       1.000       1.000
    BMI11            1.000       1.000       1.000       1.000       1.000       1.000       1.000

 SB       |
    BMI04            0.000       0.000       0.000       0.000       0.000       0.000       0.000
    BMI06            2.000       2.000       2.000       2.000       2.000       2.000       2.000
    BMI09            5.000       5.000       5.000       5.000       5.000       5.000       5.000
    BMI11            7.000       7.000       7.000       7.000       7.000       7.000       7.000

 ID       |
    CMFP04           1.000       1.000       1.000       1.000       1.000       1.000       1.000
    CMFP06           1.000       1.000       1.000       1.000       1.000       1.000       1.000
    CMFP09           1.000       1.000       1.000       1.000       1.000       1.000       1.000
    CMFP11           1.000       1.000       1.000       1.000       1.000       1.000       1.000

 SD       |
    CMFP04           0.000       0.000       0.000       0.000       0.000       0.000       0.000
    CMFP06           2.000       2.000       2.000       2.000       2.000       2.000       2.000
    CMFP09           5.000       5.000       5.000       5.000       5.000       5.000       5.000
    CMFP11           7.000       7.000       7.000       7.000       7.000       7.000       7.000

 IB       ON
    Q1              -0.135      -0.078      -0.049       0.103       0.254       0.283       0.340
    Q2               0.424       0.484       0.515       0.677       0.838       0.869       0.930
    Q3               0.379       0.444       0.477       0.649       0.822       0.855       0.919
    AGE04           -0.009      -0.007      -0.006      -0.002       0.003       0.004       0.005
    GENDER           0.153       0.206       0.233       0.374       0.515       0.542       0.595
    MET04           -0.001      -0.001       0.000       0.000       0.001       0.001       0.001
    KCAL04           0.000       0.000       0.000       0.000       0.000       0.000       0.000
    EDUC04          -0.028      -0.009       0.001       0.051       0.102       0.111       0.130
    SYSTO04          0.017       0.019       0.020       0.025       0.030       0.031       0.033
    DIASTO04         0.046       0.049       0.051       0.058       0.066       0.067       0.070
    SMOKE04         -0.553      -0.507      -0.483      -0.359      -0.236      -0.212      -0.165

 SB       ON
    Q1              -0.020      -0.012      -0.008       0.012       0.032       0.036       0.044
    Q2              -0.045      -0.036      -0.032      -0.008       0.015       0.020       0.029
    Q3              -0.075      -0.066      -0.061      -0.035      -0.009      -0.004       0.006
    AGE04           -0.005      -0.004      -0.004      -0.004      -0.003      -0.003      -0.003
    GENDER          -0.068      -0.060      -0.056      -0.036      -0.016      -0.012      -0.004
    MET04            0.000       0.000       0.000       0.000       0.000       0.000       0.000
    KCAL04           0.000       0.000       0.000       0.000       0.000       0.000       0.000
    EDUC04          -0.024      -0.021      -0.020      -0.013      -0.006      -0.005      -0.002
    SYSTO04         -0.002      -0.002      -0.002      -0.001      -0.001      -0.001       0.000
    DIASTO04        -0.002      -0.001      -0.001       0.000       0.001       0.001       0.001
    SMOKE04         -0.044      -0.037      -0.033      -0.014       0.004       0.008       0.015

 ID       ON
    Q1               0.752       0.819       0.853       1.032       1.211       1.245       1.312
    Q2               1.006       1.079       1.117       1.314       1.510       1.548       1.622
    Q3               2.497       2.586       2.631       2.868       3.105       3.150       3.239
    AGE04            0.008       0.010       0.011       0.017       0.023       0.024       0.027
    GENDER           0.235       0.305       0.340       0.525       0.711       0.746       0.815
    MET04            0.001       0.001       0.001       0.002       0.003       0.003       0.003
    KCAL04           0.000       0.000       0.000       0.000       0.001       0.001       0.001
    EDUC04           0.237       0.264       0.278       0.352       0.425       0.439       0.466
    SYSTO04         -0.004      -0.002      -0.001       0.006       0.012       0.013       0.015
    DIASTO04        -0.028      -0.024      -0.023      -0.013      -0.004      -0.002       0.002
    SMOKE04         -0.415      -0.356      -0.326      -0.170      -0.014       0.016       0.075

 SD       ON
    Q1               0.001       0.018       0.026       0.070       0.114       0.122       0.139
    Q2               0.000       0.018       0.027       0.075       0.124       0.133       0.151
    Q3               0.024       0.046       0.057       0.114       0.172       0.183       0.205
    AGE04           -0.007      -0.006      -0.006      -0.004      -0.003      -0.003      -0.002
    GENDER          -0.070      -0.053      -0.044       0.001       0.047       0.056       0.073
    MET04            0.000       0.000       0.000       0.000       0.000       0.000       0.000
    KCAL04           0.000       0.000       0.000       0.000       0.000       0.000       0.000
    EDUC04          -0.022      -0.016      -0.013       0.004       0.021       0.025       0.031
    SYSTO04         -0.004      -0.003      -0.003      -0.002       0.000       0.000       0.001
    DIASTO04         0.001       0.002       0.002       0.005       0.007       0.007       0.008
    SMOKE04         -0.034      -0.019      -0.011       0.030       0.071       0.079       0.094

 IB       WITH
    SB              -0.164      -0.147      -0.139      -0.094      -0.049      -0.040      -0.023

 ID       WITH
    SD              -0.497      -0.447      -0.422      -0.291      -0.160      -0.135      -0.086
    IB               0.098       0.184       0.228       0.458       0.688       0.733       0.819
    SB              -0.122      -0.110      -0.104      -0.073      -0.042      -0.037      -0.025

 SD       WITH
    IB              -0.146      -0.125      -0.115      -0.059      -0.004       0.007       0.028
    SB              -0.008      -0.006      -0.004       0.003       0.010       0.011       0.014

 GENDER   WITH
    AGE04           -0.003       0.045       0.070       0.199       0.328       0.352       0.401

 KCAL04   WITH
    AGE04        -1646.553   -1578.854   -1544.223   -1363.375   -1182.526   -1147.896   -1080.196
    GENDER        -100.299     -98.235     -97.179     -91.666     -86.152     -85.097     -83.033

 MET04    WITH
    AGE04         -465.543    -454.687    -449.134    -420.133    -391.133    -385.580    -374.723
    GENDER          -9.663      -9.291      -9.100      -8.105      -7.109      -6.919      -6.546
    KCAL04       13690.154   14231.113   14507.830   15952.905   17397.980   17674.697   18215.656

 SMOKE04  WITH
    AGE04            0.076       0.126       0.151       0.284       0.417       0.443       0.492
    GENDER          -0.156      -0.155      -0.154      -0.150      -0.147      -0.146      -0.144
    KCAL04          48.386      50.584      51.709      57.581      63.453      64.578      66.776
    MET04            3.145       3.547       3.753       4.825       5.898       6.104       6.506

 Q1       WITH
    AGE04           -0.451      -0.411      -0.390      -0.282      -0.175      -0.154      -0.114
    GENDER          -0.008      -0.006      -0.005      -0.002       0.002       0.002       0.004
    KCAL04           5.754       7.626       8.584      13.586      18.588      19.546      21.418
    MET04            3.847       4.173       4.340       5.211       6.083       6.249       6.576
    SMOKE04         -0.002      -0.001       0.000       0.003       0.007       0.008       0.009

 Q2       WITH
    AGE04           -0.135      -0.092      -0.070       0.044       0.158       0.180       0.223
    GENDER          -0.005      -0.004      -0.003       0.000       0.004       0.005       0.006
    KCAL04         -13.737     -11.943     -11.025      -6.232      -1.439      -0.521       1.273
    MET04           -7.008      -6.713      -6.562      -5.775      -4.988      -4.837      -4.542
    SMOKE04         -0.005      -0.004      -0.003       0.001       0.005       0.006       0.008
    Q1              -0.066      -0.065      -0.065      -0.063      -0.060      -0.060      -0.059

 Q3       WITH
    AGE04            0.270       0.314       0.336       0.451       0.566       0.588       0.631
    GENDER          -0.003      -0.001      -0.001       0.003       0.007       0.007       0.009
    KCAL04         -26.739     -24.917     -23.985     -19.120     -14.254     -13.322     -11.501
    MET04          -11.007     -10.737     -10.599      -9.879      -9.159      -9.021      -8.751
    SMOKE04         -0.013      -0.012      -0.011      -0.007      -0.003      -0.003      -0.001
    Q1              -0.066      -0.065      -0.065      -0.063      -0.060      -0.060      -0.059
    Q2              -0.066      -0.065      -0.065      -0.062      -0.060      -0.060      -0.059

 EDUC04   WITH
    AGE04           -8.768      -8.636      -8.569      -8.218      -7.867      -7.800      -7.669
    GENDER          -0.147      -0.142      -0.140      -0.129      -0.118      -0.116      -0.112
    KCAL04          55.357      60.881      63.707      78.463      93.220      96.046     101.570
    MET04           -5.096      -4.261      -3.833      -1.602       0.629       1.056       1.891
    SMOKE04          0.025       0.029       0.031       0.042       0.052       0.054       0.058
    Q1              -0.104      -0.100      -0.099      -0.090      -0.082      -0.080      -0.077
    Q2               0.010       0.014       0.016       0.025       0.035       0.037       0.041
    Q3               0.165       0.170       0.172       0.183       0.194       0.196       0.200

 SYSTO04  WITH
    AGE04          109.132     111.141     112.169     117.536     122.903     123.931     125.940
    GENDER          -1.062      -1.003      -0.973      -0.814      -0.655      -0.625      -0.565
    KCAL04       -1296.742   -1215.224   -1173.525    -955.765    -738.004    -696.305    -614.787
    MET04         -333.972    -320.415    -313.480    -277.264    -241.049    -234.114    -220.557
    SMOKE04          0.386       0.455       0.490       0.674       0.858       0.894       0.963
    Q1              -0.391      -0.338      -0.311      -0.170      -0.029      -0.002       0.051
    Q2               0.176       0.228       0.254       0.394       0.533       0.560       0.612
    Q3               0.127       0.178       0.205       0.342       0.480       0.506       0.557
    EDUC04          -4.443      -4.276      -4.191      -3.745      -3.300      -3.214      -3.048

 DIASTO04 WITH
    AGE04           31.160      32.300      32.882      35.926      38.969      39.552      40.691
    GENDER          -0.841      -0.805      -0.787      -0.691      -0.594      -0.576      -0.540
    KCAL04        -503.102    -450.625    -423.782    -283.599    -143.417    -116.573     -64.096
    MET04         -119.708    -111.320    -107.029     -84.621     -62.213     -57.923     -49.534
    SMOKE04          0.296       0.333       0.351       0.448       0.545       0.564       0.600
    Q1              -0.208      -0.174      -0.157      -0.068       0.022       0.039       0.072
    Q2               0.236       0.267       0.283       0.367       0.451       0.467       0.498
    Q3              -0.135      -0.105      -0.090      -0.010       0.069       0.085       0.114
    EDUC04          -1.226      -1.129      -1.079      -0.820      -0.561      -0.511      -0.414
    SYSTO04        139.333     141.516     142.633     148.467     154.300     155.418     157.601

 Means
    AGE04           46.981      47.078      47.127      47.385      47.644      47.693      47.790
    GENDER           1.506       1.509       1.510       1.519       1.527       1.529       1.532
    KCAL04        2170.651    2174.917    2177.100    2188.497    2199.894    2202.077    2206.343
    MET04          113.360     114.099     114.477     116.450     118.423     118.801     119.540
    SMOKE04          0.321       0.324       0.326       0.335       0.344       0.345       0.349
    Q1               0.239       0.241       0.243       0.250       0.257       0.259       0.261
    Q2               0.239       0.241       0.243       0.250       0.257       0.259       0.261
    Q3               0.239       0.242       0.243       0.250       0.258       0.259       0.262
    EDUC04           1.694       1.702       1.706       1.729       1.751       1.755       1.764
    SYSTO04        121.577     121.696     121.757     122.076     122.394     122.455     122.574
    DIASTO04        78.330      78.403      78.440      78.634      78.828      78.865      78.938

 Intercepts
    BMI04            0.000       0.000       0.000       0.000       0.000       0.000       0.000
    BMI06            0.000       0.000       0.000       0.000       0.000       0.000       0.000
    BMI09            0.000       0.000       0.000       0.000       0.000       0.000       0.000
    BMI11            0.000       0.000       0.000       0.000       0.000       0.000       0.000
    CMFP04           0.000       0.000       0.000       0.000       0.000       0.000       0.000
    CMFP06           0.000       0.000       0.000       0.000       0.000       0.000       0.000
    CMFP09           0.000       0.000       0.000       0.000       0.000       0.000       0.000
    CMFP11           0.000       0.000       0.000       0.000       0.000       0.000       0.000
    IB              12.834      13.068      13.189      13.816      14.443      14.563      14.798
    SB               0.372       0.406       0.423       0.514       0.605       0.623       0.657
    ID              13.466      13.768      13.922      14.729      15.536      15.690      15.992
    SD               0.139       0.212       0.249       0.443       0.637       0.674       0.746

 Variances
    AGE04          227.994     229.789     230.706     235.499     240.291     241.209     243.003
    GENDER           0.249       0.249       0.249       0.250       0.250       0.250       0.250
    KCAL04       *********  442068.375  444675.250  458288.875  471902.500  474509.375  479605.562
    MET04        11848.759   12056.406   12162.624   12717.315   13272.007   13378.225   13585.872
    SMOKE04          0.222       0.235       0.241       0.276       0.311       0.317       0.330
    Q1               0.182       0.183       0.184       0.188       0.191       0.192       0.193
    Q2               0.182       0.183       0.184       0.188       0.191       0.192       0.193
    Q3               0.182       0.183       0.184       0.188       0.191       0.192       0.193
    EDUC04           1.693       1.708       1.715       1.755       1.795       1.803       1.818
    SYSTO04        324.938     329.770     332.241     345.147     358.054     360.525     365.356
    DIASTO04       119.383     121.013     121.846     126.201     130.555     131.389     133.019

 Residual Variances
    BMI04            0.641       0.719       0.759       0.966       1.174       1.214       1.292
    BMI06           -1.409      -0.323       0.232       3.133       6.034       6.590       7.676
    BMI09            1.306       1.361       1.390       1.539       1.688       1.716       1.772
    BMI11           -1.467       2.128       3.967      13.571      23.175      25.015      28.610
    CMFP04          15.154      15.434      15.578      16.326      17.075      17.218      17.498
    CMFP06          17.868      18.098      18.216      18.831      19.446      19.563      19.793
    CMFP09          18.579      18.851      18.991      19.718      20.445      20.584      20.857
    CMFP11          21.036      21.429      21.630      22.681      23.731      23.932      24.325
    IB               8.593       8.718       8.782       9.117       9.451       9.515       9.640
    SB               0.035       0.037       0.039       0.046       0.053       0.055       0.057
    ID               4.413       4.662       4.790       5.457       6.123       6.251       6.501
    SD               0.020       0.033       0.039       0.073       0.107       0.113       0.126


TECHNICAL 1 OUTPUT


     PARAMETER SPECIFICATION


           NU
              BMI04         BMI06         BMI09         BMI11         CMFP04
              ________      ________      ________      ________      ________
 1                  0             0             0             0             0


           NU
              CMFP06        CMFP09        CMFP11        AGE04         GENDER
              ________      ________      ________      ________      ________
 1                  0             0             0             0             0


           NU
              KCAL04        MET04         SMOKE04       Q1            Q2
              ________      ________      ________      ________      ________
 1                  0             0             0             0             0


           NU
              Q3            EDUC04        SYSTO04       DIASTO04
              ________      ________      ________      ________
 1                  0             0             0             0


           LAMBDA
              IB            SB            ID            SD            AGE04
              ________      ________      ________      ________      ________
 BMI04              0             0             0             0             0
 BMI06              0             0             0             0             0
 BMI09              0             0             0             0             0
 BMI11              0             0             0             0             0
 CMFP04             0             0             0             0             0
 CMFP06             0             0             0             0             0
 CMFP09             0             0             0             0             0
 CMFP11             0             0             0             0             0
 AGE04              0             0             0             0             0
 GENDER             0             0             0             0             0
 KCAL04             0             0             0             0             0
 MET04              0             0             0             0             0
 SMOKE04            0             0             0             0             0
 Q1                 0             0             0             0             0
 Q2                 0             0             0             0             0
 Q3                 0             0             0             0             0
 EDUC04             0             0             0             0             0
 SYSTO04            0             0             0             0             0
 DIASTO04           0             0             0             0             0


           LAMBDA
              GENDER        KCAL04        MET04         SMOKE04       Q1
              ________      ________      ________      ________      ________
 BMI04              0             0             0             0             0
 BMI06              0             0             0             0             0
 BMI09              0             0             0             0             0
 BMI11              0             0             0             0             0
 CMFP04             0             0             0             0             0
 CMFP06             0             0             0             0             0
 CMFP09             0             0             0             0             0
 CMFP11             0             0             0             0             0
 AGE04              0             0             0             0             0
 GENDER             0             0             0             0             0
 KCAL04             0             0             0             0             0
 MET04              0             0             0             0             0
 SMOKE04            0             0             0             0             0
 Q1                 0             0             0             0             0
 Q2                 0             0             0             0             0
 Q3                 0             0             0             0             0
 EDUC04             0             0             0             0             0
 SYSTO04            0             0             0             0             0
 DIASTO04           0             0             0             0             0


           LAMBDA
              Q2            Q3            EDUC04        SYSTO04       DIASTO04
              ________      ________      ________      ________      ________
 BMI04              0             0             0             0             0
 BMI06              0             0             0             0             0
 BMI09              0             0             0             0             0
 BMI11              0             0             0             0             0
 CMFP04             0             0             0             0             0
 CMFP06             0             0             0             0             0
 CMFP09             0             0             0             0             0
 CMFP11             0             0             0             0             0
 AGE04              0             0             0             0             0
 GENDER             0             0             0             0             0
 KCAL04             0             0             0             0             0
 MET04              0             0             0             0             0
 SMOKE04            0             0             0             0             0
 Q1                 0             0             0             0             0
 Q2                 0             0             0             0             0
 Q3                 0             0             0             0             0
 EDUC04             0             0             0             0             0
 SYSTO04            0             0             0             0             0
 DIASTO04           0             0             0             0             0


           THETA
              BMI04         BMI06         BMI09         BMI11         CMFP04
              ________      ________      ________      ________      ________
 BMI04              1
 BMI06              0             2
 BMI09              0             0             3
 BMI11              0             0             0             4
 CMFP04             0             0             0             0             5
 CMFP06             0             0             0             0             0
 CMFP09             0             0             0             0             0
 CMFP11             0             0             0             0             0
 AGE04              0             0             0             0             0
 GENDER             0             0             0             0             0
 KCAL04             0             0             0             0             0
 MET04              0             0             0             0             0
 SMOKE04            0             0             0             0             0
 Q1                 0             0             0             0             0
 Q2                 0             0             0             0             0
 Q3                 0             0             0             0             0
 EDUC04             0             0             0             0             0
 SYSTO04            0             0             0             0             0
 DIASTO04           0             0             0             0             0


           THETA
              CMFP06        CMFP09        CMFP11        AGE04         GENDER
              ________      ________      ________      ________      ________
 CMFP06             6
 CMFP09             0             7
 CMFP11             0             0             8
 AGE04              0             0             0             0
 GENDER             0             0             0             0             0
 KCAL04             0             0             0             0             0
 MET04              0             0             0             0             0
 SMOKE04            0             0             0             0             0
 Q1                 0             0             0             0             0
 Q2                 0             0             0             0             0
 Q3                 0             0             0             0             0
 EDUC04             0             0             0             0             0
 SYSTO04            0             0             0             0             0
 DIASTO04           0             0             0             0             0


           THETA
              KCAL04        MET04         SMOKE04       Q1            Q2
              ________      ________      ________      ________      ________
 KCAL04             0
 MET04              0             0
 SMOKE04            0             0             0
 Q1                 0             0             0             0
 Q2                 0             0             0             0             0
 Q3                 0             0             0             0             0
 EDUC04             0             0             0             0             0
 SYSTO04            0             0             0             0             0
 DIASTO04           0             0             0             0             0


           THETA
              Q3            EDUC04        SYSTO04       DIASTO04
              ________      ________      ________      ________
 Q3                 0
 EDUC04             0             0
 SYSTO04            0             0             0
 DIASTO04           0             0             0             0


           ALPHA
              IB            SB            ID            SD            AGE04
              ________      ________      ________      ________      ________
 1                  9            10            11            12            13


           ALPHA
              GENDER        KCAL04        MET04         SMOKE04       Q1
              ________      ________      ________      ________      ________
 1                 14            15            16            17            18


           ALPHA
              Q2            Q3            EDUC04        SYSTO04       DIASTO04
              ________      ________      ________      ________      ________
 1                 19            20            21            22            23


           BETA
              IB            SB            ID            SD            AGE04
              ________      ________      ________      ________      ________
 IB                 0             0             0             0            24
 SB                 0             0             0             0            35
 ID                 0             0             0             0            46
 SD                 0             0             0             0            57
 AGE04              0             0             0             0             0
 GENDER             0             0             0             0             0
 KCAL04             0             0             0             0             0
 MET04              0             0             0             0             0
 SMOKE04            0             0             0             0             0
 Q1                 0             0             0             0             0
 Q2                 0             0             0             0             0
 Q3                 0             0             0             0             0
 EDUC04             0             0             0             0             0
 SYSTO04            0             0             0             0             0
 DIASTO04           0             0             0             0             0


           BETA
              GENDER        KCAL04        MET04         SMOKE04       Q1
              ________      ________      ________      ________      ________
 IB                25            26            27            28            29
 SB                36            37            38            39            40
 ID                47            48            49            50            51
 SD                58            59            60            61            62
 AGE04              0             0             0             0             0
 GENDER             0             0             0             0             0
 KCAL04             0             0             0             0             0
 MET04              0             0             0             0             0
 SMOKE04            0             0             0             0             0
 Q1                 0             0             0             0             0
 Q2                 0             0             0             0             0
 Q3                 0             0             0             0             0
 EDUC04             0             0             0             0             0
 SYSTO04            0             0             0             0             0
 DIASTO04           0             0             0             0             0


           BETA
              Q2            Q3            EDUC04        SYSTO04       DIASTO04
              ________      ________      ________      ________      ________
 IB                30            31            32            33            34
 SB                41            42            43            44            45
 ID                52            53            54            55            56
 SD                63            64            65            66            67
 AGE04              0             0             0             0             0
 GENDER             0             0             0             0             0
 KCAL04             0             0             0             0             0
 MET04              0             0             0             0             0
 SMOKE04            0             0             0             0             0
 Q1                 0             0             0             0             0
 Q2                 0             0             0             0             0
 Q3                 0             0             0             0             0
 EDUC04             0             0             0             0             0
 SYSTO04            0             0             0             0             0
 DIASTO04           0             0             0             0             0


           PSI
              IB            SB            ID            SD            AGE04
              ________      ________      ________      ________      ________
 IB                68
 SB                69            70
 ID                71            72            73
 SD                74            75            76            77
 AGE04              0             0             0             0            78
 GENDER             0             0             0             0            79
 KCAL04             0             0             0             0            81
 MET04              0             0             0             0            84
 SMOKE04            0             0             0             0            88
 Q1                 0             0             0             0            93
 Q2                 0             0             0             0            99
 Q3                 0             0             0             0           106
 EDUC04             0             0             0             0           114
 SYSTO04            0             0             0             0           123
 DIASTO04           0             0             0             0           133


           PSI
              GENDER        KCAL04        MET04         SMOKE04       Q1
              ________      ________      ________      ________      ________
 GENDER            80
 KCAL04            82            83
 MET04             85            86            87
 SMOKE04           89            90            91            92
 Q1                94            95            96            97            98
 Q2               100           101           102           103           104
 Q3               107           108           109           110           111
 EDUC04           115           116           117           118           119
 SYSTO04          124           125           126           127           128
 DIASTO04         134           135           136           137           138


           PSI
              Q2            Q3            EDUC04        SYSTO04       DIASTO04
              ________      ________      ________      ________      ________
 Q2               105
 Q3               112           113
 EDUC04           120           121           122
 SYSTO04          129           130           131           132
 DIASTO04         139           140           141           142           143


     STARTING VALUES


           NU
              BMI04         BMI06         BMI09         BMI11         CMFP04
              ________      ________      ________      ________      ________
 1              0.000         0.000         0.000         0.000         0.000


           NU
              CMFP06        CMFP09        CMFP11        AGE04         GENDER
              ________      ________      ________      ________      ________
 1              0.000         0.000         0.000         0.000         0.000


           NU
              KCAL04        MET04         SMOKE04       Q1            Q2
              ________      ________      ________      ________      ________
 1              0.000         0.000         0.000         0.000         0.000


           NU
              Q3            EDUC04        SYSTO04       DIASTO04
              ________      ________      ________      ________
 1              0.000         0.000         0.000         0.000


           LAMBDA
              IB            SB            ID            SD            AGE04
              ________      ________      ________      ________      ________
 BMI04          1.000         0.000         0.000         0.000         0.000
 BMI06          1.000         2.000         0.000         0.000         0.000
 BMI09          1.000         5.000         0.000         0.000         0.000
 BMI11          1.000         7.000         0.000         0.000         0.000
 CMFP04         0.000         0.000         1.000         0.000         0.000
 CMFP06         0.000         0.000         1.000         2.000         0.000
 CMFP09         0.000         0.000         1.000         5.000         0.000
 CMFP11         0.000         0.000         1.000         7.000         0.000
 AGE04          0.000         0.000         0.000         0.000         1.000
 GENDER         0.000         0.000         0.000         0.000         0.000
 KCAL04         0.000         0.000         0.000         0.000         0.000
 MET04          0.000         0.000         0.000         0.000         0.000
 SMOKE04        0.000         0.000         0.000         0.000         0.000
 Q1             0.000         0.000         0.000         0.000         0.000
 Q2             0.000         0.000         0.000         0.000         0.000
 Q3             0.000         0.000         0.000         0.000         0.000
 EDUC04         0.000         0.000         0.000         0.000         0.000
 SYSTO04        0.000         0.000         0.000         0.000         0.000
 DIASTO04       0.000         0.000         0.000         0.000         0.000


           LAMBDA
              GENDER        KCAL04        MET04         SMOKE04       Q1
              ________      ________      ________      ________      ________
 BMI04          0.000         0.000         0.000         0.000         0.000
 BMI06          0.000         0.000         0.000         0.000         0.000
 BMI09          0.000         0.000         0.000         0.000         0.000
 BMI11          0.000         0.000         0.000         0.000         0.000
 CMFP04         0.000         0.000         0.000         0.000         0.000
 CMFP06         0.000         0.000         0.000         0.000         0.000
 CMFP09         0.000         0.000         0.000         0.000         0.000
 CMFP11         0.000         0.000         0.000         0.000         0.000
 AGE04          0.000         0.000         0.000         0.000         0.000
 GENDER         1.000         0.000         0.000         0.000         0.000
 KCAL04         0.000         1.000         0.000         0.000         0.000
 MET04          0.000         0.000         1.000         0.000         0.000
 SMOKE04        0.000         0.000         0.000         1.000         0.000
 Q1             0.000         0.000         0.000         0.000         1.000
 Q2             0.000         0.000         0.000         0.000         0.000
 Q3             0.000         0.000         0.000         0.000         0.000
 EDUC04         0.000         0.000         0.000         0.000         0.000
 SYSTO04        0.000         0.000         0.000         0.000         0.000
 DIASTO04       0.000         0.000         0.000         0.000         0.000


           LAMBDA
              Q2            Q3            EDUC04        SYSTO04       DIASTO04
              ________      ________      ________      ________      ________
 BMI04          0.000         0.000         0.000         0.000         0.000
 BMI06          0.000         0.000         0.000         0.000         0.000
 BMI09          0.000         0.000         0.000         0.000         0.000
 BMI11          0.000         0.000         0.000         0.000         0.000
 CMFP04         0.000         0.000         0.000         0.000         0.000
 CMFP06         0.000         0.000         0.000         0.000         0.000
 CMFP09         0.000         0.000         0.000         0.000         0.000
 CMFP11         0.000         0.000         0.000         0.000         0.000
 AGE04          0.000         0.000         0.000         0.000         0.000
 GENDER         0.000         0.000         0.000         0.000         0.000
 KCAL04         0.000         0.000         0.000         0.000         0.000
 MET04          0.000         0.000         0.000         0.000         0.000
 SMOKE04        0.000         0.000         0.000         0.000         0.000
 Q1             0.000         0.000         0.000         0.000         0.000
 Q2             1.000         0.000         0.000         0.000         0.000
 Q3             0.000         1.000         0.000         0.000         0.000
 EDUC04         0.000         0.000         1.000         0.000         0.000
 SYSTO04        0.000         0.000         0.000         1.000         0.000
 DIASTO04       0.000         0.000         0.000         0.000         1.000


           THETA
              BMI04         BMI06         BMI09         BMI11         CMFP04
              ________      ________      ________      ________      ________
 BMI04          5.617
 BMI06          0.000         6.364
 BMI09          0.000         0.000         5.891
 BMI11          0.000         0.000         0.000        11.820
 CMFP04         0.000         0.000         0.000         0.000        11.601
 CMFP06         0.000         0.000         0.000         0.000         0.000
 CMFP09         0.000         0.000         0.000         0.000         0.000
 CMFP11         0.000         0.000         0.000         0.000         0.000
 AGE04          0.000         0.000         0.000         0.000         0.000
 GENDER         0.000         0.000         0.000         0.000         0.000
 KCAL04         0.000         0.000         0.000         0.000         0.000
 MET04          0.000         0.000         0.000         0.000         0.000
 SMOKE04        0.000         0.000         0.000         0.000         0.000
 Q1             0.000         0.000         0.000         0.000         0.000
 Q2             0.000         0.000         0.000         0.000         0.000
 Q3             0.000         0.000         0.000         0.000         0.000
 EDUC04         0.000         0.000         0.000         0.000         0.000
 SYSTO04        0.000         0.000         0.000         0.000         0.000
 DIASTO04       0.000         0.000         0.000         0.000         0.000


           THETA
              CMFP06        CMFP09        CMFP11        AGE04         GENDER
              ________      ________      ________      ________      ________
 CMFP06        12.501
 CMFP09         0.000        13.465
 CMFP11         0.000         0.000        14.557
 AGE04          0.000         0.000         0.000         0.000
 GENDER         0.000         0.000         0.000         0.000         0.000
 KCAL04         0.000         0.000         0.000         0.000         0.000
 MET04          0.000         0.000         0.000         0.000         0.000
 SMOKE04        0.000         0.000         0.000         0.000         0.000
 Q1             0.000         0.000         0.000         0.000         0.000
 Q2             0.000         0.000         0.000         0.000         0.000
 Q3             0.000         0.000         0.000         0.000         0.000
 EDUC04         0.000         0.000         0.000         0.000         0.000
 SYSTO04        0.000         0.000         0.000         0.000         0.000
 DIASTO04       0.000         0.000         0.000         0.000         0.000


           THETA
              KCAL04        MET04         SMOKE04       Q1            Q2
              ________      ________      ________      ________      ________
 KCAL04         0.000
 MET04          0.000         0.000
 SMOKE04        0.000         0.000         0.000
 Q1             0.000         0.000         0.000         0.000
 Q2             0.000         0.000         0.000         0.000         0.000
 Q3             0.000         0.000         0.000         0.000         0.000
 EDUC04         0.000         0.000         0.000         0.000         0.000
 SYSTO04        0.000         0.000         0.000         0.000         0.000
 DIASTO04       0.000         0.000         0.000         0.000         0.000


           THETA
              Q3            EDUC04        SYSTO04       DIASTO04
              ________      ________      ________      ________
 Q3             0.000
 EDUC04         0.000         0.000
 SYSTO04        0.000         0.000         0.000
 DIASTO04       0.000         0.000         0.000         0.000


           ALPHA
              IB            SB            ID            SD            AGE04
              ________      ________      ________      ________      ________
 1             23.091         0.035        19.070         0.137        47.385


           ALPHA
              GENDER        KCAL04        MET04         SMOKE04       Q1
              ________      ________      ________      ________      ________
 1              1.519      2188.497       118.186         0.334         0.250


           ALPHA
              Q2            Q3            EDUC04        SYSTO04       DIASTO04
              ________      ________      ________      ________      ________
 1              0.250         0.250         1.724       122.224        78.671


           BETA
              IB            SB            ID            SD            AGE04
              ________      ________      ________      ________      ________
 IB             0.000         0.000         0.000         0.000         0.000
 SB             0.000         0.000         0.000         0.000         0.000
 ID             0.000         0.000         0.000         0.000         0.000
 SD             0.000         0.000         0.000         0.000         0.000
 AGE04          0.000         0.000         0.000         0.000         0.000
 GENDER         0.000         0.000         0.000         0.000         0.000
 KCAL04         0.000         0.000         0.000         0.000         0.000
 MET04          0.000         0.000         0.000         0.000         0.000
 SMOKE04        0.000         0.000         0.000         0.000         0.000
 Q1             0.000         0.000         0.000         0.000         0.000
 Q2             0.000         0.000         0.000         0.000         0.000
 Q3             0.000         0.000         0.000         0.000         0.000
 EDUC04         0.000         0.000         0.000         0.000         0.000
 SYSTO04        0.000         0.000         0.000         0.000         0.000
 DIASTO04       0.000         0.000         0.000         0.000         0.000


           BETA
              GENDER        KCAL04        MET04         SMOKE04       Q1
              ________      ________      ________      ________      ________
 IB             0.000         0.000         0.000         0.000         0.000
 SB             0.000         0.000         0.000         0.000         0.000
 ID             0.000         0.000         0.000         0.000         0.000
 SD             0.000         0.000         0.000         0.000         0.000
 AGE04          0.000         0.000         0.000         0.000         0.000
 GENDER         0.000         0.000         0.000         0.000         0.000
 KCAL04         0.000         0.000         0.000         0.000         0.000
 MET04          0.000         0.000         0.000         0.000         0.000
 SMOKE04        0.000         0.000         0.000         0.000         0.000
 Q1             0.000         0.000         0.000         0.000         0.000
 Q2             0.000         0.000         0.000         0.000         0.000
 Q3             0.000         0.000         0.000         0.000         0.000
 EDUC04         0.000         0.000         0.000         0.000         0.000
 SYSTO04        0.000         0.000         0.000         0.000         0.000
 DIASTO04       0.000         0.000         0.000         0.000         0.000


           BETA
              Q2            Q3            EDUC04        SYSTO04       DIASTO04
              ________      ________      ________      ________      ________
 IB             0.000         0.000         0.000         0.000         0.000
 SB             0.000         0.000         0.000         0.000         0.000
 ID             0.000         0.000         0.000         0.000         0.000
 SD             0.000         0.000         0.000         0.000         0.000
 AGE04          0.000         0.000         0.000         0.000         0.000
 GENDER         0.000         0.000         0.000         0.000         0.000
 KCAL04         0.000         0.000         0.000         0.000         0.000
 MET04          0.000         0.000         0.000         0.000         0.000
 SMOKE04        0.000         0.000         0.000         0.000         0.000
 Q1             0.000         0.000         0.000         0.000         0.000
 Q2             0.000         0.000         0.000         0.000         0.000
 Q3             0.000         0.000         0.000         0.000         0.000
 EDUC04         0.000         0.000         0.000         0.000         0.000
 SYSTO04        0.000         0.000         0.000         0.000         0.000
 DIASTO04       0.000         0.000         0.000         0.000         0.000


           PSI
              IB            SB            ID            SD            AGE04
              ________      ________      ________      ________      ________
 IB            11.513
 SB             0.000         0.570
 ID             0.000         0.000        23.353
 SD             0.000         0.000         0.000         6.456
 AGE04          0.000         0.000         0.000         0.000       117.749
 GENDER         0.000         0.000         0.000         0.000         0.000
 KCAL04         0.000         0.000         0.000         0.000         0.000
 MET04          0.000         0.000         0.000         0.000         0.000
 SMOKE04        0.000         0.000         0.000         0.000         0.000
 Q1             0.000         0.000         0.000         0.000         0.000
 Q2             0.000         0.000         0.000         0.000         0.000
 Q3             0.000         0.000         0.000         0.000         0.000
 EDUC04         0.000         0.000         0.000         0.000         0.000
 SYSTO04        0.000         0.000         0.000         0.000         0.000
 DIASTO04       0.000         0.000         0.000         0.000         0.000


           PSI
              GENDER        KCAL04        MET04         SMOKE04       Q1
              ________      ________      ________      ________      ________
 GENDER         0.125
 KCAL04         0.000    229144.438
 MET04          0.000         0.000      6315.442
 SMOKE04        0.000         0.000         0.000         0.138
 Q1             0.000         0.000         0.000         0.000         0.094
 Q2             0.000         0.000         0.000         0.000         0.000
 Q3             0.000         0.000         0.000         0.000         0.000
 EDUC04         0.000         0.000         0.000         0.000         0.000
 SYSTO04        0.000         0.000         0.000         0.000         0.000
 DIASTO04       0.000         0.000         0.000         0.000         0.000


           PSI
              Q2            Q3            EDUC04        SYSTO04       DIASTO04
              ________      ________      ________      ________      ________
 Q2             0.094
 Q3             0.000         0.094
 EDUC04         0.000         0.000         0.876
 SYSTO04        0.000         0.000         0.000       171.913
 DIASTO04       0.000         0.000         0.000         0.000        63.046


DIAGRAM INFORMATION

  Use View Diagram under the Diagram menu in the Mplus Editor to view the diagram.
  If running Mplus from the Mplus Diagrammer, the diagram opens automatically.

  Diagram output
    c:\users\likai\documents\git_repo\dqmedi\mplus\longitudinal\cmfp bmi no mediation - model fit.dg

     Beginning Time:  22:39:23
        Ending Time:  22:39:47
       Elapsed Time:  00:00:24



MUTHEN & MUTHEN
3463 Stoner Ave.
Los Angeles, CA  90066

Tel: (310) 391-9971
Fax: (310) 391-8971
Web: www.StatModel.com
Support: Support@StatModel.com

Copyright (c) 1998-2015 Muthen & Muthen
