Mplus VERSION 7.4
MUTHEN & MUTHEN
05/05/2019   4:46 PM

INPUT INSTRUCTIONS

  DATA: File is id0411.csv;

  VARIABLE: Names are IDind age04 kcal04 bmi04
                                    hwr04 wc04 diasto04 systo04
                                    gender educ04 indinc04 index04
                                    met04 cmfp04 dash04 ahei04 age06
                                    kcal06 bmi06 hwr06 wc06 diasto06
                                    systo06 educ06 indinc06 index06
                                    met06 cmfp06 dash06 ahei06 age09
                                    kcal09 bmi09 hwr09 wc09 diasto09
                                    systo09 educ09 indinc09 index09
                                    met09 cmfp09 dash09 ahei09 age11
                                    kcal11 bmi11 hwr11 wc11 diasto11
                                    systo11 educ11 indinc11 ndex11
                                    met11 cmfp11 dash11 ahei11
                                    q_index q1 q2 q3;

           Usev are  age04 gender kcal04 met04
                     bmi04 bmi06 bmi09 bmi11
                     dash04 dash06 dash09 dash11
                     q1 q2 q3;


           Missing are all(999);


  ANALYSIS:
  Type=random;
  ALGORITHM=INTEGRATION;
  Estimator=ML;
  bootstrap = 1000;


  MODEL:
  age04 gender kcal04 met04
  bmi04 bmi06 bmi09 bmi11
  dash04 dash06 dash09 dash11 q1 q2 q3;

  ib sb | bmi04@0 bmi06@2 bmi09@5 bmi11@7;
  id sd | dash04@0 dash06@2 dash09@5 dash11@7;

  id with sd;

  id on q1(ai1)
        q2(ai2)
        q3(ai3)
        age04 gender kcal04 met04;

  sd on q1(as1)
        q2(as2)
        q3(as3)
        age04 gender kcal04 met04;

  sb on id(bi)
        sd(bs)
        q1(c1)
        q2(c2)
        q3(c3)
        age04 gender kcal04 met04;


   MODEL CONSTRAINT:
    NEW (ind1 ind2 ind3 di1 di2 di3 to1 to2 to3
     ind_l_1 ind_l_2 ind_l_3
    ind_s_1 ind_s_2 ind_s_3);
    ind1=as1*bs+ai1*bi;
    ind2=as2*bs+ai2*bi;
    ind3=as3*bs+ai3*bi;
    to1=as1*bs+ai1*bi+c1;
    to2=as2*bs+ai2*bi+c2;
    to3=as3*bs+ai3*bi+c3;
    di1=c1;
    di2=c2;
    di3=c3;
    ind_l_1=ai1*bi;
    ind_l_2=ai2*bi;
    ind_l_3=ai3*bi;
    ind_s_1=as1*bs;
    ind_s_2=as2*bs;
    ind_s_3=as3*bs;


  OUTPUT: tech1 tech8 cinterval(BOOTSTRAP);



INPUT READING TERMINATED NORMALLY




SUMMARY OF ANALYSIS

Number of groups                                                 1
Number of observations                                        9547

Number of dependent variables                                    8
Number of independent variables                                  7
Number of continuous latent variables                            4

Observed dependent variables

  Continuous
   BMI04       BMI06       BMI09       BMI11       DASH04      DASH06
   DASH09      DASH11

Observed independent variables
   AGE04       GENDER      KCAL04      MET04       Q1          Q2
   Q3

Continuous latent variables
   IB          SB          ID          SD


Estimator                                                       ML
Information matrix                                        OBSERVED
Optimization Specifications for the Quasi-Newton Algorithm for
Continuous Outcomes
  Maximum number of iterations                                 100
  Convergence criterion                                  0.100D-05
Optimization Specifications for the EM Algorithm
  Maximum number of iterations                                 500
  Convergence criteria
    Loglikelihood change                                 0.100D-02
    Relative loglikelihood change                        0.100D-05
    Derivative                                           0.100D-02
Optimization Specifications for the M step of the EM Algorithm for
Categorical Latent variables
  Number of M step iterations                                    1
  M step convergence criterion                           0.100D-02
  Basis for M step termination                           ITERATION
Optimization Specifications for the M step of the EM Algorithm for
Censored, Binary or Ordered Categorical (Ordinal), Unordered
Categorical (Nominal) and Count Outcomes
  Number of M step iterations                                    1
  M step convergence criterion                           0.100D-02
  Basis for M step termination                           ITERATION
  Maximum value for logit thresholds                            15
  Minimum value for logit thresholds                           -15
  Minimum expected cell size for chi-square              0.100D-01
Maximum number of iterations for H1                           2000
Convergence criterion for H1                             0.100D-03
Number of bootstrap draws
    Requested                                                 1000
    Completed                                                 1000
Optimization algorithm                                         EMA
Integration Specifications
  Type                                                    STANDARD
  Number of integration points                                  15
  Dimensions of numerical integration                            0
  Adaptive quadrature                                           ON
Cholesky                                                       OFF

Input data file(s)
  id0411.csv
Input data format  FREE


SUMMARY OF DATA

     Number of missing data patterns           141


COVARIANCE COVERAGE OF DATA

Minimum covariance coverage value   0.100


     PROPORTION OF DATA PRESENT FOR Y


           Covariance Coverage
              BMI04         BMI06         BMI09         BMI11         DASH04
              ________      ________      ________      ________      ________
 BMI04          0.928
 BMI06          0.690         0.727
 BMI09          0.589         0.537         0.623
 BMI11          0.533         0.483         0.503         0.564
 DASH04         0.928         0.727         0.623         0.564         1.000
 DASH06         0.721         0.717         0.559         0.504         0.769
 DASH09         0.608         0.553         0.616         0.514         0.648
 DASH11         0.537         0.486         0.504         0.553         0.571
 AGE04          0.928         0.727         0.623         0.564         1.000
 GENDER         0.928         0.727         0.623         0.564         1.000
 KCAL04         0.928         0.727         0.623         0.564         1.000
 MET04          0.848         0.667         0.576         0.523         0.901
 Q1             0.927         0.726         0.622         0.563         0.999
 Q2             0.927         0.726         0.622         0.563         0.999
 Q3             0.927         0.726         0.622         0.563         0.999


           Covariance Coverage
              DASH06        DASH09        DASH11        AGE04         GENDER
              ________      ________      ________      ________      ________
 DASH06         0.769
 DASH09         0.580         0.648
 DASH11         0.509         0.518         0.571
 AGE04          0.769         0.648         0.571         1.000
 GENDER         0.769         0.648         0.571         1.000         1.000
 KCAL04         0.769         0.648         0.571         1.000         1.000
 MET04          0.703         0.597         0.529         0.901         0.901
 Q1             0.768         0.647         0.570         0.999         0.999
 Q2             0.768         0.647         0.570         0.999         0.999
 Q3             0.768         0.647         0.570         0.999         0.999


           Covariance Coverage
              KCAL04        MET04         Q1            Q2            Q3
              ________      ________      ________      ________      ________
 KCAL04         1.000
 MET04          0.901         0.901
 Q1             0.999         0.900         0.999
 Q2             0.999         0.900         0.999         0.999
 Q3             0.999         0.900         0.999         0.999         0.999



THE MODEL ESTIMATION TERMINATED NORMALLY



MODEL FIT INFORMATION

Number of Free Parameters                       82

Loglikelihood

          H0 Value                     -351375.105

Information Criteria

          Akaike (AIC)                  702914.209
          Bayesian (BIC)                703501.656
          Sample-Size Adjusted BIC      703241.072
            (n* = (n + 2) / 24)



MODEL RESULTS

                                                    Two-Tailed
                    Estimate       S.E.  Est./S.E.    P-Value

 IB       |
    BMI04              1.000      0.000    999.000    999.000
    BMI06              1.000      0.000    999.000    999.000
    BMI09              1.000      0.000    999.000    999.000
    BMI11              1.000      0.000    999.000    999.000

 SB       |
    BMI04              0.000      0.000    999.000    999.000
    BMI06              2.000      0.000    999.000    999.000
    BMI09              5.000      0.000    999.000    999.000
    BMI11              7.000      0.000    999.000    999.000

 ID       |
    DASH04             1.000      0.000    999.000    999.000
    DASH06             1.000      0.000    999.000    999.000
    DASH09             1.000      0.000    999.000    999.000
    DASH11             1.000      0.000    999.000    999.000

 SD       |
    DASH04             0.000      0.000    999.000    999.000
    DASH06             2.000      0.000    999.000    999.000
    DASH09             5.000      0.000    999.000    999.000
    DASH11             7.000      0.000    999.000    999.000

 SB         ON
    ID                -0.005      0.002     -2.061      0.039
    SD                -0.031      0.026     -1.182      0.237

 ID         ON
    Q1                 0.592      0.197      3.001      0.003
    Q2                 0.550      0.197      2.785      0.005
    Q3                 2.158      0.221      9.753      0.000
    AGE04              0.016      0.005      3.272      0.001
    GENDER             0.790      0.148      5.342      0.000
    KCAL04             0.000      0.000     -1.165      0.244
    MET04              0.002      0.001      2.264      0.024

 SD         ON
    Q1                 0.027      0.049      0.564      0.573
    Q2                 0.096      0.051      1.879      0.060
    Q3                 0.264      0.053      5.024      0.000
    AGE04             -0.003      0.001     -2.553      0.011
    GENDER             0.024      0.036      0.659      0.510
    KCAL04             0.000      0.000     -2.164      0.030
    MET04              0.000      0.000      0.533      0.594

 SB         ON
    Q1                 0.014      0.013      1.071      0.284
    Q2                -0.015      0.014     -1.042      0.297
    Q3                -0.034      0.019     -1.845      0.065
    AGE04             -0.004      0.000    -10.465      0.000
    GENDER            -0.009      0.010     -0.944      0.345
    KCAL04             0.000      0.000      0.445      0.657
    MET04              0.000      0.000     -0.274      0.784

 ID       WITH
    SD                -1.487      0.209     -7.126      0.000

 AGE04    WITH
    IB                 3.932      0.600      6.548      0.000

 GENDER   WITH
    IB                 0.050      0.018      2.750      0.006

 KCAL04   WITH
    IB                56.471     23.861      2.367      0.018

 MET04    WITH
    IB               -18.986      4.061     -4.675      0.000

 Q1       WITH
    IB                -0.074      0.015     -4.973      0.000

 Q2       WITH
    IB                 0.110      0.015      7.522      0.000

 Q3       WITH
    IB                 0.085      0.016      5.427      0.000

 GENDER   WITH
    AGE04              0.199      0.078      2.550      0.011

 KCAL04   WITH
    AGE04          -1363.375    109.784    -12.419      0.000
    GENDER           -91.666      3.306    -27.724      0.000

 MET04    WITH
    AGE04           -419.742     17.321    -24.234      0.000
    GENDER            -8.089      0.606    -13.345      0.000
    KCAL04         15956.970    879.026     18.153      0.000

 Q1       WITH
    AGE04             -0.283      0.066     -4.300      0.000
    GENDER            -0.002      0.002     -0.817      0.414
    KCAL04            13.546      2.923      4.634      0.000
    MET04              5.251      0.521     10.081      0.000

 Q2       WITH
    AGE04              0.044      0.069      0.647      0.518
    GENDER             0.000      0.002      0.201      0.841
    KCAL04            -6.223      2.903     -2.143      0.032
    MET04             -5.780      0.460    -12.571      0.000
    Q1                -0.063      0.001    -49.200      0.000

 Q3       WITH
    AGE04              0.452      0.069      6.539      0.000
    GENDER             0.003      0.002      1.314      0.189
    KCAL04           -19.044      2.930     -6.499      0.000
    MET04             -9.929      0.444    -22.356      0.000
    Q1                -0.062      0.001    -48.788      0.000
    Q2                -0.062      0.001    -50.696      0.000

 Means
    AGE04             47.385      0.152    311.364      0.000
    GENDER             1.519      0.005    289.604      0.000
    KCAL04          2188.497      6.913    316.566      0.000
    MET04            116.391      1.211     96.136      0.000
    Q1                 0.250      0.004     56.735      0.000
    Q2                 0.250      0.004     57.924      0.000
    Q3                 0.250      0.004     57.848      0.000
    IB                23.013      0.035    663.649      0.000

 Intercepts
    BMI04              0.000      0.000    999.000    999.000
    BMI06              0.000      0.000    999.000    999.000
    BMI09              0.000      0.000    999.000    999.000
    BMI11              0.000      0.000    999.000    999.000
    DASH04             0.000      0.000    999.000    999.000
    DASH06             0.000      0.000    999.000    999.000
    DASH09             0.000      0.000    999.000    999.000
    DASH11             0.000      0.000    999.000    999.000
    SB                 0.514      0.122      4.207      0.000
    ID                44.653      0.508     87.842      0.000
    SD                 0.452      0.124      3.659      0.000

 Variances
    AGE04            235.499      2.976     79.132      0.000
    GENDER             0.250      0.000   1227.022      0.000
    KCAL04         *********   8168.494     56.104      0.000
    MET04          12721.329    342.177     37.178      0.000
    Q1                 0.188      0.002     85.045      0.000
    Q2                 0.188      0.002     86.912      0.000
    Q3                 0.187      0.002     86.602      0.000
    IB                 9.942      0.182     54.552      0.000

 Residual Variances
    BMI04              1.225      0.060     20.490      0.000
    BMI06              3.047      1.763      1.729      0.084
    BMI09              1.591      0.101     15.719      0.000
    BMI11             13.736      5.709      2.406      0.016
    DASH04            42.438      1.182     35.893      0.000
    DASH06            51.152      0.974     52.509      0.000
    DASH09            54.749      1.247     43.904      0.000
    DASH11            64.939      1.929     33.672      0.000
    SB                 0.033      0.005      7.088      0.000
    ID                15.848      1.059     14.959      0.000
    SD                 0.366      0.055      6.676      0.000

New/Additional Parameters
    IND1              -0.004      0.003     -1.520      0.129
    IND2              -0.006      0.004     -1.457      0.145
    IND3              -0.019      0.011     -1.675      0.094
    DI1                0.014      0.013      1.071      0.284
    DI2               -0.015      0.014     -1.042      0.297
    DI3               -0.034      0.019     -1.845      0.065
    TO1                0.010      0.013      0.790      0.429
    TO2               -0.021      0.014     -1.472      0.141
    TO3               -0.053      0.015     -3.457      0.001
    IND_L_1           -0.003      0.002     -1.705      0.088
    IND_L_2           -0.003      0.002     -1.595      0.111
    IND_L_3           -0.011      0.005     -2.035      0.042
    IND_S_1           -0.001      0.002     -0.414      0.679
    IND_S_2           -0.003      0.003     -0.931      0.352
    IND_S_3           -0.008      0.007     -1.121      0.262


CONFIDENCE INTERVALS OF MODEL RESULTS

                  Lower .5%  Lower 2.5%    Lower 5%    Estimate    Upper 5%  Upper 2.5%   Upper .5%

 IB       |
    BMI04            1.000       1.000       1.000       1.000       1.000       1.000       1.000
    BMI06            1.000       1.000       1.000       1.000       1.000       1.000       1.000
    BMI09            1.000       1.000       1.000       1.000       1.000       1.000       1.000
    BMI11            1.000       1.000       1.000       1.000       1.000       1.000       1.000

 SB       |
    BMI04            0.000       0.000       0.000       0.000       0.000       0.000       0.000
    BMI06            2.000       2.000       2.000       2.000       2.000       2.000       2.000
    BMI09            5.000       5.000       5.000       5.000       5.000       5.000       5.000
    BMI11            7.000       7.000       7.000       7.000       7.000       7.000       7.000

 ID       |
    DASH04           1.000       1.000       1.000       1.000       1.000       1.000       1.000
    DASH06           1.000       1.000       1.000       1.000       1.000       1.000       1.000
    DASH09           1.000       1.000       1.000       1.000       1.000       1.000       1.000
    DASH11           1.000       1.000       1.000       1.000       1.000       1.000       1.000

 SD       |
    DASH04           0.000       0.000       0.000       0.000       0.000       0.000       0.000
    DASH06           2.000       2.000       2.000       2.000       2.000       2.000       2.000
    DASH09           5.000       5.000       5.000       5.000       5.000       5.000       5.000
    DASH11           7.000       7.000       7.000       7.000       7.000       7.000       7.000

 SB       ON
    ID              -0.012      -0.010      -0.009      -0.005      -0.001       0.000       0.001
    SD              -0.115      -0.086      -0.077      -0.031       0.008       0.017       0.031

 ID       ON
    Q1               0.041       0.194       0.261       0.592       0.899       0.968       1.063
    Q2              -0.001       0.154       0.226       0.550       0.867       0.922       1.068
    Q3               1.586       1.699       1.787       2.158       2.534       2.601       2.753
    AGE04            0.005       0.007       0.009       0.016       0.025       0.026       0.028
    GENDER           0.393       0.501       0.558       0.790       1.036       1.077       1.188
    KCAL04           0.000       0.000       0.000       0.000       0.000       0.000       0.000
    MET04            0.000       0.000       0.000       0.002       0.003       0.003       0.004

 SD       ON
    Q1              -0.106      -0.067      -0.054       0.027       0.106       0.129       0.160
    Q2              -0.041      -0.005       0.011       0.096       0.177       0.197       0.229
    Q3               0.119       0.168       0.184       0.264       0.352       0.370       0.397
    AGE04           -0.006      -0.006      -0.005      -0.003      -0.001      -0.001       0.000
    GENDER          -0.069      -0.047      -0.039       0.024       0.083       0.089       0.108
    KCAL04           0.000       0.000       0.000       0.000       0.000       0.000       0.000
    MET04            0.000       0.000       0.000       0.000       0.000       0.000       0.001

 SB       ON
    Q1              -0.017      -0.011      -0.006       0.014       0.037       0.041       0.051
    Q2              -0.051      -0.043      -0.039      -0.015       0.009       0.016       0.024
    Q3              -0.080      -0.069      -0.063      -0.034      -0.005       0.001       0.021
    AGE04           -0.005      -0.005      -0.005      -0.004      -0.003      -0.003      -0.003
    GENDER          -0.034      -0.029      -0.025      -0.009       0.007       0.012       0.016
    KCAL04           0.000       0.000       0.000       0.000       0.000       0.000       0.000
    MET04            0.000       0.000       0.000       0.000       0.000       0.000       0.000

 ID       WITH
    SD              -2.092      -1.885      -1.834      -1.487      -1.144      -1.093      -1.026

 AGE04    WITH
    IB               2.415       2.754       2.891       3.932       4.952       5.133       5.380

 GENDER   WITH
    IB               0.007       0.014       0.020       0.050       0.078       0.084       0.094

 KCAL04   WITH
    IB              -6.883       9.181      16.134      56.471      93.545     101.489     116.011

 MET04    WITH
    IB             -28.880     -26.582     -25.181     -18.986     -12.101     -10.852      -7.531

 Q1       WITH
    IB              -0.112      -0.104      -0.098      -0.074      -0.049      -0.045      -0.037

 Q2       WITH
    IB               0.073       0.081       0.086       0.110       0.133       0.138       0.148

 Q3       WITH
    IB               0.039       0.054       0.059       0.085       0.109       0.113       0.123

 GENDER   WITH
    AGE04           -0.006       0.046       0.064       0.199       0.319       0.343       0.397

 KCAL04   WITH
    AGE04        -1651.838   -1575.775   -1549.657   -1363.375   -1195.060   -1159.546   -1090.140
    GENDER        -101.226     -98.376     -97.286     -91.666     -86.432     -85.485     -83.590

 MET04    WITH
    AGE04         -466.166    -454.659    -449.214    -419.742    -392.119    -387.650    -376.974
    GENDER          -9.719      -9.339      -9.075      -8.089      -7.067      -6.832      -6.564
    KCAL04       13875.939   14311.291   14584.672   15956.970   17454.006   17670.330   18445.582

 Q1       WITH
    AGE04           -0.459      -0.415      -0.397      -0.283      -0.181      -0.166      -0.124
    GENDER          -0.008      -0.007      -0.006      -0.002       0.002       0.002       0.004
    KCAL04           6.707       8.285       9.021      13.546      18.344      19.444      22.160
    MET04            3.861       4.253       4.440       5.251       6.126       6.233       6.507

 Q2       WITH
    AGE04           -0.149      -0.086      -0.064       0.044       0.166       0.182       0.226
    GENDER          -0.005      -0.004      -0.003       0.000       0.004       0.005       0.006
    KCAL04         -13.869     -11.877     -11.133      -6.223      -1.660      -0.692       1.010
    MET04           -7.036      -6.710      -6.542      -5.780      -5.017      -4.908      -4.702
    Q1              -0.066      -0.065      -0.065      -0.063      -0.061      -0.060      -0.060

 Q3       WITH
    AGE04            0.267       0.320       0.338       0.452       0.562       0.588       0.647
    GENDER          -0.003      -0.001      -0.001       0.003       0.007       0.007       0.009
    KCAL04         -26.850     -25.098     -23.913     -19.044     -14.327     -13.563     -12.163
    MET04          -11.252     -10.812     -10.716      -9.929      -9.217      -9.101      -8.892
    Q1              -0.066      -0.065      -0.065      -0.062      -0.060      -0.060      -0.059
    Q2              -0.066      -0.065      -0.065      -0.062      -0.061      -0.060      -0.059

 Means
    AGE04           46.990      47.063      47.134      47.385      47.623      47.684      47.803
    GENDER           1.505       1.509       1.511       1.519       1.527       1.529       1.533
    KCAL04        2171.270    2174.952    2176.839    2188.497    2200.025    2201.453    2206.185
    MET04          113.040     113.943     114.325     116.391     118.412     118.665     119.568
    Q1               0.239       0.240       0.243       0.250       0.257       0.258       0.261
    Q2               0.239       0.242       0.243       0.250       0.257       0.258       0.262
    Q3               0.237       0.242       0.243       0.250       0.257       0.258       0.261
    IB              22.921      22.938      22.951      23.013      23.069      23.078      23.094

 Intercepts
    BMI04            0.000       0.000       0.000       0.000       0.000       0.000       0.000
    BMI06            0.000       0.000       0.000       0.000       0.000       0.000       0.000
    BMI09            0.000       0.000       0.000       0.000       0.000       0.000       0.000
    BMI11            0.000       0.000       0.000       0.000       0.000       0.000       0.000
    DASH04           0.000       0.000       0.000       0.000       0.000       0.000       0.000
    DASH06           0.000       0.000       0.000       0.000       0.000       0.000       0.000
    DASH09           0.000       0.000       0.000       0.000       0.000       0.000       0.000
    DASH11           0.000       0.000       0.000       0.000       0.000       0.000       0.000
    SB               0.218       0.279       0.310       0.514       0.707       0.760       0.843
    ID              43.217      43.645      43.815      44.653      45.451      45.598      45.862
    SD               0.123       0.204       0.251       0.452       0.659       0.688       0.750

 Variances
    AGE04          228.029     229.925     230.677     235.499     240.541     241.408     242.897
    GENDER           0.249       0.249       0.249       0.250       0.250       0.250       0.250
    KCAL04       *********  441441.438  444368.469  458288.875  470965.500  473600.062  479769.688
    MET04        11913.405   12112.400   12208.491   12721.329   13313.471   13429.350   13761.234
    Q1               0.182       0.183       0.184       0.188       0.191       0.192       0.193
    Q2               0.182       0.183       0.184       0.188       0.191       0.192       0.193
    Q3               0.181       0.183       0.184       0.187       0.191       0.191       0.193
    IB               9.498       9.582       9.640       9.942      10.265      10.316      10.467

 Residual Variances
    BMI04            1.086       1.131       1.145       1.225       1.345       1.361       1.388
    BMI06            1.139       1.167       1.184       3.047       6.445       6.535       8.167
    BMI09            1.300       1.366       1.395       1.591       1.716       1.746       1.807
    BMI11            5.140       5.908       6.303      13.736      24.074      26.737      35.930
    DASH04          38.993      39.981      40.480      42.438      44.275      44.725      45.078
    DASH06          48.812      49.303      49.582      51.152      52.817      53.034      53.399
    DASH09          51.724      52.311      52.701      54.749      56.832      57.143      57.819
    DASH11          60.334      61.181      61.807      64.939      68.074      68.606      70.182
    SB               0.023       0.026       0.027       0.033       0.042       0.044       0.046
    ID              13.499      13.849      14.182      15.848      17.611      17.879      18.535
    SD               0.232       0.262       0.276       0.366       0.456       0.473       0.513

New/Additional Parameters
    IND1            -0.012      -0.010      -0.008      -0.004       0.000       0.000       0.002
    IND2            -0.018      -0.015      -0.013      -0.006       0.000       0.001       0.004
    IND3            -0.052      -0.043      -0.039      -0.019      -0.001       0.002       0.007
    DI1             -0.017      -0.011      -0.006       0.014       0.037       0.041       0.051
    DI2             -0.051      -0.043      -0.039      -0.015       0.009       0.016       0.024
    DI3             -0.080      -0.069      -0.063      -0.034      -0.005       0.001       0.021
    TO1             -0.021      -0.012      -0.009       0.010       0.032       0.037       0.044
    TO2             -0.055      -0.048      -0.044      -0.021       0.004       0.009       0.018
    TO3             -0.091      -0.082      -0.078      -0.053      -0.027      -0.022      -0.012
    IND_L_1         -0.009      -0.007      -0.006      -0.003       0.000       0.000       0.000
    IND_L_2         -0.009      -0.007      -0.006      -0.003       0.000       0.000       0.000
    IND_L_3         -0.026      -0.022      -0.020      -0.011      -0.002      -0.001       0.001
    IND_S_1         -0.010      -0.006      -0.005      -0.001       0.002       0.003       0.004
    IND_S_2         -0.015      -0.011      -0.009      -0.003       0.001       0.002       0.004
    IND_S_3         -0.029      -0.025      -0.022      -0.008       0.002       0.004       0.009


TECHNICAL 1 OUTPUT


     PARAMETER SPECIFICATION


           NU
              BMI04         BMI06         BMI09         BMI11         DASH04
              ________      ________      ________      ________      ________
 1                  0             0             0             0             0


           NU
              DASH06        DASH09        DASH11        AGE04         GENDER
              ________      ________      ________      ________      ________
 1                  0             0             0             0             0


           NU
              KCAL04        MET04         Q1            Q2            Q3
              ________      ________      ________      ________      ________
 1                  0             0             0             0             0


           LAMBDA
              IB            SB            ID            SD            AGE04
              ________      ________      ________      ________      ________
 BMI04              0             0             0             0             0
 BMI06              0             0             0             0             0
 BMI09              0             0             0             0             0
 BMI11              0             0             0             0             0
 DASH04             0             0             0             0             0
 DASH06             0             0             0             0             0
 DASH09             0             0             0             0             0
 DASH11             0             0             0             0             0
 AGE04              0             0             0             0             0
 GENDER             0             0             0             0             0
 KCAL04             0             0             0             0             0
 MET04              0             0             0             0             0
 Q1                 0             0             0             0             0
 Q2                 0             0             0             0             0
 Q3                 0             0             0             0             0


           LAMBDA
              GENDER        KCAL04        MET04         Q1            Q2
              ________      ________      ________      ________      ________
 BMI04              0             0             0             0             0
 BMI06              0             0             0             0             0
 BMI09              0             0             0             0             0
 BMI11              0             0             0             0             0
 DASH04             0             0             0             0             0
 DASH06             0             0             0             0             0
 DASH09             0             0             0             0             0
 DASH11             0             0             0             0             0
 AGE04              0             0             0             0             0
 GENDER             0             0             0             0             0
 KCAL04             0             0             0             0             0
 MET04              0             0             0             0             0
 Q1                 0             0             0             0             0
 Q2                 0             0             0             0             0
 Q3                 0             0             0             0             0


           LAMBDA
              Q3
              ________
 BMI04              0
 BMI06              0
 BMI09              0
 BMI11              0
 DASH04             0
 DASH06             0
 DASH09             0
 DASH11             0
 AGE04              0
 GENDER             0
 KCAL04             0
 MET04              0
 Q1                 0
 Q2                 0
 Q3                 0


           THETA
              BMI04         BMI06         BMI09         BMI11         DASH04
              ________      ________      ________      ________      ________
 BMI04              1
 BMI06              0             2
 BMI09              0             0             3
 BMI11              0             0             0             4
 DASH04             0             0             0             0             5
 DASH06             0             0             0             0             0
 DASH09             0             0             0             0             0
 DASH11             0             0             0             0             0
 AGE04              0             0             0             0             0
 GENDER             0             0             0             0             0
 KCAL04             0             0             0             0             0
 MET04              0             0             0             0             0
 Q1                 0             0             0             0             0
 Q2                 0             0             0             0             0
 Q3                 0             0             0             0             0


           THETA
              DASH06        DASH09        DASH11        AGE04         GENDER
              ________      ________      ________      ________      ________
 DASH06             6
 DASH09             0             7
 DASH11             0             0             8
 AGE04              0             0             0             0
 GENDER             0             0             0             0             0
 KCAL04             0             0             0             0             0
 MET04              0             0             0             0             0
 Q1                 0             0             0             0             0
 Q2                 0             0             0             0             0
 Q3                 0             0             0             0             0


           THETA
              KCAL04        MET04         Q1            Q2            Q3
              ________      ________      ________      ________      ________
 KCAL04             0
 MET04              0             0
 Q1                 0             0             0
 Q2                 0             0             0             0
 Q3                 0             0             0             0             0


           ALPHA
              IB            SB            ID            SD            AGE04
              ________      ________      ________      ________      ________
 1                  9            10            11            12            13


           ALPHA
              GENDER        KCAL04        MET04         Q1            Q2
              ________      ________      ________      ________      ________
 1                 14            15            16            17            18


           ALPHA
              Q3
              ________
 1                 19


           BETA
              IB            SB            ID            SD            AGE04
              ________      ________      ________      ________      ________
 IB                 0             0             0             0             0
 SB                 0             0            20            21            22
 ID                 0             0             0             0            29
 SD                 0             0             0             0            36
 AGE04              0             0             0             0             0
 GENDER             0             0             0             0             0
 KCAL04             0             0             0             0             0
 MET04              0             0             0             0             0
 Q1                 0             0             0             0             0
 Q2                 0             0             0             0             0
 Q3                 0             0             0             0             0


           BETA
              GENDER        KCAL04        MET04         Q1            Q2
              ________      ________      ________      ________      ________
 IB                 0             0             0             0             0
 SB                23            24            25            26            27
 ID                30            31            32            33            34
 SD                37            38            39            40            41
 AGE04              0             0             0             0             0
 GENDER             0             0             0             0             0
 KCAL04             0             0             0             0             0
 MET04              0             0             0             0             0
 Q1                 0             0             0             0             0
 Q2                 0             0             0             0             0
 Q3                 0             0             0             0             0


           BETA
              Q3
              ________
 IB                 0
 SB                28
 ID                35
 SD                42
 AGE04              0
 GENDER             0
 KCAL04             0
 MET04              0
 Q1                 0
 Q2                 0
 Q3                 0


           PSI
              IB            SB            ID            SD            AGE04
              ________      ________      ________      ________      ________
 IB                43
 SB                 0            44
 ID                 0             0            45
 SD                 0             0            46            47
 AGE04             48             0             0             0            49
 GENDER            50             0             0             0            51
 KCAL04            53             0             0             0            54
 MET04             57             0             0             0            58
 Q1                62             0             0             0            63
 Q2                68             0             0             0            69
 Q3                75             0             0             0            76


           PSI
              GENDER        KCAL04        MET04         Q1            Q2
              ________      ________      ________      ________      ________
 GENDER            52
 KCAL04            55            56
 MET04             59            60            61
 Q1                64            65            66            67
 Q2                70            71            72            73            74
 Q3                77            78            79            80            81


           PSI
              Q3
              ________
 Q3                82


     PARAMETER SPECIFICATION FOR THE ADDITIONAL PARAMETERS


           NEW/ADDITIONAL PARAMETERS
              IND1          IND2          IND3          DI1           DI2
              ________      ________      ________      ________      ________
 1                 83            84            85            86            87


           NEW/ADDITIONAL PARAMETERS
              DI3           TO1           TO2           TO3           IND_L_1
              ________      ________      ________      ________      ________
 1                 88            89            90            91            92


           NEW/ADDITIONAL PARAMETERS
              IND_L_2       IND_L_3       IND_S_1       IND_S_2       IND_S_3
              ________      ________      ________      ________      ________
 1                 93            94            95            96            97


     STARTING VALUES


           NU
              BMI04         BMI06         BMI09         BMI11         DASH04
              ________      ________      ________      ________      ________
 1              0.000         0.000         0.000         0.000         0.000


           NU
              DASH06        DASH09        DASH11        AGE04         GENDER
              ________      ________      ________      ________      ________
 1              0.000         0.000         0.000         0.000         0.000


           NU
              KCAL04        MET04         Q1            Q2            Q3
              ________      ________      ________      ________      ________
 1              0.000         0.000         0.000         0.000         0.000


           LAMBDA
              IB            SB            ID            SD            AGE04
              ________      ________      ________      ________      ________
 BMI04          1.000         0.000         0.000         0.000         0.000
 BMI06          1.000         2.000         0.000         0.000         0.000
 BMI09          1.000         5.000         0.000         0.000         0.000
 BMI11          1.000         7.000         0.000         0.000         0.000
 DASH04         0.000         0.000         1.000         0.000         0.000
 DASH06         0.000         0.000         1.000         2.000         0.000
 DASH09         0.000         0.000         1.000         5.000         0.000
 DASH11         0.000         0.000         1.000         7.000         0.000
 AGE04          0.000         0.000         0.000         0.000         1.000
 GENDER         0.000         0.000         0.000         0.000         0.000
 KCAL04         0.000         0.000         0.000         0.000         0.000
 MET04          0.000         0.000         0.000         0.000         0.000
 Q1             0.000         0.000         0.000         0.000         0.000
 Q2             0.000         0.000         0.000         0.000         0.000
 Q3             0.000         0.000         0.000         0.000         0.000


           LAMBDA
              GENDER        KCAL04        MET04         Q1            Q2
              ________      ________      ________      ________      ________
 BMI04          0.000         0.000         0.000         0.000         0.000
 BMI06          0.000         0.000         0.000         0.000         0.000
 BMI09          0.000         0.000         0.000         0.000         0.000
 BMI11          0.000         0.000         0.000         0.000         0.000
 DASH04         0.000         0.000         0.000         0.000         0.000
 DASH06         0.000         0.000         0.000         0.000         0.000
 DASH09         0.000         0.000         0.000         0.000         0.000
 DASH11         0.000         0.000         0.000         0.000         0.000
 AGE04          0.000         0.000         0.000         0.000         0.000
 GENDER         1.000         0.000         0.000         0.000         0.000
 KCAL04         0.000         1.000         0.000         0.000         0.000
 MET04          0.000         0.000         1.000         0.000         0.000
 Q1             0.000         0.000         0.000         1.000         0.000
 Q2             0.000         0.000         0.000         0.000         1.000
 Q3             0.000         0.000         0.000         0.000         0.000


           LAMBDA
              Q3
              ________
 BMI04          0.000
 BMI06          0.000
 BMI09          0.000
 BMI11          0.000
 DASH04         0.000
 DASH06         0.000
 DASH09         0.000
 DASH11         0.000
 AGE04          0.000
 GENDER         0.000
 KCAL04         0.000
 MET04          0.000
 Q1             0.000
 Q2             0.000
 Q3             1.000


           THETA
              BMI04         BMI06         BMI09         BMI11         DASH04
              ________      ________      ________      ________      ________
 BMI04          5.617
 BMI06          0.000         6.364
 BMI09          0.000         0.000         5.891
 BMI11          0.000         0.000         0.000        11.820
 DASH04         0.000         0.000         0.000         0.000        29.408
 DASH06         0.000         0.000         0.000         0.000         0.000
 DASH09         0.000         0.000         0.000         0.000         0.000
 DASH11         0.000         0.000         0.000         0.000         0.000
 AGE04          0.000         0.000         0.000         0.000         0.000
 GENDER         0.000         0.000         0.000         0.000         0.000
 KCAL04         0.000         0.000         0.000         0.000         0.000
 MET04          0.000         0.000         0.000         0.000         0.000
 Q1             0.000         0.000         0.000         0.000         0.000
 Q2             0.000         0.000         0.000         0.000         0.000
 Q3             0.000         0.000         0.000         0.000         0.000


           THETA
              DASH06        DASH09        DASH11        AGE04         GENDER
              ________      ________      ________      ________      ________
 DASH06        32.266
 DASH09         0.000        33.337
 DASH11         0.000         0.000        39.783
 AGE04          0.000         0.000         0.000         0.000
 GENDER         0.000         0.000         0.000         0.000         0.000
 KCAL04         0.000         0.000         0.000         0.000         0.000
 MET04          0.000         0.000         0.000         0.000         0.000
 Q1             0.000         0.000         0.000         0.000         0.000
 Q2             0.000         0.000         0.000         0.000         0.000
 Q3             0.000         0.000         0.000         0.000         0.000


           THETA
              KCAL04        MET04         Q1            Q2            Q3
              ________      ________      ________      ________      ________
 KCAL04         0.000
 MET04          0.000         0.000
 Q1             0.000         0.000         0.000
 Q2             0.000         0.000         0.000         0.000
 Q3             0.000         0.000         0.000         0.000         0.000


           ALPHA
              IB            SB            ID            SD            AGE04
              ________      ________      ________      ________      ________
 1             23.091         0.035        47.319         0.230        47.385


           ALPHA
              GENDER        KCAL04        MET04         Q1            Q2
              ________      ________      ________      ________      ________
 1              1.519      2188.497       118.186         0.250         0.250


           ALPHA
              Q3
              ________
 1              0.250


           BETA
              IB            SB            ID            SD            AGE04
              ________      ________      ________      ________      ________
 IB             0.000         0.000         0.000         0.000         0.000
 SB             0.000         0.000         0.000         0.000         0.000
 ID             0.000         0.000         0.000         0.000         0.000
 SD             0.000         0.000         0.000         0.000         0.000
 AGE04          0.000         0.000         0.000         0.000         0.000
 GENDER         0.000         0.000         0.000         0.000         0.000
 KCAL04         0.000         0.000         0.000         0.000         0.000
 MET04          0.000         0.000         0.000         0.000         0.000
 Q1             0.000         0.000         0.000         0.000         0.000
 Q2             0.000         0.000         0.000         0.000         0.000
 Q3             0.000         0.000         0.000         0.000         0.000


           BETA
              GENDER        KCAL04        MET04         Q1            Q2
              ________      ________      ________      ________      ________
 IB             0.000         0.000         0.000         0.000         0.000
 SB             0.000         0.000         0.000         0.000         0.000
 ID             0.000         0.000         0.000         0.000         0.000
 SD             0.000         0.000         0.000         0.000         0.000
 AGE04          0.000         0.000         0.000         0.000         0.000
 GENDER         0.000         0.000         0.000         0.000         0.000
 KCAL04         0.000         0.000         0.000         0.000         0.000
 MET04          0.000         0.000         0.000         0.000         0.000
 Q1             0.000         0.000         0.000         0.000         0.000
 Q2             0.000         0.000         0.000         0.000         0.000
 Q3             0.000         0.000         0.000         0.000         0.000


           BETA
              Q3
              ________
 IB             0.000
 SB             0.000
 ID             0.000
 SD             0.000
 AGE04          0.000
 GENDER         0.000
 KCAL04         0.000
 MET04          0.000
 Q1             0.000
 Q2             0.000
 Q3             0.000


           PSI
              IB            SB            ID            SD            AGE04
              ________      ________      ________      ________      ________
 IB            11.513
 SB             0.000         0.570
 ID             0.000         0.000        56.558
 SD             0.000         0.000         0.000        16.569
 AGE04          0.000         0.000         0.000         0.000       117.749
 GENDER         0.000         0.000         0.000         0.000         0.000
 KCAL04         0.000         0.000         0.000         0.000         0.000
 MET04          0.000         0.000         0.000         0.000         0.000
 Q1             0.000         0.000         0.000         0.000         0.000
 Q2             0.000         0.000         0.000         0.000         0.000
 Q3             0.000         0.000         0.000         0.000         0.000


           PSI
              GENDER        KCAL04        MET04         Q1            Q2
              ________      ________      ________      ________      ________
 GENDER         0.125
 KCAL04         0.000    229144.438
 MET04          0.000         0.000      6315.442
 Q1             0.000         0.000         0.000         0.094
 Q2             0.000         0.000         0.000         0.000         0.094
 Q3             0.000         0.000         0.000         0.000         0.000


           PSI
              Q3
              ________
 Q3             0.094


     STARTING VALUES FOR THE ADDITIONAL PARAMETERS


           NEW/ADDITIONAL PARAMETERS
              IND1          IND2          IND3          DI1           DI2
              ________      ________      ________      ________      ________
 1              0.500         0.500         0.500         0.500         0.500


           NEW/ADDITIONAL PARAMETERS
              DI3           TO1           TO2           TO3           IND_L_1
              ________      ________      ________      ________      ________
 1              0.500         0.500         0.500         0.500         0.500


           NEW/ADDITIONAL PARAMETERS
              IND_L_2       IND_L_3       IND_S_1       IND_S_2       IND_S_3
              ________      ________      ________      ________      ________
 1              0.500         0.500         0.500         0.500         0.500


TECHNICAL 8 OUTPUT


   E STEP  ITER  LOGLIKELIHOOD    ABS CHANGE   REL CHANGE  ALGORITHM
              1 -0.37839878D+06    0.0000000    0.0000000  EM
              2 -0.35137510D+06 ************    0.0714159  EM
              3 -0.35137510D+06    0.0000000    0.0000000  EM


DIAGRAM INFORMATION

  Use View Diagram under the Diagram menu in the Mplus Editor to view the diagram.
  If running Mplus from the Mplus Diagrammer, the diagram opens automatically.

  Diagram output
    d:\data\dpmedi\mplus\longitudinal\dash bmi mediation.dgm

     Beginning Time:  16:46:29
        Ending Time:  16:55:27
       Elapsed Time:  00:08:58



MUTHEN & MUTHEN
3463 Stoner Ave.
Los Angeles, CA  90066

Tel: (310) 391-9971
Fax: (310) 391-8971
Web: www.StatModel.com
Support: Support@StatModel.com

Copyright (c) 1998-2015 Muthen & Muthen
