Mplus VERSION 7.4
MUTHEN & MUTHEN
05/16/2019  10:21 PM

INPUT INSTRUCTIONS

  DATA: File is id0411 mplus.csv;

  VARIABLE: Names are IDind WAVE hhid t2 commid age04
                      kcal04 carbo04 fat04 protn04 bmi04
                      hwr04 wc04 diasto04 systo04 smoke04
                      gender educ04 indinc04 index04 met04
                      cmfp04 dash04 ahei04 hbs04 lbs04 dqd04
                      age06 kcal06 carbo06 fat06 protn06 bmi06
                      hwr06 wc06 diasto06 systo06 smoke06
                      educ06 indinc06 index06 met06 cmfp06 dash06
                      ahei06 hbs06 lbs06 dqd06 age09 kcal09 carbo09
                      fat09 protn09 bmi09 hwr09 wc09 diasto09 systo09
                      smoke09 educ09 indinc09 index09 met09 cmfp09
                      dash09 ahei09 hbs09 lbs09 dqd09 age11 kcal11
                      carbo11 fat11 protn11 bmi11 hwr11 wc11 diasto11
                      systo11 smoke11 educ11 indinc11 index11 met11
                      cmfp11 dash11 ahei11 hbs11 lbs11 dqd11 q_index
                      q1 q2 q3 carbo_p protn_p fat_p;

           Usev are  age04 gender kcal04 met04
                     bmi04 bmi06 bmi09 bmi11 smoke04
                     dash04 dash06 dash09 dash11
                     educ04 systo04 diasto04 q1 q2 q3;


           Missing are all(999);


  ANALYSIS:
  Type=random;



  MODEL:
  age04 gender kcal04 met04 smoke04
  bmi04 bmi06 bmi09 bmi11 educ04 systo04 diasto04
  dash04 dash06 dash09 dash11 q1 q2 q3;

  ib sb | bmi04@0 bmi06@2 bmi09@5 bmi11@7;
  id sd | dash04@0 dash06@2 dash09@5 dash11@7;

  ib with sb;
  id with sd;

  id on q1(ai1)
        q2(ai2)
        q3(ai3)
        age04 gender kcal04 met04
        educ04 systo04 diasto04 smoke04;

  sd on q1(as1)
        q2(as2)
        q3(as3)
        age04 gender kcal04 met04
        educ04 systo04 diasto04 smoke04;

  sb on id(bi)
        sd(bs)
        q1(c1)
        q2(c2)
        q3(c3)
        age04 gender kcal04 met04
        educ04 systo04 diasto04 smoke04;


  MODEL CONSTRAINT:
  NEW (ind1 ind2 ind3 di1 di2 di3 to1 to2 to3
   ind_l_1 ind_l_2 ind_l_3
  ind_s_1 ind_s_2 ind_s_3);
  ind1=as1*bs+ai1*bi;
  ind2=as2*bs+ai2*bi;
  ind3=as3*bs+ai3*bi;
  to1=as1*bs+ai1*bi+c1;
  to2=as2*bs+ai2*bi+c2;
  to3=as3*bs+ai3*bi+c3;
  di1=c1;
  di2=c2;
  di3=c3;
  ind_l_1=ai1*bi;
  ind_l_2=ai2*bi;
  ind_l_3=ai3*bi;
  ind_s_1=as1*bs;
  ind_s_2=as2*bs;
  ind_s_3=as3*bs;

  OUTPUT: SAMPSTAT cinterval;



INPUT READING TERMINATED NORMALLY




SUMMARY OF ANALYSIS

Number of groups                                                 1
Number of observations                                        9547

Number of dependent variables                                    8
Number of independent variables                                 11
Number of continuous latent variables                            4

Observed dependent variables

  Continuous
   BMI04       BMI06       BMI09       BMI11       DASH04      DASH06
   DASH09      DASH11

Observed independent variables
   AGE04       GENDER      KCAL04      MET04       SMOKE04     EDUC04
   SYSTO04     DIASTO04    Q1          Q2          Q3

Continuous latent variables
   IB          SB          ID          SD


Estimator                                                      MLR
Information matrix                                        OBSERVED
Maximum number of iterations                                   100
Convergence criterion                                    0.100D-05
Maximum number of EM iterations                                500
Convergence criteria for the EM algorithm
  Loglikelihood change                                   0.100D-02
  Relative loglikelihood change                          0.100D-05
  Derivative                                             0.100D-03
Minimum variance                                         0.100D-03
Maximum number of steepest descent iterations                   20
Maximum number of iterations for H1                           2000
Convergence criterion for H1                             0.100D-03
Optimization algorithm                                         EMA

Input data file(s)
  id0411 mplus.csv
Input data format  FREE


SUMMARY OF DATA

     Number of missing data patterns           199


COVARIANCE COVERAGE OF DATA

Minimum covariance coverage value   0.100


     PROPORTION OF DATA PRESENT


           Covariance Coverage
              BMI04         BMI06         BMI09         BMI11         DASH04
              ________      ________      ________      ________      ________
 BMI04          0.928
 BMI06          0.690         0.727
 BMI09          0.589         0.537         0.623
 BMI11          0.533         0.483         0.503         0.564
 DASH04         0.928         0.727         0.623         0.564         1.000
 DASH06         0.721         0.717         0.559         0.504         0.769
 DASH09         0.608         0.553         0.616         0.514         0.648
 DASH11         0.537         0.486         0.504         0.553         0.571
 AGE04          0.928         0.727         0.623         0.564         1.000
 GENDER         0.928         0.727         0.623         0.564         1.000
 KCAL04         0.928         0.727         0.623         0.564         1.000
 MET04          0.848         0.667         0.576         0.523         0.901
 SMOKE04        0.927         0.722         0.619         0.559         0.988
 EDUC04         0.926         0.722         0.618         0.559         0.987
 SYSTO04        0.927         0.698         0.596         0.539         0.939
 DIASTO04       0.927         0.698         0.596         0.539         0.939
 Q1             0.927         0.726         0.622         0.563         0.999
 Q2             0.927         0.726         0.622         0.563         0.999
 Q3             0.927         0.726         0.622         0.563         0.999


           Covariance Coverage
              DASH06        DASH09        DASH11        AGE04         GENDER
              ________      ________      ________      ________      ________
 DASH06         0.769
 DASH09         0.580         0.648
 DASH11         0.509         0.518         0.571
 AGE04          0.769         0.648         0.571         1.000
 GENDER         0.769         0.648         0.571         1.000         1.000
 KCAL04         0.769         0.648         0.571         1.000         1.000
 MET04          0.703         0.597         0.529         0.901         0.901
 SMOKE04        0.763         0.643         0.566         0.988         0.988
 EDUC04         0.763         0.642         0.566         0.987         0.987
 SYSTO04        0.729         0.615         0.544         0.939         0.939
 DIASTO04       0.729         0.615         0.544         0.939         0.939
 Q1             0.768         0.647         0.570         0.999         0.999
 Q2             0.768         0.647         0.570         0.999         0.999
 Q3             0.768         0.647         0.570         0.999         0.999


           Covariance Coverage
              KCAL04        MET04         SMOKE04       EDUC04        SYSTO04
              ________      ________      ________      ________      ________
 KCAL04         1.000
 MET04          0.901         0.901
 SMOKE04        0.988         0.900         0.988
 EDUC04         0.987         0.899         0.986         0.987
 SYSTO04        0.939         0.857         0.937         0.937         0.939
 DIASTO04       0.939         0.857         0.937         0.937         0.939
 Q1             0.999         0.900         0.987         0.986         0.938
 Q2             0.999         0.900         0.987         0.986         0.938
 Q3             0.999         0.900         0.987         0.986         0.938


           Covariance Coverage
              DIASTO04      Q1            Q2            Q3
              ________      ________      ________      ________
 DIASTO04       0.939
 Q1             0.938         0.999
 Q2             0.938         0.999         0.999
 Q3             0.938         0.999         0.999         0.999


SAMPLE STATISTICS


     ESTIMATED SAMPLE STATISTICS


           Means
              BMI04         BMI06         BMI09         BMI11         DASH04
              ________      ________      ________      ________      ________
 1             23.026        23.108        23.296        23.744        47.555


           Means
              DASH06        DASH09        DASH11        AGE04         GENDER
              ________      ________      ________      ________      ________
 1             47.616        48.722        49.822        47.385         1.519


           Means
              KCAL04        MET04         SMOKE04       EDUC04        SYSTO04
              ________      ________      ________      ________      ________
 1           2188.497       116.481         0.335         1.729       122.076


           Means
              DIASTO04      Q1            Q2            Q3
              ________      ________      ________      ________
 1             78.637         0.250         0.250         0.250


           Covariances
              BMI04         BMI06         BMI09         BMI11         DASH04
              ________      ________      ________      ________      ________
 BMI04         11.311
 BMI06          9.985        12.977
 BMI09          9.716         9.879        11.893
 BMI11          9.105         9.367        10.276        23.840
 DASH04         1.273         0.735         0.802         0.519        58.815
 DASH06         0.864         0.511         0.370         0.046        14.414
 DASH09         1.147         0.437         0.723         0.815         8.694
 DASH11         0.199        -0.011        -0.350        -0.940         5.863
 AGE04          3.996         1.717        -0.800        -1.761         4.077
 GENDER         0.048         0.048         0.028        -0.014         0.220
 KCAL04        54.737        96.455        95.959       165.103      -237.194
 MET04        -19.553       -11.123        -8.543        -6.428       -18.068
 SMOKE04       -0.092        -0.104        -0.104        -0.050        -0.154
 EDUC04         0.058         0.054         0.096         0.185         0.128
 SYSTO04       16.433        14.325        12.029        10.100        -0.185
 DIASTO04      10.678         9.735         8.993         8.257        -0.955
 Q1            -0.070        -0.071        -0.031        -0.031        -0.023
 Q2             0.106         0.127         0.099         0.090        -0.077
 Q3             0.089         0.041         0.033         0.040         0.270


           Covariances
              DASH06        DASH09        DASH11        AGE04         GENDER
              ________      ________      ________      ________      ________
 DASH06        64.562
 DASH09        11.399        66.975
 DASH11        12.335        11.983        79.739
 AGE04          4.037         2.969        -1.495       235.499
 GENDER         0.185         0.291         0.270         0.199         0.250
 KCAL04       -87.766      -164.726      -593.244     -1363.375       -91.666
 MET04         -4.176       -39.454       -17.331      -420.075        -8.109
 SMOKE04       -0.056        -0.216        -0.207         0.284        -0.150
 EDUC04         0.941         0.987         0.557        -8.218        -0.129
 SYSTO04        0.667        -0.626         0.466       117.554        -0.814
 DIASTO04       1.014         1.054         2.701        35.913        -0.691
 Q1            -0.167        -0.171        -0.124        -0.282        -0.002
 Q2            -0.071        -0.093        -0.053         0.044         0.000
 Q3             0.515         0.649         0.448         0.451         0.003


           Covariances
              KCAL04        MET04         SMOKE04       EDUC04        SYSTO04
              ________      ________      ________      ________      ________
 KCAL04    458288.862
 MET04      15939.730     12716.415
 SMOKE04       57.577         4.825         0.276
 EDUC04        78.496        -1.590         0.042         1.755
 SYSTO04     -955.885      -277.213         0.674        -3.745       345.174
 DIASTO04    -283.726       -84.767         0.448        -0.820       148.471
 Q1            13.588         5.221         0.003        -0.090        -0.169
 Q2            -6.232        -5.772         0.001         0.025         0.393
 Q3           -19.121        -9.884        -0.007         0.183         0.343


           Covariances
              DIASTO04      Q1            Q2            Q3
              ________      ________      ________      ________
 DIASTO04     126.203
 Q1            -0.067         0.188
 Q2             0.367        -0.063         0.188
 Q3            -0.010        -0.063        -0.062         0.188


           Correlations
              BMI04         BMI06         BMI09         BMI11         DASH04
              ________      ________      ________      ________      ________
 BMI04          1.000
 BMI06          0.824         1.000
 BMI09          0.838         0.795         1.000
 BMI11          0.554         0.533         0.610         1.000
 DASH04         0.049         0.027         0.030         0.014         1.000
 DASH06         0.032         0.018         0.013         0.001         0.234
 DASH09         0.042         0.015         0.026         0.020         0.139
 DASH11         0.007         0.000        -0.011        -0.022         0.086
 AGE04          0.077         0.031        -0.015        -0.024         0.035
 GENDER         0.028         0.027         0.016        -0.006         0.057
 KCAL04         0.024         0.040         0.041         0.050        -0.046
 MET04         -0.052        -0.027        -0.022        -0.012        -0.021
 SMOKE04       -0.052        -0.055        -0.057        -0.020        -0.038
 EDUC04         0.013         0.011         0.021         0.029         0.013
 SYSTO04        0.263         0.214         0.188         0.111        -0.001
 DIASTO04       0.283         0.241         0.232         0.151        -0.011
 Q1            -0.048        -0.045        -0.021        -0.015        -0.007
 Q2             0.073         0.081         0.067         0.043        -0.023
 Q3             0.061         0.026         0.022         0.019         0.081


           Correlations
              DASH06        DASH09        DASH11        AGE04         GENDER
              ________      ________      ________      ________      ________
 DASH06         1.000
 DASH09         0.173         1.000
 DASH11         0.172         0.164         1.000
 AGE04          0.033         0.024        -0.011         1.000
 GENDER         0.046         0.071         0.060         0.026         1.000
 KCAL04        -0.016        -0.030        -0.098        -0.131        -0.271
 MET04         -0.005        -0.043        -0.017        -0.243        -0.144
 SMOKE04       -0.013        -0.050        -0.044         0.035        -0.572
 EDUC04         0.088         0.091         0.047        -0.404        -0.196
 SYSTO04        0.004        -0.004         0.003         0.412        -0.088
 DIASTO04       0.011         0.011         0.027         0.208        -0.123
 Q1            -0.048        -0.048        -0.032        -0.042        -0.009
 Q2            -0.020        -0.026        -0.014         0.007         0.002
 Q3             0.148         0.183         0.116         0.068         0.014


           Correlations
              KCAL04        MET04         SMOKE04       EDUC04        SYSTO04
              ________      ________      ________      ________      ________
 KCAL04         1.000
 MET04          0.209         1.000
 SMOKE04        0.162         0.081         1.000
 EDUC04         0.088        -0.011         0.060         1.000
 SYSTO04       -0.076        -0.132         0.069        -0.152         1.000
 DIASTO04      -0.037        -0.067         0.076        -0.055         0.711
 Q1             0.046         0.107         0.014        -0.158        -0.021
 Q2            -0.021        -0.118         0.006         0.044         0.049
 Q3            -0.065        -0.202        -0.031         0.318         0.043


           Correlations
              DIASTO04      Q1            Q2            Q3
              ________      ________      ________      ________
 DIASTO04       1.000
 Q1            -0.014         1.000
 Q2             0.075        -0.333         1.000
 Q3            -0.002        -0.333        -0.333         1.000


     MAXIMUM LOG-LIKELIHOOD VALUE FOR THE UNRESTRICTED (H1) MODEL IS -440457.114


UNIVARIATE SAMPLE STATISTICS


     UNIVARIATE HIGHER-ORDER MOMENT DESCRIPTIVE STATISTICS

         Variable/         Mean/     Skewness/   Minimum/ % with                Percentiles
        Sample Size      Variance    Kurtosis    Maximum  Min/Max      20%/60%    40%/80%    Median

     BMI04                23.021       0.585      12.415    0.01%      20.189     21.861     22.673
            8858.000      11.235       0.546      41.322    0.01%      23.543     25.712
     BMI06                23.179       4.577      13.240    0.01%      20.344     22.042     22.857
            6938.000      12.729     126.919     132.544    0.01%      23.684     25.810
     BMI09                23.342       0.482      13.700    0.02%      20.415     22.215     23.111
            5949.000      11.781       0.401      42.590    0.02%      23.979     26.148
     BMI11                23.797       9.794       4.826    0.02%      20.644     22.491     23.378
            5386.000      23.639     280.882     190.972    0.02%      24.235     26.438
     DASH04               47.555       0.106      17.890    0.01%      40.000     46.318     48.685
            9547.000      58.815       0.047      75.456    0.01%      50.000     52.741
     DASH06               47.637       0.067      20.000    0.04%      40.000     46.556     48.962
            7338.000      64.533      -0.095      77.871    0.01%      50.000     54.090
     DASH09               48.631       0.112      20.000    0.02%      40.000     47.545     49.756
            6185.000      66.675       0.032      80.000    0.02%      50.000     55.629
     DASH11               49.665       0.070      14.594    0.02%      40.108     48.260     50.000
            5452.000      79.565       0.052      80.000    0.04%      50.000     57.536
     AGE04                47.385       0.238      18.000    1.13%      33.000     42.000     47.000
            9547.000     235.499      -0.539      97.000    0.01%      51.000     61.000
     GENDER                1.519      -0.076       1.000   48.11%       1.000      1.000      2.000
            9547.000       0.250      -1.994       2.000   51.89%       2.000      2.000
     KCAL04             2188.497       0.630      50.891    0.01%    1615.771   1974.357   2128.274
            9547.000  458288.862       1.113    6053.592    0.01%    2307.147   2719.569
     MET04               118.186       1.345       0.000    4.03%      20.460     52.675     84.047
            8604.000   12630.885       4.075    1582.256    0.01%     117.500    211.287
     SMOKE04               0.334       3.823       0.000   67.14%       0.000      0.000      0.000
            9429.000       0.276      52.882       9.000    0.07%       0.000      1.000
     EDUC04                1.724       0.539       0.000   21.26%       0.000      1.000      2.000
            9422.000       1.752      -0.205       6.000    0.02%       2.000      3.000
     SYSTO04             122.224       1.153      70.667    0.01%     108.667    117.333    120.000
            8960.000     343.826       2.613     230.000    0.01%     122.000    134.000
     DIASTO04             78.671       0.598      15.000    0.01%      70.000     76.667     79.333
            8960.000     126.092       1.936     141.333    0.01%      80.000     87.333
     Q1                    0.250       1.155       0.000   75.00%       0.000      0.000      0.000
            9539.000       0.188      -0.667       1.000   25.00%       0.000      1.000
     Q2                    0.250       1.155       0.000   75.00%       0.000      0.000      0.000
            9539.000       0.188      -0.667       1.000   25.00%       0.000      1.000
     Q3                    0.250       1.155       0.000   75.01%       0.000      0.000      0.000
            9539.000       0.187      -0.666       1.000   24.99%       0.000      1.000

     THE STANDARD ERRORS OF THE MODEL PARAMETER ESTIMATES MAY NOT BE
     TRUSTWORTHY FOR SOME PARAMETERS DUE TO A NON-POSITIVE DEFINITE
     FIRST-ORDER DERIVATIVE PRODUCT MATRIX.  THIS MAY BE DUE TO THE STARTING
     VALUES BUT MAY ALSO BE AN INDICATION OF MODEL NONIDENTIFICATION.  THE
     CONDITION NUMBER IS      -0.265D-19.  PROBLEM INVOLVING THE FOLLOWING PARAMETER:
     Parameter 140, Q3 WITH Q2


THE MODEL ESTIMATION TERMINATED NORMALLY



MODEL FIT INFORMATION

Number of Free Parameters                      141

Loglikelihood

          H0 Value                     -440585.362
          H0 Scaling Correction Factor      9.4771
            for MLR
          H1 Value                     -440457.114
          H1 Scaling Correction Factor      6.7144
            for MLR

Information Criteria

          Akaike (AIC)                  881452.723
          Bayesian (BIC)                882462.845
          Sample-Size Adjusted BIC      882014.769
            (n* = (n + 2) / 24)

Chi-Square Test of Model Fit

          Value                            260.122*
          Degrees of Freedom                    68
          P-Value                           0.0000
          Scaling Correction Factor         0.9861
            for MLR

*   The chi-square value for MLM, MLMV, MLR, ULSMV, WLSM and WLSMV cannot be used
    for chi-square difference testing in the regular way.  MLM, MLR and WLSM
    chi-square difference testing is described on the Mplus website.  MLMV, WLSMV,
    and ULSMV difference testing is done using the DIFFTEST option.

RMSEA (Root Mean Square Error Of Approximation)

          Estimate                           0.017

CFI/TLI

          CFI                                0.970
          TLI                                0.925

Chi-Square Test of Model Fit for the Baseline Model

          Value                           6629.525
          Degrees of Freedom                   171
          P-Value                           0.0000

SRMR (Standardized Root Mean Square Residual)

          Value                              0.012



MODEL RESULTS

                                                    Two-Tailed
                    Estimate       S.E.  Est./S.E.    P-Value

 IB       |
    BMI04              1.000      0.000    999.000    999.000
    BMI06              1.000      0.000    999.000    999.000
    BMI09              1.000      0.000    999.000    999.000
    BMI11              1.000      0.000    999.000    999.000

 SB       |
    BMI04              0.000      0.000    999.000    999.000
    BMI06              2.000      0.000    999.000    999.000
    BMI09              5.000      0.000    999.000    999.000
    BMI11              7.000      0.000    999.000    999.000

 ID       |
    DASH04             1.000      0.000    999.000    999.000
    DASH06             1.000      0.000    999.000    999.000
    DASH09             1.000      0.000    999.000    999.000
    DASH11             1.000      0.000    999.000    999.000

 SD       |
    DASH04             0.000      0.000    999.000    999.000
    DASH06             2.000      0.000    999.000    999.000
    DASH09             5.000      0.000    999.000    999.000
    DASH11             7.000      0.000    999.000    999.000

 SB         ON
    ID                -0.005      0.002     -2.089      0.037
    SD                -0.033      0.025     -1.305      0.192

 ID         ON
    Q1                 0.582      0.200      2.913      0.004
    Q2                 0.446      0.206      2.169      0.030
    Q3                 1.910      0.235      8.128      0.000
    AGE04              0.027      0.006      4.591      0.000
    GENDER             0.894      0.189      4.733      0.000
    KCAL04             0.000      0.000     -1.290      0.197
    MET04              0.002      0.001      2.352      0.019
    EDUC04             0.214      0.069      3.114      0.002
    SYSTO04           -0.006      0.006     -0.977      0.328
    DIASTO04           0.000      0.010     -0.008      0.994
    SMOKE04            0.036      0.177      0.204      0.838

 SD         ON
    Q1                 0.022      0.048      0.460      0.645
    Q2                 0.080      0.052      1.545      0.122
    Q3                 0.245      0.058      4.219      0.000
    AGE04             -0.003      0.002     -1.613      0.107
    GENDER             0.043      0.050      0.867      0.386
    KCAL04             0.000      0.000     -2.091      0.037
    MET04              0.000      0.000      0.628      0.530
    EDUC04             0.018      0.017      1.044      0.297
    SYSTO04           -0.002      0.002     -1.530      0.126
    DIASTO04           0.007      0.002      3.032      0.002
    SMOKE04           -0.009      0.052     -0.168      0.867

 SB         ON
    Q1                 0.016      0.012      1.279      0.201
    Q2                -0.004      0.014     -0.299      0.765
    Q3                -0.018      0.018     -1.023      0.306
    AGE04             -0.004      0.000     -8.299      0.000
    GENDER            -0.030      0.013     -2.346      0.019
    KCAL04             0.000      0.000      0.210      0.834
    MET04              0.000      0.000     -0.568      0.570
    EDUC04            -0.011      0.004     -2.572      0.010
    SYSTO04           -0.002      0.000     -3.578      0.000
    DIASTO04           0.000      0.001     -0.001      0.999
    SMOKE04           -0.014      0.011     -1.291      0.197

 IB       WITH
    SB                -0.092      0.027     -3.357      0.001

 ID       WITH
    SD                -1.470      0.211     -6.978      0.000

 AGE04    WITH
    IB                 3.951      0.571      6.924      0.000

 GENDER   WITH
    IB                 0.049      0.017      2.844      0.004

 KCAL04   WITH
    IB                56.541     24.147      2.342      0.019

 MET04    WITH
    IB               -18.979      4.025     -4.715      0.000

 SMOKE04  WITH
    IB                -0.094      0.016     -5.688      0.000

 EDUC04   WITH
    IB                 0.054      0.047      1.145      0.252

 SYSTO04  WITH
    IB                16.406      0.735     22.311      0.000

 DIASTO04 WITH
    IB                10.650      0.435     24.499      0.000

 Q1       WITH
    IB                -0.073      0.015     -4.903      0.000

 Q2       WITH
    IB                 0.109      0.015      7.074      0.000

 Q3       WITH
    IB                 0.086      0.015      5.638      0.000

 GENDER   WITH
    AGE04              0.199      0.078      2.534      0.011

 KCAL04   WITH
    AGE04          -1363.375    109.938    -12.401      0.000
    GENDER           -91.666      3.352    -27.349      0.000

 MET04    WITH
    AGE04           -420.242     17.629    -23.838      0.000
    GENDER            -8.110      0.605    -13.403      0.000
    KCAL04         15954.206    878.335     18.164      0.000

 SMOKE04  WITH
    AGE04              0.284      0.081      3.517      0.000
    GENDER            -0.150      0.002    -65.866      0.000
    KCAL04            57.582      3.570     16.131      0.000
    MET04              4.826      0.652      7.398      0.000

 EDUC04   WITH
    AGE04             -8.218      0.213    -38.523      0.000
    GENDER            -0.129      0.007    -19.426      0.000
    KCAL04            78.498      8.971      8.750      0.000
    MET04             -1.586      1.356     -1.170      0.242
    SMOKE04            0.042      0.006      6.489      0.000

 SYSTO04  WITH
    AGE04            117.552      3.263     36.027      0.000
    GENDER            -0.814      0.097     -8.432      0.000
    KCAL04          -956.094    132.375     -7.223      0.000
    MET04           -277.101     22.009    -12.590      0.000
    SMOKE04            0.674      0.112      6.020      0.000
    EDUC04            -3.746      0.271    -13.828      0.000

 DIASTO04 WITH
    AGE04             35.913      1.850     19.413      0.000
    GENDER            -0.691      0.059    -11.809      0.000
    KCAL04          -283.854     85.216     -3.331      0.001
    MET04            -84.653     13.620     -6.216      0.000
    SMOKE04            0.448      0.059      7.607      0.000
    EDUC04            -0.820      0.158     -5.205      0.000
    SYSTO04          148.468      3.546     41.866      0.000

 Q1       WITH
    AGE04             -0.282      0.066     -4.309      0.000
    GENDER            -0.002      0.002     -0.834      0.405
    KCAL04            13.586      3.041      4.468      0.000
    MET04              5.221      0.530      9.855      0.000
    SMOKE04            0.003      0.002      1.469      0.142
    EDUC04            -0.090      0.005    -17.582      0.000
    SYSTO04           -0.169      0.086     -1.977      0.048
    DIASTO04          -0.068      0.054     -1.247      0.213

 Q2       WITH
    AGE04              0.044      0.069      0.639      0.523
    GENDER             0.000      0.002      0.204      0.838
    KCAL04            -6.229      2.914     -2.138      0.033
    MET04             -5.767      0.479    -12.045      0.000
    SMOKE04            0.001      0.003      0.524      0.600
    EDUC04             0.025      0.006      4.264      0.000
    SYSTO04            0.393      0.085      4.644      0.000
    DIASTO04           0.367      0.051      7.202      0.000
    Q1                -0.063      0.001    -48.834      0.000

 Q3       WITH
    AGE04              0.451      0.070      6.439      0.000
    GENDER             0.003      0.002      1.322      0.186
    KCAL04           -19.122      2.958     -6.465      0.000
    MET04             -9.889      0.438    -22.566      0.000
    SMOKE04           -0.007      0.002     -3.067      0.002
    EDUC04             0.183      0.007     27.113      0.000
    SYSTO04            0.343      0.084      4.101      0.000
    DIASTO04          -0.010      0.048     -0.208      0.835
    Q1                -0.063      0.001    -48.825      0.000
    Q2                -0.063      0.001    -48.808      0.000

 Means
    AGE04             47.385      0.157    301.706      0.000
    GENDER             1.519      0.005    297.033      0.000
    KCAL04          2188.497      6.928    315.871      0.000
    MET04            116.467      1.199     97.103      0.000
    SMOKE04            0.335      0.005     61.981      0.000
    EDUC04             1.729      0.014    127.049      0.000
    SYSTO04          122.076      0.193    631.016      0.000
    DIASTO04          78.637      0.118    666.487      0.000
    Q1                 0.250      0.004     56.388      0.000
    Q2                 0.250      0.004     56.390      0.000
    Q3                 0.250      0.004     56.407      0.000
    IB                23.016      0.035    654.213      0.000

 Intercepts
    BMI04              0.000      0.000    999.000    999.000
    BMI06              0.000      0.000    999.000    999.000
    BMI09              0.000      0.000    999.000    999.000
    BMI11              0.000      0.000    999.000    999.000
    DASH04             0.000      0.000    999.000    999.000
    DASH06             0.000      0.000    999.000    999.000
    DASH09             0.000      0.000    999.000    999.000
    DASH11             0.000      0.000    999.000    999.000
    SB                 0.738      0.123      6.006      0.000
    ID                44.462      0.815     54.544      0.000
    SD                 0.074      0.206      0.360      0.719

 Variances
    AGE04            235.499      2.913     80.832      0.000
    GENDER             0.250      0.000   1291.078      0.000
    KCAL04         *********   8275.760     55.377      0.000
    MET04          12717.874    337.081     37.729      0.000
    SMOKE04            0.276      0.021     13.107      0.000
    EDUC04             1.755      0.024     72.441      0.000
    SYSTO04          345.168      7.846     43.991      0.000
    DIASTO04         126.202      2.647     47.678      0.000
    Q1                 0.188      0.002     84.582      0.000
    Q2                 0.188      0.002     84.595      0.000
    Q3                 0.188      0.002     84.539      0.000
    IB                10.331      0.221     46.844      0.000

 Residual Variances
    BMI04              0.970      0.127      7.629      0.000
    BMI06              3.131      1.764      1.775      0.076
    BMI09              1.537      0.090     17.033      0.000
    BMI11             13.572      5.841      2.324      0.020
    DASH04            42.546      1.215     35.025      0.000
    DASH06            51.027      0.987     51.697      0.000
    DASH09            54.710      1.238     44.207      0.000
    DASH11            65.215      1.899     34.340      0.000
    SB                 0.046      0.004     10.256      0.000
    ID                15.723      1.048     15.000      0.000
    SD                 0.356      0.056      6.404      0.000

New/Additional Parameters
    IND1              -0.004      0.002     -1.691      0.091
    IND2              -0.005      0.003     -1.568      0.117
    IND3              -0.018      0.010     -1.765      0.078
    DI1                0.016      0.012      1.279      0.201
    DI2               -0.004      0.014     -0.299      0.765
    DI3               -0.018      0.018     -1.023      0.306
    TO1                0.012      0.012      0.993      0.321
    TO2               -0.009      0.014     -0.641      0.522
    TO3               -0.036      0.016     -2.278      0.023
    IND_L_1           -0.003      0.002     -1.687      0.092
    IND_L_2           -0.002      0.001     -1.499      0.134
    IND_L_3           -0.010      0.005     -2.018      0.044
    IND_S_1           -0.001      0.002     -0.438      0.662
    IND_S_2           -0.003      0.003     -1.015      0.310
    IND_S_3           -0.008      0.007     -1.242      0.214


QUALITY OF NUMERICAL RESULTS

     Condition Number for the Information Matrix              0.376E-09
       (ratio of smallest to largest eigenvalue)


CONFIDENCE INTERVALS OF MODEL RESULTS

                  Lower .5%  Lower 2.5%    Lower 5%    Estimate    Upper 5%  Upper 2.5%   Upper .5%

 IB       |
    BMI04            1.000       1.000       1.000       1.000       1.000       1.000       1.000
    BMI06            1.000       1.000       1.000       1.000       1.000       1.000       1.000
    BMI09            1.000       1.000       1.000       1.000       1.000       1.000       1.000
    BMI11            1.000       1.000       1.000       1.000       1.000       1.000       1.000

 SB       |
    BMI04            0.000       0.000       0.000       0.000       0.000       0.000       0.000
    BMI06            2.000       2.000       2.000       2.000       2.000       2.000       2.000
    BMI09            5.000       5.000       5.000       5.000       5.000       5.000       5.000
    BMI11            7.000       7.000       7.000       7.000       7.000       7.000       7.000

 ID       |
    DASH04           1.000       1.000       1.000       1.000       1.000       1.000       1.000
    DASH06           1.000       1.000       1.000       1.000       1.000       1.000       1.000
    DASH09           1.000       1.000       1.000       1.000       1.000       1.000       1.000
    DASH11           1.000       1.000       1.000       1.000       1.000       1.000       1.000

 SD       |
    DASH04           0.000       0.000       0.000       0.000       0.000       0.000       0.000
    DASH06           2.000       2.000       2.000       2.000       2.000       2.000       2.000
    DASH09           5.000       5.000       5.000       5.000       5.000       5.000       5.000
    DASH11           7.000       7.000       7.000       7.000       7.000       7.000       7.000

 SB       ON
    ID              -0.011      -0.010      -0.009      -0.005      -0.001       0.000       0.001
    SD              -0.098      -0.082      -0.075      -0.033       0.009       0.017       0.032

 ID       ON
    Q1               0.067       0.191       0.253       0.582       0.911       0.974       1.097
    Q2              -0.084       0.043       0.108       0.446       0.785       0.850       0.976
    Q3               1.304       1.449       1.523       1.910       2.296       2.370       2.515
    AGE04            0.012       0.016       0.018       0.027       0.037       0.039       0.043
    GENDER           0.407       0.524       0.583       0.894       1.205       1.264       1.380
    KCAL04           0.000       0.000       0.000       0.000       0.000       0.000       0.000
    MET04            0.000       0.000       0.001       0.002       0.003       0.003       0.004
    EDUC04           0.037       0.079       0.101       0.214       0.327       0.348       0.391
    SYSTO04         -0.022      -0.018      -0.016      -0.006       0.004       0.006       0.010
    DIASTO04        -0.025      -0.019      -0.016       0.000       0.016       0.019       0.025
    SMOKE04         -0.419      -0.311      -0.255       0.036       0.327       0.383       0.492

 SD       ON
    Q1              -0.102      -0.073      -0.057       0.022       0.102       0.117       0.147
    Q2              -0.053      -0.022      -0.005       0.080       0.165       0.182       0.214
    Q3               0.095       0.131       0.149       0.245       0.340       0.359       0.395
    AGE04           -0.006      -0.006      -0.005      -0.003       0.000       0.001       0.001
    GENDER          -0.086      -0.055      -0.039       0.043       0.126       0.141       0.172
    KCAL04           0.000       0.000       0.000       0.000       0.000       0.000       0.000
    MET04            0.000       0.000       0.000       0.000       0.000       0.000       0.001
    EDUC04          -0.026      -0.015      -0.010       0.018       0.045       0.051       0.061
    SYSTO04         -0.006      -0.005      -0.005      -0.002       0.000       0.001       0.002
    DIASTO04         0.001       0.003       0.003       0.007       0.011       0.012       0.013
    SMOKE04         -0.143      -0.111      -0.095      -0.009       0.077       0.094       0.126

 SB       ON
    Q1              -0.016      -0.008      -0.005       0.016       0.036       0.040       0.048
    Q2              -0.041      -0.033      -0.028      -0.004       0.019       0.024       0.033
    Q3              -0.064      -0.053      -0.048      -0.018       0.011       0.017       0.028
    AGE04           -0.005      -0.004      -0.004      -0.004      -0.003      -0.003      -0.002
    GENDER          -0.062      -0.054      -0.050      -0.030      -0.009      -0.005       0.003
    KCAL04           0.000       0.000       0.000       0.000       0.000       0.000       0.000
    MET04            0.000       0.000       0.000       0.000       0.000       0.000       0.000
    EDUC04          -0.022      -0.020      -0.018      -0.011      -0.004      -0.003       0.000
    SYSTO04         -0.003      -0.002      -0.002      -0.002      -0.001      -0.001       0.000
    DIASTO04        -0.002      -0.001      -0.001       0.000       0.001       0.001       0.002
    SMOKE04         -0.043      -0.036      -0.033      -0.014       0.004       0.008       0.014

 IB       WITH
    SB              -0.162      -0.145      -0.137      -0.092      -0.047      -0.038      -0.021

 ID       WITH
    SD              -2.013      -1.883      -1.817      -1.470      -1.123      -1.057      -0.927

 AGE04    WITH
    IB               2.481       2.832       3.012       3.951       4.890       5.069       5.421

 GENDER   WITH
    IB               0.005       0.015       0.021       0.049       0.078       0.083       0.094

 KCAL04   WITH
    IB              -5.656       9.213      16.820      56.541      96.263     103.869     118.738

 MET04    WITH
    IB             -29.347     -26.868     -25.600     -18.979     -12.358     -11.090      -8.612

 SMOKE04  WITH
    IB              -0.136      -0.126      -0.121      -0.094      -0.067      -0.061      -0.051

 EDUC04   WITH
    IB              -0.068      -0.038      -0.024       0.054       0.132       0.147       0.176

 SYSTO04  WITH
    IB              14.512      14.965      15.197      16.406      17.616      17.847      18.300

 DIASTO04 WITH
    IB               9.530       9.798       9.935      10.650      11.365      11.502      11.770

 Q1       WITH
    IB              -0.111      -0.102      -0.097      -0.073      -0.048      -0.044      -0.035

 Q2       WITH
    IB               0.070       0.079       0.084       0.109       0.135       0.140       0.149

 Q3       WITH
    IB               0.047       0.056       0.061       0.086       0.111       0.116       0.125

 GENDER   WITH
    AGE04           -0.003       0.045       0.070       0.199       0.328       0.352       0.401

 KCAL04   WITH
    AGE04        -1646.553   -1578.854   -1544.223   -1363.375   -1182.526   -1147.896   -1080.196
    GENDER        -100.299     -98.235     -97.179     -91.666     -86.152     -85.097     -83.033

 MET04    WITH
    AGE04         -465.652    -454.796    -449.242    -420.242    -391.242    -385.688    -374.832
    GENDER          -9.668      -9.296      -9.105      -8.110      -7.114      -6.924      -6.551
    KCAL04       13691.789   14232.669   14509.344   15954.206   17399.068   17675.744   18216.623

 SMOKE04  WITH
    AGE04            0.076       0.126       0.151       0.284       0.417       0.442       0.492
    GENDER          -0.156      -0.155      -0.154      -0.150      -0.147      -0.146      -0.144
    KCAL04          48.388      50.586      51.710      57.582      63.454      64.579      66.777
    MET04            3.146       3.547       3.753       4.826       5.899       6.105       6.506

 EDUC04   WITH
    AGE04           -8.767      -8.636      -8.568      -8.218      -7.867      -7.799      -7.668
    GENDER          -0.147      -0.142      -0.140      -0.129      -0.118      -0.116      -0.112
    KCAL04          55.390      60.915      63.741      78.498      93.255      96.081     101.605
    MET04           -5.078      -4.243      -3.816      -1.586       0.644       1.071       1.905
    SMOKE04          0.025       0.029       0.031       0.042       0.052       0.054       0.058

 SYSTO04  WITH
    AGE04          109.148     111.157     112.185     117.552     122.920     123.948     125.957
    GENDER          -1.063      -1.003      -0.973      -0.814      -0.655      -0.625      -0.565
    KCAL04       -1297.066   -1215.549   -1173.851    -956.094    -738.337    -696.639    -615.123
    MET04         -333.791    -320.238    -313.305    -277.101    -240.896    -233.963    -220.410
    SMOKE04          0.386       0.455       0.490       0.674       0.859       0.894       0.963
    EDUC04          -4.443      -4.276      -4.191      -3.746      -3.300      -3.215      -3.048

 DIASTO04 WITH
    AGE04           31.148      32.287      32.870      35.913      38.957      39.539      40.678
    GENDER          -0.842      -0.806      -0.787      -0.691      -0.595      -0.576      -0.540
    KCAL04        -503.353    -450.877    -424.034    -283.854    -143.674    -116.831     -64.356
    MET04         -119.735    -111.348    -107.058     -84.653     -62.249     -57.959     -49.572
    SMOKE04          0.296       0.333       0.351       0.448       0.545       0.564       0.600
    EDUC04          -1.226      -1.129      -1.080      -0.820      -0.561      -0.511      -0.414
    SYSTO04        139.334     141.517     142.634     148.468     154.302     155.419     157.603

 Q1       WITH
    AGE04           -0.451      -0.411      -0.390      -0.282      -0.175      -0.154      -0.114
    GENDER          -0.008      -0.006      -0.005      -0.002       0.002       0.002       0.004
    KCAL04           5.754       7.626       8.584      13.586      18.588      19.546      21.418
    MET04            3.856       4.182       4.349       5.221       6.092       6.259       6.585
    SMOKE04         -0.002      -0.001       0.000       0.003       0.007       0.008       0.009
    EDUC04          -0.104      -0.100      -0.099      -0.090      -0.082      -0.080      -0.077
    SYSTO04         -0.390      -0.337      -0.310      -0.169      -0.028      -0.001       0.051
    DIASTO04        -0.208      -0.174      -0.157      -0.068       0.022       0.039       0.072

 Q2       WITH
    AGE04           -0.135      -0.092      -0.070       0.044       0.159       0.181       0.223
    GENDER          -0.005      -0.004      -0.003       0.000       0.004       0.005       0.006
    KCAL04         -13.734     -11.940     -11.022      -6.229      -1.436      -0.518       1.276
    MET04           -7.000      -6.705      -6.554      -5.767      -4.979      -4.828      -4.534
    SMOKE04         -0.005      -0.004      -0.003       0.001       0.005       0.006       0.008
    EDUC04           0.010       0.014       0.016       0.025       0.035       0.037       0.041
    SYSTO04          0.175       0.227       0.254       0.393       0.533       0.559       0.611
    DIASTO04         0.236       0.267       0.283       0.367       0.451       0.467       0.498
    Q1              -0.066      -0.065      -0.065      -0.063      -0.060      -0.060      -0.059

 Q3       WITH
    AGE04            0.271       0.314       0.336       0.451       0.566       0.588       0.631
    GENDER          -0.003      -0.001      -0.001       0.003       0.007       0.007       0.009
    KCAL04         -26.740     -24.919     -23.987     -19.122     -14.256     -13.325     -11.503
    MET04          -11.018     -10.748     -10.610      -9.889      -9.168      -9.030      -8.760
    SMOKE04         -0.013      -0.012      -0.011      -0.007      -0.003      -0.003      -0.001
    EDUC04           0.165       0.169       0.172       0.183       0.194       0.196       0.200
    SYSTO04          0.127       0.179       0.205       0.343       0.480       0.506       0.558
    DIASTO04        -0.135      -0.105      -0.090      -0.010       0.069       0.085       0.114
    Q1              -0.066      -0.065      -0.065      -0.063      -0.060      -0.060      -0.059
    Q2              -0.066      -0.065      -0.065      -0.063      -0.060      -0.060      -0.059

 Means
    AGE04           46.981      47.078      47.127      47.385      47.644      47.693      47.790
    GENDER           1.506       1.509       1.510       1.519       1.527       1.529       1.532
    KCAL04        2170.651    2174.917    2177.100    2188.497    2199.894    2202.077    2206.343
    MET04          113.377     114.116     114.494     116.467     118.440     118.818     119.556
    SMOKE04          0.321       0.324       0.326       0.335       0.344       0.345       0.349
    EDUC04           1.694       1.702       1.706       1.729       1.751       1.755       1.764
    SYSTO04        121.578     121.697     121.758     122.076     122.395     122.455     122.575
    DIASTO04        78.333      78.406      78.443      78.637      78.831      78.868      78.941
    Q1               0.239       0.241       0.243       0.250       0.257       0.259       0.261
    Q2               0.239       0.241       0.243       0.250       0.257       0.259       0.261
    Q3               0.239       0.242       0.243       0.250       0.258       0.259       0.262
    IB              22.925      22.947      22.958      23.016      23.074      23.085      23.106

 Intercepts
    BMI04            0.000       0.000       0.000       0.000       0.000       0.000       0.000
    BMI06            0.000       0.000       0.000       0.000       0.000       0.000       0.000
    BMI09            0.000       0.000       0.000       0.000       0.000       0.000       0.000
    BMI11            0.000       0.000       0.000       0.000       0.000       0.000       0.000
    DASH04           0.000       0.000       0.000       0.000       0.000       0.000       0.000
    DASH06           0.000       0.000       0.000       0.000       0.000       0.000       0.000
    DASH09           0.000       0.000       0.000       0.000       0.000       0.000       0.000
    DASH11           0.000       0.000       0.000       0.000       0.000       0.000       0.000
    SB               0.421       0.497       0.536       0.738       0.940       0.979       1.055
    ID              42.363      42.865      43.121      44.462      45.803      46.060      46.562
    SD              -0.457      -0.330      -0.265       0.074       0.413       0.478       0.605

 Variances
    AGE04          227.994     229.789     230.706     235.499     240.291     241.209     243.003
    GENDER           0.249       0.249       0.249       0.250       0.250       0.250       0.250
    KCAL04       *********  442068.375  444675.250  458288.875  471902.500  474509.375  479605.562
    MET04        11849.622   12057.196   12163.376   12717.874   13272.372   13378.552   13586.126
    SMOKE04          0.222       0.235       0.241       0.276       0.311       0.317       0.330
    EDUC04           1.693       1.708       1.715       1.755       1.795       1.803       1.818
    SYSTO04        324.957     329.789     332.261     345.168     358.075     360.547     365.378
    DIASTO04       119.384     121.014     121.848     126.202     130.556     131.390     133.020
    Q1               0.182       0.183       0.184       0.188       0.191       0.192       0.193
    Q2               0.182       0.183       0.184       0.188       0.191       0.192       0.193
    Q3               0.182       0.183       0.184       0.188       0.191       0.192       0.193
    IB               9.763       9.899       9.968      10.331      10.694      10.763      10.899

 Residual Variances
    BMI04            0.642       0.721       0.761       0.970       1.179       1.219       1.297
    BMI06           -1.413      -0.326       0.229       3.131       6.033       6.589       7.675
    BMI09            1.305       1.360       1.389       1.537       1.685       1.714       1.769
    BMI11           -1.473       2.124       3.964      13.572      23.181      25.021      28.618
    DASH04          39.417      40.165      40.548      42.546      44.544      44.927      45.675
    DASH06          48.485      49.092      49.403      51.027      52.651      52.962      53.570
    DASH09          51.522      52.284      52.674      54.710      56.745      57.135      57.897
    DASH11          60.323      61.493      62.091      65.215      68.339      68.937      70.107
    SB               0.034       0.037       0.038       0.046       0.053       0.054       0.057
    ID              13.023      13.669      13.999      15.723      17.448      17.778      18.423
    SD               0.213       0.247       0.265       0.356       0.447       0.465       0.499

New/Additional Parameters
    IND1            -0.009      -0.008      -0.007      -0.004       0.000       0.001       0.002
    IND2            -0.013      -0.011      -0.010      -0.005       0.000       0.001       0.003
    IND3            -0.044      -0.037      -0.034      -0.018      -0.001       0.002       0.008
    DI1             -0.016      -0.008      -0.005       0.016       0.036       0.040       0.048
    DI2             -0.041      -0.033      -0.028      -0.004       0.019       0.024       0.033
    DI3             -0.064      -0.053      -0.048      -0.018       0.011       0.017       0.028
    TO1             -0.020      -0.012      -0.008       0.012       0.033       0.037       0.044
    TO2             -0.046      -0.037      -0.033      -0.009       0.014       0.019       0.028
    TO3             -0.077      -0.067      -0.062      -0.036      -0.010      -0.005       0.005
    IND_L_1         -0.007      -0.006      -0.006      -0.003       0.000       0.000       0.002
    IND_L_2         -0.006      -0.005      -0.005      -0.002       0.000       0.001       0.002
    IND_L_3         -0.022      -0.019      -0.017      -0.010      -0.002       0.000       0.003
    IND_S_1         -0.005      -0.004      -0.003      -0.001       0.002       0.003       0.004
    IND_S_2         -0.009      -0.008      -0.007      -0.003       0.002       0.002       0.004
    IND_S_3         -0.025      -0.021      -0.019      -0.008       0.003       0.005       0.009


TECHNICAL 1 OUTPUT


     PARAMETER SPECIFICATION


           NU
              BMI04         BMI06         BMI09         BMI11         DASH04
              ________      ________      ________      ________      ________
 1                  0             0             0             0             0


           NU
              DASH06        DASH09        DASH11        AGE04         GENDER
              ________      ________      ________      ________      ________
 1                  0             0             0             0             0


           NU
              KCAL04        MET04         SMOKE04       EDUC04        SYSTO04
              ________      ________      ________      ________      ________
 1                  0             0             0             0             0


           NU
              DIASTO04      Q1            Q2            Q3
              ________      ________      ________      ________
 1                  0             0             0             0


           LAMBDA
              IB            SB            ID            SD            AGE04
              ________      ________      ________      ________      ________
 BMI04              0             0             0             0             0
 BMI06              0             0             0             0             0
 BMI09              0             0             0             0             0
 BMI11              0             0             0             0             0
 DASH04             0             0             0             0             0
 DASH06             0             0             0             0             0
 DASH09             0             0             0             0             0
 DASH11             0             0             0             0             0
 AGE04              0             0             0             0             0
 GENDER             0             0             0             0             0
 KCAL04             0             0             0             0             0
 MET04              0             0             0             0             0
 SMOKE04            0             0             0             0             0
 EDUC04             0             0             0             0             0
 SYSTO04            0             0             0             0             0
 DIASTO04           0             0             0             0             0
 Q1                 0             0             0             0             0
 Q2                 0             0             0             0             0
 Q3                 0             0             0             0             0


           LAMBDA
              GENDER        KCAL04        MET04         SMOKE04       EDUC04
              ________      ________      ________      ________      ________
 BMI04              0             0             0             0             0
 BMI06              0             0             0             0             0
 BMI09              0             0             0             0             0
 BMI11              0             0             0             0             0
 DASH04             0             0             0             0             0
 DASH06             0             0             0             0             0
 DASH09             0             0             0             0             0
 DASH11             0             0             0             0             0
 AGE04              0             0             0             0             0
 GENDER             0             0             0             0             0
 KCAL04             0             0             0             0             0
 MET04              0             0             0             0             0
 SMOKE04            0             0             0             0             0
 EDUC04             0             0             0             0             0
 SYSTO04            0             0             0             0             0
 DIASTO04           0             0             0             0             0
 Q1                 0             0             0             0             0
 Q2                 0             0             0             0             0
 Q3                 0             0             0             0             0


           LAMBDA
              SYSTO04       DIASTO04      Q1            Q2            Q3
              ________      ________      ________      ________      ________
 BMI04              0             0             0             0             0
 BMI06              0             0             0             0             0
 BMI09              0             0             0             0             0
 BMI11              0             0             0             0             0
 DASH04             0             0             0             0             0
 DASH06             0             0             0             0             0
 DASH09             0             0             0             0             0
 DASH11             0             0             0             0             0
 AGE04              0             0             0             0             0
 GENDER             0             0             0             0             0
 KCAL04             0             0             0             0             0
 MET04              0             0             0             0             0
 SMOKE04            0             0             0             0             0
 EDUC04             0             0             0             0             0
 SYSTO04            0             0             0             0             0
 DIASTO04           0             0             0             0             0
 Q1                 0             0             0             0             0
 Q2                 0             0             0             0             0
 Q3                 0             0             0             0             0


           THETA
              BMI04         BMI06         BMI09         BMI11         DASH04
              ________      ________      ________      ________      ________
 BMI04              1
 BMI06              0             2
 BMI09              0             0             3
 BMI11              0             0             0             4
 DASH04             0             0             0             0             5
 DASH06             0             0             0             0             0
 DASH09             0             0             0             0             0
 DASH11             0             0             0             0             0
 AGE04              0             0             0             0             0
 GENDER             0             0             0             0             0
 KCAL04             0             0             0             0             0
 MET04              0             0             0             0             0
 SMOKE04            0             0             0             0             0
 EDUC04             0             0             0             0             0
 SYSTO04            0             0             0             0             0
 DIASTO04           0             0             0             0             0
 Q1                 0             0             0             0             0
 Q2                 0             0             0             0             0
 Q3                 0             0             0             0             0


           THETA
              DASH06        DASH09        DASH11        AGE04         GENDER
              ________      ________      ________      ________      ________
 DASH06             6
 DASH09             0             7
 DASH11             0             0             8
 AGE04              0             0             0             0
 GENDER             0             0             0             0             0
 KCAL04             0             0             0             0             0
 MET04              0             0             0             0             0
 SMOKE04            0             0             0             0             0
 EDUC04             0             0             0             0             0
 SYSTO04            0             0             0             0             0
 DIASTO04           0             0             0             0             0
 Q1                 0             0             0             0             0
 Q2                 0             0             0             0             0
 Q3                 0             0             0             0             0


           THETA
              KCAL04        MET04         SMOKE04       EDUC04        SYSTO04
              ________      ________      ________      ________      ________
 KCAL04             0
 MET04              0             0
 SMOKE04            0             0             0
 EDUC04             0             0             0             0
 SYSTO04            0             0             0             0             0
 DIASTO04           0             0             0             0             0
 Q1                 0             0             0             0             0
 Q2                 0             0             0             0             0
 Q3                 0             0             0             0             0


           THETA
              DIASTO04      Q1            Q2            Q3
              ________      ________      ________      ________
 DIASTO04           0
 Q1                 0             0
 Q2                 0             0             0
 Q3                 0             0             0             0


           ALPHA
              IB            SB            ID            SD            AGE04
              ________      ________      ________      ________      ________
 1                  9            10            11            12            13


           ALPHA
              GENDER        KCAL04        MET04         SMOKE04       EDUC04
              ________      ________      ________      ________      ________
 1                 14            15            16            17            18


           ALPHA
              SYSTO04       DIASTO04      Q1            Q2            Q3
              ________      ________      ________      ________      ________
 1                 19            20            21            22            23


           BETA
              IB            SB            ID            SD            AGE04
              ________      ________      ________      ________      ________
 IB                 0             0             0             0             0
 SB                 0             0            24            25            26
 ID                 0             0             0             0            37
 SD                 0             0             0             0            48
 AGE04              0             0             0             0             0
 GENDER             0             0             0             0             0
 KCAL04             0             0             0             0             0
 MET04              0             0             0             0             0
 SMOKE04            0             0             0             0             0
 EDUC04             0             0             0             0             0
 SYSTO04            0             0             0             0             0
 DIASTO04           0             0             0             0             0
 Q1                 0             0             0             0             0
 Q2                 0             0             0             0             0
 Q3                 0             0             0             0             0


           BETA
              GENDER        KCAL04        MET04         SMOKE04       EDUC04
              ________      ________      ________      ________      ________
 IB                 0             0             0             0             0
 SB                27            28            29            30            31
 ID                38            39            40            41            42
 SD                49            50            51            52            53
 AGE04              0             0             0             0             0
 GENDER             0             0             0             0             0
 KCAL04             0             0             0             0             0
 MET04              0             0             0             0             0
 SMOKE04            0             0             0             0             0
 EDUC04             0             0             0             0             0
 SYSTO04            0             0             0             0             0
 DIASTO04           0             0             0             0             0
 Q1                 0             0             0             0             0
 Q2                 0             0             0             0             0
 Q3                 0             0             0             0             0


           BETA
              SYSTO04       DIASTO04      Q1            Q2            Q3
              ________      ________      ________      ________      ________
 IB                 0             0             0             0             0
 SB                32            33            34            35            36
 ID                43            44            45            46            47
 SD                54            55            56            57            58
 AGE04              0             0             0             0             0
 GENDER             0             0             0             0             0
 KCAL04             0             0             0             0             0
 MET04              0             0             0             0             0
 SMOKE04            0             0             0             0             0
 EDUC04             0             0             0             0             0
 SYSTO04            0             0             0             0             0
 DIASTO04           0             0             0             0             0
 Q1                 0             0             0             0             0
 Q2                 0             0             0             0             0
 Q3                 0             0             0             0             0


           PSI
              IB            SB            ID            SD            AGE04
              ________      ________      ________      ________      ________
 IB                59
 SB                60            61
 ID                 0             0            62
 SD                 0             0            63            64
 AGE04             65             0             0             0            66
 GENDER            67             0             0             0            68
 KCAL04            70             0             0             0            71
 MET04             74             0             0             0            75
 SMOKE04           79             0             0             0            80
 EDUC04            85             0             0             0            86
 SYSTO04           92             0             0             0            93
 DIASTO04         100             0             0             0           101
 Q1               109             0             0             0           110
 Q2               119             0             0             0           120
 Q3               130             0             0             0           131


           PSI
              GENDER        KCAL04        MET04         SMOKE04       EDUC04
              ________      ________      ________      ________      ________
 GENDER            69
 KCAL04            72            73
 MET04             76            77            78
 SMOKE04           81            82            83            84
 EDUC04            87            88            89            90            91
 SYSTO04           94            95            96            97            98
 DIASTO04         102           103           104           105           106
 Q1               111           112           113           114           115
 Q2               121           122           123           124           125
 Q3               132           133           134           135           136


           PSI
              SYSTO04       DIASTO04      Q1            Q2            Q3
              ________      ________      ________      ________      ________
 SYSTO04           99
 DIASTO04         107           108
 Q1               116           117           118
 Q2               126           127           128           129
 Q3               137           138           139           140           141


     PARAMETER SPECIFICATION FOR THE ADDITIONAL PARAMETERS


           NEW/ADDITIONAL PARAMETERS
              IND1          IND2          IND3          DI1           DI2
              ________      ________      ________      ________      ________
 1                142           143           144           145           146


           NEW/ADDITIONAL PARAMETERS
              DI3           TO1           TO2           TO3           IND_L_1
              ________      ________      ________      ________      ________
 1                147           148           149           150           151


           NEW/ADDITIONAL PARAMETERS
              IND_L_2       IND_L_3       IND_S_1       IND_S_2       IND_S_3
              ________      ________      ________      ________      ________
 1                152           153           154           155           156


     STARTING VALUES


           NU
              BMI04         BMI06         BMI09         BMI11         DASH04
              ________      ________      ________      ________      ________
 1              0.000         0.000         0.000         0.000         0.000


           NU
              DASH06        DASH09        DASH11        AGE04         GENDER
              ________      ________      ________      ________      ________
 1              0.000         0.000         0.000         0.000         0.000


           NU
              KCAL04        MET04         SMOKE04       EDUC04        SYSTO04
              ________      ________      ________      ________      ________
 1              0.000         0.000         0.000         0.000         0.000


           NU
              DIASTO04      Q1            Q2            Q3
              ________      ________      ________      ________
 1              0.000         0.000         0.000         0.000


           LAMBDA
              IB            SB            ID            SD            AGE04
              ________      ________      ________      ________      ________
 BMI04          1.000         0.000         0.000         0.000         0.000
 BMI06          1.000         2.000         0.000         0.000         0.000
 BMI09          1.000         5.000         0.000         0.000         0.000
 BMI11          1.000         7.000         0.000         0.000         0.000
 DASH04         0.000         0.000         1.000         0.000         0.000
 DASH06         0.000         0.000         1.000         2.000         0.000
 DASH09         0.000         0.000         1.000         5.000         0.000
 DASH11         0.000         0.000         1.000         7.000         0.000
 AGE04          0.000         0.000         0.000         0.000         1.000
 GENDER         0.000         0.000         0.000         0.000         0.000
 KCAL04         0.000         0.000         0.000         0.000         0.000
 MET04          0.000         0.000         0.000         0.000         0.000
 SMOKE04        0.000         0.000         0.000         0.000         0.000
 EDUC04         0.000         0.000         0.000         0.000         0.000
 SYSTO04        0.000         0.000         0.000         0.000         0.000
 DIASTO04       0.000         0.000         0.000         0.000         0.000
 Q1             0.000         0.000         0.000         0.000         0.000
 Q2             0.000         0.000         0.000         0.000         0.000
 Q3             0.000         0.000         0.000         0.000         0.000


           LAMBDA
              GENDER        KCAL04        MET04         SMOKE04       EDUC04
              ________      ________      ________      ________      ________
 BMI04          0.000         0.000         0.000         0.000         0.000
 BMI06          0.000         0.000         0.000         0.000         0.000
 BMI09          0.000         0.000         0.000         0.000         0.000
 BMI11          0.000         0.000         0.000         0.000         0.000
 DASH04         0.000         0.000         0.000         0.000         0.000
 DASH06         0.000         0.000         0.000         0.000         0.000
 DASH09         0.000         0.000         0.000         0.000         0.000
 DASH11         0.000         0.000         0.000         0.000         0.000
 AGE04          0.000         0.000         0.000         0.000         0.000
 GENDER         1.000         0.000         0.000         0.000         0.000
 KCAL04         0.000         1.000         0.000         0.000         0.000
 MET04          0.000         0.000         1.000         0.000         0.000
 SMOKE04        0.000         0.000         0.000         1.000         0.000
 EDUC04         0.000         0.000         0.000         0.000         1.000
 SYSTO04        0.000         0.000         0.000         0.000         0.000
 DIASTO04       0.000         0.000         0.000         0.000         0.000
 Q1             0.000         0.000         0.000         0.000         0.000
 Q2             0.000         0.000         0.000         0.000         0.000
 Q3             0.000         0.000         0.000         0.000         0.000


           LAMBDA
              SYSTO04       DIASTO04      Q1            Q2            Q3
              ________      ________      ________      ________      ________
 BMI04          0.000         0.000         0.000         0.000         0.000
 BMI06          0.000         0.000         0.000         0.000         0.000
 BMI09          0.000         0.000         0.000         0.000         0.000
 BMI11          0.000         0.000         0.000         0.000         0.000
 DASH04         0.000         0.000         0.000         0.000         0.000
 DASH06         0.000         0.000         0.000         0.000         0.000
 DASH09         0.000         0.000         0.000         0.000         0.000
 DASH11         0.000         0.000         0.000         0.000         0.000
 AGE04          0.000         0.000         0.000         0.000         0.000
 GENDER         0.000         0.000         0.000         0.000         0.000
 KCAL04         0.000         0.000         0.000         0.000         0.000
 MET04          0.000         0.000         0.000         0.000         0.000
 SMOKE04        0.000         0.000         0.000         0.000         0.000
 EDUC04         0.000         0.000         0.000         0.000         0.000
 SYSTO04        1.000         0.000         0.000         0.000         0.000
 DIASTO04       0.000         1.000         0.000         0.000         0.000
 Q1             0.000         0.000         1.000         0.000         0.000
 Q2             0.000         0.000         0.000         1.000         0.000
 Q3             0.000         0.000         0.000         0.000         1.000


           THETA
              BMI04         BMI06         BMI09         BMI11         DASH04
              ________      ________      ________      ________      ________
 BMI04          5.617
 BMI06          0.000         6.364
 BMI09          0.000         0.000         5.891
 BMI11          0.000         0.000         0.000        11.820
 DASH04         0.000         0.000         0.000         0.000        29.408
 DASH06         0.000         0.000         0.000         0.000         0.000
 DASH09         0.000         0.000         0.000         0.000         0.000
 DASH11         0.000         0.000         0.000         0.000         0.000
 AGE04          0.000         0.000         0.000         0.000         0.000
 GENDER         0.000         0.000         0.000         0.000         0.000
 KCAL04         0.000         0.000         0.000         0.000         0.000
 MET04          0.000         0.000         0.000         0.000         0.000
 SMOKE04        0.000         0.000         0.000         0.000         0.000
 EDUC04         0.000         0.000         0.000         0.000         0.000
 SYSTO04        0.000         0.000         0.000         0.000         0.000
 DIASTO04       0.000         0.000         0.000         0.000         0.000
 Q1             0.000         0.000         0.000         0.000         0.000
 Q2             0.000         0.000         0.000         0.000         0.000
 Q3             0.000         0.000         0.000         0.000         0.000


           THETA
              DASH06        DASH09        DASH11        AGE04         GENDER
              ________      ________      ________      ________      ________
 DASH06        32.266
 DASH09         0.000        33.337
 DASH11         0.000         0.000        39.783
 AGE04          0.000         0.000         0.000         0.000
 GENDER         0.000         0.000         0.000         0.000         0.000
 KCAL04         0.000         0.000         0.000         0.000         0.000
 MET04          0.000         0.000         0.000         0.000         0.000
 SMOKE04        0.000         0.000         0.000         0.000         0.000
 EDUC04         0.000         0.000         0.000         0.000         0.000
 SYSTO04        0.000         0.000         0.000         0.000         0.000
 DIASTO04       0.000         0.000         0.000         0.000         0.000
 Q1             0.000         0.000         0.000         0.000         0.000
 Q2             0.000         0.000         0.000         0.000         0.000
 Q3             0.000         0.000         0.000         0.000         0.000


           THETA
              KCAL04        MET04         SMOKE04       EDUC04        SYSTO04
              ________      ________      ________      ________      ________
 KCAL04         0.000
 MET04          0.000         0.000
 SMOKE04        0.000         0.000         0.000
 EDUC04         0.000         0.000         0.000         0.000
 SYSTO04        0.000         0.000         0.000         0.000         0.000
 DIASTO04       0.000         0.000         0.000         0.000         0.000
 Q1             0.000         0.000         0.000         0.000         0.000
 Q2             0.000         0.000         0.000         0.000         0.000
 Q3             0.000         0.000         0.000         0.000         0.000


           THETA
              DIASTO04      Q1            Q2            Q3
              ________      ________      ________      ________
 DIASTO04       0.000
 Q1             0.000         0.000
 Q2             0.000         0.000         0.000
 Q3             0.000         0.000         0.000         0.000


           ALPHA
              IB            SB            ID            SD            AGE04
              ________      ________      ________      ________      ________
 1             23.091         0.035        47.319         0.230        47.385


           ALPHA
              GENDER        KCAL04        MET04         SMOKE04       EDUC04
              ________      ________      ________      ________      ________
 1              1.519      2188.497       118.186         0.334         1.724


           ALPHA
              SYSTO04       DIASTO04      Q1            Q2            Q3
              ________      ________      ________      ________      ________
 1            122.224        78.671         0.250         0.250         0.250


           BETA
              IB            SB            ID            SD            AGE04
              ________      ________      ________      ________      ________
 IB             0.000         0.000         0.000         0.000         0.000
 SB             0.000         0.000         0.000         0.000         0.000
 ID             0.000         0.000         0.000         0.000         0.000
 SD             0.000         0.000         0.000         0.000         0.000
 AGE04          0.000         0.000         0.000         0.000         0.000
 GENDER         0.000         0.000         0.000         0.000         0.000
 KCAL04         0.000         0.000         0.000         0.000         0.000
 MET04          0.000         0.000         0.000         0.000         0.000
 SMOKE04        0.000         0.000         0.000         0.000         0.000
 EDUC04         0.000         0.000         0.000         0.000         0.000
 SYSTO04        0.000         0.000         0.000         0.000         0.000
 DIASTO04       0.000         0.000         0.000         0.000         0.000
 Q1             0.000         0.000         0.000         0.000         0.000
 Q2             0.000         0.000         0.000         0.000         0.000
 Q3             0.000         0.000         0.000         0.000         0.000


           BETA
              GENDER        KCAL04        MET04         SMOKE04       EDUC04
              ________      ________      ________      ________      ________
 IB             0.000         0.000         0.000         0.000         0.000
 SB             0.000         0.000         0.000         0.000         0.000
 ID             0.000         0.000         0.000         0.000         0.000
 SD             0.000         0.000         0.000         0.000         0.000
 AGE04          0.000         0.000         0.000         0.000         0.000
 GENDER         0.000         0.000         0.000         0.000         0.000
 KCAL04         0.000         0.000         0.000         0.000         0.000
 MET04          0.000         0.000         0.000         0.000         0.000
 SMOKE04        0.000         0.000         0.000         0.000         0.000
 EDUC04         0.000         0.000         0.000         0.000         0.000
 SYSTO04        0.000         0.000         0.000         0.000         0.000
 DIASTO04       0.000         0.000         0.000         0.000         0.000
 Q1             0.000         0.000         0.000         0.000         0.000
 Q2             0.000         0.000         0.000         0.000         0.000
 Q3             0.000         0.000         0.000         0.000         0.000


           BETA
              SYSTO04       DIASTO04      Q1            Q2            Q3
              ________      ________      ________      ________      ________
 IB             0.000         0.000         0.000         0.000         0.000
 SB             0.000         0.000         0.000         0.000         0.000
 ID             0.000         0.000         0.000         0.000         0.000
 SD             0.000         0.000         0.000         0.000         0.000
 AGE04          0.000         0.000         0.000         0.000         0.000
 GENDER         0.000         0.000         0.000         0.000         0.000
 KCAL04         0.000         0.000         0.000         0.000         0.000
 MET04          0.000         0.000         0.000         0.000         0.000
 SMOKE04        0.000         0.000         0.000         0.000         0.000
 EDUC04         0.000         0.000         0.000         0.000         0.000
 SYSTO04        0.000         0.000         0.000         0.000         0.000
 DIASTO04       0.000         0.000         0.000         0.000         0.000
 Q1             0.000         0.000         0.000         0.000         0.000
 Q2             0.000         0.000         0.000         0.000         0.000
 Q3             0.000         0.000         0.000         0.000         0.000


           PSI
              IB            SB            ID            SD            AGE04
              ________      ________      ________      ________      ________
 IB            11.513
 SB             0.000         0.570
 ID             0.000         0.000        56.558
 SD             0.000         0.000         0.000        16.569
 AGE04          0.000         0.000         0.000         0.000       117.749
 GENDER         0.000         0.000         0.000         0.000         0.000
 KCAL04         0.000         0.000         0.000         0.000         0.000
 MET04          0.000         0.000         0.000         0.000         0.000
 SMOKE04        0.000         0.000         0.000         0.000         0.000
 EDUC04         0.000         0.000         0.000         0.000         0.000
 SYSTO04        0.000         0.000         0.000         0.000         0.000
 DIASTO04       0.000         0.000         0.000         0.000         0.000
 Q1             0.000         0.000         0.000         0.000         0.000
 Q2             0.000         0.000         0.000         0.000         0.000
 Q3             0.000         0.000         0.000         0.000         0.000


           PSI
              GENDER        KCAL04        MET04         SMOKE04       EDUC04
              ________      ________      ________      ________      ________
 GENDER         0.125
 KCAL04         0.000    229144.438
 MET04          0.000         0.000      6315.442
 SMOKE04        0.000         0.000         0.000         0.138
 EDUC04         0.000         0.000         0.000         0.000         0.876
 SYSTO04        0.000         0.000         0.000         0.000         0.000
 DIASTO04       0.000         0.000         0.000         0.000         0.000
 Q1             0.000         0.000         0.000         0.000         0.000
 Q2             0.000         0.000         0.000         0.000         0.000
 Q3             0.000         0.000         0.000         0.000         0.000


           PSI
              SYSTO04       DIASTO04      Q1            Q2            Q3
              ________      ________      ________      ________      ________
 SYSTO04      171.913
 DIASTO04       0.000        63.046
 Q1             0.000         0.000         0.094
 Q2             0.000         0.000         0.000         0.094
 Q3             0.000         0.000         0.000         0.000         0.094


     STARTING VALUES FOR THE ADDITIONAL PARAMETERS


           NEW/ADDITIONAL PARAMETERS
              IND1          IND2          IND3          DI1           DI2
              ________      ________      ________      ________      ________
 1              0.500         0.500         0.500         0.500         0.500


           NEW/ADDITIONAL PARAMETERS
              DI3           TO1           TO2           TO3           IND_L_1
              ________      ________      ________      ________      ________
 1              0.500         0.500         0.500         0.500         0.500


           NEW/ADDITIONAL PARAMETERS
              IND_L_2       IND_L_3       IND_S_1       IND_S_2       IND_S_3
              ________      ________      ________      ________      ________
 1              0.500         0.500         0.500         0.500         0.500


DIAGRAM INFORMATION

  Use View Diagram under the Diagram menu in the Mplus Editor to view the diagram.
  If running Mplus from the Mplus Diagrammer, the diagram opens automatically.

  Diagram output
    c:\users\likai\documents\git_repo\dqmedi\mplus\longitudinal\dash bmi mediation model fit.dgm

     Beginning Time:  22:21:50
        Ending Time:  22:22:18
       Elapsed Time:  00:00:28



MUTHEN & MUTHEN
3463 Stoner Ave.
Los Angeles, CA  90066

Tel: (310) 391-9971
Fax: (310) 391-8971
Web: www.StatModel.com
Support: Support@StatModel.com

Copyright (c) 1998-2015 Muthen & Muthen
