Mplus VERSION 7.4
MUTHEN & MUTHEN
05/15/2019   1:00 PM

INPUT INSTRUCTIONS

  DATA: File is id0411.csv;

  VARIABLE: Names are IDind age04 kcal04 bmi04
                                    hwr04 wc04 diasto04 systo04
                                    gender educ04 indinc04 index04
                                    met04 cmfp04 dash04 ahei04 age06
                                    kcal06 bmi06 hwr06 wc06 diasto06
                                    systo06 educ06 indinc06 index06
                                    met06 cmfp06 dash06 ahei06 age09
                                    kcal09 bmi09 hwr09 wc09 diasto09
                                    systo09 educ09 indinc09 index09
                                    met09 cmfp09 dash09 ahei09 age11
                                    kcal11 bmi11 hwr11 wc11 diasto11
                                    systo11 educ11 indinc11 ndex11
                                    met11 cmfp11 dash11 ahei11
                                    q_index q1 q2 q3;

           Usev are  age04 gender kcal04 met04
                     bmi04 bmi06 bmi09 bmi11
                     dash04 dash06 dash09 dash11
                     q1 q2 q3 educ04 systo04 diasto04;


           Missing are all(999);


  ANALYSIS:
  Type=random;
  ALGORITHM=INTEGRATION;
  Estimator=ML;
  bootstrap = 1000;


  MODEL:
  age04 gender kcal04 met04
  bmi04 bmi06 bmi09 bmi11
  dash04 dash06 dash09 dash11 q1 q2 q3
  educ04 systo04 diasto04;

  ib sb | bmi04@0 bmi06@2 bmi09@5 bmi11@7;
  id sd | dash04@0 dash06@2 dash09@5 dash11@7;

  ib-sd on q1 q2 q3 age04 gender met04 kcal04 educ04 systo04 diasto04;

  OUTPUT: tech1 tech8 cinterval(BOOTSTRAP);



INPUT READING TERMINATED NORMALLY




SUMMARY OF ANALYSIS

Number of groups                                                 1
Number of observations                                        9547

Number of dependent variables                                    8
Number of independent variables                                 10
Number of continuous latent variables                            4

Observed dependent variables

  Continuous
   BMI04       BMI06       BMI09       BMI11       DASH04      DASH06
   DASH09      DASH11

Observed independent variables
   AGE04       GENDER      KCAL04      MET04       Q1          Q2
   Q3          EDUC04      SYSTO04     DIASTO04

Continuous latent variables
   IB          SB          ID          SD


Estimator                                                       ML
Information matrix                                        OBSERVED
Optimization Specifications for the Quasi-Newton Algorithm for
Continuous Outcomes
  Maximum number of iterations                                 100
  Convergence criterion                                  0.100D-05
Optimization Specifications for the EM Algorithm
  Maximum number of iterations                                 500
  Convergence criteria
    Loglikelihood change                                 0.100D-02
    Relative loglikelihood change                        0.100D-05
    Derivative                                           0.100D-02
Optimization Specifications for the M step of the EM Algorithm for
Categorical Latent variables
  Number of M step iterations                                    1
  M step convergence criterion                           0.100D-02
  Basis for M step termination                           ITERATION
Optimization Specifications for the M step of the EM Algorithm for
Censored, Binary or Ordered Categorical (Ordinal), Unordered
Categorical (Nominal) and Count Outcomes
  Number of M step iterations                                    1
  M step convergence criterion                           0.100D-02
  Basis for M step termination                           ITERATION
  Maximum value for logit thresholds                            15
  Minimum value for logit thresholds                           -15
  Minimum expected cell size for chi-square              0.100D-01
Maximum number of iterations for H1                           2000
Convergence criterion for H1                             0.100D-03
Number of bootstrap draws
    Requested                                                 1000
    Completed                                                 1000
Optimization algorithm                                         EMA
Integration Specifications
  Type                                                    STANDARD
  Number of integration points                                  15
  Dimensions of numerical integration                            0
  Adaptive quadrature                                           ON
Cholesky                                                       OFF

Input data file(s)
  id0411.csv
Input data format  FREE


SUMMARY OF DATA

     Number of missing data patterns           222


COVARIANCE COVERAGE OF DATA

Minimum covariance coverage value   0.100


     PROPORTION OF DATA PRESENT FOR Y


           Covariance Coverage
              BMI04         BMI06         BMI09         BMI11         DASH04
              ________      ________      ________      ________      ________
 BMI04          0.928
 BMI06          0.690         0.727
 BMI09          0.589         0.537         0.623
 BMI11          0.533         0.483         0.503         0.564
 DASH04         0.928         0.727         0.623         0.564         1.000
 DASH06         0.721         0.717         0.559         0.504         0.769
 DASH09         0.608         0.553         0.616         0.514         0.648
 DASH11         0.537         0.486         0.504         0.553         0.571
 AGE04          0.928         0.727         0.623         0.564         1.000
 GENDER         0.928         0.727         0.623         0.564         1.000
 KCAL04         0.928         0.727         0.623         0.564         1.000
 MET04          0.848         0.667         0.576         0.523         0.901
 Q1             0.927         0.726         0.622         0.563         0.999
 Q2             0.927         0.726         0.622         0.563         0.999
 Q3             0.927         0.726         0.622         0.563         0.999
 EDUC04         0.926         0.722         0.618         0.559         0.987
 SYSTO04        0.885         0.667         0.570         0.516         0.896
 DIASTO04       0.885         0.667         0.570         0.516         0.896


           Covariance Coverage
              DASH06        DASH09        DASH11        AGE04         GENDER
              ________      ________      ________      ________      ________
 DASH06         0.769
 DASH09         0.580         0.648
 DASH11         0.509         0.518         0.571
 AGE04          0.769         0.648         0.571         1.000
 GENDER         0.769         0.648         0.571         1.000         1.000
 KCAL04         0.769         0.648         0.571         1.000         1.000
 MET04          0.703         0.597         0.529         0.901         0.901
 Q1             0.768         0.647         0.570         0.999         0.999
 Q2             0.768         0.647         0.570         0.999         0.999
 Q3             0.768         0.647         0.570         0.999         0.999
 EDUC04         0.763         0.642         0.566         0.987         0.987
 SYSTO04        0.697         0.588         0.519         0.896         0.896
 DIASTO04       0.697         0.588         0.520         0.896         0.896


           Covariance Coverage
              KCAL04        MET04         Q1            Q2            Q3
              ________      ________      ________      ________      ________
 KCAL04         1.000
 MET04          0.901         0.901
 Q1             0.999         0.900         0.999
 Q2             0.999         0.900         0.999         0.999
 Q3             0.999         0.900         0.999         0.999         0.999
 EDUC04         0.987         0.899         0.986         0.986         0.986
 SYSTO04        0.896         0.821         0.895         0.895         0.895
 DIASTO04       0.896         0.822         0.895         0.895         0.895


           Covariance Coverage
              EDUC04        SYSTO04       DIASTO04
              ________      ________      ________
 EDUC04         0.987
 SYSTO04        0.894         0.896
 DIASTO04       0.894         0.896         0.896



THE MODEL ESTIMATION TERMINATED NORMALLY



MODEL FIT INFORMATION

Number of Free Parameters                      127

Loglikelihood

          H0 Value                     -430901.671

Information Criteria

          Akaike (AIC)                  862057.342
          Bayesian (BIC)                862967.167
          Sample-Size Adjusted BIC      862563.581
            (n* = (n + 2) / 24)



MODEL RESULTS

                                                    Two-Tailed
                    Estimate       S.E.  Est./S.E.    P-Value

 IB       |
    BMI04              1.000      0.000    999.000    999.000
    BMI06              1.000      0.000    999.000    999.000
    BMI09              1.000      0.000    999.000    999.000
    BMI11              1.000      0.000    999.000    999.000

 SB       |
    BMI04              0.000      0.000    999.000    999.000
    BMI06              2.000      0.000    999.000    999.000
    BMI09              5.000      0.000    999.000    999.000
    BMI11              7.000      0.000    999.000    999.000

 ID       |
    DASH04             1.000      0.000    999.000    999.000
    DASH06             1.000      0.000    999.000    999.000
    DASH09             1.000      0.000    999.000    999.000
    DASH11             1.000      0.000    999.000    999.000

 SD       |
    DASH04             0.000      0.000    999.000    999.000
    DASH06             2.000      0.000    999.000    999.000
    DASH09             5.000      0.000    999.000    999.000
    DASH11             7.000      0.000    999.000    999.000

 IB         ON
    Q1                 0.100      0.091      1.103      0.270
    Q2                 0.675      0.093      7.222      0.000
    Q3                 0.641      0.110      5.833      0.000
    AGE04             -0.003      0.003     -1.037      0.300
    GENDER             0.596      0.073      8.151      0.000
    MET04              0.000      0.000      0.334      0.739
    KCAL04             0.000      0.000      6.795      0.000
    EDUC04             0.057      0.031      1.813      0.070
    SYSTO04            0.027      0.003      8.827      0.000
    DIASTO04           0.057      0.005     12.096      0.000

 SB         ON
    Q1                 0.012      0.013      0.981      0.327
    Q2                -0.009      0.014     -0.669      0.504
    Q3                -0.035      0.016     -2.224      0.026
    AGE04             -0.004      0.000     -8.776      0.000
    GENDER            -0.027      0.010     -2.703      0.007
    MET04              0.000      0.000     -0.822      0.411
    KCAL04             0.000      0.000      0.539      0.590
    EDUC04            -0.012      0.004     -2.924      0.003
    SYSTO04           -0.001      0.000     -3.359      0.001
    DIASTO04           0.000      0.001     -0.525      0.600

 ID         ON
    Q1                 0.581      0.198      2.936      0.003
    Q2                 0.447      0.198      2.254      0.024
    Q3                 1.906      0.237      8.059      0.000
    AGE04              0.027      0.006      4.557      0.000
    GENDER             0.869      0.152      5.701      0.000
    MET04              0.002      0.001      2.363      0.018
    KCAL04             0.000      0.000     -1.301      0.193
    EDUC04             0.213      0.068      3.149      0.002
    SYSTO04           -0.004      0.006     -0.666      0.505
    DIASTO04          -0.003      0.010     -0.337      0.736

 SD         ON
    Q1                 0.022      0.049      0.448      0.654
    Q2                 0.079      0.052      1.515      0.130
    Q3                 0.245      0.057      4.296      0.000
    AGE04             -0.002      0.002     -1.648      0.099
    GENDER             0.050      0.038      1.314      0.189
    MET04              0.000      0.000      0.653      0.514
    KCAL04             0.000      0.000     -2.028      0.043
    EDUC04             0.018      0.017      1.057      0.291
    SYSTO04           -0.003      0.002     -1.625      0.104
    DIASTO04           0.008      0.002      3.163      0.002

 SB       WITH
    IB                -0.088      0.027     -3.252      0.001

 ID       WITH
    IB                 1.004      0.224      4.478      0.000
    SB                -0.061      0.031     -1.987      0.047

 SD       WITH
    IB                -0.154      0.057     -2.697      0.007
    SB                 0.000      0.007      0.063      0.950
    ID                -1.476      0.209     -7.074      0.000

 GENDER   WITH
    AGE04              0.199      0.078      2.550      0.011

 KCAL04   WITH
    AGE04          -1363.375    109.784    -12.419      0.000
    GENDER           -91.666      3.306    -27.724      0.000

 MET04    WITH
    AGE04           -420.099     17.342    -24.225      0.000
    GENDER            -8.113      0.606    -13.379      0.000
    KCAL04         15954.038    878.097     18.169      0.000

 Q1       WITH
    AGE04             -0.282      0.066     -4.290      0.000
    GENDER            -0.002      0.002     -0.817      0.414
    KCAL04            13.586      2.923      4.648      0.000
    MET04              5.217      0.521     10.016      0.000

 Q2       WITH
    AGE04              0.044      0.069      0.647      0.517
    GENDER             0.000      0.002      0.199      0.842
    KCAL04            -6.229      2.903     -2.146      0.032
    MET04             -5.764      0.460    -12.517      0.000
    Q1                -0.063      0.001    -49.191      0.000

 Q3       WITH
    AGE04              0.451      0.069      6.516      0.000
    GENDER             0.003      0.002      1.316      0.188
    KCAL04           -19.121      2.928     -6.531      0.000
    MET04             -9.888      0.445    -22.230      0.000
    Q1                -0.063      0.001    -48.808      0.000
    Q2                -0.063      0.001    -50.686      0.000

 EDUC04   WITH
    AGE04             -8.218      0.214    -38.447      0.000
    GENDER            -0.129      0.007    -19.788      0.000
    KCAL04            78.504      8.998      8.725      0.000
    MET04             -1.590      1.362     -1.167      0.243
    Q1                -0.090      0.005    -17.680      0.000
    Q2                 0.025      0.006      4.240      0.000
    Q3                 0.183      0.007     27.623      0.000

 SYSTO04  WITH
    AGE04            118.035      3.410     34.617      0.000
    GENDER            -0.812      0.099     -8.160      0.000
    KCAL04          -960.239    134.971     -7.114      0.000
    MET04           -279.167     22.116    -12.623      0.000
    Q1                -0.188      0.087     -2.170      0.030
    Q2                 0.344      0.087      3.938      0.000
    Q3                 0.401      0.086      4.673      0.000
    EDUC04            -3.708      0.284    -13.046      0.000

 DIASTO04 WITH
    AGE04             35.775      1.822     19.632      0.000
    GENDER            -0.691      0.061    -11.401      0.000
    KCAL04          -298.187     89.803     -3.320      0.001
    MET04            -89.795     13.686     -6.561      0.000
    Q1                -0.073      0.054     -1.356      0.175
    Q2                 0.378      0.051      7.396      0.000
    Q3                 0.000      0.049     -0.003      0.997
    EDUC04            -0.777      0.163     -4.754      0.000
    SYSTO04          148.884      3.493     42.617      0.000

 Means
    AGE04             47.385      0.152    311.364      0.000
    GENDER             1.519      0.005    289.604      0.000
    KCAL04          2188.497      6.913    316.566      0.000
    MET04            116.478      1.212     96.070      0.000
    Q1                 0.250      0.004     56.734      0.000
    Q2                 0.250      0.004     57.921      0.000
    Q3                 0.250      0.004     57.903      0.000
    EDUC04             1.729      0.013    128.653      0.000
    SYSTO04          121.995      0.197    619.954      0.000
    DIASTO04          78.694      0.122    643.321      0.000

 Intercepts
    BMI04              0.000      0.000    999.000    999.000
    BMI06              0.000      0.000    999.000    999.000
    BMI09              0.000      0.000    999.000    999.000
    BMI11              0.000      0.000    999.000    999.000
    DASH04             0.000      0.000    999.000    999.000
    DASH06             0.000      0.000    999.000    999.000
    DASH09             0.000      0.000    999.000    999.000
    DASH11             0.000      0.000    999.000    999.000
    IB                13.300      0.374     35.538      0.000
    SB                 0.498      0.051      9.799      0.000
    ID                44.544      0.788     56.530      0.000
    SD                 0.043      0.195      0.222      0.824

 Variances
    AGE04            235.499      2.976     79.132      0.000
    GENDER             0.250      0.000   1227.022      0.000
    KCAL04         *********   8168.494     56.104      0.000
    MET04          12717.218    342.136     37.170      0.000
    Q1                 0.188      0.002     85.023      0.000
    Q2                 0.188      0.002     86.911      0.000
    Q3                 0.188      0.002     86.689      0.000
    EDUC04             1.755      0.024     73.158      0.000
    SYSTO04          346.296      7.752     44.675      0.000
    DIASTO04         127.014      2.667     47.629      0.000

 Residual Variances
    BMI04              0.978      0.124      7.880      0.000
    BMI06              3.127      1.785      1.752      0.080
    BMI09              1.541      0.096     16.017      0.000
    BMI11             13.571      5.677      2.391      0.017
    DASH04            42.483      1.184     35.886      0.000
    DASH06            51.064      0.974     52.444      0.000
    DASH09            54.709      1.249     43.788      0.000
    DASH11            65.201      1.929     33.796      0.000
    IB                 9.104      0.204     44.626      0.000
    SB                 0.045      0.004     11.008      0.000
    ID                15.759      1.062     14.843      0.000
    SD                 0.357      0.055      6.544      0.000


CONFIDENCE INTERVALS OF MODEL RESULTS

                  Lower .5%  Lower 2.5%    Lower 5%    Estimate    Upper 5%  Upper 2.5%   Upper .5%

 IB       |
    BMI04            1.000       1.000       1.000       1.000       1.000       1.000       1.000
    BMI06            1.000       1.000       1.000       1.000       1.000       1.000       1.000
    BMI09            1.000       1.000       1.000       1.000       1.000       1.000       1.000
    BMI11            1.000       1.000       1.000       1.000       1.000       1.000       1.000

 SB       |
    BMI04            0.000       0.000       0.000       0.000       0.000       0.000       0.000
    BMI06            2.000       2.000       2.000       2.000       2.000       2.000       2.000
    BMI09            5.000       5.000       5.000       5.000       5.000       5.000       5.000
    BMI11            7.000       7.000       7.000       7.000       7.000       7.000       7.000

 ID       |
    DASH04           1.000       1.000       1.000       1.000       1.000       1.000       1.000
    DASH06           1.000       1.000       1.000       1.000       1.000       1.000       1.000
    DASH09           1.000       1.000       1.000       1.000       1.000       1.000       1.000
    DASH11           1.000       1.000       1.000       1.000       1.000       1.000       1.000

 SD       |
    DASH04           0.000       0.000       0.000       0.000       0.000       0.000       0.000
    DASH06           2.000       2.000       2.000       2.000       2.000       2.000       2.000
    DASH09           5.000       5.000       5.000       5.000       5.000       5.000       5.000
    DASH11           7.000       7.000       7.000       7.000       7.000       7.000       7.000

 IB       ON
    Q1              -0.171      -0.096      -0.055       0.100       0.241       0.268       0.319
    Q2               0.438       0.489       0.515       0.675       0.820       0.846       0.898
    Q3               0.343       0.406       0.440       0.641       0.801       0.833       0.905
    AGE04           -0.010      -0.008      -0.007      -0.003       0.002       0.002       0.004
    GENDER           0.413       0.452       0.472       0.596       0.713       0.734       0.765
    MET04           -0.001       0.000       0.000       0.000       0.001       0.001       0.001
    KCAL04           0.000       0.000       0.000       0.000       0.000       0.000       0.000
    EDUC04          -0.017      -0.004       0.004       0.057       0.108       0.118       0.132
    SYSTO04          0.018       0.021       0.022       0.027       0.032       0.033       0.034
    DIASTO04         0.045       0.047       0.049       0.057       0.064       0.066       0.069

 SB       ON
    Q1              -0.018      -0.010      -0.006       0.012       0.034       0.040       0.046
    Q2              -0.044      -0.036      -0.032      -0.009       0.015       0.020       0.029
    Q3              -0.074      -0.066      -0.060      -0.035      -0.009      -0.004       0.005
    AGE04           -0.005      -0.004      -0.004      -0.004      -0.003      -0.003      -0.003
    GENDER          -0.051      -0.045      -0.042      -0.027      -0.009      -0.007      -0.002
    MET04            0.000       0.000       0.000       0.000       0.000       0.000       0.000
    KCAL04           0.000       0.000       0.000       0.000       0.000       0.000       0.000
    EDUC04          -0.023      -0.020      -0.019      -0.012      -0.005      -0.004      -0.001
    SYSTO04         -0.003      -0.002      -0.002      -0.001      -0.001      -0.001       0.000
    DIASTO04        -0.002      -0.002      -0.001       0.000       0.001       0.001       0.001

 ID       ON
    Q1               0.029       0.185       0.250       0.581       0.891       0.954       1.055
    Q2              -0.096       0.047       0.115       0.447       0.762       0.840       0.948
    Q3               1.263       1.442       1.508       1.906       2.298       2.357       2.521
    AGE04            0.011       0.015       0.017       0.027       0.037       0.038       0.041
    GENDER           0.466       0.573       0.626       0.869       1.118       1.171       1.277
    MET04            0.000       0.000       0.001       0.002       0.003       0.003       0.004
    KCAL04           0.000       0.000       0.000       0.000       0.000       0.000       0.000
    EDUC04           0.041       0.079       0.099       0.213       0.325       0.345       0.380
    SYSTO04         -0.020      -0.016      -0.014      -0.004       0.006       0.008       0.012
    DIASTO04        -0.029      -0.021      -0.018      -0.003       0.014       0.017       0.022

 SD       ON
    Q1              -0.112      -0.074      -0.059       0.022       0.102       0.125       0.155
    Q2              -0.060      -0.027      -0.005       0.079       0.164       0.181       0.218
    Q3               0.103       0.140       0.158       0.245       0.341       0.363       0.405
    AGE04           -0.007      -0.005      -0.005      -0.002       0.000       0.001       0.001
    GENDER          -0.054      -0.027      -0.013       0.050       0.112       0.122       0.141
    MET04            0.000       0.000       0.000       0.000       0.000       0.000       0.001
    KCAL04           0.000       0.000       0.000       0.000       0.000       0.000       0.000
    EDUC04          -0.030      -0.015      -0.010       0.018       0.045       0.051       0.062
    SYSTO04         -0.007      -0.006      -0.005      -0.003       0.000       0.001       0.002
    DIASTO04         0.002       0.003       0.004       0.008       0.011       0.012       0.014

 SB       WITH
    IB              -0.144      -0.130      -0.125      -0.088      -0.036      -0.030      -0.018

 ID       WITH
    IB               0.416       0.551       0.629       1.004       1.375       1.436       1.608
    SB              -0.132      -0.119      -0.109      -0.061      -0.008       0.003       0.030

 SD       WITH
    IB              -0.298      -0.260      -0.242      -0.154      -0.057      -0.044      -0.005
    SB              -0.023      -0.014      -0.012       0.000       0.012       0.014       0.018
    ID              -2.074      -1.871      -1.823      -1.476      -1.136      -1.082      -0.991

 GENDER   WITH
    AGE04           -0.006       0.046       0.064       0.199       0.319       0.343       0.397

 KCAL04   WITH
    AGE04        -1651.838   -1575.775   -1549.657   -1363.375   -1195.060   -1159.546   -1090.140
    GENDER        -101.226     -98.376     -97.286     -91.666     -86.432     -85.485     -83.590

 MET04    WITH
    AGE04         -467.483    -455.227    -449.809    -420.099    -392.243    -388.077    -376.905
    GENDER          -9.739      -9.369      -9.100      -8.113      -7.088      -6.861      -6.600
    KCAL04       13915.658   14303.926   14564.089   15954.038   17462.053   17668.908   18430.186

 Q1       WITH
    AGE04           -0.459      -0.414      -0.396      -0.282      -0.180      -0.165      -0.123
    GENDER          -0.008      -0.007      -0.006      -0.002       0.002       0.002       0.004
    KCAL04           6.748       8.330       9.061      13.586      18.375      19.473      22.189
    MET04            3.833       4.223       4.402       5.217       6.088       6.205       6.480

 Q2       WITH
    AGE04           -0.149      -0.086      -0.064       0.044       0.166       0.182       0.226
    GENDER          -0.005      -0.004      -0.003       0.000       0.004       0.005       0.006
    KCAL04         -13.876     -11.890     -11.143      -6.229      -1.664      -0.705       1.010
    MET04           -7.006      -6.693      -6.525      -5.764      -5.008      -4.886      -4.674
    Q1              -0.066      -0.065      -0.065      -0.063      -0.061      -0.060      -0.060

 Q3       WITH
    AGE04            0.266       0.319       0.337       0.451       0.560       0.587       0.646
    GENDER          -0.003      -0.001      -0.001       0.003       0.007       0.007       0.009
    KCAL04         -26.931     -25.147     -23.996     -19.121     -14.415     -13.650     -12.219
    MET04          -11.203     -10.778     -10.654      -9.888      -9.174      -9.057      -8.836
    Q1              -0.066      -0.065      -0.065      -0.063      -0.060      -0.060      -0.059
    Q2              -0.066      -0.065      -0.065      -0.063      -0.061      -0.060      -0.059

 EDUC04   WITH
    AGE04           -8.770      -8.645      -8.571      -8.218      -7.867      -7.791      -7.705
    GENDER          -0.146      -0.141      -0.139      -0.129      -0.118      -0.116      -0.111
    KCAL04          54.846      61.251      63.598      78.504      94.212      97.141     101.056
    MET04           -4.855      -4.278      -3.918      -1.590       0.596       0.989       1.580
    Q1              -0.105      -0.101      -0.099      -0.090      -0.082      -0.081      -0.078
    Q2               0.010       0.013       0.015       0.025       0.034       0.037       0.041
    Q3               0.164       0.170       0.172       0.183       0.193       0.196       0.200

 SYSTO04  WITH
    AGE04          108.332     111.156     112.444     118.035     123.472     124.662     126.467
    GENDER          -1.067      -1.010      -0.986      -0.812      -0.653      -0.625      -0.575
    KCAL04       -1289.188   -1219.806   -1173.504    -960.239    -736.077    -704.858    -617.020
    MET04         -335.073    -320.618    -314.772    -279.167    -242.945    -236.186    -220.295
    Q1              -0.416      -0.357      -0.331      -0.188      -0.051      -0.026       0.046
    Q2               0.118       0.168       0.203       0.344       0.484       0.513       0.561
    Q3               0.167       0.232       0.257       0.401       0.539       0.561       0.621
    EDUC04          -4.474      -4.263      -4.178      -3.708      -3.249      -3.156      -3.007

 DIASTO04 WITH
    AGE04           30.928      32.112      32.703      35.775      38.685      39.327      40.072
    GENDER          -0.851      -0.813      -0.796      -0.691      -0.593      -0.573      -0.549
    KCAL04        -547.744    -479.647    -449.242    -298.187    -157.244    -127.563     -85.393
    MET04         -123.416    -117.126    -112.729     -89.795     -68.249     -63.582     -55.917
    Q1              -0.222      -0.179      -0.159      -0.073       0.015       0.029       0.061
    Q2               0.233       0.273       0.293       0.378       0.464       0.478       0.502
    Q3              -0.129      -0.100      -0.081       0.000       0.078       0.098       0.121
    EDUC04          -1.266      -1.116      -1.049      -0.777      -0.510      -0.464      -0.346
    SYSTO04        139.784     141.672     142.757     148.884     154.493     155.512     157.538

 Means
    AGE04           46.990      47.063      47.134      47.385      47.623      47.684      47.803
    GENDER           1.505       1.509       1.511       1.519       1.527       1.529       1.533
    KCAL04        2171.270    2174.952    2176.839    2188.497    2200.025    2201.453    2206.185
    MET04          113.077     114.046     114.399     116.478     118.487     118.770     119.647
    Q1               0.239       0.240       0.243       0.250       0.257       0.258       0.261
    Q2               0.239       0.242       0.243       0.250       0.257       0.258       0.262
    Q3               0.237       0.242       0.243       0.250       0.257       0.258       0.261
    EDUC04           1.693       1.702       1.706       1.729       1.750       1.755       1.765
    SYSTO04        121.500     121.619     121.671     121.995     122.313     122.379     122.498
    DIASTO04        78.391      78.463      78.498      78.694      78.890      78.937      79.030

 Intercepts
    BMI04            0.000       0.000       0.000       0.000       0.000       0.000       0.000
    BMI06            0.000       0.000       0.000       0.000       0.000       0.000       0.000
    BMI09            0.000       0.000       0.000       0.000       0.000       0.000       0.000
    BMI11            0.000       0.000       0.000       0.000       0.000       0.000       0.000
    DASH04           0.000       0.000       0.000       0.000       0.000       0.000       0.000
    DASH06           0.000       0.000       0.000       0.000       0.000       0.000       0.000
    DASH09           0.000       0.000       0.000       0.000       0.000       0.000       0.000
    DASH11           0.000       0.000       0.000       0.000       0.000       0.000       0.000
    IB              12.427      12.581      12.712      13.300      13.962      14.029      14.290
    SB               0.360       0.400       0.413       0.498       0.581       0.598       0.628
    ID              42.580      42.965      43.233      44.544      45.785      45.962      46.435
    SD              -0.423      -0.336      -0.259       0.043       0.376       0.446       0.543

 Variances
    AGE04          228.029     229.925     230.677     235.499     240.541     241.408     242.897
    GENDER           0.249       0.249       0.249       0.250       0.250       0.250       0.250
    KCAL04       *********  441441.438  444368.469  458288.875  470965.500  473600.062  479769.688
    MET04        11910.859   12108.906   12206.812   12717.218   13304.680   13423.209   13760.383
    Q1               0.182       0.183       0.184       0.188       0.191       0.192       0.193
    Q2               0.182       0.183       0.184       0.188       0.191       0.192       0.193
    Q3               0.181       0.183       0.184       0.188       0.191       0.192       0.193
    EDUC04           1.693       1.707       1.715       1.755       1.794       1.801       1.816
    SYSTO04        326.259     330.574     332.871     346.296     358.842     361.441     364.560
    DIASTO04       119.793     121.747     122.539     127.014     131.425     132.170     134.019

 Residual Variances
    BMI04            0.738       0.782       0.816       0.978       1.207       1.228       1.267
    BMI06            1.187       1.215       1.229       3.127       6.546       6.634       8.307
    BMI09            1.268       1.325       1.354       1.541       1.666       1.695       1.740
    BMI11            5.020       5.823       6.195      13.571      23.849      26.495      35.667
    DASH04          39.098      40.057      40.519      42.483      44.299      44.761      45.170
    DASH06          48.661      49.192      49.497      51.064      52.717      52.945      53.321
    DASH09          51.651      52.294      52.671      54.709      56.804      57.156      57.844
    DASH11          60.615      61.516      62.053      65.201      68.319      68.834      70.353
    IB               8.566       8.676       8.749       9.104       9.413       9.461       9.650
    SB               0.036       0.038       0.040       0.045       0.053       0.054       0.058
    ID              13.308      13.732      14.026      15.759      17.494      17.829      18.482
    SD               0.228       0.254       0.267       0.357       0.444       0.462       0.502


TECHNICAL 1 OUTPUT


     PARAMETER SPECIFICATION


           NU
              BMI04         BMI06         BMI09         BMI11         DASH04
              ________      ________      ________      ________      ________
 1                  0             0             0             0             0


           NU
              DASH06        DASH09        DASH11        AGE04         GENDER
              ________      ________      ________      ________      ________
 1                  0             0             0             0             0


           NU
              KCAL04        MET04         Q1            Q2            Q3
              ________      ________      ________      ________      ________
 1                  0             0             0             0             0


           NU
              EDUC04        SYSTO04       DIASTO04
              ________      ________      ________
 1                  0             0             0


           LAMBDA
              IB            SB            ID            SD            AGE04
              ________      ________      ________      ________      ________
 BMI04              0             0             0             0             0
 BMI06              0             0             0             0             0
 BMI09              0             0             0             0             0
 BMI11              0             0             0             0             0
 DASH04             0             0             0             0             0
 DASH06             0             0             0             0             0
 DASH09             0             0             0             0             0
 DASH11             0             0             0             0             0
 AGE04              0             0             0             0             0
 GENDER             0             0             0             0             0
 KCAL04             0             0             0             0             0
 MET04              0             0             0             0             0
 Q1                 0             0             0             0             0
 Q2                 0             0             0             0             0
 Q3                 0             0             0             0             0
 EDUC04             0             0             0             0             0
 SYSTO04            0             0             0             0             0
 DIASTO04           0             0             0             0             0


           LAMBDA
              GENDER        KCAL04        MET04         Q1            Q2
              ________      ________      ________      ________      ________
 BMI04              0             0             0             0             0
 BMI06              0             0             0             0             0
 BMI09              0             0             0             0             0
 BMI11              0             0             0             0             0
 DASH04             0             0             0             0             0
 DASH06             0             0             0             0             0
 DASH09             0             0             0             0             0
 DASH11             0             0             0             0             0
 AGE04              0             0             0             0             0
 GENDER             0             0             0             0             0
 KCAL04             0             0             0             0             0
 MET04              0             0             0             0             0
 Q1                 0             0             0             0             0
 Q2                 0             0             0             0             0
 Q3                 0             0             0             0             0
 EDUC04             0             0             0             0             0
 SYSTO04            0             0             0             0             0
 DIASTO04           0             0             0             0             0


           LAMBDA
              Q3            EDUC04        SYSTO04       DIASTO04
              ________      ________      ________      ________
 BMI04              0             0             0             0
 BMI06              0             0             0             0
 BMI09              0             0             0             0
 BMI11              0             0             0             0
 DASH04             0             0             0             0
 DASH06             0             0             0             0
 DASH09             0             0             0             0
 DASH11             0             0             0             0
 AGE04              0             0             0             0
 GENDER             0             0             0             0
 KCAL04             0             0             0             0
 MET04              0             0             0             0
 Q1                 0             0             0             0
 Q2                 0             0             0             0
 Q3                 0             0             0             0
 EDUC04             0             0             0             0
 SYSTO04            0             0             0             0
 DIASTO04           0             0             0             0


           THETA
              BMI04         BMI06         BMI09         BMI11         DASH04
              ________      ________      ________      ________      ________
 BMI04              1
 BMI06              0             2
 BMI09              0             0             3
 BMI11              0             0             0             4
 DASH04             0             0             0             0             5
 DASH06             0             0             0             0             0
 DASH09             0             0             0             0             0
 DASH11             0             0             0             0             0
 AGE04              0             0             0             0             0
 GENDER             0             0             0             0             0
 KCAL04             0             0             0             0             0
 MET04              0             0             0             0             0
 Q1                 0             0             0             0             0
 Q2                 0             0             0             0             0
 Q3                 0             0             0             0             0
 EDUC04             0             0             0             0             0
 SYSTO04            0             0             0             0             0
 DIASTO04           0             0             0             0             0


           THETA
              DASH06        DASH09        DASH11        AGE04         GENDER
              ________      ________      ________      ________      ________
 DASH06             6
 DASH09             0             7
 DASH11             0             0             8
 AGE04              0             0             0             0
 GENDER             0             0             0             0             0
 KCAL04             0             0             0             0             0
 MET04              0             0             0             0             0
 Q1                 0             0             0             0             0
 Q2                 0             0             0             0             0
 Q3                 0             0             0             0             0
 EDUC04             0             0             0             0             0
 SYSTO04            0             0             0             0             0
 DIASTO04           0             0             0             0             0


           THETA
              KCAL04        MET04         Q1            Q2            Q3
              ________      ________      ________      ________      ________
 KCAL04             0
 MET04              0             0
 Q1                 0             0             0
 Q2                 0             0             0             0
 Q3                 0             0             0             0             0
 EDUC04             0             0             0             0             0
 SYSTO04            0             0             0             0             0
 DIASTO04           0             0             0             0             0


           THETA
              EDUC04        SYSTO04       DIASTO04
              ________      ________      ________
 EDUC04             0
 SYSTO04            0             0
 DIASTO04           0             0             0


           ALPHA
              IB            SB            ID            SD            AGE04
              ________      ________      ________      ________      ________
 1                  9            10            11            12            13


           ALPHA
              GENDER        KCAL04        MET04         Q1            Q2
              ________      ________      ________      ________      ________
 1                 14            15            16            17            18


           ALPHA
              Q3            EDUC04        SYSTO04       DIASTO04
              ________      ________      ________      ________
 1                 19            20            21            22


           BETA
              IB            SB            ID            SD            AGE04
              ________      ________      ________      ________      ________
 IB                 0             0             0             0            23
 SB                 0             0             0             0            33
 ID                 0             0             0             0            43
 SD                 0             0             0             0            53
 AGE04              0             0             0             0             0
 GENDER             0             0             0             0             0
 KCAL04             0             0             0             0             0
 MET04              0             0             0             0             0
 Q1                 0             0             0             0             0
 Q2                 0             0             0             0             0
 Q3                 0             0             0             0             0
 EDUC04             0             0             0             0             0
 SYSTO04            0             0             0             0             0
 DIASTO04           0             0             0             0             0


           BETA
              GENDER        KCAL04        MET04         Q1            Q2
              ________      ________      ________      ________      ________
 IB                24            25            26            27            28
 SB                34            35            36            37            38
 ID                44            45            46            47            48
 SD                54            55            56            57            58
 AGE04              0             0             0             0             0
 GENDER             0             0             0             0             0
 KCAL04             0             0             0             0             0
 MET04              0             0             0             0             0
 Q1                 0             0             0             0             0
 Q2                 0             0             0             0             0
 Q3                 0             0             0             0             0
 EDUC04             0             0             0             0             0
 SYSTO04            0             0             0             0             0
 DIASTO04           0             0             0             0             0


           BETA
              Q3            EDUC04        SYSTO04       DIASTO04
              ________      ________      ________      ________
 IB                29            30            31            32
 SB                39            40            41            42
 ID                49            50            51            52
 SD                59            60            61            62
 AGE04              0             0             0             0
 GENDER             0             0             0             0
 KCAL04             0             0             0             0
 MET04              0             0             0             0
 Q1                 0             0             0             0
 Q2                 0             0             0             0
 Q3                 0             0             0             0
 EDUC04             0             0             0             0
 SYSTO04            0             0             0             0
 DIASTO04           0             0             0             0


           PSI
              IB            SB            ID            SD            AGE04
              ________      ________      ________      ________      ________
 IB                63
 SB                64            65
 ID                66            67            68
 SD                69            70            71            72
 AGE04              0             0             0             0            73
 GENDER             0             0             0             0            74
 KCAL04             0             0             0             0            76
 MET04              0             0             0             0            79
 Q1                 0             0             0             0            83
 Q2                 0             0             0             0            88
 Q3                 0             0             0             0            94
 EDUC04             0             0             0             0           101
 SYSTO04            0             0             0             0           109
 DIASTO04           0             0             0             0           118


           PSI
              GENDER        KCAL04        MET04         Q1            Q2
              ________      ________      ________      ________      ________
 GENDER            75
 KCAL04            77            78
 MET04             80            81            82
 Q1                84            85            86            87
 Q2                89            90            91            92            93
 Q3                95            96            97            98            99
 EDUC04           102           103           104           105           106
 SYSTO04          110           111           112           113           114
 DIASTO04         119           120           121           122           123


           PSI
              Q3            EDUC04        SYSTO04       DIASTO04
              ________      ________      ________      ________
 Q3               100
 EDUC04           107           108
 SYSTO04          115           116           117
 DIASTO04         124           125           126           127


     STARTING VALUES


           NU
              BMI04         BMI06         BMI09         BMI11         DASH04
              ________      ________      ________      ________      ________
 1              0.000         0.000         0.000         0.000         0.000


           NU
              DASH06        DASH09        DASH11        AGE04         GENDER
              ________      ________      ________      ________      ________
 1              0.000         0.000         0.000         0.000         0.000


           NU
              KCAL04        MET04         Q1            Q2            Q3
              ________      ________      ________      ________      ________
 1              0.000         0.000         0.000         0.000         0.000


           NU
              EDUC04        SYSTO04       DIASTO04
              ________      ________      ________
 1              0.000         0.000         0.000


           LAMBDA
              IB            SB            ID            SD            AGE04
              ________      ________      ________      ________      ________
 BMI04          1.000         0.000         0.000         0.000         0.000
 BMI06          1.000         2.000         0.000         0.000         0.000
 BMI09          1.000         5.000         0.000         0.000         0.000
 BMI11          1.000         7.000         0.000         0.000         0.000
 DASH04         0.000         0.000         1.000         0.000         0.000
 DASH06         0.000         0.000         1.000         2.000         0.000
 DASH09         0.000         0.000         1.000         5.000         0.000
 DASH11         0.000         0.000         1.000         7.000         0.000
 AGE04          0.000         0.000         0.000         0.000         1.000
 GENDER         0.000         0.000         0.000         0.000         0.000
 KCAL04         0.000         0.000         0.000         0.000         0.000
 MET04          0.000         0.000         0.000         0.000         0.000
 Q1             0.000         0.000         0.000         0.000         0.000
 Q2             0.000         0.000         0.000         0.000         0.000
 Q3             0.000         0.000         0.000         0.000         0.000
 EDUC04         0.000         0.000         0.000         0.000         0.000
 SYSTO04        0.000         0.000         0.000         0.000         0.000
 DIASTO04       0.000         0.000         0.000         0.000         0.000


           LAMBDA
              GENDER        KCAL04        MET04         Q1            Q2
              ________      ________      ________      ________      ________
 BMI04          0.000         0.000         0.000         0.000         0.000
 BMI06          0.000         0.000         0.000         0.000         0.000
 BMI09          0.000         0.000         0.000         0.000         0.000
 BMI11          0.000         0.000         0.000         0.000         0.000
 DASH04         0.000         0.000         0.000         0.000         0.000
 DASH06         0.000         0.000         0.000         0.000         0.000
 DASH09         0.000         0.000         0.000         0.000         0.000
 DASH11         0.000         0.000         0.000         0.000         0.000
 AGE04          0.000         0.000         0.000         0.000         0.000
 GENDER         1.000         0.000         0.000         0.000         0.000
 KCAL04         0.000         1.000         0.000         0.000         0.000
 MET04          0.000         0.000         1.000         0.000         0.000
 Q1             0.000         0.000         0.000         1.000         0.000
 Q2             0.000         0.000         0.000         0.000         1.000
 Q3             0.000         0.000         0.000         0.000         0.000
 EDUC04         0.000         0.000         0.000         0.000         0.000
 SYSTO04        0.000         0.000         0.000         0.000         0.000
 DIASTO04       0.000         0.000         0.000         0.000         0.000


           LAMBDA
              Q3            EDUC04        SYSTO04       DIASTO04
              ________      ________      ________      ________
 BMI04          0.000         0.000         0.000         0.000
 BMI06          0.000         0.000         0.000         0.000
 BMI09          0.000         0.000         0.000         0.000
 BMI11          0.000         0.000         0.000         0.000
 DASH04         0.000         0.000         0.000         0.000
 DASH06         0.000         0.000         0.000         0.000
 DASH09         0.000         0.000         0.000         0.000
 DASH11         0.000         0.000         0.000         0.000
 AGE04          0.000         0.000         0.000         0.000
 GENDER         0.000         0.000         0.000         0.000
 KCAL04         0.000         0.000         0.000         0.000
 MET04          0.000         0.000         0.000         0.000
 Q1             0.000         0.000         0.000         0.000
 Q2             0.000         0.000         0.000         0.000
 Q3             1.000         0.000         0.000         0.000
 EDUC04         0.000         1.000         0.000         0.000
 SYSTO04        0.000         0.000         1.000         0.000
 DIASTO04       0.000         0.000         0.000         1.000


           THETA
              BMI04         BMI06         BMI09         BMI11         DASH04
              ________      ________      ________      ________      ________
 BMI04          5.617
 BMI06          0.000         6.364
 BMI09          0.000         0.000         5.891
 BMI11          0.000         0.000         0.000        11.820
 DASH04         0.000         0.000         0.000         0.000        29.408
 DASH06         0.000         0.000         0.000         0.000         0.000
 DASH09         0.000         0.000         0.000         0.000         0.000
 DASH11         0.000         0.000         0.000         0.000         0.000
 AGE04          0.000         0.000         0.000         0.000         0.000
 GENDER         0.000         0.000         0.000         0.000         0.000
 KCAL04         0.000         0.000         0.000         0.000         0.000
 MET04          0.000         0.000         0.000         0.000         0.000
 Q1             0.000         0.000         0.000         0.000         0.000
 Q2             0.000         0.000         0.000         0.000         0.000
 Q3             0.000         0.000         0.000         0.000         0.000
 EDUC04         0.000         0.000         0.000         0.000         0.000
 SYSTO04        0.000         0.000         0.000         0.000         0.000
 DIASTO04       0.000         0.000         0.000         0.000         0.000


           THETA
              DASH06        DASH09        DASH11        AGE04         GENDER
              ________      ________      ________      ________      ________
 DASH06        32.266
 DASH09         0.000        33.337
 DASH11         0.000         0.000        39.783
 AGE04          0.000         0.000         0.000         0.000
 GENDER         0.000         0.000         0.000         0.000         0.000
 KCAL04         0.000         0.000         0.000         0.000         0.000
 MET04          0.000         0.000         0.000         0.000         0.000
 Q1             0.000         0.000         0.000         0.000         0.000
 Q2             0.000         0.000         0.000         0.000         0.000
 Q3             0.000         0.000         0.000         0.000         0.000
 EDUC04         0.000         0.000         0.000         0.000         0.000
 SYSTO04        0.000         0.000         0.000         0.000         0.000
 DIASTO04       0.000         0.000         0.000         0.000         0.000


           THETA
              KCAL04        MET04         Q1            Q2            Q3
              ________      ________      ________      ________      ________
 KCAL04         0.000
 MET04          0.000         0.000
 Q1             0.000         0.000         0.000
 Q2             0.000         0.000         0.000         0.000
 Q3             0.000         0.000         0.000         0.000         0.000
 EDUC04         0.000         0.000         0.000         0.000         0.000
 SYSTO04        0.000         0.000         0.000         0.000         0.000
 DIASTO04       0.000         0.000         0.000         0.000         0.000


           THETA
              EDUC04        SYSTO04       DIASTO04
              ________      ________      ________
 EDUC04         0.000
 SYSTO04        0.000         0.000
 DIASTO04       0.000         0.000         0.000


           ALPHA
              IB            SB            ID            SD            AGE04
              ________      ________      ________      ________      ________
 1             23.091         0.035        47.319         0.230        47.385


           ALPHA
              GENDER        KCAL04        MET04         Q1            Q2
              ________      ________      ________      ________      ________
 1              1.519      2188.497       118.186         0.250         0.250


           ALPHA
              Q3            EDUC04        SYSTO04       DIASTO04
              ________      ________      ________      ________
 1              0.250         1.724       122.169        78.736


           BETA
              IB            SB            ID            SD            AGE04
              ________      ________      ________      ________      ________
 IB             0.000         0.000         0.000         0.000         0.000
 SB             0.000         0.000         0.000         0.000         0.000
 ID             0.000         0.000         0.000         0.000         0.000
 SD             0.000         0.000         0.000         0.000         0.000
 AGE04          0.000         0.000         0.000         0.000         0.000
 GENDER         0.000         0.000         0.000         0.000         0.000
 KCAL04         0.000         0.000         0.000         0.000         0.000
 MET04          0.000         0.000         0.000         0.000         0.000
 Q1             0.000         0.000         0.000         0.000         0.000
 Q2             0.000         0.000         0.000         0.000         0.000
 Q3             0.000         0.000         0.000         0.000         0.000
 EDUC04         0.000         0.000         0.000         0.000         0.000
 SYSTO04        0.000         0.000         0.000         0.000         0.000
 DIASTO04       0.000         0.000         0.000         0.000         0.000


           BETA
              GENDER        KCAL04        MET04         Q1            Q2
              ________      ________      ________      ________      ________
 IB             0.000         0.000         0.000         0.000         0.000
 SB             0.000         0.000         0.000         0.000         0.000
 ID             0.000         0.000         0.000         0.000         0.000
 SD             0.000         0.000         0.000         0.000         0.000
 AGE04          0.000         0.000         0.000         0.000         0.000
 GENDER         0.000         0.000         0.000         0.000         0.000
 KCAL04         0.000         0.000         0.000         0.000         0.000
 MET04          0.000         0.000         0.000         0.000         0.000
 Q1             0.000         0.000         0.000         0.000         0.000
 Q2             0.000         0.000         0.000         0.000         0.000
 Q3             0.000         0.000         0.000         0.000         0.000
 EDUC04         0.000         0.000         0.000         0.000         0.000
 SYSTO04        0.000         0.000         0.000         0.000         0.000
 DIASTO04       0.000         0.000         0.000         0.000         0.000


           BETA
              Q3            EDUC04        SYSTO04       DIASTO04
              ________      ________      ________      ________
 IB             0.000         0.000         0.000         0.000
 SB             0.000         0.000         0.000         0.000
 ID             0.000         0.000         0.000         0.000
 SD             0.000         0.000         0.000         0.000
 AGE04          0.000         0.000         0.000         0.000
 GENDER         0.000         0.000         0.000         0.000
 KCAL04         0.000         0.000         0.000         0.000
 MET04          0.000         0.000         0.000         0.000
 Q1             0.000         0.000         0.000         0.000
 Q2             0.000         0.000         0.000         0.000
 Q3             0.000         0.000         0.000         0.000
 EDUC04         0.000         0.000         0.000         0.000
 SYSTO04        0.000         0.000         0.000         0.000
 DIASTO04       0.000         0.000         0.000         0.000


           PSI
              IB            SB            ID            SD            AGE04
              ________      ________      ________      ________      ________
 IB            11.513
 SB             0.000         0.570
 ID             0.000         0.000        56.558
 SD             0.000         0.000         0.000        16.569
 AGE04          0.000         0.000         0.000         0.000       117.749
 GENDER         0.000         0.000         0.000         0.000         0.000
 KCAL04         0.000         0.000         0.000         0.000         0.000
 MET04          0.000         0.000         0.000         0.000         0.000
 Q1             0.000         0.000         0.000         0.000         0.000
 Q2             0.000         0.000         0.000         0.000         0.000
 Q3             0.000         0.000         0.000         0.000         0.000
 EDUC04         0.000         0.000         0.000         0.000         0.000
 SYSTO04        0.000         0.000         0.000         0.000         0.000
 DIASTO04       0.000         0.000         0.000         0.000         0.000


           PSI
              GENDER        KCAL04        MET04         Q1            Q2
              ________      ________      ________      ________      ________
 GENDER         0.125
 KCAL04         0.000    229144.438
 MET04          0.000         0.000      6315.442
 Q1             0.000         0.000         0.000         0.094
 Q2             0.000         0.000         0.000         0.000         0.094
 Q3             0.000         0.000         0.000         0.000         0.000
 EDUC04         0.000         0.000         0.000         0.000         0.000
 SYSTO04        0.000         0.000         0.000         0.000         0.000
 DIASTO04       0.000         0.000         0.000         0.000         0.000


           PSI
              Q3            EDUC04        SYSTO04       DIASTO04
              ________      ________      ________      ________
 Q3             0.094
 EDUC04         0.000         0.876
 SYSTO04        0.000         0.000       172.568
 DIASTO04       0.000         0.000         0.000        63.464


TECHNICAL 8 OUTPUT


   E STEP  ITER  LOGLIKELIHOOD    ABS CHANGE   REL CHANGE  ALGORITHM
              1 -0.46847300D+06    0.0000000    0.0000000  EM
              2 -0.43090167D+06 ************    0.0801996  EM
              3 -0.43090167D+06    0.0000000    0.0000000  EM


DIAGRAM INFORMATION

  Use View Diagram under the Diagram menu in the Mplus Editor to view the diagram.
  If running Mplus from the Mplus Diagrammer, the diagram opens automatically.

  Diagram output
    c:\users\likai\documents\git_repo\dqmedi\mplus\longitudinal\dash bmi mediation-no mediation.dgm

     Beginning Time:  13:00:49
        Ending Time:  13:44:50
       Elapsed Time:  00:44:01



MUTHEN & MUTHEN
3463 Stoner Ave.
Los Angeles, CA  90066

Tel: (310) 391-9971
Fax: (310) 391-8971
Web: www.StatModel.com
Support: Support@StatModel.com

Copyright (c) 1998-2015 Muthen & Muthen
