Mplus VERSION 7.4
MUTHEN & MUTHEN
05/16/2019   1:03 PM

INPUT INSTRUCTIONS

  DATA: File is id0411 mplus.csv;

  VARIABLE: Names are IDind WAVE hhid t2 commid age04
                      kcal04 carbo04 fat04 protn04 bmi04
                      hwr04 wc04 diasto04 systo04 smoke04
                      gender educ04 indinc04 index04 met04
                      cmfp04 dash04 ahei04 hbs04 lbs04 dqd04
                      age06 kcal06 carbo06 fat06 protn06 bmi06
                      hwr06 wc06 diasto06 systo06 smoke06
                      educ06 indinc06 index06 met06 cmfp06 dash06
                      ahei06 hbs06 lbs06 dqd06 age09 kcal09 carbo09
                      fat09 protn09 bmi09 hwr09 wc09 diasto09 systo09
                      smoke09 educ09 indinc09 index09 met09 cmfp09
                      dash09 ahei09 hbs09 lbs09 dqd09 age11 kcal11
                      carbo11 fat11 protn11 bmi11 hwr11 wc11 diasto11
                      systo11 smoke11 educ11 indinc11 index11 met11
                      cmfp11 dash11 ahei11 hbs11 lbs11 dqd11 q_index
                       q1 q2 q3 carbo_p protn_p fat_p;

           Usev are  age04 gender kcal04 met04
                     bmi04 bmi06 bmi09 bmi11 smoke04
                     dash04 dash06 dash09 dash11
                     q1 q2 q3 educ04 systo04 diasto04;


           Missing are all(999);


  ANALYSIS:
  Type=random;
  ALGORITHM=INTEGRATION;
  Estimator=ML;



  MODEL:
  age04 gender kcal04 met04 smoke04
  bmi04 bmi06 bmi09 bmi11 educ04 systo04 diasto04
  dash04 dash06 dash09 dash11 q1 q2 q3;

  ib sb | bmi04@0 bmi06@2 bmi09@5 bmi11@7;
  id sd | dash04@0 dash06@2 dash09@5 dash11@7;

  ib-sd on q1 q2 q3 age04 gender met04 kcal04 educ04 systo04 diasto04 smoke04;

  OUTPUT: tech1 tech8 tech4 cinterval;



INPUT READING TERMINATED NORMALLY




SUMMARY OF ANALYSIS

Number of groups                                                 1
Number of observations                                        9547

Number of dependent variables                                    8
Number of independent variables                                 11
Number of continuous latent variables                            4

Observed dependent variables

  Continuous
   BMI04       BMI06       BMI09       BMI11       DASH04      DASH06
   DASH09      DASH11

Observed independent variables
   AGE04       GENDER      KCAL04      MET04       SMOKE04     Q1
   Q2          Q3          EDUC04      SYSTO04     DIASTO04

Continuous latent variables
   IB          SB          ID          SD


Estimator                                                       ML
Information matrix                                        OBSERVED
Optimization Specifications for the Quasi-Newton Algorithm for
Continuous Outcomes
  Maximum number of iterations                                 100
  Convergence criterion                                  0.100D-05
Optimization Specifications for the EM Algorithm
  Maximum number of iterations                                 500
  Convergence criteria
    Loglikelihood change                                 0.100D-02
    Relative loglikelihood change                        0.100D-05
    Derivative                                           0.100D-02
Optimization Specifications for the M step of the EM Algorithm for
Categorical Latent variables
  Number of M step iterations                                    1
  M step convergence criterion                           0.100D-02
  Basis for M step termination                           ITERATION
Optimization Specifications for the M step of the EM Algorithm for
Censored, Binary or Ordered Categorical (Ordinal), Unordered
Categorical (Nominal) and Count Outcomes
  Number of M step iterations                                    1
  M step convergence criterion                           0.100D-02
  Basis for M step termination                           ITERATION
  Maximum value for logit thresholds                            15
  Minimum value for logit thresholds                           -15
  Minimum expected cell size for chi-square              0.100D-01
Maximum number of iterations for H1                           2000
Convergence criterion for H1                             0.100D-03
Optimization algorithm                                         EMA
Integration Specifications
  Type                                                    STANDARD
  Number of integration points                                  15
  Dimensions of numerical integration                            0
  Adaptive quadrature                                           ON
Cholesky                                                       OFF

Input data file(s)
  id0411 mplus.csv
Input data format  FREE


SUMMARY OF DATA

     Number of missing data patterns           199


COVARIANCE COVERAGE OF DATA

Minimum covariance coverage value   0.100


     PROPORTION OF DATA PRESENT FOR Y


           Covariance Coverage
              BMI04         BMI06         BMI09         BMI11         DASH04
              ________      ________      ________      ________      ________
 BMI04          0.928
 BMI06          0.690         0.727
 BMI09          0.589         0.537         0.623
 BMI11          0.533         0.483         0.503         0.564
 DASH04         0.928         0.727         0.623         0.564         1.000
 DASH06         0.721         0.717         0.559         0.504         0.769
 DASH09         0.608         0.553         0.616         0.514         0.648
 DASH11         0.537         0.486         0.504         0.553         0.571
 AGE04          0.928         0.727         0.623         0.564         1.000
 GENDER         0.928         0.727         0.623         0.564         1.000
 KCAL04         0.928         0.727         0.623         0.564         1.000
 MET04          0.848         0.667         0.576         0.523         0.901
 SMOKE04        0.927         0.722         0.619         0.559         0.988
 Q1             0.927         0.726         0.622         0.563         0.999
 Q2             0.927         0.726         0.622         0.563         0.999
 Q3             0.927         0.726         0.622         0.563         0.999
 EDUC04         0.926         0.722         0.618         0.559         0.987
 SYSTO04        0.927         0.698         0.596         0.539         0.939
 DIASTO04       0.927         0.698         0.596         0.539         0.939


           Covariance Coverage
              DASH06        DASH09        DASH11        AGE04         GENDER
              ________      ________      ________      ________      ________
 DASH06         0.769
 DASH09         0.580         0.648
 DASH11         0.509         0.518         0.571
 AGE04          0.769         0.648         0.571         1.000
 GENDER         0.769         0.648         0.571         1.000         1.000
 KCAL04         0.769         0.648         0.571         1.000         1.000
 MET04          0.703         0.597         0.529         0.901         0.901
 SMOKE04        0.763         0.643         0.566         0.988         0.988
 Q1             0.768         0.647         0.570         0.999         0.999
 Q2             0.768         0.647         0.570         0.999         0.999
 Q3             0.768         0.647         0.570         0.999         0.999
 EDUC04         0.763         0.642         0.566         0.987         0.987
 SYSTO04        0.729         0.615         0.544         0.939         0.939
 DIASTO04       0.729         0.615         0.544         0.939         0.939


           Covariance Coverage
              KCAL04        MET04         SMOKE04       Q1            Q2
              ________      ________      ________      ________      ________
 KCAL04         1.000
 MET04          0.901         0.901
 SMOKE04        0.988         0.900         0.988
 Q1             0.999         0.900         0.987         0.999
 Q2             0.999         0.900         0.987         0.999         0.999
 Q3             0.999         0.900         0.987         0.999         0.999
 EDUC04         0.987         0.899         0.986         0.986         0.986
 SYSTO04        0.939         0.857         0.937         0.938         0.938
 DIASTO04       0.939         0.857         0.937         0.938         0.938


           Covariance Coverage
              Q3            EDUC04        SYSTO04       DIASTO04
              ________      ________      ________      ________
 Q3             0.999
 EDUC04         0.986         0.987
 SYSTO04        0.938         0.937         0.939
 DIASTO04       0.938         0.937         0.939         0.939


     THE STANDARD ERRORS OF THE MODEL PARAMETER ESTIMATES MAY NOT BE
     TRUSTWORTHY FOR SOME PARAMETERS DUE TO A NON-POSITIVE DEFINITE
     FIRST-ORDER DERIVATIVE PRODUCT MATRIX.  THIS MAY BE DUE TO THE STARTING
     VALUES BUT MAY ALSO BE AN INDICATION OF MODEL NONIDENTIFICATION.  THE
     CONDITION NUMBER IS      -0.123D-19.  PROBLEM INVOLVING THE FOLLOWING PARAMETER:
     Parameter 143, DIASTO04


THE MODEL ESTIMATION TERMINATED NORMALLY



MODEL FIT INFORMATION

Number of Free Parameters                      143

Loglikelihood

          H0 Value                     -439348.905

Information Criteria

          Akaike (AIC)                  878983.810
          Bayesian (BIC)                880008.260
          Sample-Size Adjusted BIC      879553.828
            (n* = (n + 2) / 24)



MODEL RESULTS

                                                    Two-Tailed
                    Estimate       S.E.  Est./S.E.    P-Value

 IB       |
    BMI04              1.000      0.000    999.000    999.000
    BMI06              1.000      0.000    999.000    999.000
    BMI09              1.000      0.000    999.000    999.000
    BMI11              1.000      0.000    999.000    999.000

 SB       |
    BMI04              0.000      0.000    999.000    999.000
    BMI06              2.000      0.000    999.000    999.000
    BMI09              5.000      0.000    999.000    999.000
    BMI11              7.000      0.000    999.000    999.000

 ID       |
    DASH04             1.000      0.000    999.000    999.000
    DASH06             1.000      0.000    999.000    999.000
    DASH09             1.000      0.000    999.000    999.000
    DASH11             1.000      0.000    999.000    999.000

 SD       |
    DASH04             0.000      0.000    999.000    999.000
    DASH06             2.000      0.000    999.000    999.000
    DASH09             5.000      0.000    999.000    999.000
    DASH11             7.000      0.000    999.000    999.000

 IB         ON
    Q1                 0.102      0.094      1.081      0.280
    Q2                 0.677      0.098      6.894      0.000
    Q3                 0.648      0.105      6.163      0.000
    AGE04             -0.002      0.003     -0.626      0.531
    GENDER             0.374      0.086      4.376      0.000
    MET04              0.000      0.000      0.271      0.786
    KCAL04             0.000      0.000      6.660      0.000
    EDUC04             0.052      0.031      1.676      0.094
    SYSTO04            0.025      0.003      8.933      0.000
    DIASTO04           0.058      0.004     13.545      0.000
    SMOKE04           -0.360      0.077     -4.684      0.000

 SB         ON
    Q1                 0.012      0.013      0.969      0.332
    Q2                -0.009      0.014     -0.679      0.497
    Q3                -0.036      0.015     -2.393      0.017
    AGE04             -0.004      0.000     -8.790      0.000
    GENDER            -0.036      0.012     -2.947      0.003
    MET04              0.000      0.000     -0.859      0.390
    KCAL04             0.000      0.000      0.571      0.568
    EDUC04            -0.013      0.004     -2.870      0.004
    SYSTO04           -0.001      0.000     -3.572      0.000
    DIASTO04           0.000      0.001     -0.389      0.697
    SMOKE04           -0.014      0.010     -1.368      0.171

 ID         ON
    Q1                 0.582      0.203      2.863      0.004
    Q2                 0.447      0.212      2.108      0.035
    Q3                 1.909      0.228      8.365      0.000
    AGE04              0.027      0.006      4.630      0.000
    GENDER             0.892      0.186      4.792      0.000
    MET04              0.002      0.001      2.517      0.012
    KCAL04             0.000      0.000     -1.285      0.199
    EDUC04             0.213      0.068      3.149      0.002
    SYSTO04           -0.006      0.006     -1.015      0.310
    DIASTO04           0.000      0.009     -0.024      0.981
    SMOKE04            0.037      0.169      0.217      0.828

 SD         ON
    Q1                 0.022      0.049      0.459      0.646
    Q2                 0.080      0.052      1.542      0.123
    Q3                 0.245      0.057      4.288      0.000
    AGE04             -0.003      0.002     -1.636      0.102
    GENDER             0.044      0.046      0.946      0.344
    MET04              0.000      0.000      0.637      0.524
    KCAL04             0.000      0.000     -2.074      0.038
    EDUC04             0.018      0.017      1.038      0.299
    SYSTO04           -0.002      0.002     -1.518      0.129
    DIASTO04           0.007      0.002      3.066      0.002
    SMOKE04           -0.009      0.041     -0.210      0.834

 SB       WITH
    IB                -0.093      0.020     -4.669      0.000

 ID       WITH
    IB                 1.004      0.231      4.351      0.000
    SB                -0.062      0.032     -1.919      0.055

 SD       WITH
    IB                -0.153      0.057     -2.658      0.008
    SB                 0.000      0.007      0.060      0.952
    ID                -1.476      0.205     -7.207      0.000

 GENDER   WITH
    AGE04              0.199      0.078      2.532      0.011

 KCAL04   WITH
    AGE04          -1363.375    107.236    -12.714      0.000
    GENDER           -91.666      3.587    -25.558      0.000

 MET04    WITH
    AGE04           -420.211     19.846    -21.173      0.000
    GENDER            -8.109      0.609    -13.308      0.000
    KCAL04         15953.362    840.610     18.978      0.000

 SMOKE04  WITH
    AGE04              0.284      0.083      3.417      0.001
    GENDER            -0.150      0.003    -48.389      0.000
    KCAL04            57.582      3.701     15.557      0.000
    MET04              4.826      0.634      7.612      0.000

 Q1       WITH
    AGE04             -0.282      0.068     -4.146      0.000
    GENDER            -0.002      0.002     -0.834      0.404
    KCAL04            13.586      3.004      4.522      0.000
    MET04              5.221      0.521     10.011      0.000
    SMOKE04            0.003      0.002      1.379      0.168

 Q2       WITH
    AGE04              0.044      0.068      0.652      0.514
    GENDER             0.000      0.002      0.204      0.838
    KCAL04            -6.229      3.001     -2.075      0.038
    MET04             -5.767      0.529    -10.898      0.000
    SMOKE04            0.001      0.002      0.567      0.571
    Q1                -0.063      0.002    -30.885      0.000

 Q3       WITH
    AGE04              0.451      0.068      6.612      0.000
    GENDER             0.003      0.002      1.322      0.186
    KCAL04           -19.122      3.008     -6.358      0.000
    MET04             -9.889      0.534    -18.515      0.000
    SMOKE04           -0.007      0.002     -3.056      0.002
    Q1                -0.063      0.002    -30.879      0.000
    Q2                -0.063      0.002    -30.870      0.000

 EDUC04   WITH
    AGE04             -8.218      0.226    -36.388      0.000
    GENDER            -0.129      0.007    -18.672      0.000
    KCAL04            78.498      9.254      8.482      0.000
    MET04             -1.588      1.606     -0.989      0.323
    SMOKE04            0.042      0.007      5.788      0.000
    Q1                -0.090      0.006    -15.121      0.000
    Q2                 0.025      0.006      4.282      0.000
    Q3                 0.183      0.006     29.488      0.000

 SYSTO04  WITH
    AGE04            117.558      3.251     36.157      0.000
    GENDER            -0.814      0.098     -8.322      0.000
    KCAL04          -955.917    133.092     -7.182      0.000
    MET04           -277.132     23.389    -11.849      0.000
    SMOKE04            0.674      0.102      6.582      0.000
    Q1                -0.169      0.085     -2.004      0.045
    Q2                 0.393      0.084      4.658      0.000
    Q3                 0.343      0.084      4.080      0.000
    EDUC04            -3.746      0.262    -14.310      0.000

 DIASTO04 WITH
    AGE04             35.917      1.871     19.194      0.000
    GENDER            -0.691      0.060    -11.608      0.000
    KCAL04          -283.720     80.638     -3.518      0.000
    MET04            -84.685     13.993     -6.052      0.000
    SMOKE04            0.448      0.062      7.217      0.000
    Q1                -0.068      0.051     -1.321      0.187
    Q2                 0.367      0.051      7.153      0.000
    Q3                -0.010      0.051     -0.198      0.843
    EDUC04            -0.821      0.157     -5.222      0.000
    SYSTO04          148.475      2.710     54.790      0.000

 Means
    AGE04             47.385      0.157    301.706      0.000
    GENDER             1.519      0.005    297.033      0.000
    KCAL04          2188.497      6.928    315.871      0.000
    MET04            116.468      1.209     96.320      0.000
    SMOKE04            0.335      0.005     61.982      0.000
    Q1                 0.250      0.004     56.368      0.000
    Q2                 0.250      0.004     56.386      0.000
    Q3                 0.250      0.004     56.434      0.000
    EDUC04             1.729      0.014    126.950      0.000
    SYSTO04          122.076      0.195    625.802      0.000
    DIASTO04          78.637      0.118    664.428      0.000

 Intercepts
    BMI04              0.000      0.000    999.000    999.000
    BMI06              0.000      0.000    999.000    999.000
    BMI09              0.000      0.000    999.000    999.000
    BMI11              0.000      0.000    999.000    999.000
    DASH04             0.000      0.000    999.000    999.000
    DASH06             0.000      0.000    999.000    999.000
    DASH09             0.000      0.000    999.000    999.000
    DASH11             0.000      0.000    999.000    999.000
    IB                13.813      0.373     36.995      0.000
    SB                 0.511      0.054      9.487      0.000
    ID                44.479      0.815     54.569      0.000
    SD                 0.071      0.206      0.344      0.731

 Variances
    AGE04            235.499      3.409     69.091      0.000
    GENDER             0.250      0.004     69.091      0.000
    KCAL04         *********   6633.166     69.091      0.000
    MET04          12717.774    194.887     65.257      0.000
    SMOKE04            0.276      0.004     68.711      0.000
    Q1                 0.188      0.003     69.057      0.000
    Q2                 0.188      0.003     69.062      0.000
    Q3                 0.188      0.003     69.027      0.000
    EDUC04             1.755      0.026     68.599      0.000
    SYSTO04          345.179      5.167     66.809      0.000
    DIASTO04         126.206      1.887     66.899      0.000

 Residual Variances
    BMI04              0.967      0.072     13.463      0.000
    BMI06              3.133      0.070     44.845      0.000
    BMI09              1.537      0.071     21.561      0.000
    BMI11             13.571      0.292     46.471      0.000
    DASH04            42.498      1.168     36.375      0.000
    DASH06            51.059      0.996     51.240      0.000
    DASH09            54.704      1.194     45.816      0.000
    DASH11            65.200      1.817     35.876      0.000
    IB                 9.115      0.161     56.692      0.000
    SB                 0.046      0.004     10.726      0.000
    ID                15.750      1.018     15.473      0.000
    SD                 0.357      0.054      6.631      0.000


QUALITY OF NUMERICAL RESULTS

     Condition Number for the Information Matrix             -0.123E-19
       (ratio of smallest to largest eigenvalue)


CONFIDENCE INTERVALS OF MODEL RESULTS

                  Lower .5%  Lower 2.5%    Lower 5%    Estimate    Upper 5%  Upper 2.5%   Upper .5%

 IB       |
    BMI04            1.000       1.000       1.000       1.000       1.000       1.000       1.000
    BMI06            1.000       1.000       1.000       1.000       1.000       1.000       1.000
    BMI09            1.000       1.000       1.000       1.000       1.000       1.000       1.000
    BMI11            1.000       1.000       1.000       1.000       1.000       1.000       1.000

 SB       |
    BMI04            0.000       0.000       0.000       0.000       0.000       0.000       0.000
    BMI06            2.000       2.000       2.000       2.000       2.000       2.000       2.000
    BMI09            5.000       5.000       5.000       5.000       5.000       5.000       5.000
    BMI11            7.000       7.000       7.000       7.000       7.000       7.000       7.000

 ID       |
    DASH04           1.000       1.000       1.000       1.000       1.000       1.000       1.000
    DASH06           1.000       1.000       1.000       1.000       1.000       1.000       1.000
    DASH09           1.000       1.000       1.000       1.000       1.000       1.000       1.000
    DASH11           1.000       1.000       1.000       1.000       1.000       1.000       1.000

 SD       |
    DASH04           0.000       0.000       0.000       0.000       0.000       0.000       0.000
    DASH06           2.000       2.000       2.000       2.000       2.000       2.000       2.000
    DASH09           5.000       5.000       5.000       5.000       5.000       5.000       5.000
    DASH11           7.000       7.000       7.000       7.000       7.000       7.000       7.000

 IB       ON
    Q1              -0.141      -0.083      -0.053       0.102       0.257       0.287       0.345
    Q2               0.424       0.485       0.516       0.677       0.839       0.870       0.930
    Q3               0.377       0.442       0.475       0.648       0.821       0.854       0.919
    AGE04           -0.009      -0.007      -0.006      -0.002       0.003       0.004       0.005
    GENDER           0.154       0.207       0.234       0.374       0.515       0.542       0.595
    MET04           -0.001      -0.001       0.000       0.000       0.001       0.001       0.001
    KCAL04           0.000       0.000       0.000       0.000       0.000       0.000       0.000
    EDUC04          -0.028      -0.009       0.001       0.052       0.103       0.113       0.132
    SYSTO04          0.018       0.019       0.020       0.025       0.029       0.030       0.032
    DIASTO04         0.047       0.050       0.051       0.058       0.065       0.067       0.069
    SMOKE04         -0.558      -0.510      -0.486      -0.360      -0.233      -0.209      -0.162

 SB       ON
    Q1              -0.020      -0.013      -0.009       0.012       0.033       0.037       0.045
    Q2              -0.044      -0.036      -0.032      -0.009       0.013       0.017       0.026
    Q3              -0.074      -0.065      -0.060      -0.036      -0.011      -0.006       0.003
    AGE04           -0.005      -0.004      -0.004      -0.004      -0.003      -0.003      -0.003
    GENDER          -0.067      -0.059      -0.055      -0.036      -0.016      -0.012      -0.004
    MET04            0.000       0.000       0.000       0.000       0.000       0.000       0.000
    KCAL04           0.000       0.000       0.000       0.000       0.000       0.000       0.000
    EDUC04          -0.024      -0.022      -0.020      -0.013      -0.005      -0.004      -0.001
    SYSTO04         -0.002      -0.002      -0.002      -0.001      -0.001      -0.001       0.000
    DIASTO04        -0.002      -0.001      -0.001       0.000       0.001       0.001       0.001
    SMOKE04         -0.041      -0.035      -0.032      -0.014       0.003       0.006       0.013

 ID       ON
    Q1               0.058       0.183       0.248       0.582       0.916       0.981       1.106
    Q2              -0.099       0.031       0.098       0.447       0.796       0.862       0.993
    Q3               1.321       1.462       1.534       1.909       2.284       2.356       2.497
    AGE04            0.012       0.016       0.018       0.027       0.037       0.039       0.043
    GENDER           0.413       0.527       0.586       0.892       1.199       1.257       1.372
    MET04            0.000       0.000       0.001       0.002       0.003       0.003       0.004
    KCAL04           0.000       0.000       0.000       0.000       0.000       0.000       0.000
    EDUC04           0.039       0.081       0.102       0.213       0.325       0.346       0.388
    SYSTO04         -0.022      -0.018      -0.016      -0.006       0.004       0.006       0.010
    DIASTO04        -0.025      -0.019      -0.016       0.000       0.015       0.018       0.024
    SMOKE04         -0.398      -0.294      -0.241       0.037       0.314       0.367       0.471

 SD       ON
    Q1              -0.103      -0.073      -0.058       0.022       0.102       0.118       0.147
    Q2              -0.054      -0.022      -0.005       0.080       0.165       0.181       0.213
    Q3               0.098       0.133       0.151       0.245       0.339       0.357       0.392
    AGE04           -0.006      -0.006      -0.005      -0.003       0.000       0.001       0.001
    GENDER          -0.075      -0.047      -0.032       0.044       0.120       0.135       0.163
    MET04            0.000       0.000       0.000       0.000       0.000       0.000       0.001
    KCAL04           0.000       0.000       0.000       0.000       0.000       0.000       0.000
    EDUC04          -0.026      -0.016      -0.010       0.018       0.046       0.051       0.062
    SYSTO04         -0.006      -0.005      -0.005      -0.002       0.000       0.001       0.002
    DIASTO04         0.001       0.003       0.003       0.007       0.011       0.012       0.013
    SMOKE04         -0.115      -0.090      -0.077      -0.009       0.059       0.072       0.098

 SB       WITH
    IB              -0.144      -0.132      -0.125      -0.093      -0.060      -0.054      -0.042

 ID       WITH
    IB               0.410       0.552       0.625       1.004       1.384       1.457       1.599
    SB              -0.145      -0.125      -0.115      -0.062      -0.009       0.001       0.021

 SD       WITH
    IB              -0.301      -0.265      -0.247      -0.153      -0.058      -0.040      -0.005
    SB              -0.018      -0.014      -0.012       0.000       0.012       0.015       0.019
    ID              -2.004      -1.878      -1.813      -1.476      -1.139      -1.075      -0.949

 GENDER   WITH
    AGE04           -0.003       0.045       0.070       0.199       0.328       0.353       0.401

 KCAL04   WITH
    AGE04        -1639.592   -1573.556   -1539.777   -1363.375   -1186.972   -1153.193   -1087.157
    GENDER        -100.904     -98.695     -97.566     -91.666     -85.766     -84.636     -82.427

 MET04    WITH
    AGE04         -471.331    -459.110    -452.858    -420.211    -387.564    -381.313    -369.091
    GENDER          -9.679      -9.303      -9.111      -8.109      -7.107      -6.915      -6.540
    KCAL04       13788.118   14305.766   14570.559   15953.362   17336.166   17600.959   18118.605

 SMOKE04  WITH
    AGE04            0.070       0.121       0.147       0.284       0.421       0.447       0.498
    GENDER          -0.158      -0.156      -0.155      -0.150      -0.145      -0.144      -0.142
    KCAL04          48.048      50.327      51.493      57.582      63.671      64.837      67.116
    MET04            3.193       3.583       3.783       4.826       5.869       6.068       6.459

 Q1       WITH
    AGE04           -0.458      -0.416      -0.394      -0.282      -0.170      -0.149      -0.107
    GENDER          -0.008      -0.006      -0.005      -0.002       0.002       0.002       0.004
    KCAL04           5.848       7.698       8.644      13.586      18.527      19.474      21.324
    MET04            3.877       4.199       4.363       5.221       6.078       6.243       6.564
    SMOKE04         -0.003      -0.001      -0.001       0.003       0.007       0.008       0.009

 Q2       WITH
    AGE04           -0.131      -0.089      -0.068       0.044       0.156       0.178       0.220
    GENDER          -0.005      -0.004      -0.003       0.000       0.004       0.005       0.006
    KCAL04         -13.960     -12.112     -11.166      -6.229      -1.292      -0.346       1.502
    MET04           -7.130      -6.805      -6.638      -5.767      -4.897      -4.730      -4.404
    SMOKE04         -0.005      -0.003      -0.003       0.001       0.005       0.006       0.007
    Q1              -0.068      -0.066      -0.066      -0.063      -0.059      -0.059      -0.057

 Q3       WITH
    AGE04            0.275       0.317       0.339       0.451       0.563       0.585       0.627
    GENDER          -0.003      -0.001      -0.001       0.003       0.007       0.007       0.009
    KCAL04         -26.868     -25.016     -24.069     -19.122     -14.174     -13.227     -11.375
    MET04          -11.265     -10.936     -10.768      -9.889      -9.010      -8.842      -8.513
    SMOKE04         -0.013      -0.012      -0.011      -0.007      -0.003      -0.003      -0.001
    Q1              -0.068      -0.066      -0.066      -0.063      -0.059      -0.059      -0.057
    Q2              -0.068      -0.066      -0.066      -0.063      -0.059      -0.059      -0.057

 EDUC04   WITH
    AGE04           -8.799      -8.660      -8.589      -8.218      -7.846      -7.775      -7.636
    GENDER          -0.147      -0.143      -0.141      -0.129      -0.118      -0.116      -0.112
    KCAL04          54.661      60.360      63.275      78.498      93.721      96.636     102.335
    MET04           -5.726      -4.737      -4.231      -1.588       1.054       1.560       2.549
    SMOKE04          0.023       0.028       0.030       0.042       0.053       0.056       0.060
    Q1              -0.106      -0.102      -0.100      -0.090      -0.081      -0.079      -0.075
    Q2               0.010       0.014       0.016       0.025       0.035       0.037       0.041
    Q3               0.167       0.171       0.172       0.183       0.193       0.195       0.199

 SYSTO04  WITH
    AGE04          109.183     111.185     112.209     117.558     122.906     123.930     125.932
    GENDER          -1.066      -1.006      -0.975      -0.814      -0.653      -0.622      -0.562
    KCAL04       -1298.735   -1216.777   -1174.853    -955.917    -736.980    -695.056    -613.098
    MET04         -337.376    -322.974    -315.606    -277.132    -238.658    -231.290    -216.887
    SMOKE04          0.410       0.474       0.506       0.674       0.843       0.875       0.938
    Q1              -0.387      -0.335      -0.308      -0.169      -0.030      -0.004       0.048
    Q2               0.176       0.228       0.254       0.393       0.532       0.559       0.611
    Q3               0.126       0.178       0.204       0.343       0.481       0.507       0.559
    EDUC04          -4.420      -4.259      -4.177      -3.746      -3.315      -3.233      -3.072

 DIASTO04 WITH
    AGE04           31.097      32.249      32.839      35.917      38.995      39.585      40.737
    GENDER          -0.845      -0.808      -0.789      -0.691      -0.593      -0.574      -0.538
    KCAL04        -491.428    -441.771    -416.370    -283.720    -151.070    -125.669     -76.012
    MET04         -120.727    -112.110    -107.702     -84.685     -61.667     -57.259     -48.643
    SMOKE04          0.288       0.327       0.346       0.448       0.551       0.570       0.608
    Q1              -0.200      -0.168      -0.152      -0.068       0.017       0.033       0.064
    Q2               0.235       0.266       0.283       0.367       0.451       0.467       0.499
    Q3              -0.141      -0.110      -0.094      -0.010       0.074       0.090       0.121
    EDUC04          -1.225      -1.129      -1.079      -0.821      -0.562      -0.513      -0.416
    SYSTO04        141.495     143.163     144.017     148.475     152.933     153.786     155.455

 Means
    AGE04           46.981      47.078      47.127      47.385      47.644      47.693      47.790
    GENDER           1.506       1.509       1.510       1.519       1.527       1.529       1.532
    KCAL04        2170.651    2174.917    2177.100    2188.497    2199.894    2202.077    2206.343
    MET04          113.354     114.098     114.479     116.468     118.458     118.838     119.583
    SMOKE04          0.321       0.324       0.326       0.335       0.344       0.345       0.349
    Q1               0.239       0.241       0.243       0.250       0.257       0.259       0.261
    Q2               0.239       0.241       0.243       0.250       0.257       0.259       0.261
    Q3               0.239       0.242       0.243       0.250       0.258       0.259       0.262
    EDUC04           1.694       1.702       1.706       1.729       1.751       1.755       1.764
    SYSTO04        121.574     121.694     121.755     122.076     122.397     122.459     122.579
    DIASTO04        78.332      78.405      78.442      78.637      78.831      78.869      78.942

 Intercepts
    BMI04            0.000       0.000       0.000       0.000       0.000       0.000       0.000
    BMI06            0.000       0.000       0.000       0.000       0.000       0.000       0.000
    BMI09            0.000       0.000       0.000       0.000       0.000       0.000       0.000
    BMI11            0.000       0.000       0.000       0.000       0.000       0.000       0.000
    DASH04           0.000       0.000       0.000       0.000       0.000       0.000       0.000
    DASH06           0.000       0.000       0.000       0.000       0.000       0.000       0.000
    DASH09           0.000       0.000       0.000       0.000       0.000       0.000       0.000
    DASH11           0.000       0.000       0.000       0.000       0.000       0.000       0.000
    IB              12.851      13.081      13.199      13.813      14.427      14.545      14.775
    SB               0.373       0.406       0.423       0.511       0.600       0.617       0.650
    ID              42.379      42.881      43.138      44.479      45.820      46.076      46.578
    SD              -0.460      -0.333      -0.268       0.071       0.410       0.475       0.602

 Variances
    AGE04          226.719     228.818     229.892     235.499     241.106     242.180     244.279
    GENDER           0.240       0.243       0.244       0.250       0.256       0.257       0.259
    KCAL04       *********  445287.844  447377.281  458288.844  469200.406  471289.844  475374.562
    MET04        12215.786   12335.797   12397.187   12717.774   13038.362   13099.752   13219.763
    SMOKE04          0.266       0.268       0.269       0.276       0.283       0.284       0.286
    Q1               0.181       0.182       0.183       0.188       0.192       0.193       0.195
    Q2               0.181       0.182       0.183       0.188       0.192       0.193       0.195
    Q3               0.181       0.182       0.183       0.188       0.192       0.193       0.195
    EDUC04           1.689       1.705       1.713       1.755       1.797       1.805       1.821
    SYSTO04        331.871     335.053     336.680     345.179     353.678     355.306     358.488
    DIASTO04       121.347     122.508     123.103     126.206     129.309     129.903     131.065

 Residual Variances
    BMI04            0.782       0.826       0.849       0.967       1.085       1.108       1.152
    BMI06            2.953       2.996       3.018       3.133       3.248       3.270       3.313
    BMI09            1.353       1.397       1.419       1.537       1.654       1.676       1.720
    BMI11           12.819      12.999      13.091      13.571      14.052      14.144      14.323
    DASH04          39.489      40.208      40.576      42.498      44.420      44.788      45.508
    DASH06          48.493      49.106      49.420      51.059      52.699      53.012      53.626
    DASH09          51.629      52.364      52.740      54.704      56.668      57.044      57.780
    DASH11          60.519      61.638      62.210      65.200      68.189      68.762      69.881
    IB               8.701       8.800       8.851       9.115       9.380       9.430       9.530
    SB               0.035       0.038       0.039       0.046       0.053       0.054       0.057
    ID              13.128      13.755      14.075      15.750      17.424      17.744      18.371
    SD               0.219       0.252       0.269       0.357       0.446       0.463       0.496


TECHNICAL 1 OUTPUT


     PARAMETER SPECIFICATION


           NU
              BMI04         BMI06         BMI09         BMI11         DASH04
              ________      ________      ________      ________      ________
 1                  0             0             0             0             0


           NU
              DASH06        DASH09        DASH11        AGE04         GENDER
              ________      ________      ________      ________      ________
 1                  0             0             0             0             0


           NU
              KCAL04        MET04         SMOKE04       Q1            Q2
              ________      ________      ________      ________      ________
 1                  0             0             0             0             0


           NU
              Q3            EDUC04        SYSTO04       DIASTO04
              ________      ________      ________      ________
 1                  0             0             0             0


           LAMBDA
              IB            SB            ID            SD            AGE04
              ________      ________      ________      ________      ________
 BMI04              0             0             0             0             0
 BMI06              0             0             0             0             0
 BMI09              0             0             0             0             0
 BMI11              0             0             0             0             0
 DASH04             0             0             0             0             0
 DASH06             0             0             0             0             0
 DASH09             0             0             0             0             0
 DASH11             0             0             0             0             0
 AGE04              0             0             0             0             0
 GENDER             0             0             0             0             0
 KCAL04             0             0             0             0             0
 MET04              0             0             0             0             0
 SMOKE04            0             0             0             0             0
 Q1                 0             0             0             0             0
 Q2                 0             0             0             0             0
 Q3                 0             0             0             0             0
 EDUC04             0             0             0             0             0
 SYSTO04            0             0             0             0             0
 DIASTO04           0             0             0             0             0


           LAMBDA
              GENDER        KCAL04        MET04         SMOKE04       Q1
              ________      ________      ________      ________      ________
 BMI04              0             0             0             0             0
 BMI06              0             0             0             0             0
 BMI09              0             0             0             0             0
 BMI11              0             0             0             0             0
 DASH04             0             0             0             0             0
 DASH06             0             0             0             0             0
 DASH09             0             0             0             0             0
 DASH11             0             0             0             0             0
 AGE04              0             0             0             0             0
 GENDER             0             0             0             0             0
 KCAL04             0             0             0             0             0
 MET04              0             0             0             0             0
 SMOKE04            0             0             0             0             0
 Q1                 0             0             0             0             0
 Q2                 0             0             0             0             0
 Q3                 0             0             0             0             0
 EDUC04             0             0             0             0             0
 SYSTO04            0             0             0             0             0
 DIASTO04           0             0             0             0             0


           LAMBDA
              Q2            Q3            EDUC04        SYSTO04       DIASTO04
              ________      ________      ________      ________      ________
 BMI04              0             0             0             0             0
 BMI06              0             0             0             0             0
 BMI09              0             0             0             0             0
 BMI11              0             0             0             0             0
 DASH04             0             0             0             0             0
 DASH06             0             0             0             0             0
 DASH09             0             0             0             0             0
 DASH11             0             0             0             0             0
 AGE04              0             0             0             0             0
 GENDER             0             0             0             0             0
 KCAL04             0             0             0             0             0
 MET04              0             0             0             0             0
 SMOKE04            0             0             0             0             0
 Q1                 0             0             0             0             0
 Q2                 0             0             0             0             0
 Q3                 0             0             0             0             0
 EDUC04             0             0             0             0             0
 SYSTO04            0             0             0             0             0
 DIASTO04           0             0             0             0             0


           THETA
              BMI04         BMI06         BMI09         BMI11         DASH04
              ________      ________      ________      ________      ________
 BMI04              1
 BMI06              0             2
 BMI09              0             0             3
 BMI11              0             0             0             4
 DASH04             0             0             0             0             5
 DASH06             0             0             0             0             0
 DASH09             0             0             0             0             0
 DASH11             0             0             0             0             0
 AGE04              0             0             0             0             0
 GENDER             0             0             0             0             0
 KCAL04             0             0             0             0             0
 MET04              0             0             0             0             0
 SMOKE04            0             0             0             0             0
 Q1                 0             0             0             0             0
 Q2                 0             0             0             0             0
 Q3                 0             0             0             0             0
 EDUC04             0             0             0             0             0
 SYSTO04            0             0             0             0             0
 DIASTO04           0             0             0             0             0


           THETA
              DASH06        DASH09        DASH11        AGE04         GENDER
              ________      ________      ________      ________      ________
 DASH06             6
 DASH09             0             7
 DASH11             0             0             8
 AGE04              0             0             0             0
 GENDER             0             0             0             0             0
 KCAL04             0             0             0             0             0
 MET04              0             0             0             0             0
 SMOKE04            0             0             0             0             0
 Q1                 0             0             0             0             0
 Q2                 0             0             0             0             0
 Q3                 0             0             0             0             0
 EDUC04             0             0             0             0             0
 SYSTO04            0             0             0             0             0
 DIASTO04           0             0             0             0             0


           THETA
              KCAL04        MET04         SMOKE04       Q1            Q2
              ________      ________      ________      ________      ________
 KCAL04             0
 MET04              0             0
 SMOKE04            0             0             0
 Q1                 0             0             0             0
 Q2                 0             0             0             0             0
 Q3                 0             0             0             0             0
 EDUC04             0             0             0             0             0
 SYSTO04            0             0             0             0             0
 DIASTO04           0             0             0             0             0


           THETA
              Q3            EDUC04        SYSTO04       DIASTO04
              ________      ________      ________      ________
 Q3                 0
 EDUC04             0             0
 SYSTO04            0             0             0
 DIASTO04           0             0             0             0


           ALPHA
              IB            SB            ID            SD            AGE04
              ________      ________      ________      ________      ________
 1                  9            10            11            12            13


           ALPHA
              GENDER        KCAL04        MET04         SMOKE04       Q1
              ________      ________      ________      ________      ________
 1                 14            15            16            17            18


           ALPHA
              Q2            Q3            EDUC04        SYSTO04       DIASTO04
              ________      ________      ________      ________      ________
 1                 19            20            21            22            23


           BETA
              IB            SB            ID            SD            AGE04
              ________      ________      ________      ________      ________
 IB                 0             0             0             0            24
 SB                 0             0             0             0            35
 ID                 0             0             0             0            46
 SD                 0             0             0             0            57
 AGE04              0             0             0             0             0
 GENDER             0             0             0             0             0
 KCAL04             0             0             0             0             0
 MET04              0             0             0             0             0
 SMOKE04            0             0             0             0             0
 Q1                 0             0             0             0             0
 Q2                 0             0             0             0             0
 Q3                 0             0             0             0             0
 EDUC04             0             0             0             0             0
 SYSTO04            0             0             0             0             0
 DIASTO04           0             0             0             0             0


           BETA
              GENDER        KCAL04        MET04         SMOKE04       Q1
              ________      ________      ________      ________      ________
 IB                25            26            27            28            29
 SB                36            37            38            39            40
 ID                47            48            49            50            51
 SD                58            59            60            61            62
 AGE04              0             0             0             0             0
 GENDER             0             0             0             0             0
 KCAL04             0             0             0             0             0
 MET04              0             0             0             0             0
 SMOKE04            0             0             0             0             0
 Q1                 0             0             0             0             0
 Q2                 0             0             0             0             0
 Q3                 0             0             0             0             0
 EDUC04             0             0             0             0             0
 SYSTO04            0             0             0             0             0
 DIASTO04           0             0             0             0             0


           BETA
              Q2            Q3            EDUC04        SYSTO04       DIASTO04
              ________      ________      ________      ________      ________
 IB                30            31            32            33            34
 SB                41            42            43            44            45
 ID                52            53            54            55            56
 SD                63            64            65            66            67
 AGE04              0             0             0             0             0
 GENDER             0             0             0             0             0
 KCAL04             0             0             0             0             0
 MET04              0             0             0             0             0
 SMOKE04            0             0             0             0             0
 Q1                 0             0             0             0             0
 Q2                 0             0             0             0             0
 Q3                 0             0             0             0             0
 EDUC04             0             0             0             0             0
 SYSTO04            0             0             0             0             0
 DIASTO04           0             0             0             0             0


           PSI
              IB            SB            ID            SD            AGE04
              ________      ________      ________      ________      ________
 IB                68
 SB                69            70
 ID                71            72            73
 SD                74            75            76            77
 AGE04              0             0             0             0            78
 GENDER             0             0             0             0            79
 KCAL04             0             0             0             0            81
 MET04              0             0             0             0            84
 SMOKE04            0             0             0             0            88
 Q1                 0             0             0             0            93
 Q2                 0             0             0             0            99
 Q3                 0             0             0             0           106
 EDUC04             0             0             0             0           114
 SYSTO04            0             0             0             0           123
 DIASTO04           0             0             0             0           133


           PSI
              GENDER        KCAL04        MET04         SMOKE04       Q1
              ________      ________      ________      ________      ________
 GENDER            80
 KCAL04            82            83
 MET04             85            86            87
 SMOKE04           89            90            91            92
 Q1                94            95            96            97            98
 Q2               100           101           102           103           104
 Q3               107           108           109           110           111
 EDUC04           115           116           117           118           119
 SYSTO04          124           125           126           127           128
 DIASTO04         134           135           136           137           138


           PSI
              Q2            Q3            EDUC04        SYSTO04       DIASTO04
              ________      ________      ________      ________      ________
 Q2               105
 Q3               112           113
 EDUC04           120           121           122
 SYSTO04          129           130           131           132
 DIASTO04         139           140           141           142           143


     STARTING VALUES


           NU
              BMI04         BMI06         BMI09         BMI11         DASH04
              ________      ________      ________      ________      ________
 1              0.000         0.000         0.000         0.000         0.000


           NU
              DASH06        DASH09        DASH11        AGE04         GENDER
              ________      ________      ________      ________      ________
 1              0.000         0.000         0.000         0.000         0.000


           NU
              KCAL04        MET04         SMOKE04       Q1            Q2
              ________      ________      ________      ________      ________
 1              0.000         0.000         0.000         0.000         0.000


           NU
              Q3            EDUC04        SYSTO04       DIASTO04
              ________      ________      ________      ________
 1              0.000         0.000         0.000         0.000


           LAMBDA
              IB            SB            ID            SD            AGE04
              ________      ________      ________      ________      ________
 BMI04          1.000         0.000         0.000         0.000         0.000
 BMI06          1.000         2.000         0.000         0.000         0.000
 BMI09          1.000         5.000         0.000         0.000         0.000
 BMI11          1.000         7.000         0.000         0.000         0.000
 DASH04         0.000         0.000         1.000         0.000         0.000
 DASH06         0.000         0.000         1.000         2.000         0.000
 DASH09         0.000         0.000         1.000         5.000         0.000
 DASH11         0.000         0.000         1.000         7.000         0.000
 AGE04          0.000         0.000         0.000         0.000         1.000
 GENDER         0.000         0.000         0.000         0.000         0.000
 KCAL04         0.000         0.000         0.000         0.000         0.000
 MET04          0.000         0.000         0.000         0.000         0.000
 SMOKE04        0.000         0.000         0.000         0.000         0.000
 Q1             0.000         0.000         0.000         0.000         0.000
 Q2             0.000         0.000         0.000         0.000         0.000
 Q3             0.000         0.000         0.000         0.000         0.000
 EDUC04         0.000         0.000         0.000         0.000         0.000
 SYSTO04        0.000         0.000         0.000         0.000         0.000
 DIASTO04       0.000         0.000         0.000         0.000         0.000


           LAMBDA
              GENDER        KCAL04        MET04         SMOKE04       Q1
              ________      ________      ________      ________      ________
 BMI04          0.000         0.000         0.000         0.000         0.000
 BMI06          0.000         0.000         0.000         0.000         0.000
 BMI09          0.000         0.000         0.000         0.000         0.000
 BMI11          0.000         0.000         0.000         0.000         0.000
 DASH04         0.000         0.000         0.000         0.000         0.000
 DASH06         0.000         0.000         0.000         0.000         0.000
 DASH09         0.000         0.000         0.000         0.000         0.000
 DASH11         0.000         0.000         0.000         0.000         0.000
 AGE04          0.000         0.000         0.000         0.000         0.000
 GENDER         1.000         0.000         0.000         0.000         0.000
 KCAL04         0.000         1.000         0.000         0.000         0.000
 MET04          0.000         0.000         1.000         0.000         0.000
 SMOKE04        0.000         0.000         0.000         1.000         0.000
 Q1             0.000         0.000         0.000         0.000         1.000
 Q2             0.000         0.000         0.000         0.000         0.000
 Q3             0.000         0.000         0.000         0.000         0.000
 EDUC04         0.000         0.000         0.000         0.000         0.000
 SYSTO04        0.000         0.000         0.000         0.000         0.000
 DIASTO04       0.000         0.000         0.000         0.000         0.000


           LAMBDA
              Q2            Q3            EDUC04        SYSTO04       DIASTO04
              ________      ________      ________      ________      ________
 BMI04          0.000         0.000         0.000         0.000         0.000
 BMI06          0.000         0.000         0.000         0.000         0.000
 BMI09          0.000         0.000         0.000         0.000         0.000
 BMI11          0.000         0.000         0.000         0.000         0.000
 DASH04         0.000         0.000         0.000         0.000         0.000
 DASH06         0.000         0.000         0.000         0.000         0.000
 DASH09         0.000         0.000         0.000         0.000         0.000
 DASH11         0.000         0.000         0.000         0.000         0.000
 AGE04          0.000         0.000         0.000         0.000         0.000
 GENDER         0.000         0.000         0.000         0.000         0.000
 KCAL04         0.000         0.000         0.000         0.000         0.000
 MET04          0.000         0.000         0.000         0.000         0.000
 SMOKE04        0.000         0.000         0.000         0.000         0.000
 Q1             0.000         0.000         0.000         0.000         0.000
 Q2             1.000         0.000         0.000         0.000         0.000
 Q3             0.000         1.000         0.000         0.000         0.000
 EDUC04         0.000         0.000         1.000         0.000         0.000
 SYSTO04        0.000         0.000         0.000         1.000         0.000
 DIASTO04       0.000         0.000         0.000         0.000         1.000


           THETA
              BMI04         BMI06         BMI09         BMI11         DASH04
              ________      ________      ________      ________      ________
 BMI04          5.617
 BMI06          0.000         6.364
 BMI09          0.000         0.000         5.891
 BMI11          0.000         0.000         0.000        11.820
 DASH04         0.000         0.000         0.000         0.000        29.408
 DASH06         0.000         0.000         0.000         0.000         0.000
 DASH09         0.000         0.000         0.000         0.000         0.000
 DASH11         0.000         0.000         0.000         0.000         0.000
 AGE04          0.000         0.000         0.000         0.000         0.000
 GENDER         0.000         0.000         0.000         0.000         0.000
 KCAL04         0.000         0.000         0.000         0.000         0.000
 MET04          0.000         0.000         0.000         0.000         0.000
 SMOKE04        0.000         0.000         0.000         0.000         0.000
 Q1             0.000         0.000         0.000         0.000         0.000
 Q2             0.000         0.000         0.000         0.000         0.000
 Q3             0.000         0.000         0.000         0.000         0.000
 EDUC04         0.000         0.000         0.000         0.000         0.000
 SYSTO04        0.000         0.000         0.000         0.000         0.000
 DIASTO04       0.000         0.000         0.000         0.000         0.000


           THETA
              DASH06        DASH09        DASH11        AGE04         GENDER
              ________      ________      ________      ________      ________
 DASH06        32.266
 DASH09         0.000        33.337
 DASH11         0.000         0.000        39.783
 AGE04          0.000         0.000         0.000         0.000
 GENDER         0.000         0.000         0.000         0.000         0.000
 KCAL04         0.000         0.000         0.000         0.000         0.000
 MET04          0.000         0.000         0.000         0.000         0.000
 SMOKE04        0.000         0.000         0.000         0.000         0.000
 Q1             0.000         0.000         0.000         0.000         0.000
 Q2             0.000         0.000         0.000         0.000         0.000
 Q3             0.000         0.000         0.000         0.000         0.000
 EDUC04         0.000         0.000         0.000         0.000         0.000
 SYSTO04        0.000         0.000         0.000         0.000         0.000
 DIASTO04       0.000         0.000         0.000         0.000         0.000


           THETA
              KCAL04        MET04         SMOKE04       Q1            Q2
              ________      ________      ________      ________      ________
 KCAL04         0.000
 MET04          0.000         0.000
 SMOKE04        0.000         0.000         0.000
 Q1             0.000         0.000         0.000         0.000
 Q2             0.000         0.000         0.000         0.000         0.000
 Q3             0.000         0.000         0.000         0.000         0.000
 EDUC04         0.000         0.000         0.000         0.000         0.000
 SYSTO04        0.000         0.000         0.000         0.000         0.000
 DIASTO04       0.000         0.000         0.000         0.000         0.000


           THETA
              Q3            EDUC04        SYSTO04       DIASTO04
              ________      ________      ________      ________
 Q3             0.000
 EDUC04         0.000         0.000
 SYSTO04        0.000         0.000         0.000
 DIASTO04       0.000         0.000         0.000         0.000


           ALPHA
              IB            SB            ID            SD            AGE04
              ________      ________      ________      ________      ________
 1             23.091         0.035        47.319         0.230        47.385


           ALPHA
              GENDER        KCAL04        MET04         SMOKE04       Q1
              ________      ________      ________      ________      ________
 1              1.519      2188.497       118.186         0.334         0.250


           ALPHA
              Q2            Q3            EDUC04        SYSTO04       DIASTO04
              ________      ________      ________      ________      ________
 1              0.250         0.250         1.724       122.224        78.671


           BETA
              IB            SB            ID            SD            AGE04
              ________      ________      ________      ________      ________
 IB             0.000         0.000         0.000         0.000         0.000
 SB             0.000         0.000         0.000         0.000         0.000
 ID             0.000         0.000         0.000         0.000         0.000
 SD             0.000         0.000         0.000         0.000         0.000
 AGE04          0.000         0.000         0.000         0.000         0.000
 GENDER         0.000         0.000         0.000         0.000         0.000
 KCAL04         0.000         0.000         0.000         0.000         0.000
 MET04          0.000         0.000         0.000         0.000         0.000
 SMOKE04        0.000         0.000         0.000         0.000         0.000
 Q1             0.000         0.000         0.000         0.000         0.000
 Q2             0.000         0.000         0.000         0.000         0.000
 Q3             0.000         0.000         0.000         0.000         0.000
 EDUC04         0.000         0.000         0.000         0.000         0.000
 SYSTO04        0.000         0.000         0.000         0.000         0.000
 DIASTO04       0.000         0.000         0.000         0.000         0.000


           BETA
              GENDER        KCAL04        MET04         SMOKE04       Q1
              ________      ________      ________      ________      ________
 IB             0.000         0.000         0.000         0.000         0.000
 SB             0.000         0.000         0.000         0.000         0.000
 ID             0.000         0.000         0.000         0.000         0.000
 SD             0.000         0.000         0.000         0.000         0.000
 AGE04          0.000         0.000         0.000         0.000         0.000
 GENDER         0.000         0.000         0.000         0.000         0.000
 KCAL04         0.000         0.000         0.000         0.000         0.000
 MET04          0.000         0.000         0.000         0.000         0.000
 SMOKE04        0.000         0.000         0.000         0.000         0.000
 Q1             0.000         0.000         0.000         0.000         0.000
 Q2             0.000         0.000         0.000         0.000         0.000
 Q3             0.000         0.000         0.000         0.000         0.000
 EDUC04         0.000         0.000         0.000         0.000         0.000
 SYSTO04        0.000         0.000         0.000         0.000         0.000
 DIASTO04       0.000         0.000         0.000         0.000         0.000


           BETA
              Q2            Q3            EDUC04        SYSTO04       DIASTO04
              ________      ________      ________      ________      ________
 IB             0.000         0.000         0.000         0.000         0.000
 SB             0.000         0.000         0.000         0.000         0.000
 ID             0.000         0.000         0.000         0.000         0.000
 SD             0.000         0.000         0.000         0.000         0.000
 AGE04          0.000         0.000         0.000         0.000         0.000
 GENDER         0.000         0.000         0.000         0.000         0.000
 KCAL04         0.000         0.000         0.000         0.000         0.000
 MET04          0.000         0.000         0.000         0.000         0.000
 SMOKE04        0.000         0.000         0.000         0.000         0.000
 Q1             0.000         0.000         0.000         0.000         0.000
 Q2             0.000         0.000         0.000         0.000         0.000
 Q3             0.000         0.000         0.000         0.000         0.000
 EDUC04         0.000         0.000         0.000         0.000         0.000
 SYSTO04        0.000         0.000         0.000         0.000         0.000
 DIASTO04       0.000         0.000         0.000         0.000         0.000


           PSI
              IB            SB            ID            SD            AGE04
              ________      ________      ________      ________      ________
 IB            11.513
 SB             0.000         0.570
 ID             0.000         0.000        56.558
 SD             0.000         0.000         0.000        16.569
 AGE04          0.000         0.000         0.000         0.000       117.749
 GENDER         0.000         0.000         0.000         0.000         0.000
 KCAL04         0.000         0.000         0.000         0.000         0.000
 MET04          0.000         0.000         0.000         0.000         0.000
 SMOKE04        0.000         0.000         0.000         0.000         0.000
 Q1             0.000         0.000         0.000         0.000         0.000
 Q2             0.000         0.000         0.000         0.000         0.000
 Q3             0.000         0.000         0.000         0.000         0.000
 EDUC04         0.000         0.000         0.000         0.000         0.000
 SYSTO04        0.000         0.000         0.000         0.000         0.000
 DIASTO04       0.000         0.000         0.000         0.000         0.000


           PSI
              GENDER        KCAL04        MET04         SMOKE04       Q1
              ________      ________      ________      ________      ________
 GENDER         0.125
 KCAL04         0.000    229144.438
 MET04          0.000         0.000      6315.442
 SMOKE04        0.000         0.000         0.000         0.138
 Q1             0.000         0.000         0.000         0.000         0.094
 Q2             0.000         0.000         0.000         0.000         0.000
 Q3             0.000         0.000         0.000         0.000         0.000
 EDUC04         0.000         0.000         0.000         0.000         0.000
 SYSTO04        0.000         0.000         0.000         0.000         0.000
 DIASTO04       0.000         0.000         0.000         0.000         0.000


           PSI
              Q2            Q3            EDUC04        SYSTO04       DIASTO04
              ________      ________      ________      ________      ________
 Q2             0.094
 Q3             0.000         0.094
 EDUC04         0.000         0.000         0.876
 SYSTO04        0.000         0.000         0.000       171.913
 DIASTO04       0.000         0.000         0.000         0.000        63.046


TECHNICAL 4 OUTPUT


     ESTIMATES DERIVED FROM THE MODEL


           ESTIMATED MEANS FOR THE LATENT VARIABLES
              IB            SB            ID            SD            AGE04
              ________      ________      ________      ________      ________
 1             23.016         0.063        47.372         0.304        47.385


           ESTIMATED MEANS FOR THE LATENT VARIABLES
              GENDER        KCAL04        MET04         SMOKE04       Q1
              ________      ________      ________      ________      ________
 1              1.519      2188.497       116.468         0.335         0.250


           ESTIMATED MEANS FOR THE LATENT VARIABLES
              Q2            Q3            EDUC04        SYSTO04       DIASTO04
              ________      ________      ________      ________      ________
 1              0.250         0.250         1.729       122.076        78.637


           S.E. FOR ESTIMATED MEANS FOR THE LATENT VARIABLES
              IB            SB            ID            SD            AGE04
              ________      ________      ________      ________      ________
 1              0.035         0.005         0.072         0.018         0.157


           S.E. FOR ESTIMATED MEANS FOR THE LATENT VARIABLES
              GENDER        KCAL04        MET04         SMOKE04       Q1
              ________      ________      ________      ________      ________
 1              0.005         6.928         1.209         0.005         0.004


           S.E. FOR ESTIMATED MEANS FOR THE LATENT VARIABLES
              Q2            Q3            EDUC04        SYSTO04       DIASTO04
              ________      ________      ________      ________      ________
 1              0.004         0.004         0.014         0.195         0.118


           EST./S.E. FOR ESTIMATED MEANS FOR THE LATENT VARIABLES
              IB            SB            ID            SD            AGE04
              ________      ________      ________      ________      ________
 1            659.050        13.273       653.797        16.950       301.706


           EST./S.E. FOR ESTIMATED MEANS FOR THE LATENT VARIABLES
              GENDER        KCAL04        MET04         SMOKE04       Q1
              ________      ________      ________      ________      ________
 1            297.033       315.871        96.320        61.982        56.368


           EST./S.E. FOR ESTIMATED MEANS FOR THE LATENT VARIABLES
              Q2            Q3            EDUC04        SYSTO04       DIASTO04
              ________      ________      ________      ________      ________
 1             56.386        56.434       126.950       625.803       664.428


           TWO-TAILED P-VALUE FOR ESTIMATED MEANS FOR THE LATENT VARIABLES
              IB            SB            ID            SD            AGE04
              ________      ________      ________      ________      ________
 1              0.000         0.000         0.000         0.000         0.000


           TWO-TAILED P-VALUE FOR ESTIMATED MEANS FOR THE LATENT VARIABLES
              GENDER        KCAL04        MET04         SMOKE04       Q1
              ________      ________      ________      ________      ________
 1              0.000         0.000         0.000         0.000         0.000


           TWO-TAILED P-VALUE FOR ESTIMATED MEANS FOR THE LATENT VARIABLES
              Q2            Q3            EDUC04        SYSTO04       DIASTO04
              ________      ________      ________      ________      ________
 1              0.000         0.000         0.000         0.000         0.000


           ESTIMATED COVARIANCE MATRIX FOR THE LATENT VARIABLES
              IB            SB            ID            SD            AGE04
              ________      ________      ________      ________      ________
 IB            10.332
 SB            -0.138         0.051
 ID             1.187        -0.099        16.679
 SD            -0.097        -0.001        -1.395         0.376
 AGE04          3.938        -0.943         4.311        -0.607       235.499
 GENDER         0.049        -0.005         0.203         0.012         0.199
 KCAL04        56.789        10.025      -162.995       -29.584     -1363.375
 MET04        -19.012         2.208       -14.591        -1.603      -420.211
 SMOKE04       -0.094        -0.001        -0.122        -0.012         0.284
 Q1            -0.073         0.007        -0.058        -0.017        -0.282
 Q2             0.110        -0.001        -0.077         0.000         0.044
 Q3             0.086        -0.011         0.330         0.041         0.451
 EDUC04         0.054         0.009         0.351         0.089        -8.218
 SYSTO04       16.401        -0.895        -0.089         0.004       117.558
 DIASTO04      10.649        -0.344        -0.749         0.466        35.917


           ESTIMATED COVARIANCE MATRIX FOR THE LATENT VARIABLES
              GENDER        KCAL04        MET04         SMOKE04       Q1
              ________      ________      ________      ________      ________
 GENDER         0.250
 KCAL04       -91.666    458288.858
 MET04         -8.109     15953.363     12717.774
 SMOKE04       -0.150        57.582         4.826         0.276
 Q1            -0.002        13.586         5.221         0.003         0.188
 Q2             0.000        -6.229        -5.767         0.001        -0.063
 Q3             0.003       -19.122        -9.889        -0.007        -0.063
 EDUC04        -0.129        78.498        -1.588         0.042        -0.090
 SYSTO04       -0.814      -955.917      -277.132         0.674        -0.169
 DIASTO04      -0.691      -283.720       -84.685         0.448        -0.068


           ESTIMATED COVARIANCE MATRIX FOR THE LATENT VARIABLES
              Q2            Q3            EDUC04        SYSTO04       DIASTO04
              ________      ________      ________      ________      ________
 Q2             0.188
 Q3            -0.063         0.188
 EDUC04         0.025         0.183         1.755
 SYSTO04        0.393         0.343        -3.746       345.179
 DIASTO04       0.367        -0.010        -0.821       148.475       126.206


           S.E. FOR ESTIMATED COVARIANCE MATRIX FOR THE LATENT VARIABLES
              IB            SB            ID            SD            AGE04
              ________      ________      ________      ________      ________
 IB             0.177
 SB             0.021         0.004
 ID             0.246         0.033         1.023
 SD             0.061         0.007         0.205         0.054
 AGE04          0.544         0.082         1.125         0.299         3.409
 GENDER         0.017         0.002         0.036         0.009         0.078
 KCAL04        23.783         3.275        49.159        12.311       107.236
 MET04          4.129         0.544         8.461         2.052        19.846
 SMOKE04        0.018         0.002         0.038         0.009         0.083
 Q1             0.015         0.002         0.031         0.008         0.068
 Q2             0.015         0.002         0.031         0.008         0.068
 Q3             0.015         0.002         0.032         0.008         0.068
 EDUC04         0.046         0.006         0.097         0.025         0.226
 SYSTO04        0.679         0.091         1.375         0.346         3.251
 DIASTO04       0.413         0.054         0.833         0.207         1.871


           S.E. FOR ESTIMATED COVARIANCE MATRIX FOR THE LATENT VARIABLES
              GENDER        KCAL04        MET04         SMOKE04       Q1
              ________      ________      ________      ________      ________
 GENDER         0.004
 KCAL04         3.587      6633.165
 MET04          0.609       840.610       194.887
 SMOKE04        0.003         3.701         0.634         0.004
 Q1             0.002         3.004         0.521         0.002         0.003
 Q2             0.002         3.001         0.529         0.002         0.002
 Q3             0.002         3.008         0.534         0.002         0.002
 EDUC04         0.007         9.254         1.606         0.007         0.006
 SYSTO04        0.098       133.092        23.389         0.102         0.085
 DIASTO04       0.060        80.638        13.993         0.062         0.051


           S.E. FOR ESTIMATED COVARIANCE MATRIX FOR THE LATENT VARIABLES
              Q2            Q3            EDUC04        SYSTO04       DIASTO04
              ________      ________      ________      ________      ________
 Q2             0.003
 Q3             0.002         0.003
 EDUC04         0.006         0.006         0.026
 SYSTO04        0.084         0.084         0.262         5.167
 DIASTO04       0.051         0.051         0.157         2.710         1.887


           EST./S.E. FOR ESTIMATED COVARIANCE MATRIX FOR THE LATENT VARIABLES
              IB            SB            ID            SD            AGE04
              ________      ________      ________      ________      ________
 IB            58.264
 SB            -6.643        11.745
 ID             4.820        -3.005        16.303
 SD            -1.592        -0.081        -6.795         6.937
 AGE04          7.241       -11.538         3.833        -2.033        69.091
 GENDER         2.826        -1.987         5.620         1.296         2.532
 KCAL04         2.388         3.061        -3.316        -2.403       -12.714
 MET04         -4.604         4.061        -1.724        -0.781       -21.173
 SMOKE04       -5.118        -0.374        -3.195        -1.257         3.417
 Q1            -4.809         3.746        -1.853        -2.309        -4.146
 Q2             7.223        -0.596        -2.458         0.011         0.652
 Q3             5.674        -5.176        10.404         5.059         6.612
 EDUC04         1.174         1.436         3.635         3.611       -36.388
 SYSTO04       24.144        -9.845        -0.065         0.013        36.157
 DIASTO04      25.781        -6.400        -0.900         2.252        19.194


           EST./S.E. FOR ESTIMATED COVARIANCE MATRIX FOR THE LATENT VARIABLES
              GENDER        KCAL04        MET04         SMOKE04       Q1
              ________      ________      ________      ________      ________
 GENDER        69.091
 KCAL04       -25.558        69.091
 MET04        -13.308        18.978        65.257
 SMOKE04      -48.389        15.557         7.612        68.711
 Q1            -0.834         4.522        10.011         1.379        69.057
 Q2             0.204        -2.075       -10.898         0.567       -30.885
 Q3             1.322        -6.358       -18.515        -3.056       -30.879
 EDUC04       -18.672         8.482        -0.989         5.788       -15.121
 SYSTO04       -8.322        -7.182       -11.849         6.582        -2.004
 DIASTO04     -11.608        -3.518        -6.052         7.217        -1.321


           EST./S.E. FOR ESTIMATED COVARIANCE MATRIX FOR THE LATENT VARIABLES
              Q2            Q3            EDUC04        SYSTO04       DIASTO04
              ________      ________      ________      ________      ________
 Q2            69.062
 Q3           -30.870        69.027
 EDUC04         4.282        29.488        68.599
 SYSTO04        4.658         4.080       -14.310        66.809
 DIASTO04       7.153        -0.198        -5.222        54.790        66.899


           TWO-TAILED P-VALUE FOR ESTIMATED COVARIANCE MATRIX FOR THE LATENT VARIABLES
              IB            SB            ID            SD            AGE04
              ________      ________      ________      ________      ________
 IB             0.000
 SB             0.000         0.000
 ID             0.000         0.003         0.000
 SD             0.111         0.936         0.000         0.000
 AGE04          0.000         0.000         0.000         0.042         0.000
 GENDER         0.005         0.047         0.000         0.195         0.011
 KCAL04         0.017         0.002         0.001         0.016         0.000
 MET04          0.000         0.000         0.085         0.435         0.000
 SMOKE04        0.000         0.708         0.001         0.209         0.001
 Q1             0.000         0.000         0.064         0.021         0.000
 Q2             0.000         0.551         0.014         0.991         0.514
 Q3             0.000         0.000         0.000         0.000         0.000
 EDUC04         0.240         0.151         0.000         0.000         0.000
 SYSTO04        0.000         0.000         0.948         0.990         0.000
 DIASTO04       0.000         0.000         0.368         0.024         0.000


           TWO-TAILED P-VALUE FOR ESTIMATED COVARIANCE MATRIX FOR THE LATENT VARIABLES
              GENDER        KCAL04        MET04         SMOKE04       Q1
              ________      ________      ________      ________      ________
 GENDER         0.000
 KCAL04         0.000         0.000
 MET04          0.000         0.000         0.000
 SMOKE04        0.000         0.000         0.000         0.000
 Q1             0.404         0.000         0.000         0.168         0.000
 Q2             0.838         0.038         0.000         0.571         0.000
 Q3             0.186         0.000         0.000         0.002         0.000
 EDUC04         0.000         0.000         0.323         0.000         0.000
 SYSTO04        0.000         0.000         0.000         0.000         0.045
 DIASTO04       0.000         0.000         0.000         0.000         0.187


           TWO-TAILED P-VALUE FOR ESTIMATED COVARIANCE MATRIX FOR THE LATENT VARIABLES
              Q2            Q3            EDUC04        SYSTO04       DIASTO04
              ________      ________      ________      ________      ________
 Q2             0.000
 Q3             0.000         0.000
 EDUC04         0.000         0.000         0.000
 SYSTO04        0.000         0.000         0.000         0.000
 DIASTO04       0.000         0.843         0.000         0.000         0.000


           ESTIMATED CORRELATION MATRIX FOR THE LATENT VARIABLES
              IB            SB            ID            SD            AGE04
              ________      ________      ________      ________      ________
 IB             1.000
 SB            -0.190         1.000
 ID             0.090        -0.107         1.000
 SD            -0.049        -0.004        -0.557         1.000
 AGE04          0.080        -0.271         0.069        -0.065         1.000
 GENDER         0.031        -0.041         0.100         0.038         0.026
 KCAL04         0.026         0.065        -0.059        -0.071        -0.131
 MET04         -0.052         0.086        -0.032        -0.023        -0.243
 SMOKE04       -0.056        -0.008        -0.057        -0.036         0.035
 Q1            -0.052         0.076        -0.033        -0.066        -0.042
 Q2             0.079        -0.012        -0.044         0.000         0.007
 Q3             0.061        -0.113         0.187         0.154         0.068
 EDUC04         0.013         0.031         0.065         0.109        -0.404
 SYSTO04        0.275        -0.213        -0.001         0.000         0.412
 DIASTO04       0.295        -0.135        -0.016         0.068         0.208


           ESTIMATED CORRELATION MATRIX FOR THE LATENT VARIABLES
              GENDER        KCAL04        MET04         SMOKE04       Q1
              ________      ________      ________      ________      ________
 GENDER         1.000
 KCAL04        -0.271         1.000
 MET04         -0.144         0.209         1.000
 SMOKE04       -0.572         0.162         0.081         1.000
 Q1            -0.009         0.046         0.107         0.014         1.000
 Q2             0.002        -0.021        -0.118         0.006        -0.333
 Q3             0.014        -0.065        -0.202        -0.031        -0.333
 EDUC04        -0.196         0.088        -0.011         0.060        -0.158
 SYSTO04       -0.088        -0.076        -0.132         0.069        -0.021
 DIASTO04      -0.123        -0.037        -0.067         0.076        -0.014


           ESTIMATED CORRELATION MATRIX FOR THE LATENT VARIABLES
              Q2            Q3            EDUC04        SYSTO04       DIASTO04
              ________      ________      ________      ________      ________
 Q2             1.000
 Q3            -0.333         1.000
 EDUC04         0.044         0.318         1.000
 SYSTO04        0.049         0.043        -0.152         1.000
 DIASTO04       0.075        -0.002        -0.055         0.711         1.000


           S.E. FOR ESTIMATED CORRELATION MATRIX FOR THE LATENT VARIABLES
              IB            SB            ID            SD            AGE04
              ________      ________      ________      ________      ________
 IB             0.000
 SB             0.024         0.000
 ID             0.019         0.036         0.000
 SD             0.031         0.054         0.040         0.000
 AGE04          0.011         0.024         0.018         0.032         0.000
 GENDER         0.011         0.021         0.018         0.029         0.010
 KCAL04         0.011         0.021         0.018         0.030         0.010
 MET04          0.011         0.021         0.018         0.030         0.011
 SMOKE04        0.011         0.020         0.018         0.029         0.010
 Q1             0.011         0.020         0.018         0.029         0.010
 Q2             0.011         0.021         0.018         0.029         0.010
 Q3             0.011         0.022         0.018         0.032         0.010
 EDUC04         0.011         0.022         0.018         0.031         0.009
 SYSTO04        0.010         0.022         0.018         0.030         0.009
 DIASTO04       0.010         0.021         0.018         0.030         0.010


           S.E. FOR ESTIMATED CORRELATION MATRIX FOR THE LATENT VARIABLES
              GENDER        KCAL04        MET04         SMOKE04       Q1
              ________      ________      ________      ________      ________
 GENDER         0.000
 KCAL04         0.009         0.000
 MET04          0.011         0.010         0.000
 SMOKE04        0.007         0.010         0.011         0.000
 Q1             0.010         0.010         0.011         0.010         0.000
 Q2             0.010         0.010         0.011         0.010         0.009
 Q3             0.010         0.010         0.010         0.010         0.009
 EDUC04         0.010         0.010         0.011         0.010         0.010
 SYSTO04        0.010         0.010         0.011         0.010         0.010
 DIASTO04       0.010         0.011         0.011         0.010         0.011


           S.E. FOR ESTIMATED CORRELATION MATRIX FOR THE LATENT VARIABLES
              Q2            Q3            EDUC04        SYSTO04       DIASTO04
              ________      ________      ________      ________      ________
 Q2             0.000
 Q3             0.009         0.000
 EDUC04         0.010         0.009         0.000
 SYSTO04        0.010         0.010         0.010         0.000
 DIASTO04       0.010         0.010         0.011         0.005         0.000


           EST./S.E. FOR ESTIMATED CORRELATION MATRIX FOR THE LATENT VARIABLES
              IB            SB            ID            SD            AGE04
              ________      ________      ________      ________      ________
 IB           999.000
 SB            -7.909       999.000
 ID             4.813        -2.993       999.000
 SD            -1.587        -0.081       -14.009       999.000
 AGE04          7.305       -11.233         3.826        -2.015       999.000
 GENDER         2.829        -1.981         5.612         1.292         2.534
 KCAL04         2.390         3.049        -3.318        -2.381       -13.048
 MET04         -4.621         4.046        -1.724        -0.781       -23.042
 SMOKE04       -5.139        -0.374        -3.195        -1.254         3.424
 Q1            -4.826         3.724        -1.851        -2.295        -4.157
 Q2             7.282        -0.595        -2.457         0.011         0.652
 Q3             5.705        -5.155        10.220         4.893         6.658
 EDUC04         1.175         1.435         3.620         3.540       -46.844
 SYSTO04       26.808        -9.552        -0.065         0.013        46.779
 DIASTO04      29.091        -6.319        -0.900         2.232        20.452


           EST./S.E. FOR ESTIMATED CORRELATION MATRIX FOR THE LATENT VARIABLES
              GENDER        KCAL04        MET04         SMOKE04       Q1
              ________      ________      ________      ________      ________
 GENDER       999.000
 KCAL04       -28.579       999.000
 MET04        -13.700        20.227       999.000
 SMOKE04      -82.762        16.180         7.683       999.000
 Q1            -0.834         4.537        10.181         1.379       999.000
 Q2             0.204        -2.077       -11.119         0.567       -36.625
 Q3             1.322        -6.399       -19.626        -3.061       -36.622
 EDUC04       -19.777         8.579        -0.989         5.819       -15.692
 SYSTO04       -8.414        -7.243       -12.155         6.628        -2.005
 DIASTO04     -11.865        -3.526        -6.093         7.278        -1.321


           EST./S.E. FOR ESTIMATED CORRELATION MATRIX FOR THE LATENT VARIABLES
              Q2            Q3            EDUC04        SYSTO04       DIASTO04
              ________      ________      ________      ________      ________
 Q2           999.000
 Q3           -36.604       999.000
 EDUC04         4.294        34.419       999.000
 SYSTO04        4.674         4.091       -14.816       999.000
 DIASTO04       7.213        -0.198        -5.247       136.092       999.000


           TWO-TAILED P-VALUE FOR ESTIMATED CORRELATION MATRIX FOR THE LATENT VARIABLES
              IB            SB            ID            SD            AGE04
              ________      ________      ________      ________      ________
 IB             0.000
 SB             0.000         0.000
 ID             0.000         0.003         0.000
 SD             0.112         0.936         0.000         0.000
 AGE04          0.000         0.000         0.000         0.044         0.000
 GENDER         0.005         0.048         0.000         0.196         0.011
 KCAL04         0.017         0.002         0.001         0.017         0.000
 MET04          0.000         0.000         0.085         0.435         0.000
 SMOKE04        0.000         0.708         0.001         0.210         0.001
 Q1             0.000         0.000         0.064         0.022         0.000
 Q2             0.000         0.552         0.014         0.991         0.514
 Q3             0.000         0.000         0.000         0.000         0.000
 EDUC04         0.240         0.151         0.000         0.000         0.000
 SYSTO04        0.000         0.000         0.948         0.990         0.000
 DIASTO04       0.000         0.000         0.368         0.026         0.000


           TWO-TAILED P-VALUE FOR ESTIMATED CORRELATION MATRIX FOR THE LATENT VARIABLES
              GENDER        KCAL04        MET04         SMOKE04       Q1
              ________      ________      ________      ________      ________
 GENDER         0.000
 KCAL04         0.000         0.000
 MET04          0.000         0.000         0.000
 SMOKE04        0.000         0.000         0.000         0.000
 Q1             0.404         0.000         0.000         0.168         0.000
 Q2             0.838         0.038         0.000         0.571         0.000
 Q3             0.186         0.000         0.000         0.002         0.000
 EDUC04         0.000         0.000         0.323         0.000         0.000
 SYSTO04        0.000         0.000         0.000         0.000         0.045
 DIASTO04       0.000         0.000         0.000         0.000         0.187


           TWO-TAILED P-VALUE FOR ESTIMATED CORRELATION MATRIX FOR THE LATENT VARIABLES
              Q2            Q3            EDUC04        SYSTO04       DIASTO04
              ________      ________      ________      ________      ________
 Q2             0.000
 Q3             0.000         0.000
 EDUC04         0.000         0.000         0.000
 SYSTO04        0.000         0.000         0.000         0.000
 DIASTO04       0.000         0.843         0.000         0.000         0.000


TECHNICAL 8 OUTPUT


   E STEP  ITER  LOGLIKELIHOOD    ABS CHANGE   REL CHANGE  ALGORITHM
              1 -0.48060749D+06    0.0000000    0.0000000  EM
              2 -0.43934891D+06 ************    0.0858467  EM
              3 -0.43934891D+06    0.0000001    0.0000000  EM


DIAGRAM INFORMATION

  Use View Diagram under the Diagram menu in the Mplus Editor to view the diagram.
  If running Mplus from the Mplus Diagrammer, the diagram opens automatically.

  Diagram output
    d:\data\dpmedi\mplus\longitudinal\dash bmi mediation ib with sb-no mediation.dgm

     Beginning Time:  13:03:46
        Ending Time:  13:03:49
       Elapsed Time:  00:00:03



MUTHEN & MUTHEN
3463 Stoner Ave.
Los Angeles, CA  90066

Tel: (310) 391-9971
Fax: (310) 391-8971
Web: www.StatModel.com
Support: Support@StatModel.com

Copyright (c) 1998-2015 Muthen & Muthen
