Mplus VERSION 7.4
MUTHEN & MUTHEN
05/16/2019  11:10 AM

INPUT INSTRUCTIONS

  DATA: File is id0411 mplus.csv;

  VARIABLE: Names are IDind WAVE hhid t2 commid age04
                      kcal04 carbo04 fat04 protn04 bmi04
                      hwr04 wc04 diasto04 systo04 smoke04
                      gender educ04 indinc04 index04 met04
                      cmfp04 dash04 ahei04 hbs04 lbs04 dqd04
                      age06 kcal06 carbo06 fat06 protn06 bmi06
                      hwr06 wc06 diasto06 systo06 smoke06
                      educ06 indinc06 index06 met06 cmfp06 dash06
                      ahei06 hbs06 lbs06 dqd06 age09 kcal09 carbo09
                      fat09 protn09 bmi09 hwr09 wc09 diasto09 systo09
                      smoke09 educ09 indinc09 index09 met09 cmfp09
                      dash09 ahei09 hbs09 lbs09 dqd09 age11 kcal11
                      carbo11 fat11 protn11 bmi11 hwr11 wc11 diasto11
                      systo11 smoke11 educ11 indinc11 index11 met11
                      cmfp11 dash11 ahei11 hbs11 lbs11 dqd11 q_index
                       q1 q2 q3 carbo_p protn_p fat_p;

           Usev are  age04 gender kcal04 met04
                     bmi04 bmi06 bmi09 bmi11 smoke04
                     dash04 dash06 dash09 dash11
                     q1 q2 q3 educ04 systo04 diasto04;


           Missing are all(999);


  ANALYSIS:
  Type=random;
  ALGORITHM=INTEGRATION;
  Estimator=ML;
  bootstrap = 1000;


  MODEL:
  age04 gender kcal04 met04 smoke04
  bmi04 bmi06 bmi09 bmi11 educ04 systo04 diasto04
  dash04 dash06 dash09 dash11 q1 q2 q3;

  ib sb | bmi04@0 bmi06@2 bmi09@5 bmi11@7;
  id sd | dash04@0 dash06@2 dash09@5 dash11@7;

  ib-sd on q1 q2 q3 age04 gender met04 kcal04 educ04 systo04 diasto04 smoke04;

  OUTPUT: tech1 tech8 cinterval(BOOTSTRAP);



INPUT READING TERMINATED NORMALLY




SUMMARY OF ANALYSIS

Number of groups                                                 1
Number of observations                                        9547

Number of dependent variables                                    8
Number of independent variables                                 11
Number of continuous latent variables                            4

Observed dependent variables

  Continuous
   BMI04       BMI06       BMI09       BMI11       DASH04      DASH06
   DASH09      DASH11

Observed independent variables
   AGE04       GENDER      KCAL04      MET04       SMOKE04     Q1
   Q2          Q3          EDUC04      SYSTO04     DIASTO04

Continuous latent variables
   IB          SB          ID          SD


Estimator                                                       ML
Information matrix                                        OBSERVED
Optimization Specifications for the Quasi-Newton Algorithm for
Continuous Outcomes
  Maximum number of iterations                                 100
  Convergence criterion                                  0.100D-05
Optimization Specifications for the EM Algorithm
  Maximum number of iterations                                 500
  Convergence criteria
    Loglikelihood change                                 0.100D-02
    Relative loglikelihood change                        0.100D-05
    Derivative                                           0.100D-02
Optimization Specifications for the M step of the EM Algorithm for
Categorical Latent variables
  Number of M step iterations                                    1
  M step convergence criterion                           0.100D-02
  Basis for M step termination                           ITERATION
Optimization Specifications for the M step of the EM Algorithm for
Censored, Binary or Ordered Categorical (Ordinal), Unordered
Categorical (Nominal) and Count Outcomes
  Number of M step iterations                                    1
  M step convergence criterion                           0.100D-02
  Basis for M step termination                           ITERATION
  Maximum value for logit thresholds                            15
  Minimum value for logit thresholds                           -15
  Minimum expected cell size for chi-square              0.100D-01
Maximum number of iterations for H1                           2000
Convergence criterion for H1                             0.100D-03
Number of bootstrap draws
    Requested                                                 1000
    Completed                                                 1000
Optimization algorithm                                         EMA
Integration Specifications
  Type                                                    STANDARD
  Number of integration points                                  15
  Dimensions of numerical integration                            0
  Adaptive quadrature                                           ON
Cholesky                                                       OFF

Input data file(s)
  id0411 mplus.csv
Input data format  FREE


SUMMARY OF DATA

     Number of missing data patterns           199


COVARIANCE COVERAGE OF DATA

Minimum covariance coverage value   0.100


     PROPORTION OF DATA PRESENT FOR Y


           Covariance Coverage
              BMI04         BMI06         BMI09         BMI11         DASH04
              ________      ________      ________      ________      ________
 BMI04          0.928
 BMI06          0.690         0.727
 BMI09          0.589         0.537         0.623
 BMI11          0.533         0.483         0.503         0.564
 DASH04         0.928         0.727         0.623         0.564         1.000
 DASH06         0.721         0.717         0.559         0.504         0.769
 DASH09         0.608         0.553         0.616         0.514         0.648
 DASH11         0.537         0.486         0.504         0.553         0.571
 AGE04          0.928         0.727         0.623         0.564         1.000
 GENDER         0.928         0.727         0.623         0.564         1.000
 KCAL04         0.928         0.727         0.623         0.564         1.000
 MET04          0.848         0.667         0.576         0.523         0.901
 SMOKE04        0.927         0.722         0.619         0.559         0.988
 Q1             0.927         0.726         0.622         0.563         0.999
 Q2             0.927         0.726         0.622         0.563         0.999
 Q3             0.927         0.726         0.622         0.563         0.999
 EDUC04         0.926         0.722         0.618         0.559         0.987
 SYSTO04        0.927         0.698         0.596         0.539         0.939
 DIASTO04       0.927         0.698         0.596         0.539         0.939


           Covariance Coverage
              DASH06        DASH09        DASH11        AGE04         GENDER
              ________      ________      ________      ________      ________
 DASH06         0.769
 DASH09         0.580         0.648
 DASH11         0.509         0.518         0.571
 AGE04          0.769         0.648         0.571         1.000
 GENDER         0.769         0.648         0.571         1.000         1.000
 KCAL04         0.769         0.648         0.571         1.000         1.000
 MET04          0.703         0.597         0.529         0.901         0.901
 SMOKE04        0.763         0.643         0.566         0.988         0.988
 Q1             0.768         0.647         0.570         0.999         0.999
 Q2             0.768         0.647         0.570         0.999         0.999
 Q3             0.768         0.647         0.570         0.999         0.999
 EDUC04         0.763         0.642         0.566         0.987         0.987
 SYSTO04        0.729         0.615         0.544         0.939         0.939
 DIASTO04       0.729         0.615         0.544         0.939         0.939


           Covariance Coverage
              KCAL04        MET04         SMOKE04       Q1            Q2
              ________      ________      ________      ________      ________
 KCAL04         1.000
 MET04          0.901         0.901
 SMOKE04        0.988         0.900         0.988
 Q1             0.999         0.900         0.987         0.999
 Q2             0.999         0.900         0.987         0.999         0.999
 Q3             0.999         0.900         0.987         0.999         0.999
 EDUC04         0.987         0.899         0.986         0.986         0.986
 SYSTO04        0.939         0.857         0.937         0.938         0.938
 DIASTO04       0.939         0.857         0.937         0.938         0.938


           Covariance Coverage
              Q3            EDUC04        SYSTO04       DIASTO04
              ________      ________      ________      ________
 Q3             0.999
 EDUC04         0.986         0.987
 SYSTO04        0.938         0.937         0.939
 DIASTO04       0.938         0.937         0.939         0.939



THE MODEL ESTIMATION TERMINATED NORMALLY



MODEL FIT INFORMATION

Number of Free Parameters                      143

Loglikelihood

          H0 Value                     -439348.905

Information Criteria

          Akaike (AIC)                  878983.810
          Bayesian (BIC)                880008.260
          Sample-Size Adjusted BIC      879553.828
            (n* = (n + 2) / 24)



MODEL RESULTS

                                                    Two-Tailed
                    Estimate       S.E.  Est./S.E.    P-Value

 IB       |
    BMI04              1.000      0.000    999.000    999.000
    BMI06              1.000      0.000    999.000    999.000
    BMI09              1.000      0.000    999.000    999.000
    BMI11              1.000      0.000    999.000    999.000

 SB       |
    BMI04              0.000      0.000    999.000    999.000
    BMI06              2.000      0.000    999.000    999.000
    BMI09              5.000      0.000    999.000    999.000
    BMI11              7.000      0.000    999.000    999.000

 ID       |
    DASH04             1.000      0.000    999.000    999.000
    DASH06             1.000      0.000    999.000    999.000
    DASH09             1.000      0.000    999.000    999.000
    DASH11             1.000      0.000    999.000    999.000

 SD       |
    DASH04             0.000      0.000    999.000    999.000
    DASH06             2.000      0.000    999.000    999.000
    DASH09             5.000      0.000    999.000    999.000
    DASH11             7.000      0.000    999.000    999.000

 IB         ON
    Q1                 0.102      0.091      1.117      0.264
    Q2                 0.677      0.093      7.251      0.000
    Q3                 0.648      0.110      5.911      0.000
    AGE04             -0.002      0.003     -0.627      0.531
    GENDER             0.374      0.088      4.262      0.000
    MET04              0.000      0.000      0.273      0.785
    KCAL04             0.000      0.000      6.817      0.000
    EDUC04             0.052      0.031      1.676      0.094
    SYSTO04            0.025      0.003      8.371      0.000
    DIASTO04           0.058      0.005     12.618      0.000
    SMOKE04           -0.360      0.075     -4.802      0.000

 SB         ON
    Q1                 0.012      0.013      0.979      0.328
    Q2                -0.009      0.014     -0.657      0.511
    Q3                -0.036      0.016     -2.250      0.024
    AGE04             -0.004      0.000     -8.758      0.000
    GENDER            -0.036      0.012     -2.854      0.004
    MET04              0.000      0.000     -0.834      0.404
    KCAL04             0.000      0.000      0.553      0.580
    EDUC04            -0.013      0.004     -3.013      0.003
    SYSTO04           -0.001      0.000     -3.407      0.001
    DIASTO04           0.000      0.001     -0.369      0.712
    SMOKE04           -0.014      0.012     -1.235      0.217

 ID         ON
    Q1                 0.582      0.198      2.942      0.003
    Q2                 0.447      0.198      2.252      0.024
    Q3                 1.909      0.236      8.073      0.000
    AGE04              0.027      0.006      4.651      0.000
    GENDER             0.892      0.187      4.775      0.000
    MET04              0.002      0.001      2.359      0.018
    KCAL04             0.000      0.000     -1.305      0.192
    EDUC04             0.213      0.068      3.149      0.002
    SYSTO04           -0.006      0.006     -1.004      0.315
    DIASTO04           0.000      0.010     -0.023      0.981
    SMOKE04            0.037      0.180      0.203      0.839

 SD         ON
    Q1                 0.022      0.049      0.458      0.647
    Q2                 0.080      0.052      1.538      0.124
    Q3                 0.245      0.057      4.293      0.000
    AGE04             -0.003      0.002     -1.668      0.095
    GENDER             0.044      0.051      0.863      0.388
    MET04              0.000      0.000      0.640      0.522
    KCAL04             0.000      0.000     -2.041      0.041
    EDUC04             0.018      0.017      1.048      0.294
    SYSTO04           -0.002      0.002     -1.531      0.126
    DIASTO04           0.007      0.002      3.029      0.002
    SMOKE04           -0.009      0.053     -0.164      0.870

 SB       WITH
    IB                -0.093      0.028     -3.311      0.001

 ID       WITH
    IB                 1.004      0.224      4.484      0.000
    SB                -0.062      0.031     -2.004      0.045

 SD       WITH
    IB                -0.153      0.057     -2.668      0.008
    SB                 0.000      0.007      0.059      0.953
    ID                -1.476      0.209     -7.065      0.000

 GENDER   WITH
    AGE04              0.199      0.078      2.550      0.011

 KCAL04   WITH
    AGE04          -1363.375    109.784    -12.419      0.000
    GENDER           -91.666      3.306    -27.724      0.000

 MET04    WITH
    AGE04           -420.211     17.339    -24.234      0.000
    GENDER            -8.109      0.606    -13.373      0.000
    KCAL04         15953.362    878.161     18.167      0.000

 SMOKE04  WITH
    AGE04              0.284      0.083      3.410      0.001
    GENDER            -0.150      0.002    -65.998      0.000
    KCAL04            57.582      3.559     16.180      0.000
    MET04              4.826      0.655      7.372      0.000

 Q1       WITH
    AGE04             -0.282      0.066     -4.290      0.000
    GENDER            -0.002      0.002     -0.817      0.414
    KCAL04            13.586      2.923      4.648      0.000
    MET04              5.221      0.521     10.022      0.000
    SMOKE04            0.003      0.002      1.509      0.131

 Q2       WITH
    AGE04              0.044      0.069      0.647      0.518
    GENDER             0.000      0.002      0.200      0.842
    KCAL04            -6.229      2.903     -2.146      0.032
    MET04             -5.767      0.461    -12.522      0.000
    SMOKE04            0.001      0.003      0.516      0.606
    Q1                -0.063      0.001    -49.192      0.000

 Q3       WITH
    AGE04              0.451      0.069      6.516      0.000
    GENDER             0.003      0.002      1.316      0.188
    KCAL04           -19.122      2.928     -6.531      0.000
    MET04             -9.889      0.445    -22.225      0.000
    SMOKE04           -0.007      0.002     -3.070      0.002
    Q1                -0.063      0.001    -48.809      0.000
    Q2                -0.063      0.001    -50.686      0.000

 EDUC04   WITH
    AGE04             -8.218      0.214    -38.444      0.000
    GENDER            -0.129      0.007    -19.786      0.000
    KCAL04            78.498      8.998      8.724      0.000
    MET04             -1.588      1.363     -1.166      0.244
    SMOKE04            0.042      0.006      6.640      0.000
    Q1                -0.090      0.005    -17.682      0.000
    Q2                 0.025      0.006      4.242      0.000
    Q3                 0.183      0.007     27.624      0.000

 SYSTO04  WITH
    AGE04            117.558      3.335     35.246      0.000
    GENDER            -0.814      0.097     -8.392      0.000
    KCAL04          -955.917    134.111     -7.128      0.000
    MET04           -277.132     21.794    -12.716      0.000
    SMOKE04            0.674      0.115      5.870      0.000
    Q1                -0.169      0.084     -2.015      0.044
    Q2                 0.393      0.084      4.666      0.000
    Q3                 0.343      0.084      4.086      0.000
    EDUC04            -3.746      0.277    -13.520      0.000

 DIASTO04 WITH
    AGE04             35.917      1.788     20.087      0.000
    GENDER            -0.691      0.059    -11.709      0.000
    KCAL04          -283.720     88.783     -3.196      0.001
    MET04            -84.685     13.397     -6.321      0.000
    SMOKE04            0.448      0.059      7.652      0.000
    Q1                -0.068      0.052     -1.299      0.194
    Q2                 0.367      0.050      7.378      0.000
    Q3                -0.010      0.048     -0.210      0.833
    EDUC04            -0.821      0.159     -5.160      0.000
    SYSTO04          148.475      3.431     43.279      0.000

 Means
    AGE04             47.385      0.152    311.364      0.000
    GENDER             1.519      0.005    289.604      0.000
    KCAL04          2188.497      6.913    316.566      0.000
    MET04            116.468      1.211     96.143      0.000
    SMOKE04            0.335      0.006     60.828      0.000
    Q1                 0.250      0.004     56.733      0.000
    Q2                 0.250      0.004     57.922      0.000
    Q3                 0.250      0.004     57.905      0.000
    EDUC04             1.729      0.013    128.657      0.000
    SYSTO04          122.076      0.194    628.895      0.000
    DIASTO04          78.637      0.121    652.181      0.000

 Intercepts
    BMI04              0.000      0.000    999.000    999.000
    BMI06              0.000      0.000    999.000    999.000
    BMI09              0.000      0.000    999.000    999.000
    BMI11              0.000      0.000    999.000    999.000
    DASH04             0.000      0.000    999.000    999.000
    DASH06             0.000      0.000    999.000    999.000
    DASH09             0.000      0.000    999.000    999.000
    DASH11             0.000      0.000    999.000    999.000
    IB                13.813      0.376     36.765      0.000
    SB                 0.511      0.054      9.545      0.000
    ID                44.479      0.800     55.590      0.000
    SD                 0.071      0.200      0.354      0.723

 Variances
    AGE04            235.499      2.976     79.132      0.000
    GENDER             0.250      0.000   1227.022      0.000
    KCAL04         *********   8168.494     56.104      0.000
    MET04          12717.774    342.217     37.163      0.000
    SMOKE04            0.276      0.021     13.035      0.000
    Q1                 0.188      0.002     85.024      0.000
    Q2                 0.188      0.002     86.912      0.000
    Q3                 0.188      0.002     86.693      0.000
    EDUC04             1.755      0.024     73.157      0.000
    SYSTO04          345.179      7.618     45.312      0.000
    DIASTO04         126.206      2.576     48.985      0.000

 Residual Variances
    BMI04              0.967      0.130      7.458      0.000
    BMI06              3.133      1.788      1.753      0.080
    BMI09              1.537      0.095     16.174      0.000
    BMI11             13.571      5.677      2.391      0.017
    DASH04            42.498      1.184     35.901      0.000
    DASH06            51.059      0.974     52.441      0.000
    DASH09            54.704      1.249     43.782      0.000
    DASH11            65.200      1.930     33.779      0.000
    IB                 9.115      0.208     43.835      0.000
    SB                 0.046      0.004     10.995      0.000
    ID                15.750      1.062     14.829      0.000
    SD                 0.357      0.055      6.543      0.000


CONFIDENCE INTERVALS OF MODEL RESULTS

                  Lower .5%  Lower 2.5%    Lower 5%    Estimate    Upper 5%  Upper 2.5%   Upper .5%

 IB       |
    BMI04            1.000       1.000       1.000       1.000       1.000       1.000       1.000
    BMI06            1.000       1.000       1.000       1.000       1.000       1.000       1.000
    BMI09            1.000       1.000       1.000       1.000       1.000       1.000       1.000
    BMI11            1.000       1.000       1.000       1.000       1.000       1.000       1.000

 SB       |
    BMI04            0.000       0.000       0.000       0.000       0.000       0.000       0.000
    BMI06            2.000       2.000       2.000       2.000       2.000       2.000       2.000
    BMI09            5.000       5.000       5.000       5.000       5.000       5.000       5.000
    BMI11            7.000       7.000       7.000       7.000       7.000       7.000       7.000

 ID       |
    DASH04           1.000       1.000       1.000       1.000       1.000       1.000       1.000
    DASH06           1.000       1.000       1.000       1.000       1.000       1.000       1.000
    DASH09           1.000       1.000       1.000       1.000       1.000       1.000       1.000
    DASH11           1.000       1.000       1.000       1.000       1.000       1.000       1.000

 SD       |
    DASH04           0.000       0.000       0.000       0.000       0.000       0.000       0.000
    DASH06           2.000       2.000       2.000       2.000       2.000       2.000       2.000
    DASH09           5.000       5.000       5.000       5.000       5.000       5.000       5.000
    DASH11           7.000       7.000       7.000       7.000       7.000       7.000       7.000

 IB       ON
    Q1              -0.180      -0.099      -0.054       0.102       0.241       0.270       0.323
    Q2               0.437       0.492       0.520       0.677       0.820       0.843       0.898
    Q3               0.362       0.410       0.440       0.648       0.810       0.845       0.910
    AGE04           -0.009      -0.007      -0.006      -0.002       0.003       0.003       0.005
    GENDER           0.147       0.195       0.223       0.374       0.510       0.532       0.581
    MET04           -0.001      -0.001       0.000       0.000       0.001       0.001       0.001
    KCAL04           0.000       0.000       0.000       0.000       0.000       0.000       0.000
    EDUC04          -0.023      -0.007      -0.001       0.052       0.103       0.113       0.127
    SYSTO04          0.016       0.019       0.020       0.025       0.030       0.031       0.032
    DIASTO04         0.047       0.049       0.051       0.058       0.066       0.067       0.070
    SMOKE04         -0.560      -0.516      -0.487      -0.360      -0.246      -0.225      -0.193

 SB       ON
    Q1              -0.018      -0.011      -0.007       0.012       0.034       0.040       0.046
    Q2              -0.044      -0.036      -0.032      -0.009       0.015       0.020       0.029
    Q3              -0.074      -0.066      -0.061      -0.036      -0.009      -0.004       0.005
    AGE04           -0.005      -0.004      -0.004      -0.004      -0.003      -0.003      -0.003
    GENDER          -0.066      -0.059      -0.056      -0.036      -0.015      -0.010      -0.003
    MET04            0.000       0.000       0.000       0.000       0.000       0.000       0.000
    KCAL04           0.000       0.000       0.000       0.000       0.000       0.000       0.000
    EDUC04          -0.023      -0.021      -0.020      -0.013      -0.005      -0.004      -0.001
    SYSTO04         -0.003      -0.002      -0.002      -0.001      -0.001      -0.001       0.000
    DIASTO04        -0.002      -0.001      -0.001       0.000       0.001       0.001       0.001
    SMOKE04         -0.045      -0.039      -0.035      -0.014       0.004       0.008       0.013

 ID       ON
    Q1               0.030       0.187       0.250       0.582       0.892       0.954       1.056
    Q2              -0.093       0.047       0.119       0.447       0.765       0.844       0.948
    Q3               1.269       1.440       1.510       1.909       2.308       2.361       2.520
    AGE04            0.012       0.016       0.018       0.027       0.037       0.039       0.042
    GENDER           0.331       0.550       0.610       0.892       1.216       1.273       1.406
    MET04            0.000       0.000       0.001       0.002       0.003       0.003       0.004
    KCAL04           0.000       0.000       0.000       0.000       0.000       0.000       0.000
    EDUC04           0.041       0.079       0.100       0.213       0.326       0.346       0.379
    SYSTO04         -0.022      -0.018      -0.017      -0.006       0.004       0.005       0.009
    DIASTO04        -0.025      -0.018      -0.014       0.000       0.016       0.020       0.025
    SMOKE04         -0.408      -0.291      -0.243       0.037       0.352       0.425       0.520

 SD       ON
    Q1              -0.112      -0.073      -0.059       0.022       0.103       0.124       0.155
    Q2              -0.059      -0.025      -0.004       0.080       0.166       0.182       0.222
    Q3               0.103       0.140       0.159       0.245       0.341       0.362       0.402
    AGE04           -0.007      -0.005      -0.005      -0.003       0.000       0.001       0.001
    GENDER          -0.096      -0.062      -0.044       0.044       0.128       0.141       0.159
    MET04            0.000       0.000       0.000       0.000       0.000       0.000       0.001
    KCAL04           0.000       0.000       0.000       0.000       0.000       0.000       0.000
    EDUC04          -0.030      -0.014      -0.010       0.018       0.045       0.051       0.062
    SYSTO04         -0.006      -0.005      -0.005      -0.002       0.000       0.001       0.002
    DIASTO04         0.001       0.003       0.003       0.007       0.011       0.012       0.014
    SMOKE04         -0.160      -0.123      -0.097      -0.009       0.072       0.089       0.115

 SB       WITH
    IB              -0.151      -0.135      -0.129      -0.093      -0.038      -0.032      -0.020

 ID       WITH
    IB               0.421       0.561       0.634       1.004       1.375       1.447       1.589
    SB              -0.134      -0.119      -0.110      -0.062      -0.009       0.002       0.030

 SD       WITH
    IB              -0.300      -0.259      -0.241      -0.153      -0.058      -0.046      -0.006
    SB              -0.023      -0.014      -0.012       0.000       0.012       0.014       0.018
    ID              -2.074      -1.871      -1.822      -1.476      -1.135      -1.081      -0.983

 GENDER   WITH
    AGE04           -0.006       0.046       0.064       0.199       0.319       0.343       0.397

 KCAL04   WITH
    AGE04        -1651.838   -1575.775   -1549.657   -1363.375   -1195.060   -1159.546   -1090.140
    GENDER        -101.226     -98.376     -97.286     -91.666     -86.432     -85.485     -83.590

 MET04    WITH
    AGE04         -467.809    -455.359    -449.702    -420.211    -392.506    -388.083    -377.054
    GENDER          -9.746      -9.368      -9.092      -8.109      -7.082      -6.863      -6.602
    KCAL04       13915.203   14307.941   14569.603   15953.362   17463.041   17668.707   18430.490

 SMOKE04  WITH
    AGE04            0.075       0.125       0.149       0.284       0.424       0.445       0.490
    GENDER          -0.156      -0.155      -0.154      -0.150      -0.147      -0.146      -0.144
    KCAL04          48.655      50.700      51.863      57.582      63.296      64.713      67.848
    MET04            3.112       3.529       3.726       4.826       5.906       6.095       6.450

 Q1       WITH
    AGE04           -0.459      -0.414      -0.396      -0.282      -0.180      -0.165      -0.123
    GENDER          -0.008      -0.007      -0.006      -0.002       0.002       0.002       0.004
    KCAL04           6.748       8.331       9.061      13.586      18.377      19.473      22.189
    MET04            3.835       4.224       4.404       5.221       6.091       6.208       6.486
    SMOKE04         -0.002      -0.001       0.000       0.003       0.007       0.007       0.008

 Q2       WITH
    AGE04           -0.149      -0.086      -0.064       0.044       0.166       0.182       0.226
    GENDER          -0.005      -0.004      -0.003       0.000       0.004       0.005       0.006
    KCAL04         -13.876     -11.890     -11.140      -6.229      -1.665      -0.705       1.010
    MET04           -7.010      -6.695      -6.530      -5.767      -5.011      -4.893      -4.677
    SMOKE04         -0.005      -0.003      -0.003       0.001       0.006       0.007       0.008
    Q1              -0.066      -0.065      -0.065      -0.063      -0.061      -0.060      -0.060

 Q3       WITH
    AGE04            0.266       0.319       0.337       0.451       0.560       0.587       0.646
    GENDER          -0.003      -0.001      -0.001       0.003       0.007       0.007       0.009
    KCAL04         -26.932     -25.149     -23.996     -19.122     -14.414     -13.649     -12.220
    MET04          -11.208     -10.778     -10.659      -9.889      -9.173      -9.059      -8.838
    SMOKE04         -0.014      -0.012      -0.011      -0.007      -0.003      -0.003      -0.002
    Q1              -0.066      -0.065      -0.065      -0.063      -0.060      -0.060      -0.059
    Q2              -0.066      -0.065      -0.065      -0.063      -0.061      -0.060      -0.059

 EDUC04   WITH
    AGE04           -8.770      -8.645      -8.571      -8.218      -7.867      -7.791      -7.705
    GENDER          -0.146      -0.141      -0.139      -0.129      -0.118      -0.116      -0.111
    KCAL04          54.841      61.252      63.601      78.498      94.232      97.131     101.054
    MET04           -4.860      -4.276      -3.901      -1.588       0.593       1.011       1.581
    SMOKE04          0.026       0.030       0.031       0.042       0.052       0.054       0.058
    Q1              -0.105      -0.101      -0.099      -0.090      -0.082      -0.081      -0.078
    Q2               0.010       0.013       0.015       0.025       0.034       0.037       0.041
    Q3               0.164       0.170       0.172       0.183       0.193       0.196       0.200

 SYSTO04  WITH
    AGE04          108.226     110.631     112.071     117.558     122.799     124.255     125.970
    GENDER          -1.045      -1.007      -0.979      -0.814      -0.657      -0.632      -0.572
    KCAL04       -1281.491   -1214.966   -1169.300    -955.917    -734.760    -703.669    -614.179
    MET04         -332.740    -319.417    -312.534    -277.132    -241.312    -234.261    -217.087
    SMOKE04          0.407       0.472       0.503       0.674       0.876       0.928       1.008
    Q1              -0.397      -0.332      -0.310      -0.169      -0.035      -0.007       0.048
    Q2               0.166       0.218       0.254       0.393       0.532       0.555       0.604
    Q3               0.108       0.178       0.206       0.343       0.478       0.504       0.551
    EDUC04          -4.509      -4.307      -4.195      -3.746      -3.290      -3.191      -3.051

 DIASTO04 WITH
    AGE04           31.290      32.370      33.040      35.917      38.839      39.366      40.368
    GENDER          -0.846      -0.803      -0.793      -0.691      -0.595      -0.578      -0.547
    KCAL04        -523.924    -457.941    -436.405    -283.720    -139.806    -117.553     -64.999
    MET04         -118.592    -111.620    -107.711     -84.685     -63.025     -59.709     -52.460
    SMOKE04          0.303       0.336       0.358       0.448       0.548       0.571       0.609
    Q1              -0.209      -0.170      -0.152      -0.068       0.016       0.031       0.067
    Q2               0.231       0.266       0.286       0.367       0.453       0.463       0.488
    Q3              -0.138      -0.108      -0.088      -0.010       0.065       0.085       0.114
    EDUC04          -1.289      -1.149      -1.086      -0.821      -0.558      -0.521      -0.436
    SYSTO04        139.430     141.488     142.710     148.475     153.865     155.075     157.249

 Means
    AGE04           46.990      47.063      47.134      47.385      47.623      47.684      47.803
    GENDER           1.505       1.509       1.511       1.519       1.527       1.529       1.533
    KCAL04        2171.270    2174.952    2176.839    2188.497    2200.025    2201.453    2206.185
    MET04          113.074     114.028     114.395     116.468     118.472     118.770     119.626
    SMOKE04          0.321       0.324       0.326       0.335       0.344       0.345       0.349
    Q1               0.239       0.240       0.243       0.250       0.257       0.258       0.261
    Q2               0.239       0.242       0.243       0.250       0.257       0.258       0.262
    Q3               0.237       0.242       0.243       0.250       0.257       0.258       0.261
    EDUC04           1.693       1.702       1.706       1.729       1.750       1.755       1.765
    SYSTO04        121.588     121.701     121.759     122.076     122.390     122.440     122.607
    DIASTO04        78.323      78.401      78.440      78.637      78.827      78.873      78.970

 Intercepts
    BMI04            0.000       0.000       0.000       0.000       0.000       0.000       0.000
    BMI06            0.000       0.000       0.000       0.000       0.000       0.000       0.000
    BMI09            0.000       0.000       0.000       0.000       0.000       0.000       0.000
    BMI11            0.000       0.000       0.000       0.000       0.000       0.000       0.000
    DASH04           0.000       0.000       0.000       0.000       0.000       0.000       0.000
    DASH06           0.000       0.000       0.000       0.000       0.000       0.000       0.000
    DASH09           0.000       0.000       0.000       0.000       0.000       0.000       0.000
    DASH11           0.000       0.000       0.000       0.000       0.000       0.000       0.000
    IB              12.857      13.130      13.214      13.813      14.456      14.568      14.747
    SB               0.366       0.404       0.426       0.511       0.600       0.611       0.642
    ID              42.215      42.899      43.154      44.479      45.720      45.953      46.432
    SD              -0.411      -0.294      -0.239       0.071       0.430       0.488       0.568

 Variances
    AGE04          228.029     229.925     230.677     235.499     240.541     241.408     242.897
    GENDER           0.249       0.249       0.249       0.250       0.250       0.250       0.250
    KCAL04       *********  441441.438  444368.469  458288.844  470965.500  473600.062  479769.688
    MET04        11909.994   12109.784   12207.268   12717.774   13305.306   13425.711   13759.787
    SMOKE04          0.228       0.237       0.243       0.276       0.311       0.318       0.333
    Q1               0.182       0.183       0.184       0.188       0.191       0.192       0.193
    Q2               0.182       0.183       0.184       0.188       0.191       0.192       0.193
    Q3               0.181       0.183       0.184       0.188       0.191       0.192       0.193
    EDUC04           1.693       1.707       1.715       1.755       1.794       1.801       1.816
    SYSTO04        325.261     329.612     331.932     345.179     357.190     359.450     362.814
    DIASTO04       119.112     121.146     121.963     126.206     130.513     131.052     132.825

 Residual Variances
    BMI04            0.726       0.770       0.802       0.967       1.208       1.231       1.271
    BMI06            1.188       1.215       1.228       3.133       6.556       6.641       8.315
    BMI09            1.269       1.326       1.350       1.537       1.662       1.688       1.736
    BMI11            5.011       5.834       6.196      13.571      23.846      26.493      35.686
    DASH04          39.139      40.053      40.534      42.498      44.344      44.768      45.152
    DASH06          48.671      49.179      49.482      51.059      52.702      52.930      53.317
    DASH09          51.642      52.282      52.658      54.704      56.804      57.109      57.830
    DASH11          60.604      61.536      62.052      65.200      68.315      68.832      70.391
    IB               8.568       8.672       8.744       9.115       9.418       9.476       9.656
    SB               0.036       0.039       0.040       0.046       0.053       0.055       0.058
    ID              13.268      13.723      14.010      15.750      17.490      17.800      18.438
    SD               0.225       0.253       0.268       0.357       0.445       0.462       0.501


TECHNICAL 1 OUTPUT


     PARAMETER SPECIFICATION


           NU
              BMI04         BMI06         BMI09         BMI11         DASH04
              ________      ________      ________      ________      ________
 1                  0             0             0             0             0


           NU
              DASH06        DASH09        DASH11        AGE04         GENDER
              ________      ________      ________      ________      ________
 1                  0             0             0             0             0


           NU
              KCAL04        MET04         SMOKE04       Q1            Q2
              ________      ________      ________      ________      ________
 1                  0             0             0             0             0


           NU
              Q3            EDUC04        SYSTO04       DIASTO04
              ________      ________      ________      ________
 1                  0             0             0             0


           LAMBDA
              IB            SB            ID            SD            AGE04
              ________      ________      ________      ________      ________
 BMI04              0             0             0             0             0
 BMI06              0             0             0             0             0
 BMI09              0             0             0             0             0
 BMI11              0             0             0             0             0
 DASH04             0             0             0             0             0
 DASH06             0             0             0             0             0
 DASH09             0             0             0             0             0
 DASH11             0             0             0             0             0
 AGE04              0             0             0             0             0
 GENDER             0             0             0             0             0
 KCAL04             0             0             0             0             0
 MET04              0             0             0             0             0
 SMOKE04            0             0             0             0             0
 Q1                 0             0             0             0             0
 Q2                 0             0             0             0             0
 Q3                 0             0             0             0             0
 EDUC04             0             0             0             0             0
 SYSTO04            0             0             0             0             0
 DIASTO04           0             0             0             0             0


           LAMBDA
              GENDER        KCAL04        MET04         SMOKE04       Q1
              ________      ________      ________      ________      ________
 BMI04              0             0             0             0             0
 BMI06              0             0             0             0             0
 BMI09              0             0             0             0             0
 BMI11              0             0             0             0             0
 DASH04             0             0             0             0             0
 DASH06             0             0             0             0             0
 DASH09             0             0             0             0             0
 DASH11             0             0             0             0             0
 AGE04              0             0             0             0             0
 GENDER             0             0             0             0             0
 KCAL04             0             0             0             0             0
 MET04              0             0             0             0             0
 SMOKE04            0             0             0             0             0
 Q1                 0             0             0             0             0
 Q2                 0             0             0             0             0
 Q3                 0             0             0             0             0
 EDUC04             0             0             0             0             0
 SYSTO04            0             0             0             0             0
 DIASTO04           0             0             0             0             0


           LAMBDA
              Q2            Q3            EDUC04        SYSTO04       DIASTO04
              ________      ________      ________      ________      ________
 BMI04              0             0             0             0             0
 BMI06              0             0             0             0             0
 BMI09              0             0             0             0             0
 BMI11              0             0             0             0             0
 DASH04             0             0             0             0             0
 DASH06             0             0             0             0             0
 DASH09             0             0             0             0             0
 DASH11             0             0             0             0             0
 AGE04              0             0             0             0             0
 GENDER             0             0             0             0             0
 KCAL04             0             0             0             0             0
 MET04              0             0             0             0             0
 SMOKE04            0             0             0             0             0
 Q1                 0             0             0             0             0
 Q2                 0             0             0             0             0
 Q3                 0             0             0             0             0
 EDUC04             0             0             0             0             0
 SYSTO04            0             0             0             0             0
 DIASTO04           0             0             0             0             0


           THETA
              BMI04         BMI06         BMI09         BMI11         DASH04
              ________      ________      ________      ________      ________
 BMI04              1
 BMI06              0             2
 BMI09              0             0             3
 BMI11              0             0             0             4
 DASH04             0             0             0             0             5
 DASH06             0             0             0             0             0
 DASH09             0             0             0             0             0
 DASH11             0             0             0             0             0
 AGE04              0             0             0             0             0
 GENDER             0             0             0             0             0
 KCAL04             0             0             0             0             0
 MET04              0             0             0             0             0
 SMOKE04            0             0             0             0             0
 Q1                 0             0             0             0             0
 Q2                 0             0             0             0             0
 Q3                 0             0             0             0             0
 EDUC04             0             0             0             0             0
 SYSTO04            0             0             0             0             0
 DIASTO04           0             0             0             0             0


           THETA
              DASH06        DASH09        DASH11        AGE04         GENDER
              ________      ________      ________      ________      ________
 DASH06             6
 DASH09             0             7
 DASH11             0             0             8
 AGE04              0             0             0             0
 GENDER             0             0             0             0             0
 KCAL04             0             0             0             0             0
 MET04              0             0             0             0             0
 SMOKE04            0             0             0             0             0
 Q1                 0             0             0             0             0
 Q2                 0             0             0             0             0
 Q3                 0             0             0             0             0
 EDUC04             0             0             0             0             0
 SYSTO04            0             0             0             0             0
 DIASTO04           0             0             0             0             0


           THETA
              KCAL04        MET04         SMOKE04       Q1            Q2
              ________      ________      ________      ________      ________
 KCAL04             0
 MET04              0             0
 SMOKE04            0             0             0
 Q1                 0             0             0             0
 Q2                 0             0             0             0             0
 Q3                 0             0             0             0             0
 EDUC04             0             0             0             0             0
 SYSTO04            0             0             0             0             0
 DIASTO04           0             0             0             0             0


           THETA
              Q3            EDUC04        SYSTO04       DIASTO04
              ________      ________      ________      ________
 Q3                 0
 EDUC04             0             0
 SYSTO04            0             0             0
 DIASTO04           0             0             0             0


           ALPHA
              IB            SB            ID            SD            AGE04
              ________      ________      ________      ________      ________
 1                  9            10            11            12            13


           ALPHA
              GENDER        KCAL04        MET04         SMOKE04       Q1
              ________      ________      ________      ________      ________
 1                 14            15            16            17            18


           ALPHA
              Q2            Q3            EDUC04        SYSTO04       DIASTO04
              ________      ________      ________      ________      ________
 1                 19            20            21            22            23


           BETA
              IB            SB            ID            SD            AGE04
              ________      ________      ________      ________      ________
 IB                 0             0             0             0            24
 SB                 0             0             0             0            35
 ID                 0             0             0             0            46
 SD                 0             0             0             0            57
 AGE04              0             0             0             0             0
 GENDER             0             0             0             0             0
 KCAL04             0             0             0             0             0
 MET04              0             0             0             0             0
 SMOKE04            0             0             0             0             0
 Q1                 0             0             0             0             0
 Q2                 0             0             0             0             0
 Q3                 0             0             0             0             0
 EDUC04             0             0             0             0             0
 SYSTO04            0             0             0             0             0
 DIASTO04           0             0             0             0             0


           BETA
              GENDER        KCAL04        MET04         SMOKE04       Q1
              ________      ________      ________      ________      ________
 IB                25            26            27            28            29
 SB                36            37            38            39            40
 ID                47            48            49            50            51
 SD                58            59            60            61            62
 AGE04              0             0             0             0             0
 GENDER             0             0             0             0             0
 KCAL04             0             0             0             0             0
 MET04              0             0             0             0             0
 SMOKE04            0             0             0             0             0
 Q1                 0             0             0             0             0
 Q2                 0             0             0             0             0
 Q3                 0             0             0             0             0
 EDUC04             0             0             0             0             0
 SYSTO04            0             0             0             0             0
 DIASTO04           0             0             0             0             0


           BETA
              Q2            Q3            EDUC04        SYSTO04       DIASTO04
              ________      ________      ________      ________      ________
 IB                30            31            32            33            34
 SB                41            42            43            44            45
 ID                52            53            54            55            56
 SD                63            64            65            66            67
 AGE04              0             0             0             0             0
 GENDER             0             0             0             0             0
 KCAL04             0             0             0             0             0
 MET04              0             0             0             0             0
 SMOKE04            0             0             0             0             0
 Q1                 0             0             0             0             0
 Q2                 0             0             0             0             0
 Q3                 0             0             0             0             0
 EDUC04             0             0             0             0             0
 SYSTO04            0             0             0             0             0
 DIASTO04           0             0             0             0             0


           PSI
              IB            SB            ID            SD            AGE04
              ________      ________      ________      ________      ________
 IB                68
 SB                69            70
 ID                71            72            73
 SD                74            75            76            77
 AGE04              0             0             0             0            78
 GENDER             0             0             0             0            79
 KCAL04             0             0             0             0            81
 MET04              0             0             0             0            84
 SMOKE04            0             0             0             0            88
 Q1                 0             0             0             0            93
 Q2                 0             0             0             0            99
 Q3                 0             0             0             0           106
 EDUC04             0             0             0             0           114
 SYSTO04            0             0             0             0           123
 DIASTO04           0             0             0             0           133


           PSI
              GENDER        KCAL04        MET04         SMOKE04       Q1
              ________      ________      ________      ________      ________
 GENDER            80
 KCAL04            82            83
 MET04             85            86            87
 SMOKE04           89            90            91            92
 Q1                94            95            96            97            98
 Q2               100           101           102           103           104
 Q3               107           108           109           110           111
 EDUC04           115           116           117           118           119
 SYSTO04          124           125           126           127           128
 DIASTO04         134           135           136           137           138


           PSI
              Q2            Q3            EDUC04        SYSTO04       DIASTO04
              ________      ________      ________      ________      ________
 Q2               105
 Q3               112           113
 EDUC04           120           121           122
 SYSTO04          129           130           131           132
 DIASTO04         139           140           141           142           143


     STARTING VALUES


           NU
              BMI04         BMI06         BMI09         BMI11         DASH04
              ________      ________      ________      ________      ________
 1              0.000         0.000         0.000         0.000         0.000


           NU
              DASH06        DASH09        DASH11        AGE04         GENDER
              ________      ________      ________      ________      ________
 1              0.000         0.000         0.000         0.000         0.000


           NU
              KCAL04        MET04         SMOKE04       Q1            Q2
              ________      ________      ________      ________      ________
 1              0.000         0.000         0.000         0.000         0.000


           NU
              Q3            EDUC04        SYSTO04       DIASTO04
              ________      ________      ________      ________
 1              0.000         0.000         0.000         0.000


           LAMBDA
              IB            SB            ID            SD            AGE04
              ________      ________      ________      ________      ________
 BMI04          1.000         0.000         0.000         0.000         0.000
 BMI06          1.000         2.000         0.000         0.000         0.000
 BMI09          1.000         5.000         0.000         0.000         0.000
 BMI11          1.000         7.000         0.000         0.000         0.000
 DASH04         0.000         0.000         1.000         0.000         0.000
 DASH06         0.000         0.000         1.000         2.000         0.000
 DASH09         0.000         0.000         1.000         5.000         0.000
 DASH11         0.000         0.000         1.000         7.000         0.000
 AGE04          0.000         0.000         0.000         0.000         1.000
 GENDER         0.000         0.000         0.000         0.000         0.000
 KCAL04         0.000         0.000         0.000         0.000         0.000
 MET04          0.000         0.000         0.000         0.000         0.000
 SMOKE04        0.000         0.000         0.000         0.000         0.000
 Q1             0.000         0.000         0.000         0.000         0.000
 Q2             0.000         0.000         0.000         0.000         0.000
 Q3             0.000         0.000         0.000         0.000         0.000
 EDUC04         0.000         0.000         0.000         0.000         0.000
 SYSTO04        0.000         0.000         0.000         0.000         0.000
 DIASTO04       0.000         0.000         0.000         0.000         0.000


           LAMBDA
              GENDER        KCAL04        MET04         SMOKE04       Q1
              ________      ________      ________      ________      ________
 BMI04          0.000         0.000         0.000         0.000         0.000
 BMI06          0.000         0.000         0.000         0.000         0.000
 BMI09          0.000         0.000         0.000         0.000         0.000
 BMI11          0.000         0.000         0.000         0.000         0.000
 DASH04         0.000         0.000         0.000         0.000         0.000
 DASH06         0.000         0.000         0.000         0.000         0.000
 DASH09         0.000         0.000         0.000         0.000         0.000
 DASH11         0.000         0.000         0.000         0.000         0.000
 AGE04          0.000         0.000         0.000         0.000         0.000
 GENDER         1.000         0.000         0.000         0.000         0.000
 KCAL04         0.000         1.000         0.000         0.000         0.000
 MET04          0.000         0.000         1.000         0.000         0.000
 SMOKE04        0.000         0.000         0.000         1.000         0.000
 Q1             0.000         0.000         0.000         0.000         1.000
 Q2             0.000         0.000         0.000         0.000         0.000
 Q3             0.000         0.000         0.000         0.000         0.000
 EDUC04         0.000         0.000         0.000         0.000         0.000
 SYSTO04        0.000         0.000         0.000         0.000         0.000
 DIASTO04       0.000         0.000         0.000         0.000         0.000


           LAMBDA
              Q2            Q3            EDUC04        SYSTO04       DIASTO04
              ________      ________      ________      ________      ________
 BMI04          0.000         0.000         0.000         0.000         0.000
 BMI06          0.000         0.000         0.000         0.000         0.000
 BMI09          0.000         0.000         0.000         0.000         0.000
 BMI11          0.000         0.000         0.000         0.000         0.000
 DASH04         0.000         0.000         0.000         0.000         0.000
 DASH06         0.000         0.000         0.000         0.000         0.000
 DASH09         0.000         0.000         0.000         0.000         0.000
 DASH11         0.000         0.000         0.000         0.000         0.000
 AGE04          0.000         0.000         0.000         0.000         0.000
 GENDER         0.000         0.000         0.000         0.000         0.000
 KCAL04         0.000         0.000         0.000         0.000         0.000
 MET04          0.000         0.000         0.000         0.000         0.000
 SMOKE04        0.000         0.000         0.000         0.000         0.000
 Q1             0.000         0.000         0.000         0.000         0.000
 Q2             1.000         0.000         0.000         0.000         0.000
 Q3             0.000         1.000         0.000         0.000         0.000
 EDUC04         0.000         0.000         1.000         0.000         0.000
 SYSTO04        0.000         0.000         0.000         1.000         0.000
 DIASTO04       0.000         0.000         0.000         0.000         1.000


           THETA
              BMI04         BMI06         BMI09         BMI11         DASH04
              ________      ________      ________      ________      ________
 BMI04          5.617
 BMI06          0.000         6.364
 BMI09          0.000         0.000         5.891
 BMI11          0.000         0.000         0.000        11.820
 DASH04         0.000         0.000         0.000         0.000        29.408
 DASH06         0.000         0.000         0.000         0.000         0.000
 DASH09         0.000         0.000         0.000         0.000         0.000
 DASH11         0.000         0.000         0.000         0.000         0.000
 AGE04          0.000         0.000         0.000         0.000         0.000
 GENDER         0.000         0.000         0.000         0.000         0.000
 KCAL04         0.000         0.000         0.000         0.000         0.000
 MET04          0.000         0.000         0.000         0.000         0.000
 SMOKE04        0.000         0.000         0.000         0.000         0.000
 Q1             0.000         0.000         0.000         0.000         0.000
 Q2             0.000         0.000         0.000         0.000         0.000
 Q3             0.000         0.000         0.000         0.000         0.000
 EDUC04         0.000         0.000         0.000         0.000         0.000
 SYSTO04        0.000         0.000         0.000         0.000         0.000
 DIASTO04       0.000         0.000         0.000         0.000         0.000


           THETA
              DASH06        DASH09        DASH11        AGE04         GENDER
              ________      ________      ________      ________      ________
 DASH06        32.266
 DASH09         0.000        33.337
 DASH11         0.000         0.000        39.783
 AGE04          0.000         0.000         0.000         0.000
 GENDER         0.000         0.000         0.000         0.000         0.000
 KCAL04         0.000         0.000         0.000         0.000         0.000
 MET04          0.000         0.000         0.000         0.000         0.000
 SMOKE04        0.000         0.000         0.000         0.000         0.000
 Q1             0.000         0.000         0.000         0.000         0.000
 Q2             0.000         0.000         0.000         0.000         0.000
 Q3             0.000         0.000         0.000         0.000         0.000
 EDUC04         0.000         0.000         0.000         0.000         0.000
 SYSTO04        0.000         0.000         0.000         0.000         0.000
 DIASTO04       0.000         0.000         0.000         0.000         0.000


           THETA
              KCAL04        MET04         SMOKE04       Q1            Q2
              ________      ________      ________      ________      ________
 KCAL04         0.000
 MET04          0.000         0.000
 SMOKE04        0.000         0.000         0.000
 Q1             0.000         0.000         0.000         0.000
 Q2             0.000         0.000         0.000         0.000         0.000
 Q3             0.000         0.000         0.000         0.000         0.000
 EDUC04         0.000         0.000         0.000         0.000         0.000
 SYSTO04        0.000         0.000         0.000         0.000         0.000
 DIASTO04       0.000         0.000         0.000         0.000         0.000


           THETA
              Q3            EDUC04        SYSTO04       DIASTO04
              ________      ________      ________      ________
 Q3             0.000
 EDUC04         0.000         0.000
 SYSTO04        0.000         0.000         0.000
 DIASTO04       0.000         0.000         0.000         0.000


           ALPHA
              IB            SB            ID            SD            AGE04
              ________      ________      ________      ________      ________
 1             23.091         0.035        47.319         0.230        47.385


           ALPHA
              GENDER        KCAL04        MET04         SMOKE04       Q1
              ________      ________      ________      ________      ________
 1              1.519      2188.497       118.186         0.334         0.250


           ALPHA
              Q2            Q3            EDUC04        SYSTO04       DIASTO04
              ________      ________      ________      ________      ________
 1              0.250         0.250         1.724       122.224        78.671


           BETA
              IB            SB            ID            SD            AGE04
              ________      ________      ________      ________      ________
 IB             0.000         0.000         0.000         0.000         0.000
 SB             0.000         0.000         0.000         0.000         0.000
 ID             0.000         0.000         0.000         0.000         0.000
 SD             0.000         0.000         0.000         0.000         0.000
 AGE04          0.000         0.000         0.000         0.000         0.000
 GENDER         0.000         0.000         0.000         0.000         0.000
 KCAL04         0.000         0.000         0.000         0.000         0.000
 MET04          0.000         0.000         0.000         0.000         0.000
 SMOKE04        0.000         0.000         0.000         0.000         0.000
 Q1             0.000         0.000         0.000         0.000         0.000
 Q2             0.000         0.000         0.000         0.000         0.000
 Q3             0.000         0.000         0.000         0.000         0.000
 EDUC04         0.000         0.000         0.000         0.000         0.000
 SYSTO04        0.000         0.000         0.000         0.000         0.000
 DIASTO04       0.000         0.000         0.000         0.000         0.000


           BETA
              GENDER        KCAL04        MET04         SMOKE04       Q1
              ________      ________      ________      ________      ________
 IB             0.000         0.000         0.000         0.000         0.000
 SB             0.000         0.000         0.000         0.000         0.000
 ID             0.000         0.000         0.000         0.000         0.000
 SD             0.000         0.000         0.000         0.000         0.000
 AGE04          0.000         0.000         0.000         0.000         0.000
 GENDER         0.000         0.000         0.000         0.000         0.000
 KCAL04         0.000         0.000         0.000         0.000         0.000
 MET04          0.000         0.000         0.000         0.000         0.000
 SMOKE04        0.000         0.000         0.000         0.000         0.000
 Q1             0.000         0.000         0.000         0.000         0.000
 Q2             0.000         0.000         0.000         0.000         0.000
 Q3             0.000         0.000         0.000         0.000         0.000
 EDUC04         0.000         0.000         0.000         0.000         0.000
 SYSTO04        0.000         0.000         0.000         0.000         0.000
 DIASTO04       0.000         0.000         0.000         0.000         0.000


           BETA
              Q2            Q3            EDUC04        SYSTO04       DIASTO04
              ________      ________      ________      ________      ________
 IB             0.000         0.000         0.000         0.000         0.000
 SB             0.000         0.000         0.000         0.000         0.000
 ID             0.000         0.000         0.000         0.000         0.000
 SD             0.000         0.000         0.000         0.000         0.000
 AGE04          0.000         0.000         0.000         0.000         0.000
 GENDER         0.000         0.000         0.000         0.000         0.000
 KCAL04         0.000         0.000         0.000         0.000         0.000
 MET04          0.000         0.000         0.000         0.000         0.000
 SMOKE04        0.000         0.000         0.000         0.000         0.000
 Q1             0.000         0.000         0.000         0.000         0.000
 Q2             0.000         0.000         0.000         0.000         0.000
 Q3             0.000         0.000         0.000         0.000         0.000
 EDUC04         0.000         0.000         0.000         0.000         0.000
 SYSTO04        0.000         0.000         0.000         0.000         0.000
 DIASTO04       0.000         0.000         0.000         0.000         0.000


           PSI
              IB            SB            ID            SD            AGE04
              ________      ________      ________      ________      ________
 IB            11.513
 SB             0.000         0.570
 ID             0.000         0.000        56.558
 SD             0.000         0.000         0.000        16.569
 AGE04          0.000         0.000         0.000         0.000       117.749
 GENDER         0.000         0.000         0.000         0.000         0.000
 KCAL04         0.000         0.000         0.000         0.000         0.000
 MET04          0.000         0.000         0.000         0.000         0.000
 SMOKE04        0.000         0.000         0.000         0.000         0.000
 Q1             0.000         0.000         0.000         0.000         0.000
 Q2             0.000         0.000         0.000         0.000         0.000
 Q3             0.000         0.000         0.000         0.000         0.000
 EDUC04         0.000         0.000         0.000         0.000         0.000
 SYSTO04        0.000         0.000         0.000         0.000         0.000
 DIASTO04       0.000         0.000         0.000         0.000         0.000


           PSI
              GENDER        KCAL04        MET04         SMOKE04       Q1
              ________      ________      ________      ________      ________
 GENDER         0.125
 KCAL04         0.000    229144.438
 MET04          0.000         0.000      6315.442
 SMOKE04        0.000         0.000         0.000         0.138
 Q1             0.000         0.000         0.000         0.000         0.094
 Q2             0.000         0.000         0.000         0.000         0.000
 Q3             0.000         0.000         0.000         0.000         0.000
 EDUC04         0.000         0.000         0.000         0.000         0.000
 SYSTO04        0.000         0.000         0.000         0.000         0.000
 DIASTO04       0.000         0.000         0.000         0.000         0.000


           PSI
              Q2            Q3            EDUC04        SYSTO04       DIASTO04
              ________      ________      ________      ________      ________
 Q2             0.094
 Q3             0.000         0.094
 EDUC04         0.000         0.000         0.876
 SYSTO04        0.000         0.000         0.000       171.913
 DIASTO04       0.000         0.000         0.000         0.000        63.046


TECHNICAL 8 OUTPUT


   E STEP  ITER  LOGLIKELIHOOD    ABS CHANGE   REL CHANGE  ALGORITHM
              1 -0.48060749D+06    0.0000000    0.0000000  EM
              2 -0.43934891D+06 ************    0.0858467  EM
              3 -0.43934891D+06    0.0000001    0.0000000  EM


DIAGRAM INFORMATION

  Use View Diagram under the Diagram menu in the Mplus Editor to view the diagram.
  If running Mplus from the Mplus Diagrammer, the diagram opens automatically.

  Diagram output
    d:\data\dpmedi\mplus\longitudinal\dash bmi mediation ib with sb-no mediation.dgm

     Beginning Time:  11:10:06
        Ending Time:  11:31:58
       Elapsed Time:  00:21:52



MUTHEN & MUTHEN
3463 Stoner Ave.
Los Angeles, CA  90066

Tel: (310) 391-9971
Fax: (310) 391-8971
Web: www.StatModel.com
Support: Support@StatModel.com

Copyright (c) 1998-2015 Muthen & Muthen
