Mplus VERSION 7.4
MUTHEN & MUTHEN
05/16/2019  10:37 PM

INPUT INSTRUCTIONS

  DATA: File is id0411 mplus.csv;

  VARIABLE: Names are IDind WAVE hhid t2 commid age04
                      kcal04 carbo04 fat04 protn04 bmi04
                      hwr04 wc04 diasto04 systo04 smoke04
                      gender educ04 indinc04 index04 met04
                      cmfp04 dash04 ahei04 hbs04 lbs04 dqd04
                      age06 kcal06 carbo06 fat06 protn06 bmi06
                      hwr06 wc06 diasto06 systo06 smoke06
                      educ06 indinc06 index06 met06 cmfp06 dash06
                      ahei06 hbs06 lbs06 dqd06 age09 kcal09 carbo09
                      fat09 protn09 bmi09 hwr09 wc09 diasto09 systo09
                      smoke09 educ09 indinc09 index09 met09 cmfp09
                      dash09 ahei09 hbs09 lbs09 dqd09 age11 kcal11
                      carbo11 fat11 protn11 bmi11 hwr11 wc11 diasto11
                      systo11 smoke11 educ11 indinc11 index11 met11
                      cmfp11 dash11 ahei11 hbs11 lbs11 dqd11 q_index
                       q1 q2 q3 carbo_p protn_p fat_p;

           Usev are  age04 gender kcal04 met04
                     bmi04 bmi06 bmi09 bmi11 smoke04
                     dash04 dash06 dash09 dash11
                     q1 q2 q3 educ04 systo04 diasto04;


           Missing are all(999);


  ANALYSIS:
  Type=random;

  MODEL:
  age04 gender kcal04 met04 smoke04
  bmi04 bmi06 bmi09 bmi11 educ04 systo04 diasto04
  dash04 dash06 dash09 dash11 q1 q2 q3;

  ib sb | bmi04@0 bmi06@2 bmi09@5 bmi11@7;
  id sd | dash04@0 dash06@2 dash09@5 dash11@7;

  ib with sb;
  id with sd;

  ib-sd on q1 q2 q3 age04 gender met04 kcal04 educ04 systo04 diasto04 smoke04;

  OUTPUT: SAMPSTAT cinterval;



INPUT READING TERMINATED NORMALLY




SUMMARY OF ANALYSIS

Number of groups                                                 1
Number of observations                                        9547

Number of dependent variables                                    8
Number of independent variables                                 11
Number of continuous latent variables                            4

Observed dependent variables

  Continuous
   BMI04       BMI06       BMI09       BMI11       DASH04      DASH06
   DASH09      DASH11

Observed independent variables
   AGE04       GENDER      KCAL04      MET04       SMOKE04     Q1
   Q2          Q3          EDUC04      SYSTO04     DIASTO04

Continuous latent variables
   IB          SB          ID          SD


Estimator                                                      MLR
Information matrix                                        OBSERVED
Maximum number of iterations                                   100
Convergence criterion                                    0.100D-05
Maximum number of EM iterations                                500
Convergence criteria for the EM algorithm
  Loglikelihood change                                   0.100D-02
  Relative loglikelihood change                          0.100D-05
  Derivative                                             0.100D-03
Minimum variance                                         0.100D-03
Maximum number of steepest descent iterations                   20
Maximum number of iterations for H1                           2000
Convergence criterion for H1                             0.100D-03
Optimization algorithm                                         EMA

Input data file(s)
  id0411 mplus.csv
Input data format  FREE


SUMMARY OF DATA

     Number of missing data patterns           199


COVARIANCE COVERAGE OF DATA

Minimum covariance coverage value   0.100


     PROPORTION OF DATA PRESENT


           Covariance Coverage
              BMI04         BMI06         BMI09         BMI11         DASH04
              ________      ________      ________      ________      ________
 BMI04          0.928
 BMI06          0.690         0.727
 BMI09          0.589         0.537         0.623
 BMI11          0.533         0.483         0.503         0.564
 DASH04         0.928         0.727         0.623         0.564         1.000
 DASH06         0.721         0.717         0.559         0.504         0.769
 DASH09         0.608         0.553         0.616         0.514         0.648
 DASH11         0.537         0.486         0.504         0.553         0.571
 AGE04          0.928         0.727         0.623         0.564         1.000
 GENDER         0.928         0.727         0.623         0.564         1.000
 KCAL04         0.928         0.727         0.623         0.564         1.000
 MET04          0.848         0.667         0.576         0.523         0.901
 SMOKE04        0.927         0.722         0.619         0.559         0.988
 Q1             0.927         0.726         0.622         0.563         0.999
 Q2             0.927         0.726         0.622         0.563         0.999
 Q3             0.927         0.726         0.622         0.563         0.999
 EDUC04         0.926         0.722         0.618         0.559         0.987
 SYSTO04        0.927         0.698         0.596         0.539         0.939
 DIASTO04       0.927         0.698         0.596         0.539         0.939


           Covariance Coverage
              DASH06        DASH09        DASH11        AGE04         GENDER
              ________      ________      ________      ________      ________
 DASH06         0.769
 DASH09         0.580         0.648
 DASH11         0.509         0.518         0.571
 AGE04          0.769         0.648         0.571         1.000
 GENDER         0.769         0.648         0.571         1.000         1.000
 KCAL04         0.769         0.648         0.571         1.000         1.000
 MET04          0.703         0.597         0.529         0.901         0.901
 SMOKE04        0.763         0.643         0.566         0.988         0.988
 Q1             0.768         0.647         0.570         0.999         0.999
 Q2             0.768         0.647         0.570         0.999         0.999
 Q3             0.768         0.647         0.570         0.999         0.999
 EDUC04         0.763         0.642         0.566         0.987         0.987
 SYSTO04        0.729         0.615         0.544         0.939         0.939
 DIASTO04       0.729         0.615         0.544         0.939         0.939


           Covariance Coverage
              KCAL04        MET04         SMOKE04       Q1            Q2
              ________      ________      ________      ________      ________
 KCAL04         1.000
 MET04          0.901         0.901
 SMOKE04        0.988         0.900         0.988
 Q1             0.999         0.900         0.987         0.999
 Q2             0.999         0.900         0.987         0.999         0.999
 Q3             0.999         0.900         0.987         0.999         0.999
 EDUC04         0.987         0.899         0.986         0.986         0.986
 SYSTO04        0.939         0.857         0.937         0.938         0.938
 DIASTO04       0.939         0.857         0.937         0.938         0.938


           Covariance Coverage
              Q3            EDUC04        SYSTO04       DIASTO04
              ________      ________      ________      ________
 Q3             0.999
 EDUC04         0.986         0.987
 SYSTO04        0.938         0.937         0.939
 DIASTO04       0.938         0.937         0.939         0.939


SAMPLE STATISTICS


     ESTIMATED SAMPLE STATISTICS


           Means
              BMI04         BMI06         BMI09         BMI11         DASH04
              ________      ________      ________      ________      ________
 1             23.026        23.108        23.296        23.744        47.555


           Means
              DASH06        DASH09        DASH11        AGE04         GENDER
              ________      ________      ________      ________      ________
 1             47.616        48.722        49.822        47.385         1.519


           Means
              KCAL04        MET04         SMOKE04       Q1            Q2
              ________      ________      ________      ________      ________
 1           2188.497       116.481         0.335         0.250         0.250


           Means
              Q3            EDUC04        SYSTO04       DIASTO04
              ________      ________      ________      ________
 1              0.250         1.729       122.076        78.637


           Covariances
              BMI04         BMI06         BMI09         BMI11         DASH04
              ________      ________      ________      ________      ________
 BMI04         11.311
 BMI06          9.985        12.977
 BMI09          9.716         9.879        11.893
 BMI11          9.105         9.367        10.276        23.840
 DASH04         1.273         0.735         0.802         0.519        58.815
 DASH06         0.864         0.511         0.370         0.046        14.414
 DASH09         1.147         0.437         0.723         0.815         8.694
 DASH11         0.199        -0.011        -0.350        -0.940         5.863
 AGE04          3.996         1.717        -0.800        -1.761         4.077
 GENDER         0.048         0.048         0.028        -0.014         0.220
 KCAL04        54.737        96.455        95.959       165.103      -237.194
 MET04        -19.553       -11.123        -8.543        -6.428       -18.068
 SMOKE04       -0.092        -0.104        -0.104        -0.050        -0.154
 Q1            -0.070        -0.071        -0.031        -0.031        -0.023
 Q2             0.106         0.127         0.099         0.090        -0.077
 Q3             0.089         0.041         0.033         0.040         0.270
 EDUC04         0.058         0.054         0.096         0.185         0.128
 SYSTO04       16.433        14.325        12.029        10.100        -0.185
 DIASTO04      10.678         9.735         8.993         8.257        -0.955


           Covariances
              DASH06        DASH09        DASH11        AGE04         GENDER
              ________      ________      ________      ________      ________
 DASH06        64.562
 DASH09        11.399        66.975
 DASH11        12.335        11.983        79.739
 AGE04          4.037         2.969        -1.495       235.499
 GENDER         0.185         0.291         0.270         0.199         0.250
 KCAL04       -87.766      -164.726      -593.244     -1363.375       -91.666
 MET04         -4.176       -39.454       -17.331      -420.075        -8.109
 SMOKE04       -0.056        -0.216        -0.207         0.284        -0.150
 Q1            -0.167        -0.171        -0.124        -0.282        -0.002
 Q2            -0.071        -0.093        -0.053         0.044         0.000
 Q3             0.515         0.649         0.448         0.451         0.003
 EDUC04         0.941         0.987         0.557        -8.218        -0.129
 SYSTO04        0.667        -0.626         0.466       117.554        -0.814
 DIASTO04       1.014         1.054         2.701        35.913        -0.691


           Covariances
              KCAL04        MET04         SMOKE04       Q1            Q2
              ________      ________      ________      ________      ________
 KCAL04    458288.862
 MET04      15939.730     12716.415
 SMOKE04       57.577         4.825         0.276
 Q1            13.588         5.221         0.003         0.188
 Q2            -6.232        -5.772         0.001        -0.063         0.188
 Q3           -19.121        -9.884        -0.007        -0.063        -0.062
 EDUC04        78.496        -1.590         0.042        -0.090         0.025
 SYSTO04     -955.885      -277.213         0.674        -0.169         0.393
 DIASTO04    -283.726       -84.767         0.448        -0.067         0.367


           Covariances
              Q3            EDUC04        SYSTO04       DIASTO04
              ________      ________      ________      ________
 Q3             0.188
 EDUC04         0.183         1.755
 SYSTO04        0.343        -3.745       345.174
 DIASTO04      -0.010        -0.820       148.471       126.203


           Correlations
              BMI04         BMI06         BMI09         BMI11         DASH04
              ________      ________      ________      ________      ________
 BMI04          1.000
 BMI06          0.824         1.000
 BMI09          0.838         0.795         1.000
 BMI11          0.554         0.533         0.610         1.000
 DASH04         0.049         0.027         0.030         0.014         1.000
 DASH06         0.032         0.018         0.013         0.001         0.234
 DASH09         0.042         0.015         0.026         0.020         0.139
 DASH11         0.007         0.000        -0.011        -0.022         0.086
 AGE04          0.077         0.031        -0.015        -0.024         0.035
 GENDER         0.028         0.027         0.016        -0.006         0.057
 KCAL04         0.024         0.040         0.041         0.050        -0.046
 MET04         -0.052        -0.027        -0.022        -0.012        -0.021
 SMOKE04       -0.052        -0.055        -0.057        -0.020        -0.038
 Q1            -0.048        -0.045        -0.021        -0.015        -0.007
 Q2             0.073         0.081         0.067         0.043        -0.023
 Q3             0.061         0.026         0.022         0.019         0.081
 EDUC04         0.013         0.011         0.021         0.029         0.013
 SYSTO04        0.263         0.214         0.188         0.111        -0.001
 DIASTO04       0.283         0.241         0.232         0.151        -0.011


           Correlations
              DASH06        DASH09        DASH11        AGE04         GENDER
              ________      ________      ________      ________      ________
 DASH06         1.000
 DASH09         0.173         1.000
 DASH11         0.172         0.164         1.000
 AGE04          0.033         0.024        -0.011         1.000
 GENDER         0.046         0.071         0.060         0.026         1.000
 KCAL04        -0.016        -0.030        -0.098        -0.131        -0.271
 MET04         -0.005        -0.043        -0.017        -0.243        -0.144
 SMOKE04       -0.013        -0.050        -0.044         0.035        -0.572
 Q1            -0.048        -0.048        -0.032        -0.042        -0.009
 Q2            -0.020        -0.026        -0.014         0.007         0.002
 Q3             0.148         0.183         0.116         0.068         0.014
 EDUC04         0.088         0.091         0.047        -0.404        -0.196
 SYSTO04        0.004        -0.004         0.003         0.412        -0.088
 DIASTO04       0.011         0.011         0.027         0.208        -0.123


           Correlations
              KCAL04        MET04         SMOKE04       Q1            Q2
              ________      ________      ________      ________      ________
 KCAL04         1.000
 MET04          0.209         1.000
 SMOKE04        0.162         0.081         1.000
 Q1             0.046         0.107         0.014         1.000
 Q2            -0.021        -0.118         0.006        -0.333         1.000
 Q3            -0.065        -0.202        -0.031        -0.333        -0.333
 EDUC04         0.088        -0.011         0.060        -0.158         0.044
 SYSTO04       -0.076        -0.132         0.069        -0.021         0.049
 DIASTO04      -0.037        -0.067         0.076        -0.014         0.075


           Correlations
              Q3            EDUC04        SYSTO04       DIASTO04
              ________      ________      ________      ________
 Q3             1.000
 EDUC04         0.318         1.000
 SYSTO04        0.043        -0.152         1.000
 DIASTO04      -0.002        -0.055         0.711         1.000


     MAXIMUM LOG-LIKELIHOOD VALUE FOR THE UNRESTRICTED (H1) MODEL IS -440457.114


UNIVARIATE SAMPLE STATISTICS


     UNIVARIATE HIGHER-ORDER MOMENT DESCRIPTIVE STATISTICS

         Variable/         Mean/     Skewness/   Minimum/ % with                Percentiles
        Sample Size      Variance    Kurtosis    Maximum  Min/Max      20%/60%    40%/80%    Median

     BMI04                23.021       0.585      12.415    0.01%      20.189     21.861     22.673
            8858.000      11.235       0.546      41.322    0.01%      23.543     25.712
     BMI06                23.179       4.577      13.240    0.01%      20.344     22.042     22.857
            6938.000      12.729     126.919     132.544    0.01%      23.684     25.810
     BMI09                23.342       0.482      13.700    0.02%      20.415     22.215     23.111
            5949.000      11.781       0.401      42.590    0.02%      23.979     26.148
     BMI11                23.797       9.794       4.826    0.02%      20.644     22.491     23.378
            5386.000      23.639     280.882     190.972    0.02%      24.235     26.438
     DASH04               47.555       0.106      17.890    0.01%      40.000     46.318     48.685
            9547.000      58.815       0.047      75.456    0.01%      50.000     52.741
     DASH06               47.637       0.067      20.000    0.04%      40.000     46.556     48.962
            7338.000      64.533      -0.095      77.871    0.01%      50.000     54.090
     DASH09               48.631       0.112      20.000    0.02%      40.000     47.545     49.756
            6185.000      66.675       0.032      80.000    0.02%      50.000     55.629
     DASH11               49.665       0.070      14.594    0.02%      40.108     48.260     50.000
            5452.000      79.565       0.052      80.000    0.04%      50.000     57.536
     AGE04                47.385       0.238      18.000    1.13%      33.000     42.000     47.000
            9547.000     235.499      -0.539      97.000    0.01%      51.000     61.000
     GENDER                1.519      -0.076       1.000   48.11%       1.000      1.000      2.000
            9547.000       0.250      -1.994       2.000   51.89%       2.000      2.000
     KCAL04             2188.497       0.630      50.891    0.01%    1615.771   1974.357   2128.274
            9547.000  458288.862       1.113    6053.592    0.01%    2307.147   2719.569
     MET04               118.186       1.345       0.000    4.03%      20.460     52.675     84.047
            8604.000   12630.885       4.075    1582.256    0.01%     117.500    211.287
     SMOKE04               0.334       3.823       0.000   67.14%       0.000      0.000      0.000
            9429.000       0.276      52.882       9.000    0.07%       0.000      1.000
     Q1                    0.250       1.155       0.000   75.00%       0.000      0.000      0.000
            9539.000       0.188      -0.667       1.000   25.00%       0.000      1.000
     Q2                    0.250       1.155       0.000   75.00%       0.000      0.000      0.000
            9539.000       0.188      -0.667       1.000   25.00%       0.000      1.000
     Q3                    0.250       1.155       0.000   75.01%       0.000      0.000      0.000
            9539.000       0.187      -0.666       1.000   24.99%       0.000      1.000
     EDUC04                1.724       0.539       0.000   21.26%       0.000      1.000      2.000
            9422.000       1.752      -0.205       6.000    0.02%       2.000      3.000
     SYSTO04             122.224       1.153      70.667    0.01%     108.667    117.333    120.000
            8960.000     343.826       2.613     230.000    0.01%     122.000    134.000
     DIASTO04             78.671       0.598      15.000    0.01%      70.000     76.667     79.333
            8960.000     126.092       1.936     141.333    0.01%      80.000     87.333

     THE STANDARD ERRORS OF THE MODEL PARAMETER ESTIMATES MAY NOT BE
     TRUSTWORTHY FOR SOME PARAMETERS DUE TO A NON-POSITIVE DEFINITE
     FIRST-ORDER DERIVATIVE PRODUCT MATRIX.  THIS MAY BE DUE TO THE STARTING
     VALUES BUT MAY ALSO BE AN INDICATION OF MODEL NONIDENTIFICATION.  THE
     CONDITION NUMBER IS       0.520D-20.  PROBLEM INVOLVING THE FOLLOWING PARAMETER:
     Parameter 143, DIASTO04


THE MODEL ESTIMATION TERMINATED NORMALLY



MODEL FIT INFORMATION

Number of Free Parameters                      143

Loglikelihood

          H0 Value                     -440575.848
          H0 Scaling Correction Factor      9.3580
            for MLR
          H1 Value                     -440457.114
          H1 Scaling Correction Factor      6.7144
            for MLR

Information Criteria

          Akaike (AIC)                  881437.696
          Bayesian (BIC)                882462.146
          Sample-Size Adjusted BIC      882007.714
            (n* = (n + 2) / 24)

Chi-Square Test of Model Fit

          Value                            240.678*
          Degrees of Freedom                    66
          P-Value                           0.0000
          Scaling Correction Factor         0.9867
            for MLR

*   The chi-square value for MLM, MLMV, MLR, ULSMV, WLSM and WLSMV cannot be used
    for chi-square difference testing in the regular way.  MLM, MLR and WLSM
    chi-square difference testing is described on the Mplus website.  MLMV, WLSMV,
    and ULSMV difference testing is done using the DIFFTEST option.

RMSEA (Root Mean Square Error Of Approximation)

          Estimate                           0.017

CFI/TLI

          CFI                                0.973
          TLI                                0.930

Chi-Square Test of Model Fit for the Baseline Model

          Value                           6629.525
          Degrees of Freedom                   171
          P-Value                           0.0000

SRMR (Standardized Root Mean Square Residual)

          Value                              0.010



MODEL RESULTS

                                                    Two-Tailed
                    Estimate       S.E.  Est./S.E.    P-Value

 IB       |
    BMI04              1.000      0.000    999.000    999.000
    BMI06              1.000      0.000    999.000    999.000
    BMI09              1.000      0.000    999.000    999.000
    BMI11              1.000      0.000    999.000    999.000

 SB       |
    BMI04              0.000      0.000    999.000    999.000
    BMI06              2.000      0.000    999.000    999.000
    BMI09              5.000      0.000    999.000    999.000
    BMI11              7.000      0.000    999.000    999.000

 ID       |
    DASH04             1.000      0.000    999.000    999.000
    DASH06             1.000      0.000    999.000    999.000
    DASH09             1.000      0.000    999.000    999.000
    DASH11             1.000      0.000    999.000    999.000

 SD       |
    DASH04             0.000      0.000    999.000    999.000
    DASH06             2.000      0.000    999.000    999.000
    DASH09             5.000      0.000    999.000    999.000
    DASH11             7.000      0.000    999.000    999.000

 IB         ON
    Q1                 0.102      0.092      1.105      0.269
    Q2                 0.677      0.098      6.894      0.000
    Q3                 0.648      0.105      6.174      0.000
    AGE04             -0.002      0.003     -0.616      0.538
    GENDER             0.374      0.086      4.370      0.000
    MET04              0.000      0.000      0.279      0.781
    KCAL04             0.000      0.000      6.651      0.000
    EDUC04             0.052      0.031      1.693      0.090
    SYSTO04            0.025      0.003      8.140      0.000
    DIASTO04           0.058      0.005     12.615      0.000
    SMOKE04           -0.360      0.075     -4.780      0.000

 SB         ON
    Q1                 0.012      0.012      0.995      0.320
    Q2                -0.009      0.014     -0.644      0.520
    Q3                -0.036      0.016     -2.274      0.023
    AGE04             -0.004      0.000     -8.577      0.000
    GENDER            -0.036      0.012     -2.866      0.004
    MET04              0.000      0.000     -0.850      0.395
    KCAL04             0.000      0.000      0.575      0.565
    EDUC04            -0.013      0.004     -3.013      0.003
    SYSTO04           -0.001      0.000     -3.451      0.001
    DIASTO04           0.000      0.001     -0.381      0.703
    SMOKE04           -0.014      0.011     -1.254      0.210

 ID         ON
    Q1                 0.582      0.200      2.912      0.004
    Q2                 0.447      0.206      2.172      0.030
    Q3                 1.909      0.235      8.126      0.000
    AGE04              0.027      0.006      4.618      0.000
    GENDER             0.892      0.189      4.724      0.000
    MET04              0.002      0.001      2.349      0.019
    KCAL04             0.000      0.000     -1.289      0.198
    EDUC04             0.213      0.069      3.108      0.002
    SYSTO04           -0.006      0.006     -0.990      0.322
    DIASTO04           0.000      0.010     -0.023      0.981
    SMOKE04            0.037      0.177      0.207      0.836

 SD         ON
    Q1                 0.022      0.048      0.460      0.645
    Q2                 0.080      0.052      1.540      0.124
    Q3                 0.245      0.058      4.218      0.000
    AGE04             -0.003      0.002     -1.626      0.104
    GENDER             0.044      0.050      0.875      0.381
    MET04              0.000      0.000      0.629      0.530
    KCAL04             0.000      0.000     -2.094      0.036
    EDUC04             0.018      0.017      1.045      0.296
    SYSTO04           -0.002      0.002     -1.524      0.127
    DIASTO04           0.007      0.002      3.048      0.002
    SMOKE04           -0.009      0.052     -0.166      0.868

 IB       WITH
    SB                -0.093      0.028     -3.366      0.001

 ID       WITH
    SD                -1.476      0.211     -7.005      0.000
    IB                 1.004      0.226      4.442      0.000
    SB                -0.062      0.031     -2.003      0.045

 SD       WITH
    IB                -0.153      0.057     -2.687      0.007
    SB                 0.000      0.007      0.061      0.952

 GENDER   WITH
    AGE04              0.199      0.078      2.534      0.011

 KCAL04   WITH
    AGE04          -1363.375    109.938    -12.401      0.000
    GENDER           -91.666      3.352    -27.349      0.000

 MET04    WITH
    AGE04           -420.211     17.629    -23.836      0.000
    GENDER            -8.109      0.605    -13.402      0.000
    KCAL04         15953.363    878.352     18.163      0.000

 SMOKE04  WITH
    AGE04              0.284      0.081      3.517      0.000
    GENDER            -0.150      0.002    -65.866      0.000
    KCAL04            57.582      3.570     16.131      0.000
    MET04              4.826      0.652      7.398      0.000

 Q1       WITH
    AGE04             -0.282      0.066     -4.309      0.000
    GENDER            -0.002      0.002     -0.834      0.405
    KCAL04            13.586      3.041      4.468      0.000
    MET04              5.221      0.530      9.855      0.000
    SMOKE04            0.003      0.002      1.469      0.142

 Q2       WITH
    AGE04              0.044      0.069      0.639      0.523
    GENDER             0.000      0.002      0.204      0.838
    KCAL04            -6.229      2.914     -2.138      0.033
    MET04             -5.767      0.479    -12.046      0.000
    SMOKE04            0.001      0.003      0.524      0.600
    Q1                -0.063      0.001    -48.834      0.000

 Q3       WITH
    AGE04              0.451      0.070      6.439      0.000
    GENDER             0.003      0.002      1.323      0.186
    KCAL04           -19.122      2.958     -6.465      0.000
    MET04             -9.889      0.438    -22.566      0.000
    SMOKE04           -0.007      0.002     -3.067      0.002
    Q1                -0.063      0.001    -48.825      0.000
    Q2                -0.063      0.001    -48.809      0.000

 EDUC04   WITH
    AGE04             -8.218      0.213    -38.523      0.000
    GENDER            -0.129      0.007    -19.426      0.000
    KCAL04            78.498      8.971      8.750      0.000
    MET04             -1.588      1.356     -1.172      0.241
    SMOKE04            0.042      0.006      6.489      0.000
    Q1                -0.090      0.005    -17.582      0.000
    Q2                 0.025      0.006      4.264      0.000
    Q3                 0.183      0.007     27.113      0.000

 SYSTO04  WITH
    AGE04            117.558      3.263     36.028      0.000
    GENDER            -0.814      0.097     -8.432      0.000
    KCAL04          -955.917    132.371     -7.221      0.000
    MET04           -277.132     22.010    -12.591      0.000
    SMOKE04            0.674      0.112      6.021      0.000
    Q1                -0.169      0.086     -1.976      0.048
    Q2                 0.393      0.085      4.642      0.000
    Q3                 0.343      0.084      4.101      0.000
    EDUC04            -3.746      0.271    -13.829      0.000

 DIASTO04 WITH
    AGE04             35.917      1.850     19.415      0.000
    GENDER            -0.691      0.059    -11.809      0.000
    KCAL04          -283.720     85.214     -3.330      0.001
    MET04            -84.685     13.620     -6.218      0.000
    SMOKE04            0.448      0.059      7.608      0.000
    Q1                -0.068      0.054     -1.245      0.213
    Q2                 0.367      0.051      7.200      0.000
    Q3                -0.010      0.048     -0.208      0.835
    EDUC04            -0.821      0.158     -5.206      0.000
    SYSTO04          148.475      3.546     41.865      0.000

 Means
    AGE04             47.385      0.157    301.706      0.000
    GENDER             1.519      0.005    297.033      0.000
    KCAL04          2188.497      6.928    315.871      0.000
    MET04            116.468      1.199     97.110      0.000
    SMOKE04            0.335      0.005     61.981      0.000
    Q1                 0.250      0.004     56.388      0.000
    Q2                 0.250      0.004     56.390      0.000
    Q3                 0.250      0.004     56.407      0.000
    EDUC04             1.729      0.014    127.049      0.000
    SYSTO04          122.076      0.193    631.014      0.000
    DIASTO04          78.637      0.118    666.484      0.000

 Intercepts
    BMI04              0.000      0.000    999.000    999.000
    BMI06              0.000      0.000    999.000    999.000
    BMI09              0.000      0.000    999.000    999.000
    BMI11              0.000      0.000    999.000    999.000
    DASH04             0.000      0.000    999.000    999.000
    DASH06             0.000      0.000    999.000    999.000
    DASH09             0.000      0.000    999.000    999.000
    DASH11             0.000      0.000    999.000    999.000
    IB                13.813      0.381     36.226      0.000
    SB                 0.511      0.055      9.228      0.000
    ID                44.479      0.815     54.565      0.000
    SD                 0.071      0.206      0.344      0.731

 Variances
    AGE04            235.499      2.913     80.832      0.000
    GENDER             0.250      0.000   1291.078      0.000
    KCAL04         *********   8275.760     55.377      0.000
    MET04          12717.774    337.092     37.728      0.000
    SMOKE04            0.276      0.021     13.107      0.000
    Q1                 0.188      0.002     84.582      0.000
    Q2                 0.188      0.002     84.595      0.000
    Q3                 0.188      0.002     84.540      0.000
    EDUC04             1.755      0.024     72.441      0.000
    SYSTO04          345.179      7.847     43.991      0.000
    DIASTO04         126.206      2.647     47.677      0.000

 Residual Variances
    BMI04              0.967      0.129      7.522      0.000
    BMI06              3.133      1.765      1.775      0.076
    BMI09              1.537      0.090     17.031      0.000
    BMI11             13.571      5.841      2.324      0.020
    DASH04            42.498      1.213     35.027      0.000
    DASH06            51.059      0.988     51.701      0.000
    DASH09            54.704      1.238     44.201      0.000
    DASH11            65.200      1.900     34.320      0.000
    IB                 9.115      0.204     44.633      0.000
    SB                 0.046      0.004     10.419      0.000
    ID                15.750      1.049     15.020      0.000
    SD                 0.357      0.056      6.429      0.000


QUALITY OF NUMERICAL RESULTS

     Condition Number for the Information Matrix              0.520E-20
       (ratio of smallest to largest eigenvalue)


CONFIDENCE INTERVALS OF MODEL RESULTS

                  Lower .5%  Lower 2.5%    Lower 5%    Estimate    Upper 5%  Upper 2.5%   Upper .5%

 IB       |
    BMI04            1.000       1.000       1.000       1.000       1.000       1.000       1.000
    BMI06            1.000       1.000       1.000       1.000       1.000       1.000       1.000
    BMI09            1.000       1.000       1.000       1.000       1.000       1.000       1.000
    BMI11            1.000       1.000       1.000       1.000       1.000       1.000       1.000

 SB       |
    BMI04            0.000       0.000       0.000       0.000       0.000       0.000       0.000
    BMI06            2.000       2.000       2.000       2.000       2.000       2.000       2.000
    BMI09            5.000       5.000       5.000       5.000       5.000       5.000       5.000
    BMI11            7.000       7.000       7.000       7.000       7.000       7.000       7.000

 ID       |
    DASH04           1.000       1.000       1.000       1.000       1.000       1.000       1.000
    DASH06           1.000       1.000       1.000       1.000       1.000       1.000       1.000
    DASH09           1.000       1.000       1.000       1.000       1.000       1.000       1.000
    DASH11           1.000       1.000       1.000       1.000       1.000       1.000       1.000

 SD       |
    DASH04           0.000       0.000       0.000       0.000       0.000       0.000       0.000
    DASH06           2.000       2.000       2.000       2.000       2.000       2.000       2.000
    DASH09           5.000       5.000       5.000       5.000       5.000       5.000       5.000
    DASH11           7.000       7.000       7.000       7.000       7.000       7.000       7.000

 IB       ON
    Q1              -0.136      -0.079      -0.050       0.102       0.254       0.283       0.339
    Q2               0.424       0.485       0.516       0.677       0.839       0.870       0.930
    Q3               0.378       0.442       0.475       0.648       0.820       0.853       0.918
    AGE04           -0.009      -0.007      -0.006      -0.002       0.003       0.004       0.005
    GENDER           0.154       0.206       0.233       0.374       0.515       0.542       0.595
    MET04           -0.001      -0.001       0.000       0.000       0.001       0.001       0.001
    KCAL04           0.000       0.000       0.000       0.000       0.000       0.000       0.000
    EDUC04          -0.027      -0.008       0.001       0.052       0.103       0.112       0.131
    SYSTO04          0.017       0.019       0.020       0.025       0.030       0.031       0.033
    DIASTO04         0.046       0.049       0.051       0.058       0.066       0.067       0.070
    SMOKE04         -0.554      -0.507      -0.484      -0.360      -0.236      -0.212      -0.166

 SB       ON
    Q1              -0.020      -0.012      -0.008       0.012       0.033       0.037       0.044
    Q2              -0.046      -0.037      -0.033      -0.009       0.014       0.019       0.028
    Q3              -0.076      -0.067      -0.062      -0.036      -0.010      -0.005       0.005
    AGE04           -0.005      -0.004      -0.004      -0.004      -0.003      -0.003      -0.003
    GENDER          -0.068      -0.060      -0.056      -0.036      -0.015      -0.011      -0.004
    MET04            0.000       0.000       0.000       0.000       0.000       0.000       0.000
    KCAL04           0.000       0.000       0.000       0.000       0.000       0.000       0.000
    EDUC04          -0.024      -0.021      -0.020      -0.013      -0.006      -0.004      -0.002
    SYSTO04         -0.002      -0.002      -0.002      -0.001      -0.001      -0.001       0.000
    DIASTO04        -0.002      -0.001      -0.001       0.000       0.001       0.001       0.001
    SMOKE04         -0.044      -0.037      -0.033      -0.014       0.004       0.008       0.015

 ID       ON
    Q1               0.067       0.190       0.253       0.582       0.911       0.974       1.097
    Q2              -0.083       0.044       0.108       0.447       0.785       0.850       0.977
    Q3               1.304       1.449       1.523       1.909       2.295       2.369       2.514
    AGE04            0.012       0.016       0.018       0.027       0.037       0.039       0.043
    GENDER           0.406       0.522       0.582       0.892       1.203       1.262       1.379
    MET04            0.000       0.000       0.001       0.002       0.003       0.003       0.004
    KCAL04           0.000       0.000       0.000       0.000       0.000       0.000       0.000
    EDUC04           0.037       0.079       0.100       0.213       0.326       0.348       0.390
    SYSTO04         -0.022      -0.019      -0.017      -0.006       0.004       0.006       0.010
    DIASTO04        -0.025      -0.019      -0.016       0.000       0.016       0.019       0.025
    SMOKE04         -0.419      -0.310      -0.254       0.037       0.328       0.383       0.492

 SD       ON
    Q1              -0.102      -0.073      -0.057       0.022       0.102       0.117       0.147
    Q2              -0.054      -0.022      -0.005       0.080       0.165       0.181       0.213
    Q3               0.095       0.131       0.149       0.245       0.340       0.359       0.394
    AGE04           -0.007      -0.006      -0.005      -0.003       0.000       0.001       0.001
    GENDER          -0.085      -0.054      -0.039       0.044       0.126       0.142       0.173
    MET04            0.000       0.000       0.000       0.000       0.000       0.000       0.001
    KCAL04           0.000       0.000       0.000       0.000       0.000       0.000       0.000
    EDUC04          -0.026      -0.015      -0.010       0.018       0.045       0.051       0.061
    SYSTO04         -0.006      -0.005      -0.005      -0.002       0.000       0.001       0.002
    DIASTO04         0.001       0.003       0.003       0.007       0.011       0.012       0.013
    SMOKE04         -0.143      -0.111      -0.095      -0.009       0.077       0.094       0.126

 IB       WITH
    SB              -0.164      -0.147      -0.138      -0.093      -0.047      -0.039      -0.022

 ID       WITH
    SD              -2.019      -1.889      -1.823      -1.476      -1.130      -1.063      -0.933
    IB               0.422       0.561       0.632       1.004       1.376       1.448       1.587
    SB              -0.141      -0.122      -0.112      -0.062      -0.011      -0.001       0.018

 SD       WITH
    IB              -0.299      -0.264      -0.246      -0.153      -0.059      -0.041      -0.006
    SB              -0.018      -0.014      -0.011       0.000       0.012       0.014       0.019

 GENDER   WITH
    AGE04           -0.003       0.045       0.070       0.199       0.328       0.352       0.401

 KCAL04   WITH
    AGE04        -1646.553   -1578.854   -1544.223   -1363.375   -1182.526   -1147.896   -1080.196
    GENDER        -100.299     -98.235     -97.179     -91.666     -86.152     -85.097     -83.033

 MET04    WITH
    AGE04         -465.621    -454.765    -449.212    -420.211    -391.211    -385.657    -374.801
    GENDER          -9.668      -9.295      -9.104      -8.109      -7.114      -6.923      -6.551
    KCAL04       13690.904   14231.793   14508.475   15953.363   17398.252   17674.934   18215.822

 SMOKE04  WITH
    AGE04            0.076       0.126       0.151       0.284       0.417       0.442       0.492
    GENDER          -0.156      -0.155      -0.154      -0.150      -0.147      -0.146      -0.144
    KCAL04          48.387      50.586      51.710      57.582      63.454      64.578      66.777
    MET04            3.145       3.547       3.753       4.826       5.899       6.104       6.506

 Q1       WITH
    AGE04           -0.451      -0.411      -0.390      -0.282      -0.175      -0.154      -0.114
    GENDER          -0.008      -0.006      -0.005      -0.002       0.002       0.002       0.004
    KCAL04           5.753       7.626       8.584      13.586      18.588      19.546      21.418
    MET04            3.856       4.182       4.349       5.221       6.092       6.259       6.585
    SMOKE04         -0.002      -0.001       0.000       0.003       0.007       0.008       0.009

 Q2       WITH
    AGE04           -0.135      -0.092      -0.070       0.044       0.159       0.181       0.223
    GENDER          -0.005      -0.004      -0.003       0.000       0.004       0.005       0.006
    KCAL04         -13.734     -11.940     -11.022      -6.229      -1.436      -0.518       1.276
    MET04           -7.001      -6.706      -6.555      -5.767      -4.980      -4.829      -4.534
    SMOKE04         -0.005      -0.004      -0.003       0.001       0.005       0.006       0.008
    Q1              -0.066      -0.065      -0.065      -0.063      -0.060      -0.060      -0.059

 Q3       WITH
    AGE04            0.271       0.314       0.336       0.451       0.566       0.588       0.631
    GENDER          -0.003      -0.001      -0.001       0.003       0.007       0.007       0.009
    KCAL04         -26.740     -24.919     -23.987     -19.122     -14.256     -13.324     -11.503
    MET04          -11.018     -10.748     -10.610      -9.889      -9.168      -9.030      -8.760
    SMOKE04         -0.013      -0.012      -0.011      -0.007      -0.003      -0.003      -0.001
    Q1              -0.066      -0.065      -0.065      -0.063      -0.060      -0.060      -0.059
    Q2              -0.066      -0.065      -0.065      -0.063      -0.060      -0.060      -0.059

 EDUC04   WITH
    AGE04           -8.767      -8.636      -8.568      -8.218      -7.867      -7.799      -7.668
    GENDER          -0.147      -0.142      -0.140      -0.129      -0.118      -0.116      -0.112
    KCAL04          55.390      60.915      63.741      78.498      93.255      96.081     101.606
    MET04           -5.080      -4.245      -3.818      -1.588       0.641       1.068       1.903
    SMOKE04          0.025       0.029       0.031       0.042       0.052       0.054       0.058
    Q1              -0.104      -0.100      -0.099      -0.090      -0.082      -0.080      -0.077
    Q2               0.010       0.014       0.016       0.025       0.035       0.037       0.041
    Q3               0.165       0.169       0.172       0.183       0.194       0.196       0.200

 SYSTO04  WITH
    AGE04          109.153     111.162     112.190     117.558     122.925     123.953     125.962
    GENDER          -1.063      -1.003      -0.973      -0.814      -0.655      -0.625      -0.565
    KCAL04       -1296.879   -1215.365   -1173.668    -955.917    -738.166    -696.469    -614.954
    MET04         -333.824    -320.271    -313.338    -277.132    -240.926    -233.993    -220.440
    SMOKE04          0.386       0.455       0.490       0.674       0.859       0.894       0.963
    Q1              -0.390      -0.337      -0.310      -0.169      -0.028      -0.001       0.051
    Q2               0.175       0.227       0.254       0.393       0.533       0.559       0.611
    Q3               0.127       0.179       0.205       0.343       0.480       0.506       0.558
    EDUC04          -4.444      -4.277      -4.191      -3.746      -3.300      -3.215      -3.048

 DIASTO04 WITH
    AGE04           31.152      32.291      32.874      35.917      38.960      39.543      40.682
    GENDER          -0.842      -0.806      -0.787      -0.691      -0.595      -0.576      -0.540
    KCAL04        -503.214    -450.739    -423.897    -283.720    -143.543    -116.701     -64.226
    MET04         -119.768    -111.380    -107.090     -84.685     -62.279     -57.989     -49.602
    SMOKE04          0.297       0.333       0.351       0.448       0.545       0.564       0.600
    Q1              -0.208      -0.174      -0.157      -0.068       0.022       0.039       0.072
    Q2               0.236       0.267       0.283       0.367       0.451       0.467       0.498
    Q3              -0.135      -0.105      -0.090      -0.010       0.069       0.085       0.114
    EDUC04          -1.227      -1.129      -1.080      -0.821      -0.561      -0.512      -0.415
    SYSTO04        139.340     141.524     142.641     148.475     154.309     155.426     157.610

 Means
    AGE04           46.981      47.078      47.127      47.385      47.644      47.693      47.790
    GENDER           1.506       1.509       1.510       1.519       1.527       1.529       1.532
    KCAL04        2170.651    2174.917    2177.100    2188.497    2199.894    2202.077    2206.343
    MET04          113.379     114.118     114.496     116.468     118.441     118.819     119.558
    SMOKE04          0.321       0.324       0.326       0.335       0.344       0.345       0.349
    Q1               0.239       0.241       0.243       0.250       0.257       0.259       0.261
    Q2               0.239       0.241       0.243       0.250       0.257       0.259       0.261
    Q3               0.239       0.242       0.243       0.250       0.258       0.259       0.262
    EDUC04           1.694       1.702       1.706       1.729       1.751       1.755       1.764
    SYSTO04        121.578     121.697     121.758     122.076     122.394     122.455     122.574
    DIASTO04        78.333      78.406      78.443      78.637      78.831      78.868      78.941

 Intercepts
    BMI04            0.000       0.000       0.000       0.000       0.000       0.000       0.000
    BMI06            0.000       0.000       0.000       0.000       0.000       0.000       0.000
    BMI09            0.000       0.000       0.000       0.000       0.000       0.000       0.000
    BMI11            0.000       0.000       0.000       0.000       0.000       0.000       0.000
    DASH04           0.000       0.000       0.000       0.000       0.000       0.000       0.000
    DASH06           0.000       0.000       0.000       0.000       0.000       0.000       0.000
    DASH09           0.000       0.000       0.000       0.000       0.000       0.000       0.000
    DASH11           0.000       0.000       0.000       0.000       0.000       0.000       0.000
    IB              12.831      13.066      13.186      13.813      14.441      14.561      14.795
    SB               0.369       0.403       0.420       0.511       0.603       0.620       0.654
    ID              42.379      42.881      43.138      44.479      45.820      46.077      46.579
    SD              -0.460      -0.333      -0.268       0.071       0.410       0.475       0.602

 Variances
    AGE04          227.994     229.789     230.706     235.499     240.291     241.209     243.003
    GENDER           0.249       0.249       0.249       0.250       0.250       0.250       0.250
    KCAL04       *********  442068.375  444675.250  458288.875  471902.500  474509.375  479605.562
    MET04        11849.492   12057.074   12163.258   12717.774   13272.291   13378.475   13586.057
    SMOKE04          0.222       0.235       0.241       0.276       0.311       0.317       0.330
    Q1               0.182       0.183       0.184       0.188       0.191       0.192       0.193
    Q2               0.182       0.183       0.184       0.188       0.191       0.192       0.193
    Q3               0.182       0.183       0.184       0.188       0.191       0.192       0.193
    EDUC04           1.693       1.708       1.715       1.755       1.795       1.803       1.818
    SYSTO04        324.968     329.800     332.272     345.179     358.087     360.559     365.391
    DIASTO04       119.387     121.018     121.851     126.206     130.560     131.394     133.024

 Residual Variances
    BMI04            0.636       0.715       0.755       0.967       1.178       1.219       1.298
    BMI06           -1.413      -0.326       0.230       3.133       6.037       6.593       7.679
    BMI09            1.304       1.360       1.388       1.537       1.685       1.713       1.769
    BMI11           -1.473       2.123       3.963      13.571      23.179      25.019      28.616
    DASH04          39.373      40.120      40.502      42.498      44.494      44.876      45.623
    DASH06          48.516      49.124      49.435      51.059      52.684      52.995      53.603
    DASH09          51.516      52.278      52.668      54.704      56.740      57.130      57.892
    DASH11          60.306      61.476      62.075      65.200      68.325      68.923      70.093
    IB               8.589       8.715       8.779       9.115       9.451       9.516       9.641
    SB               0.035       0.037       0.039       0.046       0.053       0.055       0.057
    ID              13.049      13.694      14.025      15.750      17.474      17.805      18.450
    SD               0.214       0.248       0.266       0.357       0.449       0.466       0.501


TECHNICAL 1 OUTPUT


     PARAMETER SPECIFICATION


           NU
              BMI04         BMI06         BMI09         BMI11         DASH04
              ________      ________      ________      ________      ________
 1                  0             0             0             0             0


           NU
              DASH06        DASH09        DASH11        AGE04         GENDER
              ________      ________      ________      ________      ________
 1                  0             0             0             0             0


           NU
              KCAL04        MET04         SMOKE04       Q1            Q2
              ________      ________      ________      ________      ________
 1                  0             0             0             0             0


           NU
              Q3            EDUC04        SYSTO04       DIASTO04
              ________      ________      ________      ________
 1                  0             0             0             0


           LAMBDA
              IB            SB            ID            SD            AGE04
              ________      ________      ________      ________      ________
 BMI04              0             0             0             0             0
 BMI06              0             0             0             0             0
 BMI09              0             0             0             0             0
 BMI11              0             0             0             0             0
 DASH04             0             0             0             0             0
 DASH06             0             0             0             0             0
 DASH09             0             0             0             0             0
 DASH11             0             0             0             0             0
 AGE04              0             0             0             0             0
 GENDER             0             0             0             0             0
 KCAL04             0             0             0             0             0
 MET04              0             0             0             0             0
 SMOKE04            0             0             0             0             0
 Q1                 0             0             0             0             0
 Q2                 0             0             0             0             0
 Q3                 0             0             0             0             0
 EDUC04             0             0             0             0             0
 SYSTO04            0             0             0             0             0
 DIASTO04           0             0             0             0             0


           LAMBDA
              GENDER        KCAL04        MET04         SMOKE04       Q1
              ________      ________      ________      ________      ________
 BMI04              0             0             0             0             0
 BMI06              0             0             0             0             0
 BMI09              0             0             0             0             0
 BMI11              0             0             0             0             0
 DASH04             0             0             0             0             0
 DASH06             0             0             0             0             0
 DASH09             0             0             0             0             0
 DASH11             0             0             0             0             0
 AGE04              0             0             0             0             0
 GENDER             0             0             0             0             0
 KCAL04             0             0             0             0             0
 MET04              0             0             0             0             0
 SMOKE04            0             0             0             0             0
 Q1                 0             0             0             0             0
 Q2                 0             0             0             0             0
 Q3                 0             0             0             0             0
 EDUC04             0             0             0             0             0
 SYSTO04            0             0             0             0             0
 DIASTO04           0             0             0             0             0


           LAMBDA
              Q2            Q3            EDUC04        SYSTO04       DIASTO04
              ________      ________      ________      ________      ________
 BMI04              0             0             0             0             0
 BMI06              0             0             0             0             0
 BMI09              0             0             0             0             0
 BMI11              0             0             0             0             0
 DASH04             0             0             0             0             0
 DASH06             0             0             0             0             0
 DASH09             0             0             0             0             0
 DASH11             0             0             0             0             0
 AGE04              0             0             0             0             0
 GENDER             0             0             0             0             0
 KCAL04             0             0             0             0             0
 MET04              0             0             0             0             0
 SMOKE04            0             0             0             0             0
 Q1                 0             0             0             0             0
 Q2                 0             0             0             0             0
 Q3                 0             0             0             0             0
 EDUC04             0             0             0             0             0
 SYSTO04            0             0             0             0             0
 DIASTO04           0             0             0             0             0


           THETA
              BMI04         BMI06         BMI09         BMI11         DASH04
              ________      ________      ________      ________      ________
 BMI04              1
 BMI06              0             2
 BMI09              0             0             3
 BMI11              0             0             0             4
 DASH04             0             0             0             0             5
 DASH06             0             0             0             0             0
 DASH09             0             0             0             0             0
 DASH11             0             0             0             0             0
 AGE04              0             0             0             0             0
 GENDER             0             0             0             0             0
 KCAL04             0             0             0             0             0
 MET04              0             0             0             0             0
 SMOKE04            0             0             0             0             0
 Q1                 0             0             0             0             0
 Q2                 0             0             0             0             0
 Q3                 0             0             0             0             0
 EDUC04             0             0             0             0             0
 SYSTO04            0             0             0             0             0
 DIASTO04           0             0             0             0             0


           THETA
              DASH06        DASH09        DASH11        AGE04         GENDER
              ________      ________      ________      ________      ________
 DASH06             6
 DASH09             0             7
 DASH11             0             0             8
 AGE04              0             0             0             0
 GENDER             0             0             0             0             0
 KCAL04             0             0             0             0             0
 MET04              0             0             0             0             0
 SMOKE04            0             0             0             0             0
 Q1                 0             0             0             0             0
 Q2                 0             0             0             0             0
 Q3                 0             0             0             0             0
 EDUC04             0             0             0             0             0
 SYSTO04            0             0             0             0             0
 DIASTO04           0             0             0             0             0


           THETA
              KCAL04        MET04         SMOKE04       Q1            Q2
              ________      ________      ________      ________      ________
 KCAL04             0
 MET04              0             0
 SMOKE04            0             0             0
 Q1                 0             0             0             0
 Q2                 0             0             0             0             0
 Q3                 0             0             0             0             0
 EDUC04             0             0             0             0             0
 SYSTO04            0             0             0             0             0
 DIASTO04           0             0             0             0             0


           THETA
              Q3            EDUC04        SYSTO04       DIASTO04
              ________      ________      ________      ________
 Q3                 0
 EDUC04             0             0
 SYSTO04            0             0             0
 DIASTO04           0             0             0             0


           ALPHA
              IB            SB            ID            SD            AGE04
              ________      ________      ________      ________      ________
 1                  9            10            11            12            13


           ALPHA
              GENDER        KCAL04        MET04         SMOKE04       Q1
              ________      ________      ________      ________      ________
 1                 14            15            16            17            18


           ALPHA
              Q2            Q3            EDUC04        SYSTO04       DIASTO04
              ________      ________      ________      ________      ________
 1                 19            20            21            22            23


           BETA
              IB            SB            ID            SD            AGE04
              ________      ________      ________      ________      ________
 IB                 0             0             0             0            24
 SB                 0             0             0             0            35
 ID                 0             0             0             0            46
 SD                 0             0             0             0            57
 AGE04              0             0             0             0             0
 GENDER             0             0             0             0             0
 KCAL04             0             0             0             0             0
 MET04              0             0             0             0             0
 SMOKE04            0             0             0             0             0
 Q1                 0             0             0             0             0
 Q2                 0             0             0             0             0
 Q3                 0             0             0             0             0
 EDUC04             0             0             0             0             0
 SYSTO04            0             0             0             0             0
 DIASTO04           0             0             0             0             0


           BETA
              GENDER        KCAL04        MET04         SMOKE04       Q1
              ________      ________      ________      ________      ________
 IB                25            26            27            28            29
 SB                36            37            38            39            40
 ID                47            48            49            50            51
 SD                58            59            60            61            62
 AGE04              0             0             0             0             0
 GENDER             0             0             0             0             0
 KCAL04             0             0             0             0             0
 MET04              0             0             0             0             0
 SMOKE04            0             0             0             0             0
 Q1                 0             0             0             0             0
 Q2                 0             0             0             0             0
 Q3                 0             0             0             0             0
 EDUC04             0             0             0             0             0
 SYSTO04            0             0             0             0             0
 DIASTO04           0             0             0             0             0


           BETA
              Q2            Q3            EDUC04        SYSTO04       DIASTO04
              ________      ________      ________      ________      ________
 IB                30            31            32            33            34
 SB                41            42            43            44            45
 ID                52            53            54            55            56
 SD                63            64            65            66            67
 AGE04              0             0             0             0             0
 GENDER             0             0             0             0             0
 KCAL04             0             0             0             0             0
 MET04              0             0             0             0             0
 SMOKE04            0             0             0             0             0
 Q1                 0             0             0             0             0
 Q2                 0             0             0             0             0
 Q3                 0             0             0             0             0
 EDUC04             0             0             0             0             0
 SYSTO04            0             0             0             0             0
 DIASTO04           0             0             0             0             0


           PSI
              IB            SB            ID            SD            AGE04
              ________      ________      ________      ________      ________
 IB                68
 SB                69            70
 ID                71            72            73
 SD                74            75            76            77
 AGE04              0             0             0             0            78
 GENDER             0             0             0             0            79
 KCAL04             0             0             0             0            81
 MET04              0             0             0             0            84
 SMOKE04            0             0             0             0            88
 Q1                 0             0             0             0            93
 Q2                 0             0             0             0            99
 Q3                 0             0             0             0           106
 EDUC04             0             0             0             0           114
 SYSTO04            0             0             0             0           123
 DIASTO04           0             0             0             0           133


           PSI
              GENDER        KCAL04        MET04         SMOKE04       Q1
              ________      ________      ________      ________      ________
 GENDER            80
 KCAL04            82            83
 MET04             85            86            87
 SMOKE04           89            90            91            92
 Q1                94            95            96            97            98
 Q2               100           101           102           103           104
 Q3               107           108           109           110           111
 EDUC04           115           116           117           118           119
 SYSTO04          124           125           126           127           128
 DIASTO04         134           135           136           137           138


           PSI
              Q2            Q3            EDUC04        SYSTO04       DIASTO04
              ________      ________      ________      ________      ________
 Q2               105
 Q3               112           113
 EDUC04           120           121           122
 SYSTO04          129           130           131           132
 DIASTO04         139           140           141           142           143


     STARTING VALUES


           NU
              BMI04         BMI06         BMI09         BMI11         DASH04
              ________      ________      ________      ________      ________
 1              0.000         0.000         0.000         0.000         0.000


           NU
              DASH06        DASH09        DASH11        AGE04         GENDER
              ________      ________      ________      ________      ________
 1              0.000         0.000         0.000         0.000         0.000


           NU
              KCAL04        MET04         SMOKE04       Q1            Q2
              ________      ________      ________      ________      ________
 1              0.000         0.000         0.000         0.000         0.000


           NU
              Q3            EDUC04        SYSTO04       DIASTO04
              ________      ________      ________      ________
 1              0.000         0.000         0.000         0.000


           LAMBDA
              IB            SB            ID            SD            AGE04
              ________      ________      ________      ________      ________
 BMI04          1.000         0.000         0.000         0.000         0.000
 BMI06          1.000         2.000         0.000         0.000         0.000
 BMI09          1.000         5.000         0.000         0.000         0.000
 BMI11          1.000         7.000         0.000         0.000         0.000
 DASH04         0.000         0.000         1.000         0.000         0.000
 DASH06         0.000         0.000         1.000         2.000         0.000
 DASH09         0.000         0.000         1.000         5.000         0.000
 DASH11         0.000         0.000         1.000         7.000         0.000
 AGE04          0.000         0.000         0.000         0.000         1.000
 GENDER         0.000         0.000         0.000         0.000         0.000
 KCAL04         0.000         0.000         0.000         0.000         0.000
 MET04          0.000         0.000         0.000         0.000         0.000
 SMOKE04        0.000         0.000         0.000         0.000         0.000
 Q1             0.000         0.000         0.000         0.000         0.000
 Q2             0.000         0.000         0.000         0.000         0.000
 Q3             0.000         0.000         0.000         0.000         0.000
 EDUC04         0.000         0.000         0.000         0.000         0.000
 SYSTO04        0.000         0.000         0.000         0.000         0.000
 DIASTO04       0.000         0.000         0.000         0.000         0.000


           LAMBDA
              GENDER        KCAL04        MET04         SMOKE04       Q1
              ________      ________      ________      ________      ________
 BMI04          0.000         0.000         0.000         0.000         0.000
 BMI06          0.000         0.000         0.000         0.000         0.000
 BMI09          0.000         0.000         0.000         0.000         0.000
 BMI11          0.000         0.000         0.000         0.000         0.000
 DASH04         0.000         0.000         0.000         0.000         0.000
 DASH06         0.000         0.000         0.000         0.000         0.000
 DASH09         0.000         0.000         0.000         0.000         0.000
 DASH11         0.000         0.000         0.000         0.000         0.000
 AGE04          0.000         0.000         0.000         0.000         0.000
 GENDER         1.000         0.000         0.000         0.000         0.000
 KCAL04         0.000         1.000         0.000         0.000         0.000
 MET04          0.000         0.000         1.000         0.000         0.000
 SMOKE04        0.000         0.000         0.000         1.000         0.000
 Q1             0.000         0.000         0.000         0.000         1.000
 Q2             0.000         0.000         0.000         0.000         0.000
 Q3             0.000         0.000         0.000         0.000         0.000
 EDUC04         0.000         0.000         0.000         0.000         0.000
 SYSTO04        0.000         0.000         0.000         0.000         0.000
 DIASTO04       0.000         0.000         0.000         0.000         0.000


           LAMBDA
              Q2            Q3            EDUC04        SYSTO04       DIASTO04
              ________      ________      ________      ________      ________
 BMI04          0.000         0.000         0.000         0.000         0.000
 BMI06          0.000         0.000         0.000         0.000         0.000
 BMI09          0.000         0.000         0.000         0.000         0.000
 BMI11          0.000         0.000         0.000         0.000         0.000
 DASH04         0.000         0.000         0.000         0.000         0.000
 DASH06         0.000         0.000         0.000         0.000         0.000
 DASH09         0.000         0.000         0.000         0.000         0.000
 DASH11         0.000         0.000         0.000         0.000         0.000
 AGE04          0.000         0.000         0.000         0.000         0.000
 GENDER         0.000         0.000         0.000         0.000         0.000
 KCAL04         0.000         0.000         0.000         0.000         0.000
 MET04          0.000         0.000         0.000         0.000         0.000
 SMOKE04        0.000         0.000         0.000         0.000         0.000
 Q1             0.000         0.000         0.000         0.000         0.000
 Q2             1.000         0.000         0.000         0.000         0.000
 Q3             0.000         1.000         0.000         0.000         0.000
 EDUC04         0.000         0.000         1.000         0.000         0.000
 SYSTO04        0.000         0.000         0.000         1.000         0.000
 DIASTO04       0.000         0.000         0.000         0.000         1.000


           THETA
              BMI04         BMI06         BMI09         BMI11         DASH04
              ________      ________      ________      ________      ________
 BMI04          5.617
 BMI06          0.000         6.364
 BMI09          0.000         0.000         5.891
 BMI11          0.000         0.000         0.000        11.820
 DASH04         0.000         0.000         0.000         0.000        29.408
 DASH06         0.000         0.000         0.000         0.000         0.000
 DASH09         0.000         0.000         0.000         0.000         0.000
 DASH11         0.000         0.000         0.000         0.000         0.000
 AGE04          0.000         0.000         0.000         0.000         0.000
 GENDER         0.000         0.000         0.000         0.000         0.000
 KCAL04         0.000         0.000         0.000         0.000         0.000
 MET04          0.000         0.000         0.000         0.000         0.000
 SMOKE04        0.000         0.000         0.000         0.000         0.000
 Q1             0.000         0.000         0.000         0.000         0.000
 Q2             0.000         0.000         0.000         0.000         0.000
 Q3             0.000         0.000         0.000         0.000         0.000
 EDUC04         0.000         0.000         0.000         0.000         0.000
 SYSTO04        0.000         0.000         0.000         0.000         0.000
 DIASTO04       0.000         0.000         0.000         0.000         0.000


           THETA
              DASH06        DASH09        DASH11        AGE04         GENDER
              ________      ________      ________      ________      ________
 DASH06        32.266
 DASH09         0.000        33.337
 DASH11         0.000         0.000        39.783
 AGE04          0.000         0.000         0.000         0.000
 GENDER         0.000         0.000         0.000         0.000         0.000
 KCAL04         0.000         0.000         0.000         0.000         0.000
 MET04          0.000         0.000         0.000         0.000         0.000
 SMOKE04        0.000         0.000         0.000         0.000         0.000
 Q1             0.000         0.000         0.000         0.000         0.000
 Q2             0.000         0.000         0.000         0.000         0.000
 Q3             0.000         0.000         0.000         0.000         0.000
 EDUC04         0.000         0.000         0.000         0.000         0.000
 SYSTO04        0.000         0.000         0.000         0.000         0.000
 DIASTO04       0.000         0.000         0.000         0.000         0.000


           THETA
              KCAL04        MET04         SMOKE04       Q1            Q2
              ________      ________      ________      ________      ________
 KCAL04         0.000
 MET04          0.000         0.000
 SMOKE04        0.000         0.000         0.000
 Q1             0.000         0.000         0.000         0.000
 Q2             0.000         0.000         0.000         0.000         0.000
 Q3             0.000         0.000         0.000         0.000         0.000
 EDUC04         0.000         0.000         0.000         0.000         0.000
 SYSTO04        0.000         0.000         0.000         0.000         0.000
 DIASTO04       0.000         0.000         0.000         0.000         0.000


           THETA
              Q3            EDUC04        SYSTO04       DIASTO04
              ________      ________      ________      ________
 Q3             0.000
 EDUC04         0.000         0.000
 SYSTO04        0.000         0.000         0.000
 DIASTO04       0.000         0.000         0.000         0.000


           ALPHA
              IB            SB            ID            SD            AGE04
              ________      ________      ________      ________      ________
 1             23.091         0.035        47.319         0.230        47.385


           ALPHA
              GENDER        KCAL04        MET04         SMOKE04       Q1
              ________      ________      ________      ________      ________
 1              1.519      2188.497       118.186         0.334         0.250


           ALPHA
              Q2            Q3            EDUC04        SYSTO04       DIASTO04
              ________      ________      ________      ________      ________
 1              0.250         0.250         1.724       122.224        78.671


           BETA
              IB            SB            ID            SD            AGE04
              ________      ________      ________      ________      ________
 IB             0.000         0.000         0.000         0.000         0.000
 SB             0.000         0.000         0.000         0.000         0.000
 ID             0.000         0.000         0.000         0.000         0.000
 SD             0.000         0.000         0.000         0.000         0.000
 AGE04          0.000         0.000         0.000         0.000         0.000
 GENDER         0.000         0.000         0.000         0.000         0.000
 KCAL04         0.000         0.000         0.000         0.000         0.000
 MET04          0.000         0.000         0.000         0.000         0.000
 SMOKE04        0.000         0.000         0.000         0.000         0.000
 Q1             0.000         0.000         0.000         0.000         0.000
 Q2             0.000         0.000         0.000         0.000         0.000
 Q3             0.000         0.000         0.000         0.000         0.000
 EDUC04         0.000         0.000         0.000         0.000         0.000
 SYSTO04        0.000         0.000         0.000         0.000         0.000
 DIASTO04       0.000         0.000         0.000         0.000         0.000


           BETA
              GENDER        KCAL04        MET04         SMOKE04       Q1
              ________      ________      ________      ________      ________
 IB             0.000         0.000         0.000         0.000         0.000
 SB             0.000         0.000         0.000         0.000         0.000
 ID             0.000         0.000         0.000         0.000         0.000
 SD             0.000         0.000         0.000         0.000         0.000
 AGE04          0.000         0.000         0.000         0.000         0.000
 GENDER         0.000         0.000         0.000         0.000         0.000
 KCAL04         0.000         0.000         0.000         0.000         0.000
 MET04          0.000         0.000         0.000         0.000         0.000
 SMOKE04        0.000         0.000         0.000         0.000         0.000
 Q1             0.000         0.000         0.000         0.000         0.000
 Q2             0.000         0.000         0.000         0.000         0.000
 Q3             0.000         0.000         0.000         0.000         0.000
 EDUC04         0.000         0.000         0.000         0.000         0.000
 SYSTO04        0.000         0.000         0.000         0.000         0.000
 DIASTO04       0.000         0.000         0.000         0.000         0.000


           BETA
              Q2            Q3            EDUC04        SYSTO04       DIASTO04
              ________      ________      ________      ________      ________
 IB             0.000         0.000         0.000         0.000         0.000
 SB             0.000         0.000         0.000         0.000         0.000
 ID             0.000         0.000         0.000         0.000         0.000
 SD             0.000         0.000         0.000         0.000         0.000
 AGE04          0.000         0.000         0.000         0.000         0.000
 GENDER         0.000         0.000         0.000         0.000         0.000
 KCAL04         0.000         0.000         0.000         0.000         0.000
 MET04          0.000         0.000         0.000         0.000         0.000
 SMOKE04        0.000         0.000         0.000         0.000         0.000
 Q1             0.000         0.000         0.000         0.000         0.000
 Q2             0.000         0.000         0.000         0.000         0.000
 Q3             0.000         0.000         0.000         0.000         0.000
 EDUC04         0.000         0.000         0.000         0.000         0.000
 SYSTO04        0.000         0.000         0.000         0.000         0.000
 DIASTO04       0.000         0.000         0.000         0.000         0.000


           PSI
              IB            SB            ID            SD            AGE04
              ________      ________      ________      ________      ________
 IB            11.513
 SB             0.000         0.570
 ID             0.000         0.000        56.558
 SD             0.000         0.000         0.000        16.569
 AGE04          0.000         0.000         0.000         0.000       117.749
 GENDER         0.000         0.000         0.000         0.000         0.000
 KCAL04         0.000         0.000         0.000         0.000         0.000
 MET04          0.000         0.000         0.000         0.000         0.000
 SMOKE04        0.000         0.000         0.000         0.000         0.000
 Q1             0.000         0.000         0.000         0.000         0.000
 Q2             0.000         0.000         0.000         0.000         0.000
 Q3             0.000         0.000         0.000         0.000         0.000
 EDUC04         0.000         0.000         0.000         0.000         0.000
 SYSTO04        0.000         0.000         0.000         0.000         0.000
 DIASTO04       0.000         0.000         0.000         0.000         0.000


           PSI
              GENDER        KCAL04        MET04         SMOKE04       Q1
              ________      ________      ________      ________      ________
 GENDER         0.125
 KCAL04         0.000    229144.438
 MET04          0.000         0.000      6315.442
 SMOKE04        0.000         0.000         0.000         0.138
 Q1             0.000         0.000         0.000         0.000         0.094
 Q2             0.000         0.000         0.000         0.000         0.000
 Q3             0.000         0.000         0.000         0.000         0.000
 EDUC04         0.000         0.000         0.000         0.000         0.000
 SYSTO04        0.000         0.000         0.000         0.000         0.000
 DIASTO04       0.000         0.000         0.000         0.000         0.000


           PSI
              Q2            Q3            EDUC04        SYSTO04       DIASTO04
              ________      ________      ________      ________      ________
 Q2             0.094
 Q3             0.000         0.094
 EDUC04         0.000         0.000         0.876
 SYSTO04        0.000         0.000         0.000       171.913
 DIASTO04       0.000         0.000         0.000         0.000        63.046


DIAGRAM INFORMATION

  Use View Diagram under the Diagram menu in the Mplus Editor to view the diagram.
  If running Mplus from the Mplus Diagrammer, the diagram opens automatically.

  Diagram output
    c:\users\likai\documents\git_repo\dqmedi\mplus\longitudinal\dash bmi no mediation - model fit.dg

     Beginning Time:  22:37:53
        Ending Time:  22:38:16
       Elapsed Time:  00:00:23



MUTHEN & MUTHEN
3463 Stoner Ave.
Los Angeles, CA  90066

Tel: (310) 391-9971
Fax: (310) 391-8971
Web: www.StatModel.com
Support: Support@StatModel.com

Copyright (c) 1998-2015 Muthen & Muthen
