Mplus VERSION 7.4
MUTHEN & MUTHEN
05/16/2019  12:58 PM

INPUT INSTRUCTIONS

  DATA: File is id0411 mplus.csv;

  VARIABLE: Names are IDind WAVE hhid t2 commid age04
                      kcal04 carbo04 fat04 protn04 bmi04
                      hwr04 wc04 diasto04 systo04 smoke04
                      gender educ04 indinc04 index04 met04
                      cmfp04 dash04 ahei04 hbs04 lbs04 dqd04
                      age06 kcal06 carbo06 fat06 protn06 bmi06
                      hwr06 wc06 diasto06 systo06 smoke06
                      educ06 indinc06 index06 met06 cmfp06 dash06
                      ahei06 hbs06 lbs06 dqd06 age09 kcal09 carbo09
                      fat09 protn09 bmi09 hwr09 wc09 diasto09 systo09
                      smoke09 educ09 indinc09 index09 met09 cmfp09
                      dash09 ahei09 hbs09 lbs09 dqd09 age11 kcal11
                      carbo11 fat11 protn11 bmi11 hwr11 wc11 diasto11
                      systo11 smoke11 educ11 indinc11 index11 met11
                      cmfp11 dash11 ahei11 hbs11 lbs11 dqd11 q_index
                       q1 q2 q3 carbo_p protn_p fat_p;

           Usev are  age04 gender kcal04 met04
                     bmi04 bmi06 bmi09 bmi11 smoke04
                     dqd04 dqd06 dqd09 dqd11
                     educ04 systo04 diasto04;


           Missing are all(999);


  ANALYSIS:
  Type=random;
  ALGORITHM=INTEGRATION;
  Estimator=ML;



  MODEL:
  age04 gender kcal04 met04 smoke04
  bmi04 bmi06 bmi09 bmi11 educ04 systo04 diasto04
  dqd04 dqd06 dqd09 dqd11;

  ib sb | bmi04@0 bmi06@2 bmi09@5 bmi11@7;
  id sd | dqd04@0 dqd06@2 dqd09@5 dqd11@7;

  ib with sb;
  id with sd;

  ib-sd on age04 gender met04 kcal04 educ04 systo04 diasto04 smoke04;

  OUTPUT: tech1 tech8 tech4 cinterval;



INPUT READING TERMINATED NORMALLY




SUMMARY OF ANALYSIS

Number of groups                                                 1
Number of observations                                        9547

Number of dependent variables                                    8
Number of independent variables                                  8
Number of continuous latent variables                            4

Observed dependent variables

  Continuous
   BMI04       BMI06       BMI09       BMI11       DQD04       DQD06
   DQD09       DQD11

Observed independent variables
   AGE04       GENDER      KCAL04      MET04       SMOKE04     EDUC04
   SYSTO04     DIASTO04

Continuous latent variables
   IB          SB          ID          SD


Estimator                                                       ML
Information matrix                                        OBSERVED
Optimization Specifications for the Quasi-Newton Algorithm for
Continuous Outcomes
  Maximum number of iterations                                 100
  Convergence criterion                                  0.100D-05
Optimization Specifications for the EM Algorithm
  Maximum number of iterations                                 500
  Convergence criteria
    Loglikelihood change                                 0.100D-02
    Relative loglikelihood change                        0.100D-05
    Derivative                                           0.100D-02
Optimization Specifications for the M step of the EM Algorithm for
Categorical Latent variables
  Number of M step iterations                                    1
  M step convergence criterion                           0.100D-02
  Basis for M step termination                           ITERATION
Optimization Specifications for the M step of the EM Algorithm for
Censored, Binary or Ordered Categorical (Ordinal), Unordered
Categorical (Nominal) and Count Outcomes
  Number of M step iterations                                    1
  M step convergence criterion                           0.100D-02
  Basis for M step termination                           ITERATION
  Maximum value for logit thresholds                            15
  Minimum value for logit thresholds                           -15
  Minimum expected cell size for chi-square              0.100D-01
Maximum number of iterations for H1                           2000
Convergence criterion for H1                             0.100D-03
Optimization algorithm                                         EMA
Integration Specifications
  Type                                                    STANDARD
  Number of integration points                                  15
  Dimensions of numerical integration                            0
  Adaptive quadrature                                           ON
Cholesky                                                       OFF

Input data file(s)
  id0411 mplus.csv
Input data format  FREE


SUMMARY OF DATA

     Number of missing data patterns           195


COVARIANCE COVERAGE OF DATA

Minimum covariance coverage value   0.100


     PROPORTION OF DATA PRESENT FOR Y


           Covariance Coverage
              BMI04         BMI06         BMI09         BMI11         DQD04
              ________      ________      ________      ________      ________
 BMI04          0.928
 BMI06          0.690         0.727
 BMI09          0.589         0.537         0.623
 BMI11          0.533         0.483         0.503         0.564
 DQD04          0.928         0.727         0.623         0.564         1.000
 DQD06          0.721         0.717         0.559         0.504         0.769
 DQD09          0.608         0.553         0.616         0.514         0.648
 DQD11          0.542         0.490         0.507         0.557         0.576
 AGE04          0.928         0.727         0.623         0.564         1.000
 GENDER         0.928         0.727         0.623         0.564         1.000
 KCAL04         0.928         0.727         0.623         0.564         1.000
 MET04          0.848         0.667         0.576         0.523         0.901
 SMOKE04        0.927         0.722         0.619         0.559         0.988
 EDUC04         0.926         0.722         0.618         0.559         0.987
 SYSTO04        0.927         0.698         0.596         0.539         0.939
 DIASTO04       0.927         0.698         0.596         0.539         0.939


           Covariance Coverage
              DQD06         DQD09         DQD11         AGE04         GENDER
              ________      ________      ________      ________      ________
 DQD06          0.769
 DQD09          0.580         0.648
 DQD11          0.513         0.523         0.576
 AGE04          0.769         0.648         0.576         1.000
 GENDER         0.769         0.648         0.576         1.000         1.000
 KCAL04         0.769         0.648         0.576         1.000         1.000
 MET04          0.703         0.597         0.533         0.901         0.901
 SMOKE04        0.764         0.643         0.571         0.988         0.988
 EDUC04         0.763         0.642         0.571         0.987         0.987
 SYSTO04        0.730         0.615         0.549         0.939         0.939
 DIASTO04       0.730         0.615         0.549         0.939         0.939


           Covariance Coverage
              KCAL04        MET04         SMOKE04       EDUC04        SYSTO04
              ________      ________      ________      ________      ________
 KCAL04         1.000
 MET04          0.901         0.901
 SMOKE04        0.988         0.900         0.988
 EDUC04         0.987         0.899         0.986         0.987
 SYSTO04        0.939         0.857         0.937         0.937         0.939
 DIASTO04       0.939         0.857         0.937         0.937         0.939


           Covariance Coverage
              DIASTO04
              ________
 DIASTO04       0.939


     THE STANDARD ERRORS OF THE MODEL PARAMETER ESTIMATES MAY NOT BE
     TRUSTWORTHY FOR SOME PARAMETERS DUE TO A NON-POSITIVE DEFINITE
     FIRST-ORDER DERIVATIVE PRODUCT MATRIX.  THIS MAY BE DUE TO THE STARTING
     VALUES BUT MAY ALSO BE AN INDICATION OF MODEL NONIDENTIFICATION.  THE
     CONDITION NUMBER IS      -0.376D-19.  PROBLEM INVOLVING THE FOLLOWING PARAMETER:
     Parameter 98, DIASTO04


THE MODEL ESTIMATION TERMINATED NORMALLY



MODEL FIT INFORMATION

Number of Free Parameters                       98

Loglikelihood

          H0 Value                     -427697.667

Information Criteria

          Akaike (AIC)                  855591.334
          Bayesian (BIC)                856293.404
          Sample-Size Adjusted BIC      855981.975
            (n* = (n + 2) / 24)



MODEL RESULTS

                                                    Two-Tailed
                    Estimate       S.E.  Est./S.E.    P-Value

 IB       |
    BMI04              1.000      0.000    999.000    999.000
    BMI06              1.000      0.000    999.000    999.000
    BMI09              1.000      0.000    999.000    999.000
    BMI11              1.000      0.000    999.000    999.000

 SB       |
    BMI04              0.000      0.000    999.000    999.000
    BMI06              2.000      0.000    999.000    999.000
    BMI09              5.000      0.000    999.000    999.000
    BMI11              7.000      0.000    999.000    999.000

 ID       |
    DQD04              1.000      0.000    999.000    999.000
    DQD06              1.000      0.000    999.000    999.000
    DQD09              1.000      0.000    999.000    999.000
    DQD11              1.000      0.000    999.000    999.000

 SD       |
    DQD04              0.000      0.000    999.000    999.000
    DQD06              2.000      0.000    999.000    999.000
    DQD09              5.000      0.000    999.000    999.000
    DQD11              7.000      0.000    999.000    999.000

 IB         ON
    AGE04              0.001      0.003      0.415      0.678
    GENDER             0.406      0.086      4.734      0.000
    MET04              0.000      0.000     -1.445      0.149
    KCAL04             0.000      0.000      6.384      0.000
    EDUC04             0.141      0.028      4.973      0.000
    SYSTO04            0.026      0.003      9.168      0.000
    DIASTO04           0.059      0.004     13.650      0.000
    SMOKE04           -0.361      0.077     -4.681      0.000

 SB         ON
    AGE04             -0.004      0.000     -9.435      0.000
    GENDER            -0.037      0.012     -3.106      0.002
    MET04              0.000      0.000     -0.345      0.730
    KCAL04             0.000      0.000      0.745      0.456
    EDUC04            -0.018      0.004     -4.476      0.000
    SYSTO04           -0.001      0.000     -3.627      0.000
    DIASTO04           0.000      0.001     -0.358      0.720
    SMOKE04           -0.014      0.010     -1.328      0.184

 ID         ON
    AGE04             -0.081      0.007    -12.196      0.000
    GENDER            -2.051      0.212     -9.695      0.000
    MET04              0.008      0.001      9.812      0.000
    KCAL04             0.001      0.000      6.563      0.000
    EDUC04            -2.397      0.070    -34.124      0.000
    SYSTO04           -0.021      0.007     -2.977      0.003
    DIASTO04           0.026      0.011      2.385      0.017
    SMOKE04            0.288      0.192      1.498      0.134

 SD         ON
    AGE04              0.006      0.001      3.841      0.000
    GENDER            -0.075      0.044     -1.696      0.090
    MET04              0.000      0.000     -0.317      0.751
    KCAL04             0.000      0.000     -2.407      0.016
    EDUC04             0.064      0.015      4.280      0.000
    SYSTO04            0.001      0.001      0.875      0.382
    DIASTO04          -0.003      0.002     -1.507      0.132
    SMOKE04           -0.031      0.040     -0.767      0.443

 IB       WITH
    SB                -0.097      0.020     -4.849      0.000

 ID       WITH
    SD                -1.026      0.206     -4.969      0.000
    IB                -0.531      0.265     -2.006      0.045
    SB                 0.157      0.036      4.298      0.000

 SD       WITH
    IB                 0.123      0.055      2.215      0.027
    SB                -0.014      0.007     -1.999      0.046

 GENDER   WITH
    AGE04              0.199      0.078      2.532      0.011

 KCAL04   WITH
    AGE04          -1363.375    107.236    -12.714      0.000
    GENDER           -91.666      3.587    -25.558      0.000

 MET04    WITH
    AGE04           -422.139     19.929    -21.182      0.000
    GENDER            -8.244      0.611    -13.492      0.000
    KCAL04         16004.120    843.033     18.984      0.000

 SMOKE04  WITH
    AGE04              0.283      0.083      3.402      0.001
    GENDER            -0.150      0.003    -48.391      0.000
    KCAL04            57.555      3.701     15.549      0.000
    MET04              4.925      0.636      7.750      0.000

 EDUC04   WITH
    AGE04             -8.178      0.226    -36.237      0.000
    GENDER            -0.129      0.007    -18.658      0.000
    KCAL04            79.011      9.253      8.539      0.000
    MET04             -1.863      1.609     -1.158      0.247
    SMOKE04            0.042      0.007      5.813      0.000

 SYSTO04  WITH
    AGE04            117.453      3.251     36.131      0.000
    GENDER            -0.816      0.098     -8.344      0.000
    KCAL04          -957.690    133.083     -7.196      0.000
    MET04           -278.507     23.455    -11.874      0.000
    SMOKE04            0.674      0.102      6.577      0.000
    EDUC04            -3.732      0.261    -14.274      0.000

 DIASTO04 WITH
    AGE04             35.790      1.871     19.128      0.000
    GENDER            -0.692      0.060    -11.627      0.000
    KCAL04          -283.561     80.639     -3.516      0.000
    MET04            -86.033     14.028     -6.133      0.000
    SMOKE04            0.448      0.062      7.213      0.000
    EDUC04            -0.818      0.157     -5.212      0.000
    SYSTO04          148.393      2.708     54.796      0.000

 Means
    AGE04             47.385      0.157    301.706      0.000
    GENDER             1.519      0.005    297.033      0.000
    KCAL04          2188.497      6.928    315.871      0.000
    MET04            117.000      1.212     96.539      0.000
    SMOKE04            0.335      0.005     62.002      0.000
    EDUC04             1.726      0.014    126.749      0.000
    SYSTO04          122.080      0.195    625.780      0.000
    DIASTO04          78.640      0.118    664.345      0.000

 Intercepts
    BMI04              0.000      0.000    999.000    999.000
    BMI06              0.000      0.000    999.000    999.000
    BMI09              0.000      0.000    999.000    999.000
    BMI11              0.000      0.000    999.000    999.000
    DQD04              0.000      0.000    999.000    999.000
    DQD06              0.000      0.000    999.000    999.000
    DQD09              0.000      0.000    999.000    999.000
    DQD11              0.000      0.000    999.000    999.000
    IB                13.799      0.372     37.050      0.000
    SB                 0.522      0.054      9.744      0.000
    ID                48.024      0.923     52.018      0.000
    SD                -0.506      0.197     -2.569      0.010

 Variances
    AGE04            235.499      3.409     69.091      0.000
    GENDER             0.250      0.004     69.091      0.000
    KCAL04         *********   6633.166     69.091      0.000
    MET04          12735.149    195.547     65.126      0.000
    SMOKE04            0.276      0.004     68.710      0.000
    EDUC04             1.753      0.026     68.632      0.000
    SYSTO04          345.076      5.164     66.822      0.000
    DIASTO04         126.167      1.885     66.916      0.000

 Residual Variances
    BMI04              0.964      0.072     13.408      0.000
    BMI06              3.136      0.070     44.836      0.000
    BMI09              1.532      0.071     21.522      0.000
    BMI11             13.576      0.292     46.480      0.000
    DQD04             47.817      1.266     37.766      0.000
    DQD06             48.189      1.009     47.768      0.000
    DQD09             47.891      1.096     43.711      0.000
    DQD11             47.091      1.490     31.612      0.000
    IB                 9.195      0.162     56.796      0.000
    SB                 0.046      0.004     10.809      0.000
    ID                27.236      1.163     23.421      0.000
    SD                 0.297      0.050      5.951      0.000


QUALITY OF NUMERICAL RESULTS

     Condition Number for the Information Matrix             -0.376E-19
       (ratio of smallest to largest eigenvalue)


CONFIDENCE INTERVALS OF MODEL RESULTS

                  Lower .5%  Lower 2.5%    Lower 5%    Estimate    Upper 5%  Upper 2.5%   Upper .5%

 IB       |
    BMI04            1.000       1.000       1.000       1.000       1.000       1.000       1.000
    BMI06            1.000       1.000       1.000       1.000       1.000       1.000       1.000
    BMI09            1.000       1.000       1.000       1.000       1.000       1.000       1.000
    BMI11            1.000       1.000       1.000       1.000       1.000       1.000       1.000

 SB       |
    BMI04            0.000       0.000       0.000       0.000       0.000       0.000       0.000
    BMI06            2.000       2.000       2.000       2.000       2.000       2.000       2.000
    BMI09            5.000       5.000       5.000       5.000       5.000       5.000       5.000
    BMI11            7.000       7.000       7.000       7.000       7.000       7.000       7.000

 ID       |
    DQD04            1.000       1.000       1.000       1.000       1.000       1.000       1.000
    DQD06            1.000       1.000       1.000       1.000       1.000       1.000       1.000
    DQD09            1.000       1.000       1.000       1.000       1.000       1.000       1.000
    DQD11            1.000       1.000       1.000       1.000       1.000       1.000       1.000

 SD       |
    DQD04            0.000       0.000       0.000       0.000       0.000       0.000       0.000
    DQD06            2.000       2.000       2.000       2.000       2.000       2.000       2.000
    DQD09            5.000       5.000       5.000       5.000       5.000       5.000       5.000
    DQD11            7.000       7.000       7.000       7.000       7.000       7.000       7.000

 IB       ON
    AGE04           -0.006      -0.004      -0.003       0.001       0.006       0.006       0.008
    GENDER           0.185       0.238       0.265       0.406       0.547       0.574       0.627
    MET04           -0.001      -0.001      -0.001       0.000       0.000       0.000       0.000
    KCAL04           0.000       0.000       0.000       0.000       0.000       0.000       0.000
    EDUC04           0.068       0.085       0.094       0.141       0.188       0.197       0.214
    SYSTO04          0.018       0.020       0.021       0.026       0.030       0.031       0.033
    DIASTO04         0.048       0.050       0.052       0.059       0.066       0.067       0.070
    SMOKE04         -0.559      -0.512      -0.488      -0.361      -0.234      -0.210      -0.162

 SB       ON
    AGE04           -0.005      -0.005      -0.005      -0.004      -0.003      -0.003      -0.003
    GENDER          -0.069      -0.061      -0.057      -0.037      -0.018      -0.014      -0.006
    MET04            0.000       0.000       0.000       0.000       0.000       0.000       0.000
    KCAL04           0.000       0.000       0.000       0.000       0.000       0.000       0.000
    EDUC04          -0.029      -0.026      -0.025      -0.018      -0.012      -0.010      -0.008
    SYSTO04         -0.002      -0.002      -0.002      -0.001      -0.001      -0.001       0.000
    DIASTO04        -0.002      -0.001      -0.001       0.000       0.001       0.001       0.001
    SMOKE04         -0.041      -0.034      -0.031      -0.014       0.003       0.007       0.013

 ID       ON
    AGE04           -0.098      -0.094      -0.092      -0.081      -0.070      -0.068      -0.064
    GENDER          -2.596      -2.466      -2.399      -2.051      -1.703      -1.637      -1.506
    MET04            0.006       0.006       0.007       0.008       0.009       0.010       0.010
    KCAL04           0.001       0.001       0.001       0.001       0.001       0.001       0.001
    EDUC04          -2.577      -2.534      -2.512      -2.397      -2.281      -2.259      -2.216
    SYSTO04         -0.039      -0.035      -0.032      -0.021      -0.009      -0.007      -0.003
    DIASTO04        -0.002       0.005       0.008       0.026       0.043       0.047       0.053
    SMOKE04         -0.207      -0.089      -0.028       0.288       0.605       0.665       0.784

 SD       ON
    AGE04            0.002       0.003       0.003       0.006       0.008       0.009       0.009
    GENDER          -0.190      -0.163      -0.149      -0.075      -0.002       0.012       0.039
    MET04            0.000       0.000       0.000       0.000       0.000       0.000       0.000
    KCAL04           0.000       0.000       0.000       0.000       0.000       0.000       0.000
    EDUC04           0.026       0.035       0.040       0.064       0.089       0.094       0.103
    SYSTO04         -0.003      -0.002      -0.001       0.001       0.004       0.004       0.005
    DIASTO04        -0.009      -0.008      -0.007      -0.003       0.000       0.001       0.002
    SMOKE04         -0.133      -0.109      -0.096      -0.031       0.035       0.047       0.072

 IB       WITH
    SB              -0.148      -0.136      -0.130      -0.097      -0.064      -0.058      -0.045

 ID       WITH
    SD              -1.558      -1.430      -1.365      -1.026      -0.686      -0.621      -0.494
    IB              -1.212      -1.049      -0.966      -0.531      -0.095      -0.012       0.151
    SB               0.063       0.085       0.097       0.157       0.217       0.228       0.251

 SD       WITH
    IB              -0.020       0.014       0.032       0.123       0.214       0.232       0.266
    SB              -0.032      -0.027      -0.025      -0.014      -0.002       0.000       0.004

 GENDER   WITH
    AGE04           -0.003       0.045       0.070       0.199       0.328       0.353       0.401

 KCAL04   WITH
    AGE04        -1639.592   -1573.556   -1539.777   -1363.375   -1186.972   -1153.193   -1087.157
    GENDER        -100.904     -98.695     -97.566     -91.666     -85.766     -84.636     -82.427

 MET04    WITH
    AGE04         -473.473    -461.200    -454.923    -422.139    -389.356    -383.079    -370.806
    GENDER          -9.818      -9.441      -9.249      -8.244      -7.239      -7.046      -6.670
    KCAL04       13832.635   14351.774   14617.330   16004.120   17390.910   17656.465   18175.605

 SMOKE04  WITH
    AGE04            0.069       0.120       0.146       0.283       0.420       0.446       0.497
    GENDER          -0.158      -0.156      -0.155      -0.150      -0.145      -0.144      -0.142
    KCAL04          48.021      50.300      51.466      57.555      63.644      64.810      67.090
    MET04            3.288       3.679       3.880       4.925       5.971       6.171       6.562

 EDUC04   WITH
    AGE04           -8.759      -8.620      -8.549      -8.178      -7.807      -7.736      -7.597
    GENDER          -0.147      -0.143      -0.141      -0.129      -0.118      -0.116      -0.111
    KCAL04          55.179      60.876      63.791      79.011      94.232      97.146     102.844
    MET04           -6.006      -5.015      -4.509      -1.863       0.783       1.290       2.281
    SMOKE04          0.023       0.028       0.030       0.042       0.054       0.056       0.060

 SYSTO04  WITH
    AGE04          109.079     111.081     112.105     117.453     122.800     123.824     125.826
    GENDER          -1.068      -1.008      -0.977      -0.816      -0.655      -0.624      -0.564
    KCAL04       -1300.486   -1218.533   -1176.612    -957.690    -738.768    -696.847    -614.894
    MET04         -338.922    -324.479    -317.090    -278.507    -239.924    -232.535    -218.092
    SMOKE04          0.410       0.473       0.505       0.674       0.842       0.875       0.938
    EDUC04          -4.406      -4.245      -4.162      -3.732      -3.302      -3.220      -3.059

 DIASTO04 WITH
    AGE04           30.971      32.123      32.712      35.790      38.868      39.458      40.610
    GENDER          -0.846      -0.809      -0.790      -0.692      -0.594      -0.576      -0.539
    KCAL04        -491.272    -441.614    -416.212    -283.561    -150.909    -125.507     -75.850
    MET04         -122.166    -113.528    -109.109     -86.033     -62.957     -58.539     -49.900
    SMOKE04          0.288       0.326       0.346       0.448       0.550       0.570       0.608
    EDUC04          -1.222      -1.126      -1.076      -0.818      -0.560      -0.510      -0.414
    SYSTO04        141.417     143.085     143.938     148.393     152.848     153.701     155.368

 Means
    AGE04           46.981      47.078      47.127      47.385      47.644      47.693      47.790
    GENDER           1.506       1.509       1.510       1.519       1.527       1.529       1.532
    KCAL04        2170.651    2174.917    2177.100    2188.497    2199.894    2202.077    2206.343
    MET04          113.879     114.625     115.007     117.000     118.994     119.376     120.122
    SMOKE04          0.321       0.324       0.326       0.335       0.344       0.345       0.349
    EDUC04           1.691       1.699       1.703       1.726       1.748       1.752       1.761
    SYSTO04        121.577     121.698     121.759     122.080     122.401     122.462     122.582
    DIASTO04        78.335      78.408      78.445      78.640      78.835      78.872      78.945

 Intercepts
    BMI04            0.000       0.000       0.000       0.000       0.000       0.000       0.000
    BMI06            0.000       0.000       0.000       0.000       0.000       0.000       0.000
    BMI09            0.000       0.000       0.000       0.000       0.000       0.000       0.000
    BMI11            0.000       0.000       0.000       0.000       0.000       0.000       0.000
    DQD04            0.000       0.000       0.000       0.000       0.000       0.000       0.000
    DQD06            0.000       0.000       0.000       0.000       0.000       0.000       0.000
    DQD09            0.000       0.000       0.000       0.000       0.000       0.000       0.000
    DQD11            0.000       0.000       0.000       0.000       0.000       0.000       0.000
    IB              12.840      13.069      13.187      13.799      14.412      14.529      14.759
    SB               0.384       0.417       0.434       0.522       0.611       0.628       0.661
    ID              45.646      46.215      46.506      48.024      49.543      49.834      50.402
    SD              -1.013      -0.892      -0.830      -0.506      -0.182      -0.120       0.001

 Variances
    AGE04          226.719     228.818     229.892     235.499     241.106     242.180     244.279
    GENDER           0.240       0.243       0.244       0.250       0.256       0.257       0.259
    KCAL04       *********  445287.875  447377.312  458288.875  469200.438  471289.875  475374.594
    MET04        12231.461   12351.878   12413.476   12735.149   13056.823   13118.421   13238.838
    SMOKE04          0.266       0.268       0.269       0.276       0.283       0.284       0.286
    EDUC04           1.688       1.703       1.711       1.753       1.795       1.803       1.819
    SYSTO04        331.774     334.954     336.581     345.076     353.571     355.197     358.377
    DIASTO04       121.310     122.471     123.065     126.167     129.268     129.862     131.023

 Residual Variances
    BMI04            0.779       0.823       0.846       0.964       1.083       1.105       1.150
    BMI06            2.956       2.999       3.021       3.136       3.251       3.273       3.316
    BMI09            1.349       1.393       1.415       1.532       1.649       1.672       1.716
    BMI11           12.823      13.003      13.095      13.576      14.056      14.148      14.328
    DQD04           44.556      45.335      45.734      47.817      49.900      50.299      51.078
    DQD06           45.590      46.212      46.529      48.189      49.848      50.166      50.787
    DQD09           45.069      45.743      46.088      47.891      49.693      50.038      50.713
    DQD11           43.254      44.172      44.641      47.091      49.542      50.011      50.928
    IB               8.778       8.877       8.928       9.195       9.461       9.512       9.612
    SB               0.035       0.038       0.039       0.046       0.054       0.055       0.058
    ID              24.240      24.957      25.323      27.236      29.149      29.515      30.231
    SD               0.169       0.199       0.215       0.297       0.380       0.395       0.426


TECHNICAL 1 OUTPUT


     PARAMETER SPECIFICATION


           NU
              BMI04         BMI06         BMI09         BMI11         DQD04
              ________      ________      ________      ________      ________
 1                  0             0             0             0             0


           NU
              DQD06         DQD09         DQD11         AGE04         GENDER
              ________      ________      ________      ________      ________
 1                  0             0             0             0             0


           NU
              KCAL04        MET04         SMOKE04       EDUC04        SYSTO04
              ________      ________      ________      ________      ________
 1                  0             0             0             0             0


           NU
              DIASTO04
              ________
 1                  0


           LAMBDA
              IB            SB            ID            SD            AGE04
              ________      ________      ________      ________      ________
 BMI04              0             0             0             0             0
 BMI06              0             0             0             0             0
 BMI09              0             0             0             0             0
 BMI11              0             0             0             0             0
 DQD04              0             0             0             0             0
 DQD06              0             0             0             0             0
 DQD09              0             0             0             0             0
 DQD11              0             0             0             0             0
 AGE04              0             0             0             0             0
 GENDER             0             0             0             0             0
 KCAL04             0             0             0             0             0
 MET04              0             0             0             0             0
 SMOKE04            0             0             0             0             0
 EDUC04             0             0             0             0             0
 SYSTO04            0             0             0             0             0
 DIASTO04           0             0             0             0             0


           LAMBDA
              GENDER        KCAL04        MET04         SMOKE04       EDUC04
              ________      ________      ________      ________      ________
 BMI04              0             0             0             0             0
 BMI06              0             0             0             0             0
 BMI09              0             0             0             0             0
 BMI11              0             0             0             0             0
 DQD04              0             0             0             0             0
 DQD06              0             0             0             0             0
 DQD09              0             0             0             0             0
 DQD11              0             0             0             0             0
 AGE04              0             0             0             0             0
 GENDER             0             0             0             0             0
 KCAL04             0             0             0             0             0
 MET04              0             0             0             0             0
 SMOKE04            0             0             0             0             0
 EDUC04             0             0             0             0             0
 SYSTO04            0             0             0             0             0
 DIASTO04           0             0             0             0             0


           LAMBDA
              SYSTO04       DIASTO04
              ________      ________
 BMI04              0             0
 BMI06              0             0
 BMI09              0             0
 BMI11              0             0
 DQD04              0             0
 DQD06              0             0
 DQD09              0             0
 DQD11              0             0
 AGE04              0             0
 GENDER             0             0
 KCAL04             0             0
 MET04              0             0
 SMOKE04            0             0
 EDUC04             0             0
 SYSTO04            0             0
 DIASTO04           0             0


           THETA
              BMI04         BMI06         BMI09         BMI11         DQD04
              ________      ________      ________      ________      ________
 BMI04              1
 BMI06              0             2
 BMI09              0             0             3
 BMI11              0             0             0             4
 DQD04              0             0             0             0             5
 DQD06              0             0             0             0             0
 DQD09              0             0             0             0             0
 DQD11              0             0             0             0             0
 AGE04              0             0             0             0             0
 GENDER             0             0             0             0             0
 KCAL04             0             0             0             0             0
 MET04              0             0             0             0             0
 SMOKE04            0             0             0             0             0
 EDUC04             0             0             0             0             0
 SYSTO04            0             0             0             0             0
 DIASTO04           0             0             0             0             0


           THETA
              DQD06         DQD09         DQD11         AGE04         GENDER
              ________      ________      ________      ________      ________
 DQD06              6
 DQD09              0             7
 DQD11              0             0             8
 AGE04              0             0             0             0
 GENDER             0             0             0             0             0
 KCAL04             0             0             0             0             0
 MET04              0             0             0             0             0
 SMOKE04            0             0             0             0             0
 EDUC04             0             0             0             0             0
 SYSTO04            0             0             0             0             0
 DIASTO04           0             0             0             0             0


           THETA
              KCAL04        MET04         SMOKE04       EDUC04        SYSTO04
              ________      ________      ________      ________      ________
 KCAL04             0
 MET04              0             0
 SMOKE04            0             0             0
 EDUC04             0             0             0             0
 SYSTO04            0             0             0             0             0
 DIASTO04           0             0             0             0             0


           THETA
              DIASTO04
              ________
 DIASTO04           0


           ALPHA
              IB            SB            ID            SD            AGE04
              ________      ________      ________      ________      ________
 1                  9            10            11            12            13


           ALPHA
              GENDER        KCAL04        MET04         SMOKE04       EDUC04
              ________      ________      ________      ________      ________
 1                 14            15            16            17            18


           ALPHA
              SYSTO04       DIASTO04
              ________      ________
 1                 19            20


           BETA
              IB            SB            ID            SD            AGE04
              ________      ________      ________      ________      ________
 IB                 0             0             0             0            21
 SB                 0             0             0             0            29
 ID                 0             0             0             0            37
 SD                 0             0             0             0            45
 AGE04              0             0             0             0             0
 GENDER             0             0             0             0             0
 KCAL04             0             0             0             0             0
 MET04              0             0             0             0             0
 SMOKE04            0             0             0             0             0
 EDUC04             0             0             0             0             0
 SYSTO04            0             0             0             0             0
 DIASTO04           0             0             0             0             0


           BETA
              GENDER        KCAL04        MET04         SMOKE04       EDUC04
              ________      ________      ________      ________      ________
 IB                22            23            24            25            26
 SB                30            31            32            33            34
 ID                38            39            40            41            42
 SD                46            47            48            49            50
 AGE04              0             0             0             0             0
 GENDER             0             0             0             0             0
 KCAL04             0             0             0             0             0
 MET04              0             0             0             0             0
 SMOKE04            0             0             0             0             0
 EDUC04             0             0             0             0             0
 SYSTO04            0             0             0             0             0
 DIASTO04           0             0             0             0             0


           BETA
              SYSTO04       DIASTO04
              ________      ________
 IB                27            28
 SB                35            36
 ID                43            44
 SD                51            52
 AGE04              0             0
 GENDER             0             0
 KCAL04             0             0
 MET04              0             0
 SMOKE04            0             0
 EDUC04             0             0
 SYSTO04            0             0
 DIASTO04           0             0


           PSI
              IB            SB            ID            SD            AGE04
              ________      ________      ________      ________      ________
 IB                53
 SB                54            55
 ID                56            57            58
 SD                59            60            61            62
 AGE04              0             0             0             0            63
 GENDER             0             0             0             0            64
 KCAL04             0             0             0             0            66
 MET04              0             0             0             0            69
 SMOKE04            0             0             0             0            73
 EDUC04             0             0             0             0            78
 SYSTO04            0             0             0             0            84
 DIASTO04           0             0             0             0            91


           PSI
              GENDER        KCAL04        MET04         SMOKE04       EDUC04
              ________      ________      ________      ________      ________
 GENDER            65
 KCAL04            67            68
 MET04             70            71            72
 SMOKE04           74            75            76            77
 EDUC04            79            80            81            82            83
 SYSTO04           85            86            87            88            89
 DIASTO04          92            93            94            95            96


           PSI
              SYSTO04       DIASTO04
              ________      ________
 SYSTO04           90
 DIASTO04          97            98


     STARTING VALUES


           NU
              BMI04         BMI06         BMI09         BMI11         DQD04
              ________      ________      ________      ________      ________
 1              0.000         0.000         0.000         0.000         0.000


           NU
              DQD06         DQD09         DQD11         AGE04         GENDER
              ________      ________      ________      ________      ________
 1              0.000         0.000         0.000         0.000         0.000


           NU
              KCAL04        MET04         SMOKE04       EDUC04        SYSTO04
              ________      ________      ________      ________      ________
 1              0.000         0.000         0.000         0.000         0.000


           NU
              DIASTO04
              ________
 1              0.000


           LAMBDA
              IB            SB            ID            SD            AGE04
              ________      ________      ________      ________      ________
 BMI04          1.000         0.000         0.000         0.000         0.000
 BMI06          1.000         2.000         0.000         0.000         0.000
 BMI09          1.000         5.000         0.000         0.000         0.000
 BMI11          1.000         7.000         0.000         0.000         0.000
 DQD04          0.000         0.000         1.000         0.000         0.000
 DQD06          0.000         0.000         1.000         2.000         0.000
 DQD09          0.000         0.000         1.000         5.000         0.000
 DQD11          0.000         0.000         1.000         7.000         0.000
 AGE04          0.000         0.000         0.000         0.000         1.000
 GENDER         0.000         0.000         0.000         0.000         0.000
 KCAL04         0.000         0.000         0.000         0.000         0.000
 MET04          0.000         0.000         0.000         0.000         0.000
 SMOKE04        0.000         0.000         0.000         0.000         0.000
 EDUC04         0.000         0.000         0.000         0.000         0.000
 SYSTO04        0.000         0.000         0.000         0.000         0.000
 DIASTO04       0.000         0.000         0.000         0.000         0.000


           LAMBDA
              GENDER        KCAL04        MET04         SMOKE04       EDUC04
              ________      ________      ________      ________      ________
 BMI04          0.000         0.000         0.000         0.000         0.000
 BMI06          0.000         0.000         0.000         0.000         0.000
 BMI09          0.000         0.000         0.000         0.000         0.000
 BMI11          0.000         0.000         0.000         0.000         0.000
 DQD04          0.000         0.000         0.000         0.000         0.000
 DQD06          0.000         0.000         0.000         0.000         0.000
 DQD09          0.000         0.000         0.000         0.000         0.000
 DQD11          0.000         0.000         0.000         0.000         0.000
 AGE04          0.000         0.000         0.000         0.000         0.000
 GENDER         1.000         0.000         0.000         0.000         0.000
 KCAL04         0.000         1.000         0.000         0.000         0.000
 MET04          0.000         0.000         1.000         0.000         0.000
 SMOKE04        0.000         0.000         0.000         1.000         0.000
 EDUC04         0.000         0.000         0.000         0.000         1.000
 SYSTO04        0.000         0.000         0.000         0.000         0.000
 DIASTO04       0.000         0.000         0.000         0.000         0.000


           LAMBDA
              SYSTO04       DIASTO04
              ________      ________
 BMI04          0.000         0.000
 BMI06          0.000         0.000
 BMI09          0.000         0.000
 BMI11          0.000         0.000
 DQD04          0.000         0.000
 DQD06          0.000         0.000
 DQD09          0.000         0.000
 DQD11          0.000         0.000
 AGE04          0.000         0.000
 GENDER         0.000         0.000
 KCAL04         0.000         0.000
 MET04          0.000         0.000
 SMOKE04        0.000         0.000
 EDUC04         0.000         0.000
 SYSTO04        1.000         0.000
 DIASTO04       0.000         1.000


           THETA
              BMI04         BMI06         BMI09         BMI11         DQD04
              ________      ________      ________      ________      ________
 BMI04          5.617
 BMI06          0.000         6.364
 BMI09          0.000         0.000         5.891
 BMI11          0.000         0.000         0.000        11.820
 DQD04          0.000         0.000         0.000         0.000        42.544
 DQD06          0.000         0.000         0.000         0.000         0.000
 DQD09          0.000         0.000         0.000         0.000         0.000
 DQD11          0.000         0.000         0.000         0.000         0.000
 AGE04          0.000         0.000         0.000         0.000         0.000
 GENDER         0.000         0.000         0.000         0.000         0.000
 KCAL04         0.000         0.000         0.000         0.000         0.000
 MET04          0.000         0.000         0.000         0.000         0.000
 SMOKE04        0.000         0.000         0.000         0.000         0.000
 EDUC04         0.000         0.000         0.000         0.000         0.000
 SYSTO04        0.000         0.000         0.000         0.000         0.000
 DIASTO04       0.000         0.000         0.000         0.000         0.000


           THETA
              DQD06         DQD09         DQD11         AGE04         GENDER
              ________      ________      ________      ________      ________
 DQD06         42.144
 DQD09          0.000        39.828
 DQD11          0.000         0.000        40.463
 AGE04          0.000         0.000         0.000         0.000
 GENDER         0.000         0.000         0.000         0.000         0.000
 KCAL04         0.000         0.000         0.000         0.000         0.000
 MET04          0.000         0.000         0.000         0.000         0.000
 SMOKE04        0.000         0.000         0.000         0.000         0.000
 EDUC04         0.000         0.000         0.000         0.000         0.000
 SYSTO04        0.000         0.000         0.000         0.000         0.000
 DIASTO04       0.000         0.000         0.000         0.000         0.000


           THETA
              KCAL04        MET04         SMOKE04       EDUC04        SYSTO04
              ________      ________      ________      ________      ________
 KCAL04         0.000
 MET04          0.000         0.000
 SMOKE04        0.000         0.000         0.000
 EDUC04         0.000         0.000         0.000         0.000
 SYSTO04        0.000         0.000         0.000         0.000         0.000
 DIASTO04       0.000         0.000         0.000         0.000         0.000


           THETA
              DIASTO04
              ________
 DIASTO04       0.000


           ALPHA
              IB            SB            ID            SD            AGE04
              ________      ________      ________      ________      ________
 1             23.091         0.035        38.663        -0.659        47.385


           ALPHA
              GENDER        KCAL04        MET04         SMOKE04       EDUC04
              ________      ________      ________      ________      ________
 1              1.519      2188.497       118.186         0.334         1.724


           ALPHA
              SYSTO04       DIASTO04
              ________      ________
 1            122.224        78.671


           BETA
              IB            SB            ID            SD            AGE04
              ________      ________      ________      ________      ________
 IB             0.000         0.000         0.000         0.000         0.000
 SB             0.000         0.000         0.000         0.000         0.000
 ID             0.000         0.000         0.000         0.000         0.000
 SD             0.000         0.000         0.000         0.000         0.000
 AGE04          0.000         0.000         0.000         0.000         0.000
 GENDER         0.000         0.000         0.000         0.000         0.000
 KCAL04         0.000         0.000         0.000         0.000         0.000
 MET04          0.000         0.000         0.000         0.000         0.000
 SMOKE04        0.000         0.000         0.000         0.000         0.000
 EDUC04         0.000         0.000         0.000         0.000         0.000
 SYSTO04        0.000         0.000         0.000         0.000         0.000
 DIASTO04       0.000         0.000         0.000         0.000         0.000


           BETA
              GENDER        KCAL04        MET04         SMOKE04       EDUC04
              ________      ________      ________      ________      ________
 IB             0.000         0.000         0.000         0.000         0.000
 SB             0.000         0.000         0.000         0.000         0.000
 ID             0.000         0.000         0.000         0.000         0.000
 SD             0.000         0.000         0.000         0.000         0.000
 AGE04          0.000         0.000         0.000         0.000         0.000
 GENDER         0.000         0.000         0.000         0.000         0.000
 KCAL04         0.000         0.000         0.000         0.000         0.000
 MET04          0.000         0.000         0.000         0.000         0.000
 SMOKE04        0.000         0.000         0.000         0.000         0.000
 EDUC04         0.000         0.000         0.000         0.000         0.000
 SYSTO04        0.000         0.000         0.000         0.000         0.000
 DIASTO04       0.000         0.000         0.000         0.000         0.000


           BETA
              SYSTO04       DIASTO04
              ________      ________
 IB             0.000         0.000
 SB             0.000         0.000
 ID             0.000         0.000
 SD             0.000         0.000
 AGE04          0.000         0.000
 GENDER         0.000         0.000
 KCAL04         0.000         0.000
 MET04          0.000         0.000
 SMOKE04        0.000         0.000
 EDUC04         0.000         0.000
 SYSTO04        0.000         0.000
 DIASTO04       0.000         0.000


           PSI
              IB            SB            ID            SD            AGE04
              ________      ________      ________      ________      ________
 IB            11.513
 SB             0.000         0.570
 ID             0.000         0.000        82.962
 SD             0.000         0.000         0.000        18.488
 AGE04          0.000         0.000         0.000         0.000       117.749
 GENDER         0.000         0.000         0.000         0.000         0.000
 KCAL04         0.000         0.000         0.000         0.000         0.000
 MET04          0.000         0.000         0.000         0.000         0.000
 SMOKE04        0.000         0.000         0.000         0.000         0.000
 EDUC04         0.000         0.000         0.000         0.000         0.000
 SYSTO04        0.000         0.000         0.000         0.000         0.000
 DIASTO04       0.000         0.000         0.000         0.000         0.000


           PSI
              GENDER        KCAL04        MET04         SMOKE04       EDUC04
              ________      ________      ________      ________      ________
 GENDER         0.125
 KCAL04         0.000    229144.438
 MET04          0.000         0.000      6315.442
 SMOKE04        0.000         0.000         0.000         0.138
 EDUC04         0.000         0.000         0.000         0.000         0.876
 SYSTO04        0.000         0.000         0.000         0.000         0.000
 DIASTO04       0.000         0.000         0.000         0.000         0.000


           PSI
              SYSTO04       DIASTO04
              ________      ________
 SYSTO04      171.913
 DIASTO04       0.000        63.046


TECHNICAL 4 OUTPUT


     ESTIMATES DERIVED FROM THE MODEL


           ESTIMATED MEANS FOR THE LATENT VARIABLES
              IB            SB            ID            SD            AGE04
              ________      ________      ________      ________      ________
 1             23.016         0.064        39.269        -0.513        47.385


           ESTIMATED MEANS FOR THE LATENT VARIABLES
              GENDER        KCAL04        MET04         SMOKE04       EDUC04
              ________      ________      ________      ________      ________
 1              1.519      2188.497       117.000         0.335         1.726


           ESTIMATED MEANS FOR THE LATENT VARIABLES
              SYSTO04       DIASTO04
              ________      ________
 1            122.080        78.640


           S.E. FOR ESTIMATED MEANS FOR THE LATENT VARIABLES
              IB            SB            ID            SD            AGE04
              ________      ________      ________      ________      ________
 1              0.035         0.005         0.088         0.017         0.157


           S.E. FOR ESTIMATED MEANS FOR THE LATENT VARIABLES
              GENDER        KCAL04        MET04         SMOKE04       EDUC04
              ________      ________      ________      ________      ________
 1              0.005         6.928         1.212         0.005         0.014


           S.E. FOR ESTIMATED MEANS FOR THE LATENT VARIABLES
              SYSTO04       DIASTO04
              ________      ________
 1              0.195         0.118


           EST./S.E. FOR ESTIMATED MEANS FOR THE LATENT VARIABLES
              IB            SB            ID            SD            AGE04
              ________      ________      ________      ________      ________
 1            658.889        13.403       445.612       -29.911       301.706


           EST./S.E. FOR ESTIMATED MEANS FOR THE LATENT VARIABLES
              GENDER        KCAL04        MET04         SMOKE04       EDUC04
              ________      ________      ________      ________      ________
 1            297.033       315.871        96.539        62.002       126.749


           EST./S.E. FOR ESTIMATED MEANS FOR THE LATENT VARIABLES
              SYSTO04       DIASTO04
              ________      ________
 1            625.780       664.345


           TWO-TAILED P-VALUE FOR ESTIMATED MEANS FOR THE LATENT VARIABLES
              IB            SB            ID            SD            AGE04
              ________      ________      ________      ________      ________
 1              0.000         0.000         0.000         0.000         0.000


           TWO-TAILED P-VALUE FOR ESTIMATED MEANS FOR THE LATENT VARIABLES
              GENDER        KCAL04        MET04         SMOKE04       EDUC04
              ________      ________      ________      ________      ________
 1              0.000         0.000         0.000         0.000         0.000


           TWO-TAILED P-VALUE FOR ESTIMATED MEANS FOR THE LATENT VARIABLES
              SYSTO04       DIASTO04
              ________      ________
 1              0.000         0.000


           ESTIMATED COVARIANCE MATRIX FOR THE LATENT VARIABLES
              IB            SB            ID            SD            AGE04
              ________      ________      ________      ________      ________
 IB            10.334
 SB            -0.139         0.052
 ID            -1.280         0.256        38.243
 SD             0.130        -0.019        -1.300         0.311
 AGE04          3.945        -0.949        -5.889         0.928       235.499
 GENDER         0.049        -0.005        -0.405        -0.014         0.199
 KCAL04        56.061        10.194       651.395       -28.725     -1363.375
 MET04        -18.818         2.214       175.317        -3.824      -422.139
 SMOKE04       -0.094        -0.001         0.350         0.002         0.283
 EDUC04         0.054         0.010        -3.152         0.068        -8.178
 SYSTO04       16.398        -0.895        -5.120         0.483       117.453
 DIASTO04      10.644        -0.345        -0.167        -0.029        35.790


           ESTIMATED COVARIANCE MATRIX FOR THE LATENT VARIABLES
              GENDER        KCAL04        MET04         SMOKE04       EDUC04
              ________      ________      ________      ________      ________
 GENDER         0.250
 KCAL04       -91.666    458288.862
 MET04         -8.244     16004.120     12735.150
 SMOKE04       -0.150        57.555         4.925         0.276
 EDUC04        -0.129        79.011        -1.863         0.042         1.753
 SYSTO04       -0.816      -957.690      -278.507         0.674        -3.732
 DIASTO04      -0.692      -283.561       -86.033         0.448        -0.818


           ESTIMATED COVARIANCE MATRIX FOR THE LATENT VARIABLES
              SYSTO04       DIASTO04
              ________      ________
 SYSTO04      345.076
 DIASTO04     148.393       126.167


           S.E. FOR ESTIMATED COVARIANCE MATRIX FOR THE LATENT VARIABLES
              IB            SB            ID            SD            AGE04
              ________      ________      ________      ________      ________
 IB             0.177
 SB             0.021         0.004
 ID             0.302         0.040         1.290
 SD             0.059         0.007         0.216         0.050
 AGE04          0.544         0.082         1.368         0.289         3.409
 GENDER         0.017         0.002         0.044         0.009         0.078
 KCAL04        23.788         3.275        60.166        11.845       107.236
 MET04          4.140         0.545        10.531         1.967        19.929
 SMOKE04        0.018         0.002         0.047         0.009         0.083
 EDUC04         0.046         0.006         0.122         0.024         0.226
 SYSTO04        0.679         0.091         1.683         0.333         3.251
 DIASTO04       0.413         0.054         1.020         0.198         1.871


           S.E. FOR ESTIMATED COVARIANCE MATRIX FOR THE LATENT VARIABLES
              GENDER        KCAL04        MET04         SMOKE04       EDUC04
              ________      ________      ________      ________      ________
 GENDER         0.004
 KCAL04         3.587      6633.166
 MET04          0.611       843.033       195.547
 SMOKE04        0.003         3.701         0.636         0.004
 EDUC04         0.007         9.253         1.609         0.007         0.026
 SYSTO04        0.098       133.083        23.455         0.102         0.261
 DIASTO04       0.060        80.639        14.028         0.062         0.157


           S.E. FOR ESTIMATED COVARIANCE MATRIX FOR THE LATENT VARIABLES
              SYSTO04       DIASTO04
              ________      ________
 SYSTO04        5.164
 DIASTO04       2.708         1.885


           EST./S.E. FOR ESTIMATED COVARIANCE MATRIX FOR THE LATENT VARIABLES
              IB            SB            ID            SD            AGE04
              ________      ________      ________      ________      ________
 IB            58.257
 SB            -6.679        11.780
 ID            -4.244         6.342        29.655
 SD             2.219        -2.678        -6.028         6.199
 AGE04          7.252       -11.603        -4.306         3.208        69.091
 GENDER         2.827        -2.008        -9.169        -1.603         2.532
 KCAL04         2.357         3.113        10.827        -2.425       -12.714
 MET04         -4.545         4.063        16.648        -1.945       -21.182
 SMOKE04       -5.121        -0.370         7.465         0.278         3.402
 EDUC04         1.175         1.507       -25.797         2.868       -36.237
 SYSTO04       24.142        -9.843        -3.042         1.452        36.131
 DIASTO04      25.774        -6.423        -0.163        -0.148        19.128


           EST./S.E. FOR ESTIMATED COVARIANCE MATRIX FOR THE LATENT VARIABLES
              GENDER        KCAL04        MET04         SMOKE04       EDUC04
              ________      ________      ________      ________      ________
 GENDER        69.091
 KCAL04       -25.558        69.091
 MET04        -13.492        18.984        65.126
 SMOKE04      -48.391        15.549         7.750        68.710
 EDUC04       -18.658         8.539        -1.158         5.813        68.632
 SYSTO04       -8.344        -7.196       -11.874         6.577       -14.274
 DIASTO04     -11.627        -3.516        -6.133         7.213        -5.212


           EST./S.E. FOR ESTIMATED COVARIANCE MATRIX FOR THE LATENT VARIABLES
              SYSTO04       DIASTO04
              ________      ________
 SYSTO04       66.822
 DIASTO04      54.796        66.916


           TWO-TAILED P-VALUE FOR ESTIMATED COVARIANCE MATRIX FOR THE LATENT VARIABLES
              IB            SB            ID            SD            AGE04
              ________      ________      ________      ________      ________
 IB             0.000
 SB             0.000         0.000
 ID             0.000         0.000         0.000
 SD             0.026         0.007         0.000         0.000
 AGE04          0.000         0.000         0.000         0.001         0.000
 GENDER         0.005         0.045         0.000         0.109         0.011
 KCAL04         0.018         0.002         0.000         0.015         0.000
 MET04          0.000         0.000         0.000         0.052         0.000
 SMOKE04        0.000         0.711         0.000         0.781         0.001
 EDUC04         0.240         0.132         0.000         0.004         0.000
 SYSTO04        0.000         0.000         0.002         0.147         0.000
 DIASTO04       0.000         0.000         0.870         0.883         0.000


           TWO-TAILED P-VALUE FOR ESTIMATED COVARIANCE MATRIX FOR THE LATENT VARIABLES
              GENDER        KCAL04        MET04         SMOKE04       EDUC04
              ________      ________      ________      ________      ________
 GENDER         0.000
 KCAL04         0.000         0.000
 MET04          0.000         0.000         0.000
 SMOKE04        0.000         0.000         0.000         0.000
 EDUC04         0.000         0.000         0.247         0.000         0.000
 SYSTO04        0.000         0.000         0.000         0.000         0.000
 DIASTO04       0.000         0.000         0.000         0.000         0.000


           TWO-TAILED P-VALUE FOR ESTIMATED COVARIANCE MATRIX FOR THE LATENT VARIABLES
              SYSTO04       DIASTO04
              ________      ________
 SYSTO04        0.000
 DIASTO04       0.000         0.000


           ESTIMATED CORRELATION MATRIX FOR THE LATENT VARIABLES
              IB            SB            ID            SD            AGE04
              ________      ________      ________      ________      ________
 IB             1.000
 SB            -0.190         1.000
 ID            -0.064         0.182         1.000
 SD             0.072        -0.150        -0.377         1.000
 AGE04          0.080        -0.272        -0.062         0.108         1.000
 GENDER         0.031        -0.042        -0.131        -0.049         0.026
 KCAL04         0.026         0.066         0.156        -0.076        -0.131
 MET04         -0.052         0.086         0.251        -0.061        -0.244
 SMOKE04       -0.056        -0.007         0.108         0.009         0.035
 EDUC04         0.013         0.033        -0.385         0.092        -0.402
 SYSTO04        0.275        -0.212        -0.045         0.047         0.412
 DIASTO04       0.295        -0.135        -0.002        -0.005         0.208


           ESTIMATED CORRELATION MATRIX FOR THE LATENT VARIABLES
              GENDER        KCAL04        MET04         SMOKE04       EDUC04
              ________      ________      ________      ________      ________
 GENDER         1.000
 KCAL04        -0.271         1.000
 MET04         -0.146         0.209         1.000
 SMOKE04       -0.572         0.162         0.083         1.000
 EDUC04        -0.195         0.088        -0.012         0.060         1.000
 SYSTO04       -0.088        -0.076        -0.133         0.069        -0.152
 DIASTO04      -0.123        -0.037        -0.068         0.076        -0.055


           ESTIMATED CORRELATION MATRIX FOR THE LATENT VARIABLES
              SYSTO04       DIASTO04
              ________      ________
 SYSTO04        1.000
 DIASTO04       0.711         1.000


           S.E. FOR ESTIMATED CORRELATION MATRIX FOR THE LATENT VARIABLES
              IB            SB            ID            SD            AGE04
              ________      ________      ________      ________      ________
 IB             0.000
 SB             0.024         0.000
 ID             0.015         0.029         0.000
 SD             0.033         0.057         0.038         0.000
 AGE04          0.011         0.024         0.014         0.035         0.000
 GENDER         0.011         0.021         0.014         0.031         0.010
 KCAL04         0.011         0.021         0.014         0.032         0.010
 MET04          0.011         0.021         0.014         0.032         0.011
 SMOKE04        0.011         0.020         0.014         0.031         0.010
 EDUC04         0.011         0.022         0.014         0.033         0.009
 SYSTO04        0.010         0.022         0.015         0.032         0.009
 DIASTO04       0.010         0.021         0.015         0.032         0.010


           S.E. FOR ESTIMATED CORRELATION MATRIX FOR THE LATENT VARIABLES
              GENDER        KCAL04        MET04         SMOKE04       EDUC04
              ________      ________      ________      ________      ________
 GENDER         0.000
 KCAL04         0.009         0.000
 MET04          0.011         0.010         0.000
 SMOKE04        0.007         0.010         0.011         0.000
 EDUC04         0.010         0.010         0.011         0.010         0.000
 SYSTO04        0.010         0.010         0.011         0.010         0.010
 DIASTO04       0.010         0.011         0.011         0.010         0.011


           S.E. FOR ESTIMATED CORRELATION MATRIX FOR THE LATENT VARIABLES
              SYSTO04       DIASTO04
              ________      ________
 SYSTO04        0.000
 DIASTO04       0.005         0.000


           EST./S.E. FOR ESTIMATED CORRELATION MATRIX FOR THE LATENT VARIABLES
              IB            SB            ID            SD            AGE04
              ________      ________      ________      ________      ________
 IB           999.000
 SB            -7.960       999.000
 ID            -4.254         6.284       999.000
 SD             2.192        -2.626        -9.941       999.000
 AGE04          7.316       -11.303        -4.317         3.142       999.000
 GENDER         2.830        -2.002        -9.278        -1.593         2.534
 KCAL04         2.359         3.101        11.041        -2.397       -13.048
 MET04         -4.561         4.047        17.350        -1.927       -23.069
 SMOKE04       -5.142        -0.370         7.519         0.278         3.408
 EDUC04         1.175         1.506       -28.390         2.817       -46.507
 SYSTO04       26.805        -9.553        -3.047         1.446        46.718
 DIASTO04      29.079        -6.342        -0.163        -0.147        20.369


           EST./S.E. FOR ESTIMATED CORRELATION MATRIX FOR THE LATENT VARIABLES
              GENDER        KCAL04        MET04         SMOKE04       EDUC04
              ________      ________      ________      ________      ________
 GENDER       999.000
 KCAL04       -28.579       999.000
 MET04        -13.906        20.240       999.000
 SMOKE04      -82.773        16.172         7.826       999.000
 EDUC04       -19.760         8.639        -1.158         5.844       999.000
 SYSTO04       -8.437        -7.258       -12.185         6.623       -14.774
 DIASTO04     -11.886        -3.524        -6.176         7.274        -5.236


           EST./S.E. FOR ESTIMATED CORRELATION MATRIX FOR THE LATENT VARIABLES
              SYSTO04       DIASTO04
              ________      ________
 SYSTO04      999.000
 DIASTO04     135.988       999.000


           TWO-TAILED P-VALUE FOR ESTIMATED CORRELATION MATRIX FOR THE LATENT VARIABLES
              IB            SB            ID            SD            AGE04
              ________      ________      ________      ________      ________
 IB             0.000
 SB             0.000         0.000
 ID             0.000         0.000         0.000
 SD             0.028         0.009         0.000         0.000
 AGE04          0.000         0.000         0.000         0.002         0.000
 GENDER         0.005         0.045         0.000         0.111         0.011
 KCAL04         0.018         0.002         0.000         0.017         0.000
 MET04          0.000         0.000         0.000         0.054         0.000
 SMOKE04        0.000         0.711         0.000         0.781         0.001
 EDUC04         0.240         0.132         0.000         0.005         0.000
 SYSTO04        0.000         0.000         0.002         0.148         0.000
 DIASTO04       0.000         0.000         0.870         0.883         0.000


           TWO-TAILED P-VALUE FOR ESTIMATED CORRELATION MATRIX FOR THE LATENT VARIABLES
              GENDER        KCAL04        MET04         SMOKE04       EDUC04
              ________      ________      ________      ________      ________
 GENDER         0.000
 KCAL04         0.000         0.000
 MET04          0.000         0.000         0.000
 SMOKE04        0.000         0.000         0.000         0.000
 EDUC04         0.000         0.000         0.247         0.000         0.000
 SYSTO04        0.000         0.000         0.000         0.000         0.000
 DIASTO04       0.000         0.000         0.000         0.000         0.000


           TWO-TAILED P-VALUE FOR ESTIMATED CORRELATION MATRIX FOR THE LATENT VARIABLES
              SYSTO04       DIASTO04
              ________      ________
 SYSTO04        0.000
 DIASTO04       0.000         0.000


TECHNICAL 8 OUTPUT


   E STEP  ITER  LOGLIKELIHOOD    ABS CHANGE   REL CHANGE  ALGORITHM
              1 -0.46090427D+06    0.0000000    0.0000000  EM
              2 -0.42769767D+06 ************    0.0720466  EM
              3 -0.42769767D+06    0.0000000    0.0000000  EM


DIAGRAM INFORMATION

  Use View Diagram under the Diagram menu in the Mplus Editor to view the diagram.
  If running Mplus from the Mplus Diagrammer, the diagram opens automatically.

  Diagram output
    d:\data\dpmedi\mplus\longitudinal\dqd bmi mediation ib with sb-no mediation.dgm

     Beginning Time:  12:58:59
        Ending Time:  12:59:01
       Elapsed Time:  00:00:02



MUTHEN & MUTHEN
3463 Stoner Ave.
Los Angeles, CA  90066

Tel: (310) 391-9971
Fax: (310) 391-8971
Web: www.StatModel.com
Support: Support@StatModel.com

Copyright (c) 1998-2015 Muthen & Muthen
