Mplus VERSION 7.4
MUTHEN & MUTHEN
05/16/2019  10:43 PM

INPUT INSTRUCTIONS

  DATA: File is id0411 mplus.csv;

  VARIABLE: Names are IDind WAVE hhid t2 commid age04
                      kcal04 carbo04 fat04 protn04 bmi04
                      hwr04 wc04 diasto04 systo04 smoke04
                      gender educ04 indinc04 index04 met04
                      cmfp04 dash04 ahei04 hbs04 lbs04 dqd04
                      age06 kcal06 carbo06 fat06 protn06 bmi06
                      hwr06 wc06 diasto06 systo06 smoke06
                      educ06 indinc06 index06 met06 cmfp06 dash06
                      ahei06 hbs06 lbs06 dqd06 age09 kcal09 carbo09
                      fat09 protn09 bmi09 hwr09 wc09 diasto09 systo09
                      smoke09 educ09 indinc09 index09 met09 cmfp09
                      dash09 ahei09 hbs09 lbs09 dqd09 age11 kcal11
                      carbo11 fat11 protn11 bmi11 hwr11 wc11 diasto11
                      systo11 smoke11 educ11 indinc11 index11 met11
                      cmfp11 dash11 ahei11 hbs11 lbs11 dqd11 q_index
                       q1 q2 q3 carbo_p protn_p fat_p;

           Usev are  age04 gender kcal04 met04
                     bmi04 bmi06 bmi09 bmi11 smoke04
                     dqd04 dqd06 dqd09 dqd11
                     q1 q2 q3 educ04 systo04 diasto04;


           Missing are all(999);


  ANALYSIS:
  Type=random;

  MODEL:
  age04 gender kcal04 met04 smoke04
  bmi04 bmi06 bmi09 bmi11 educ04 systo04 diasto04
  dqd04 dqd06 dqd09 dqd11 q1 q2 q3;

  ib sb | bmi04@0 bmi06@2 bmi09@5 bmi11@7;
  id sd | dqd04@0 dqd06@2 dqd09@5 dqd11@7;

  ib with sb;
  id with sd;

  ib-sd on q1 q2 q3 age04 gender met04 kcal04 educ04 systo04 diasto04 smoke04;

  OUTPUT: SAMPSTAT cinterval;



INPUT READING TERMINATED NORMALLY




SUMMARY OF ANALYSIS

Number of groups                                                 1
Number of observations                                        9547

Number of dependent variables                                    8
Number of independent variables                                 11
Number of continuous latent variables                            4

Observed dependent variables

  Continuous
   BMI04       BMI06       BMI09       BMI11       DQD04       DQD06
   DQD09       DQD11

Observed independent variables
   AGE04       GENDER      KCAL04      MET04       SMOKE04     Q1
   Q2          Q3          EDUC04      SYSTO04     DIASTO04

Continuous latent variables
   IB          SB          ID          SD


Estimator                                                      MLR
Information matrix                                        OBSERVED
Maximum number of iterations                                   100
Convergence criterion                                    0.100D-05
Maximum number of EM iterations                                500
Convergence criteria for the EM algorithm
  Loglikelihood change                                   0.100D-02
  Relative loglikelihood change                          0.100D-05
  Derivative                                             0.100D-03
Minimum variance                                         0.100D-03
Maximum number of steepest descent iterations                   20
Maximum number of iterations for H1                           2000
Convergence criterion for H1                             0.100D-03
Optimization algorithm                                         EMA

Input data file(s)
  id0411 mplus.csv
Input data format  FREE


SUMMARY OF DATA

     Number of missing data patterns           197


COVARIANCE COVERAGE OF DATA

Minimum covariance coverage value   0.100


     PROPORTION OF DATA PRESENT


           Covariance Coverage
              BMI04         BMI06         BMI09         BMI11         DQD04
              ________      ________      ________      ________      ________
 BMI04          0.928
 BMI06          0.690         0.727
 BMI09          0.589         0.537         0.623
 BMI11          0.533         0.483         0.503         0.564
 DQD04          0.928         0.727         0.623         0.564         1.000
 DQD06          0.721         0.717         0.559         0.504         0.769
 DQD09          0.608         0.553         0.616         0.514         0.648
 DQD11          0.542         0.490         0.507         0.557         0.576
 AGE04          0.928         0.727         0.623         0.564         1.000
 GENDER         0.928         0.727         0.623         0.564         1.000
 KCAL04         0.928         0.727         0.623         0.564         1.000
 MET04          0.848         0.667         0.576         0.523         0.901
 SMOKE04        0.927         0.722         0.619         0.559         0.988
 Q1             0.927         0.726         0.622         0.563         0.999
 Q2             0.927         0.726         0.622         0.563         0.999
 Q3             0.927         0.726         0.622         0.563         0.999
 EDUC04         0.926         0.722         0.618         0.559         0.987
 SYSTO04        0.927         0.698         0.596         0.539         0.939
 DIASTO04       0.927         0.698         0.596         0.539         0.939


           Covariance Coverage
              DQD06         DQD09         DQD11         AGE04         GENDER
              ________      ________      ________      ________      ________
 DQD06          0.769
 DQD09          0.580         0.648
 DQD11          0.513         0.523         0.576
 AGE04          0.769         0.648         0.576         1.000
 GENDER         0.769         0.648         0.576         1.000         1.000
 KCAL04         0.769         0.648         0.576         1.000         1.000
 MET04          0.703         0.597         0.533         0.901         0.901
 SMOKE04        0.764         0.643         0.571         0.988         0.988
 Q1             0.768         0.647         0.576         0.999         0.999
 Q2             0.768         0.647         0.576         0.999         0.999
 Q3             0.768         0.647         0.576         0.999         0.999
 EDUC04         0.763         0.642         0.571         0.987         0.987
 SYSTO04        0.730         0.615         0.549         0.939         0.939
 DIASTO04       0.730         0.615         0.549         0.939         0.939


           Covariance Coverage
              KCAL04        MET04         SMOKE04       Q1            Q2
              ________      ________      ________      ________      ________
 KCAL04         1.000
 MET04          0.901         0.901
 SMOKE04        0.988         0.900         0.988
 Q1             0.999         0.900         0.987         0.999
 Q2             0.999         0.900         0.987         0.999         0.999
 Q3             0.999         0.900         0.987         0.999         0.999
 EDUC04         0.987         0.899         0.986         0.986         0.986
 SYSTO04        0.939         0.857         0.937         0.938         0.938
 DIASTO04       0.939         0.857         0.937         0.938         0.938


           Covariance Coverage
              Q3            EDUC04        SYSTO04       DIASTO04
              ________      ________      ________      ________
 Q3             0.999
 EDUC04         0.986         0.987
 SYSTO04        0.938         0.937         0.939
 DIASTO04       0.938         0.937         0.939         0.939


SAMPLE STATISTICS


     ESTIMATED SAMPLE STATISTICS


           Means
              BMI04         BMI06         BMI09         BMI11         DQD04
              ________      ________      ________      ________      ________
 1             23.026        23.109        23.299        23.746        39.440


           Means
              DQD06         DQD09         DQD11         AGE04         GENDER
              ________      ________      ________      ________      ________
 1             37.986        36.284        35.868        47.385         1.519


           Means
              KCAL04        MET04         SMOKE04       Q1            Q2
              ________      ________      ________      ________      ________
 1           2188.497       116.551         0.335         0.250         0.250


           Means
              Q3            EDUC04        SYSTO04       DIASTO04
              ________      ________      ________      ________
 1              0.250         1.727       122.077        78.640


           Covariances
              BMI04         BMI06         BMI09         BMI11         DQD04
              ________      ________      ________      ________      ________
 BMI04         11.312
 BMI06          9.984        12.977
 BMI09          9.713         9.878        11.889
 BMI11          9.106         9.368        10.276        23.842
 DQD04         -1.203        -0.260         0.034         0.441        85.088
 DQD06         -1.497        -0.794        -0.180        -0.834        36.366
 DQD09         -0.129         0.701         0.686        -0.092        29.731
 DQD11         -0.788        -0.182        -0.008        -0.354        27.306
 AGE04          4.006         1.693        -0.839        -1.744        -4.758
 GENDER         0.048         0.048         0.028        -0.013        -0.402
 KCAL04        54.234        96.633        95.994       166.388       757.853
 MET04        -19.643       -11.190        -8.635        -6.584       169.559
 SMOKE04       -0.092        -0.104        -0.103        -0.050         0.333
 Q1            -0.070        -0.071        -0.032        -0.032         0.501
 Q2             0.106         0.127         0.100         0.091        -0.412
 Q3             0.089         0.041         0.034         0.040        -1.514
 EDUC04         0.057         0.055         0.098         0.185        -3.077
 SYSTO04       16.437        14.308        12.013        10.106        -5.015
 DIASTO04      10.683         9.726         8.980         8.253         0.601


           Covariances
              DQD06         DQD09         DQD11         AGE04         GENDER
              ________      ________      ________      ________      ________
 DQD06         84.940
 DQD09         34.080        80.241
 DQD11         33.320        32.144        81.532
 AGE04         -7.680        -0.174        -0.346       235.499
 GENDER        -0.443        -0.464        -0.504         0.199         0.250
 KCAL04       451.597       300.056       638.832     -1363.375       -91.666
 MET04        181.614       151.378       156.452      -420.161        -8.120
 SMOKE04        0.389         0.351         0.367         0.283        -0.150
 Q1             0.499         0.294         0.282        -0.282        -0.002
 Q2            -0.509        -0.303        -0.411         0.044         0.000
 Q3            -1.616        -1.415        -1.258         0.451         0.003
 EDUC04        -3.081        -2.954        -2.533        -8.196        -0.129
 SYSTO04       -5.174        -2.019        -2.318       117.525        -0.814
 DIASTO04      -1.418        -0.885         0.824        35.861        -0.692


           Covariances
              KCAL04        MET04         SMOKE04       Q1            Q2
              ________      ________      ________      ________      ________
 KCAL04    458288.862
 MET04      15936.716     12717.525
 SMOKE04       57.560         4.833         0.276
 Q1            13.592         5.234         0.003         0.188
 Q2            -6.240        -5.767         0.001        -0.063         0.188
 Q3           -19.119        -9.893        -0.007        -0.063        -0.062
 EDUC04        78.850        -1.600         0.042        -0.090         0.025
 SYSTO04     -956.199      -277.196         0.674        -0.169         0.392
 DIASTO04    -283.668       -84.698         0.448        -0.067         0.366


           Covariances
              Q3            EDUC04        SYSTO04       DIASTO04
              ________      ________      ________      ________
 Q3             0.188
 EDUC04         0.183         1.754
 SYSTO04        0.341        -3.734       345.143
 DIASTO04      -0.010        -0.814       148.444       126.195


           Correlations
              BMI04         BMI06         BMI09         BMI11         DQD04
              ________      ________      ________      ________      ________
 BMI04          1.000
 BMI06          0.824         1.000
 BMI09          0.838         0.795         1.000
 BMI11          0.554         0.533         0.610         1.000
 DQD04         -0.039        -0.008         0.001         0.010         1.000
 DQD06         -0.048        -0.024        -0.006        -0.019         0.428
 DQD09         -0.004         0.022         0.022        -0.002         0.360
 DQD11         -0.026        -0.006         0.000        -0.008         0.328
 AGE04          0.078         0.031        -0.016        -0.023        -0.034
 GENDER         0.028         0.027         0.016        -0.005        -0.087
 KCAL04         0.024         0.040         0.041         0.050         0.121
 MET04         -0.052        -0.028        -0.022        -0.012         0.163
 SMOKE04       -0.052        -0.055        -0.057        -0.020         0.069
 Q1            -0.048        -0.046        -0.021        -0.015         0.125
 Q2             0.073         0.082         0.067         0.043        -0.103
 Q3             0.061         0.026         0.022         0.019        -0.379
 EDUC04         0.013         0.011         0.021         0.029        -0.252
 SYSTO04        0.263         0.214         0.188         0.111        -0.029
 DIASTO04       0.283         0.240         0.232         0.150         0.006


           Correlations
              DQD06         DQD09         DQD11         AGE04         GENDER
              ________      ________      ________      ________      ________
 DQD06          1.000
 DQD09          0.413         1.000
 DQD11          0.400         0.397         1.000
 AGE04         -0.054        -0.001        -0.002         1.000
 GENDER        -0.096        -0.104        -0.112         0.026         1.000
 KCAL04         0.072         0.049         0.105        -0.131        -0.271
 MET04          0.175         0.150         0.154        -0.243        -0.144
 SMOKE04        0.080         0.075         0.077         0.035        -0.572
 Q1             0.125         0.076         0.072        -0.042        -0.009
 Q2            -0.128        -0.078        -0.105         0.007         0.002
 Q3            -0.405        -0.365        -0.322         0.068         0.013
 EDUC04        -0.252        -0.249        -0.212        -0.403        -0.196
 SYSTO04       -0.030        -0.012        -0.014         0.412        -0.088
 DIASTO04      -0.014        -0.009         0.008         0.208        -0.123


           Correlations
              KCAL04        MET04         SMOKE04       Q1            Q2
              ________      ________      ________      ________      ________
 KCAL04         1.000
 MET04          0.209         1.000
 SMOKE04        0.162         0.082         1.000
 Q1             0.046         0.107         0.014         1.000
 Q2            -0.021        -0.118         0.006        -0.333         1.000
 Q3            -0.065        -0.203        -0.031        -0.333        -0.333
 EDUC04         0.088        -0.011         0.060        -0.157         0.044
 SYSTO04       -0.076        -0.132         0.069        -0.021         0.049
 DIASTO04      -0.037        -0.067         0.076        -0.014         0.075


           Correlations
              Q3            EDUC04        SYSTO04       DIASTO04
              ________      ________      ________      ________
 Q3             1.000
 EDUC04         0.318         1.000
 SYSTO04        0.042        -0.152         1.000
 DIASTO04      -0.002        -0.055         0.711         1.000


     MAXIMUM LOG-LIKELIHOOD VALUE FOR THE UNRESTRICTED (H1) MODEL IS -440089.071


UNIVARIATE SAMPLE STATISTICS


     UNIVARIATE HIGHER-ORDER MOMENT DESCRIPTIVE STATISTICS

         Variable/         Mean/     Skewness/   Minimum/ % with                Percentiles
        Sample Size      Variance    Kurtosis    Maximum  Min/Max      20%/60%    40%/80%    Median

     BMI04                23.021       0.585      12.415    0.01%      20.189     21.861     22.673
            8858.000      11.235       0.546      41.322    0.01%      23.543     25.712
     BMI06                23.179       4.577      13.240    0.01%      20.344     22.042     22.857
            6938.000      12.729     126.919     132.544    0.01%      23.684     25.810
     BMI09                23.342       0.482      13.700    0.02%      20.415     22.215     23.111
            5949.000      11.781       0.401      42.590    0.02%      23.979     26.148
     BMI11                23.797       9.794       4.826    0.02%      20.644     22.491     23.378
            5386.000      23.639     280.882     190.972    0.02%      24.235     26.438
     DQD04                39.440      -0.053       9.000    0.01%      32.000     37.000     39.000
            9547.000      85.088      -0.283      64.000    0.01%      42.000     48.000
     DQD06                38.026      -0.142       7.000    0.01%      30.000     36.000     38.000
            7340.000      84.289      -0.351      62.000    0.03%      41.000     46.000
     DQD09                36.701      -0.096       5.000    0.02%      29.000     35.000     37.000
            6185.000      79.657      -0.141      64.000    0.02%      39.000     44.000
     DQD11                36.363       0.043       8.000    0.02%      29.000     34.000     36.000
            5502.000      80.925      -0.366      62.000    0.02%      39.000     44.000
     AGE04                47.385       0.238      18.000    1.13%      33.000     42.000     47.000
            9547.000     235.499      -0.539      97.000    0.01%      51.000     61.000
     GENDER                1.519      -0.076       1.000   48.11%       1.000      1.000      2.000
            9547.000       0.250      -1.994       2.000   51.89%       2.000      2.000
     KCAL04             2188.497       0.630      50.891    0.01%    1615.771   1974.357   2128.274
            9547.000  458288.862       1.113    6053.592    0.01%    2307.147   2719.569
     MET04               118.186       1.345       0.000    4.03%      20.460     52.675     84.047
            8604.000   12630.885       4.075    1582.256    0.01%     117.500    211.287
     SMOKE04               0.334       3.823       0.000   67.14%       0.000      0.000      0.000
            9429.000       0.276      52.882       9.000    0.07%       0.000      1.000
     Q1                    0.250       1.155       0.000   75.00%       0.000      0.000      0.000
            9539.000       0.188      -0.667       1.000   25.00%       0.000      1.000
     Q2                    0.250       1.155       0.000   75.00%       0.000      0.000      0.000
            9539.000       0.188      -0.667       1.000   25.00%       0.000      1.000
     Q3                    0.250       1.155       0.000   75.01%       0.000      0.000      0.000
            9539.000       0.187      -0.666       1.000   24.99%       0.000      1.000
     EDUC04                1.724       0.539       0.000   21.26%       0.000      1.000      2.000
            9422.000       1.752      -0.205       6.000    0.02%       2.000      3.000
     SYSTO04             122.224       1.153      70.667    0.01%     108.667    117.333    120.000
            8960.000     343.826       2.613     230.000    0.01%     122.000    134.000
     DIASTO04             78.671       0.598      15.000    0.01%      70.000     76.667     79.333
            8960.000     126.092       1.936     141.333    0.01%      80.000     87.333

     THE STANDARD ERRORS OF THE MODEL PARAMETER ESTIMATES MAY NOT BE
     TRUSTWORTHY FOR SOME PARAMETERS DUE TO A NON-POSITIVE DEFINITE
     FIRST-ORDER DERIVATIVE PRODUCT MATRIX.  THIS MAY BE DUE TO THE STARTING
     VALUES BUT MAY ALSO BE AN INDICATION OF MODEL NONIDENTIFICATION.  THE
     CONDITION NUMBER IS      -0.137D-19.  PROBLEM INVOLVING THE FOLLOWING PARAMETER:
     Parameter 143, DIASTO04


THE MODEL ESTIMATION TERMINATED NORMALLY



MODEL FIT INFORMATION

Number of Free Parameters                      143

Loglikelihood

          H0 Value                     -440208.552
          H0 Scaling Correction Factor      9.3553
            for MLR
          H1 Value                     -440089.071
          H1 Scaling Correction Factor      6.7233
            for MLR

Information Criteria

          Akaike (AIC)                  880703.104
          Bayesian (BIC)                881727.554
          Sample-Size Adjusted BIC      881273.122
            (n* = (n + 2) / 24)

Chi-Square Test of Model Fit

          Value                            234.155*
          Degrees of Freedom                    66
          P-Value                           0.0000
          Scaling Correction Factor         1.0205
            for MLR

*   The chi-square value for MLM, MLMV, MLR, ULSMV, WLSM and WLSMV cannot be used
    for chi-square difference testing in the regular way.  MLM, MLR and WLSM
    chi-square difference testing is described on the Mplus website.  MLMV, WLSMV,
    and ULSMV difference testing is done using the DIFFTEST option.

RMSEA (Root Mean Square Error Of Approximation)

          Estimate                           0.016

CFI/TLI

          CFI                                0.978
          TLI                                0.943

Chi-Square Test of Model Fit for the Baseline Model

          Value                           7789.599
          Degrees of Freedom                   171
          P-Value                           0.0000

SRMR (Standardized Root Mean Square Residual)

          Value                              0.009



MODEL RESULTS

                                                    Two-Tailed
                    Estimate       S.E.  Est./S.E.    P-Value

 IB       |
    BMI04              1.000      0.000    999.000    999.000
    BMI06              1.000      0.000    999.000    999.000
    BMI09              1.000      0.000    999.000    999.000
    BMI11              1.000      0.000    999.000    999.000

 SB       |
    BMI04              0.000      0.000    999.000    999.000
    BMI06              2.000      0.000    999.000    999.000
    BMI09              5.000      0.000    999.000    999.000
    BMI11              7.000      0.000    999.000    999.000

 ID       |
    DQD04              1.000      0.000    999.000    999.000
    DQD06              1.000      0.000    999.000    999.000
    DQD09              1.000      0.000    999.000    999.000
    DQD11              1.000      0.000    999.000    999.000

 SD       |
    DQD04              0.000      0.000    999.000    999.000
    DQD06              2.000      0.000    999.000    999.000
    DQD09              5.000      0.000    999.000    999.000
    DQD11              7.000      0.000    999.000    999.000

 IB         ON
    Q1                 0.102      0.092      1.102      0.271
    Q2                 0.676      0.098      6.883      0.000
    Q3                 0.647      0.105      6.174      0.000
    AGE04             -0.002      0.003     -0.603      0.546
    GENDER             0.375      0.086      4.373      0.000
    MET04              0.000      0.000      0.256      0.798
    KCAL04             0.000      0.000      6.643      0.000
    EDUC04             0.052      0.031      1.685      0.092
    SYSTO04            0.025      0.003      8.130      0.000
    DIASTO04           0.058      0.005     12.621      0.000
    SMOKE04           -0.359      0.075     -4.771      0.000

 SB         ON
    Q1                 0.012      0.012      0.976      0.329
    Q2                -0.008      0.014     -0.588      0.557
    Q3                -0.035      0.016     -2.202      0.028
    AGE04             -0.004      0.000     -8.658      0.000
    GENDER            -0.036      0.012     -2.874      0.004
    MET04              0.000      0.000     -0.868      0.385
    KCAL04             0.000      0.000      0.616      0.538
    EDUC04            -0.013      0.004     -3.018      0.003
    SYSTO04           -0.001      0.000     -3.412      0.001
    DIASTO04           0.000      0.001     -0.437      0.662
    SMOKE04           -0.014      0.011     -1.246      0.213

 ID         ON
    Q1                -3.820      0.199    -19.169      0.000
    Q2                -7.030      0.211    -33.339      0.000
    Q3               -10.648      0.234    -45.460      0.000
    AGE04             -0.042      0.006     -6.838      0.000
    GENDER            -1.642      0.189     -8.671      0.000
    MET04              0.000      0.001      0.294      0.769
    KCAL04             0.001      0.000      5.889      0.000
    EDUC04            -1.134      0.074    -15.374      0.000
    SYSTO04           -0.008      0.006     -1.245      0.213
    DIASTO04           0.022      0.010      2.220      0.026
    SMOKE04            0.222      0.164      1.354      0.176

 SD         ON
    Q1                -0.099      0.044     -2.234      0.025
    Q2                 0.068      0.049      1.366      0.172
    Q3                 0.127      0.055      2.334      0.020
    AGE04              0.004      0.001      2.948      0.003
    GENDER            -0.082      0.045     -1.826      0.068
    MET04              0.000      0.000      0.892      0.372
    KCAL04             0.000      0.000     -2.627      0.009
    EDUC04             0.036      0.017      2.132      0.033
    SYSTO04            0.001      0.001      0.736      0.462
    DIASTO04          -0.003      0.002     -1.332      0.183
    SMOKE04           -0.025      0.040     -0.628      0.530

 IB       WITH
    SB                -0.093      0.027     -3.425      0.001

 ID       WITH
    SD                -0.774      0.196     -3.950      0.000
    IB                 0.325      0.237      1.371      0.170
    SB                 0.116      0.032      3.689      0.000

 SD       WITH
    IB                 0.099      0.054      1.827      0.068
    SB                -0.012      0.007     -1.800      0.072

 GENDER   WITH
    AGE04              0.199      0.078      2.534      0.011

 KCAL04   WITH
    AGE04          -1363.375    109.938    -12.401      0.000
    GENDER           -91.666      3.352    -27.349      0.000

 MET04    WITH
    AGE04           -420.181     17.644    -23.815      0.000
    GENDER            -8.121      0.605    -13.423      0.000
    KCAL04         15937.022    878.945     18.132      0.000

 SMOKE04  WITH
    AGE04              0.283      0.081      3.507      0.000
    GENDER            -0.150      0.002    -65.855      0.000
    KCAL04            57.559      3.571     16.116      0.000
    MET04              4.834      0.652      7.412      0.000

 Q1       WITH
    AGE04             -0.282      0.066     -4.307      0.000
    GENDER            -0.002      0.002     -0.833      0.405
    KCAL04            13.589      3.041      4.469      0.000
    MET04              5.236      0.530      9.881      0.000
    SMOKE04            0.003      0.002      1.466      0.143

 Q2       WITH
    AGE04              0.044      0.069      0.630      0.529
    GENDER             0.000      0.002      0.202      0.840
    KCAL04            -6.237      2.914     -2.140      0.032
    MET04             -5.769      0.479    -12.052      0.000
    SMOKE04            0.001      0.003      0.523      0.601
    Q1                -0.063      0.001    -48.834      0.000

 Q3       WITH
    AGE04              0.451      0.070      6.434      0.000
    GENDER             0.003      0.002      1.317      0.188
    KCAL04           -19.122      2.958     -6.465      0.000
    MET04             -9.892      0.438    -22.580      0.000
    SMOKE04           -0.007      0.002     -3.063      0.002
    Q1                -0.063      0.001    -48.821      0.000
    Q2                -0.062      0.001    -48.774      0.000

 EDUC04   WITH
    AGE04             -8.197      0.213    -38.447      0.000
    GENDER            -0.129      0.007    -19.444      0.000
    KCAL04            78.821      8.965      8.792      0.000
    MET04             -1.601      1.356     -1.180      0.238
    SMOKE04            0.042      0.006      6.519      0.000
    Q1                -0.090      0.005    -17.574      0.000
    Q2                 0.025      0.006      4.274      0.000
    Q3                 0.183      0.007     27.113      0.000

 SYSTO04  WITH
    AGE04            117.510      3.263     36.017      0.000
    GENDER            -0.814      0.097     -8.433      0.000
    KCAL04          -956.355    132.375     -7.225      0.000
    MET04           -277.063     22.024    -12.580      0.000
    SMOKE04            0.674      0.112      6.016      0.000
    Q1                -0.170      0.086     -1.981      0.048
    Q2                 0.392      0.085      4.632      0.000
    Q3                 0.342      0.084      4.091      0.000
    EDUC04            -3.734      0.271    -13.801      0.000

 DIASTO04 WITH
    AGE04             35.869      1.849     19.399      0.000
    GENDER            -0.691      0.059    -11.804      0.000
    KCAL04          -284.312     85.218     -3.336      0.001
    MET04            -84.639     13.621     -6.214      0.000
    SMOKE04            0.448      0.059      7.600      0.000
    Q1                -0.067      0.054     -1.238      0.216
    Q2                 0.366      0.051      7.191      0.000
    Q3                -0.011      0.048     -0.222      0.824
    EDUC04            -0.815      0.157     -5.174      0.000
    SYSTO04          148.438      3.545     41.870      0.000

 Means
    AGE04             47.385      0.157    301.706      0.000
    GENDER             1.519      0.005    297.033      0.000
    KCAL04          2188.497      6.928    315.871      0.000
    MET04            116.550      1.198     97.254      0.000
    SMOKE04            0.335      0.005     61.915      0.000
    Q1                 0.250      0.004     56.387      0.000
    Q2                 0.250      0.004     56.396      0.000
    Q3                 0.250      0.004     56.407      0.000
    EDUC04             1.727      0.014    127.045      0.000
    SYSTO04          122.077      0.194    630.646      0.000
    DIASTO04          78.639      0.118    665.359      0.000

 Intercepts
    BMI04              0.000      0.000    999.000    999.000
    BMI06              0.000      0.000    999.000    999.000
    BMI09              0.000      0.000    999.000    999.000
    BMI11              0.000      0.000    999.000    999.000
    DQD04              0.000      0.000    999.000    999.000
    DQD06              0.000      0.000    999.000    999.000
    DQD09              0.000      0.000    999.000    999.000
    DQD11              0.000      0.000    999.000    999.000
    IB                13.814      0.381     36.231      0.000
    SB                 0.513      0.055      9.263      0.000
    ID                48.707      0.856     56.924      0.000
    SD                -0.446      0.198     -2.251      0.024

 Variances
    AGE04            235.499      2.913     80.832      0.000
    GENDER             0.250      0.000   1291.078      0.000
    KCAL04         *********   8275.760     55.377      0.000
    MET04          12717.729    337.341     37.700      0.000
    SMOKE04            0.276      0.021     13.107      0.000
    Q1                 0.188      0.002     84.579      0.000
    Q2                 0.188      0.002     84.593      0.000
    Q3                 0.188      0.002     84.529      0.000
    EDUC04             1.754      0.024     72.488      0.000
    SYSTO04          345.123      7.845     43.993      0.000
    DIASTO04         126.189      2.646     47.682      0.000

 Residual Variances
    BMI04              0.969      0.125      7.738      0.000
    BMI06              3.132      1.763      1.777      0.076
    BMI09              1.532      0.089     17.286      0.000
    BMI11             13.582      5.847      2.323      0.020
    DQD04             49.327      1.300     37.953      0.000
    DQD06             47.112      0.939     50.164      0.000
    DQD09             48.033      1.048     45.824      0.000
    DQD11             47.756      1.449     32.958      0.000
    IB                 9.114      0.203     44.985      0.000
    SB                 0.046      0.004     10.616      0.000
    ID                14.662      1.026     14.296      0.000
    SD                 0.272      0.050      5.474      0.000


QUALITY OF NUMERICAL RESULTS

     Condition Number for the Information Matrix             -0.137E-19
       (ratio of smallest to largest eigenvalue)


CONFIDENCE INTERVALS OF MODEL RESULTS

                  Lower .5%  Lower 2.5%    Lower 5%    Estimate    Upper 5%  Upper 2.5%   Upper .5%

 IB       |
    BMI04            1.000       1.000       1.000       1.000       1.000       1.000       1.000
    BMI06            1.000       1.000       1.000       1.000       1.000       1.000       1.000
    BMI09            1.000       1.000       1.000       1.000       1.000       1.000       1.000
    BMI11            1.000       1.000       1.000       1.000       1.000       1.000       1.000

 SB       |
    BMI04            0.000       0.000       0.000       0.000       0.000       0.000       0.000
    BMI06            2.000       2.000       2.000       2.000       2.000       2.000       2.000
    BMI09            5.000       5.000       5.000       5.000       5.000       5.000       5.000
    BMI11            7.000       7.000       7.000       7.000       7.000       7.000       7.000

 ID       |
    DQD04            1.000       1.000       1.000       1.000       1.000       1.000       1.000
    DQD06            1.000       1.000       1.000       1.000       1.000       1.000       1.000
    DQD09            1.000       1.000       1.000       1.000       1.000       1.000       1.000
    DQD11            1.000       1.000       1.000       1.000       1.000       1.000       1.000

 SD       |
    DQD04            0.000       0.000       0.000       0.000       0.000       0.000       0.000
    DQD06            2.000       2.000       2.000       2.000       2.000       2.000       2.000
    DQD09            5.000       5.000       5.000       5.000       5.000       5.000       5.000
    DQD11            7.000       7.000       7.000       7.000       7.000       7.000       7.000

 IB       ON
    Q1              -0.136      -0.079      -0.050       0.102       0.253       0.282       0.339
    Q2               0.423       0.483       0.514       0.676       0.838       0.868       0.929
    Q3               0.377       0.442       0.475       0.647       0.820       0.853       0.918
    AGE04           -0.009      -0.007      -0.006      -0.002       0.003       0.004       0.005
    GENDER           0.154       0.207       0.234       0.375       0.516       0.543       0.595
    MET04           -0.001      -0.001       0.000       0.000       0.001       0.001       0.001
    KCAL04           0.000       0.000       0.000       0.000       0.000       0.000       0.000
    EDUC04          -0.027      -0.008       0.001       0.052       0.102       0.112       0.131
    SYSTO04          0.017       0.019       0.020       0.025       0.030       0.031       0.033
    DIASTO04         0.046       0.049       0.051       0.058       0.066       0.067       0.070
    SMOKE04         -0.553      -0.506      -0.483      -0.359      -0.235      -0.211      -0.165

 SB       ON
    Q1              -0.020      -0.012      -0.008       0.012       0.032       0.036       0.044
    Q2              -0.045      -0.037      -0.032      -0.008       0.015       0.020       0.029
    Q3              -0.075      -0.066      -0.061      -0.035      -0.009      -0.004       0.006
    AGE04           -0.005      -0.004      -0.004      -0.004      -0.003      -0.003      -0.003
    GENDER          -0.068      -0.060      -0.056      -0.036      -0.015      -0.011      -0.004
    MET04            0.000       0.000       0.000       0.000       0.000       0.000       0.000
    KCAL04           0.000       0.000       0.000       0.000       0.000       0.000       0.000
    EDUC04          -0.024      -0.021      -0.020      -0.013      -0.006      -0.004      -0.002
    SYSTO04         -0.002      -0.002      -0.002      -0.001      -0.001      -0.001       0.000
    DIASTO04        -0.002      -0.001      -0.001       0.000       0.001       0.001       0.001
    SMOKE04         -0.044      -0.037      -0.033      -0.014       0.005       0.008       0.015

 ID       ON
    Q1              -4.333      -4.210      -4.148      -3.820      -3.492      -3.429      -3.307
    Q2              -7.573      -7.443      -7.377      -7.030      -6.683      -6.617      -6.487
    Q3             -11.251     -11.107     -11.033     -10.648     -10.263     -10.189     -10.045
    AGE04           -0.058      -0.054      -0.052      -0.042      -0.032      -0.030      -0.026
    GENDER          -2.130      -2.013      -1.954      -1.642      -1.331      -1.271      -1.154
    MET04           -0.002      -0.001      -0.001       0.000       0.002       0.002       0.002
    KCAL04           0.000       0.000       0.000       0.001       0.001       0.001       0.001
    EDUC04          -1.324      -1.279      -1.256      -1.134      -1.013      -0.990      -0.944
    SYSTO04         -0.024      -0.020      -0.018      -0.008       0.003       0.005       0.008
    DIASTO04        -0.004       0.003       0.006       0.022       0.038       0.041       0.047
    SMOKE04         -0.200      -0.099      -0.048       0.222       0.491       0.542       0.643

 SD       ON
    Q1              -0.213      -0.186      -0.172      -0.099      -0.026      -0.012       0.015
    Q2              -0.060      -0.029      -0.014       0.068       0.149       0.164       0.195
    Q3              -0.013       0.020       0.038       0.127       0.217       0.234       0.268
    AGE04            0.001       0.001       0.002       0.004       0.007       0.007       0.008
    GENDER          -0.197      -0.169      -0.155      -0.082      -0.008       0.006       0.034
    MET04            0.000       0.000       0.000       0.000       0.000       0.001       0.001
    KCAL04           0.000       0.000       0.000       0.000       0.000       0.000       0.000
    EDUC04          -0.007       0.003       0.008       0.036       0.064       0.069       0.080
    SYSTO04         -0.003      -0.002      -0.001       0.001       0.003       0.004       0.005
    DIASTO04        -0.009      -0.007      -0.007      -0.003       0.001       0.001       0.003
    SMOKE04         -0.129      -0.104      -0.091      -0.025       0.041       0.054       0.078

 IB       WITH
    SB              -0.162      -0.146      -0.137      -0.093      -0.048      -0.040      -0.023

 ID       WITH
    SD              -1.279      -1.158      -1.097      -0.774      -0.452      -0.390      -0.269
    IB              -0.286      -0.140      -0.065       0.325       0.716       0.791       0.937
    SB               0.035       0.055       0.064       0.116       0.168       0.178       0.198

 SD       WITH
    IB              -0.041      -0.007       0.010       0.099       0.189       0.206       0.240
    SB              -0.030      -0.026      -0.024      -0.012      -0.001       0.001       0.005

 GENDER   WITH
    AGE04           -0.003       0.045       0.070       0.199       0.328       0.352       0.401

 KCAL04   WITH
    AGE04        -1646.553   -1578.854   -1544.223   -1363.375   -1182.526   -1147.896   -1080.196
    GENDER        -100.299     -98.235     -97.179     -91.666     -86.152     -85.097     -83.033

 MET04    WITH
    AGE04         -465.628    -454.763    -449.205    -420.181    -391.157    -385.599    -374.734
    GENDER          -9.679      -9.307      -9.116      -8.121      -7.126      -6.935      -6.562
    KCAL04       13673.037   14214.291   14491.158   15937.022   17382.887   17659.754   18201.008

 SMOKE04  WITH
    AGE04            0.075       0.125       0.150       0.283       0.416       0.441       0.491
    GENDER          -0.156      -0.155      -0.154      -0.150      -0.147      -0.146      -0.144
    KCAL04          48.360      50.559      51.684      57.559      63.434      64.559      66.758
    MET04            3.154       3.556       3.761       4.834       5.907       6.112       6.514

 Q1       WITH
    AGE04           -0.451      -0.411      -0.390      -0.282      -0.174      -0.154      -0.113
    GENDER          -0.008      -0.006      -0.005      -0.002       0.002       0.002       0.004
    KCAL04           5.757       7.629       8.587      13.589      18.591      19.549      21.421
    MET04            3.871       4.197       4.364       5.236       6.108       6.275       6.601
    SMOKE04         -0.002      -0.001       0.000       0.003       0.007       0.008       0.009

 Q2       WITH
    AGE04           -0.135      -0.092      -0.071       0.044       0.158       0.180       0.223
    GENDER          -0.005      -0.004      -0.003       0.000       0.004       0.005       0.006
    KCAL04         -13.742     -11.948     -11.030      -6.237      -1.443      -0.526       1.269
    MET04           -7.002      -6.707      -6.557      -5.769      -4.982      -4.831      -4.536
    SMOKE04         -0.005      -0.004      -0.003       0.001       0.005       0.006       0.008
    Q1              -0.066      -0.065      -0.065      -0.063      -0.060      -0.060      -0.059

 Q3       WITH
    AGE04            0.270       0.313       0.335       0.451       0.566       0.588       0.631
    GENDER          -0.003      -0.001      -0.001       0.003       0.007       0.007       0.009
    KCAL04         -26.741     -24.919     -23.987     -19.122     -14.256     -13.325     -11.503
    MET04          -11.021     -10.751     -10.613      -9.892      -9.172      -9.034      -8.764
    SMOKE04         -0.013      -0.012      -0.011      -0.007      -0.003      -0.003      -0.001
    Q1              -0.066      -0.065      -0.065      -0.063      -0.060      -0.060      -0.059
    Q2              -0.066      -0.065      -0.065      -0.062      -0.060      -0.060      -0.059

 EDUC04   WITH
    AGE04           -8.746      -8.615      -8.548      -8.197      -7.846      -7.779      -7.648
    GENDER          -0.147      -0.143      -0.140      -0.129      -0.119      -0.116      -0.112
    KCAL04          55.730      61.250      64.074      78.821      93.569      96.393     101.913
    MET04           -5.094      -4.259      -3.832      -1.601       0.630       1.058       1.893
    SMOKE04          0.025       0.029       0.031       0.042       0.052       0.054       0.058
    Q1              -0.104      -0.100      -0.099      -0.090      -0.082      -0.080      -0.077
    Q2               0.010       0.014       0.016       0.025       0.035       0.037       0.041
    Q3               0.165       0.169       0.171       0.183       0.194       0.196       0.200

 SYSTO04  WITH
    AGE04          109.106     111.116     112.143     117.510     122.877     123.905     125.914
    GENDER          -1.063      -1.003      -0.973      -0.814      -0.655      -0.625      -0.565
    KCAL04       -1297.326   -1215.810   -1174.112    -956.355    -738.597    -696.899    -615.383
    MET04         -333.793    -320.230    -313.293    -277.063    -240.834    -233.897    -220.334
    SMOKE04          0.385       0.454       0.489       0.674       0.858       0.893       0.962
    Q1              -0.390      -0.338      -0.311      -0.170      -0.029      -0.002       0.051
    Q2               0.174       0.226       0.253       0.392       0.532       0.558       0.611
    Q3               0.127       0.178       0.204       0.342       0.479       0.506       0.557
    EDUC04          -4.431      -4.265      -4.179      -3.734      -3.289      -3.204      -3.037

 DIASTO04 WITH
    AGE04           31.106      32.245      32.827      35.869      38.911      39.493      40.632
    GENDER          -0.842      -0.806      -0.787      -0.691      -0.595      -0.576      -0.540
    KCAL04        -503.816    -451.339    -424.495    -284.312    -144.129    -117.285     -64.808
    MET04         -119.725    -111.337    -107.046     -84.639     -62.232     -57.942     -49.554
    SMOKE04          0.296       0.332       0.351       0.448       0.545       0.563       0.599
    Q1              -0.207      -0.174      -0.157      -0.067       0.022       0.039       0.073
    Q2               0.235       0.266       0.282       0.366       0.450       0.466       0.497
    Q3              -0.135      -0.106      -0.090      -0.011       0.069       0.084       0.114
    EDUC04          -1.220      -1.123      -1.074      -0.815      -0.556      -0.506      -0.409
    SYSTO04        139.306     141.489     142.606     148.438     154.270     155.387     157.570

 Means
    AGE04           46.981      47.078      47.127      47.385      47.644      47.693      47.790
    GENDER           1.506       1.509       1.510       1.519       1.527       1.529       1.532
    KCAL04        2170.651    2174.917    2177.100    2188.497    2199.894    2202.077    2206.343
    MET04          113.464     114.202     114.579     116.550     118.522     118.899     119.637
    SMOKE04          0.321       0.324       0.326       0.335       0.344       0.345       0.349
    Q1               0.238       0.241       0.243       0.250       0.257       0.259       0.261
    Q2               0.239       0.241       0.243       0.250       0.257       0.259       0.262
    Q3               0.239       0.242       0.243       0.250       0.258       0.259       0.262
    EDUC04           1.692       1.701       1.705       1.727       1.750       1.754       1.762
    SYSTO04        121.578     121.697     121.758     122.077     122.395     122.456     122.575
    DIASTO04        78.335      78.408      78.445      78.639      78.834      78.871      78.944

 Intercepts
    BMI04            0.000       0.000       0.000       0.000       0.000       0.000       0.000
    BMI06            0.000       0.000       0.000       0.000       0.000       0.000       0.000
    BMI09            0.000       0.000       0.000       0.000       0.000       0.000       0.000
    BMI11            0.000       0.000       0.000       0.000       0.000       0.000       0.000
    DQD04            0.000       0.000       0.000       0.000       0.000       0.000       0.000
    DQD06            0.000       0.000       0.000       0.000       0.000       0.000       0.000
    DQD09            0.000       0.000       0.000       0.000       0.000       0.000       0.000
    DQD11            0.000       0.000       0.000       0.000       0.000       0.000       0.000
    IB              12.832      13.067      13.187      13.814      14.441      14.561      14.796
    SB               0.370       0.405       0.422       0.513       0.604       0.622       0.656
    ID              46.503      47.030      47.300      48.707      50.115      50.384      50.911
    SD              -0.956      -0.834      -0.771      -0.446      -0.120      -0.058       0.064

 Variances
    AGE04          227.994     229.789     230.706     235.499     240.291     241.209     243.003
    GENDER           0.249       0.249       0.249       0.250       0.250       0.250       0.250
    KCAL04       *********  442068.375  444675.250  458288.875  471902.500  474509.375  479605.562
    MET04        11848.807   12056.541   12162.803   12717.729   13272.654   13378.916   13586.650
    SMOKE04          0.222       0.235       0.241       0.276       0.311       0.317       0.330
    Q1               0.182       0.183       0.184       0.188       0.191       0.192       0.193
    Q2               0.182       0.183       0.184       0.188       0.191       0.192       0.193
    Q3               0.182       0.183       0.184       0.188       0.191       0.192       0.193
    EDUC04           1.691       1.706       1.714       1.754       1.793       1.801       1.816
    SYSTO04        324.916     329.747     332.218     345.123     358.028     360.499     365.330
    DIASTO04       119.372     121.002     121.835     126.189     130.542     131.376     133.005

 Residual Variances
    BMI04            0.646       0.724       0.763       0.969       1.175       1.214       1.291
    BMI06           -1.409      -0.323       0.232       3.132       6.032       6.587       7.673
    BMI09            1.304       1.358       1.386       1.532       1.678       1.706       1.760
    BMI11           -1.480       2.121       3.963      13.582      23.201      25.043      28.644
    DQD04           45.979      46.780      47.189      49.327      51.465      51.874      52.675
    DQD06           44.693      45.271      45.567      47.112      48.657      48.953      49.531
    DQD09           45.333      45.978      46.308      48.033      49.757      50.087      50.733
    DQD11           44.023      44.916      45.372      47.756      50.139      50.596      51.488
    IB               8.592       8.717       8.781       9.114       9.448       9.511       9.636
    SB               0.035       0.038       0.039       0.046       0.053       0.055       0.057
    ID              12.021      12.652      12.975      14.662      16.350      16.673      17.304
    SD               0.144       0.175       0.191       0.272       0.354       0.370       0.401


TECHNICAL 1 OUTPUT


     PARAMETER SPECIFICATION


           NU
              BMI04         BMI06         BMI09         BMI11         DQD04
              ________      ________      ________      ________      ________
 1                  0             0             0             0             0


           NU
              DQD06         DQD09         DQD11         AGE04         GENDER
              ________      ________      ________      ________      ________
 1                  0             0             0             0             0


           NU
              KCAL04        MET04         SMOKE04       Q1            Q2
              ________      ________      ________      ________      ________
 1                  0             0             0             0             0


           NU
              Q3            EDUC04        SYSTO04       DIASTO04
              ________      ________      ________      ________
 1                  0             0             0             0


           LAMBDA
              IB            SB            ID            SD            AGE04
              ________      ________      ________      ________      ________
 BMI04              0             0             0             0             0
 BMI06              0             0             0             0             0
 BMI09              0             0             0             0             0
 BMI11              0             0             0             0             0
 DQD04              0             0             0             0             0
 DQD06              0             0             0             0             0
 DQD09              0             0             0             0             0
 DQD11              0             0             0             0             0
 AGE04              0             0             0             0             0
 GENDER             0             0             0             0             0
 KCAL04             0             0             0             0             0
 MET04              0             0             0             0             0
 SMOKE04            0             0             0             0             0
 Q1                 0             0             0             0             0
 Q2                 0             0             0             0             0
 Q3                 0             0             0             0             0
 EDUC04             0             0             0             0             0
 SYSTO04            0             0             0             0             0
 DIASTO04           0             0             0             0             0


           LAMBDA
              GENDER        KCAL04        MET04         SMOKE04       Q1
              ________      ________      ________      ________      ________
 BMI04              0             0             0             0             0
 BMI06              0             0             0             0             0
 BMI09              0             0             0             0             0
 BMI11              0             0             0             0             0
 DQD04              0             0             0             0             0
 DQD06              0             0             0             0             0
 DQD09              0             0             0             0             0
 DQD11              0             0             0             0             0
 AGE04              0             0             0             0             0
 GENDER             0             0             0             0             0
 KCAL04             0             0             0             0             0
 MET04              0             0             0             0             0
 SMOKE04            0             0             0             0             0
 Q1                 0             0             0             0             0
 Q2                 0             0             0             0             0
 Q3                 0             0             0             0             0
 EDUC04             0             0             0             0             0
 SYSTO04            0             0             0             0             0
 DIASTO04           0             0             0             0             0


           LAMBDA
              Q2            Q3            EDUC04        SYSTO04       DIASTO04
              ________      ________      ________      ________      ________
 BMI04              0             0             0             0             0
 BMI06              0             0             0             0             0
 BMI09              0             0             0             0             0
 BMI11              0             0             0             0             0
 DQD04              0             0             0             0             0
 DQD06              0             0             0             0             0
 DQD09              0             0             0             0             0
 DQD11              0             0             0             0             0
 AGE04              0             0             0             0             0
 GENDER             0             0             0             0             0
 KCAL04             0             0             0             0             0
 MET04              0             0             0             0             0
 SMOKE04            0             0             0             0             0
 Q1                 0             0             0             0             0
 Q2                 0             0             0             0             0
 Q3                 0             0             0             0             0
 EDUC04             0             0             0             0             0
 SYSTO04            0             0             0             0             0
 DIASTO04           0             0             0             0             0


           THETA
              BMI04         BMI06         BMI09         BMI11         DQD04
              ________      ________      ________      ________      ________
 BMI04              1
 BMI06              0             2
 BMI09              0             0             3
 BMI11              0             0             0             4
 DQD04              0             0             0             0             5
 DQD06              0             0             0             0             0
 DQD09              0             0             0             0             0
 DQD11              0             0             0             0             0
 AGE04              0             0             0             0             0
 GENDER             0             0             0             0             0
 KCAL04             0             0             0             0             0
 MET04              0             0             0             0             0
 SMOKE04            0             0             0             0             0
 Q1                 0             0             0             0             0
 Q2                 0             0             0             0             0
 Q3                 0             0             0             0             0
 EDUC04             0             0             0             0             0
 SYSTO04            0             0             0             0             0
 DIASTO04           0             0             0             0             0


           THETA
              DQD06         DQD09         DQD11         AGE04         GENDER
              ________      ________      ________      ________      ________
 DQD06              6
 DQD09              0             7
 DQD11              0             0             8
 AGE04              0             0             0             0
 GENDER             0             0             0             0             0
 KCAL04             0             0             0             0             0
 MET04              0             0             0             0             0
 SMOKE04            0             0             0             0             0
 Q1                 0             0             0             0             0
 Q2                 0             0             0             0             0
 Q3                 0             0             0             0             0
 EDUC04             0             0             0             0             0
 SYSTO04            0             0             0             0             0
 DIASTO04           0             0             0             0             0


           THETA
              KCAL04        MET04         SMOKE04       Q1            Q2
              ________      ________      ________      ________      ________
 KCAL04             0
 MET04              0             0
 SMOKE04            0             0             0
 Q1                 0             0             0             0
 Q2                 0             0             0             0             0
 Q3                 0             0             0             0             0
 EDUC04             0             0             0             0             0
 SYSTO04            0             0             0             0             0
 DIASTO04           0             0             0             0             0


           THETA
              Q3            EDUC04        SYSTO04       DIASTO04
              ________      ________      ________      ________
 Q3                 0
 EDUC04             0             0
 SYSTO04            0             0             0
 DIASTO04           0             0             0             0


           ALPHA
              IB            SB            ID            SD            AGE04
              ________      ________      ________      ________      ________
 1                  9            10            11            12            13


           ALPHA
              GENDER        KCAL04        MET04         SMOKE04       Q1
              ________      ________      ________      ________      ________
 1                 14            15            16            17            18


           ALPHA
              Q2            Q3            EDUC04        SYSTO04       DIASTO04
              ________      ________      ________      ________      ________
 1                 19            20            21            22            23


           BETA
              IB            SB            ID            SD            AGE04
              ________      ________      ________      ________      ________
 IB                 0             0             0             0            24
 SB                 0             0             0             0            35
 ID                 0             0             0             0            46
 SD                 0             0             0             0            57
 AGE04              0             0             0             0             0
 GENDER             0             0             0             0             0
 KCAL04             0             0             0             0             0
 MET04              0             0             0             0             0
 SMOKE04            0             0             0             0             0
 Q1                 0             0             0             0             0
 Q2                 0             0             0             0             0
 Q3                 0             0             0             0             0
 EDUC04             0             0             0             0             0
 SYSTO04            0             0             0             0             0
 DIASTO04           0             0             0             0             0


           BETA
              GENDER        KCAL04        MET04         SMOKE04       Q1
              ________      ________      ________      ________      ________
 IB                25            26            27            28            29
 SB                36            37            38            39            40
 ID                47            48            49            50            51
 SD                58            59            60            61            62
 AGE04              0             0             0             0             0
 GENDER             0             0             0             0             0
 KCAL04             0             0             0             0             0
 MET04              0             0             0             0             0
 SMOKE04            0             0             0             0             0
 Q1                 0             0             0             0             0
 Q2                 0             0             0             0             0
 Q3                 0             0             0             0             0
 EDUC04             0             0             0             0             0
 SYSTO04            0             0             0             0             0
 DIASTO04           0             0             0             0             0


           BETA
              Q2            Q3            EDUC04        SYSTO04       DIASTO04
              ________      ________      ________      ________      ________
 IB                30            31            32            33            34
 SB                41            42            43            44            45
 ID                52            53            54            55            56
 SD                63            64            65            66            67
 AGE04              0             0             0             0             0
 GENDER             0             0             0             0             0
 KCAL04             0             0             0             0             0
 MET04              0             0             0             0             0
 SMOKE04            0             0             0             0             0
 Q1                 0             0             0             0             0
 Q2                 0             0             0             0             0
 Q3                 0             0             0             0             0
 EDUC04             0             0             0             0             0
 SYSTO04            0             0             0             0             0
 DIASTO04           0             0             0             0             0


           PSI
              IB            SB            ID            SD            AGE04
              ________      ________      ________      ________      ________
 IB                68
 SB                69            70
 ID                71            72            73
 SD                74            75            76            77
 AGE04              0             0             0             0            78
 GENDER             0             0             0             0            79
 KCAL04             0             0             0             0            81
 MET04              0             0             0             0            84
 SMOKE04            0             0             0             0            88
 Q1                 0             0             0             0            93
 Q2                 0             0             0             0            99
 Q3                 0             0             0             0           106
 EDUC04             0             0             0             0           114
 SYSTO04            0             0             0             0           123
 DIASTO04           0             0             0             0           133


           PSI
              GENDER        KCAL04        MET04         SMOKE04       Q1
              ________      ________      ________      ________      ________
 GENDER            80
 KCAL04            82            83
 MET04             85            86            87
 SMOKE04           89            90            91            92
 Q1                94            95            96            97            98
 Q2               100           101           102           103           104
 Q3               107           108           109           110           111
 EDUC04           115           116           117           118           119
 SYSTO04          124           125           126           127           128
 DIASTO04         134           135           136           137           138


           PSI
              Q2            Q3            EDUC04        SYSTO04       DIASTO04
              ________      ________      ________      ________      ________
 Q2               105
 Q3               112           113
 EDUC04           120           121           122
 SYSTO04          129           130           131           132
 DIASTO04         139           140           141           142           143


     STARTING VALUES


           NU
              BMI04         BMI06         BMI09         BMI11         DQD04
              ________      ________      ________      ________      ________
 1              0.000         0.000         0.000         0.000         0.000


           NU
              DQD06         DQD09         DQD11         AGE04         GENDER
              ________      ________      ________      ________      ________
 1              0.000         0.000         0.000         0.000         0.000


           NU
              KCAL04        MET04         SMOKE04       Q1            Q2
              ________      ________      ________      ________      ________
 1              0.000         0.000         0.000         0.000         0.000


           NU
              Q3            EDUC04        SYSTO04       DIASTO04
              ________      ________      ________      ________
 1              0.000         0.000         0.000         0.000


           LAMBDA
              IB            SB            ID            SD            AGE04
              ________      ________      ________      ________      ________
 BMI04          1.000         0.000         0.000         0.000         0.000
 BMI06          1.000         2.000         0.000         0.000         0.000
 BMI09          1.000         5.000         0.000         0.000         0.000
 BMI11          1.000         7.000         0.000         0.000         0.000
 DQD04          0.000         0.000         1.000         0.000         0.000
 DQD06          0.000         0.000         1.000         2.000         0.000
 DQD09          0.000         0.000         1.000         5.000         0.000
 DQD11          0.000         0.000         1.000         7.000         0.000
 AGE04          0.000         0.000         0.000         0.000         1.000
 GENDER         0.000         0.000         0.000         0.000         0.000
 KCAL04         0.000         0.000         0.000         0.000         0.000
 MET04          0.000         0.000         0.000         0.000         0.000
 SMOKE04        0.000         0.000         0.000         0.000         0.000
 Q1             0.000         0.000         0.000         0.000         0.000
 Q2             0.000         0.000         0.000         0.000         0.000
 Q3             0.000         0.000         0.000         0.000         0.000
 EDUC04         0.000         0.000         0.000         0.000         0.000
 SYSTO04        0.000         0.000         0.000         0.000         0.000
 DIASTO04       0.000         0.000         0.000         0.000         0.000


           LAMBDA
              GENDER        KCAL04        MET04         SMOKE04       Q1
              ________      ________      ________      ________      ________
 BMI04          0.000         0.000         0.000         0.000         0.000
 BMI06          0.000         0.000         0.000         0.000         0.000
 BMI09          0.000         0.000         0.000         0.000         0.000
 BMI11          0.000         0.000         0.000         0.000         0.000
 DQD04          0.000         0.000         0.000         0.000         0.000
 DQD06          0.000         0.000         0.000         0.000         0.000
 DQD09          0.000         0.000         0.000         0.000         0.000
 DQD11          0.000         0.000         0.000         0.000         0.000
 AGE04          0.000         0.000         0.000         0.000         0.000
 GENDER         1.000         0.000         0.000         0.000         0.000
 KCAL04         0.000         1.000         0.000         0.000         0.000
 MET04          0.000         0.000         1.000         0.000         0.000
 SMOKE04        0.000         0.000         0.000         1.000         0.000
 Q1             0.000         0.000         0.000         0.000         1.000
 Q2             0.000         0.000         0.000         0.000         0.000
 Q3             0.000         0.000         0.000         0.000         0.000
 EDUC04         0.000         0.000         0.000         0.000         0.000
 SYSTO04        0.000         0.000         0.000         0.000         0.000
 DIASTO04       0.000         0.000         0.000         0.000         0.000


           LAMBDA
              Q2            Q3            EDUC04        SYSTO04       DIASTO04
              ________      ________      ________      ________      ________
 BMI04          0.000         0.000         0.000         0.000         0.000
 BMI06          0.000         0.000         0.000         0.000         0.000
 BMI09          0.000         0.000         0.000         0.000         0.000
 BMI11          0.000         0.000         0.000         0.000         0.000
 DQD04          0.000         0.000         0.000         0.000         0.000
 DQD06          0.000         0.000         0.000         0.000         0.000
 DQD09          0.000         0.000         0.000         0.000         0.000
 DQD11          0.000         0.000         0.000         0.000         0.000
 AGE04          0.000         0.000         0.000         0.000         0.000
 GENDER         0.000         0.000         0.000         0.000         0.000
 KCAL04         0.000         0.000         0.000         0.000         0.000
 MET04          0.000         0.000         0.000         0.000         0.000
 SMOKE04        0.000         0.000         0.000         0.000         0.000
 Q1             0.000         0.000         0.000         0.000         0.000
 Q2             1.000         0.000         0.000         0.000         0.000
 Q3             0.000         1.000         0.000         0.000         0.000
 EDUC04         0.000         0.000         1.000         0.000         0.000
 SYSTO04        0.000         0.000         0.000         1.000         0.000
 DIASTO04       0.000         0.000         0.000         0.000         1.000


           THETA
              BMI04         BMI06         BMI09         BMI11         DQD04
              ________      ________      ________      ________      ________
 BMI04          5.617
 BMI06          0.000         6.364
 BMI09          0.000         0.000         5.891
 BMI11          0.000         0.000         0.000        11.820
 DQD04          0.000         0.000         0.000         0.000        42.544
 DQD06          0.000         0.000         0.000         0.000         0.000
 DQD09          0.000         0.000         0.000         0.000         0.000
 DQD11          0.000         0.000         0.000         0.000         0.000
 AGE04          0.000         0.000         0.000         0.000         0.000
 GENDER         0.000         0.000         0.000         0.000         0.000
 KCAL04         0.000         0.000         0.000         0.000         0.000
 MET04          0.000         0.000         0.000         0.000         0.000
 SMOKE04        0.000         0.000         0.000         0.000         0.000
 Q1             0.000         0.000         0.000         0.000         0.000
 Q2             0.000         0.000         0.000         0.000         0.000
 Q3             0.000         0.000         0.000         0.000         0.000
 EDUC04         0.000         0.000         0.000         0.000         0.000
 SYSTO04        0.000         0.000         0.000         0.000         0.000
 DIASTO04       0.000         0.000         0.000         0.000         0.000


           THETA
              DQD06         DQD09         DQD11         AGE04         GENDER
              ________      ________      ________      ________      ________
 DQD06         42.144
 DQD09          0.000        39.828
 DQD11          0.000         0.000        40.463
 AGE04          0.000         0.000         0.000         0.000
 GENDER         0.000         0.000         0.000         0.000         0.000
 KCAL04         0.000         0.000         0.000         0.000         0.000
 MET04          0.000         0.000         0.000         0.000         0.000
 SMOKE04        0.000         0.000         0.000         0.000         0.000
 Q1             0.000         0.000         0.000         0.000         0.000
 Q2             0.000         0.000         0.000         0.000         0.000
 Q3             0.000         0.000         0.000         0.000         0.000
 EDUC04         0.000         0.000         0.000         0.000         0.000
 SYSTO04        0.000         0.000         0.000         0.000         0.000
 DIASTO04       0.000         0.000         0.000         0.000         0.000


           THETA
              KCAL04        MET04         SMOKE04       Q1            Q2
              ________      ________      ________      ________      ________
 KCAL04         0.000
 MET04          0.000         0.000
 SMOKE04        0.000         0.000         0.000
 Q1             0.000         0.000         0.000         0.000
 Q2             0.000         0.000         0.000         0.000         0.000
 Q3             0.000         0.000         0.000         0.000         0.000
 EDUC04         0.000         0.000         0.000         0.000         0.000
 SYSTO04        0.000         0.000         0.000         0.000         0.000
 DIASTO04       0.000         0.000         0.000         0.000         0.000


           THETA
              Q3            EDUC04        SYSTO04       DIASTO04
              ________      ________      ________      ________
 Q3             0.000
 EDUC04         0.000         0.000
 SYSTO04        0.000         0.000         0.000
 DIASTO04       0.000         0.000         0.000         0.000


           ALPHA
              IB            SB            ID            SD            AGE04
              ________      ________      ________      ________      ________
 1             23.091         0.035        38.663        -0.659        47.385


           ALPHA
              GENDER        KCAL04        MET04         SMOKE04       Q1
              ________      ________      ________      ________      ________
 1              1.519      2188.497       118.186         0.334         0.250


           ALPHA
              Q2            Q3            EDUC04        SYSTO04       DIASTO04
              ________      ________      ________      ________      ________
 1              0.250         0.250         1.724       122.224        78.671


           BETA
              IB            SB            ID            SD            AGE04
              ________      ________      ________      ________      ________
 IB             0.000         0.000         0.000         0.000         0.000
 SB             0.000         0.000         0.000         0.000         0.000
 ID             0.000         0.000         0.000         0.000         0.000
 SD             0.000         0.000         0.000         0.000         0.000
 AGE04          0.000         0.000         0.000         0.000         0.000
 GENDER         0.000         0.000         0.000         0.000         0.000
 KCAL04         0.000         0.000         0.000         0.000         0.000
 MET04          0.000         0.000         0.000         0.000         0.000
 SMOKE04        0.000         0.000         0.000         0.000         0.000
 Q1             0.000         0.000         0.000         0.000         0.000
 Q2             0.000         0.000         0.000         0.000         0.000
 Q3             0.000         0.000         0.000         0.000         0.000
 EDUC04         0.000         0.000         0.000         0.000         0.000
 SYSTO04        0.000         0.000         0.000         0.000         0.000
 DIASTO04       0.000         0.000         0.000         0.000         0.000


           BETA
              GENDER        KCAL04        MET04         SMOKE04       Q1
              ________      ________      ________      ________      ________
 IB             0.000         0.000         0.000         0.000         0.000
 SB             0.000         0.000         0.000         0.000         0.000
 ID             0.000         0.000         0.000         0.000         0.000
 SD             0.000         0.000         0.000         0.000         0.000
 AGE04          0.000         0.000         0.000         0.000         0.000
 GENDER         0.000         0.000         0.000         0.000         0.000
 KCAL04         0.000         0.000         0.000         0.000         0.000
 MET04          0.000         0.000         0.000         0.000         0.000
 SMOKE04        0.000         0.000         0.000         0.000         0.000
 Q1             0.000         0.000         0.000         0.000         0.000
 Q2             0.000         0.000         0.000         0.000         0.000
 Q3             0.000         0.000         0.000         0.000         0.000
 EDUC04         0.000         0.000         0.000         0.000         0.000
 SYSTO04        0.000         0.000         0.000         0.000         0.000
 DIASTO04       0.000         0.000         0.000         0.000         0.000


           BETA
              Q2            Q3            EDUC04        SYSTO04       DIASTO04
              ________      ________      ________      ________      ________
 IB             0.000         0.000         0.000         0.000         0.000
 SB             0.000         0.000         0.000         0.000         0.000
 ID             0.000         0.000         0.000         0.000         0.000
 SD             0.000         0.000         0.000         0.000         0.000
 AGE04          0.000         0.000         0.000         0.000         0.000
 GENDER         0.000         0.000         0.000         0.000         0.000
 KCAL04         0.000         0.000         0.000         0.000         0.000
 MET04          0.000         0.000         0.000         0.000         0.000
 SMOKE04        0.000         0.000         0.000         0.000         0.000
 Q1             0.000         0.000         0.000         0.000         0.000
 Q2             0.000         0.000         0.000         0.000         0.000
 Q3             0.000         0.000         0.000         0.000         0.000
 EDUC04         0.000         0.000         0.000         0.000         0.000
 SYSTO04        0.000         0.000         0.000         0.000         0.000
 DIASTO04       0.000         0.000         0.000         0.000         0.000


           PSI
              IB            SB            ID            SD            AGE04
              ________      ________      ________      ________      ________
 IB            11.513
 SB             0.000         0.570
 ID             0.000         0.000        82.962
 SD             0.000         0.000         0.000        18.488
 AGE04          0.000         0.000         0.000         0.000       117.749
 GENDER         0.000         0.000         0.000         0.000         0.000
 KCAL04         0.000         0.000         0.000         0.000         0.000
 MET04          0.000         0.000         0.000         0.000         0.000
 SMOKE04        0.000         0.000         0.000         0.000         0.000
 Q1             0.000         0.000         0.000         0.000         0.000
 Q2             0.000         0.000         0.000         0.000         0.000
 Q3             0.000         0.000         0.000         0.000         0.000
 EDUC04         0.000         0.000         0.000         0.000         0.000
 SYSTO04        0.000         0.000         0.000         0.000         0.000
 DIASTO04       0.000         0.000         0.000         0.000         0.000


           PSI
              GENDER        KCAL04        MET04         SMOKE04       Q1
              ________      ________      ________      ________      ________
 GENDER         0.125
 KCAL04         0.000    229144.438
 MET04          0.000         0.000      6315.442
 SMOKE04        0.000         0.000         0.000         0.138
 Q1             0.000         0.000         0.000         0.000         0.094
 Q2             0.000         0.000         0.000         0.000         0.000
 Q3             0.000         0.000         0.000         0.000         0.000
 EDUC04         0.000         0.000         0.000         0.000         0.000
 SYSTO04        0.000         0.000         0.000         0.000         0.000
 DIASTO04       0.000         0.000         0.000         0.000         0.000


           PSI
              Q2            Q3            EDUC04        SYSTO04       DIASTO04
              ________      ________      ________      ________      ________
 Q2             0.094
 Q3             0.000         0.094
 EDUC04         0.000         0.000         0.876
 SYSTO04        0.000         0.000         0.000       171.913
 DIASTO04       0.000         0.000         0.000         0.000        63.046


DIAGRAM INFORMATION

  Use View Diagram under the Diagram menu in the Mplus Editor to view the diagram.
  If running Mplus from the Mplus Diagrammer, the diagram opens automatically.

  Diagram output
    c:\users\likai\documents\git_repo\dqmedi\mplus\longitudinal\dqd bmi no mediation - model fit.dgm

     Beginning Time:  22:43:42
        Ending Time:  22:44:08
       Elapsed Time:  00:00:26



MUTHEN & MUTHEN
3463 Stoner Ave.
Los Angeles, CA  90066

Tel: (310) 391-9971
Fax: (310) 391-8971
Web: www.StatModel.com
Support: Support@StatModel.com

Copyright (c) 1998-2015 Muthen & Muthen
