Mplus VERSION 7.4
MUTHEN & MUTHEN
05/16/2019   1:18 PM

INPUT INSTRUCTIONS

  DATA: File is id0411 mplus.csv;

  VARIABLE: Names are IDind WAVE hhid t2 commid age04
                      kcal04 carbo04 fat04 protn04 bmi04
                      hwr04 wc04 diasto04 systo04 smoke04
                      gender educ04 indinc04 index04 met04
                      cmfp04 dash04 ahei04 hbs04 lbs04 dqd04
                      age06 kcal06 carbo06 fat06 protn06 bmi06
                      hwr06 wc06 diasto06 systo06 smoke06
                      educ06 indinc06 index06 met06 cmfp06 dash06
                      ahei06 hbs06 lbs06 dqd06 age09 kcal09 carbo09
                      fat09 protn09 bmi09 hwr09 wc09 diasto09 systo09
                      smoke09 educ09 indinc09 index09 met09 cmfp09
                      dash09 ahei09 hbs09 lbs09 dqd09 age11 kcal11
                      carbo11 fat11 protn11 bmi11 hwr11 wc11 diasto11
                      systo11 smoke11 educ11 indinc11 index11 met11
                      cmfp11 dash11 ahei11 hbs11 lbs11 dqd11 q_index
                       q1 q2 q3 carbo_p protn_p fat_p;

           Usev are  age04 gender kcal04 met04
                     bmi04 bmi06 bmi09 bmi11 smoke04
                     dqd04 dqd06 dqd09 dqd11
                     educ04 systo04 diasto04 q1 q2 q3;


           Missing are all(999);


  ANALYSIS:
  Type=random;
  ALGORITHM=INTEGRATION;
  Estimator=ML;



  MODEL:
  age04 gender kcal04 met04 smoke04
  bmi04 bmi06 bmi09 bmi11 educ04 systo04 diasto04
  dqd04 dqd06 dqd09 dqd11 q1 q2 q3;

  ib sb | bmi04@0 bmi06@2 bmi09@5 bmi11@7;
  id sd | dqd04@0 dqd06@2 dqd09@5 dqd11@7;

  ib with sb;
  id with sd;

  ib-sd on q1 q2 q3 age04 gender met04 kcal04 educ04 systo04 diasto04 smoke04;

  OUTPUT: tech1 tech8 tech4 cinterval;



INPUT READING TERMINATED NORMALLY




SUMMARY OF ANALYSIS

Number of groups                                                 1
Number of observations                                        9547

Number of dependent variables                                    8
Number of independent variables                                 11
Number of continuous latent variables                            4

Observed dependent variables

  Continuous
   BMI04       BMI06       BMI09       BMI11       DQD04       DQD06
   DQD09       DQD11

Observed independent variables
   AGE04       GENDER      KCAL04      MET04       SMOKE04     EDUC04
   SYSTO04     DIASTO04    Q1          Q2          Q3

Continuous latent variables
   IB          SB          ID          SD


Estimator                                                       ML
Information matrix                                        OBSERVED
Optimization Specifications for the Quasi-Newton Algorithm for
Continuous Outcomes
  Maximum number of iterations                                 100
  Convergence criterion                                  0.100D-05
Optimization Specifications for the EM Algorithm
  Maximum number of iterations                                 500
  Convergence criteria
    Loglikelihood change                                 0.100D-02
    Relative loglikelihood change                        0.100D-05
    Derivative                                           0.100D-02
Optimization Specifications for the M step of the EM Algorithm for
Categorical Latent variables
  Number of M step iterations                                    1
  M step convergence criterion                           0.100D-02
  Basis for M step termination                           ITERATION
Optimization Specifications for the M step of the EM Algorithm for
Censored, Binary or Ordered Categorical (Ordinal), Unordered
Categorical (Nominal) and Count Outcomes
  Number of M step iterations                                    1
  M step convergence criterion                           0.100D-02
  Basis for M step termination                           ITERATION
  Maximum value for logit thresholds                            15
  Minimum value for logit thresholds                           -15
  Minimum expected cell size for chi-square              0.100D-01
Maximum number of iterations for H1                           2000
Convergence criterion for H1                             0.100D-03
Optimization algorithm                                         EMA
Integration Specifications
  Type                                                    STANDARD
  Number of integration points                                  15
  Dimensions of numerical integration                            0
  Adaptive quadrature                                           ON
Cholesky                                                       OFF

Input data file(s)
  id0411 mplus.csv
Input data format  FREE


SUMMARY OF DATA

     Number of missing data patterns           197


COVARIANCE COVERAGE OF DATA

Minimum covariance coverage value   0.100


     PROPORTION OF DATA PRESENT FOR Y


           Covariance Coverage
              BMI04         BMI06         BMI09         BMI11         DQD04
              ________      ________      ________      ________      ________
 BMI04          0.928
 BMI06          0.690         0.727
 BMI09          0.589         0.537         0.623
 BMI11          0.533         0.483         0.503         0.564
 DQD04          0.928         0.727         0.623         0.564         1.000
 DQD06          0.721         0.717         0.559         0.504         0.769
 DQD09          0.608         0.553         0.616         0.514         0.648
 DQD11          0.542         0.490         0.507         0.557         0.576
 AGE04          0.928         0.727         0.623         0.564         1.000
 GENDER         0.928         0.727         0.623         0.564         1.000
 KCAL04         0.928         0.727         0.623         0.564         1.000
 MET04          0.848         0.667         0.576         0.523         0.901
 SMOKE04        0.927         0.722         0.619         0.559         0.988
 EDUC04         0.926         0.722         0.618         0.559         0.987
 SYSTO04        0.927         0.698         0.596         0.539         0.939
 DIASTO04       0.927         0.698         0.596         0.539         0.939
 Q1             0.927         0.726         0.622         0.563         0.999
 Q2             0.927         0.726         0.622         0.563         0.999
 Q3             0.927         0.726         0.622         0.563         0.999


           Covariance Coverage
              DQD06         DQD09         DQD11         AGE04         GENDER
              ________      ________      ________      ________      ________
 DQD06          0.769
 DQD09          0.580         0.648
 DQD11          0.513         0.523         0.576
 AGE04          0.769         0.648         0.576         1.000
 GENDER         0.769         0.648         0.576         1.000         1.000
 KCAL04         0.769         0.648         0.576         1.000         1.000
 MET04          0.703         0.597         0.533         0.901         0.901
 SMOKE04        0.764         0.643         0.571         0.988         0.988
 EDUC04         0.763         0.642         0.571         0.987         0.987
 SYSTO04        0.730         0.615         0.549         0.939         0.939
 DIASTO04       0.730         0.615         0.549         0.939         0.939
 Q1             0.768         0.647         0.576         0.999         0.999
 Q2             0.768         0.647         0.576         0.999         0.999
 Q3             0.768         0.647         0.576         0.999         0.999


           Covariance Coverage
              KCAL04        MET04         SMOKE04       EDUC04        SYSTO04
              ________      ________      ________      ________      ________
 KCAL04         1.000
 MET04          0.901         0.901
 SMOKE04        0.988         0.900         0.988
 EDUC04         0.987         0.899         0.986         0.987
 SYSTO04        0.939         0.857         0.937         0.937         0.939
 DIASTO04       0.939         0.857         0.937         0.937         0.939
 Q1             0.999         0.900         0.987         0.986         0.938
 Q2             0.999         0.900         0.987         0.986         0.938
 Q3             0.999         0.900         0.987         0.986         0.938


           Covariance Coverage
              DIASTO04      Q1            Q2            Q3
              ________      ________      ________      ________
 DIASTO04       0.939
 Q1             0.938         0.999
 Q2             0.938         0.999         0.999
 Q3             0.938         0.999         0.999         0.999


     THE STANDARD ERRORS OF THE MODEL PARAMETER ESTIMATES MAY NOT BE
     TRUSTWORTHY FOR SOME PARAMETERS DUE TO A NON-POSITIVE DEFINITE
     FIRST-ORDER DERIVATIVE PRODUCT MATRIX.  THIS MAY BE DUE TO THE STARTING
     VALUES BUT MAY ALSO BE AN INDICATION OF MODEL NONIDENTIFICATION.  THE
     CONDITION NUMBER IS       0.679D-19.  PROBLEM INVOLVING THE FOLLOWING PARAMETER:
     Parameter 140, Q3 WITH DIASTO04


THE MODEL ESTIMATION TERMINATED NORMALLY



MODEL FIT INFORMATION

Number of Free Parameters                      143

Loglikelihood

          H0 Value                     -438981.836

Information Criteria

          Akaike (AIC)                  878249.673
          Bayesian (BIC)                879274.122
          Sample-Size Adjusted BIC      878819.691
            (n* = (n + 2) / 24)



MODEL RESULTS

                                                    Two-Tailed
                    Estimate       S.E.  Est./S.E.    P-Value

 IB       |
    BMI04              1.000      0.000    999.000    999.000
    BMI06              1.000      0.000    999.000    999.000
    BMI09              1.000      0.000    999.000    999.000
    BMI11              1.000      0.000    999.000    999.000

 SB       |
    BMI04              0.000      0.000    999.000    999.000
    BMI06              2.000      0.000    999.000    999.000
    BMI09              5.000      0.000    999.000    999.000
    BMI11              7.000      0.000    999.000    999.000

 ID       |
    DQD04              1.000      0.000    999.000    999.000
    DQD06              1.000      0.000    999.000    999.000
    DQD09              1.000      0.000    999.000    999.000
    DQD11              1.000      0.000    999.000    999.000

 SD       |
    DQD04              0.000      0.000    999.000    999.000
    DQD06              2.000      0.000    999.000    999.000
    DQD09              5.000      0.000    999.000    999.000
    DQD11              7.000      0.000    999.000    999.000

 IB         ON
    Q1                 0.102      0.094      1.078      0.281
    Q2                 0.676      0.098      6.883      0.000
    Q3                 0.647      0.105      6.162      0.000
    AGE04             -0.002      0.003     -0.613      0.540
    GENDER             0.375      0.086      4.379      0.000
    MET04              0.000      0.000      0.249      0.803
    KCAL04             0.000      0.000      6.652      0.000
    EDUC04             0.052      0.031      1.668      0.095
    SYSTO04            0.025      0.003      8.922      0.000
    DIASTO04           0.058      0.004     13.553      0.000
    SMOKE04           -0.359      0.077     -4.674      0.000

 SB         ON
    Q1                 0.012      0.013      0.951      0.342
    Q2                -0.008      0.014     -0.621      0.535
    Q3                -0.035      0.015     -2.319      0.020
    AGE04             -0.004      0.000     -8.878      0.000
    GENDER            -0.036      0.012     -2.953      0.003
    MET04              0.000      0.000     -0.877      0.381
    KCAL04             0.000      0.000      0.612      0.540
    EDUC04            -0.013      0.004     -2.874      0.004
    SYSTO04           -0.001      0.000     -3.529      0.000
    DIASTO04           0.000      0.001     -0.446      0.656
    SMOKE04           -0.014      0.010     -1.360      0.174

 ID         ON
    Q1                -3.820      0.207    -18.451      0.000
    Q2                -7.030      0.216    -32.529      0.000
    Q3               -10.648      0.233    -45.706      0.000
    AGE04             -0.042      0.006     -6.921      0.000
    GENDER            -1.642      0.191     -8.616      0.000
    MET04              0.000      0.001      0.303      0.762
    KCAL04             0.001      0.000      5.992      0.000
    EDUC04            -1.134      0.070    -16.298      0.000
    SYSTO04           -0.008      0.006     -1.250      0.211
    DIASTO04           0.022      0.010      2.253      0.024
    SMOKE04            0.222      0.174      1.275      0.202

 SD         ON
    Q1                -0.099      0.046     -2.141      0.032
    Q2                 0.068      0.049      1.368      0.171
    Q3                 0.127      0.054      2.353      0.019
    AGE04              0.004      0.001      2.955      0.003
    GENDER            -0.082      0.044     -1.851      0.064
    MET04              0.000      0.000      0.936      0.349
    KCAL04             0.000      0.000     -2.654      0.008
    EDUC04             0.036      0.016      2.217      0.027
    SYSTO04            0.001      0.001      0.711      0.477
    DIASTO04          -0.003      0.002     -1.326      0.185
    SMOKE04           -0.025      0.040     -0.639      0.523

 IB       WITH
    SB                -0.093      0.020     -4.665      0.000

 ID       WITH
    SD                -0.774      0.193     -4.016      0.000
    IB                 0.325      0.237      1.371      0.170
    SB                 0.116      0.033      3.531      0.000

 SD       WITH
    IB                 0.099      0.055      1.815      0.070
    SB                -0.012      0.007     -1.775      0.076

 GENDER   WITH
    AGE04              0.199      0.078      2.532      0.011

 KCAL04   WITH
    AGE04          -1363.375    107.236    -12.714      0.000
    GENDER           -91.666      3.587    -25.558      0.000

 MET04    WITH
    AGE04           -420.181     19.850    -21.168      0.000
    GENDER            -8.121      0.609    -13.326      0.000
    KCAL04         15937.022    840.614     18.959      0.000

 SMOKE04  WITH
    AGE04              0.283      0.083      3.406      0.001
    GENDER            -0.150      0.003    -48.390      0.000
    KCAL04            57.559      3.701     15.550      0.000
    MET04              4.834      0.634      7.624      0.000

 EDUC04   WITH
    AGE04             -8.197      0.226    -36.330      0.000
    GENDER            -0.129      0.007    -18.688      0.000
    KCAL04            78.821      9.249      8.522      0.000
    MET04             -1.601      1.605     -0.997      0.319
    SMOKE04            0.042      0.007      5.817      0.000

 SYSTO04  WITH
    AGE04            117.510      3.251     36.146      0.000
    GENDER            -0.814      0.098     -8.323      0.000
    KCAL04          -956.355    133.083     -7.186      0.000
    MET04           -277.063     23.388    -11.846      0.000
    SMOKE04            0.674      0.102      6.575      0.000
    EDUC04            -3.734      0.262    -14.280      0.000

 DIASTO04 WITH
    AGE04             35.869      1.871     19.170      0.000
    GENDER            -0.691      0.060    -11.604      0.000
    KCAL04          -284.312     80.635     -3.526      0.000
    MET04            -84.639     13.992     -6.049      0.000
    SMOKE04            0.448      0.062      7.208      0.000
    EDUC04            -0.815      0.157     -5.189      0.000
    SYSTO04          148.438      2.709     54.795      0.000

 Q1       WITH
    AGE04             -0.282      0.068     -4.145      0.000
    GENDER            -0.002      0.002     -0.833      0.405
    KCAL04            13.589      3.004      4.523      0.000
    MET04              5.236      0.522     10.040      0.000
    SMOKE04            0.003      0.002      1.376      0.169
    EDUC04            -0.090      0.006    -15.115      0.000
    SYSTO04           -0.170      0.084     -2.008      0.045
    DIASTO04          -0.067      0.051     -1.313      0.189

 Q2       WITH
    AGE04              0.044      0.068      0.643      0.520
    GENDER             0.000      0.002      0.202      0.840
    KCAL04            -6.237      3.001     -2.078      0.038
    MET04             -5.769      0.529    -10.901      0.000
    SMOKE04            0.001      0.002      0.566      0.572
    EDUC04             0.025      0.006      4.294      0.000
    SYSTO04            0.392      0.084      4.648      0.000
    DIASTO04           0.366      0.051      7.141      0.000
    Q1                -0.063      0.002    -30.889      0.000

 Q3       WITH
    AGE04              0.451      0.068      6.607      0.000
    GENDER             0.003      0.002      1.316      0.188
    KCAL04           -19.122      3.008     -6.358      0.000
    MET04             -9.892      0.534    -18.519      0.000
    SMOKE04           -0.007      0.002     -3.053      0.002
    EDUC04             0.183      0.006     29.488      0.000
    SYSTO04            0.342      0.084      4.071      0.000
    DIASTO04          -0.011      0.051     -0.211      0.833
    Q1                -0.063      0.002    -30.878      0.000
    Q2                -0.062      0.002    -30.850      0.000

 Means
    AGE04             47.385      0.157    301.706      0.000
    GENDER             1.519      0.005    297.033      0.000
    KCAL04          2188.497      6.928    315.871      0.000
    MET04            116.550      1.209     96.392      0.000
    SMOKE04            0.335      0.005     61.995      0.000
    EDUC04             1.727      0.014    126.910      0.000
    SYSTO04          122.077      0.195    625.752      0.000
    DIASTO04          78.639      0.118    664.362      0.000
    Q1                 0.250      0.004     56.364      0.000
    Q2                 0.250      0.004     56.410      0.000
    Q3                 0.250      0.004     56.446      0.000

 Intercepts
    BMI04              0.000      0.000    999.000    999.000
    BMI06              0.000      0.000    999.000    999.000
    BMI09              0.000      0.000    999.000    999.000
    BMI11              0.000      0.000    999.000    999.000
    DQD04              0.000      0.000    999.000    999.000
    DQD06              0.000      0.000    999.000    999.000
    DQD09              0.000      0.000    999.000    999.000
    DQD11              0.000      0.000    999.000    999.000
    IB                13.814      0.373     36.991      0.000
    SB                 0.513      0.054      9.522      0.000
    ID                48.707      0.837     58.213      0.000
    SD                -0.446      0.196     -2.274      0.023

 Variances
    AGE04            235.499      3.409     69.091      0.000
    GENDER             0.250      0.004     69.091      0.000
    KCAL04         *********   6633.166     69.091      0.000
    MET04          12717.729    194.889     65.256      0.000
    SMOKE04            0.276      0.004     68.711      0.000
    EDUC04             1.754      0.026     68.647      0.000
    SYSTO04          345.123      5.165     66.817      0.000
    DIASTO04         126.189      1.886     66.908      0.000
    Q1                 0.188      0.003     69.055      0.000
    Q2                 0.188      0.003     69.061      0.000
    Q3                 0.188      0.003     69.025      0.000

 Residual Variances
    BMI04              0.969      0.072     13.485      0.000
    BMI06              3.132      0.070     44.839      0.000
    BMI09              1.532      0.071     21.537      0.000
    BMI11             13.582      0.292     46.486      0.000
    DQD04             49.327      1.214     40.626      0.000
    DQD06             47.112      0.946     49.807      0.000
    DQD09             48.033      1.062     45.232      0.000
    DQD11             47.756      1.464     32.630      0.000
    IB                 9.114      0.161     56.683      0.000
    SB                 0.046      0.004     10.736      0.000
    ID                14.662      1.011     14.496      0.000
    SD                 0.272      0.049      5.557      0.000


QUALITY OF NUMERICAL RESULTS

     Condition Number for the Information Matrix              0.679E-19
       (ratio of smallest to largest eigenvalue)


CONFIDENCE INTERVALS OF MODEL RESULTS

                  Lower .5%  Lower 2.5%    Lower 5%    Estimate    Upper 5%  Upper 2.5%   Upper .5%

 IB       |
    BMI04            1.000       1.000       1.000       1.000       1.000       1.000       1.000
    BMI06            1.000       1.000       1.000       1.000       1.000       1.000       1.000
    BMI09            1.000       1.000       1.000       1.000       1.000       1.000       1.000
    BMI11            1.000       1.000       1.000       1.000       1.000       1.000       1.000

 SB       |
    BMI04            0.000       0.000       0.000       0.000       0.000       0.000       0.000
    BMI06            2.000       2.000       2.000       2.000       2.000       2.000       2.000
    BMI09            5.000       5.000       5.000       5.000       5.000       5.000       5.000
    BMI11            7.000       7.000       7.000       7.000       7.000       7.000       7.000

 ID       |
    DQD04            1.000       1.000       1.000       1.000       1.000       1.000       1.000
    DQD06            1.000       1.000       1.000       1.000       1.000       1.000       1.000
    DQD09            1.000       1.000       1.000       1.000       1.000       1.000       1.000
    DQD11            1.000       1.000       1.000       1.000       1.000       1.000       1.000

 SD       |
    DQD04            0.000       0.000       0.000       0.000       0.000       0.000       0.000
    DQD06            2.000       2.000       2.000       2.000       2.000       2.000       2.000
    DQD09            5.000       5.000       5.000       5.000       5.000       5.000       5.000
    DQD11            7.000       7.000       7.000       7.000       7.000       7.000       7.000

 IB       ON
    Q1              -0.141      -0.083      -0.053       0.102       0.257       0.286       0.344
    Q2               0.423       0.483       0.514       0.676       0.838       0.868       0.929
    Q3               0.377       0.442       0.475       0.647       0.820       0.853       0.918
    AGE04           -0.009      -0.007      -0.006      -0.002       0.003       0.004       0.005
    GENDER           0.154       0.207       0.234       0.375       0.515       0.542       0.595
    MET04           -0.001      -0.001       0.000       0.000       0.001       0.001       0.001
    KCAL04           0.000       0.000       0.000       0.000       0.000       0.000       0.000
    EDUC04          -0.028      -0.009       0.001       0.052       0.103       0.113       0.132
    SYSTO04          0.018       0.019       0.020       0.025       0.029       0.030       0.032
    DIASTO04         0.047       0.050       0.051       0.058       0.065       0.067       0.069
    SMOKE04         -0.557      -0.510      -0.485      -0.359      -0.233      -0.208      -0.161

 SB       ON
    Q1              -0.021      -0.013      -0.009       0.012       0.033       0.037       0.045
    Q2              -0.043      -0.035      -0.031      -0.008       0.014       0.018       0.027
    Q3              -0.073      -0.064      -0.059      -0.035      -0.010      -0.005       0.004
    AGE04           -0.005      -0.004      -0.004      -0.004      -0.003      -0.003      -0.003
    GENDER          -0.067      -0.059      -0.056      -0.036      -0.016      -0.012      -0.005
    MET04            0.000       0.000       0.000       0.000       0.000       0.000       0.000
    KCAL04           0.000       0.000       0.000       0.000       0.000       0.000       0.000
    EDUC04          -0.024      -0.022      -0.020      -0.013      -0.005      -0.004      -0.001
    SYSTO04         -0.002      -0.002      -0.002      -0.001      -0.001      -0.001       0.000
    DIASTO04        -0.002      -0.001      -0.001       0.000       0.001       0.001       0.001
    SMOKE04         -0.041      -0.035      -0.031      -0.014       0.003       0.006       0.013

 ID       ON
    Q1              -4.353      -4.226      -4.160      -3.820      -3.479      -3.414      -3.287
    Q2              -7.586      -7.453      -7.385      -7.030      -6.674      -6.606      -6.473
    Q3             -11.248     -11.104     -11.031     -10.648     -10.265     -10.191     -10.048
    AGE04           -0.058      -0.054      -0.052      -0.042      -0.032      -0.030      -0.026
    GENDER          -2.133      -2.016      -1.956      -1.642      -1.329      -1.269      -1.151
    MET04           -0.002      -0.001      -0.001       0.000       0.001       0.002       0.002
    KCAL04           0.000       0.000       0.001       0.001       0.001       0.001       0.001
    EDUC04          -1.314      -1.271      -1.249      -1.134      -1.020      -0.998      -0.955
    SYSTO04         -0.024      -0.020      -0.018      -0.008       0.002       0.004       0.008
    DIASTO04        -0.003       0.003       0.006       0.022       0.038       0.041       0.047
    SMOKE04         -0.226      -0.119      -0.064       0.222       0.507       0.562       0.669

 SD       ON
    Q1              -0.218      -0.190      -0.175      -0.099      -0.023      -0.008       0.020
    Q2              -0.060      -0.029      -0.014       0.068       0.149       0.164       0.195
    Q3              -0.012       0.021       0.038       0.127       0.217       0.234       0.267
    AGE04            0.001       0.001       0.002       0.004       0.007       0.007       0.008
    GENDER          -0.195      -0.168      -0.154      -0.082      -0.009       0.005       0.032
    MET04            0.000       0.000       0.000       0.000       0.000       0.000       0.001
    KCAL04           0.000       0.000       0.000       0.000       0.000       0.000       0.000
    EDUC04          -0.006       0.004       0.009       0.036       0.063       0.068       0.078
    SYSTO04         -0.003      -0.002      -0.001       0.001       0.003       0.004       0.005
    DIASTO04        -0.009      -0.007      -0.007      -0.003       0.001       0.001       0.003
    SMOKE04         -0.127      -0.103      -0.090      -0.025       0.040       0.052       0.077

 IB       WITH
    SB              -0.144      -0.132      -0.125      -0.093      -0.060      -0.054      -0.042

 ID       WITH
    SD              -1.271      -1.152      -1.091      -0.774      -0.457      -0.396      -0.278
    IB              -0.286      -0.140      -0.065       0.325       0.716       0.790       0.937
    SB               0.031       0.052       0.062       0.116       0.171       0.181       0.201

 SD       WITH
    IB              -0.042      -0.008       0.009       0.099       0.189       0.207       0.240
    SB              -0.030      -0.026      -0.024      -0.012      -0.001       0.001       0.006

 GENDER   WITH
    AGE04           -0.003       0.045       0.070       0.199       0.328       0.353       0.401

 KCAL04   WITH
    AGE04        -1639.592   -1573.556   -1539.777   -1363.375   -1186.972   -1153.193   -1087.157
    GENDER        -100.904     -98.695     -97.566     -91.666     -85.766     -84.636     -82.427

 MET04    WITH
    AGE04         -471.311    -459.087    -452.834    -420.181    -387.527    -381.275    -369.051
    GENDER          -9.690      -9.315      -9.123      -8.121      -7.118      -6.926      -6.551
    KCAL04       13771.770   14289.420   14554.213   15937.022   17319.832   17584.625   18102.275

 SMOKE04  WITH
    AGE04            0.069       0.120       0.146       0.283       0.420       0.446       0.497
    GENDER          -0.158      -0.156      -0.155      -0.150      -0.145      -0.144      -0.142
    KCAL04          48.025      50.304      51.470      57.559      63.648      64.814      67.093
    MET04            3.201       3.591       3.791       4.834       5.877       6.076       6.467

 EDUC04   WITH
    AGE04           -8.778      -8.639      -8.568      -8.197      -7.826      -7.755      -7.616
    GENDER          -0.147      -0.143      -0.141      -0.129      -0.118      -0.116      -0.112
    KCAL04          54.997      60.693      63.606      78.821      94.036      96.950     102.646
    MET04           -5.734      -4.746      -4.241      -1.601       1.039       1.545       2.533
    SMOKE04          0.023       0.028       0.030       0.042       0.054       0.056       0.060

 SYSTO04  WITH
    AGE04          109.136     111.138     112.162     117.510     122.858     123.882     125.884
    GENDER          -1.066      -1.006      -0.975      -0.814      -0.653      -0.622      -0.562
    KCAL04       -1299.151   -1217.198   -1175.277    -956.355    -737.432    -695.511    -613.558
    MET04         -337.307    -322.904    -315.537    -277.063    -238.590    -231.222    -216.820
    SMOKE04          0.410       0.473       0.505       0.674       0.842       0.874       0.938
    EDUC04          -4.408      -4.247      -4.165      -3.734      -3.304      -3.222      -3.061

 DIASTO04 WITH
    AGE04           31.049      32.202      32.791      35.869      38.947      39.537      40.689
    GENDER          -0.844      -0.808      -0.789      -0.691      -0.593      -0.574      -0.538
    KCAL04        -492.011    -442.356    -416.956    -284.312    -151.668    -126.268     -76.613
    MET04         -120.681    -112.064    -107.657     -84.639     -61.622     -57.214     -48.598
    SMOKE04          0.288       0.326       0.346       0.448       0.550       0.569       0.608
    EDUC04          -1.219      -1.122      -1.073      -0.815      -0.556      -0.507      -0.410
    SYSTO04        141.460     143.128     143.982     148.438     152.894     153.748     155.416

 Q1       WITH
    AGE04           -0.458      -0.416      -0.394      -0.282      -0.170      -0.149      -0.107
    GENDER          -0.008      -0.006      -0.005      -0.002       0.002       0.002       0.004
    KCAL04           5.851       7.701       8.647      13.589      18.531      19.477      21.327
    MET04            3.893       4.214       4.378       5.236       6.094       6.258       6.579
    SMOKE04         -0.003      -0.001      -0.001       0.003       0.007       0.008       0.009
    EDUC04          -0.106      -0.102      -0.100      -0.090      -0.080      -0.079      -0.075
    SYSTO04         -0.387      -0.335      -0.309      -0.170      -0.031      -0.004       0.048
    DIASTO04        -0.199      -0.168      -0.152      -0.067       0.017       0.033       0.065

 Q2       WITH
    AGE04           -0.131      -0.090      -0.068       0.044       0.156       0.177       0.219
    GENDER          -0.005      -0.004      -0.003       0.000       0.004       0.005       0.006
    KCAL04         -13.968     -12.119     -11.174      -6.237      -1.299      -0.354       1.495
    MET04           -7.132      -6.807      -6.640      -5.769      -4.899      -4.732      -4.406
    SMOKE04         -0.005      -0.003      -0.003       0.001       0.005       0.006       0.007
    EDUC04           0.010       0.014       0.016       0.025       0.035       0.037       0.041
    SYSTO04          0.175       0.227       0.253       0.392       0.531       0.558       0.610
    DIASTO04         0.234       0.266       0.282       0.366       0.451       0.467       0.498
    Q1              -0.068      -0.066      -0.066      -0.063      -0.059      -0.059      -0.057

 Q3       WITH
    AGE04            0.275       0.317       0.338       0.451       0.563       0.584       0.626
    GENDER          -0.003      -0.001      -0.001       0.003       0.007       0.007       0.009
    KCAL04         -26.869     -25.017     -24.070     -19.122     -14.174     -13.227     -11.375
    MET04          -11.268     -10.939     -10.771      -9.892      -9.014      -8.845      -8.516
    SMOKE04         -0.013      -0.012      -0.011      -0.007      -0.003      -0.003      -0.001
    EDUC04           0.167       0.170       0.172       0.183       0.193       0.195       0.198
    SYSTO04          0.126       0.177       0.204       0.342       0.480       0.506       0.558
    DIASTO04        -0.142      -0.110      -0.094      -0.011       0.073       0.089       0.120
    Q1              -0.068      -0.067      -0.066      -0.063      -0.059      -0.059      -0.057
    Q2              -0.068      -0.066      -0.066      -0.062      -0.059      -0.058      -0.057

 Means
    AGE04           46.981      47.078      47.127      47.385      47.644      47.693      47.790
    GENDER           1.506       1.509       1.510       1.519       1.527       1.529       1.532
    KCAL04        2170.651    2174.917    2177.100    2188.497    2199.894    2202.077    2206.343
    MET04          113.436     114.181     114.561     116.550     118.539     118.920     119.665
    SMOKE04          0.321       0.324       0.326       0.335       0.344       0.345       0.349
    EDUC04           1.692       1.701       1.705       1.727       1.750       1.754       1.762
    SYSTO04        121.574     121.694     121.756     122.077     122.398     122.459     122.579
    DIASTO04        78.335      78.407      78.445      78.639      78.834      78.871      78.944
    Q1               0.238       0.241       0.243       0.250       0.257       0.259       0.261
    Q2               0.239       0.241       0.243       0.250       0.257       0.259       0.262
    Q3               0.239       0.242       0.243       0.250       0.258       0.259       0.262

 Intercepts
    BMI04            0.000       0.000       0.000       0.000       0.000       0.000       0.000
    BMI06            0.000       0.000       0.000       0.000       0.000       0.000       0.000
    BMI09            0.000       0.000       0.000       0.000       0.000       0.000       0.000
    BMI11            0.000       0.000       0.000       0.000       0.000       0.000       0.000
    DQD04            0.000       0.000       0.000       0.000       0.000       0.000       0.000
    DQD06            0.000       0.000       0.000       0.000       0.000       0.000       0.000
    DQD09            0.000       0.000       0.000       0.000       0.000       0.000       0.000
    DQD11            0.000       0.000       0.000       0.000       0.000       0.000       0.000
    IB              12.852      13.082      13.200      13.814      14.428      14.546      14.776
    SB               0.374       0.408       0.424       0.513       0.602       0.619       0.652
    ID              46.552      47.067      47.331      48.707      50.083      50.347      50.862
    SD              -0.951      -0.830      -0.768      -0.446      -0.123      -0.062       0.059

 Variances
    AGE04          226.719     228.818     229.892     235.499     241.106     242.180     244.279
    GENDER           0.240       0.243       0.244       0.250       0.256       0.257       0.259
    KCAL04       *********  445287.875  447377.312  458288.875  469200.438  471289.875  475374.594
    MET04        12215.734   12335.747   12397.137   12717.729   13038.320   13099.710   13219.723
    SMOKE04          0.266       0.268       0.269       0.276       0.283       0.284       0.286
    EDUC04           1.688       1.704       1.712       1.754       1.796       1.804       1.819
    SYSTO04        331.818     334.999     336.626     345.123     353.620     355.247     358.427
    DIASTO04       121.331     122.492     123.086     126.189     129.291     129.885     131.047
    Q1               0.181       0.182       0.183       0.188       0.192       0.193       0.195
    Q2               0.181       0.182       0.183       0.188       0.192       0.193       0.195
    Q3               0.181       0.182       0.183       0.188       0.192       0.193       0.195

 Residual Variances
    BMI04            0.784       0.828       0.851       0.969       1.087       1.110       1.154
    BMI06            2.952       2.995       3.017       3.132       3.247       3.269       3.312
    BMI09            1.349       1.393       1.415       1.532       1.649       1.671       1.715
    BMI11           12.829      13.009      13.101      13.582      14.062      14.154      14.334
    DQD04           46.199      46.947      47.330      49.327      51.324      51.707      52.454
    DQD06           44.676      45.258      45.556      47.112      48.668      48.966      49.548
    DQD09           45.297      45.951      46.286      48.033      49.780      50.114      50.768
    DQD11           43.986      44.887      45.348      47.756      50.163      50.624      51.526
    IB               8.700       8.799       8.850       9.114       9.379       9.429       9.528
    SB               0.035       0.038       0.039       0.046       0.053       0.054       0.057
    ID              12.057      12.680      12.999      14.662      16.326      16.645      17.268
    SD               0.146       0.176       0.192       0.272       0.353       0.368       0.399


TECHNICAL 1 OUTPUT


     PARAMETER SPECIFICATION


           NU
              BMI04         BMI06         BMI09         BMI11         DQD04
              ________      ________      ________      ________      ________
 1                  0             0             0             0             0


           NU
              DQD06         DQD09         DQD11         AGE04         GENDER
              ________      ________      ________      ________      ________
 1                  0             0             0             0             0


           NU
              KCAL04        MET04         SMOKE04       EDUC04        SYSTO04
              ________      ________      ________      ________      ________
 1                  0             0             0             0             0


           NU
              DIASTO04      Q1            Q2            Q3
              ________      ________      ________      ________
 1                  0             0             0             0


           LAMBDA
              IB            SB            ID            SD            AGE04
              ________      ________      ________      ________      ________
 BMI04              0             0             0             0             0
 BMI06              0             0             0             0             0
 BMI09              0             0             0             0             0
 BMI11              0             0             0             0             0
 DQD04              0             0             0             0             0
 DQD06              0             0             0             0             0
 DQD09              0             0             0             0             0
 DQD11              0             0             0             0             0
 AGE04              0             0             0             0             0
 GENDER             0             0             0             0             0
 KCAL04             0             0             0             0             0
 MET04              0             0             0             0             0
 SMOKE04            0             0             0             0             0
 EDUC04             0             0             0             0             0
 SYSTO04            0             0             0             0             0
 DIASTO04           0             0             0             0             0
 Q1                 0             0             0             0             0
 Q2                 0             0             0             0             0
 Q3                 0             0             0             0             0


           LAMBDA
              GENDER        KCAL04        MET04         SMOKE04       EDUC04
              ________      ________      ________      ________      ________
 BMI04              0             0             0             0             0
 BMI06              0             0             0             0             0
 BMI09              0             0             0             0             0
 BMI11              0             0             0             0             0
 DQD04              0             0             0             0             0
 DQD06              0             0             0             0             0
 DQD09              0             0             0             0             0
 DQD11              0             0             0             0             0
 AGE04              0             0             0             0             0
 GENDER             0             0             0             0             0
 KCAL04             0             0             0             0             0
 MET04              0             0             0             0             0
 SMOKE04            0             0             0             0             0
 EDUC04             0             0             0             0             0
 SYSTO04            0             0             0             0             0
 DIASTO04           0             0             0             0             0
 Q1                 0             0             0             0             0
 Q2                 0             0             0             0             0
 Q3                 0             0             0             0             0


           LAMBDA
              SYSTO04       DIASTO04      Q1            Q2            Q3
              ________      ________      ________      ________      ________
 BMI04              0             0             0             0             0
 BMI06              0             0             0             0             0
 BMI09              0             0             0             0             0
 BMI11              0             0             0             0             0
 DQD04              0             0             0             0             0
 DQD06              0             0             0             0             0
 DQD09              0             0             0             0             0
 DQD11              0             0             0             0             0
 AGE04              0             0             0             0             0
 GENDER             0             0             0             0             0
 KCAL04             0             0             0             0             0
 MET04              0             0             0             0             0
 SMOKE04            0             0             0             0             0
 EDUC04             0             0             0             0             0
 SYSTO04            0             0             0             0             0
 DIASTO04           0             0             0             0             0
 Q1                 0             0             0             0             0
 Q2                 0             0             0             0             0
 Q3                 0             0             0             0             0


           THETA
              BMI04         BMI06         BMI09         BMI11         DQD04
              ________      ________      ________      ________      ________
 BMI04              1
 BMI06              0             2
 BMI09              0             0             3
 BMI11              0             0             0             4
 DQD04              0             0             0             0             5
 DQD06              0             0             0             0             0
 DQD09              0             0             0             0             0
 DQD11              0             0             0             0             0
 AGE04              0             0             0             0             0
 GENDER             0             0             0             0             0
 KCAL04             0             0             0             0             0
 MET04              0             0             0             0             0
 SMOKE04            0             0             0             0             0
 EDUC04             0             0             0             0             0
 SYSTO04            0             0             0             0             0
 DIASTO04           0             0             0             0             0
 Q1                 0             0             0             0             0
 Q2                 0             0             0             0             0
 Q3                 0             0             0             0             0


           THETA
              DQD06         DQD09         DQD11         AGE04         GENDER
              ________      ________      ________      ________      ________
 DQD06              6
 DQD09              0             7
 DQD11              0             0             8
 AGE04              0             0             0             0
 GENDER             0             0             0             0             0
 KCAL04             0             0             0             0             0
 MET04              0             0             0             0             0
 SMOKE04            0             0             0             0             0
 EDUC04             0             0             0             0             0
 SYSTO04            0             0             0             0             0
 DIASTO04           0             0             0             0             0
 Q1                 0             0             0             0             0
 Q2                 0             0             0             0             0
 Q3                 0             0             0             0             0


           THETA
              KCAL04        MET04         SMOKE04       EDUC04        SYSTO04
              ________      ________      ________      ________      ________
 KCAL04             0
 MET04              0             0
 SMOKE04            0             0             0
 EDUC04             0             0             0             0
 SYSTO04            0             0             0             0             0
 DIASTO04           0             0             0             0             0
 Q1                 0             0             0             0             0
 Q2                 0             0             0             0             0
 Q3                 0             0             0             0             0


           THETA
              DIASTO04      Q1            Q2            Q3
              ________      ________      ________      ________
 DIASTO04           0
 Q1                 0             0
 Q2                 0             0             0
 Q3                 0             0             0             0


           ALPHA
              IB            SB            ID            SD            AGE04
              ________      ________      ________      ________      ________
 1                  9            10            11            12            13


           ALPHA
              GENDER        KCAL04        MET04         SMOKE04       EDUC04
              ________      ________      ________      ________      ________
 1                 14            15            16            17            18


           ALPHA
              SYSTO04       DIASTO04      Q1            Q2            Q3
              ________      ________      ________      ________      ________
 1                 19            20            21            22            23


           BETA
              IB            SB            ID            SD            AGE04
              ________      ________      ________      ________      ________
 IB                 0             0             0             0            24
 SB                 0             0             0             0            35
 ID                 0             0             0             0            46
 SD                 0             0             0             0            57
 AGE04              0             0             0             0             0
 GENDER             0             0             0             0             0
 KCAL04             0             0             0             0             0
 MET04              0             0             0             0             0
 SMOKE04            0             0             0             0             0
 EDUC04             0             0             0             0             0
 SYSTO04            0             0             0             0             0
 DIASTO04           0             0             0             0             0
 Q1                 0             0             0             0             0
 Q2                 0             0             0             0             0
 Q3                 0             0             0             0             0


           BETA
              GENDER        KCAL04        MET04         SMOKE04       EDUC04
              ________      ________      ________      ________      ________
 IB                25            26            27            28            29
 SB                36            37            38            39            40
 ID                47            48            49            50            51
 SD                58            59            60            61            62
 AGE04              0             0             0             0             0
 GENDER             0             0             0             0             0
 KCAL04             0             0             0             0             0
 MET04              0             0             0             0             0
 SMOKE04            0             0             0             0             0
 EDUC04             0             0             0             0             0
 SYSTO04            0             0             0             0             0
 DIASTO04           0             0             0             0             0
 Q1                 0             0             0             0             0
 Q2                 0             0             0             0             0
 Q3                 0             0             0             0             0


           BETA
              SYSTO04       DIASTO04      Q1            Q2            Q3
              ________      ________      ________      ________      ________
 IB                30            31            32            33            34
 SB                41            42            43            44            45
 ID                52            53            54            55            56
 SD                63            64            65            66            67
 AGE04              0             0             0             0             0
 GENDER             0             0             0             0             0
 KCAL04             0             0             0             0             0
 MET04              0             0             0             0             0
 SMOKE04            0             0             0             0             0
 EDUC04             0             0             0             0             0
 SYSTO04            0             0             0             0             0
 DIASTO04           0             0             0             0             0
 Q1                 0             0             0             0             0
 Q2                 0             0             0             0             0
 Q3                 0             0             0             0             0


           PSI
              IB            SB            ID            SD            AGE04
              ________      ________      ________      ________      ________
 IB                68
 SB                69            70
 ID                71            72            73
 SD                74            75            76            77
 AGE04              0             0             0             0            78
 GENDER             0             0             0             0            79
 KCAL04             0             0             0             0            81
 MET04              0             0             0             0            84
 SMOKE04            0             0             0             0            88
 EDUC04             0             0             0             0            93
 SYSTO04            0             0             0             0            99
 DIASTO04           0             0             0             0           106
 Q1                 0             0             0             0           114
 Q2                 0             0             0             0           123
 Q3                 0             0             0             0           133


           PSI
              GENDER        KCAL04        MET04         SMOKE04       EDUC04
              ________      ________      ________      ________      ________
 GENDER            80
 KCAL04            82            83
 MET04             85            86            87
 SMOKE04           89            90            91            92
 EDUC04            94            95            96            97            98
 SYSTO04          100           101           102           103           104
 DIASTO04         107           108           109           110           111
 Q1               115           116           117           118           119
 Q2               124           125           126           127           128
 Q3               134           135           136           137           138


           PSI
              SYSTO04       DIASTO04      Q1            Q2            Q3
              ________      ________      ________      ________      ________
 SYSTO04          105
 DIASTO04         112           113
 Q1               120           121           122
 Q2               129           130           131           132
 Q3               139           140           141           142           143


     STARTING VALUES


           NU
              BMI04         BMI06         BMI09         BMI11         DQD04
              ________      ________      ________      ________      ________
 1              0.000         0.000         0.000         0.000         0.000


           NU
              DQD06         DQD09         DQD11         AGE04         GENDER
              ________      ________      ________      ________      ________
 1              0.000         0.000         0.000         0.000         0.000


           NU
              KCAL04        MET04         SMOKE04       EDUC04        SYSTO04
              ________      ________      ________      ________      ________
 1              0.000         0.000         0.000         0.000         0.000


           NU
              DIASTO04      Q1            Q2            Q3
              ________      ________      ________      ________
 1              0.000         0.000         0.000         0.000


           LAMBDA
              IB            SB            ID            SD            AGE04
              ________      ________      ________      ________      ________
 BMI04          1.000         0.000         0.000         0.000         0.000
 BMI06          1.000         2.000         0.000         0.000         0.000
 BMI09          1.000         5.000         0.000         0.000         0.000
 BMI11          1.000         7.000         0.000         0.000         0.000
 DQD04          0.000         0.000         1.000         0.000         0.000
 DQD06          0.000         0.000         1.000         2.000         0.000
 DQD09          0.000         0.000         1.000         5.000         0.000
 DQD11          0.000         0.000         1.000         7.000         0.000
 AGE04          0.000         0.000         0.000         0.000         1.000
 GENDER         0.000         0.000         0.000         0.000         0.000
 KCAL04         0.000         0.000         0.000         0.000         0.000
 MET04          0.000         0.000         0.000         0.000         0.000
 SMOKE04        0.000         0.000         0.000         0.000         0.000
 EDUC04         0.000         0.000         0.000         0.000         0.000
 SYSTO04        0.000         0.000         0.000         0.000         0.000
 DIASTO04       0.000         0.000         0.000         0.000         0.000
 Q1             0.000         0.000         0.000         0.000         0.000
 Q2             0.000         0.000         0.000         0.000         0.000
 Q3             0.000         0.000         0.000         0.000         0.000


           LAMBDA
              GENDER        KCAL04        MET04         SMOKE04       EDUC04
              ________      ________      ________      ________      ________
 BMI04          0.000         0.000         0.000         0.000         0.000
 BMI06          0.000         0.000         0.000         0.000         0.000
 BMI09          0.000         0.000         0.000         0.000         0.000
 BMI11          0.000         0.000         0.000         0.000         0.000
 DQD04          0.000         0.000         0.000         0.000         0.000
 DQD06          0.000         0.000         0.000         0.000         0.000
 DQD09          0.000         0.000         0.000         0.000         0.000
 DQD11          0.000         0.000         0.000         0.000         0.000
 AGE04          0.000         0.000         0.000         0.000         0.000
 GENDER         1.000         0.000         0.000         0.000         0.000
 KCAL04         0.000         1.000         0.000         0.000         0.000
 MET04          0.000         0.000         1.000         0.000         0.000
 SMOKE04        0.000         0.000         0.000         1.000         0.000
 EDUC04         0.000         0.000         0.000         0.000         1.000
 SYSTO04        0.000         0.000         0.000         0.000         0.000
 DIASTO04       0.000         0.000         0.000         0.000         0.000
 Q1             0.000         0.000         0.000         0.000         0.000
 Q2             0.000         0.000         0.000         0.000         0.000
 Q3             0.000         0.000         0.000         0.000         0.000


           LAMBDA
              SYSTO04       DIASTO04      Q1            Q2            Q3
              ________      ________      ________      ________      ________
 BMI04          0.000         0.000         0.000         0.000         0.000
 BMI06          0.000         0.000         0.000         0.000         0.000
 BMI09          0.000         0.000         0.000         0.000         0.000
 BMI11          0.000         0.000         0.000         0.000         0.000
 DQD04          0.000         0.000         0.000         0.000         0.000
 DQD06          0.000         0.000         0.000         0.000         0.000
 DQD09          0.000         0.000         0.000         0.000         0.000
 DQD11          0.000         0.000         0.000         0.000         0.000
 AGE04          0.000         0.000         0.000         0.000         0.000
 GENDER         0.000         0.000         0.000         0.000         0.000
 KCAL04         0.000         0.000         0.000         0.000         0.000
 MET04          0.000         0.000         0.000         0.000         0.000
 SMOKE04        0.000         0.000         0.000         0.000         0.000
 EDUC04         0.000         0.000         0.000         0.000         0.000
 SYSTO04        1.000         0.000         0.000         0.000         0.000
 DIASTO04       0.000         1.000         0.000         0.000         0.000
 Q1             0.000         0.000         1.000         0.000         0.000
 Q2             0.000         0.000         0.000         1.000         0.000
 Q3             0.000         0.000         0.000         0.000         1.000


           THETA
              BMI04         BMI06         BMI09         BMI11         DQD04
              ________      ________      ________      ________      ________
 BMI04          5.617
 BMI06          0.000         6.364
 BMI09          0.000         0.000         5.891
 BMI11          0.000         0.000         0.000        11.820
 DQD04          0.000         0.000         0.000         0.000        42.544
 DQD06          0.000         0.000         0.000         0.000         0.000
 DQD09          0.000         0.000         0.000         0.000         0.000
 DQD11          0.000         0.000         0.000         0.000         0.000
 AGE04          0.000         0.000         0.000         0.000         0.000
 GENDER         0.000         0.000         0.000         0.000         0.000
 KCAL04         0.000         0.000         0.000         0.000         0.000
 MET04          0.000         0.000         0.000         0.000         0.000
 SMOKE04        0.000         0.000         0.000         0.000         0.000
 EDUC04         0.000         0.000         0.000         0.000         0.000
 SYSTO04        0.000         0.000         0.000         0.000         0.000
 DIASTO04       0.000         0.000         0.000         0.000         0.000
 Q1             0.000         0.000         0.000         0.000         0.000
 Q2             0.000         0.000         0.000         0.000         0.000
 Q3             0.000         0.000         0.000         0.000         0.000


           THETA
              DQD06         DQD09         DQD11         AGE04         GENDER
              ________      ________      ________      ________      ________
 DQD06         42.144
 DQD09          0.000        39.828
 DQD11          0.000         0.000        40.463
 AGE04          0.000         0.000         0.000         0.000
 GENDER         0.000         0.000         0.000         0.000         0.000
 KCAL04         0.000         0.000         0.000         0.000         0.000
 MET04          0.000         0.000         0.000         0.000         0.000
 SMOKE04        0.000         0.000         0.000         0.000         0.000
 EDUC04         0.000         0.000         0.000         0.000         0.000
 SYSTO04        0.000         0.000         0.000         0.000         0.000
 DIASTO04       0.000         0.000         0.000         0.000         0.000
 Q1             0.000         0.000         0.000         0.000         0.000
 Q2             0.000         0.000         0.000         0.000         0.000
 Q3             0.000         0.000         0.000         0.000         0.000


           THETA
              KCAL04        MET04         SMOKE04       EDUC04        SYSTO04
              ________      ________      ________      ________      ________
 KCAL04         0.000
 MET04          0.000         0.000
 SMOKE04        0.000         0.000         0.000
 EDUC04         0.000         0.000         0.000         0.000
 SYSTO04        0.000         0.000         0.000         0.000         0.000
 DIASTO04       0.000         0.000         0.000         0.000         0.000
 Q1             0.000         0.000         0.000         0.000         0.000
 Q2             0.000         0.000         0.000         0.000         0.000
 Q3             0.000         0.000         0.000         0.000         0.000


           THETA
              DIASTO04      Q1            Q2            Q3
              ________      ________      ________      ________
 DIASTO04       0.000
 Q1             0.000         0.000
 Q2             0.000         0.000         0.000
 Q3             0.000         0.000         0.000         0.000


           ALPHA
              IB            SB            ID            SD            AGE04
              ________      ________      ________      ________      ________
 1             23.091         0.035        38.663        -0.659        47.385


           ALPHA
              GENDER        KCAL04        MET04         SMOKE04       EDUC04
              ________      ________      ________      ________      ________
 1              1.519      2188.497       118.186         0.334         1.724


           ALPHA
              SYSTO04       DIASTO04      Q1            Q2            Q3
              ________      ________      ________      ________      ________
 1            122.224        78.671         0.250         0.250         0.250


           BETA
              IB            SB            ID            SD            AGE04
              ________      ________      ________      ________      ________
 IB             0.000         0.000         0.000         0.000         0.000
 SB             0.000         0.000         0.000         0.000         0.000
 ID             0.000         0.000         0.000         0.000         0.000
 SD             0.000         0.000         0.000         0.000         0.000
 AGE04          0.000         0.000         0.000         0.000         0.000
 GENDER         0.000         0.000         0.000         0.000         0.000
 KCAL04         0.000         0.000         0.000         0.000         0.000
 MET04          0.000         0.000         0.000         0.000         0.000
 SMOKE04        0.000         0.000         0.000         0.000         0.000
 EDUC04         0.000         0.000         0.000         0.000         0.000
 SYSTO04        0.000         0.000         0.000         0.000         0.000
 DIASTO04       0.000         0.000         0.000         0.000         0.000
 Q1             0.000         0.000         0.000         0.000         0.000
 Q2             0.000         0.000         0.000         0.000         0.000
 Q3             0.000         0.000         0.000         0.000         0.000


           BETA
              GENDER        KCAL04        MET04         SMOKE04       EDUC04
              ________      ________      ________      ________      ________
 IB             0.000         0.000         0.000         0.000         0.000
 SB             0.000         0.000         0.000         0.000         0.000
 ID             0.000         0.000         0.000         0.000         0.000
 SD             0.000         0.000         0.000         0.000         0.000
 AGE04          0.000         0.000         0.000         0.000         0.000
 GENDER         0.000         0.000         0.000         0.000         0.000
 KCAL04         0.000         0.000         0.000         0.000         0.000
 MET04          0.000         0.000         0.000         0.000         0.000
 SMOKE04        0.000         0.000         0.000         0.000         0.000
 EDUC04         0.000         0.000         0.000         0.000         0.000
 SYSTO04        0.000         0.000         0.000         0.000         0.000
 DIASTO04       0.000         0.000         0.000         0.000         0.000
 Q1             0.000         0.000         0.000         0.000         0.000
 Q2             0.000         0.000         0.000         0.000         0.000
 Q3             0.000         0.000         0.000         0.000         0.000


           BETA
              SYSTO04       DIASTO04      Q1            Q2            Q3
              ________      ________      ________      ________      ________
 IB             0.000         0.000         0.000         0.000         0.000
 SB             0.000         0.000         0.000         0.000         0.000
 ID             0.000         0.000         0.000         0.000         0.000
 SD             0.000         0.000         0.000         0.000         0.000
 AGE04          0.000         0.000         0.000         0.000         0.000
 GENDER         0.000         0.000         0.000         0.000         0.000
 KCAL04         0.000         0.000         0.000         0.000         0.000
 MET04          0.000         0.000         0.000         0.000         0.000
 SMOKE04        0.000         0.000         0.000         0.000         0.000
 EDUC04         0.000         0.000         0.000         0.000         0.000
 SYSTO04        0.000         0.000         0.000         0.000         0.000
 DIASTO04       0.000         0.000         0.000         0.000         0.000
 Q1             0.000         0.000         0.000         0.000         0.000
 Q2             0.000         0.000         0.000         0.000         0.000
 Q3             0.000         0.000         0.000         0.000         0.000


           PSI
              IB            SB            ID            SD            AGE04
              ________      ________      ________      ________      ________
 IB            11.513
 SB             0.000         0.570
 ID             0.000         0.000        82.962
 SD             0.000         0.000         0.000        18.488
 AGE04          0.000         0.000         0.000         0.000       117.749
 GENDER         0.000         0.000         0.000         0.000         0.000
 KCAL04         0.000         0.000         0.000         0.000         0.000
 MET04          0.000         0.000         0.000         0.000         0.000
 SMOKE04        0.000         0.000         0.000         0.000         0.000
 EDUC04         0.000         0.000         0.000         0.000         0.000
 SYSTO04        0.000         0.000         0.000         0.000         0.000
 DIASTO04       0.000         0.000         0.000         0.000         0.000
 Q1             0.000         0.000         0.000         0.000         0.000
 Q2             0.000         0.000         0.000         0.000         0.000
 Q3             0.000         0.000         0.000         0.000         0.000


           PSI
              GENDER        KCAL04        MET04         SMOKE04       EDUC04
              ________      ________      ________      ________      ________
 GENDER         0.125
 KCAL04         0.000    229144.438
 MET04          0.000         0.000      6315.442
 SMOKE04        0.000         0.000         0.000         0.138
 EDUC04         0.000         0.000         0.000         0.000         0.876
 SYSTO04        0.000         0.000         0.000         0.000         0.000
 DIASTO04       0.000         0.000         0.000         0.000         0.000
 Q1             0.000         0.000         0.000         0.000         0.000
 Q2             0.000         0.000         0.000         0.000         0.000
 Q3             0.000         0.000         0.000         0.000         0.000


           PSI
              SYSTO04       DIASTO04      Q1            Q2            Q3
              ________      ________      ________      ________      ________
 SYSTO04      171.913
 DIASTO04       0.000        63.046
 Q1             0.000         0.000         0.094
 Q2             0.000         0.000         0.000         0.094
 Q3             0.000         0.000         0.000         0.000         0.094


TECHNICAL 4 OUTPUT


     ESTIMATES DERIVED FROM THE MODEL


           ESTIMATED MEANS FOR THE LATENT VARIABLES
              IB            SB            ID            SD            AGE04
              ________      ________      ________      ________      ________
 1             23.016         0.064        39.256        -0.533        47.385


           ESTIMATED MEANS FOR THE LATENT VARIABLES
              GENDER        KCAL04        MET04         SMOKE04       EDUC04
              ________      ________      ________      ________      ________
 1              1.519      2188.497       116.550         0.335         1.727


           ESTIMATED MEANS FOR THE LATENT VARIABLES
              SYSTO04       DIASTO04      Q1            Q2            Q3
              ________      ________      ________      ________      ________
 1            122.077        78.639         0.250         0.250         0.250


           S.E. FOR ESTIMATED MEANS FOR THE LATENT VARIABLES
              IB            SB            ID            SD            AGE04
              ________      ________      ________      ________      ________
 1              0.035         0.005         0.088         0.017         0.157


           S.E. FOR ESTIMATED MEANS FOR THE LATENT VARIABLES
              GENDER        KCAL04        MET04         SMOKE04       EDUC04
              ________      ________      ________      ________      ________
 1              0.005         6.928         1.209         0.005         0.014


           S.E. FOR ESTIMATED MEANS FOR THE LATENT VARIABLES
              SYSTO04       DIASTO04      Q1            Q2            Q3
              ________      ________      ________      ________      ________
 1              0.195         0.118         0.004         0.004         0.004


           EST./S.E. FOR ESTIMATED MEANS FOR THE LATENT VARIABLES
              IB            SB            ID            SD            AGE04
              ________      ________      ________      ________      ________
 1            658.973        13.359       445.675       -31.274       301.706


           EST./S.E. FOR ESTIMATED MEANS FOR THE LATENT VARIABLES
              GENDER        KCAL04        MET04         SMOKE04       EDUC04
              ________      ________      ________      ________      ________
 1            297.033       315.871        96.392        61.995       126.910


           EST./S.E. FOR ESTIMATED MEANS FOR THE LATENT VARIABLES
              SYSTO04       DIASTO04      Q1            Q2            Q3
              ________      ________      ________      ________      ________
 1            625.752       664.362        56.364        56.410        56.446


           TWO-TAILED P-VALUE FOR ESTIMATED MEANS FOR THE LATENT VARIABLES
              IB            SB            ID            SD            AGE04
              ________      ________      ________      ________      ________
 1              0.000         0.000         0.000         0.000         0.000


           TWO-TAILED P-VALUE FOR ESTIMATED MEANS FOR THE LATENT VARIABLES
              GENDER        KCAL04        MET04         SMOKE04       EDUC04
              ________      ________      ________      ________      ________
 1              0.000         0.000         0.000         0.000         0.000


           TWO-TAILED P-VALUE FOR ESTIMATED MEANS FOR THE LATENT VARIABLES
              SYSTO04       DIASTO04      Q1            Q2            Q3
              ________      ________      ________      ________      ________
 1              0.000         0.000         0.000         0.000         0.000


           ESTIMATED COVARIANCE MATRIX FOR THE LATENT VARIABLES
              IB            SB            ID            SD            AGE04
              ________      ________      ________      ________      ________
 IB            10.331
 SB            -0.138         0.051
 ID            -1.268         0.256        37.622
 SD             0.120        -0.018        -1.195         0.290
 AGE04          3.947        -0.950        -6.086         0.841       235.499
 GENDER         0.049        -0.005        -0.406        -0.013         0.199
 KCAL04        56.435        10.172       648.441       -31.833     -1363.375
 MET04        -19.126         2.200       174.035        -2.691      -420.181
 SMOKE04       -0.094        -0.001         0.349         0.003         0.283
 EDUC04         0.054         0.010        -3.134         0.064        -8.197
 SYSTO04       16.401        -0.898        -5.167         0.454       117.510
 DIASTO04      10.649        -0.347        -0.174        -0.015        35.869
 Q1            -0.073         0.007         0.518        -0.035        -0.282
 Q2             0.109        -0.001        -0.446         0.011         0.044
 Q3             0.086        -0.011        -1.570         0.035         0.451


           ESTIMATED COVARIANCE MATRIX FOR THE LATENT VARIABLES
              GENDER        KCAL04        MET04         SMOKE04       EDUC04
              ________      ________      ________      ________      ________
 GENDER         0.250
 KCAL04       -91.666    458288.862
 MET04         -8.121     15937.022     12717.729
 SMOKE04       -0.150        57.559         4.834         0.276
 EDUC04        -0.129        78.821        -1.601         0.042         1.754
 SYSTO04       -0.814      -956.355      -277.063         0.674        -3.734
 DIASTO04      -0.691      -284.312       -84.639         0.448        -0.815
 Q1            -0.002        13.589         5.236         0.003        -0.090
 Q2             0.000        -6.237        -5.769         0.001         0.025
 Q3             0.003       -19.122        -9.892        -0.007         0.183


           ESTIMATED COVARIANCE MATRIX FOR THE LATENT VARIABLES
              SYSTO04       DIASTO04      Q1            Q2            Q3
              ________      ________      ________      ________      ________
 SYSTO04      345.123
 DIASTO04     148.438       126.189
 Q1            -0.170        -0.067         0.188
 Q2             0.392         0.366        -0.063         0.188
 Q3             0.342        -0.011        -0.063        -0.062         0.188


           S.E. FOR ESTIMATED COVARIANCE MATRIX FOR THE LATENT VARIABLES
              IB            SB            ID            SD            AGE04
              ________      ________      ________      ________      ________
 IB             0.177
 SB             0.021         0.004
 ID             0.301         0.040         1.262
 SD             0.058         0.007         0.209         0.049
 AGE04          0.544         0.082         1.368         0.285         3.409
 GENDER         0.017         0.002         0.044         0.008         0.078
 KCAL04        23.784         3.275        60.125        11.740       107.236
 MET04          4.130         0.544        10.492         1.952        19.850
 SMOKE04        0.018         0.002         0.047         0.009         0.083
 EDUC04         0.046         0.006         0.122         0.023         0.226
 SYSTO04        0.679         0.091         1.681         0.330         3.251
 DIASTO04       0.413         0.054         1.018         0.197         1.871
 Q1             0.015         0.002         0.038         0.007         0.068
 Q2             0.015         0.002         0.038         0.007         0.068
 Q3             0.015         0.002         0.042         0.008         0.068


           S.E. FOR ESTIMATED COVARIANCE MATRIX FOR THE LATENT VARIABLES
              GENDER        KCAL04        MET04         SMOKE04       EDUC04
              ________      ________      ________      ________      ________
 GENDER         0.004
 KCAL04         3.587      6633.166
 MET04          0.609       840.614       194.889
 SMOKE04        0.003         3.701         0.634         0.004
 EDUC04         0.007         9.249         1.605         0.007         0.026
 SYSTO04        0.098       133.083        23.388         0.102         0.262
 DIASTO04       0.060        80.635        13.992         0.062         0.157
 Q1             0.002         3.004         0.522         0.002         0.006
 Q2             0.002         3.001         0.529         0.002         0.006
 Q3             0.002         3.008         0.534         0.002         0.006


           S.E. FOR ESTIMATED COVARIANCE MATRIX FOR THE LATENT VARIABLES
              SYSTO04       DIASTO04      Q1            Q2            Q3
              ________      ________      ________      ________      ________
 SYSTO04        5.165
 DIASTO04       2.709         1.886
 Q1             0.084         0.051         0.003
 Q2             0.084         0.051         0.002         0.003
 Q3             0.084         0.051         0.002         0.002         0.003


           EST./S.E. FOR ESTIMATED COVARIANCE MATRIX FOR THE LATENT VARIABLES
              IB            SB            ID            SD            AGE04
              ________      ________      ________      ________      ________
 IB            58.254
 SB            -6.640        11.759
 ID            -4.210         6.359        29.820
 SD             2.073        -2.558        -5.704         5.905
 AGE04          7.257       -11.625        -4.450         2.946        69.091
 GENDER         2.830        -2.006        -9.190        -1.571         2.532
 KCAL04         2.373         3.107        10.785        -2.712       -12.714
 MET04         -4.631         4.047        16.587        -1.378       -21.168
 SMOKE04       -5.114        -0.362         7.444         0.325         3.406
 EDUC04         1.171         1.507       -25.701         2.723       -36.330
 SYSTO04       24.145        -9.872        -3.073         1.376        36.146
 DIASTO04      25.783        -6.447        -0.171        -0.076        19.170
 Q1            -4.807         3.668        13.458        -4.912        -4.145
 Q2             7.211        -0.551       -11.616         1.455         0.643
 Q3             5.677        -5.098       -37.807         4.509         6.607


           EST./S.E. FOR ESTIMATED COVARIANCE MATRIX FOR THE LATENT VARIABLES
              GENDER        KCAL04        MET04         SMOKE04       EDUC04
              ________      ________      ________      ________      ________
 GENDER        69.091
 KCAL04       -25.558        69.091
 MET04        -13.326        18.959        65.256
 SMOKE04      -48.390        15.550         7.624        68.711
 EDUC04       -18.688         8.522        -0.997         5.817        68.647
 SYSTO04       -8.323        -7.186       -11.846         6.575       -14.280
 DIASTO04     -11.604        -3.526        -6.049         7.208        -5.189
 Q1            -0.833         4.523        10.040         1.376       -15.115
 Q2             0.202        -2.078       -10.901         0.566         4.294
 Q3             1.316        -6.358       -18.519        -3.053        29.488


           EST./S.E. FOR ESTIMATED COVARIANCE MATRIX FOR THE LATENT VARIABLES
              SYSTO04       DIASTO04      Q1            Q2            Q3
              ________      ________      ________      ________      ________
 SYSTO04       66.817
 DIASTO04      54.795        66.908
 Q1            -2.008        -1.313        69.055
 Q2             4.648         7.141       -30.889        69.061
 Q3             4.071        -0.211       -30.878       -30.850        69.025


           TWO-TAILED P-VALUE FOR ESTIMATED COVARIANCE MATRIX FOR THE LATENT VARIABLES
              IB            SB            ID            SD            AGE04
              ________      ________      ________      ________      ________
 IB             0.000
 SB             0.000         0.000
 ID             0.000         0.000         0.000
 SD             0.038         0.011         0.000         0.000
 AGE04          0.000         0.000         0.000         0.003         0.000
 GENDER         0.005         0.045         0.000         0.116         0.011
 KCAL04         0.018         0.002         0.000         0.007         0.000
 MET04          0.000         0.000         0.000         0.168         0.000
 SMOKE04        0.000         0.717         0.000         0.745         0.001
 EDUC04         0.242         0.132         0.000         0.006         0.000
 SYSTO04        0.000         0.000         0.002         0.169         0.000
 DIASTO04       0.000         0.000         0.864         0.940         0.000
 Q1             0.000         0.000         0.000         0.000         0.000
 Q2             0.000         0.582         0.000         0.146         0.520
 Q3             0.000         0.000         0.000         0.000         0.000


           TWO-TAILED P-VALUE FOR ESTIMATED COVARIANCE MATRIX FOR THE LATENT VARIABLES
              GENDER        KCAL04        MET04         SMOKE04       EDUC04
              ________      ________      ________      ________      ________
 GENDER         0.000
 KCAL04         0.000         0.000
 MET04          0.000         0.000         0.000
 SMOKE04        0.000         0.000         0.000         0.000
 EDUC04         0.000         0.000         0.319         0.000         0.000
 SYSTO04        0.000         0.000         0.000         0.000         0.000
 DIASTO04       0.000         0.000         0.000         0.000         0.000
 Q1             0.405         0.000         0.000         0.169         0.000
 Q2             0.840         0.038         0.000         0.572         0.000
 Q3             0.188         0.000         0.000         0.002         0.000


           TWO-TAILED P-VALUE FOR ESTIMATED COVARIANCE MATRIX FOR THE LATENT VARIABLES
              SYSTO04       DIASTO04      Q1            Q2            Q3
              ________      ________      ________      ________      ________
 SYSTO04        0.000
 DIASTO04       0.000         0.000
 Q1             0.045         0.189         0.000
 Q2             0.000         0.000         0.000         0.000
 Q3             0.000         0.833         0.000         0.000         0.000


           ESTIMATED CORRELATION MATRIX FOR THE LATENT VARIABLES
              IB            SB            ID            SD            AGE04
              ________      ________      ________      ________      ________
 IB             1.000
 SB            -0.189         1.000
 ID            -0.064         0.184         1.000
 SD             0.070        -0.149        -0.362         1.000
 AGE04          0.080        -0.273        -0.065         0.102         1.000
 GENDER         0.031        -0.042        -0.132        -0.049         0.026
 KCAL04         0.026         0.066         0.156        -0.087        -0.131
 MET04         -0.053         0.086         0.252        -0.044        -0.243
 SMOKE04       -0.056        -0.007         0.108         0.010         0.035
 EDUC04         0.013         0.033        -0.386         0.089        -0.403
 SYSTO04        0.275        -0.213        -0.045         0.045         0.412
 DIASTO04       0.295        -0.136        -0.003        -0.002         0.208
 Q1            -0.052         0.074         0.195        -0.151        -0.042
 Q2             0.079        -0.012        -0.168         0.046         0.007
 Q3             0.062        -0.111        -0.591         0.148         0.068


           ESTIMATED CORRELATION MATRIX FOR THE LATENT VARIABLES
              GENDER        KCAL04        MET04         SMOKE04       EDUC04
              ________      ________      ________      ________      ________
 GENDER         1.000
 KCAL04        -0.271         1.000
 MET04         -0.144         0.209         1.000
 SMOKE04       -0.572         0.162         0.082         1.000
 EDUC04        -0.196         0.088        -0.011         0.060         1.000
 SYSTO04       -0.088        -0.076        -0.132         0.069        -0.152
 DIASTO04      -0.123        -0.037        -0.067         0.076        -0.055
 Q1            -0.009         0.046         0.107         0.014        -0.157
 Q2             0.002        -0.021        -0.118         0.006         0.044
 Q3             0.013        -0.065        -0.203        -0.031         0.318


           ESTIMATED CORRELATION MATRIX FOR THE LATENT VARIABLES
              SYSTO04       DIASTO04      Q1            Q2            Q3
              ________      ________      ________      ________      ________
 SYSTO04        1.000
 DIASTO04       0.711         1.000
 Q1            -0.021        -0.014         1.000
 Q2             0.049         0.075        -0.333         1.000
 Q3             0.042        -0.002        -0.333        -0.333         1.000


           S.E. FOR ESTIMATED CORRELATION MATRIX FOR THE LATENT VARIABLES
              IB            SB            ID            SD            AGE04
              ________      ________      ________      ________      ________
 IB             0.000
 SB             0.024         0.000
 ID             0.015         0.029         0.000
 SD             0.034         0.059         0.039         0.000
 AGE04          0.011         0.024         0.014         0.035         0.000
 GENDER         0.011         0.021         0.014         0.032         0.010
 KCAL04         0.011         0.021         0.014         0.033         0.010
 MET04          0.011         0.021         0.015         0.032         0.011
 SMOKE04        0.011         0.020         0.014         0.031         0.010
 EDUC04         0.011         0.022         0.014         0.033         0.009
 SYSTO04        0.010         0.022         0.015         0.033         0.009
 DIASTO04       0.010         0.021         0.015         0.033         0.010
 Q1             0.011         0.020         0.014         0.033         0.010
 Q2             0.011         0.021         0.014         0.032         0.010
 Q3             0.011         0.022         0.013         0.035         0.010


           S.E. FOR ESTIMATED CORRELATION MATRIX FOR THE LATENT VARIABLES
              GENDER        KCAL04        MET04         SMOKE04       EDUC04
              ________      ________      ________      ________      ________
 GENDER         0.000
 KCAL04         0.009         0.000
 MET04          0.011         0.010         0.000
 SMOKE04        0.007         0.010         0.011         0.000
 EDUC04         0.010         0.010         0.011         0.010         0.000
 SYSTO04        0.010         0.010         0.011         0.010         0.010
 DIASTO04       0.010         0.011         0.011         0.010         0.011
 Q1             0.010         0.010         0.010         0.010         0.010
 Q2             0.010         0.010         0.011         0.010         0.010
 Q3             0.010         0.010         0.010         0.010         0.009


           S.E. FOR ESTIMATED CORRELATION MATRIX FOR THE LATENT VARIABLES
              SYSTO04       DIASTO04      Q1            Q2            Q3
              ________      ________      ________      ________      ________
 SYSTO04        0.000
 DIASTO04       0.005         0.000
 Q1             0.010         0.011         0.000
 Q2             0.010         0.010         0.009         0.000
 Q3             0.010         0.010         0.009         0.009         0.000


           EST./S.E. FOR ESTIMATED CORRELATION MATRIX FOR THE LATENT VARIABLES
              IB            SB            ID            SD            AGE04
              ________      ________      ________      ________      ________
 IB           999.000
 SB            -7.905       999.000
 ID            -4.220         6.302       999.000
 SD             2.048        -2.508        -9.215       999.000
 AGE04          7.322       -11.322        -4.463         2.883       999.000
 GENDER         2.834        -2.000        -9.304        -1.561         2.534
 KCAL04         2.375         3.094        10.998        -2.667       -13.048
 MET04         -4.648         4.031        17.284        -1.369       -23.035
 SMOKE04       -5.135        -0.362         7.501         0.325         3.412
 EDUC04         1.171         1.506       -28.329         2.674       -46.704
 SYSTO04       26.810        -9.581        -3.078         1.369        46.753
 DIASTO04      29.094        -6.365        -0.171        -0.076        20.422
 Q1            -4.824         3.647        13.805        -4.616        -4.156
 Q2             7.270        -0.551       -11.833         1.443         0.643
 Q3             5.708        -5.077       -46.759         4.279         6.652


           EST./S.E. FOR ESTIMATED CORRELATION MATRIX FOR THE LATENT VARIABLES
              GENDER        KCAL04        MET04         SMOKE04       EDUC04
              ________      ________      ________      ________      ________
 GENDER       999.000
 KCAL04       -28.579       999.000
 MET04        -13.721        20.203       999.000
 SMOKE04      -82.767        16.173         7.696       999.000
 EDUC04       -19.797         8.620        -0.997         5.848       999.000
 SYSTO04       -8.416        -7.247       -12.152         6.620       -14.781
 DIASTO04     -11.862        -3.533        -6.089         7.269        -5.213
 Q1            -0.833         4.538        10.211         1.377       -15.686
 Q2             0.202        -2.079       -11.122         0.566         4.306
 Q3             1.316        -6.398       -19.630        -3.057        34.417


           EST./S.E. FOR ESTIMATED CORRELATION MATRIX FOR THE LATENT VARIABLES
              SYSTO04       DIASTO04      Q1            Q2            Q3
              ________      ________      ________      ________      ________
 SYSTO04      999.000
 DIASTO04     136.055       999.000
 Q1            -2.010        -1.313       999.000
 Q2             4.665         7.201       -36.633       999.000
 Q3             4.082        -0.211       -36.622       -36.568       999.000


           TWO-TAILED P-VALUE FOR ESTIMATED CORRELATION MATRIX FOR THE LATENT VARIABLES
              IB            SB            ID            SD            AGE04
              ________      ________      ________      ________      ________
 IB             0.000
 SB             0.000         0.000
 ID             0.000         0.000         0.000
 SD             0.041         0.012         0.000         0.000
 AGE04          0.000         0.000         0.000         0.004         0.000
 GENDER         0.005         0.046         0.000         0.118         0.011
 KCAL04         0.018         0.002         0.000         0.008         0.000
 MET04          0.000         0.000         0.000         0.171         0.000
 SMOKE04        0.000         0.717         0.000         0.745         0.001
 EDUC04         0.241         0.132         0.000         0.008         0.000
 SYSTO04        0.000         0.000         0.002         0.171         0.000
 DIASTO04       0.000         0.000         0.864         0.940         0.000
 Q1             0.000         0.000         0.000         0.000         0.000
 Q2             0.000         0.582         0.000         0.149         0.520
 Q3             0.000         0.000         0.000         0.000         0.000


           TWO-TAILED P-VALUE FOR ESTIMATED CORRELATION MATRIX FOR THE LATENT VARIABLES
              GENDER        KCAL04        MET04         SMOKE04       EDUC04
              ________      ________      ________      ________      ________
 GENDER         0.000
 KCAL04         0.000         0.000
 MET04          0.000         0.000         0.000
 SMOKE04        0.000         0.000         0.000         0.000
 EDUC04         0.000         0.000         0.319         0.000         0.000
 SYSTO04        0.000         0.000         0.000         0.000         0.000
 DIASTO04       0.000         0.000         0.000         0.000         0.000
 Q1             0.405         0.000         0.000         0.169         0.000
 Q2             0.840         0.038         0.000         0.572         0.000
 Q3             0.188         0.000         0.000         0.002         0.000


           TWO-TAILED P-VALUE FOR ESTIMATED CORRELATION MATRIX FOR THE LATENT VARIABLES
              SYSTO04       DIASTO04      Q1            Q2            Q3
              ________      ________      ________      ________      ________
 SYSTO04        0.000
 DIASTO04       0.000         0.000
 Q1             0.044         0.189         0.000
 Q2             0.000         0.000         0.000         0.000
 Q3             0.000         0.833         0.000         0.000         0.000


TECHNICAL 8 OUTPUT


   E STEP  ITER  LOGLIKELIHOOD    ABS CHANGE   REL CHANGE  ALGORITHM
              1 -0.48194059D+06    0.0000000    0.0000000  EM
              2 -0.43898184D+06 ************    0.0891370  EM
              3 -0.43898184D+06    0.0000000    0.0000000  EM


DIAGRAM INFORMATION

  Use View Diagram under the Diagram menu in the Mplus Editor to view the diagram.
  If running Mplus from the Mplus Diagrammer, the diagram opens automatically.

  Diagram output
    d:\data\dpmedi\mplus\longitudinal\dqd bmi mediation ib with sb-no mediation-q index.dgm

     Beginning Time:  13:18:16
        Ending Time:  13:18:18
       Elapsed Time:  00:00:02



MUTHEN & MUTHEN
3463 Stoner Ave.
Los Angeles, CA  90066

Tel: (310) 391-9971
Fax: (310) 391-8971
Web: www.StatModel.com
Support: Support@StatModel.com

Copyright (c) 1998-2015 Muthen & Muthen
