Mplus VERSION 7.4
MUTHEN & MUTHEN
05/16/2019   2:01 PM

INPUT INSTRUCTIONS

  DATA: File is id0411 mplus.csv;

  VARIABLE: Names are IDind WAVE hhid t2 commid age04
                      kcal04 carbo04 fat04 protn04 bmi04
                      hwr04 wc04 diasto04 systo04 smoke04
                      gender educ04 indinc04 index04 met04
                      cmfp04 dash04 ahei04 hbs04 lbs04 dqd04
                      age06 kcal06 carbo06 fat06 protn06 bmi06
                      hwr06 wc06 diasto06 systo06 smoke06
                      educ06 indinc06 index06 met06 cmfp06 dash06
                      ahei06 hbs06 lbs06 dqd06 age09 kcal09 carbo09
                      fat09 protn09 bmi09 hwr09 wc09 diasto09 systo09
                      smoke09 educ09 indinc09 index09 met09 cmfp09
                      dash09 ahei09 hbs09 lbs09 dqd09 age11 kcal11
                      carbo11 fat11 protn11 bmi11 hwr11 wc11 diasto11
                      systo11 smoke11 educ11 indinc11 index11 met11
                      cmfp11 dash11 ahei11 hbs11 lbs11 dqd11 q_index
                       q1 q2 q3 carbo_p protn_p fat_p;

           Usev are  age04 gender kcal04 met04
                     bmi04 bmi06 bmi09 bmi11 smoke04
                     dqd04 dqd06 dqd09 dqd11
                     educ04 systo04 diasto04 q1 q2 q3;


           Missing are all(999);


  ANALYSIS:
  Type=random;
  ALGORITHM=INTEGRATION;
  Estimator=ML;
  bootstrap = 1000;


  MODEL:
  age04 gender kcal04 met04 smoke04
  bmi04 bmi06 bmi09 bmi11 educ04 systo04 diasto04
  dqd04 dqd06 dqd09 dqd11 q1 q2 q3;

  ib sb | bmi04@0 bmi06@2 bmi09@5 bmi11@7;
  id sd | dqd04@0 dqd06@2 dqd09@5 dqd11@7;

  ib with sb;
  id with sd;

  id with sd;

  id on q1(ai1)
        q2(ai2)
        q3(ai3)
        age04 gender kcal04 met04
        educ04 systo04 diasto04 smoke04;

  sd on q1(as1)
        q2(as2)
        q3(as3)
        age04 gender kcal04 met04
        educ04 systo04 diasto04 smoke04;

  sb on id(bi)
        sd(bs)
        q1(c1)
        q2(c2)
        q3(c3)
        age04 gender kcal04 met04
        educ04 systo04 diasto04 smoke04;


  MODEL CONSTRAINT:
  NEW (ind1 ind2 ind3 di1 di2 di3 to1 to2 to3
   ind_l_1 ind_l_2 ind_l_3
  ind_s_1 ind_s_2 ind_s_3);
  ind1=as1*bs+ai1*bi;
  ind2=as2*bs+ai2*bi;
  ind3=as3*bs+ai3*bi;
  to1=as1*bs+ai1*bi+c1;
  to2=as2*bs+ai2*bi+c2;
  to3=as3*bs+ai3*bi+c3;
  di1=c1;
  di2=c2;
  di3=c3;
  ind_l_1=ai1*bi;
  ind_l_2=ai2*bi;
  ind_l_3=ai3*bi;
  ind_s_1=as1*bs;
  ind_s_2=as2*bs;
  ind_s_3=as3*bs;

  OUTPUT: tech1 tech8 cinterval(BOOTSTRAP);



INPUT READING TERMINATED NORMALLY




SUMMARY OF ANALYSIS

Number of groups                                                 1
Number of observations                                        9547

Number of dependent variables                                    8
Number of independent variables                                 11
Number of continuous latent variables                            4

Observed dependent variables

  Continuous
   BMI04       BMI06       BMI09       BMI11       DQD04       DQD06
   DQD09       DQD11

Observed independent variables
   AGE04       GENDER      KCAL04      MET04       SMOKE04     EDUC04
   SYSTO04     DIASTO04    Q1          Q2          Q3

Continuous latent variables
   IB          SB          ID          SD


Estimator                                                       ML
Information matrix                                        OBSERVED
Optimization Specifications for the Quasi-Newton Algorithm for
Continuous Outcomes
  Maximum number of iterations                                 100
  Convergence criterion                                  0.100D-05
Optimization Specifications for the EM Algorithm
  Maximum number of iterations                                 500
  Convergence criteria
    Loglikelihood change                                 0.100D-02
    Relative loglikelihood change                        0.100D-05
    Derivative                                           0.100D-02
Optimization Specifications for the M step of the EM Algorithm for
Categorical Latent variables
  Number of M step iterations                                    1
  M step convergence criterion                           0.100D-02
  Basis for M step termination                           ITERATION
Optimization Specifications for the M step of the EM Algorithm for
Censored, Binary or Ordered Categorical (Ordinal), Unordered
Categorical (Nominal) and Count Outcomes
  Number of M step iterations                                    1
  M step convergence criterion                           0.100D-02
  Basis for M step termination                           ITERATION
  Maximum value for logit thresholds                            15
  Minimum value for logit thresholds                           -15
  Minimum expected cell size for chi-square              0.100D-01
Maximum number of iterations for H1                           2000
Convergence criterion for H1                             0.100D-03
Number of bootstrap draws
    Requested                                                 1000
    Completed                                                 1000
Optimization algorithm                                         EMA
Integration Specifications
  Type                                                    STANDARD
  Number of integration points                                  15
  Dimensions of numerical integration                            0
  Adaptive quadrature                                           ON
Cholesky                                                       OFF

Input data file(s)
  id0411 mplus.csv
Input data format  FREE


SUMMARY OF DATA

     Number of missing data patterns           197


COVARIANCE COVERAGE OF DATA

Minimum covariance coverage value   0.100


     PROPORTION OF DATA PRESENT FOR Y


           Covariance Coverage
              BMI04         BMI06         BMI09         BMI11         DQD04
              ________      ________      ________      ________      ________
 BMI04          0.928
 BMI06          0.690         0.727
 BMI09          0.589         0.537         0.623
 BMI11          0.533         0.483         0.503         0.564
 DQD04          0.928         0.727         0.623         0.564         1.000
 DQD06          0.721         0.717         0.559         0.504         0.769
 DQD09          0.608         0.553         0.616         0.514         0.648
 DQD11          0.542         0.490         0.507         0.557         0.576
 AGE04          0.928         0.727         0.623         0.564         1.000
 GENDER         0.928         0.727         0.623         0.564         1.000
 KCAL04         0.928         0.727         0.623         0.564         1.000
 MET04          0.848         0.667         0.576         0.523         0.901
 SMOKE04        0.927         0.722         0.619         0.559         0.988
 EDUC04         0.926         0.722         0.618         0.559         0.987
 SYSTO04        0.927         0.698         0.596         0.539         0.939
 DIASTO04       0.927         0.698         0.596         0.539         0.939
 Q1             0.927         0.726         0.622         0.563         0.999
 Q2             0.927         0.726         0.622         0.563         0.999
 Q3             0.927         0.726         0.622         0.563         0.999


           Covariance Coverage
              DQD06         DQD09         DQD11         AGE04         GENDER
              ________      ________      ________      ________      ________
 DQD06          0.769
 DQD09          0.580         0.648
 DQD11          0.513         0.523         0.576
 AGE04          0.769         0.648         0.576         1.000
 GENDER         0.769         0.648         0.576         1.000         1.000
 KCAL04         0.769         0.648         0.576         1.000         1.000
 MET04          0.703         0.597         0.533         0.901         0.901
 SMOKE04        0.764         0.643         0.571         0.988         0.988
 EDUC04         0.763         0.642         0.571         0.987         0.987
 SYSTO04        0.730         0.615         0.549         0.939         0.939
 DIASTO04       0.730         0.615         0.549         0.939         0.939
 Q1             0.768         0.647         0.576         0.999         0.999
 Q2             0.768         0.647         0.576         0.999         0.999
 Q3             0.768         0.647         0.576         0.999         0.999


           Covariance Coverage
              KCAL04        MET04         SMOKE04       EDUC04        SYSTO04
              ________      ________      ________      ________      ________
 KCAL04         1.000
 MET04          0.901         0.901
 SMOKE04        0.988         0.900         0.988
 EDUC04         0.987         0.899         0.986         0.987
 SYSTO04        0.939         0.857         0.937         0.937         0.939
 DIASTO04       0.939         0.857         0.937         0.937         0.939
 Q1             0.999         0.900         0.987         0.986         0.938
 Q2             0.999         0.900         0.987         0.986         0.938
 Q3             0.999         0.900         0.987         0.986         0.938


           Covariance Coverage
              DIASTO04      Q1            Q2            Q3
              ________      ________      ________      ________
 DIASTO04       0.939
 Q1             0.938         0.999
 Q2             0.938         0.999         0.999
 Q3             0.938         0.999         0.999         0.999



THE MODEL ESTIMATION TERMINATED NORMALLY



MODEL FIT INFORMATION

Number of Free Parameters                      141

Loglikelihood

          H0 Value                     -438988.867

Information Criteria

          Akaike (AIC)                  878259.734
          Bayesian (BIC)                879269.855
          Sample-Size Adjusted BIC      878821.779
            (n* = (n + 2) / 24)



MODEL RESULTS

                                                    Two-Tailed
                    Estimate       S.E.  Est./S.E.    P-Value

 IB       |
    BMI04              1.000      0.000    999.000    999.000
    BMI06              1.000      0.000    999.000    999.000
    BMI09              1.000      0.000    999.000    999.000
    BMI11              1.000      0.000    999.000    999.000

 SB       |
    BMI04              0.000      0.000    999.000    999.000
    BMI06              2.000      0.000    999.000    999.000
    BMI09              5.000      0.000    999.000    999.000
    BMI11              7.000      0.000    999.000    999.000

 ID       |
    DQD04              1.000      0.000    999.000    999.000
    DQD06              1.000      0.000    999.000    999.000
    DQD09              1.000      0.000    999.000    999.000
    DQD11              1.000      0.000    999.000    999.000

 SD       |
    DQD04              0.000      0.000    999.000    999.000
    DQD06              2.000      0.000    999.000    999.000
    DQD09              5.000      0.000    999.000    999.000
    DQD11              7.000      0.000    999.000    999.000

 SB         ON
    ID                 0.008      0.002      4.137      0.000
    SD                -0.011      0.027     -0.398      0.691

 ID         ON
    Q1                -3.820      0.196    -19.460      0.000
    Q2                -7.029      0.210    -33.398      0.000
    Q3               -10.647      0.232    -45.817      0.000
    AGE04             -0.042      0.006     -6.617      0.000
    GENDER            -1.643      0.192     -8.577      0.000
    KCAL04             0.001      0.000      5.834      0.000
    MET04              0.000      0.001      0.306      0.759
    EDUC04            -1.134      0.075    -15.173      0.000
    SYSTO04           -0.008      0.006     -1.252      0.210
    DIASTO04           0.022      0.009      2.338      0.019
    SMOKE04            0.220      0.168      1.314      0.189

 SD         ON
    Q1                -0.100      0.044     -2.278      0.023
    Q2                 0.066      0.051      1.274      0.203
    Q3                 0.126      0.053      2.397      0.017
    AGE04              0.004      0.001      2.884      0.004
    GENDER            -0.079      0.045     -1.767      0.077
    KCAL04             0.000      0.000     -2.598      0.009
    MET04              0.000      0.000      0.867      0.386
    EDUC04             0.036      0.017      2.159      0.031
    SYSTO04            0.001      0.001      0.752      0.452
    DIASTO04          -0.003      0.002     -1.330      0.184
    SMOKE04           -0.025      0.042     -0.591      0.554

 SB         ON
    Q1                 0.042      0.016      2.623      0.009
    Q2                 0.049      0.021      2.346      0.019
    Q3                 0.052      0.028      1.884      0.060
    AGE04             -0.003      0.000     -7.616      0.000
    GENDER            -0.023      0.013     -1.730      0.084
    KCAL04             0.000      0.000     -0.224      0.823
    MET04              0.000      0.000     -0.846      0.397
    EDUC04            -0.003      0.005     -0.667      0.505
    SYSTO04           -0.001      0.000     -3.123      0.002
    DIASTO04           0.000      0.001     -0.724      0.469
    SMOKE04           -0.016      0.012     -1.356      0.175

 IB       WITH
    SB                -0.095      0.028     -3.429      0.001

 ID       WITH
    SD                -0.776      0.191     -4.068      0.000

 AGE04    WITH
    IB                 3.954      0.600      6.596      0.000

 GENDER   WITH
    IB                 0.049      0.018      2.734      0.006

 KCAL04   WITH
    IB                56.513     23.840      2.370      0.018

 MET04    WITH
    IB               -19.114      4.050     -4.719      0.000

 SMOKE04  WITH
    IB                -0.094      0.017     -5.627      0.000

 EDUC04   WITH
    IB                 0.054      0.048      1.117      0.264

 SYSTO04  WITH
    IB                16.406      0.734     22.364      0.000

 DIASTO04 WITH
    IB                10.651      0.428     24.868      0.000

 Q1       WITH
    IB                -0.073      0.015     -4.904      0.000

 Q2       WITH
    IB                 0.109      0.015      7.466      0.000

 Q3       WITH
    IB                 0.086      0.016      5.444      0.000

 GENDER   WITH
    AGE04              0.199      0.078      2.550      0.011

 KCAL04   WITH
    AGE04          -1363.375    109.784    -12.419      0.000
    GENDER           -91.666      3.306    -27.724      0.000

 MET04    WITH
    AGE04           -420.179     17.369    -24.191      0.000
    GENDER            -8.121      0.606    -13.401      0.000
    KCAL04         15937.023    878.758     18.136      0.000

 SMOKE04  WITH
    AGE04              0.283      0.083      3.400      0.001
    GENDER            -0.150      0.002    -66.003      0.000
    KCAL04            57.559      3.561     16.163      0.000
    MET04              4.834      0.654      7.392      0.000

 EDUC04   WITH
    AGE04             -8.197      0.214    -38.323      0.000
    GENDER            -0.129      0.007    -19.799      0.000
    KCAL04            78.823      8.980      8.778      0.000
    MET04             -1.600      1.364     -1.173      0.241
    SMOKE04            0.042      0.006      6.667      0.000

 SYSTO04  WITH
    AGE04            117.511      3.332     35.264      0.000
    GENDER            -0.814      0.097     -8.390      0.000
    KCAL04          -956.319    134.130     -7.130      0.000
    MET04           -277.032     21.823    -12.694      0.000
    SMOKE04            0.674      0.115      5.864      0.000
    EDUC04            -3.734      0.277    -13.488      0.000

 DIASTO04 WITH
    AGE04             35.869      1.788     20.065      0.000
    GENDER            -0.691      0.059    -11.704      0.000
    KCAL04          -284.292     88.775     -3.202      0.001
    MET04            -84.616     13.403     -6.313      0.000
    SMOKE04            0.448      0.059      7.644      0.000
    EDUC04            -0.814      0.159     -5.129      0.000
    SYSTO04          148.440      3.430     43.275      0.000

 Q1       WITH
    AGE04             -0.282      0.066     -4.289      0.000
    GENDER            -0.002      0.002     -0.816      0.414
    KCAL04            13.589      2.923      4.649      0.000
    MET04              5.236      0.521     10.055      0.000
    SMOKE04            0.003      0.002      1.506      0.132
    EDUC04            -0.090      0.005    -17.679      0.000
    SYSTO04           -0.169      0.084     -2.017      0.044
    DIASTO04          -0.067      0.052     -1.289      0.197

 Q2       WITH
    AGE04              0.044      0.069      0.638      0.524
    GENDER             0.000      0.002      0.197      0.844
    KCAL04            -6.237      2.904     -2.148      0.032
    MET04             -5.769      0.460    -12.541      0.000
    SMOKE04            0.001      0.003      0.515      0.606
    EDUC04             0.025      0.006      4.250      0.000
    SYSTO04            0.392      0.084      4.657      0.000
    DIASTO04           0.366      0.050      7.374      0.000
    Q1                -0.063      0.001    -49.198      0.000

 Q3       WITH
    AGE04              0.451      0.069      6.511      0.000
    GENDER             0.003      0.002      1.310      0.190
    KCAL04           -19.122      2.929     -6.529      0.000
    MET04             -9.892      0.445    -22.230      0.000
    SMOKE04           -0.007      0.002     -3.067      0.002
    EDUC04             0.183      0.007     27.665      0.000
    SYSTO04            0.342      0.084      4.069      0.000
    DIASTO04          -0.011      0.048     -0.229      0.819
    Q1                -0.063      0.001    -48.817      0.000
    Q2                -0.062      0.001    -50.597      0.000

 Means
    AGE04             47.385      0.152    311.364      0.000
    GENDER             1.519      0.005    289.604      0.000
    KCAL04          2188.497      6.913    316.566      0.000
    MET04            116.550      1.210     96.339      0.000
    SMOKE04            0.335      0.006     60.747      0.000
    EDUC04             1.727      0.013    128.746      0.000
    SYSTO04          122.078      0.195    627.649      0.000
    DIASTO04          78.641      0.121    650.490      0.000
    Q1                 0.250      0.004     56.732      0.000
    Q2                 0.250      0.004     57.950      0.000
    Q3                 0.250      0.004     57.913      0.000
    IB                23.015      0.035    662.394      0.000

 Intercepts
    BMI04              0.000      0.000    999.000    999.000
    BMI06              0.000      0.000    999.000    999.000
    BMI09              0.000      0.000    999.000    999.000
    BMI11              0.000      0.000    999.000    999.000
    DQD04              0.000      0.000    999.000    999.000
    DQD06              0.000      0.000    999.000    999.000
    DQD09              0.000      0.000    999.000    999.000
    DQD11              0.000      0.000    999.000    999.000
    SB                 0.116      0.112      1.037      0.300
    ID                48.701      0.832     58.517      0.000
    SD                -0.445      0.198     -2.253      0.024

 Variances
    AGE04            235.499      2.976     79.132      0.000
    GENDER             0.250      0.000   1227.022      0.000
    KCAL04         *********   8168.494     56.104      0.000
    MET04          12717.717    342.390     37.144      0.000
    SMOKE04            0.276      0.021     13.035      0.000
    EDUC04             1.754      0.024     73.189      0.000
    SYSTO04          345.125      7.615     45.323      0.000
    DIASTO04         126.191      2.576     48.978      0.000
    Q1                 0.188      0.002     85.023      0.000
    Q2                 0.188      0.002     86.913      0.000
    Q3                 0.188      0.002     86.679      0.000
    IB                10.334      0.224     46.174      0.000

 Residual Variances
    BMI04              0.965      0.128      7.522      0.000
    BMI06              3.134      1.787      1.754      0.079
    BMI09              1.532      0.093     16.391      0.000
    BMI11             13.581      5.684      2.389      0.017
    DQD04             49.319      1.266     38.941      0.000
    DQD06             47.098      0.959     49.129      0.000
    DQD09             48.108      1.053     45.678      0.000
    DQD11             47.646      1.467     32.470      0.000
    SB                 0.045      0.004     11.053      0.000
    ID                14.668      0.971     15.104      0.000
    SD                 0.273      0.050      5.495      0.000

New/Additional Parameters
    IND1              -0.030      0.009     -3.462      0.001
    IND2              -0.057      0.014     -4.101      0.000
    IND3              -0.087      0.021     -4.149      0.000
    DI1                0.042      0.016      2.623      0.009
    DI2                0.049      0.021      2.346      0.019
    DI3                0.052      0.028      1.884      0.060
    TO1                0.012      0.013      0.960      0.337
    TO2               -0.008      0.014     -0.600      0.549
    TO3               -0.035      0.016     -2.186      0.029
    IND_L_1           -0.031      0.008     -3.988      0.000
    IND_L_2           -0.057      0.014     -4.099      0.000
    IND_L_3           -0.086      0.021     -4.108      0.000
    IND_S_1            0.001      0.003      0.351      0.725
    IND_S_2           -0.001      0.002     -0.297      0.766
    IND_S_3           -0.001      0.004     -0.362      0.718


CONFIDENCE INTERVALS OF MODEL RESULTS

                  Lower .5%  Lower 2.5%    Lower 5%    Estimate    Upper 5%  Upper 2.5%   Upper .5%

 IB       |
    BMI04            1.000       1.000       1.000       1.000       1.000       1.000       1.000
    BMI06            1.000       1.000       1.000       1.000       1.000       1.000       1.000
    BMI09            1.000       1.000       1.000       1.000       1.000       1.000       1.000
    BMI11            1.000       1.000       1.000       1.000       1.000       1.000       1.000

 SB       |
    BMI04            0.000       0.000       0.000       0.000       0.000       0.000       0.000
    BMI06            2.000       2.000       2.000       2.000       2.000       2.000       2.000
    BMI09            5.000       5.000       5.000       5.000       5.000       5.000       5.000
    BMI11            7.000       7.000       7.000       7.000       7.000       7.000       7.000

 ID       |
    DQD04            1.000       1.000       1.000       1.000       1.000       1.000       1.000
    DQD06            1.000       1.000       1.000       1.000       1.000       1.000       1.000
    DQD09            1.000       1.000       1.000       1.000       1.000       1.000       1.000
    DQD11            1.000       1.000       1.000       1.000       1.000       1.000       1.000

 SD       |
    DQD04            0.000       0.000       0.000       0.000       0.000       0.000       0.000
    DQD06            2.000       2.000       2.000       2.000       2.000       2.000       2.000
    DQD09            5.000       5.000       5.000       5.000       5.000       5.000       5.000
    DQD11            7.000       7.000       7.000       7.000       7.000       7.000       7.000

 SB       ON
    ID               0.003       0.004       0.005       0.008       0.011       0.012       0.013
    SD              -0.096      -0.064      -0.057      -0.011       0.034       0.039       0.055

 ID       ON
    Q1              -4.316      -4.192      -4.146      -3.820      -3.505      -3.438      -3.344
    Q2              -7.512      -7.430      -7.361      -7.029      -6.673      -6.612      -6.474
    Q3             -11.273     -11.093     -11.023     -10.647     -10.254     -10.159     -10.023
    AGE04           -0.060      -0.054      -0.053      -0.042      -0.032      -0.030      -0.027
    GENDER          -2.162      -2.028      -1.952      -1.643      -1.328      -1.280      -1.101
    KCAL04           0.000       0.000       0.000       0.001       0.001       0.001       0.001
    MET04           -0.002      -0.001      -0.001       0.000       0.001       0.002       0.002
    EDUC04          -1.332      -1.279      -1.254      -1.134      -1.014      -0.993      -0.951
    SYSTO04         -0.028      -0.021      -0.019      -0.008       0.001       0.003       0.007
    DIASTO04        -0.002       0.004       0.007       0.022       0.038       0.040       0.047
    SMOKE04         -0.222      -0.138      -0.071       0.220       0.489       0.540       0.606

 SD       ON
    Q1              -0.205      -0.185      -0.174      -0.100      -0.030      -0.017       0.021
    Q2              -0.069      -0.039      -0.017       0.066       0.147       0.162       0.199
    Q3              -0.010       0.023       0.039       0.126       0.212       0.224       0.259
    AGE04            0.000       0.001       0.002       0.004       0.007       0.007       0.008
    GENDER          -0.201      -0.171      -0.152      -0.079      -0.005       0.007       0.026
    KCAL04           0.000       0.000       0.000       0.000       0.000       0.000       0.000
    MET04            0.000       0.000       0.000       0.000       0.000       0.001       0.001
    EDUC04          -0.005       0.003       0.008       0.036       0.062       0.068       0.077
    SYSTO04         -0.003      -0.002      -0.001       0.001       0.004       0.004       0.005
    DIASTO04        -0.010      -0.007      -0.007      -0.003       0.001       0.001       0.003
    SMOKE04         -0.140      -0.107      -0.092      -0.025       0.047       0.058       0.089

 SB       ON
    Q1               0.000       0.012       0.017       0.042       0.070       0.075       0.085
    Q2              -0.002       0.007       0.015       0.049       0.083       0.094       0.105
    Q3              -0.019      -0.001       0.007       0.052       0.101       0.111       0.125
    AGE04           -0.004      -0.004      -0.004      -0.003      -0.003      -0.002      -0.002
    GENDER          -0.056      -0.048      -0.045      -0.023      -0.001       0.003       0.013
    KCAL04           0.000       0.000       0.000       0.000       0.000       0.000       0.000
    MET04            0.000       0.000       0.000       0.000       0.000       0.000       0.000
    EDUC04          -0.015      -0.012      -0.011      -0.003       0.005       0.007       0.010
    SYSTO04         -0.002      -0.002      -0.002      -0.001      -0.001      -0.001       0.000
    DIASTO04        -0.002      -0.002      -0.002       0.000       0.001       0.001       0.001
    SMOKE04         -0.048      -0.041      -0.037      -0.016       0.002       0.007       0.014

 IB       WITH
    SB              -0.152      -0.137      -0.132      -0.095      -0.041      -0.036      -0.024

 ID       WITH
    SD              -1.281      -1.145      -1.090      -0.776      -0.454      -0.383      -0.286

 AGE04    WITH
    IB               2.433       2.778       2.912       3.954       4.981       5.143       5.418

 GENDER   WITH
    IB               0.006       0.014       0.019       0.049       0.078       0.083       0.093

 KCAL04   WITH
    IB              -6.473       9.152      16.976      56.513      93.948     101.031     115.200

 MET04    WITH
    IB             -28.885     -26.645     -25.331     -19.114     -12.144     -10.826      -7.888

 SMOKE04  WITH
    IB              -0.138      -0.125      -0.121      -0.094      -0.066      -0.062      -0.052

 EDUC04   WITH
    IB              -0.062      -0.042      -0.027       0.054       0.133       0.147       0.165

 SYSTO04  WITH
    IB              14.294      14.891      15.160      16.406      17.633      17.803      18.166

 DIASTO04 WITH
    IB               9.513       9.731       9.926      10.651      11.358      11.466      11.689

 Q1       WITH
    IB              -0.110      -0.103      -0.097      -0.073      -0.049      -0.044      -0.037

 Q2       WITH
    IB               0.072       0.080       0.085       0.109       0.132       0.137       0.147

 Q3       WITH
    IB               0.039       0.053       0.059       0.086       0.110       0.114       0.124

 GENDER   WITH
    AGE04           -0.006       0.046       0.064       0.199       0.319       0.343       0.397

 KCAL04   WITH
    AGE04        -1651.838   -1575.775   -1549.657   -1363.375   -1195.060   -1159.546   -1090.140
    GENDER        -101.226     -98.376     -97.286     -91.666     -86.432     -85.485     -83.590

 MET04    WITH
    AGE04         -467.177    -455.315    -449.850    -420.179    -392.135    -388.168    -377.242
    GENDER          -9.748      -9.376      -9.108      -8.121      -7.098      -6.870      -6.599
    KCAL04       13901.140   14296.069   14562.262   15937.023   17437.324   17666.566   18420.074

 SMOKE04  WITH
    AGE04            0.074       0.124       0.148       0.283       0.423       0.444       0.488
    GENDER          -0.156      -0.155      -0.154      -0.150      -0.147      -0.146      -0.144
    KCAL04          48.605      50.673      51.855      57.559      63.264      64.705      67.847
    MET04            3.126       3.542       3.737       4.834       5.914       6.109       6.452

 EDUC04   WITH
    AGE04           -8.739      -8.629      -8.555      -8.197      -7.852      -7.768      -7.681
    GENDER          -0.146      -0.141      -0.139      -0.129      -0.118      -0.116      -0.111
    KCAL04          55.242      61.718      63.881      78.823      94.244      97.236     101.289
    MET04           -4.815      -4.311      -3.895      -1.600       0.588       0.982       1.636
    SMOKE04          0.025       0.030       0.032       0.042       0.052       0.054       0.058

 SYSTO04  WITH
    AGE04          108.199     110.655     112.059     117.511     122.762     124.216     125.818
    GENDER          -1.046      -1.007      -0.979      -0.814      -0.658      -0.631      -0.572
    KCAL04       -1281.550   -1216.145   -1170.122    -956.319    -734.882    -703.594    -614.348
    MET04         -333.237    -319.409    -312.257    -277.032    -241.147    -234.139    -217.049
    SMOKE04          0.407       0.470       0.503       0.674       0.876       0.925       1.010
    EDUC04          -4.493      -4.297      -4.185      -3.734      -3.278      -3.186      -3.035

 DIASTO04 WITH
    AGE04           31.241      32.312      32.976      35.869      38.764      39.332      40.309
    GENDER          -0.847      -0.803      -0.793      -0.691      -0.595      -0.579      -0.547
    KCAL04        -525.552    -459.265    -437.263    -284.292    -140.183    -118.874     -64.854
    MET04         -118.472    -111.394    -108.164     -84.616     -63.030     -59.815     -52.519
    SMOKE04          0.303       0.335       0.357       0.448       0.548       0.570       0.608
    EDUC04          -1.280      -1.145      -1.083      -0.814      -0.555      -0.513      -0.434
    SYSTO04        139.403     141.467     142.658     148.440     153.832     155.035     157.219

 Q1       WITH
    AGE04           -0.459      -0.414      -0.396      -0.282      -0.180      -0.165      -0.123
    GENDER          -0.008      -0.007      -0.006      -0.002       0.002       0.002       0.004
    KCAL04           6.749       8.335       9.068      13.589      18.380      19.476      22.188
    MET04            3.854       4.238       4.417       5.236       6.104       6.222       6.507
    SMOKE04         -0.002      -0.001       0.000       0.003       0.007       0.007       0.008
    EDUC04          -0.105      -0.101      -0.099      -0.090      -0.082      -0.081      -0.078
    SYSTO04         -0.396      -0.333      -0.309      -0.169      -0.035      -0.008       0.047
    DIASTO04        -0.210      -0.169      -0.152      -0.067       0.017       0.032       0.067

 Q2       WITH
    AGE04           -0.148      -0.087      -0.065       0.044       0.164       0.182       0.225
    GENDER          -0.005      -0.004      -0.003       0.000       0.004       0.005       0.006
    KCAL04         -13.893     -11.883     -11.130      -6.237      -1.683      -0.694       0.979
    MET04           -7.011      -6.693      -6.533      -5.769      -5.010      -4.901      -4.672
    SMOKE04         -0.005      -0.003      -0.003       0.001       0.006       0.007       0.008
    EDUC04           0.010       0.013       0.015       0.025       0.034       0.037       0.041
    SYSTO04          0.167       0.217       0.252       0.392       0.532       0.554       0.603
    DIASTO04         0.230       0.267       0.285       0.366       0.452       0.462       0.486
    Q1              -0.066      -0.065      -0.065      -0.063      -0.061      -0.060      -0.060

 Q3       WITH
    AGE04            0.265       0.319       0.337       0.451       0.560       0.587       0.646
    GENDER          -0.003      -0.001      -0.001       0.003       0.007       0.007       0.009
    KCAL04         -26.925     -25.162     -23.999     -19.122     -14.415     -13.632     -12.225
    MET04          -11.212     -10.795     -10.663      -9.892      -9.177      -9.074      -8.844
    SMOKE04         -0.014      -0.012      -0.011      -0.007      -0.003      -0.003      -0.002
    EDUC04           0.164       0.170       0.172       0.183       0.193       0.196       0.200
    SYSTO04          0.108       0.177       0.205       0.342       0.477       0.505       0.550
    DIASTO04        -0.139      -0.109      -0.090      -0.011       0.064       0.085       0.112
    Q1              -0.066      -0.065      -0.065      -0.063      -0.061      -0.060      -0.059
    Q2              -0.066      -0.065      -0.064      -0.062      -0.060      -0.060      -0.059

 Means
    AGE04           46.990      47.063      47.134      47.385      47.623      47.684      47.803
    GENDER           1.505       1.509       1.511       1.519       1.527       1.529       1.533
    KCAL04        2171.270    2174.952    2176.839    2188.497    2200.025    2201.453    2206.185
    MET04          113.217     114.125     114.473     116.550     118.548     118.869     119.695
    SMOKE04          0.321       0.324       0.326       0.335       0.344       0.345       0.349
    EDUC04           1.692       1.700       1.704       1.727       1.749       1.753       1.764
    SYSTO04        121.586     121.701     121.761     122.078     122.393     122.442     122.608
    DIASTO04        78.328      78.403      78.443      78.641      78.830      78.875      78.976
    Q1               0.239       0.240       0.243       0.250       0.257       0.258       0.261
    Q2               0.239       0.242       0.243       0.250       0.257       0.259       0.262
    Q3               0.238       0.242       0.243       0.250       0.257       0.258       0.261
    IB              22.924      22.940      22.952      23.015      23.071      23.080      23.096

 Intercepts
    BMI04            0.000       0.000       0.000       0.000       0.000       0.000       0.000
    BMI06            0.000       0.000       0.000       0.000       0.000       0.000       0.000
    BMI09            0.000       0.000       0.000       0.000       0.000       0.000       0.000
    BMI11            0.000       0.000       0.000       0.000       0.000       0.000       0.000
    DQD04            0.000       0.000       0.000       0.000       0.000       0.000       0.000
    DQD06            0.000       0.000       0.000       0.000       0.000       0.000       0.000
    DQD09            0.000       0.000       0.000       0.000       0.000       0.000       0.000
    DQD11            0.000       0.000       0.000       0.000       0.000       0.000       0.000
    SB              -0.195      -0.115      -0.075       0.116       0.291       0.323       0.367
    ID              46.589      47.127      47.307      48.701      50.097      50.338      50.967
    SD              -0.954      -0.857      -0.771      -0.445      -0.114      -0.057       0.028

 Variances
    AGE04          228.029     229.925     230.677     235.499     240.541     241.408     242.897
    GENDER           0.249       0.249       0.249       0.250       0.250       0.250       0.250
    KCAL04       *********  441441.438  444368.469  458288.875  470965.500  473600.062  479769.688
    MET04        11909.416   12110.321   12206.552   12717.717   13307.558   13422.859   13760.377
    SMOKE04          0.228       0.237       0.243       0.276       0.311       0.318       0.333
    EDUC04           1.692       1.706       1.713       1.754       1.792       1.800       1.815
    SYSTO04        325.226     329.559     331.891     345.125     357.186     359.377     362.801
    DIASTO04       119.097     121.124     121.942     126.191     130.480     131.047     132.800
    Q1               0.182       0.183       0.184       0.188       0.191       0.192       0.193
    Q2               0.182       0.183       0.184       0.188       0.191       0.192       0.193
    Q3               0.181       0.184       0.184       0.188       0.191       0.192       0.193
    IB               9.746       9.873       9.959      10.334      10.674      10.757      10.932

 Residual Variances
    BMI04            0.727       0.770       0.807       0.965       1.205       1.230       1.264
    BMI06            1.191       1.218       1.232       3.134       6.556       6.640       8.313
    BMI09            1.266       1.326       1.349       1.532       1.656       1.680       1.730
    BMI11            5.012       5.834       6.206      13.581      23.867      26.514      35.722
    DQD04           45.575      46.715      47.191      49.319      51.367      51.691      52.426
    DQD06           44.635      45.165      45.504      47.098      48.621      48.842      49.456
    DQD09           45.313      45.990      46.344      48.108      49.841      50.118      50.620
    DQD11           43.714      44.772      45.181      47.646      50.121      50.541      51.744
    SB               0.035       0.038       0.039       0.045       0.052       0.053       0.056
    ID              12.195      12.643      12.993      14.668      16.181      16.518      17.137
    SD               0.145       0.176       0.191       0.273       0.353       0.368       0.397

New/Additional Parameters
    IND1            -0.051      -0.046      -0.044      -0.030      -0.016      -0.013      -0.007
    IND2            -0.103      -0.086      -0.081      -0.057      -0.035      -0.032      -0.021
    IND3            -0.150      -0.131      -0.122      -0.087      -0.053      -0.048      -0.034
    DI1              0.000       0.012       0.017       0.042       0.070       0.075       0.085
    DI2             -0.002       0.007       0.015       0.049       0.083       0.094       0.105
    DI3             -0.019      -0.001       0.007       0.052       0.101       0.111       0.125
    TO1             -0.018      -0.010      -0.007       0.012       0.034       0.040       0.046
    TO2             -0.043      -0.035      -0.031      -0.008       0.015       0.020       0.030
    TO3             -0.073      -0.065      -0.059      -0.035      -0.008      -0.003       0.006
    IND_L_1         -0.051      -0.046      -0.044      -0.031      -0.019      -0.017      -0.012
    IND_L_2         -0.096      -0.085      -0.080      -0.057      -0.035      -0.031      -0.023
    IND_L_3         -0.144      -0.129      -0.121      -0.086      -0.052      -0.047      -0.034
    IND_S_1         -0.008      -0.005      -0.003       0.001       0.007       0.008       0.011
    IND_S_2         -0.011      -0.006      -0.005      -0.001       0.003       0.004       0.007
    IND_S_3         -0.016      -0.009      -0.008      -0.001       0.004       0.006       0.009


TECHNICAL 1 OUTPUT


     PARAMETER SPECIFICATION


           NU
              BMI04         BMI06         BMI09         BMI11         DQD04
              ________      ________      ________      ________      ________
 1                  0             0             0             0             0


           NU
              DQD06         DQD09         DQD11         AGE04         GENDER
              ________      ________      ________      ________      ________
 1                  0             0             0             0             0


           NU
              KCAL04        MET04         SMOKE04       EDUC04        SYSTO04
              ________      ________      ________      ________      ________
 1                  0             0             0             0             0


           NU
              DIASTO04      Q1            Q2            Q3
              ________      ________      ________      ________
 1                  0             0             0             0


           LAMBDA
              IB            SB            ID            SD            AGE04
              ________      ________      ________      ________      ________
 BMI04              0             0             0             0             0
 BMI06              0             0             0             0             0
 BMI09              0             0             0             0             0
 BMI11              0             0             0             0             0
 DQD04              0             0             0             0             0
 DQD06              0             0             0             0             0
 DQD09              0             0             0             0             0
 DQD11              0             0             0             0             0
 AGE04              0             0             0             0             0
 GENDER             0             0             0             0             0
 KCAL04             0             0             0             0             0
 MET04              0             0             0             0             0
 SMOKE04            0             0             0             0             0
 EDUC04             0             0             0             0             0
 SYSTO04            0             0             0             0             0
 DIASTO04           0             0             0             0             0
 Q1                 0             0             0             0             0
 Q2                 0             0             0             0             0
 Q3                 0             0             0             0             0


           LAMBDA
              GENDER        KCAL04        MET04         SMOKE04       EDUC04
              ________      ________      ________      ________      ________
 BMI04              0             0             0             0             0
 BMI06              0             0             0             0             0
 BMI09              0             0             0             0             0
 BMI11              0             0             0             0             0
 DQD04              0             0             0             0             0
 DQD06              0             0             0             0             0
 DQD09              0             0             0             0             0
 DQD11              0             0             0             0             0
 AGE04              0             0             0             0             0
 GENDER             0             0             0             0             0
 KCAL04             0             0             0             0             0
 MET04              0             0             0             0             0
 SMOKE04            0             0             0             0             0
 EDUC04             0             0             0             0             0
 SYSTO04            0             0             0             0             0
 DIASTO04           0             0             0             0             0
 Q1                 0             0             0             0             0
 Q2                 0             0             0             0             0
 Q3                 0             0             0             0             0


           LAMBDA
              SYSTO04       DIASTO04      Q1            Q2            Q3
              ________      ________      ________      ________      ________
 BMI04              0             0             0             0             0
 BMI06              0             0             0             0             0
 BMI09              0             0             0             0             0
 BMI11              0             0             0             0             0
 DQD04              0             0             0             0             0
 DQD06              0             0             0             0             0
 DQD09              0             0             0             0             0
 DQD11              0             0             0             0             0
 AGE04              0             0             0             0             0
 GENDER             0             0             0             0             0
 KCAL04             0             0             0             0             0
 MET04              0             0             0             0             0
 SMOKE04            0             0             0             0             0
 EDUC04             0             0             0             0             0
 SYSTO04            0             0             0             0             0
 DIASTO04           0             0             0             0             0
 Q1                 0             0             0             0             0
 Q2                 0             0             0             0             0
 Q3                 0             0             0             0             0


           THETA
              BMI04         BMI06         BMI09         BMI11         DQD04
              ________      ________      ________      ________      ________
 BMI04              1
 BMI06              0             2
 BMI09              0             0             3
 BMI11              0             0             0             4
 DQD04              0             0             0             0             5
 DQD06              0             0             0             0             0
 DQD09              0             0             0             0             0
 DQD11              0             0             0             0             0
 AGE04              0             0             0             0             0
 GENDER             0             0             0             0             0
 KCAL04             0             0             0             0             0
 MET04              0             0             0             0             0
 SMOKE04            0             0             0             0             0
 EDUC04             0             0             0             0             0
 SYSTO04            0             0             0             0             0
 DIASTO04           0             0             0             0             0
 Q1                 0             0             0             0             0
 Q2                 0             0             0             0             0
 Q3                 0             0             0             0             0


           THETA
              DQD06         DQD09         DQD11         AGE04         GENDER
              ________      ________      ________      ________      ________
 DQD06              6
 DQD09              0             7
 DQD11              0             0             8
 AGE04              0             0             0             0
 GENDER             0             0             0             0             0
 KCAL04             0             0             0             0             0
 MET04              0             0             0             0             0
 SMOKE04            0             0             0             0             0
 EDUC04             0             0             0             0             0
 SYSTO04            0             0             0             0             0
 DIASTO04           0             0             0             0             0
 Q1                 0             0             0             0             0
 Q2                 0             0             0             0             0
 Q3                 0             0             0             0             0


           THETA
              KCAL04        MET04         SMOKE04       EDUC04        SYSTO04
              ________      ________      ________      ________      ________
 KCAL04             0
 MET04              0             0
 SMOKE04            0             0             0
 EDUC04             0             0             0             0
 SYSTO04            0             0             0             0             0
 DIASTO04           0             0             0             0             0
 Q1                 0             0             0             0             0
 Q2                 0             0             0             0             0
 Q3                 0             0             0             0             0


           THETA
              DIASTO04      Q1            Q2            Q3
              ________      ________      ________      ________
 DIASTO04           0
 Q1                 0             0
 Q2                 0             0             0
 Q3                 0             0             0             0


           ALPHA
              IB            SB            ID            SD            AGE04
              ________      ________      ________      ________      ________
 1                  9            10            11            12            13


           ALPHA
              GENDER        KCAL04        MET04         SMOKE04       EDUC04
              ________      ________      ________      ________      ________
 1                 14            15            16            17            18


           ALPHA
              SYSTO04       DIASTO04      Q1            Q2            Q3
              ________      ________      ________      ________      ________
 1                 19            20            21            22            23


           BETA
              IB            SB            ID            SD            AGE04
              ________      ________      ________      ________      ________
 IB                 0             0             0             0             0
 SB                 0             0            24            25            26
 ID                 0             0             0             0            37
 SD                 0             0             0             0            48
 AGE04              0             0             0             0             0
 GENDER             0             0             0             0             0
 KCAL04             0             0             0             0             0
 MET04              0             0             0             0             0
 SMOKE04            0             0             0             0             0
 EDUC04             0             0             0             0             0
 SYSTO04            0             0             0             0             0
 DIASTO04           0             0             0             0             0
 Q1                 0             0             0             0             0
 Q2                 0             0             0             0             0
 Q3                 0             0             0             0             0


           BETA
              GENDER        KCAL04        MET04         SMOKE04       EDUC04
              ________      ________      ________      ________      ________
 IB                 0             0             0             0             0
 SB                27            28            29            30            31
 ID                38            39            40            41            42
 SD                49            50            51            52            53
 AGE04              0             0             0             0             0
 GENDER             0             0             0             0             0
 KCAL04             0             0             0             0             0
 MET04              0             0             0             0             0
 SMOKE04            0             0             0             0             0
 EDUC04             0             0             0             0             0
 SYSTO04            0             0             0             0             0
 DIASTO04           0             0             0             0             0
 Q1                 0             0             0             0             0
 Q2                 0             0             0             0             0
 Q3                 0             0             0             0             0


           BETA
              SYSTO04       DIASTO04      Q1            Q2            Q3
              ________      ________      ________      ________      ________
 IB                 0             0             0             0             0
 SB                32            33            34            35            36
 ID                43            44            45            46            47
 SD                54            55            56            57            58
 AGE04              0             0             0             0             0
 GENDER             0             0             0             0             0
 KCAL04             0             0             0             0             0
 MET04              0             0             0             0             0
 SMOKE04            0             0             0             0             0
 EDUC04             0             0             0             0             0
 SYSTO04            0             0             0             0             0
 DIASTO04           0             0             0             0             0
 Q1                 0             0             0             0             0
 Q2                 0             0             0             0             0
 Q3                 0             0             0             0             0


           PSI
              IB            SB            ID            SD            AGE04
              ________      ________      ________      ________      ________
 IB                59
 SB                60            61
 ID                 0             0            62
 SD                 0             0            63            64
 AGE04             65             0             0             0            66
 GENDER            67             0             0             0            68
 KCAL04            70             0             0             0            71
 MET04             74             0             0             0            75
 SMOKE04           79             0             0             0            80
 EDUC04            85             0             0             0            86
 SYSTO04           92             0             0             0            93
 DIASTO04         100             0             0             0           101
 Q1               109             0             0             0           110
 Q2               119             0             0             0           120
 Q3               130             0             0             0           131


           PSI
              GENDER        KCAL04        MET04         SMOKE04       EDUC04
              ________      ________      ________      ________      ________
 GENDER            69
 KCAL04            72            73
 MET04             76            77            78
 SMOKE04           81            82            83            84
 EDUC04            87            88            89            90            91
 SYSTO04           94            95            96            97            98
 DIASTO04         102           103           104           105           106
 Q1               111           112           113           114           115
 Q2               121           122           123           124           125
 Q3               132           133           134           135           136


           PSI
              SYSTO04       DIASTO04      Q1            Q2            Q3
              ________      ________      ________      ________      ________
 SYSTO04           99
 DIASTO04         107           108
 Q1               116           117           118
 Q2               126           127           128           129
 Q3               137           138           139           140           141


     PARAMETER SPECIFICATION FOR THE ADDITIONAL PARAMETERS


           NEW/ADDITIONAL PARAMETERS
              IND1          IND2          IND3          DI1           DI2
              ________      ________      ________      ________      ________
 1                142           143           144           145           146


           NEW/ADDITIONAL PARAMETERS
              DI3           TO1           TO2           TO3           IND_L_1
              ________      ________      ________      ________      ________
 1                147           148           149           150           151


           NEW/ADDITIONAL PARAMETERS
              IND_L_2       IND_L_3       IND_S_1       IND_S_2       IND_S_3
              ________      ________      ________      ________      ________
 1                152           153           154           155           156


     STARTING VALUES


           NU
              BMI04         BMI06         BMI09         BMI11         DQD04
              ________      ________      ________      ________      ________
 1              0.000         0.000         0.000         0.000         0.000


           NU
              DQD06         DQD09         DQD11         AGE04         GENDER
              ________      ________      ________      ________      ________
 1              0.000         0.000         0.000         0.000         0.000


           NU
              KCAL04        MET04         SMOKE04       EDUC04        SYSTO04
              ________      ________      ________      ________      ________
 1              0.000         0.000         0.000         0.000         0.000


           NU
              DIASTO04      Q1            Q2            Q3
              ________      ________      ________      ________
 1              0.000         0.000         0.000         0.000


           LAMBDA
              IB            SB            ID            SD            AGE04
              ________      ________      ________      ________      ________
 BMI04          1.000         0.000         0.000         0.000         0.000
 BMI06          1.000         2.000         0.000         0.000         0.000
 BMI09          1.000         5.000         0.000         0.000         0.000
 BMI11          1.000         7.000         0.000         0.000         0.000
 DQD04          0.000         0.000         1.000         0.000         0.000
 DQD06          0.000         0.000         1.000         2.000         0.000
 DQD09          0.000         0.000         1.000         5.000         0.000
 DQD11          0.000         0.000         1.000         7.000         0.000
 AGE04          0.000         0.000         0.000         0.000         1.000
 GENDER         0.000         0.000         0.000         0.000         0.000
 KCAL04         0.000         0.000         0.000         0.000         0.000
 MET04          0.000         0.000         0.000         0.000         0.000
 SMOKE04        0.000         0.000         0.000         0.000         0.000
 EDUC04         0.000         0.000         0.000         0.000         0.000
 SYSTO04        0.000         0.000         0.000         0.000         0.000
 DIASTO04       0.000         0.000         0.000         0.000         0.000
 Q1             0.000         0.000         0.000         0.000         0.000
 Q2             0.000         0.000         0.000         0.000         0.000
 Q3             0.000         0.000         0.000         0.000         0.000


           LAMBDA
              GENDER        KCAL04        MET04         SMOKE04       EDUC04
              ________      ________      ________      ________      ________
 BMI04          0.000         0.000         0.000         0.000         0.000
 BMI06          0.000         0.000         0.000         0.000         0.000
 BMI09          0.000         0.000         0.000         0.000         0.000
 BMI11          0.000         0.000         0.000         0.000         0.000
 DQD04          0.000         0.000         0.000         0.000         0.000
 DQD06          0.000         0.000         0.000         0.000         0.000
 DQD09          0.000         0.000         0.000         0.000         0.000
 DQD11          0.000         0.000         0.000         0.000         0.000
 AGE04          0.000         0.000         0.000         0.000         0.000
 GENDER         1.000         0.000         0.000         0.000         0.000
 KCAL04         0.000         1.000         0.000         0.000         0.000
 MET04          0.000         0.000         1.000         0.000         0.000
 SMOKE04        0.000         0.000         0.000         1.000         0.000
 EDUC04         0.000         0.000         0.000         0.000         1.000
 SYSTO04        0.000         0.000         0.000         0.000         0.000
 DIASTO04       0.000         0.000         0.000         0.000         0.000
 Q1             0.000         0.000         0.000         0.000         0.000
 Q2             0.000         0.000         0.000         0.000         0.000
 Q3             0.000         0.000         0.000         0.000         0.000


           LAMBDA
              SYSTO04       DIASTO04      Q1            Q2            Q3
              ________      ________      ________      ________      ________
 BMI04          0.000         0.000         0.000         0.000         0.000
 BMI06          0.000         0.000         0.000         0.000         0.000
 BMI09          0.000         0.000         0.000         0.000         0.000
 BMI11          0.000         0.000         0.000         0.000         0.000
 DQD04          0.000         0.000         0.000         0.000         0.000
 DQD06          0.000         0.000         0.000         0.000         0.000
 DQD09          0.000         0.000         0.000         0.000         0.000
 DQD11          0.000         0.000         0.000         0.000         0.000
 AGE04          0.000         0.000         0.000         0.000         0.000
 GENDER         0.000         0.000         0.000         0.000         0.000
 KCAL04         0.000         0.000         0.000         0.000         0.000
 MET04          0.000         0.000         0.000         0.000         0.000
 SMOKE04        0.000         0.000         0.000         0.000         0.000
 EDUC04         0.000         0.000         0.000         0.000         0.000
 SYSTO04        1.000         0.000         0.000         0.000         0.000
 DIASTO04       0.000         1.000         0.000         0.000         0.000
 Q1             0.000         0.000         1.000         0.000         0.000
 Q2             0.000         0.000         0.000         1.000         0.000
 Q3             0.000         0.000         0.000         0.000         1.000


           THETA
              BMI04         BMI06         BMI09         BMI11         DQD04
              ________      ________      ________      ________      ________
 BMI04          5.617
 BMI06          0.000         6.364
 BMI09          0.000         0.000         5.891
 BMI11          0.000         0.000         0.000        11.820
 DQD04          0.000         0.000         0.000         0.000        42.544
 DQD06          0.000         0.000         0.000         0.000         0.000
 DQD09          0.000         0.000         0.000         0.000         0.000
 DQD11          0.000         0.000         0.000         0.000         0.000
 AGE04          0.000         0.000         0.000         0.000         0.000
 GENDER         0.000         0.000         0.000         0.000         0.000
 KCAL04         0.000         0.000         0.000         0.000         0.000
 MET04          0.000         0.000         0.000         0.000         0.000
 SMOKE04        0.000         0.000         0.000         0.000         0.000
 EDUC04         0.000         0.000         0.000         0.000         0.000
 SYSTO04        0.000         0.000         0.000         0.000         0.000
 DIASTO04       0.000         0.000         0.000         0.000         0.000
 Q1             0.000         0.000         0.000         0.000         0.000
 Q2             0.000         0.000         0.000         0.000         0.000
 Q3             0.000         0.000         0.000         0.000         0.000


           THETA
              DQD06         DQD09         DQD11         AGE04         GENDER
              ________      ________      ________      ________      ________
 DQD06         42.144
 DQD09          0.000        39.828
 DQD11          0.000         0.000        40.463
 AGE04          0.000         0.000         0.000         0.000
 GENDER         0.000         0.000         0.000         0.000         0.000
 KCAL04         0.000         0.000         0.000         0.000         0.000
 MET04          0.000         0.000         0.000         0.000         0.000
 SMOKE04        0.000         0.000         0.000         0.000         0.000
 EDUC04         0.000         0.000         0.000         0.000         0.000
 SYSTO04        0.000         0.000         0.000         0.000         0.000
 DIASTO04       0.000         0.000         0.000         0.000         0.000
 Q1             0.000         0.000         0.000         0.000         0.000
 Q2             0.000         0.000         0.000         0.000         0.000
 Q3             0.000         0.000         0.000         0.000         0.000


           THETA
              KCAL04        MET04         SMOKE04       EDUC04        SYSTO04
              ________      ________      ________      ________      ________
 KCAL04         0.000
 MET04          0.000         0.000
 SMOKE04        0.000         0.000         0.000
 EDUC04         0.000         0.000         0.000         0.000
 SYSTO04        0.000         0.000         0.000         0.000         0.000
 DIASTO04       0.000         0.000         0.000         0.000         0.000
 Q1             0.000         0.000         0.000         0.000         0.000
 Q2             0.000         0.000         0.000         0.000         0.000
 Q3             0.000         0.000         0.000         0.000         0.000


           THETA
              DIASTO04      Q1            Q2            Q3
              ________      ________      ________      ________
 DIASTO04       0.000
 Q1             0.000         0.000
 Q2             0.000         0.000         0.000
 Q3             0.000         0.000         0.000         0.000


           ALPHA
              IB            SB            ID            SD            AGE04
              ________      ________      ________      ________      ________
 1             23.091         0.035        38.663        -0.659        47.385


           ALPHA
              GENDER        KCAL04        MET04         SMOKE04       EDUC04
              ________      ________      ________      ________      ________
 1              1.519      2188.497       118.186         0.334         1.724


           ALPHA
              SYSTO04       DIASTO04      Q1            Q2            Q3
              ________      ________      ________      ________      ________
 1            122.224        78.671         0.250         0.250         0.250


           BETA
              IB            SB            ID            SD            AGE04
              ________      ________      ________      ________      ________
 IB             0.000         0.000         0.000         0.000         0.000
 SB             0.000         0.000         0.000         0.000         0.000
 ID             0.000         0.000         0.000         0.000         0.000
 SD             0.000         0.000         0.000         0.000         0.000
 AGE04          0.000         0.000         0.000         0.000         0.000
 GENDER         0.000         0.000         0.000         0.000         0.000
 KCAL04         0.000         0.000         0.000         0.000         0.000
 MET04          0.000         0.000         0.000         0.000         0.000
 SMOKE04        0.000         0.000         0.000         0.000         0.000
 EDUC04         0.000         0.000         0.000         0.000         0.000
 SYSTO04        0.000         0.000         0.000         0.000         0.000
 DIASTO04       0.000         0.000         0.000         0.000         0.000
 Q1             0.000         0.000         0.000         0.000         0.000
 Q2             0.000         0.000         0.000         0.000         0.000
 Q3             0.000         0.000         0.000         0.000         0.000


           BETA
              GENDER        KCAL04        MET04         SMOKE04       EDUC04
              ________      ________      ________      ________      ________
 IB             0.000         0.000         0.000         0.000         0.000
 SB             0.000         0.000         0.000         0.000         0.000
 ID             0.000         0.000         0.000         0.000         0.000
 SD             0.000         0.000         0.000         0.000         0.000
 AGE04          0.000         0.000         0.000         0.000         0.000
 GENDER         0.000         0.000         0.000         0.000         0.000
 KCAL04         0.000         0.000         0.000         0.000         0.000
 MET04          0.000         0.000         0.000         0.000         0.000
 SMOKE04        0.000         0.000         0.000         0.000         0.000
 EDUC04         0.000         0.000         0.000         0.000         0.000
 SYSTO04        0.000         0.000         0.000         0.000         0.000
 DIASTO04       0.000         0.000         0.000         0.000         0.000
 Q1             0.000         0.000         0.000         0.000         0.000
 Q2             0.000         0.000         0.000         0.000         0.000
 Q3             0.000         0.000         0.000         0.000         0.000


           BETA
              SYSTO04       DIASTO04      Q1            Q2            Q3
              ________      ________      ________      ________      ________
 IB             0.000         0.000         0.000         0.000         0.000
 SB             0.000         0.000         0.000         0.000         0.000
 ID             0.000         0.000         0.000         0.000         0.000
 SD             0.000         0.000         0.000         0.000         0.000
 AGE04          0.000         0.000         0.000         0.000         0.000
 GENDER         0.000         0.000         0.000         0.000         0.000
 KCAL04         0.000         0.000         0.000         0.000         0.000
 MET04          0.000         0.000         0.000         0.000         0.000
 SMOKE04        0.000         0.000         0.000         0.000         0.000
 EDUC04         0.000         0.000         0.000         0.000         0.000
 SYSTO04        0.000         0.000         0.000         0.000         0.000
 DIASTO04       0.000         0.000         0.000         0.000         0.000
 Q1             0.000         0.000         0.000         0.000         0.000
 Q2             0.000         0.000         0.000         0.000         0.000
 Q3             0.000         0.000         0.000         0.000         0.000


           PSI
              IB            SB            ID            SD            AGE04
              ________      ________      ________      ________      ________
 IB            11.513
 SB             0.000         0.570
 ID             0.000         0.000        82.962
 SD             0.000         0.000         0.000        18.488
 AGE04          0.000         0.000         0.000         0.000       117.749
 GENDER         0.000         0.000         0.000         0.000         0.000
 KCAL04         0.000         0.000         0.000         0.000         0.000
 MET04          0.000         0.000         0.000         0.000         0.000
 SMOKE04        0.000         0.000         0.000         0.000         0.000
 EDUC04         0.000         0.000         0.000         0.000         0.000
 SYSTO04        0.000         0.000         0.000         0.000         0.000
 DIASTO04       0.000         0.000         0.000         0.000         0.000
 Q1             0.000         0.000         0.000         0.000         0.000
 Q2             0.000         0.000         0.000         0.000         0.000
 Q3             0.000         0.000         0.000         0.000         0.000


           PSI
              GENDER        KCAL04        MET04         SMOKE04       EDUC04
              ________      ________      ________      ________      ________
 GENDER         0.125
 KCAL04         0.000    229144.438
 MET04          0.000         0.000      6315.442
 SMOKE04        0.000         0.000         0.000         0.138
 EDUC04         0.000         0.000         0.000         0.000         0.876
 SYSTO04        0.000         0.000         0.000         0.000         0.000
 DIASTO04       0.000         0.000         0.000         0.000         0.000
 Q1             0.000         0.000         0.000         0.000         0.000
 Q2             0.000         0.000         0.000         0.000         0.000
 Q3             0.000         0.000         0.000         0.000         0.000


           PSI
              SYSTO04       DIASTO04      Q1            Q2            Q3
              ________      ________      ________      ________      ________
 SYSTO04      171.913
 DIASTO04       0.000        63.046
 Q1             0.000         0.000         0.094
 Q2             0.000         0.000         0.000         0.094
 Q3             0.000         0.000         0.000         0.000         0.094


     STARTING VALUES FOR THE ADDITIONAL PARAMETERS


           NEW/ADDITIONAL PARAMETERS
              IND1          IND2          IND3          DI1           DI2
              ________      ________      ________      ________      ________
 1              0.500         0.500         0.500         0.500         0.500


           NEW/ADDITIONAL PARAMETERS
              DI3           TO1           TO2           TO3           IND_L_1
              ________      ________      ________      ________      ________
 1              0.500         0.500         0.500         0.500         0.500


           NEW/ADDITIONAL PARAMETERS
              IND_L_2       IND_L_3       IND_S_1       IND_S_2       IND_S_3
              ________      ________      ________      ________      ________
 1              0.500         0.500         0.500         0.500         0.500


TECHNICAL 8 OUTPUT


   E STEP  ITER  LOGLIKELIHOOD    ABS CHANGE   REL CHANGE  ALGORITHM
              1 -0.48194059D+06    0.0000000    0.0000000  EM
              2 -0.43898887D+06 ************    0.0891224  EM
              3 -0.43898887D+06    0.0000000    0.0000000  EM


DIAGRAM INFORMATION

  Use View Diagram under the Diagram menu in the Mplus Editor to view the diagram.
  If running Mplus from the Mplus Diagrammer, the diagram opens automatically.

  Diagram output
    d:\data\dpmedi\mplus\longitudinal\dqd bmi mediation.dgm

     Beginning Time:  14:01:23
        Ending Time:  14:27:58
       Elapsed Time:  00:26:35



MUTHEN & MUTHEN
3463 Stoner Ave.
Los Angeles, CA  90066

Tel: (310) 391-9971
Fax: (310) 391-8971
Web: www.StatModel.com
Support: Support@StatModel.com

Copyright (c) 1998-2015 Muthen & Muthen
