Mplus VERSION 7.4
MUTHEN & MUTHEN
05/16/2019   4:06 PM

INPUT INSTRUCTIONS

  DATA: File is id0411 mplus.csv;

  VARIABLE: Names are IDind WAVE hhid t2 commid age04
                      kcal04 carbo04 fat04 protn04 bmi04
                      hwr04 wc04 diasto04 systo04 smoke04
                      gender educ04 indinc04 index04 met04
                      cmfp04 dash04 ahei04 hbs04 lbs04 dqd04
                      age06 kcal06 carbo06 fat06 protn06 bmi06
                      hwr06 wc06 diasto06 systo06 smoke06
                      educ06 indinc06 index06 met06 cmfp06 dash06
                      ahei06 hbs06 lbs06 dqd06 age09 kcal09 carbo09
                      fat09 protn09 bmi09 hwr09 wc09 diasto09 systo09
                      smoke09 educ09 indinc09 index09 met09 cmfp09
                      dash09 ahei09 hbs09 lbs09 dqd09 age11 kcal11
                      carbo11 fat11 protn11 bmi11 hwr11 wc11 diasto11
                      systo11 smoke11 educ11 indinc11 index11 met11
                      cmfp11 dash11 ahei11 hbs11 lbs11 dqd11 q_index
                       q1 q2 q3 carbo_p protn_p fat_p;

           Usev are  age04 gender kcal04 met04
                     bmi04 bmi06 bmi09 bmi11 smoke04
                     dqd04 dqd06 dqd09 dqd11
                     educ04 systo04 diasto04 q1 q2 q3;


           Missing are all(999);


  ANALYSIS:
  Type=random;



  MODEL:
  age04 gender kcal04 met04 smoke04
  bmi04 bmi06 bmi09 bmi11 educ04 systo04 diasto04
  dqd04 dqd06 dqd09 dqd11 q1 q2 q3;

  ib sb | bmi04@0 bmi06@2 bmi09@5 bmi11@7;
  id sd | dqd04@0 dqd06@2 dqd09@5 dqd11@7;

  ib with sb;
  id with sd;

  id with sd;

  id on q1(ai1)
        q2(ai2)
        q3(ai3)
        age04 gender kcal04 met04
        educ04 systo04 diasto04 smoke04;

  sd on q1(as1)
        q2(as2)
        q3(as3)
        age04 gender kcal04 met04
        educ04 systo04 diasto04 smoke04;

  sb on id(bi)
        sd(bs)
        q1(c1)
        q2(c2)
        q3(c3)
        age04 gender kcal04 met04
        educ04 systo04 diasto04 smoke04;


  MODEL CONSTRAINT:
  NEW (ind1 ind2 ind3 di1 di2 di3 to1 to2 to3
   ind_l_1 ind_l_2 ind_l_3
  ind_s_1 ind_s_2 ind_s_3);
  ind1=as1*bs+ai1*bi;
  ind2=as2*bs+ai2*bi;
  ind3=as3*bs+ai3*bi;
  to1=as1*bs+ai1*bi+c1;
  to2=as2*bs+ai2*bi+c2;
  to3=as3*bs+ai3*bi+c3;
  di1=c1;
  di2=c2;
  di3=c3;
  ind_l_1=ai1*bi;
  ind_l_2=ai2*bi;
  ind_l_3=ai3*bi;
  ind_s_1=as1*bs;
  ind_s_2=as2*bs;
  ind_s_3=as3*bs;

  OUTPUT: SAMPSTAT cinterval;



INPUT READING TERMINATED NORMALLY




SUMMARY OF ANALYSIS

Number of groups                                                 1
Number of observations                                        9547

Number of dependent variables                                    8
Number of independent variables                                 11
Number of continuous latent variables                            4

Observed dependent variables

  Continuous
   BMI04       BMI06       BMI09       BMI11       DQD04       DQD06
   DQD09       DQD11

Observed independent variables
   AGE04       GENDER      KCAL04      MET04       SMOKE04     EDUC04
   SYSTO04     DIASTO04    Q1          Q2          Q3

Continuous latent variables
   IB          SB          ID          SD


Estimator                                                      MLR
Information matrix                                        OBSERVED
Maximum number of iterations                                   100
Convergence criterion                                    0.100D-05
Maximum number of EM iterations                                500
Convergence criteria for the EM algorithm
  Loglikelihood change                                   0.100D-02
  Relative loglikelihood change                          0.100D-05
  Derivative                                             0.100D-03
Minimum variance                                         0.100D-03
Maximum number of steepest descent iterations                   20
Maximum number of iterations for H1                           2000
Convergence criterion for H1                             0.100D-03
Optimization algorithm                                         EMA

Input data file(s)
  id0411 mplus.csv
Input data format  FREE


SUMMARY OF DATA

     Number of missing data patterns           197


COVARIANCE COVERAGE OF DATA

Minimum covariance coverage value   0.100


     PROPORTION OF DATA PRESENT


           Covariance Coverage
              BMI04         BMI06         BMI09         BMI11         DQD04
              ________      ________      ________      ________      ________
 BMI04          0.928
 BMI06          0.690         0.727
 BMI09          0.589         0.537         0.623
 BMI11          0.533         0.483         0.503         0.564
 DQD04          0.928         0.727         0.623         0.564         1.000
 DQD06          0.721         0.717         0.559         0.504         0.769
 DQD09          0.608         0.553         0.616         0.514         0.648
 DQD11          0.542         0.490         0.507         0.557         0.576
 AGE04          0.928         0.727         0.623         0.564         1.000
 GENDER         0.928         0.727         0.623         0.564         1.000
 KCAL04         0.928         0.727         0.623         0.564         1.000
 MET04          0.848         0.667         0.576         0.523         0.901
 SMOKE04        0.927         0.722         0.619         0.559         0.988
 EDUC04         0.926         0.722         0.618         0.559         0.987
 SYSTO04        0.927         0.698         0.596         0.539         0.939
 DIASTO04       0.927         0.698         0.596         0.539         0.939
 Q1             0.927         0.726         0.622         0.563         0.999
 Q2             0.927         0.726         0.622         0.563         0.999
 Q3             0.927         0.726         0.622         0.563         0.999


           Covariance Coverage
              DQD06         DQD09         DQD11         AGE04         GENDER
              ________      ________      ________      ________      ________
 DQD06          0.769
 DQD09          0.580         0.648
 DQD11          0.513         0.523         0.576
 AGE04          0.769         0.648         0.576         1.000
 GENDER         0.769         0.648         0.576         1.000         1.000
 KCAL04         0.769         0.648         0.576         1.000         1.000
 MET04          0.703         0.597         0.533         0.901         0.901
 SMOKE04        0.764         0.643         0.571         0.988         0.988
 EDUC04         0.763         0.642         0.571         0.987         0.987
 SYSTO04        0.730         0.615         0.549         0.939         0.939
 DIASTO04       0.730         0.615         0.549         0.939         0.939
 Q1             0.768         0.647         0.576         0.999         0.999
 Q2             0.768         0.647         0.576         0.999         0.999
 Q3             0.768         0.647         0.576         0.999         0.999


           Covariance Coverage
              KCAL04        MET04         SMOKE04       EDUC04        SYSTO04
              ________      ________      ________      ________      ________
 KCAL04         1.000
 MET04          0.901         0.901
 SMOKE04        0.988         0.900         0.988
 EDUC04         0.987         0.899         0.986         0.987
 SYSTO04        0.939         0.857         0.937         0.937         0.939
 DIASTO04       0.939         0.857         0.937         0.937         0.939
 Q1             0.999         0.900         0.987         0.986         0.938
 Q2             0.999         0.900         0.987         0.986         0.938
 Q3             0.999         0.900         0.987         0.986         0.938


           Covariance Coverage
              DIASTO04      Q1            Q2            Q3
              ________      ________      ________      ________
 DIASTO04       0.939
 Q1             0.938         0.999
 Q2             0.938         0.999         0.999
 Q3             0.938         0.999         0.999         0.999


SAMPLE STATISTICS


     ESTIMATED SAMPLE STATISTICS


           Means
              BMI04         BMI06         BMI09         BMI11         DQD04
              ________      ________      ________      ________      ________
 1             23.026        23.109        23.299        23.746        39.440


           Means
              DQD06         DQD09         DQD11         AGE04         GENDER
              ________      ________      ________      ________      ________
 1             37.986        36.284        35.868        47.385         1.519


           Means
              KCAL04        MET04         SMOKE04       EDUC04        SYSTO04
              ________      ________      ________      ________      ________
 1           2188.497       116.551         0.335         1.727       122.077


           Means
              DIASTO04      Q1            Q2            Q3
              ________      ________      ________      ________
 1             78.640         0.250         0.250         0.250


           Covariances
              BMI04         BMI06         BMI09         BMI11         DQD04
              ________      ________      ________      ________      ________
 BMI04         11.312
 BMI06          9.984        12.977
 BMI09          9.713         9.878        11.889
 BMI11          9.106         9.368        10.276        23.842
 DQD04         -1.203        -0.260         0.034         0.441        85.088
 DQD06         -1.497        -0.794        -0.180        -0.834        36.366
 DQD09         -0.129         0.701         0.686        -0.092        29.731
 DQD11         -0.788        -0.182        -0.008        -0.354        27.306
 AGE04          4.006         1.693        -0.839        -1.744        -4.758
 GENDER         0.048         0.048         0.028        -0.013        -0.402
 KCAL04        54.234        96.633        95.994       166.388       757.853
 MET04        -19.643       -11.190        -8.635        -6.584       169.559
 SMOKE04       -0.092        -0.104        -0.103        -0.050         0.333
 EDUC04         0.057         0.055         0.098         0.185        -3.077
 SYSTO04       16.437        14.308        12.013        10.106        -5.015
 DIASTO04      10.683         9.726         8.980         8.253         0.601
 Q1            -0.070        -0.071        -0.032        -0.032         0.501
 Q2             0.106         0.127         0.100         0.091        -0.412
 Q3             0.089         0.041         0.034         0.040        -1.514


           Covariances
              DQD06         DQD09         DQD11         AGE04         GENDER
              ________      ________      ________      ________      ________
 DQD06         84.940
 DQD09         34.080        80.241
 DQD11         33.320        32.144        81.532
 AGE04         -7.680        -0.174        -0.346       235.499
 GENDER        -0.443        -0.464        -0.504         0.199         0.250
 KCAL04       451.597       300.056       638.832     -1363.375       -91.666
 MET04        181.614       151.378       156.452      -420.161        -8.120
 SMOKE04        0.389         0.351         0.367         0.283        -0.150
 EDUC04        -3.081        -2.954        -2.533        -8.196        -0.129
 SYSTO04       -5.174        -2.019        -2.318       117.525        -0.814
 DIASTO04      -1.418        -0.885         0.824        35.861        -0.692
 Q1             0.499         0.294         0.282        -0.282        -0.002
 Q2            -0.509        -0.303        -0.411         0.044         0.000
 Q3            -1.616        -1.415        -1.258         0.451         0.003


           Covariances
              KCAL04        MET04         SMOKE04       EDUC04        SYSTO04
              ________      ________      ________      ________      ________
 KCAL04    458288.862
 MET04      15936.716     12717.525
 SMOKE04       57.560         4.833         0.276
 EDUC04        78.850        -1.600         0.042         1.754
 SYSTO04     -956.199      -277.196         0.674        -3.734       345.143
 DIASTO04    -283.668       -84.698         0.448        -0.814       148.444
 Q1            13.592         5.234         0.003        -0.090        -0.169
 Q2            -6.240        -5.767         0.001         0.025         0.392
 Q3           -19.119        -9.893        -0.007         0.183         0.341


           Covariances
              DIASTO04      Q1            Q2            Q3
              ________      ________      ________      ________
 DIASTO04     126.195
 Q1            -0.067         0.188
 Q2             0.366        -0.063         0.188
 Q3            -0.010        -0.063        -0.062         0.188


           Correlations
              BMI04         BMI06         BMI09         BMI11         DQD04
              ________      ________      ________      ________      ________
 BMI04          1.000
 BMI06          0.824         1.000
 BMI09          0.838         0.795         1.000
 BMI11          0.554         0.533         0.610         1.000
 DQD04         -0.039        -0.008         0.001         0.010         1.000
 DQD06         -0.048        -0.024        -0.006        -0.019         0.428
 DQD09         -0.004         0.022         0.022        -0.002         0.360
 DQD11         -0.026        -0.006         0.000        -0.008         0.328
 AGE04          0.078         0.031        -0.016        -0.023        -0.034
 GENDER         0.028         0.027         0.016        -0.005        -0.087
 KCAL04         0.024         0.040         0.041         0.050         0.121
 MET04         -0.052        -0.028        -0.022        -0.012         0.163
 SMOKE04       -0.052        -0.055        -0.057        -0.020         0.069
 EDUC04         0.013         0.011         0.021         0.029        -0.252
 SYSTO04        0.263         0.214         0.188         0.111        -0.029
 DIASTO04       0.283         0.240         0.232         0.150         0.006
 Q1            -0.048        -0.046        -0.021        -0.015         0.125
 Q2             0.073         0.082         0.067         0.043        -0.103
 Q3             0.061         0.026         0.022         0.019        -0.379


           Correlations
              DQD06         DQD09         DQD11         AGE04         GENDER
              ________      ________      ________      ________      ________
 DQD06          1.000
 DQD09          0.413         1.000
 DQD11          0.400         0.397         1.000
 AGE04         -0.054        -0.001        -0.002         1.000
 GENDER        -0.096        -0.104        -0.112         0.026         1.000
 KCAL04         0.072         0.049         0.105        -0.131        -0.271
 MET04          0.175         0.150         0.154        -0.243        -0.144
 SMOKE04        0.080         0.075         0.077         0.035        -0.572
 EDUC04        -0.252        -0.249        -0.212        -0.403        -0.196
 SYSTO04       -0.030        -0.012        -0.014         0.412        -0.088
 DIASTO04      -0.014        -0.009         0.008         0.208        -0.123
 Q1             0.125         0.076         0.072        -0.042        -0.009
 Q2            -0.128        -0.078        -0.105         0.007         0.002
 Q3            -0.405        -0.365        -0.322         0.068         0.013


           Correlations
              KCAL04        MET04         SMOKE04       EDUC04        SYSTO04
              ________      ________      ________      ________      ________
 KCAL04         1.000
 MET04          0.209         1.000
 SMOKE04        0.162         0.082         1.000
 EDUC04         0.088        -0.011         0.060         1.000
 SYSTO04       -0.076        -0.132         0.069        -0.152         1.000
 DIASTO04      -0.037        -0.067         0.076        -0.055         0.711
 Q1             0.046         0.107         0.014        -0.157        -0.021
 Q2            -0.021        -0.118         0.006         0.044         0.049
 Q3            -0.065        -0.203        -0.031         0.318         0.042


           Correlations
              DIASTO04      Q1            Q2            Q3
              ________      ________      ________      ________
 DIASTO04       1.000
 Q1            -0.014         1.000
 Q2             0.075        -0.333         1.000
 Q3            -0.002        -0.333        -0.333         1.000


     MAXIMUM LOG-LIKELIHOOD VALUE FOR THE UNRESTRICTED (H1) MODEL IS -440089.071


UNIVARIATE SAMPLE STATISTICS


     UNIVARIATE HIGHER-ORDER MOMENT DESCRIPTIVE STATISTICS

         Variable/         Mean/     Skewness/   Minimum/ % with                Percentiles
        Sample Size      Variance    Kurtosis    Maximum  Min/Max      20%/60%    40%/80%    Median

     BMI04                23.021       0.585      12.415    0.01%      20.189     21.861     22.673
            8858.000      11.235       0.546      41.322    0.01%      23.543     25.712
     BMI06                23.179       4.577      13.240    0.01%      20.344     22.042     22.857
            6938.000      12.729     126.919     132.544    0.01%      23.684     25.810
     BMI09                23.342       0.482      13.700    0.02%      20.415     22.215     23.111
            5949.000      11.781       0.401      42.590    0.02%      23.979     26.148
     BMI11                23.797       9.794       4.826    0.02%      20.644     22.491     23.378
            5386.000      23.639     280.882     190.972    0.02%      24.235     26.438
     DQD04                39.440      -0.053       9.000    0.01%      32.000     37.000     39.000
            9547.000      85.088      -0.283      64.000    0.01%      42.000     48.000
     DQD06                38.026      -0.142       7.000    0.01%      30.000     36.000     38.000
            7340.000      84.289      -0.351      62.000    0.03%      41.000     46.000
     DQD09                36.701      -0.096       5.000    0.02%      29.000     35.000     37.000
            6185.000      79.657      -0.141      64.000    0.02%      39.000     44.000
     DQD11                36.363       0.043       8.000    0.02%      29.000     34.000     36.000
            5502.000      80.925      -0.366      62.000    0.02%      39.000     44.000
     AGE04                47.385       0.238      18.000    1.13%      33.000     42.000     47.000
            9547.000     235.499      -0.539      97.000    0.01%      51.000     61.000
     GENDER                1.519      -0.076       1.000   48.11%       1.000      1.000      2.000
            9547.000       0.250      -1.994       2.000   51.89%       2.000      2.000
     KCAL04             2188.497       0.630      50.891    0.01%    1615.771   1974.357   2128.274
            9547.000  458288.862       1.113    6053.592    0.01%    2307.147   2719.569
     MET04               118.186       1.345       0.000    4.03%      20.460     52.675     84.047
            8604.000   12630.885       4.075    1582.256    0.01%     117.500    211.287
     SMOKE04               0.334       3.823       0.000   67.14%       0.000      0.000      0.000
            9429.000       0.276      52.882       9.000    0.07%       0.000      1.000
     EDUC04                1.724       0.539       0.000   21.26%       0.000      1.000      2.000
            9422.000       1.752      -0.205       6.000    0.02%       2.000      3.000
     SYSTO04             122.224       1.153      70.667    0.01%     108.667    117.333    120.000
            8960.000     343.826       2.613     230.000    0.01%     122.000    134.000
     DIASTO04             78.671       0.598      15.000    0.01%      70.000     76.667     79.333
            8960.000     126.092       1.936     141.333    0.01%      80.000     87.333
     Q1                    0.250       1.155       0.000   75.00%       0.000      0.000      0.000
            9539.000       0.188      -0.667       1.000   25.00%       0.000      1.000
     Q2                    0.250       1.155       0.000   75.00%       0.000      0.000      0.000
            9539.000       0.188      -0.667       1.000   25.00%       0.000      1.000
     Q3                    0.250       1.155       0.000   75.01%       0.000      0.000      0.000
            9539.000       0.187      -0.666       1.000   24.99%       0.000      1.000

     THE STANDARD ERRORS OF THE MODEL PARAMETER ESTIMATES MAY NOT BE
     TRUSTWORTHY FOR SOME PARAMETERS DUE TO A NON-POSITIVE DEFINITE
     FIRST-ORDER DERIVATIVE PRODUCT MATRIX.  THIS MAY BE DUE TO THE STARTING
     VALUES BUT MAY ALSO BE AN INDICATION OF MODEL NONIDENTIFICATION.  THE
     CONDITION NUMBER IS      -0.463D-19.  PROBLEM INVOLVING THE FOLLOWING PARAMETER:
     Parameter 138, Q3 WITH DIASTO04


THE MODEL ESTIMATION TERMINATED NORMALLY



MODEL FIT INFORMATION

Number of Free Parameters                      141

Loglikelihood

          H0 Value                     -440215.663
          H0 Scaling Correction Factor      9.4739
            for MLR
          H1 Value                     -440089.071
          H1 Scaling Correction Factor      6.7233
            for MLR

Information Criteria

          Akaike (AIC)                  880713.326
          Bayesian (BIC)                881723.448
          Sample-Size Adjusted BIC      881275.372
            (n* = (n + 2) / 24)

Chi-Square Test of Model Fit

          Value                            248.275*
          Degrees of Freedom                    68
          P-Value                           0.0000
          Scaling Correction Factor         1.0198
            for MLR

*   The chi-square value for MLM, MLMV, MLR, ULSMV, WLSM and WLSMV cannot be used
    for chi-square difference testing in the regular way.  MLM, MLR and WLSM
    chi-square difference testing is described on the Mplus website.  MLMV, WLSMV,
    and ULSMV difference testing is done using the DIFFTEST option.

RMSEA (Root Mean Square Error Of Approximation)

          Estimate                           0.017

CFI/TLI

          CFI                                0.976
          TLI                                0.940

Chi-Square Test of Model Fit for the Baseline Model

          Value                           7789.599
          Degrees of Freedom                   171
          P-Value                           0.0000

SRMR (Standardized Root Mean Square Residual)

          Value                              0.010



MODEL RESULTS

                                                    Two-Tailed
                    Estimate       S.E.  Est./S.E.    P-Value

 IB       |
    BMI04              1.000      0.000    999.000    999.000
    BMI06              1.000      0.000    999.000    999.000
    BMI09              1.000      0.000    999.000    999.000
    BMI11              1.000      0.000    999.000    999.000

 SB       |
    BMI04              0.000      0.000    999.000    999.000
    BMI06              2.000      0.000    999.000    999.000
    BMI09              5.000      0.000    999.000    999.000
    BMI11              7.000      0.000    999.000    999.000

 ID       |
    DQD04              1.000      0.000    999.000    999.000
    DQD06              1.000      0.000    999.000    999.000
    DQD09              1.000      0.000    999.000    999.000
    DQD11              1.000      0.000    999.000    999.000

 SD       |
    DQD04              0.000      0.000    999.000    999.000
    DQD06              2.000      0.000    999.000    999.000
    DQD09              5.000      0.000    999.000    999.000
    DQD11              7.000      0.000    999.000    999.000

 SB         ON
    ID                 0.008      0.002      4.310      0.000
    SD                -0.011      0.025     -0.438      0.661

 ID         ON
    Q1                -3.820      0.199    -19.169      0.000
    Q2                -7.029      0.211    -33.335      0.000
    Q3               -10.647      0.234    -45.457      0.000
    AGE04             -0.042      0.006     -6.841      0.000
    GENDER            -1.643      0.189     -8.674      0.000
    KCAL04             0.001      0.000      5.891      0.000
    MET04              0.000      0.001      0.301      0.764
    EDUC04            -1.134      0.074    -15.372      0.000
    SYSTO04           -0.008      0.006     -1.238      0.216
    DIASTO04           0.022      0.010      2.222      0.026
    SMOKE04            0.220      0.164      1.345      0.179

 SD         ON
    Q1                -0.100      0.044     -2.248      0.025
    Q2                 0.066      0.049      1.326      0.185
    Q3                 0.126      0.055      2.315      0.021
    AGE04              0.004      0.001      2.844      0.004
    GENDER            -0.079      0.045     -1.775      0.076
    KCAL04             0.000      0.000     -2.657      0.008
    MET04              0.000      0.000      0.857      0.391
    EDUC04             0.036      0.017      2.145      0.032
    SYSTO04            0.001      0.001      0.756      0.449
    DIASTO04          -0.003      0.002     -1.309      0.190
    SMOKE04           -0.025      0.040     -0.613      0.540

 SB         ON
    Q1                 0.042      0.015      2.842      0.004
    Q2                 0.049      0.020      2.470      0.014
    Q3                 0.052      0.026      2.003      0.045
    AGE04             -0.003      0.000     -7.424      0.000
    GENDER            -0.023      0.013     -1.782      0.075
    KCAL04             0.000      0.000     -0.234      0.815
    MET04              0.000      0.000     -0.856      0.392
    EDUC04            -0.003      0.005     -0.679      0.497
    SYSTO04           -0.001      0.000     -3.182      0.001
    DIASTO04           0.000      0.001     -0.751      0.453
    SMOKE04           -0.016      0.012     -1.389      0.165

 IB       WITH
    SB                -0.095      0.027     -3.491      0.000

 ID       WITH
    SD                -0.776      0.196     -3.961      0.000

 AGE04    WITH
    IB                 3.954      0.571      6.930      0.000

 GENDER   WITH
    IB                 0.049      0.017      2.847      0.004

 KCAL04   WITH
    IB                56.513     24.143      2.341      0.019

 MET04    WITH
    IB               -19.114      4.022     -4.752      0.000

 SMOKE04  WITH
    IB                -0.094      0.016     -5.689      0.000

 EDUC04   WITH
    IB                 0.054      0.047      1.139      0.255

 SYSTO04  WITH
    IB                16.406      0.735     22.313      0.000

 DIASTO04 WITH
    IB                10.651      0.435     24.502      0.000

 Q1       WITH
    IB                -0.073      0.015     -4.896      0.000

 Q2       WITH
    IB                 0.109      0.015      7.059      0.000

 Q3       WITH
    IB                 0.086      0.015      5.630      0.000

 GENDER   WITH
    AGE04              0.199      0.078      2.534      0.011

 KCAL04   WITH
    AGE04          -1363.375    109.938    -12.401      0.000
    GENDER           -91.666      3.352    -27.349      0.000

 MET04    WITH
    AGE04           -420.179     17.644    -23.814      0.000
    GENDER            -8.121      0.605    -13.423      0.000
    KCAL04         15937.023    878.945     18.132      0.000

 SMOKE04  WITH
    AGE04              0.283      0.081      3.507      0.000
    GENDER            -0.150      0.002    -65.855      0.000
    KCAL04            57.559      3.571     16.116      0.000
    MET04              4.834      0.652      7.412      0.000

 EDUC04   WITH
    AGE04             -8.197      0.213    -38.447      0.000
    GENDER            -0.129      0.007    -19.445      0.000
    KCAL04            78.823      8.965      8.792      0.000
    MET04             -1.600      1.356     -1.180      0.238
    SMOKE04            0.042      0.006      6.519      0.000

 SYSTO04  WITH
    AGE04            117.511      3.263     36.017      0.000
    GENDER            -0.814      0.097     -8.432      0.000
    KCAL04          -956.319    132.374     -7.224      0.000
    MET04           -277.032     22.025    -12.578      0.000
    SMOKE04            0.674      0.112      6.015      0.000
    EDUC04            -3.734      0.271    -13.800      0.000

 DIASTO04 WITH
    AGE04             35.869      1.849     19.399      0.000
    GENDER            -0.691      0.059    -11.804      0.000
    KCAL04          -284.292     85.219     -3.336      0.001
    MET04            -84.616     13.622     -6.212      0.000
    SMOKE04            0.448      0.059      7.599      0.000
    EDUC04            -0.814      0.157     -5.173      0.000
    SYSTO04          148.440      3.545     41.870      0.000

 Q1       WITH
    AGE04             -0.282      0.066     -4.307      0.000
    GENDER            -0.002      0.002     -0.833      0.405
    KCAL04            13.589      3.041      4.469      0.000
    MET04              5.236      0.530      9.881      0.000
    SMOKE04            0.003      0.002      1.466      0.143
    EDUC04            -0.090      0.005    -17.574      0.000
    SYSTO04           -0.169      0.086     -1.978      0.048
    DIASTO04          -0.067      0.054     -1.236      0.217

 Q2       WITH
    AGE04              0.044      0.069      0.630      0.529
    GENDER             0.000      0.002      0.202      0.840
    KCAL04            -6.237      2.914     -2.140      0.032
    MET04             -5.769      0.479    -12.052      0.000
    SMOKE04            0.001      0.003      0.523      0.601
    EDUC04             0.025      0.006      4.274      0.000
    SYSTO04            0.392      0.085      4.633      0.000
    DIASTO04           0.366      0.051      7.192      0.000
    Q1                -0.063      0.001    -48.834      0.000

 Q3       WITH
    AGE04              0.451      0.070      6.434      0.000
    GENDER             0.003      0.002      1.317      0.188
    KCAL04           -19.122      2.958     -6.465      0.000
    MET04             -9.892      0.438    -22.580      0.000
    SMOKE04           -0.007      0.002     -3.064      0.002
    EDUC04             0.183      0.007     27.113      0.000
    SYSTO04            0.342      0.084      4.087      0.000
    DIASTO04          -0.011      0.048     -0.227      0.821
    Q1                -0.063      0.001    -48.820      0.000
    Q2                -0.062      0.001    -48.774      0.000

 Means
    AGE04             47.385      0.157    301.706      0.000
    GENDER             1.519      0.005    297.033      0.000
    KCAL04          2188.497      6.928    315.871      0.000
    MET04            116.550      1.198     97.255      0.000
    SMOKE04            0.335      0.005     61.915      0.000
    EDUC04             1.727      0.014    127.044      0.000
    SYSTO04          122.078      0.194    630.622      0.000
    DIASTO04          78.641      0.118    665.359      0.000
    Q1                 0.250      0.004     56.387      0.000
    Q2                 0.250      0.004     56.396      0.000
    Q3                 0.250      0.004     56.407      0.000
    IB                23.015      0.035    654.421      0.000

 Intercepts
    BMI04              0.000      0.000    999.000    999.000
    BMI06              0.000      0.000    999.000    999.000
    BMI09              0.000      0.000    999.000    999.000
    BMI11              0.000      0.000    999.000    999.000
    DQD04              0.000      0.000    999.000    999.000
    DQD06              0.000      0.000    999.000    999.000
    DQD09              0.000      0.000    999.000    999.000
    DQD11              0.000      0.000    999.000    999.000
    SB                 0.116      0.107      1.084      0.278
    ID                48.701      0.856     56.925      0.000
    SD                -0.445      0.198     -2.249      0.025

 Variances
    AGE04            235.499      2.913     80.832      0.000
    GENDER             0.250      0.000   1291.078      0.000
    KCAL04         *********   8275.760     55.377      0.000
    MET04          12717.716    337.341     37.700      0.000
    SMOKE04            0.276      0.021     13.107      0.000
    EDUC04             1.754      0.024     72.488      0.000
    SYSTO04          345.125      7.845     43.993      0.000
    DIASTO04         126.191      2.646     47.682      0.000
    Q1                 0.188      0.002     84.579      0.000
    Q2                 0.188      0.002     84.593      0.000
    Q3                 0.188      0.002     84.529      0.000
    IB                10.334      0.221     46.843      0.000

 Residual Variances
    BMI04              0.965      0.127      7.612      0.000
    BMI06              3.134      1.764      1.777      0.076
    BMI09              1.532      0.089     17.280      0.000
    BMI11             13.581      5.847      2.323      0.020
    DQD04             49.319      1.299     37.965      0.000
    DQD06             47.098      0.940     50.123      0.000
    DQD09             48.108      1.049     45.843      0.000
    DQD11             47.646      1.448     32.901      0.000
    SB                 0.045      0.004     10.450      0.000
    ID                14.668      1.025     14.306      0.000
    SD                 0.273      0.050      5.495      0.000

New/Additional Parameters
    IND1              -0.030      0.008     -3.695      0.000
    IND2              -0.057      0.013     -4.319      0.000
    IND3              -0.087      0.020     -4.349      0.000
    DI1                0.042      0.015      2.842      0.004
    DI2                0.049      0.020      2.470      0.014
    DI3                0.052      0.026      2.003      0.045
    TO1                0.012      0.012      0.975      0.329
    TO2               -0.008      0.014     -0.588      0.557
    TO3               -0.035      0.016     -2.210      0.027
    IND_L_1           -0.031      0.007     -4.194      0.000
    IND_L_2           -0.057      0.013     -4.271      0.000
    IND_L_3           -0.086      0.020     -4.284      0.000
    IND_S_1            0.001      0.003      0.428      0.668
    IND_S_2           -0.001      0.002     -0.420      0.674
    IND_S_3           -0.001      0.003     -0.431      0.667


QUALITY OF NUMERICAL RESULTS

     Condition Number for the Information Matrix              0.376E-09
       (ratio of smallest to largest eigenvalue)


CONFIDENCE INTERVALS OF MODEL RESULTS

                  Lower .5%  Lower 2.5%    Lower 5%    Estimate    Upper 5%  Upper 2.5%   Upper .5%

 IB       |
    BMI04            1.000       1.000       1.000       1.000       1.000       1.000       1.000
    BMI06            1.000       1.000       1.000       1.000       1.000       1.000       1.000
    BMI09            1.000       1.000       1.000       1.000       1.000       1.000       1.000
    BMI11            1.000       1.000       1.000       1.000       1.000       1.000       1.000

 SB       |
    BMI04            0.000       0.000       0.000       0.000       0.000       0.000       0.000
    BMI06            2.000       2.000       2.000       2.000       2.000       2.000       2.000
    BMI09            5.000       5.000       5.000       5.000       5.000       5.000       5.000
    BMI11            7.000       7.000       7.000       7.000       7.000       7.000       7.000

 ID       |
    DQD04            1.000       1.000       1.000       1.000       1.000       1.000       1.000
    DQD06            1.000       1.000       1.000       1.000       1.000       1.000       1.000
    DQD09            1.000       1.000       1.000       1.000       1.000       1.000       1.000
    DQD11            1.000       1.000       1.000       1.000       1.000       1.000       1.000

 SD       |
    DQD04            0.000       0.000       0.000       0.000       0.000       0.000       0.000
    DQD06            2.000       2.000       2.000       2.000       2.000       2.000       2.000
    DQD09            5.000       5.000       5.000       5.000       5.000       5.000       5.000
    DQD11            7.000       7.000       7.000       7.000       7.000       7.000       7.000

 SB       ON
    ID               0.003       0.004       0.005       0.008       0.011       0.012       0.013
    SD              -0.075      -0.060      -0.052      -0.011       0.030       0.038       0.053

 ID       ON
    Q1              -4.333      -4.210      -4.148      -3.820      -3.492      -3.429      -3.307
    Q2              -7.572      -7.442      -7.376      -7.029      -6.682      -6.616      -6.486
    Q3             -11.250     -11.106     -11.032     -10.647     -10.262     -10.188     -10.044
    AGE04           -0.058      -0.054      -0.052      -0.042      -0.032      -0.030      -0.026
    GENDER          -2.131      -2.014      -1.954      -1.643      -1.331      -1.272      -1.155
    KCAL04           0.000       0.000       0.000       0.001       0.001       0.001       0.001
    MET04           -0.002      -0.001      -0.001       0.000       0.002       0.002       0.002
    EDUC04          -1.324      -1.279      -1.255      -1.134      -1.013      -0.989      -0.944
    SYSTO04         -0.024      -0.020      -0.018      -0.008       0.003       0.005       0.008
    DIASTO04        -0.003       0.003       0.006       0.022       0.038       0.041       0.047
    SMOKE04         -0.202      -0.101      -0.049       0.220       0.490       0.541       0.642

 SD       ON
    Q1              -0.214      -0.187      -0.173      -0.100      -0.027      -0.013       0.015
    Q2              -0.062      -0.031      -0.016       0.066       0.147       0.162       0.193
    Q3              -0.014       0.019       0.037       0.126       0.216       0.233       0.267
    AGE04            0.000       0.001       0.002       0.004       0.007       0.007       0.008
    GENDER          -0.195      -0.167      -0.153      -0.079      -0.006       0.008       0.036
    KCAL04           0.000       0.000       0.000       0.000       0.000       0.000       0.000
    MET04            0.000       0.000       0.000       0.000       0.000       0.000       0.001
    EDUC04          -0.007       0.003       0.008       0.036       0.064       0.069       0.080
    SYSTO04         -0.003      -0.002      -0.001       0.001       0.003       0.004       0.005
    DIASTO04        -0.009      -0.007      -0.007      -0.003       0.001       0.001       0.003
    SMOKE04         -0.128      -0.104      -0.091      -0.025       0.041       0.054       0.079

 SB       ON
    Q1               0.004       0.013       0.018       0.042       0.066       0.071       0.080
    Q2              -0.002       0.010       0.016       0.049       0.082       0.088       0.100
    Q3              -0.015       0.001       0.009       0.052       0.095       0.104       0.120
    AGE04           -0.004      -0.004      -0.004      -0.003      -0.003      -0.002      -0.002
    GENDER          -0.057      -0.049      -0.045      -0.023      -0.002       0.002       0.010
    KCAL04           0.000       0.000       0.000       0.000       0.000       0.000       0.000
    MET04            0.000       0.000       0.000       0.000       0.000       0.000       0.000
    EDUC04          -0.016      -0.013      -0.011      -0.003       0.005       0.006       0.009
    SYSTO04         -0.002      -0.002      -0.002      -0.001      -0.001      -0.001       0.000
    DIASTO04        -0.002      -0.002      -0.002       0.000       0.001       0.001       0.001
    SMOKE04         -0.047      -0.039      -0.036      -0.016       0.003       0.007       0.014

 IB       WITH
    SB              -0.166      -0.149      -0.140      -0.095      -0.050      -0.042      -0.025

 ID       WITH
    SD              -1.281      -1.160      -1.098      -0.776      -0.454      -0.392      -0.271

 AGE04    WITH
    IB               2.485       2.836       3.016       3.954       4.893       5.073       5.424

 GENDER   WITH
    IB               0.005       0.015       0.021       0.049       0.078       0.083       0.094

 KCAL04   WITH
    IB              -5.675       9.192      16.797      56.513      96.228     103.834     118.701

 MET04    WITH
    IB             -29.474     -26.997     -25.730     -19.114     -12.498     -11.231      -8.754

 SMOKE04  WITH
    IB              -0.136      -0.126      -0.121      -0.094      -0.067      -0.062      -0.051

 EDUC04   WITH
    IB              -0.068      -0.039      -0.024       0.054       0.131       0.146       0.175

 SYSTO04  WITH
    IB              14.512      14.965      15.197      16.406      17.616      17.847      18.300

 DIASTO04 WITH
    IB               9.531       9.799       9.936      10.651      11.366      11.503      11.770

 Q1       WITH
    IB              -0.111      -0.102      -0.097      -0.073      -0.048      -0.044      -0.034

 Q2       WITH
    IB               0.069       0.079       0.084       0.109       0.135       0.140       0.149

 Q3       WITH
    IB               0.046       0.056       0.061       0.086       0.111       0.116       0.125

 GENDER   WITH
    AGE04           -0.003       0.045       0.070       0.199       0.328       0.352       0.401

 KCAL04   WITH
    AGE04        -1646.553   -1578.854   -1544.223   -1363.375   -1182.526   -1147.896   -1080.196
    GENDER        -100.299     -98.235     -97.179     -91.666     -86.152     -85.097     -83.033

 MET04    WITH
    AGE04         -465.627    -454.762    -449.204    -420.179    -391.155    -385.597    -374.731
    GENDER          -9.679      -9.307      -9.116      -8.121      -7.126      -6.935      -6.563
    KCAL04       13673.037   14214.291   14491.159   15937.023   17382.889   17659.756   18201.010

 SMOKE04  WITH
    AGE04            0.075       0.125       0.150       0.283       0.416       0.441       0.491
    GENDER          -0.156      -0.155      -0.154      -0.150      -0.147      -0.146      -0.144
    KCAL04          48.360      50.559      51.684      57.559      63.434      64.559      66.758
    MET04            3.154       3.555       3.761       4.834       5.906       6.112       6.513

 EDUC04   WITH
    AGE04           -8.746      -8.615      -8.548      -8.197      -7.846      -7.779      -7.648
    GENDER          -0.147      -0.143      -0.140      -0.129      -0.119      -0.116      -0.112
    KCAL04          55.731      61.252      64.075      78.823      93.570      96.394     101.915
    MET04           -5.093      -4.258      -3.831      -1.600       0.631       1.059       1.894
    SMOKE04          0.025       0.029       0.031       0.042       0.052       0.054       0.058

 SYSTO04  WITH
    AGE04          109.107     111.116     112.144     117.511     122.878     123.905     125.915
    GENDER          -1.063      -1.003      -0.973      -0.814      -0.655      -0.625      -0.565
    KCAL04       -1297.288   -1215.772   -1174.074    -956.319    -738.563    -696.865    -615.349
    MET04         -333.763    -320.200    -313.262    -277.032    -240.801    -233.863    -220.301
    SMOKE04          0.385       0.454       0.489       0.674       0.858       0.893       0.962
    EDUC04          -4.431      -4.264      -4.179      -3.734      -3.289      -3.204      -3.037

 DIASTO04 WITH
    AGE04           31.107      32.245      32.828      35.869      38.911      39.494      40.632
    GENDER          -0.842      -0.806      -0.787      -0.691      -0.595      -0.576      -0.540
    KCAL04        -503.800    -451.322    -424.478    -284.292    -144.106    -117.262     -64.784
    MET04         -119.702    -111.314    -107.023     -84.616     -62.208     -57.918     -49.529
    SMOKE04          0.296       0.332       0.351       0.448       0.545       0.563       0.599
    EDUC04          -1.220      -1.123      -1.073      -0.814      -0.555      -0.506      -0.409
    SYSTO04        139.308     141.491     142.608     148.440     154.272     155.389     157.572

 Q1       WITH
    AGE04           -0.451      -0.411      -0.390      -0.282      -0.174      -0.154      -0.113
    GENDER          -0.008      -0.006      -0.005      -0.002       0.002       0.002       0.004
    KCAL04           5.757       7.629       8.587      13.589      18.591      19.549      21.421
    MET04            3.871       4.197       4.364       5.236       6.108       6.275       6.601
    SMOKE04         -0.002      -0.001       0.000       0.003       0.007       0.008       0.009
    EDUC04          -0.104      -0.100      -0.099      -0.090      -0.082      -0.080      -0.077
    SYSTO04         -0.390      -0.337      -0.310      -0.169      -0.029      -0.002       0.051
    DIASTO04        -0.207      -0.174      -0.157      -0.067       0.022       0.039       0.073

 Q2       WITH
    AGE04           -0.135      -0.092      -0.071       0.044       0.158       0.180       0.223
    GENDER          -0.005      -0.004      -0.003       0.000       0.004       0.005       0.006
    KCAL04         -13.742     -11.948     -11.030      -6.237      -1.443      -0.526       1.269
    MET04           -7.002      -6.707      -6.557      -5.769      -4.982      -4.831      -4.536
    SMOKE04         -0.005      -0.004      -0.003       0.001       0.005       0.006       0.008
    EDUC04           0.010       0.014       0.016       0.025       0.035       0.037       0.041
    SYSTO04          0.174       0.226       0.253       0.392       0.532       0.558       0.611
    DIASTO04         0.235       0.266       0.283       0.366       0.450       0.466       0.497
    Q1              -0.066      -0.065      -0.065      -0.063      -0.060      -0.060      -0.059

 Q3       WITH
    AGE04            0.270       0.313       0.335       0.451       0.566       0.588       0.631
    GENDER          -0.003      -0.001      -0.001       0.003       0.007       0.007       0.009
    KCAL04         -26.741     -24.919     -23.988     -19.122     -14.257     -13.325     -11.504
    MET04          -11.021     -10.751     -10.613      -9.892      -9.172      -9.034      -8.764
    SMOKE04         -0.013      -0.012      -0.011      -0.007      -0.003      -0.003      -0.001
    EDUC04           0.165       0.169       0.171       0.183       0.194       0.196       0.200
    SYSTO04          0.126       0.178       0.204       0.342       0.479       0.505       0.557
    DIASTO04        -0.136      -0.106      -0.091      -0.011       0.069       0.084       0.114
    Q1              -0.066      -0.065      -0.065      -0.063      -0.060      -0.060      -0.059
    Q2              -0.066      -0.065      -0.065      -0.062      -0.060      -0.060      -0.059

 Means
    AGE04           46.981      47.078      47.127      47.385      47.644      47.693      47.790
    GENDER           1.506       1.509       1.510       1.519       1.527       1.529       1.532
    KCAL04        2170.651    2174.917    2177.100    2188.497    2199.894    2202.077    2206.343
    MET04          113.463     114.201     114.579     116.550     118.522     118.899     119.637
    SMOKE04          0.321       0.324       0.326       0.335       0.344       0.345       0.349
    EDUC04           1.692       1.701       1.705       1.727       1.750       1.754       1.762
    SYSTO04        121.580     121.699     121.760     122.078     122.397     122.458     122.577
    DIASTO04        78.336      78.409      78.446      78.641      78.835      78.872      78.945
    Q1               0.238       0.241       0.243       0.250       0.257       0.259       0.261
    Q2               0.239       0.241       0.243       0.250       0.257       0.259       0.262
    Q3               0.239       0.242       0.243       0.250       0.258       0.259       0.262
    IB              22.925      22.946      22.957      23.015      23.073      23.084      23.106

 Intercepts
    BMI04            0.000       0.000       0.000       0.000       0.000       0.000       0.000
    BMI06            0.000       0.000       0.000       0.000       0.000       0.000       0.000
    BMI09            0.000       0.000       0.000       0.000       0.000       0.000       0.000
    BMI11            0.000       0.000       0.000       0.000       0.000       0.000       0.000
    DQD04            0.000       0.000       0.000       0.000       0.000       0.000       0.000
    DQD06            0.000       0.000       0.000       0.000       0.000       0.000       0.000
    DQD09            0.000       0.000       0.000       0.000       0.000       0.000       0.000
    DQD11            0.000       0.000       0.000       0.000       0.000       0.000       0.000
    SB              -0.159      -0.094      -0.060       0.116       0.292       0.325       0.391
    ID              46.497      47.024      47.294      48.701      50.108      50.378      50.905
    SD              -0.956      -0.834      -0.771      -0.445      -0.120      -0.057       0.065

 Variances
    AGE04          227.994     229.789     230.706     235.499     240.291     241.209     243.003
    GENDER           0.249       0.249       0.249       0.250       0.250       0.250       0.250
    KCAL04       *********  442068.375  444675.250  458288.875  471902.500  474509.375  479605.562
    MET04        11848.793   12056.527   12162.790   12717.716   13272.642   13378.904   13586.639
    SMOKE04          0.222       0.235       0.241       0.276       0.311       0.317       0.330
    EDUC04           1.691       1.706       1.714       1.754       1.793       1.801       1.816
    SYSTO04        324.918     329.749     332.220     345.125     358.030     360.501     365.332
    DIASTO04       119.374     121.004     121.837     126.191     130.544     131.378     133.008
    Q1               0.182       0.183       0.184       0.188       0.191       0.192       0.193
    Q2               0.182       0.183       0.184       0.188       0.191       0.192       0.193
    Q3               0.182       0.183       0.184       0.188       0.191       0.192       0.193
    IB               9.766       9.902       9.971      10.334      10.697      10.766      10.902

 Residual Variances
    BMI04            0.638       0.716       0.756       0.965       1.173       1.213       1.291
    BMI06           -1.409      -0.323       0.233       3.134       6.036       6.591       7.677
    BMI09            1.303       1.358       1.386       1.532       1.677       1.705       1.760
    BMI11           -1.481       2.120       3.962      13.581      23.200      25.042      28.643
    DQD04           45.973      46.772      47.182      49.319      51.456      51.865      52.665
    DQD06           44.678      45.257      45.553      47.098      48.644      48.940      49.519
    DQD09           45.405      46.051      46.382      48.108      49.834      50.165      50.811
    DQD11           43.916      44.808      45.264      47.646      50.028      50.484      51.376
    SB               0.034       0.037       0.038       0.045       0.052       0.054       0.056
    ID              12.027      12.659      12.982      14.668      16.355      16.678      17.309
    SD               0.145       0.176       0.192       0.273       0.355       0.371       0.402

New/Additional Parameters
    IND1            -0.050      -0.045      -0.043      -0.030      -0.016      -0.014      -0.009
    IND2            -0.092      -0.083      -0.079      -0.057      -0.036      -0.031      -0.023
    IND3            -0.139      -0.126      -0.120      -0.087      -0.054      -0.048      -0.036
    DI1              0.004       0.013       0.018       0.042       0.066       0.071       0.080
    DI2             -0.002       0.010       0.016       0.049       0.082       0.088       0.100
    DI3             -0.015       0.001       0.009       0.052       0.095       0.104       0.120
    TO1             -0.020      -0.012      -0.008       0.012       0.032       0.036       0.044
    TO2             -0.045      -0.037      -0.032      -0.008       0.015       0.020       0.029
    TO3             -0.075      -0.066      -0.061      -0.035      -0.009      -0.004       0.006
    IND_L_1         -0.050      -0.045      -0.043      -0.031      -0.019      -0.016      -0.012
    IND_L_2         -0.091      -0.083      -0.078      -0.057      -0.035      -0.031      -0.022
    IND_L_3         -0.137      -0.125      -0.119      -0.086      -0.053      -0.047      -0.034
    IND_S_1         -0.005      -0.004      -0.003       0.001       0.005       0.006       0.008
    IND_S_2         -0.005      -0.004      -0.004      -0.001       0.002       0.003       0.004
    IND_S_3         -0.010      -0.008      -0.007      -0.001       0.004       0.005       0.007


TECHNICAL 1 OUTPUT


     PARAMETER SPECIFICATION


           NU
              BMI04         BMI06         BMI09         BMI11         DQD04
              ________      ________      ________      ________      ________
 1                  0             0             0             0             0


           NU
              DQD06         DQD09         DQD11         AGE04         GENDER
              ________      ________      ________      ________      ________
 1                  0             0             0             0             0


           NU
              KCAL04        MET04         SMOKE04       EDUC04        SYSTO04
              ________      ________      ________      ________      ________
 1                  0             0             0             0             0


           NU
              DIASTO04      Q1            Q2            Q3
              ________      ________      ________      ________
 1                  0             0             0             0


           LAMBDA
              IB            SB            ID            SD            AGE04
              ________      ________      ________      ________      ________
 BMI04              0             0             0             0             0
 BMI06              0             0             0             0             0
 BMI09              0             0             0             0             0
 BMI11              0             0             0             0             0
 DQD04              0             0             0             0             0
 DQD06              0             0             0             0             0
 DQD09              0             0             0             0             0
 DQD11              0             0             0             0             0
 AGE04              0             0             0             0             0
 GENDER             0             0             0             0             0
 KCAL04             0             0             0             0             0
 MET04              0             0             0             0             0
 SMOKE04            0             0             0             0             0
 EDUC04             0             0             0             0             0
 SYSTO04            0             0             0             0             0
 DIASTO04           0             0             0             0             0
 Q1                 0             0             0             0             0
 Q2                 0             0             0             0             0
 Q3                 0             0             0             0             0


           LAMBDA
              GENDER        KCAL04        MET04         SMOKE04       EDUC04
              ________      ________      ________      ________      ________
 BMI04              0             0             0             0             0
 BMI06              0             0             0             0             0
 BMI09              0             0             0             0             0
 BMI11              0             0             0             0             0
 DQD04              0             0             0             0             0
 DQD06              0             0             0             0             0
 DQD09              0             0             0             0             0
 DQD11              0             0             0             0             0
 AGE04              0             0             0             0             0
 GENDER             0             0             0             0             0
 KCAL04             0             0             0             0             0
 MET04              0             0             0             0             0
 SMOKE04            0             0             0             0             0
 EDUC04             0             0             0             0             0
 SYSTO04            0             0             0             0             0
 DIASTO04           0             0             0             0             0
 Q1                 0             0             0             0             0
 Q2                 0             0             0             0             0
 Q3                 0             0             0             0             0


           LAMBDA
              SYSTO04       DIASTO04      Q1            Q2            Q3
              ________      ________      ________      ________      ________
 BMI04              0             0             0             0             0
 BMI06              0             0             0             0             0
 BMI09              0             0             0             0             0
 BMI11              0             0             0             0             0
 DQD04              0             0             0             0             0
 DQD06              0             0             0             0             0
 DQD09              0             0             0             0             0
 DQD11              0             0             0             0             0
 AGE04              0             0             0             0             0
 GENDER             0             0             0             0             0
 KCAL04             0             0             0             0             0
 MET04              0             0             0             0             0
 SMOKE04            0             0             0             0             0
 EDUC04             0             0             0             0             0
 SYSTO04            0             0             0             0             0
 DIASTO04           0             0             0             0             0
 Q1                 0             0             0             0             0
 Q2                 0             0             0             0             0
 Q3                 0             0             0             0             0


           THETA
              BMI04         BMI06         BMI09         BMI11         DQD04
              ________      ________      ________      ________      ________
 BMI04              1
 BMI06              0             2
 BMI09              0             0             3
 BMI11              0             0             0             4
 DQD04              0             0             0             0             5
 DQD06              0             0             0             0             0
 DQD09              0             0             0             0             0
 DQD11              0             0             0             0             0
 AGE04              0             0             0             0             0
 GENDER             0             0             0             0             0
 KCAL04             0             0             0             0             0
 MET04              0             0             0             0             0
 SMOKE04            0             0             0             0             0
 EDUC04             0             0             0             0             0
 SYSTO04            0             0             0             0             0
 DIASTO04           0             0             0             0             0
 Q1                 0             0             0             0             0
 Q2                 0             0             0             0             0
 Q3                 0             0             0             0             0


           THETA
              DQD06         DQD09         DQD11         AGE04         GENDER
              ________      ________      ________      ________      ________
 DQD06              6
 DQD09              0             7
 DQD11              0             0             8
 AGE04              0             0             0             0
 GENDER             0             0             0             0             0
 KCAL04             0             0             0             0             0
 MET04              0             0             0             0             0
 SMOKE04            0             0             0             0             0
 EDUC04             0             0             0             0             0
 SYSTO04            0             0             0             0             0
 DIASTO04           0             0             0             0             0
 Q1                 0             0             0             0             0
 Q2                 0             0             0             0             0
 Q3                 0             0             0             0             0


           THETA
              KCAL04        MET04         SMOKE04       EDUC04        SYSTO04
              ________      ________      ________      ________      ________
 KCAL04             0
 MET04              0             0
 SMOKE04            0             0             0
 EDUC04             0             0             0             0
 SYSTO04            0             0             0             0             0
 DIASTO04           0             0             0             0             0
 Q1                 0             0             0             0             0
 Q2                 0             0             0             0             0
 Q3                 0             0             0             0             0


           THETA
              DIASTO04      Q1            Q2            Q3
              ________      ________      ________      ________
 DIASTO04           0
 Q1                 0             0
 Q2                 0             0             0
 Q3                 0             0             0             0


           ALPHA
              IB            SB            ID            SD            AGE04
              ________      ________      ________      ________      ________
 1                  9            10            11            12            13


           ALPHA
              GENDER        KCAL04        MET04         SMOKE04       EDUC04
              ________      ________      ________      ________      ________
 1                 14            15            16            17            18


           ALPHA
              SYSTO04       DIASTO04      Q1            Q2            Q3
              ________      ________      ________      ________      ________
 1                 19            20            21            22            23


           BETA
              IB            SB            ID            SD            AGE04
              ________      ________      ________      ________      ________
 IB                 0             0             0             0             0
 SB                 0             0            24            25            26
 ID                 0             0             0             0            37
 SD                 0             0             0             0            48
 AGE04              0             0             0             0             0
 GENDER             0             0             0             0             0
 KCAL04             0             0             0             0             0
 MET04              0             0             0             0             0
 SMOKE04            0             0             0             0             0
 EDUC04             0             0             0             0             0
 SYSTO04            0             0             0             0             0
 DIASTO04           0             0             0             0             0
 Q1                 0             0             0             0             0
 Q2                 0             0             0             0             0
 Q3                 0             0             0             0             0


           BETA
              GENDER        KCAL04        MET04         SMOKE04       EDUC04
              ________      ________      ________      ________      ________
 IB                 0             0             0             0             0
 SB                27            28            29            30            31
 ID                38            39            40            41            42
 SD                49            50            51            52            53
 AGE04              0             0             0             0             0
 GENDER             0             0             0             0             0
 KCAL04             0             0             0             0             0
 MET04              0             0             0             0             0
 SMOKE04            0             0             0             0             0
 EDUC04             0             0             0             0             0
 SYSTO04            0             0             0             0             0
 DIASTO04           0             0             0             0             0
 Q1                 0             0             0             0             0
 Q2                 0             0             0             0             0
 Q3                 0             0             0             0             0


           BETA
              SYSTO04       DIASTO04      Q1            Q2            Q3
              ________      ________      ________      ________      ________
 IB                 0             0             0             0             0
 SB                32            33            34            35            36
 ID                43            44            45            46            47
 SD                54            55            56            57            58
 AGE04              0             0             0             0             0
 GENDER             0             0             0             0             0
 KCAL04             0             0             0             0             0
 MET04              0             0             0             0             0
 SMOKE04            0             0             0             0             0
 EDUC04             0             0             0             0             0
 SYSTO04            0             0             0             0             0
 DIASTO04           0             0             0             0             0
 Q1                 0             0             0             0             0
 Q2                 0             0             0             0             0
 Q3                 0             0             0             0             0


           PSI
              IB            SB            ID            SD            AGE04
              ________      ________      ________      ________      ________
 IB                59
 SB                60            61
 ID                 0             0            62
 SD                 0             0            63            64
 AGE04             65             0             0             0            66
 GENDER            67             0             0             0            68
 KCAL04            70             0             0             0            71
 MET04             74             0             0             0            75
 SMOKE04           79             0             0             0            80
 EDUC04            85             0             0             0            86
 SYSTO04           92             0             0             0            93
 DIASTO04         100             0             0             0           101
 Q1               109             0             0             0           110
 Q2               119             0             0             0           120
 Q3               130             0             0             0           131


           PSI
              GENDER        KCAL04        MET04         SMOKE04       EDUC04
              ________      ________      ________      ________      ________
 GENDER            69
 KCAL04            72            73
 MET04             76            77            78
 SMOKE04           81            82            83            84
 EDUC04            87            88            89            90            91
 SYSTO04           94            95            96            97            98
 DIASTO04         102           103           104           105           106
 Q1               111           112           113           114           115
 Q2               121           122           123           124           125
 Q3               132           133           134           135           136


           PSI
              SYSTO04       DIASTO04      Q1            Q2            Q3
              ________      ________      ________      ________      ________
 SYSTO04           99
 DIASTO04         107           108
 Q1               116           117           118
 Q2               126           127           128           129
 Q3               137           138           139           140           141


     PARAMETER SPECIFICATION FOR THE ADDITIONAL PARAMETERS


           NEW/ADDITIONAL PARAMETERS
              IND1          IND2          IND3          DI1           DI2
              ________      ________      ________      ________      ________
 1                142           143           144           145           146


           NEW/ADDITIONAL PARAMETERS
              DI3           TO1           TO2           TO3           IND_L_1
              ________      ________      ________      ________      ________
 1                147           148           149           150           151


           NEW/ADDITIONAL PARAMETERS
              IND_L_2       IND_L_3       IND_S_1       IND_S_2       IND_S_3
              ________      ________      ________      ________      ________
 1                152           153           154           155           156


     STARTING VALUES


           NU
              BMI04         BMI06         BMI09         BMI11         DQD04
              ________      ________      ________      ________      ________
 1              0.000         0.000         0.000         0.000         0.000


           NU
              DQD06         DQD09         DQD11         AGE04         GENDER
              ________      ________      ________      ________      ________
 1              0.000         0.000         0.000         0.000         0.000


           NU
              KCAL04        MET04         SMOKE04       EDUC04        SYSTO04
              ________      ________      ________      ________      ________
 1              0.000         0.000         0.000         0.000         0.000


           NU
              DIASTO04      Q1            Q2            Q3
              ________      ________      ________      ________
 1              0.000         0.000         0.000         0.000


           LAMBDA
              IB            SB            ID            SD            AGE04
              ________      ________      ________      ________      ________
 BMI04          1.000         0.000         0.000         0.000         0.000
 BMI06          1.000         2.000         0.000         0.000         0.000
 BMI09          1.000         5.000         0.000         0.000         0.000
 BMI11          1.000         7.000         0.000         0.000         0.000
 DQD04          0.000         0.000         1.000         0.000         0.000
 DQD06          0.000         0.000         1.000         2.000         0.000
 DQD09          0.000         0.000         1.000         5.000         0.000
 DQD11          0.000         0.000         1.000         7.000         0.000
 AGE04          0.000         0.000         0.000         0.000         1.000
 GENDER         0.000         0.000         0.000         0.000         0.000
 KCAL04         0.000         0.000         0.000         0.000         0.000
 MET04          0.000         0.000         0.000         0.000         0.000
 SMOKE04        0.000         0.000         0.000         0.000         0.000
 EDUC04         0.000         0.000         0.000         0.000         0.000
 SYSTO04        0.000         0.000         0.000         0.000         0.000
 DIASTO04       0.000         0.000         0.000         0.000         0.000
 Q1             0.000         0.000         0.000         0.000         0.000
 Q2             0.000         0.000         0.000         0.000         0.000
 Q3             0.000         0.000         0.000         0.000         0.000


           LAMBDA
              GENDER        KCAL04        MET04         SMOKE04       EDUC04
              ________      ________      ________      ________      ________
 BMI04          0.000         0.000         0.000         0.000         0.000
 BMI06          0.000         0.000         0.000         0.000         0.000
 BMI09          0.000         0.000         0.000         0.000         0.000
 BMI11          0.000         0.000         0.000         0.000         0.000
 DQD04          0.000         0.000         0.000         0.000         0.000
 DQD06          0.000         0.000         0.000         0.000         0.000
 DQD09          0.000         0.000         0.000         0.000         0.000
 DQD11          0.000         0.000         0.000         0.000         0.000
 AGE04          0.000         0.000         0.000         0.000         0.000
 GENDER         1.000         0.000         0.000         0.000         0.000
 KCAL04         0.000         1.000         0.000         0.000         0.000
 MET04          0.000         0.000         1.000         0.000         0.000
 SMOKE04        0.000         0.000         0.000         1.000         0.000
 EDUC04         0.000         0.000         0.000         0.000         1.000
 SYSTO04        0.000         0.000         0.000         0.000         0.000
 DIASTO04       0.000         0.000         0.000         0.000         0.000
 Q1             0.000         0.000         0.000         0.000         0.000
 Q2             0.000         0.000         0.000         0.000         0.000
 Q3             0.000         0.000         0.000         0.000         0.000


           LAMBDA
              SYSTO04       DIASTO04      Q1            Q2            Q3
              ________      ________      ________      ________      ________
 BMI04          0.000         0.000         0.000         0.000         0.000
 BMI06          0.000         0.000         0.000         0.000         0.000
 BMI09          0.000         0.000         0.000         0.000         0.000
 BMI11          0.000         0.000         0.000         0.000         0.000
 DQD04          0.000         0.000         0.000         0.000         0.000
 DQD06          0.000         0.000         0.000         0.000         0.000
 DQD09          0.000         0.000         0.000         0.000         0.000
 DQD11          0.000         0.000         0.000         0.000         0.000
 AGE04          0.000         0.000         0.000         0.000         0.000
 GENDER         0.000         0.000         0.000         0.000         0.000
 KCAL04         0.000         0.000         0.000         0.000         0.000
 MET04          0.000         0.000         0.000         0.000         0.000
 SMOKE04        0.000         0.000         0.000         0.000         0.000
 EDUC04         0.000         0.000         0.000         0.000         0.000
 SYSTO04        1.000         0.000         0.000         0.000         0.000
 DIASTO04       0.000         1.000         0.000         0.000         0.000
 Q1             0.000         0.000         1.000         0.000         0.000
 Q2             0.000         0.000         0.000         1.000         0.000
 Q3             0.000         0.000         0.000         0.000         1.000


           THETA
              BMI04         BMI06         BMI09         BMI11         DQD04
              ________      ________      ________      ________      ________
 BMI04          5.617
 BMI06          0.000         6.364
 BMI09          0.000         0.000         5.891
 BMI11          0.000         0.000         0.000        11.820
 DQD04          0.000         0.000         0.000         0.000        42.544
 DQD06          0.000         0.000         0.000         0.000         0.000
 DQD09          0.000         0.000         0.000         0.000         0.000
 DQD11          0.000         0.000         0.000         0.000         0.000
 AGE04          0.000         0.000         0.000         0.000         0.000
 GENDER         0.000         0.000         0.000         0.000         0.000
 KCAL04         0.000         0.000         0.000         0.000         0.000
 MET04          0.000         0.000         0.000         0.000         0.000
 SMOKE04        0.000         0.000         0.000         0.000         0.000
 EDUC04         0.000         0.000         0.000         0.000         0.000
 SYSTO04        0.000         0.000         0.000         0.000         0.000
 DIASTO04       0.000         0.000         0.000         0.000         0.000
 Q1             0.000         0.000         0.000         0.000         0.000
 Q2             0.000         0.000         0.000         0.000         0.000
 Q3             0.000         0.000         0.000         0.000         0.000


           THETA
              DQD06         DQD09         DQD11         AGE04         GENDER
              ________      ________      ________      ________      ________
 DQD06         42.144
 DQD09          0.000        39.828
 DQD11          0.000         0.000        40.463
 AGE04          0.000         0.000         0.000         0.000
 GENDER         0.000         0.000         0.000         0.000         0.000
 KCAL04         0.000         0.000         0.000         0.000         0.000
 MET04          0.000         0.000         0.000         0.000         0.000
 SMOKE04        0.000         0.000         0.000         0.000         0.000
 EDUC04         0.000         0.000         0.000         0.000         0.000
 SYSTO04        0.000         0.000         0.000         0.000         0.000
 DIASTO04       0.000         0.000         0.000         0.000         0.000
 Q1             0.000         0.000         0.000         0.000         0.000
 Q2             0.000         0.000         0.000         0.000         0.000
 Q3             0.000         0.000         0.000         0.000         0.000


           THETA
              KCAL04        MET04         SMOKE04       EDUC04        SYSTO04
              ________      ________      ________      ________      ________
 KCAL04         0.000
 MET04          0.000         0.000
 SMOKE04        0.000         0.000         0.000
 EDUC04         0.000         0.000         0.000         0.000
 SYSTO04        0.000         0.000         0.000         0.000         0.000
 DIASTO04       0.000         0.000         0.000         0.000         0.000
 Q1             0.000         0.000         0.000         0.000         0.000
 Q2             0.000         0.000         0.000         0.000         0.000
 Q3             0.000         0.000         0.000         0.000         0.000


           THETA
              DIASTO04      Q1            Q2            Q3
              ________      ________      ________      ________
 DIASTO04       0.000
 Q1             0.000         0.000
 Q2             0.000         0.000         0.000
 Q3             0.000         0.000         0.000         0.000


           ALPHA
              IB            SB            ID            SD            AGE04
              ________      ________      ________      ________      ________
 1             23.091         0.035        38.663        -0.659        47.385


           ALPHA
              GENDER        KCAL04        MET04         SMOKE04       EDUC04
              ________      ________      ________      ________      ________
 1              1.519      2188.497       118.186         0.334         1.724


           ALPHA
              SYSTO04       DIASTO04      Q1            Q2            Q3
              ________      ________      ________      ________      ________
 1            122.224        78.671         0.250         0.250         0.250


           BETA
              IB            SB            ID            SD            AGE04
              ________      ________      ________      ________      ________
 IB             0.000         0.000         0.000         0.000         0.000
 SB             0.000         0.000         0.000         0.000         0.000
 ID             0.000         0.000         0.000         0.000         0.000
 SD             0.000         0.000         0.000         0.000         0.000
 AGE04          0.000         0.000         0.000         0.000         0.000
 GENDER         0.000         0.000         0.000         0.000         0.000
 KCAL04         0.000         0.000         0.000         0.000         0.000
 MET04          0.000         0.000         0.000         0.000         0.000
 SMOKE04        0.000         0.000         0.000         0.000         0.000
 EDUC04         0.000         0.000         0.000         0.000         0.000
 SYSTO04        0.000         0.000         0.000         0.000         0.000
 DIASTO04       0.000         0.000         0.000         0.000         0.000
 Q1             0.000         0.000         0.000         0.000         0.000
 Q2             0.000         0.000         0.000         0.000         0.000
 Q3             0.000         0.000         0.000         0.000         0.000


           BETA
              GENDER        KCAL04        MET04         SMOKE04       EDUC04
              ________      ________      ________      ________      ________
 IB             0.000         0.000         0.000         0.000         0.000
 SB             0.000         0.000         0.000         0.000         0.000
 ID             0.000         0.000         0.000         0.000         0.000
 SD             0.000         0.000         0.000         0.000         0.000
 AGE04          0.000         0.000         0.000         0.000         0.000
 GENDER         0.000         0.000         0.000         0.000         0.000
 KCAL04         0.000         0.000         0.000         0.000         0.000
 MET04          0.000         0.000         0.000         0.000         0.000
 SMOKE04        0.000         0.000         0.000         0.000         0.000
 EDUC04         0.000         0.000         0.000         0.000         0.000
 SYSTO04        0.000         0.000         0.000         0.000         0.000
 DIASTO04       0.000         0.000         0.000         0.000         0.000
 Q1             0.000         0.000         0.000         0.000         0.000
 Q2             0.000         0.000         0.000         0.000         0.000
 Q3             0.000         0.000         0.000         0.000         0.000


           BETA
              SYSTO04       DIASTO04      Q1            Q2            Q3
              ________      ________      ________      ________      ________
 IB             0.000         0.000         0.000         0.000         0.000
 SB             0.000         0.000         0.000         0.000         0.000
 ID             0.000         0.000         0.000         0.000         0.000
 SD             0.000         0.000         0.000         0.000         0.000
 AGE04          0.000         0.000         0.000         0.000         0.000
 GENDER         0.000         0.000         0.000         0.000         0.000
 KCAL04         0.000         0.000         0.000         0.000         0.000
 MET04          0.000         0.000         0.000         0.000         0.000
 SMOKE04        0.000         0.000         0.000         0.000         0.000
 EDUC04         0.000         0.000         0.000         0.000         0.000
 SYSTO04        0.000         0.000         0.000         0.000         0.000
 DIASTO04       0.000         0.000         0.000         0.000         0.000
 Q1             0.000         0.000         0.000         0.000         0.000
 Q2             0.000         0.000         0.000         0.000         0.000
 Q3             0.000         0.000         0.000         0.000         0.000


           PSI
              IB            SB            ID            SD            AGE04
              ________      ________      ________      ________      ________
 IB            11.513
 SB             0.000         0.570
 ID             0.000         0.000        82.962
 SD             0.000         0.000         0.000        18.488
 AGE04          0.000         0.000         0.000         0.000       117.749
 GENDER         0.000         0.000         0.000         0.000         0.000
 KCAL04         0.000         0.000         0.000         0.000         0.000
 MET04          0.000         0.000         0.000         0.000         0.000
 SMOKE04        0.000         0.000         0.000         0.000         0.000
 EDUC04         0.000         0.000         0.000         0.000         0.000
 SYSTO04        0.000         0.000         0.000         0.000         0.000
 DIASTO04       0.000         0.000         0.000         0.000         0.000
 Q1             0.000         0.000         0.000         0.000         0.000
 Q2             0.000         0.000         0.000         0.000         0.000
 Q3             0.000         0.000         0.000         0.000         0.000


           PSI
              GENDER        KCAL04        MET04         SMOKE04       EDUC04
              ________      ________      ________      ________      ________
 GENDER         0.125
 KCAL04         0.000    229144.438
 MET04          0.000         0.000      6315.442
 SMOKE04        0.000         0.000         0.000         0.138
 EDUC04         0.000         0.000         0.000         0.000         0.876
 SYSTO04        0.000         0.000         0.000         0.000         0.000
 DIASTO04       0.000         0.000         0.000         0.000         0.000
 Q1             0.000         0.000         0.000         0.000         0.000
 Q2             0.000         0.000         0.000         0.000         0.000
 Q3             0.000         0.000         0.000         0.000         0.000


           PSI
              SYSTO04       DIASTO04      Q1            Q2            Q3
              ________      ________      ________      ________      ________
 SYSTO04      171.913
 DIASTO04       0.000        63.046
 Q1             0.000         0.000         0.094
 Q2             0.000         0.000         0.000         0.094
 Q3             0.000         0.000         0.000         0.000         0.094


     STARTING VALUES FOR THE ADDITIONAL PARAMETERS


           NEW/ADDITIONAL PARAMETERS
              IND1          IND2          IND3          DI1           DI2
              ________      ________      ________      ________      ________
 1              0.500         0.500         0.500         0.500         0.500


           NEW/ADDITIONAL PARAMETERS
              DI3           TO1           TO2           TO3           IND_L_1
              ________      ________      ________      ________      ________
 1              0.500         0.500         0.500         0.500         0.500


           NEW/ADDITIONAL PARAMETERS
              IND_L_2       IND_L_3       IND_S_1       IND_S_2       IND_S_3
              ________      ________      ________      ________      ________
 1              0.500         0.500         0.500         0.500         0.500


DIAGRAM INFORMATION

  Use View Diagram under the Diagram menu in the Mplus Editor to view the diagram.
  If running Mplus from the Mplus Diagrammer, the diagram opens automatically.

  Diagram output
    d:\data\dpmedi\mplus\longitudinal\dqd bmi mediation model fit.dgm

     Beginning Time:  16:06:24
        Ending Time:  16:06:50
       Elapsed Time:  00:00:26



MUTHEN & MUTHEN
3463 Stoner Ave.
Los Angeles, CA  90066

Tel: (310) 391-9971
Fax: (310) 391-8971
Web: www.StatModel.com
Support: Support@StatModel.com

Copyright (c) 1998-2015 Muthen & Muthen
