Mplus VERSION 7.4
MUTHEN & MUTHEN
05/16/2019   3:49 PM

INPUT INSTRUCTIONS

  DATA: File is id0411 mplus.csv;

  VARIABLE: Names are IDind WAVE hhid t2 commid age04
                      kcal04 carbo04 fat04 protn04 bmi04
                      hwr04 wc04 diasto04 systo04 smoke04
                      gender educ04 indinc04 index04 met04
                      cmfp04 dash04 ahei04 hbs04 lbs04 dqd04
                      age06 kcal06 carbo06 fat06 protn06 bmi06
                      hwr06 wc06 diasto06 systo06 smoke06
                      educ06 indinc06 index06 met06 cmfp06 dash06
                      ahei06 hbs06 lbs06 dqd06 age09 kcal09 carbo09
                      fat09 protn09 bmi09 hwr09 wc09 diasto09 systo09
                      smoke09 educ09 indinc09 index09 met09 cmfp09
                      dash09 ahei09 hbs09 lbs09 dqd09 age11 kcal11
                      carbo11 fat11 protn11 bmi11 hwr11 wc11 diasto11
                      systo11 smoke11 educ11 indinc11 index11 met11
                      cmfp11 dash11 ahei11 hbs11 lbs11 dqd11 q_index
                       q1 q2 q3 carbo_p protn_p fat_p;

           Usev are  age04 gender kcal04 met04
                     bmi04 bmi06 bmi09 bmi11 smoke04
                     hbs04 hbs06 hbs09 hbs11
                     educ04 systo04 diasto04 q1 q2 q3;


           Missing are all(999);


  ANALYSIS:
  Type=random;



  MODEL:
  age04 gender kcal04 met04 smoke04
  bmi04 bmi06 bmi09 bmi11 educ04 systo04 diasto04
  hbs04 hbs06 hbs09 hbs11 q1 q2 q3;

  ib sb | bmi04@0 bmi06@2 bmi09@5 bmi11@7;
  id sd | hbs04@0 hbs06@2 hbs09@5 hbs11@7;

  ib with sb;
  id with sd;

  id with sd;

  id on q1(ai1)
        q2(ai2)
        q3(ai3)
        age04 gender kcal04 met04
        educ04 systo04 diasto04 smoke04;

  sd on q1(as1)
        q2(as2)
        q3(as3)
        age04 gender kcal04 met04
        educ04 systo04 diasto04 smoke04;

  sb on id(bi)
        sd(bs)
        q1(c1)
        q2(c2)
        q3(c3)
        age04 gender kcal04 met04
        educ04 systo04 diasto04 smoke04;


  MODEL CONSTRAINT:
  NEW (ind1 ind2 ind3 di1 di2 di3 to1 to2 to3
   ind_l_1 ind_l_2 ind_l_3
  ind_s_1 ind_s_2 ind_s_3);
  ind1=as1*bs+ai1*bi;
  ind2=as2*bs+ai2*bi;
  ind3=as3*bs+ai3*bi;
  to1=as1*bs+ai1*bi+c1;
  to2=as2*bs+ai2*bi+c2;
  to3=as3*bs+ai3*bi+c3;
  di1=c1;
  di2=c2;
  di3=c3;
  ind_l_1=ai1*bi;
  ind_l_2=ai2*bi;
  ind_l_3=ai3*bi;
  ind_s_1=as1*bs;
  ind_s_2=as2*bs;
  ind_s_3=as3*bs;

  OUTPUT: SAMPSTAT STANDARDIZED RESIDUAL MODINDICES (3.84) cinterval(BOOTSTRAP);



*** WARNING in OUTPUT command
  STANDARDIZED (STD, STDY, STDYX) options for TYPE=RANDOM require ALGORITHM=INTEGRATION.
  Request for STANDARDIZED (STD, STDY, STDYX) is ignored.
*** WARNING in OUTPUT command
  MODINDICES option is not available in conjunction with nonlinear constraints
  through the use of MODEL CONSTRAINT.  Request for MODINDICES is ignored.
*** WARNING in OUTPUT command
  RESIDUAL option for TYPE=RANDOM requires ALGORITHM=INTEGRATION.
  Request for RESIDUAL is ignored.
*** WARNING in OUTPUT command
  BOOTSTRAP and BCBOOTSTRAP confidence intervals require the specification
  of BOOTSTRAP in the ANALYSIS command.  Request for CINTERVAL is ignored.
   4 WARNING(S) FOUND IN THE INPUT INSTRUCTIONS




SUMMARY OF ANALYSIS

Number of groups                                                 1
Number of observations                                        9547

Number of dependent variables                                    8
Number of independent variables                                 11
Number of continuous latent variables                            4

Observed dependent variables

  Continuous
   BMI04       BMI06       BMI09       BMI11       HBS04       HBS06
   HBS09       HBS11

Observed independent variables
   AGE04       GENDER      KCAL04      MET04       SMOKE04     EDUC04
   SYSTO04     DIASTO04    Q1          Q2          Q3

Continuous latent variables
   IB          SB          ID          SD


Estimator                                                      MLR
Information matrix                                        OBSERVED
Maximum number of iterations                                   100
Convergence criterion                                    0.100D-05
Maximum number of EM iterations                                500
Convergence criteria for the EM algorithm
  Loglikelihood change                                   0.100D-02
  Relative loglikelihood change                          0.100D-05
  Derivative                                             0.100D-03
Minimum variance                                         0.100D-03
Maximum number of steepest descent iterations                   20
Maximum number of iterations for H1                           2000
Convergence criterion for H1                             0.100D-03
Optimization algorithm                                         EMA

Input data file(s)
  id0411 mplus.csv
Input data format  FREE


SUMMARY OF DATA

     Number of missing data patterns           197


COVARIANCE COVERAGE OF DATA

Minimum covariance coverage value   0.100


     PROPORTION OF DATA PRESENT


           Covariance Coverage
              BMI04         BMI06         BMI09         BMI11         HBS04
              ________      ________      ________      ________      ________
 BMI04          0.928
 BMI06          0.690         0.727
 BMI09          0.589         0.537         0.623
 BMI11          0.533         0.483         0.503         0.564
 HBS04          0.928         0.727         0.623         0.564         1.000
 HBS06          0.721         0.717         0.559         0.504         0.769
 HBS09          0.608         0.553         0.616         0.514         0.648
 HBS11          0.542         0.490         0.507         0.557         0.576
 AGE04          0.928         0.727         0.623         0.564         1.000
 GENDER         0.928         0.727         0.623         0.564         1.000
 KCAL04         0.928         0.727         0.623         0.564         1.000
 MET04          0.848         0.667         0.576         0.523         0.901
 SMOKE04        0.927         0.722         0.619         0.559         0.988
 EDUC04         0.926         0.722         0.618         0.559         0.987
 SYSTO04        0.927         0.698         0.596         0.539         0.939
 DIASTO04       0.927         0.698         0.596         0.539         0.939
 Q1             0.927         0.726         0.622         0.563         0.999
 Q2             0.927         0.726         0.622         0.563         0.999
 Q3             0.927         0.726         0.622         0.563         0.999


           Covariance Coverage
              HBS06         HBS09         HBS11         AGE04         GENDER
              ________      ________      ________      ________      ________
 HBS06          0.769
 HBS09          0.580         0.648
 HBS11          0.513         0.523         0.576
 AGE04          0.769         0.648         0.576         1.000
 GENDER         0.769         0.648         0.576         1.000         1.000
 KCAL04         0.769         0.648         0.576         1.000         1.000
 MET04          0.703         0.597         0.533         0.901         0.901
 SMOKE04        0.764         0.643         0.571         0.988         0.988
 EDUC04         0.763         0.642         0.571         0.987         0.987
 SYSTO04        0.730         0.615         0.549         0.939         0.939
 DIASTO04       0.730         0.615         0.549         0.939         0.939
 Q1             0.768         0.647         0.576         0.999         0.999
 Q2             0.768         0.647         0.576         0.999         0.999
 Q3             0.768         0.647         0.576         0.999         0.999


           Covariance Coverage
              KCAL04        MET04         SMOKE04       EDUC04        SYSTO04
              ________      ________      ________      ________      ________
 KCAL04         1.000
 MET04          0.901         0.901
 SMOKE04        0.988         0.900         0.988
 EDUC04         0.987         0.899         0.986         0.987
 SYSTO04        0.939         0.857         0.937         0.937         0.939
 DIASTO04       0.939         0.857         0.937         0.937         0.939
 Q1             0.999         0.900         0.987         0.986         0.938
 Q2             0.999         0.900         0.987         0.986         0.938
 Q3             0.999         0.900         0.987         0.986         0.938


           Covariance Coverage
              DIASTO04      Q1            Q2            Q3
              ________      ________      ________      ________
 DIASTO04       0.939
 Q1             0.938         0.999
 Q2             0.938         0.999         0.999
 Q3             0.938         0.999         0.999         0.999


SAMPLE STATISTICS


     ESTIMATED SAMPLE STATISTICS


           Means
              BMI04         BMI06         BMI09         BMI11         HBS04
              ________      ________      ________      ________      ________
 1             23.022        23.104        23.293        23.739        12.026


           Means
              HBS06         HBS09         HBS11         AGE04         GENDER
              ________      ________      ________      ________      ________
 1             12.011        11.986        12.298        47.385         1.519


           Means
              KCAL04        MET04         SMOKE04       EDUC04        SYSTO04
              ________      ________      ________      ________      ________
 1           2188.497       116.544         0.335         1.729       122.078


           Means
              DIASTO04      Q1            Q2            Q3
              ________      ________      ________      ________
 1             78.633         0.250         0.250         0.250


           Covariances
              BMI04         BMI06         BMI09         BMI11         HBS04
              ________      ________      ________      ________      ________
 BMI04         11.321
 BMI06          9.990        12.978
 BMI09          9.721         9.882        11.893
 BMI11          9.116         9.373        10.284        23.853
 HBS04          1.136         1.223         1.154         1.802        27.105
 HBS06          0.995         1.345         1.363         1.471         6.833
 HBS09          1.162         1.371         1.412         1.425         4.595
 HBS11          0.179         0.633         0.720         0.751         4.201
 AGE04          4.022         1.747        -0.779        -1.772        -6.589
 GENDER         0.048         0.048         0.029        -0.014        -0.427
 KCAL04        55.992        98.044        96.767       168.797      1399.123
 MET04        -19.518       -11.136        -8.502        -6.178        68.120
 SMOKE04       -0.092        -0.104        -0.103        -0.050         0.298
 EDUC04         0.057         0.054         0.096         0.187         0.018
 SYSTO04       16.449        14.338        12.043        10.101        -3.299
 DIASTO04      10.693         9.743         9.002         8.271         0.754
 Q1            -0.070        -0.071        -0.031        -0.031         0.146
 Q2             0.106         0.127         0.099         0.090        -0.012
 Q3             0.089         0.041         0.033         0.041        -0.275


           Covariances
              HBS06         HBS09         HBS11         AGE04         GENDER
              ________      ________      ________      ________      ________
 HBS06         26.034
 HBS09          5.399        27.238
 HBS11          5.173         7.180        27.667
 AGE04        -13.129       -12.255       -15.285       235.499
 GENDER        -0.445        -0.472        -0.533         0.199         0.250
 KCAL04       742.276       548.222       558.813     -1363.375       -91.666
 MET04         80.834        67.770       104.179      -419.645        -8.122
 SMOKE04        0.268         0.267         0.306         0.285        -0.150
 EDUC04         0.018         0.167         0.293        -8.221        -0.129
 SYSTO04       -4.247        -6.010        -8.047       117.525        -0.814
 DIASTO04       0.734         0.878         0.416        35.940        -0.691
 Q1             0.188         0.006         0.100        -0.282        -0.002
 Q2            -0.153        -0.029        -0.176         0.044         0.000
 Q3            -0.389        -0.253        -0.286         0.452         0.003


           Covariances
              KCAL04        MET04         SMOKE04       EDUC04        SYSTO04
              ________      ________      ________      ________      ________
 KCAL04    458288.862
 MET04      15937.186     12716.413
 SMOKE04       57.597         4.833         0.276
 EDUC04        78.438        -1.630         0.042         1.755
 SYSTO04     -957.175      -277.097         0.674        -3.746       345.151
 DIASTO04    -281.637       -84.545         0.448        -0.822       148.480
 Q1            13.595         5.233         0.003        -0.090        -0.170
 Q2            -6.239        -5.771         0.001         0.025         0.393
 Q3           -19.114        -9.889        -0.007         0.182         0.344


           Covariances
              DIASTO04      Q1            Q2            Q3
              ________      ________      ________      ________
 DIASTO04     126.212
 Q1            -0.066         0.188
 Q2             0.366        -0.063         0.188
 Q3            -0.009        -0.063        -0.062         0.188


           Correlations
              BMI04         BMI06         BMI09         BMI11         HBS04
              ________      ________      ________      ________      ________
 BMI04          1.000
 BMI06          0.824         1.000
 BMI09          0.838         0.795         1.000
 BMI11          0.555         0.533         0.611         1.000
 HBS04          0.065         0.065         0.064         0.071         1.000
 HBS06          0.058         0.073         0.077         0.059         0.257
 HBS09          0.066         0.073         0.078         0.056         0.169
 HBS11          0.010         0.033         0.040         0.029         0.153
 AGE04          0.078         0.032        -0.015        -0.024        -0.082
 GENDER         0.028         0.027         0.017        -0.006        -0.164
 KCAL04         0.025         0.040         0.041         0.051         0.397
 MET04         -0.051        -0.027        -0.022        -0.011         0.116
 SMOKE04       -0.052        -0.055        -0.057        -0.019         0.109
 EDUC04         0.013         0.011         0.021         0.029         0.003
 SYSTO04        0.263         0.214         0.188         0.111        -0.034
 DIASTO04       0.283         0.241         0.232         0.151         0.013
 Q1            -0.048        -0.045        -0.021        -0.015         0.065
 Q2             0.073         0.082         0.067         0.043        -0.005
 Q3             0.061         0.026         0.022         0.019        -0.122


           Correlations
              HBS06         HBS09         HBS11         AGE04         GENDER
              ________      ________      ________      ________      ________
 HBS06          1.000
 HBS09          0.203         1.000
 HBS11          0.193         0.262         1.000
 AGE04         -0.168        -0.153        -0.189         1.000
 GENDER        -0.174        -0.181        -0.203         0.026         1.000
 KCAL04         0.215         0.155         0.157        -0.131        -0.271
 MET04          0.140         0.115         0.176        -0.242        -0.144
 SMOKE04        0.100         0.097         0.111         0.035        -0.572
 EDUC04         0.003         0.024         0.042        -0.404        -0.196
 SYSTO04       -0.045        -0.062        -0.082         0.412        -0.088
 DIASTO04       0.013         0.015         0.007         0.208        -0.123
 Q1             0.085         0.003         0.044        -0.042        -0.009
 Q2            -0.069        -0.013        -0.077         0.007         0.002
 Q3            -0.176        -0.112        -0.126         0.068         0.014


           Correlations
              KCAL04        MET04         SMOKE04       EDUC04        SYSTO04
              ________      ________      ________      ________      ________
 KCAL04         1.000
 MET04          0.209         1.000
 SMOKE04        0.162         0.082         1.000
 EDUC04         0.087        -0.011         0.060         1.000
 SYSTO04       -0.076        -0.132         0.069        -0.152         1.000
 DIASTO04      -0.037        -0.067         0.076        -0.055         0.711
 Q1             0.046         0.107         0.014        -0.157        -0.021
 Q2            -0.021        -0.118         0.006         0.044         0.049
 Q3            -0.065        -0.203        -0.031         0.318         0.043


           Correlations
              DIASTO04      Q1            Q2            Q3
              ________      ________      ________      ________
 DIASTO04       1.000
 Q1            -0.014         1.000
 Q2             0.075        -0.333         1.000
 Q3            -0.002        -0.333        -0.333         1.000


     MAXIMUM LOG-LIKELIHOOD VALUE FOR THE UNRESTRICTED (H1) MODEL IS -426354.526


UNIVARIATE SAMPLE STATISTICS


     UNIVARIATE HIGHER-ORDER MOMENT DESCRIPTIVE STATISTICS

         Variable/         Mean/     Skewness/   Minimum/ % with                Percentiles
        Sample Size      Variance    Kurtosis    Maximum  Min/Max      20%/60%    40%/80%    Median

     BMI04                23.021       0.585      12.415    0.01%      20.189     21.861     22.673
            8858.000      11.235       0.546      41.322    0.01%      23.543     25.712
     BMI06                23.179       4.577      13.240    0.01%      20.344     22.042     22.857
            6938.000      12.729     126.919     132.544    0.01%      23.684     25.810
     BMI09                23.342       0.482      13.700    0.02%      20.415     22.215     23.111
            5949.000      11.781       0.401      42.590    0.02%      23.979     26.148
     BMI11                23.797       9.794       4.826    0.02%      20.644     22.491     23.378
            5386.000      23.639     280.882     190.972    0.02%      24.235     26.438
     HBS04                12.026      -0.033       0.000    3.11%       8.000     10.000     12.000
            9547.000      27.105      -0.004      31.000    0.02%      14.000     16.000
     HBS06                12.011       0.112       0.000    1.40%       8.000     10.000     12.000
            7340.000      25.823      -0.182      28.000    0.04%      14.000     16.000
     HBS09                12.072       0.168       0.000    1.03%       8.000     10.000     12.000
            6185.000      27.047      -0.296      30.000    0.02%      14.000     16.000
     HBS11                12.415       0.031       0.000    1.16%       8.000     10.000     12.000
            5502.000      27.328      -0.477      32.000    0.02%      14.000     18.000
     AGE04                47.385       0.238      18.000    1.13%      33.000     42.000     47.000
            9547.000     235.499      -0.539      97.000    0.01%      51.000     61.000
     GENDER                1.519      -0.076       1.000   48.11%       1.000      1.000      2.000
            9547.000       0.250      -1.994       2.000   51.89%       2.000      2.000
     KCAL04             2188.497       0.630      50.891    0.01%    1615.771   1974.357   2128.274
            9547.000  458288.862       1.113    6053.592    0.01%    2307.147   2719.569
     MET04               118.186       1.345       0.000    4.03%      20.460     52.675     84.047
            8604.000   12630.885       4.075    1582.256    0.01%     117.500    211.287
     SMOKE04               0.334       3.823       0.000   67.14%       0.000      0.000      0.000
            9429.000       0.276      52.882       9.000    0.07%       0.000      1.000
     EDUC04                1.724       0.539       0.000   21.26%       0.000      1.000      2.000
            9422.000       1.752      -0.205       6.000    0.02%       2.000      3.000
     SYSTO04             122.224       1.153      70.667    0.01%     108.667    117.333    120.000
            8960.000     343.826       2.613     230.000    0.01%     122.000    134.000
     DIASTO04             78.671       0.598      15.000    0.01%      70.000     76.667     79.333
            8960.000     126.092       1.936     141.333    0.01%      80.000     87.333
     Q1                    0.250       1.155       0.000   75.00%       0.000      0.000      0.000
            9539.000       0.188      -0.667       1.000   25.00%       0.000      1.000
     Q2                    0.250       1.155       0.000   75.00%       0.000      0.000      0.000
            9539.000       0.188      -0.667       1.000   25.00%       0.000      1.000
     Q3                    0.250       1.155       0.000   75.01%       0.000      0.000      0.000
            9539.000       0.187      -0.666       1.000   24.99%       0.000      1.000

     THE STANDARD ERRORS OF THE MODEL PARAMETER ESTIMATES MAY NOT BE
     TRUSTWORTHY FOR SOME PARAMETERS DUE TO A NON-POSITIVE DEFINITE
     FIRST-ORDER DERIVATIVE PRODUCT MATRIX.  THIS MAY BE DUE TO THE STARTING
     VALUES BUT MAY ALSO BE AN INDICATION OF MODEL NONIDENTIFICATION.  THE
     CONDITION NUMBER IS      -0.125D-18.  PROBLEM INVOLVING THE FOLLOWING PARAMETER:
     Parameter 139, Q3 WITH Q1


THE MODEL ESTIMATION TERMINATED NORMALLY



MODEL FIT INFORMATION

Number of Free Parameters                      141

Loglikelihood

          H0 Value                     -426587.435
          H0 Scaling Correction Factor      9.4775
            for MLR
          H1 Value                     -426354.526
          H1 Scaling Correction Factor      6.7204
            for MLR

Information Criteria

          Akaike (AIC)                  853456.869
          Bayesian (BIC)                854466.991
          Sample-Size Adjusted BIC      854018.915
            (n* = (n + 2) / 24)

Chi-Square Test of Model Fit

          Value                            464.236*
          Degrees of Freedom                    68
          P-Value                           0.0000
          Scaling Correction Factor         1.0034
            for MLR

*   The chi-square value for MLM, MLMV, MLR, ULSMV, WLSM and WLSMV cannot be used
    for chi-square difference testing in the regular way.  MLM, MLR and WLSM
    chi-square difference testing is described on the Mplus website.  MLMV, WLSMV,
    and ULSMV difference testing is done using the DIFFTEST option.

RMSEA (Root Mean Square Error Of Approximation)

          Estimate                           0.025

CFI/TLI

          CFI                                0.943
          TLI                                0.856

Chi-Square Test of Model Fit for the Baseline Model

          Value                           7071.941
          Degrees of Freedom                   171
          P-Value                           0.0000

SRMR (Standardized Root Mean Square Residual)

          Value                              0.021



MODEL RESULTS

                                                    Two-Tailed
                    Estimate       S.E.  Est./S.E.    P-Value

 IB       |
    BMI04              1.000      0.000    999.000    999.000
    BMI06              1.000      0.000    999.000    999.000
    BMI09              1.000      0.000    999.000    999.000
    BMI11              1.000      0.000    999.000    999.000

 SB       |
    BMI04              0.000      0.000    999.000    999.000
    BMI06              2.000      0.000    999.000    999.000
    BMI09              5.000      0.000    999.000    999.000
    BMI11              7.000      0.000    999.000    999.000

 ID       |
    HBS04              1.000      0.000    999.000    999.000
    HBS06              1.000      0.000    999.000    999.000
    HBS09              1.000      0.000    999.000    999.000
    HBS11              1.000      0.000    999.000    999.000

 SD       |
    HBS04              0.000      0.000    999.000    999.000
    HBS06              2.000      0.000    999.000    999.000
    HBS09              5.000      0.000    999.000    999.000
    HBS11              7.000      0.000    999.000    999.000

 SB         ON
    ID                 0.008      0.004      1.790      0.074
    SD                 0.050      0.031      1.586      0.113

 ID         ON
    Q1                -0.139      0.124     -1.119      0.263
    Q2                -0.700      0.131     -5.328      0.000
    Q3                -1.496      0.141    -10.621      0.000
    AGE04             -0.020      0.004     -5.561      0.000
    GENDER            -0.683      0.113     -6.057      0.000
    KCAL04             0.002      0.000     31.267      0.000
    MET04              0.000      0.000     -0.859      0.390
    EDUC04            -0.107      0.042     -2.564      0.010
    SYSTO04           -0.005      0.004     -1.171      0.242
    DIASTO04           0.020      0.006      3.373      0.001
    SMOKE04            0.134      0.095      1.411      0.158

 SD         ON
    Q1                -0.155      0.028     -5.470      0.000
    Q2                -0.164      0.032     -5.184      0.000
    Q3                -0.096      0.035     -2.783      0.005
    AGE04             -0.005      0.001     -5.768      0.000
    GENDER            -0.177      0.028     -6.242      0.000
    KCAL04             0.000      0.000    -18.160      0.000
    MET04              0.000      0.000      2.874      0.004
    EDUC04             0.001      0.010      0.092      0.927
    SYSTO04           -0.002      0.001     -2.197      0.028
    DIASTO04           0.003      0.001      1.773      0.076
    SMOKE04           -0.027      0.024     -1.130      0.258

 SB         ON
    Q1                 0.021      0.013      1.565      0.118
    Q2                 0.004      0.016      0.262      0.794
    Q3                -0.020      0.018     -1.109      0.267
    AGE04             -0.003      0.000     -6.666      0.000
    GENDER            -0.021      0.014     -1.458      0.145
    KCAL04             0.000      0.000      0.143      0.887
    MET04              0.000      0.000     -1.070      0.285
    EDUC04            -0.012      0.004     -2.772      0.006
    SYSTO04           -0.001      0.000     -3.038      0.002
    DIASTO04          -0.001      0.001     -0.827      0.408
    SMOKE04           -0.014      0.011     -1.223      0.221

 IB       WITH
    SB                -0.096      0.027     -3.507      0.000

 ID       WITH
    SD                -0.440      0.077     -5.702      0.000

 AGE04    WITH
    IB                 3.950      0.571      6.922      0.000

 GENDER   WITH
    IB                 0.049      0.017      2.844      0.004

 KCAL04   WITH
    IB                56.646     24.146      2.346      0.019

 MET04    WITH
    IB               -19.028      4.029     -4.723      0.000

 SMOKE04  WITH
    IB                -0.094      0.016     -5.684      0.000

 EDUC04   WITH
    IB                 0.054      0.047      1.137      0.255

 SYSTO04  WITH
    IB                16.410      0.736     22.303      0.000

 DIASTO04 WITH
    IB                10.662      0.435     24.507      0.000

 Q1       WITH
    IB                -0.073      0.015     -4.895      0.000

 Q2       WITH
    IB                 0.109      0.015      7.069      0.000

 Q3       WITH
    IB                 0.086      0.015      5.642      0.000

 GENDER   WITH
    AGE04              0.199      0.078      2.534      0.011

 KCAL04   WITH
    AGE04          -1363.375    109.938    -12.401      0.000
    GENDER           -91.666      3.352    -27.349      0.000

 MET04    WITH
    AGE04           -419.941     17.632    -23.817      0.000
    GENDER            -8.118      0.605    -13.417      0.000
    KCAL04         15931.979    878.411     18.137      0.000

 SMOKE04  WITH
    AGE04              0.285      0.081      3.526      0.000
    GENDER            -0.150      0.002    -65.868      0.000
    KCAL04            57.593      3.569     16.136      0.000
    MET04              4.837      0.652      7.417      0.000

 EDUC04   WITH
    AGE04             -8.221      0.213    -38.530      0.000
    GENDER            -0.129      0.007    -19.429      0.000
    KCAL04            78.410      8.972      8.740      0.000
    MET04             -1.614      1.357     -1.189      0.234
    SMOKE04            0.042      0.006      6.488      0.000

 SYSTO04  WITH
    AGE04            117.552      3.262     36.040      0.000
    GENDER            -0.813      0.097     -8.427      0.000
    KCAL04          -954.848    132.471     -7.208      0.000
    MET04           -276.860     22.026    -12.569      0.000
    SMOKE04            0.674      0.112      6.014      0.000
    EDUC04            -3.747      0.271    -13.829      0.000

 DIASTO04 WITH
    AGE04             35.960      1.849     19.444      0.000
    GENDER            -0.690      0.059    -11.796      0.000
    KCAL04          -280.572     85.270     -3.290      0.001
    MET04            -84.374     13.624     -6.193      0.000
    SMOKE04            0.447      0.059      7.593      0.000
    EDUC04            -0.823      0.158     -5.220      0.000
    SYSTO04          148.498      3.547     41.861      0.000

 Q1       WITH
    AGE04             -0.282      0.066     -4.311      0.000
    GENDER            -0.002      0.002     -0.833      0.405
    KCAL04            13.587      3.041      4.468      0.000
    MET04              5.234      0.530      9.874      0.000
    SMOKE04            0.003      0.002      1.471      0.141
    EDUC04            -0.090      0.005    -17.567      0.000
    SYSTO04           -0.170      0.086     -1.982      0.047
    DIASTO04          -0.066      0.054     -1.218      0.223

 Q2       WITH
    AGE04              0.044      0.069      0.633      0.527
    GENDER             0.000      0.002      0.203      0.839
    KCAL04            -6.232      2.914     -2.139      0.032
    MET04             -5.774      0.479    -12.063      0.000
    SMOKE04            0.001      0.003      0.528      0.598
    EDUC04             0.025      0.006      4.262      0.000
    SYSTO04            0.393      0.085      4.644      0.000
    DIASTO04           0.366      0.051      7.185      0.000
    Q1                -0.063      0.001    -48.837      0.000

 Q3       WITH
    AGE04              0.452      0.070      6.449      0.000
    GENDER             0.003      0.002      1.322      0.186
    KCAL04           -19.114      2.958     -6.463      0.000
    MET04             -9.884      0.438    -22.577      0.000
    SMOKE04           -0.007      0.002     -3.065      0.002
    EDUC04             0.182      0.007     27.090      0.000
    SYSTO04            0.344      0.084      4.117      0.000
    DIASTO04          -0.010      0.048     -0.198      0.843
    Q1                -0.063      0.001    -48.832      0.000
    Q2                -0.062      0.001    -48.817      0.000

 Means
    AGE04             47.385      0.157    301.706      0.000
    GENDER             1.519      0.005    297.033      0.000
    KCAL04          2188.497      6.928    315.871      0.000
    MET04            116.543      1.197     97.340      0.000
    SMOKE04            0.335      0.005     62.021      0.000
    EDUC04             1.729      0.014    127.046      0.000
    SYSTO04          122.072      0.194    630.850      0.000
    DIASTO04          78.631      0.118    666.467      0.000
    Q1                 0.250      0.004     56.389      0.000
    Q2                 0.250      0.004     56.395      0.000
    Q3                 0.250      0.004     56.397      0.000
    IB                23.016      0.035    654.450      0.000

 Intercepts
    BMI04              0.000      0.000    999.000    999.000
    BMI06              0.000      0.000    999.000    999.000
    BMI09              0.000      0.000    999.000    999.000
    BMI11              0.000      0.000    999.000    999.000
    HBS04              0.000      0.000    999.000    999.000
    HBS06              0.000      0.000    999.000    999.000
    HBS09              0.000      0.000    999.000    999.000
    HBS11              0.000      0.000    999.000    999.000
    SB                 0.375      0.087      4.286      0.000
    ID                 8.231      0.516     15.953      0.000
    SD                 1.415      0.127     11.152      0.000

 Variances
    AGE04            235.499      2.913     80.832      0.000
    GENDER             0.250      0.000   1291.078      0.000
    KCAL04         *********   8275.760     55.377      0.000
    MET04          12716.562    337.527     37.676      0.000
    SMOKE04            0.276      0.021     13.107      0.000
    EDUC04             1.755      0.024     72.432      0.000
    SYSTO04          345.171      7.847     43.988      0.000
    DIASTO04         126.227      2.648     47.668      0.000
    Q1                 0.188      0.002     84.586      0.000
    Q2                 0.188      0.002     84.596      0.000
    Q3                 0.188      0.002     84.556      0.000
    IB                10.332      0.220     46.907      0.000

 Residual Variances
    BMI04              0.970      0.126      7.676      0.000
    BMI06              3.131      1.764      1.775      0.076
    BMI09              1.536      0.089     17.181      0.000
    BMI11             13.573      5.845      2.322      0.020
    HBS04             17.990      0.491     36.651      0.000
    HBS06             19.941      0.392     50.811      0.000
    HBS09             21.343      0.443     48.143      0.000
    HBS11             19.129      0.601     31.810      0.000
    SB                 0.046      0.004     10.504      0.000
    ID                 4.472      0.397     11.251      0.000
    SD                 0.144      0.020      7.076      0.000

New/Additional Parameters
    IND1              -0.009      0.005     -1.688      0.091
    IND2              -0.014      0.007     -1.945      0.052
    IND3              -0.016      0.008     -1.988      0.047
    DI1                0.021      0.013      1.565      0.118
    DI2                0.004      0.016      0.262      0.794
    DI3               -0.020      0.018     -1.109      0.267
    TO1                0.012      0.012      0.986      0.324
    TO2               -0.009      0.014     -0.656      0.512
    TO3               -0.036      0.016     -2.286      0.022
    IND_L_1           -0.001      0.001     -0.960      0.337
    IND_L_2           -0.005      0.003     -1.704      0.088
    IND_L_3           -0.012      0.007     -1.770      0.077
    IND_S_1           -0.008      0.005     -1.531      0.126
    IND_S_2           -0.008      0.005     -1.520      0.128
    IND_S_3           -0.005      0.004     -1.371      0.170


QUALITY OF NUMERICAL RESULTS

     Condition Number for the Information Matrix              0.376E-09
       (ratio of smallest to largest eigenvalue)


TECHNICAL 1 OUTPUT


     PARAMETER SPECIFICATION


           NU
              BMI04         BMI06         BMI09         BMI11         HBS04
              ________      ________      ________      ________      ________
 1                  0             0             0             0             0


           NU
              HBS06         HBS09         HBS11         AGE04         GENDER
              ________      ________      ________      ________      ________
 1                  0             0             0             0             0


           NU
              KCAL04        MET04         SMOKE04       EDUC04        SYSTO04
              ________      ________      ________      ________      ________
 1                  0             0             0             0             0


           NU
              DIASTO04      Q1            Q2            Q3
              ________      ________      ________      ________
 1                  0             0             0             0


           LAMBDA
              IB            SB            ID            SD            AGE04
              ________      ________      ________      ________      ________
 BMI04              0             0             0             0             0
 BMI06              0             0             0             0             0
 BMI09              0             0             0             0             0
 BMI11              0             0             0             0             0
 HBS04              0             0             0             0             0
 HBS06              0             0             0             0             0
 HBS09              0             0             0             0             0
 HBS11              0             0             0             0             0
 AGE04              0             0             0             0             0
 GENDER             0             0             0             0             0
 KCAL04             0             0             0             0             0
 MET04              0             0             0             0             0
 SMOKE04            0             0             0             0             0
 EDUC04             0             0             0             0             0
 SYSTO04            0             0             0             0             0
 DIASTO04           0             0             0             0             0
 Q1                 0             0             0             0             0
 Q2                 0             0             0             0             0
 Q3                 0             0             0             0             0


           LAMBDA
              GENDER        KCAL04        MET04         SMOKE04       EDUC04
              ________      ________      ________      ________      ________
 BMI04              0             0             0             0             0
 BMI06              0             0             0             0             0
 BMI09              0             0             0             0             0
 BMI11              0             0             0             0             0
 HBS04              0             0             0             0             0
 HBS06              0             0             0             0             0
 HBS09              0             0             0             0             0
 HBS11              0             0             0             0             0
 AGE04              0             0             0             0             0
 GENDER             0             0             0             0             0
 KCAL04             0             0             0             0             0
 MET04              0             0             0             0             0
 SMOKE04            0             0             0             0             0
 EDUC04             0             0             0             0             0
 SYSTO04            0             0             0             0             0
 DIASTO04           0             0             0             0             0
 Q1                 0             0             0             0             0
 Q2                 0             0             0             0             0
 Q3                 0             0             0             0             0


           LAMBDA
              SYSTO04       DIASTO04      Q1            Q2            Q3
              ________      ________      ________      ________      ________
 BMI04              0             0             0             0             0
 BMI06              0             0             0             0             0
 BMI09              0             0             0             0             0
 BMI11              0             0             0             0             0
 HBS04              0             0             0             0             0
 HBS06              0             0             0             0             0
 HBS09              0             0             0             0             0
 HBS11              0             0             0             0             0
 AGE04              0             0             0             0             0
 GENDER             0             0             0             0             0
 KCAL04             0             0             0             0             0
 MET04              0             0             0             0             0
 SMOKE04            0             0             0             0             0
 EDUC04             0             0             0             0             0
 SYSTO04            0             0             0             0             0
 DIASTO04           0             0             0             0             0
 Q1                 0             0             0             0             0
 Q2                 0             0             0             0             0
 Q3                 0             0             0             0             0


           THETA
              BMI04         BMI06         BMI09         BMI11         HBS04
              ________      ________      ________      ________      ________
 BMI04              1
 BMI06              0             2
 BMI09              0             0             3
 BMI11              0             0             0             4
 HBS04              0             0             0             0             5
 HBS06              0             0             0             0             0
 HBS09              0             0             0             0             0
 HBS11              0             0             0             0             0
 AGE04              0             0             0             0             0
 GENDER             0             0             0             0             0
 KCAL04             0             0             0             0             0
 MET04              0             0             0             0             0
 SMOKE04            0             0             0             0             0
 EDUC04             0             0             0             0             0
 SYSTO04            0             0             0             0             0
 DIASTO04           0             0             0             0             0
 Q1                 0             0             0             0             0
 Q2                 0             0             0             0             0
 Q3                 0             0             0             0             0


           THETA
              HBS06         HBS09         HBS11         AGE04         GENDER
              ________      ________      ________      ________      ________
 HBS06              6
 HBS09              0             7
 HBS11              0             0             8
 AGE04              0             0             0             0
 GENDER             0             0             0             0             0
 KCAL04             0             0             0             0             0
 MET04              0             0             0             0             0
 SMOKE04            0             0             0             0             0
 EDUC04             0             0             0             0             0
 SYSTO04            0             0             0             0             0
 DIASTO04           0             0             0             0             0
 Q1                 0             0             0             0             0
 Q2                 0             0             0             0             0
 Q3                 0             0             0             0             0


           THETA
              KCAL04        MET04         SMOKE04       EDUC04        SYSTO04
              ________      ________      ________      ________      ________
 KCAL04             0
 MET04              0             0
 SMOKE04            0             0             0
 EDUC04             0             0             0             0
 SYSTO04            0             0             0             0             0
 DIASTO04           0             0             0             0             0
 Q1                 0             0             0             0             0
 Q2                 0             0             0             0             0
 Q3                 0             0             0             0             0


           THETA
              DIASTO04      Q1            Q2            Q3
              ________      ________      ________      ________
 DIASTO04           0
 Q1                 0             0
 Q2                 0             0             0
 Q3                 0             0             0             0


           ALPHA
              IB            SB            ID            SD            AGE04
              ________      ________      ________      ________      ________
 1                  9            10            11            12            13


           ALPHA
              GENDER        KCAL04        MET04         SMOKE04       EDUC04
              ________      ________      ________      ________      ________
 1                 14            15            16            17            18


           ALPHA
              SYSTO04       DIASTO04      Q1            Q2            Q3
              ________      ________      ________      ________      ________
 1                 19            20            21            22            23


           BETA
              IB            SB            ID            SD            AGE04
              ________      ________      ________      ________      ________
 IB                 0             0             0             0             0
 SB                 0             0            24            25            26
 ID                 0             0             0             0            37
 SD                 0             0             0             0            48
 AGE04              0             0             0             0             0
 GENDER             0             0             0             0             0
 KCAL04             0             0             0             0             0
 MET04              0             0             0             0             0
 SMOKE04            0             0             0             0             0
 EDUC04             0             0             0             0             0
 SYSTO04            0             0             0             0             0
 DIASTO04           0             0             0             0             0
 Q1                 0             0             0             0             0
 Q2                 0             0             0             0             0
 Q3                 0             0             0             0             0


           BETA
              GENDER        KCAL04        MET04         SMOKE04       EDUC04
              ________      ________      ________      ________      ________
 IB                 0             0             0             0             0
 SB                27            28            29            30            31
 ID                38            39            40            41            42
 SD                49            50            51            52            53
 AGE04              0             0             0             0             0
 GENDER             0             0             0             0             0
 KCAL04             0             0             0             0             0
 MET04              0             0             0             0             0
 SMOKE04            0             0             0             0             0
 EDUC04             0             0             0             0             0
 SYSTO04            0             0             0             0             0
 DIASTO04           0             0             0             0             0
 Q1                 0             0             0             0             0
 Q2                 0             0             0             0             0
 Q3                 0             0             0             0             0


           BETA
              SYSTO04       DIASTO04      Q1            Q2            Q3
              ________      ________      ________      ________      ________
 IB                 0             0             0             0             0
 SB                32            33            34            35            36
 ID                43            44            45            46            47
 SD                54            55            56            57            58
 AGE04              0             0             0             0             0
 GENDER             0             0             0             0             0
 KCAL04             0             0             0             0             0
 MET04              0             0             0             0             0
 SMOKE04            0             0             0             0             0
 EDUC04             0             0             0             0             0
 SYSTO04            0             0             0             0             0
 DIASTO04           0             0             0             0             0
 Q1                 0             0             0             0             0
 Q2                 0             0             0             0             0
 Q3                 0             0             0             0             0


           PSI
              IB            SB            ID            SD            AGE04
              ________      ________      ________      ________      ________
 IB                59
 SB                60            61
 ID                 0             0            62
 SD                 0             0            63            64
 AGE04             65             0             0             0            66
 GENDER            67             0             0             0            68
 KCAL04            70             0             0             0            71
 MET04             74             0             0             0            75
 SMOKE04           79             0             0             0            80
 EDUC04            85             0             0             0            86
 SYSTO04           92             0             0             0            93
 DIASTO04         100             0             0             0           101
 Q1               109             0             0             0           110
 Q2               119             0             0             0           120
 Q3               130             0             0             0           131


           PSI
              GENDER        KCAL04        MET04         SMOKE04       EDUC04
              ________      ________      ________      ________      ________
 GENDER            69
 KCAL04            72            73
 MET04             76            77            78
 SMOKE04           81            82            83            84
 EDUC04            87            88            89            90            91
 SYSTO04           94            95            96            97            98
 DIASTO04         102           103           104           105           106
 Q1               111           112           113           114           115
 Q2               121           122           123           124           125
 Q3               132           133           134           135           136


           PSI
              SYSTO04       DIASTO04      Q1            Q2            Q3
              ________      ________      ________      ________      ________
 SYSTO04           99
 DIASTO04         107           108
 Q1               116           117           118
 Q2               126           127           128           129
 Q3               137           138           139           140           141


     PARAMETER SPECIFICATION FOR THE ADDITIONAL PARAMETERS


           NEW/ADDITIONAL PARAMETERS
              IND1          IND2          IND3          DI1           DI2
              ________      ________      ________      ________      ________
 1                142           143           144           145           146


           NEW/ADDITIONAL PARAMETERS
              DI3           TO1           TO2           TO3           IND_L_1
              ________      ________      ________      ________      ________
 1                147           148           149           150           151


           NEW/ADDITIONAL PARAMETERS
              IND_L_2       IND_L_3       IND_S_1       IND_S_2       IND_S_3
              ________      ________      ________      ________      ________
 1                152           153           154           155           156


     STARTING VALUES


           NU
              BMI04         BMI06         BMI09         BMI11         HBS04
              ________      ________      ________      ________      ________
 1              0.000         0.000         0.000         0.000         0.000


           NU
              HBS06         HBS09         HBS11         AGE04         GENDER
              ________      ________      ________      ________      ________
 1              0.000         0.000         0.000         0.000         0.000


           NU
              KCAL04        MET04         SMOKE04       EDUC04        SYSTO04
              ________      ________      ________      ________      ________
 1              0.000         0.000         0.000         0.000         0.000


           NU
              DIASTO04      Q1            Q2            Q3
              ________      ________      ________      ________
 1              0.000         0.000         0.000         0.000


           LAMBDA
              IB            SB            ID            SD            AGE04
              ________      ________      ________      ________      ________
 BMI04          1.000         0.000         0.000         0.000         0.000
 BMI06          1.000         2.000         0.000         0.000         0.000
 BMI09          1.000         5.000         0.000         0.000         0.000
 BMI11          1.000         7.000         0.000         0.000         0.000
 HBS04          0.000         0.000         1.000         0.000         0.000
 HBS06          0.000         0.000         1.000         2.000         0.000
 HBS09          0.000         0.000         1.000         5.000         0.000
 HBS11          0.000         0.000         1.000         7.000         0.000
 AGE04          0.000         0.000         0.000         0.000         1.000
 GENDER         0.000         0.000         0.000         0.000         0.000
 KCAL04         0.000         0.000         0.000         0.000         0.000
 MET04          0.000         0.000         0.000         0.000         0.000
 SMOKE04        0.000         0.000         0.000         0.000         0.000
 EDUC04         0.000         0.000         0.000         0.000         0.000
 SYSTO04        0.000         0.000         0.000         0.000         0.000
 DIASTO04       0.000         0.000         0.000         0.000         0.000
 Q1             0.000         0.000         0.000         0.000         0.000
 Q2             0.000         0.000         0.000         0.000         0.000
 Q3             0.000         0.000         0.000         0.000         0.000


           LAMBDA
              GENDER        KCAL04        MET04         SMOKE04       EDUC04
              ________      ________      ________      ________      ________
 BMI04          0.000         0.000         0.000         0.000         0.000
 BMI06          0.000         0.000         0.000         0.000         0.000
 BMI09          0.000         0.000         0.000         0.000         0.000
 BMI11          0.000         0.000         0.000         0.000         0.000
 HBS04          0.000         0.000         0.000         0.000         0.000
 HBS06          0.000         0.000         0.000         0.000         0.000
 HBS09          0.000         0.000         0.000         0.000         0.000
 HBS11          0.000         0.000         0.000         0.000         0.000
 AGE04          0.000         0.000         0.000         0.000         0.000
 GENDER         1.000         0.000         0.000         0.000         0.000
 KCAL04         0.000         1.000         0.000         0.000         0.000
 MET04          0.000         0.000         1.000         0.000         0.000
 SMOKE04        0.000         0.000         0.000         1.000         0.000
 EDUC04         0.000         0.000         0.000         0.000         1.000
 SYSTO04        0.000         0.000         0.000         0.000         0.000
 DIASTO04       0.000         0.000         0.000         0.000         0.000
 Q1             0.000         0.000         0.000         0.000         0.000
 Q2             0.000         0.000         0.000         0.000         0.000
 Q3             0.000         0.000         0.000         0.000         0.000


           LAMBDA
              SYSTO04       DIASTO04      Q1            Q2            Q3
              ________      ________      ________      ________      ________
 BMI04          0.000         0.000         0.000         0.000         0.000
 BMI06          0.000         0.000         0.000         0.000         0.000
 BMI09          0.000         0.000         0.000         0.000         0.000
 BMI11          0.000         0.000         0.000         0.000         0.000
 HBS04          0.000         0.000         0.000         0.000         0.000
 HBS06          0.000         0.000         0.000         0.000         0.000
 HBS09          0.000         0.000         0.000         0.000         0.000
 HBS11          0.000         0.000         0.000         0.000         0.000
 AGE04          0.000         0.000         0.000         0.000         0.000
 GENDER         0.000         0.000         0.000         0.000         0.000
 KCAL04         0.000         0.000         0.000         0.000         0.000
 MET04          0.000         0.000         0.000         0.000         0.000
 SMOKE04        0.000         0.000         0.000         0.000         0.000
 EDUC04         0.000         0.000         0.000         0.000         0.000
 SYSTO04        1.000         0.000         0.000         0.000         0.000
 DIASTO04       0.000         1.000         0.000         0.000         0.000
 Q1             0.000         0.000         1.000         0.000         0.000
 Q2             0.000         0.000         0.000         1.000         0.000
 Q3             0.000         0.000         0.000         0.000         1.000


           THETA
              BMI04         BMI06         BMI09         BMI11         HBS04
              ________      ________      ________      ________      ________
 BMI04          5.617
 BMI06          0.000         6.364
 BMI09          0.000         0.000         5.891
 BMI11          0.000         0.000         0.000        11.820
 HBS04          0.000         0.000         0.000         0.000        13.552
 HBS06          0.000         0.000         0.000         0.000         0.000
 HBS09          0.000         0.000         0.000         0.000         0.000
 HBS11          0.000         0.000         0.000         0.000         0.000
 AGE04          0.000         0.000         0.000         0.000         0.000
 GENDER         0.000         0.000         0.000         0.000         0.000
 KCAL04         0.000         0.000         0.000         0.000         0.000
 MET04          0.000         0.000         0.000         0.000         0.000
 SMOKE04        0.000         0.000         0.000         0.000         0.000
 EDUC04         0.000         0.000         0.000         0.000         0.000
 SYSTO04        0.000         0.000         0.000         0.000         0.000
 DIASTO04       0.000         0.000         0.000         0.000         0.000
 Q1             0.000         0.000         0.000         0.000         0.000
 Q2             0.000         0.000         0.000         0.000         0.000
 Q3             0.000         0.000         0.000         0.000         0.000


           THETA
              HBS06         HBS09         HBS11         AGE04         GENDER
              ________      ________      ________      ________      ________
 HBS06         12.911
 HBS09          0.000        13.524
 HBS11          0.000         0.000        13.664
 AGE04          0.000         0.000         0.000         0.000
 GENDER         0.000         0.000         0.000         0.000         0.000
 KCAL04         0.000         0.000         0.000         0.000         0.000
 MET04          0.000         0.000         0.000         0.000         0.000
 SMOKE04        0.000         0.000         0.000         0.000         0.000
 EDUC04         0.000         0.000         0.000         0.000         0.000
 SYSTO04        0.000         0.000         0.000         0.000         0.000
 DIASTO04       0.000         0.000         0.000         0.000         0.000
 Q1             0.000         0.000         0.000         0.000         0.000
 Q2             0.000         0.000         0.000         0.000         0.000
 Q3             0.000         0.000         0.000         0.000         0.000


           THETA
              KCAL04        MET04         SMOKE04       EDUC04        SYSTO04
              ________      ________      ________      ________      ________
 KCAL04         0.000
 MET04          0.000         0.000
 SMOKE04        0.000         0.000         0.000
 EDUC04         0.000         0.000         0.000         0.000
 SYSTO04        0.000         0.000         0.000         0.000         0.000
 DIASTO04       0.000         0.000         0.000         0.000         0.000
 Q1             0.000         0.000         0.000         0.000         0.000
 Q2             0.000         0.000         0.000         0.000         0.000
 Q3             0.000         0.000         0.000         0.000         0.000


           THETA
              DIASTO04      Q1            Q2            Q3
              ________      ________      ________      ________
 DIASTO04       0.000
 Q1             0.000         0.000
 Q2             0.000         0.000         0.000
 Q3             0.000         0.000         0.000         0.000


           ALPHA
              IB            SB            ID            SD            AGE04
              ________      ________      ________      ________      ________
 1             23.091         0.035        11.790        -0.069        47.385


           ALPHA
              GENDER        KCAL04        MET04         SMOKE04       EDUC04
              ________      ________      ________      ________      ________
 1              1.519      2188.497       118.186         0.334         1.724


           ALPHA
              SYSTO04       DIASTO04      Q1            Q2            Q3
              ________      ________      ________      ________      ________
 1            122.224        78.671         0.250         0.250         0.250


           BETA
              IB            SB            ID            SD            AGE04
              ________      ________      ________      ________      ________
 IB             0.000         0.000         0.000         0.000         0.000
 SB             0.000         0.000         0.000         0.000         0.000
 ID             0.000         0.000         0.000         0.000         0.000
 SD             0.000         0.000         0.000         0.000         0.000
 AGE04          0.000         0.000         0.000         0.000         0.000
 GENDER         0.000         0.000         0.000         0.000         0.000
 KCAL04         0.000         0.000         0.000         0.000         0.000
 MET04          0.000         0.000         0.000         0.000         0.000
 SMOKE04        0.000         0.000         0.000         0.000         0.000
 EDUC04         0.000         0.000         0.000         0.000         0.000
 SYSTO04        0.000         0.000         0.000         0.000         0.000
 DIASTO04       0.000         0.000         0.000         0.000         0.000
 Q1             0.000         0.000         0.000         0.000         0.000
 Q2             0.000         0.000         0.000         0.000         0.000
 Q3             0.000         0.000         0.000         0.000         0.000


           BETA
              GENDER        KCAL04        MET04         SMOKE04       EDUC04
              ________      ________      ________      ________      ________
 IB             0.000         0.000         0.000         0.000         0.000
 SB             0.000         0.000         0.000         0.000         0.000
 ID             0.000         0.000         0.000         0.000         0.000
 SD             0.000         0.000         0.000         0.000         0.000
 AGE04          0.000         0.000         0.000         0.000         0.000
 GENDER         0.000         0.000         0.000         0.000         0.000
 KCAL04         0.000         0.000         0.000         0.000         0.000
 MET04          0.000         0.000         0.000         0.000         0.000
 SMOKE04        0.000         0.000         0.000         0.000         0.000
 EDUC04         0.000         0.000         0.000         0.000         0.000
 SYSTO04        0.000         0.000         0.000         0.000         0.000
 DIASTO04       0.000         0.000         0.000         0.000         0.000
 Q1             0.000         0.000         0.000         0.000         0.000
 Q2             0.000         0.000         0.000         0.000         0.000
 Q3             0.000         0.000         0.000         0.000         0.000


           BETA
              SYSTO04       DIASTO04      Q1            Q2            Q3
              ________      ________      ________      ________      ________
 IB             0.000         0.000         0.000         0.000         0.000
 SB             0.000         0.000         0.000         0.000         0.000
 ID             0.000         0.000         0.000         0.000         0.000
 SD             0.000         0.000         0.000         0.000         0.000
 AGE04          0.000         0.000         0.000         0.000         0.000
 GENDER         0.000         0.000         0.000         0.000         0.000
 KCAL04         0.000         0.000         0.000         0.000         0.000
 MET04          0.000         0.000         0.000         0.000         0.000
 SMOKE04        0.000         0.000         0.000         0.000         0.000
 EDUC04         0.000         0.000         0.000         0.000         0.000
 SYSTO04        0.000         0.000         0.000         0.000         0.000
 DIASTO04       0.000         0.000         0.000         0.000         0.000
 Q1             0.000         0.000         0.000         0.000         0.000
 Q2             0.000         0.000         0.000         0.000         0.000
 Q3             0.000         0.000         0.000         0.000         0.000


           PSI
              IB            SB            ID            SD            AGE04
              ________      ________      ________      ________      ________
 IB            11.513
 SB             0.000         0.570
 ID             0.000         0.000        25.807
 SD             0.000         0.000         0.000         6.365
 AGE04          0.000         0.000         0.000         0.000       117.749
 GENDER         0.000         0.000         0.000         0.000         0.000
 KCAL04         0.000         0.000         0.000         0.000         0.000
 MET04          0.000         0.000         0.000         0.000         0.000
 SMOKE04        0.000         0.000         0.000         0.000         0.000
 EDUC04         0.000         0.000         0.000         0.000         0.000
 SYSTO04        0.000         0.000         0.000         0.000         0.000
 DIASTO04       0.000         0.000         0.000         0.000         0.000
 Q1             0.000         0.000         0.000         0.000         0.000
 Q2             0.000         0.000         0.000         0.000         0.000
 Q3             0.000         0.000         0.000         0.000         0.000


           PSI
              GENDER        KCAL04        MET04         SMOKE04       EDUC04
              ________      ________      ________      ________      ________
 GENDER         0.125
 KCAL04         0.000    229144.438
 MET04          0.000         0.000      6315.442
 SMOKE04        0.000         0.000         0.000         0.138
 EDUC04         0.000         0.000         0.000         0.000         0.876
 SYSTO04        0.000         0.000         0.000         0.000         0.000
 DIASTO04       0.000         0.000         0.000         0.000         0.000
 Q1             0.000         0.000         0.000         0.000         0.000
 Q2             0.000         0.000         0.000         0.000         0.000
 Q3             0.000         0.000         0.000         0.000         0.000


           PSI
              SYSTO04       DIASTO04      Q1            Q2            Q3
              ________      ________      ________      ________      ________
 SYSTO04      171.913
 DIASTO04       0.000        63.046
 Q1             0.000         0.000         0.094
 Q2             0.000         0.000         0.000         0.094
 Q3             0.000         0.000         0.000         0.000         0.094


     STARTING VALUES FOR THE ADDITIONAL PARAMETERS


           NEW/ADDITIONAL PARAMETERS
              IND1          IND2          IND3          DI1           DI2
              ________      ________      ________      ________      ________
 1              0.500         0.500         0.500         0.500         0.500


           NEW/ADDITIONAL PARAMETERS
              DI3           TO1           TO2           TO3           IND_L_1
              ________      ________      ________      ________      ________
 1              0.500         0.500         0.500         0.500         0.500


           NEW/ADDITIONAL PARAMETERS
              IND_L_2       IND_L_3       IND_S_1       IND_S_2       IND_S_3
              ________      ________      ________      ________      ________
 1              0.500         0.500         0.500         0.500         0.500


DIAGRAM INFORMATION

  Use View Diagram under the Diagram menu in the Mplus Editor to view the diagram.
  If running Mplus from the Mplus Diagrammer, the diagram opens automatically.

  Diagram output
    d:\data\dpmedi\mplus\longitudinal\hbs bmi mediation no integredation.dgm

     Beginning Time:  15:49:08
        Ending Time:  15:49:31
       Elapsed Time:  00:00:23



MUTHEN & MUTHEN
3463 Stoner Ave.
Los Angeles, CA  90066

Tel: (310) 391-9971
Fax: (310) 391-8971
Web: www.StatModel.com
Support: Support@StatModel.com

Copyright (c) 1998-2015 Muthen & Muthen
