Mplus VERSION 7.4
MUTHEN & MUTHEN
05/16/2019   4:38 PM

INPUT INSTRUCTIONS

  DATA: File is id0411 mplus.csv;

  VARIABLE: Names are IDind WAVE hhid t2 commid age04
                      kcal04 carbo04 fat04 protn04 bmi04
                      hwr04 wc04 diasto04 systo04 smoke04
                      gender educ04 indinc04 index04 met04
                      cmfp04 dash04 ahei04 hbs04 lbs04 dqd04
                      age06 kcal06 carbo06 fat06 protn06 bmi06
                      hwr06 wc06 diasto06 systo06 smoke06
                      educ06 indinc06 index06 met06 cmfp06 dash06
                      ahei06 hbs06 lbs06 dqd06 age09 kcal09 carbo09
                      fat09 protn09 bmi09 hwr09 wc09 diasto09 systo09
                      smoke09 educ09 indinc09 index09 met09 cmfp09
                      dash09 ahei09 hbs09 lbs09 dqd09 age11 kcal11
                      carbo11 fat11 protn11 bmi11 hwr11 wc11 diasto11
                      systo11 smoke11 educ11 indinc11 index11 met11
                      cmfp11 dash11 ahei11 hbs11 lbs11 dqd11 q_index
                       q1 q2 q3 carbo_p protn_p fat_p;

           Usev are  age04 gender kcal04 met04
                     bmi04 bmi06 bmi09 bmi11 smoke04
                     hbs04 hbs06 hbs09 hbs11
                     educ04 systo04 diasto04 q1 q2 q3;


           Missing are all(999);


  ANALYSIS:
  Type=random;
  ALGORITHM=INTEGRATION;
  Estimator=ML;
  bootstrap = 1000;


  MODEL:
  age04 gender kcal04 met04 smoke04
  bmi04 bmi06 bmi09 bmi11 educ04 systo04 diasto04
  hbs04 hbs06 hbs09 hbs11 q1 q2 q3;

  ib sb | bmi04@0 bmi06@2 bmi09@5 bmi11@7;
  id sd | hbs04@0 hbs06@2 hbs09@5 hbs11@7;

  ib with sb;
  id with sd;

  id on q1(ai1)
        q2(ai2)
        q3(ai3)
        age04 gender kcal04 met04
        educ04 systo04 diasto04 smoke04;

  sd on q1(as1)
        q2(as2)
        q3(as3)
        age04 gender kcal04 met04
        educ04 systo04 diasto04 smoke04;

  sb on id(bi)
        sd(bs)
        q1(c1)
        q2(c2)
        q3(c3)
        age04 gender kcal04 met04
        educ04 systo04 diasto04 smoke04;


  MODEL CONSTRAINT:
  NEW (ind1 ind2 ind3 di1 di2 di3 to1 to2 to3
   ind_l_1 ind_l_2 ind_l_3
  ind_s_1 ind_s_2 ind_s_3);
  ind1=as1*bs+ai1*bi;
  ind2=as2*bs+ai2*bi;
  ind3=as3*bs+ai3*bi;
  to1=as1*bs+ai1*bi+c1;
  to2=as2*bs+ai2*bi+c2;
  to3=as3*bs+ai3*bi+c3;
  di1=c1;
  di2=c2;
  di3=c3;
  ind_l_1=ai1*bi;
  ind_l_2=ai2*bi;
  ind_l_3=ai3*bi;
  ind_s_1=as1*bs;
  ind_s_2=as2*bs;
  ind_s_3=as3*bs;

  OUTPUT: SAMPSTAT tech1 tech4 tech8 cinterval(BOOTSTRAP);



*** WARNING in OUTPUT command
  TECH4 option for TYPE=RANDOM is not available with the BOOTSTRAP option.
  Request for TECH4 is ignored.
   1 WARNING(S) FOUND IN THE INPUT INSTRUCTIONS




SUMMARY OF ANALYSIS

Number of groups                                                 1
Number of observations                                        9547

Number of dependent variables                                    8
Number of independent variables                                 11
Number of continuous latent variables                            4

Observed dependent variables

  Continuous
   BMI04       BMI06       BMI09       BMI11       HBS04       HBS06
   HBS09       HBS11

Observed independent variables
   AGE04       GENDER      KCAL04      MET04       SMOKE04     EDUC04
   SYSTO04     DIASTO04    Q1          Q2          Q3

Continuous latent variables
   IB          SB          ID          SD


Estimator                                                       ML
Information matrix                                        OBSERVED
Optimization Specifications for the Quasi-Newton Algorithm for
Continuous Outcomes
  Maximum number of iterations                                 100
  Convergence criterion                                  0.100D-05
Optimization Specifications for the EM Algorithm
  Maximum number of iterations                                 500
  Convergence criteria
    Loglikelihood change                                 0.100D-02
    Relative loglikelihood change                        0.100D-05
    Derivative                                           0.100D-02
Optimization Specifications for the M step of the EM Algorithm for
Categorical Latent variables
  Number of M step iterations                                    1
  M step convergence criterion                           0.100D-02
  Basis for M step termination                           ITERATION
Optimization Specifications for the M step of the EM Algorithm for
Censored, Binary or Ordered Categorical (Ordinal), Unordered
Categorical (Nominal) and Count Outcomes
  Number of M step iterations                                    1
  M step convergence criterion                           0.100D-02
  Basis for M step termination                           ITERATION
  Maximum value for logit thresholds                            15
  Minimum value for logit thresholds                           -15
  Minimum expected cell size for chi-square              0.100D-01
Maximum number of iterations for H1                           2000
Convergence criterion for H1                             0.100D-03
Number of bootstrap draws
    Requested                                                 1000
    Completed                                                 1000
Optimization algorithm                                         EMA
Integration Specifications
  Type                                                    STANDARD
  Number of integration points                                  15
  Dimensions of numerical integration                            0
  Adaptive quadrature                                           ON
Cholesky                                                       OFF

Input data file(s)
  id0411 mplus.csv
Input data format  FREE


SUMMARY OF DATA

     Number of missing data patterns           197


COVARIANCE COVERAGE OF DATA

Minimum covariance coverage value   0.100


     PROPORTION OF DATA PRESENT FOR Y


           Covariance Coverage
              BMI04         BMI06         BMI09         BMI11         HBS04
              ________      ________      ________      ________      ________
 BMI04          0.928
 BMI06          0.690         0.727
 BMI09          0.589         0.537         0.623
 BMI11          0.533         0.483         0.503         0.564
 HBS04          0.928         0.727         0.623         0.564         1.000
 HBS06          0.721         0.717         0.559         0.504         0.769
 HBS09          0.608         0.553         0.616         0.514         0.648
 HBS11          0.542         0.490         0.507         0.557         0.576
 AGE04          0.928         0.727         0.623         0.564         1.000
 GENDER         0.928         0.727         0.623         0.564         1.000
 KCAL04         0.928         0.727         0.623         0.564         1.000
 MET04          0.848         0.667         0.576         0.523         0.901
 SMOKE04        0.927         0.722         0.619         0.559         0.988
 EDUC04         0.926         0.722         0.618         0.559         0.987
 SYSTO04        0.927         0.698         0.596         0.539         0.939
 DIASTO04       0.927         0.698         0.596         0.539         0.939
 Q1             0.927         0.726         0.622         0.563         0.999
 Q2             0.927         0.726         0.622         0.563         0.999
 Q3             0.927         0.726         0.622         0.563         0.999


           Covariance Coverage
              HBS06         HBS09         HBS11         AGE04         GENDER
              ________      ________      ________      ________      ________
 HBS06          0.769
 HBS09          0.580         0.648
 HBS11          0.513         0.523         0.576
 AGE04          0.769         0.648         0.576         1.000
 GENDER         0.769         0.648         0.576         1.000         1.000
 KCAL04         0.769         0.648         0.576         1.000         1.000
 MET04          0.703         0.597         0.533         0.901         0.901
 SMOKE04        0.764         0.643         0.571         0.988         0.988
 EDUC04         0.763         0.642         0.571         0.987         0.987
 SYSTO04        0.730         0.615         0.549         0.939         0.939
 DIASTO04       0.730         0.615         0.549         0.939         0.939
 Q1             0.768         0.647         0.576         0.999         0.999
 Q2             0.768         0.647         0.576         0.999         0.999
 Q3             0.768         0.647         0.576         0.999         0.999


           Covariance Coverage
              KCAL04        MET04         SMOKE04       EDUC04        SYSTO04
              ________      ________      ________      ________      ________
 KCAL04         1.000
 MET04          0.901         0.901
 SMOKE04        0.988         0.900         0.988
 EDUC04         0.987         0.899         0.986         0.987
 SYSTO04        0.939         0.857         0.937         0.937         0.939
 DIASTO04       0.939         0.857         0.937         0.937         0.939
 Q1             0.999         0.900         0.987         0.986         0.938
 Q2             0.999         0.900         0.987         0.986         0.938
 Q3             0.999         0.900         0.987         0.986         0.938


           Covariance Coverage
              DIASTO04      Q1            Q2            Q3
              ________      ________      ________      ________
 DIASTO04       0.939
 Q1             0.938         0.999
 Q2             0.938         0.999         0.999
 Q3             0.938         0.999         0.999         0.999


SAMPLE STATISTICS


     ESTIMATED SAMPLE STATISTICS


           Means
              BMI04         BMI06         BMI09         BMI11         HBS04
              ________      ________      ________      ________      ________
 1             23.022        23.104        23.293        23.739        12.026


           Means
              HBS06         HBS09         HBS11         AGE04         GENDER
              ________      ________      ________      ________      ________
 1             12.011        11.986        12.298        47.385         1.519


           Means
              KCAL04        MET04         SMOKE04       EDUC04        SYSTO04
              ________      ________      ________      ________      ________
 1           2188.497       116.544         0.335         1.729       122.078


           Means
              DIASTO04      Q1            Q2            Q3
              ________      ________      ________      ________
 1             78.633         0.250         0.250         0.250


           Covariances
              BMI04         BMI06         BMI09         BMI11         HBS04
              ________      ________      ________      ________      ________
 BMI04         11.321
 BMI06          9.990        12.978
 BMI09          9.721         9.882        11.893
 BMI11          9.116         9.373        10.284        23.853
 HBS04          1.136         1.223         1.154         1.802        27.105
 HBS06          0.995         1.345         1.363         1.471         6.833
 HBS09          1.162         1.371         1.412         1.425         4.595
 HBS11          0.179         0.633         0.720         0.751         4.201
 AGE04          4.022         1.747        -0.779        -1.772        -6.589
 GENDER         0.048         0.048         0.029        -0.014        -0.427
 KCAL04        55.992        98.044        96.767       168.782      1399.123
 MET04        -19.518       -11.136        -8.502        -6.179        68.120
 SMOKE04       -0.092        -0.104        -0.103        -0.050         0.298
 EDUC04         0.057         0.054         0.096         0.187         0.018
 SYSTO04       16.449        14.338        12.043        10.101        -3.299
 DIASTO04      10.693         9.743         9.002         8.271         0.754
 Q1            -0.070        -0.071        -0.031        -0.031         0.146
 Q2             0.106         0.127         0.099         0.090        -0.012
 Q3             0.089         0.041         0.033         0.041        -0.275


           Covariances
              HBS06         HBS09         HBS11         AGE04         GENDER
              ________      ________      ________      ________      ________
 HBS06         26.034
 HBS09          5.399        27.238
 HBS11          5.173         7.179        27.667
 AGE04        -13.129       -12.255       -15.284       235.499
 GENDER        -0.445        -0.472        -0.533         0.199         0.250
 KCAL04       742.276       548.223       558.794     -1363.375       -91.666
 MET04         80.835        67.770       104.176      -419.645        -8.122
 SMOKE04        0.268         0.267         0.306         0.285        -0.150
 EDUC04         0.018         0.167         0.293        -8.221        -0.129
 SYSTO04       -4.247        -6.010        -8.046       117.525        -0.814
 DIASTO04       0.734         0.878         0.416        35.940        -0.691
 Q1             0.188         0.006         0.100        -0.282        -0.002
 Q2            -0.153        -0.029        -0.176         0.044         0.000
 Q3            -0.389        -0.253        -0.286         0.452         0.003


           Covariances
              KCAL04        MET04         SMOKE04       EDUC04        SYSTO04
              ________      ________      ________      ________      ________
 KCAL04    458288.862
 MET04      15937.189     12716.414
 SMOKE04       57.597         4.833         0.276
 EDUC04        78.438        -1.630         0.042         1.755
 SYSTO04     -957.175      -277.097         0.674        -3.746       345.151
 DIASTO04    -281.637       -84.545         0.448        -0.822       148.480
 Q1            13.595         5.233         0.003        -0.090        -0.170
 Q2            -6.239        -5.771         0.001         0.025         0.393
 Q3           -19.114        -9.889        -0.007         0.182         0.344


           Covariances
              DIASTO04      Q1            Q2            Q3
              ________      ________      ________      ________
 DIASTO04     126.212
 Q1            -0.066         0.188
 Q2             0.366        -0.063         0.188
 Q3            -0.009        -0.063        -0.062         0.188


           Correlations
              BMI04         BMI06         BMI09         BMI11         HBS04
              ________      ________      ________      ________      ________
 BMI04          1.000
 BMI06          0.824         1.000
 BMI09          0.838         0.795         1.000
 BMI11          0.555         0.533         0.611         1.000
 HBS04          0.065         0.065         0.064         0.071         1.000
 HBS06          0.058         0.073         0.077         0.059         0.257
 HBS09          0.066         0.073         0.078         0.056         0.169
 HBS11          0.010         0.033         0.040         0.029         0.153
 AGE04          0.078         0.032        -0.015        -0.024        -0.082
 GENDER         0.028         0.027         0.017        -0.006        -0.164
 KCAL04         0.025         0.040         0.041         0.051         0.397
 MET04         -0.051        -0.027        -0.022        -0.011         0.116
 SMOKE04       -0.052        -0.055        -0.057        -0.019         0.109
 EDUC04         0.013         0.011         0.021         0.029         0.003
 SYSTO04        0.263         0.214         0.188         0.111        -0.034
 DIASTO04       0.283         0.241         0.232         0.151         0.013
 Q1            -0.048        -0.045        -0.021        -0.015         0.065
 Q2             0.073         0.082         0.067         0.043        -0.005
 Q3             0.061         0.026         0.022         0.019        -0.122


           Correlations
              HBS06         HBS09         HBS11         AGE04         GENDER
              ________      ________      ________      ________      ________
 HBS06          1.000
 HBS09          0.203         1.000
 HBS11          0.193         0.262         1.000
 AGE04         -0.168        -0.153        -0.189         1.000
 GENDER        -0.174        -0.181        -0.203         0.026         1.000
 KCAL04         0.215         0.155         0.157        -0.131        -0.271
 MET04          0.140         0.115         0.176        -0.242        -0.144
 SMOKE04        0.100         0.097         0.111         0.035        -0.572
 EDUC04         0.003         0.024         0.042        -0.404        -0.196
 SYSTO04       -0.045        -0.062        -0.082         0.412        -0.088
 DIASTO04       0.013         0.015         0.007         0.208        -0.123
 Q1             0.085         0.003         0.044        -0.042        -0.009
 Q2            -0.069        -0.013        -0.077         0.007         0.002
 Q3            -0.176        -0.112        -0.126         0.068         0.014


           Correlations
              KCAL04        MET04         SMOKE04       EDUC04        SYSTO04
              ________      ________      ________      ________      ________
 KCAL04         1.000
 MET04          0.209         1.000
 SMOKE04        0.162         0.082         1.000
 EDUC04         0.087        -0.011         0.060         1.000
 SYSTO04       -0.076        -0.132         0.069        -0.152         1.000
 DIASTO04      -0.037        -0.067         0.076        -0.055         0.711
 Q1             0.046         0.107         0.014        -0.157        -0.021
 Q2            -0.021        -0.118         0.006         0.044         0.049
 Q3            -0.065        -0.203        -0.031         0.318         0.043


           Correlations
              DIASTO04      Q1            Q2            Q3
              ________      ________      ________      ________
 DIASTO04       1.000
 Q1            -0.014         1.000
 Q2             0.075        -0.333         1.000
 Q3            -0.002        -0.333        -0.333         1.000


     MAXIMUM LOG-LIKELIHOOD VALUE FOR THE UNRESTRICTED (H1) MODEL IS -426354.526


UNIVARIATE SAMPLE STATISTICS


     UNIVARIATE HIGHER-ORDER MOMENT DESCRIPTIVE STATISTICS

         Variable/         Mean/     Skewness/   Minimum/ % with                Percentiles
        Sample Size      Variance    Kurtosis    Maximum  Min/Max      20%/60%    40%/80%    Median

     BMI04                23.021       0.585      12.415    0.01%      20.189     21.861     22.673
            8858.000      11.235       0.546      41.322    0.01%      23.543     25.712
     BMI06                23.179       4.577      13.240    0.01%      20.344     22.042     22.857
            6938.000      12.729     126.919     132.544    0.01%      23.684     25.810
     BMI09                23.342       0.482      13.700    0.02%      20.415     22.215     23.111
            5949.000      11.781       0.401      42.590    0.02%      23.979     26.148
     BMI11                23.797       9.794       4.826    0.02%      20.644     22.491     23.378
            5386.000      23.639     280.882     190.972    0.02%      24.235     26.438
     HBS04                12.026      -0.033       0.000    3.11%       8.000     10.000     12.000
            9547.000      27.105      -0.004      31.000    0.02%      14.000     16.000
     HBS06                12.011       0.112       0.000    1.40%       8.000     10.000     12.000
            7340.000      25.823      -0.182      28.000    0.04%      14.000     16.000
     HBS09                12.072       0.168       0.000    1.03%       8.000     10.000     12.000
            6185.000      27.047      -0.296      30.000    0.02%      14.000     16.000
     HBS11                12.415       0.031       0.000    1.16%       8.000     10.000     12.000
            5502.000      27.328      -0.477      32.000    0.02%      14.000     18.000
     AGE04                47.385       0.238      18.000    1.13%      33.000     42.000     47.000
            9547.000     235.499      -0.539      97.000    0.01%      51.000     61.000
     GENDER                1.519      -0.076       1.000   48.11%       1.000      1.000      2.000
            9547.000       0.250      -1.994       2.000   51.89%       2.000      2.000
     KCAL04             2188.497       0.630      50.891    0.01%    1615.771   1974.357   2128.274
            9547.000  458288.862       1.113    6053.592    0.01%    2307.147   2719.569
     MET04               118.186       1.345       0.000    4.03%      20.460     52.675     84.047
            8604.000   12630.885       4.075    1582.256    0.01%     117.500    211.287
     SMOKE04               0.334       3.823       0.000   67.14%       0.000      0.000      0.000
            9429.000       0.276      52.882       9.000    0.07%       0.000      1.000
     EDUC04                1.724       0.539       0.000   21.26%       0.000      1.000      2.000
            9422.000       1.752      -0.205       6.000    0.02%       2.000      3.000
     SYSTO04             122.224       1.153      70.667    0.01%     108.667    117.333    120.000
            8960.000     343.826       2.613     230.000    0.01%     122.000    134.000
     DIASTO04             78.671       0.598      15.000    0.01%      70.000     76.667     79.333
            8960.000     126.092       1.936     141.333    0.01%      80.000     87.333
     Q1                    0.250       1.155       0.000   75.00%       0.000      0.000      0.000
            9539.000       0.188      -0.667       1.000   25.00%       0.000      1.000
     Q2                    0.250       1.155       0.000   75.00%       0.000      0.000      0.000
            9539.000       0.188      -0.667       1.000   25.00%       0.000      1.000
     Q3                    0.250       1.155       0.000   75.01%       0.000      0.000      0.000
            9539.000       0.187      -0.666       1.000   24.99%       0.000      1.000


THE MODEL ESTIMATION TERMINATED NORMALLY



MODEL FIT INFORMATION

Number of Free Parameters                      141

Loglikelihood

          H0 Value                     -425361.582

Information Criteria

          Akaike (AIC)                  851005.163
          Bayesian (BIC)                852015.285
          Sample-Size Adjusted BIC      851567.209
            (n* = (n + 2) / 24)



MODEL RESULTS

                                                    Two-Tailed
                    Estimate       S.E.  Est./S.E.    P-Value

 IB       |
    BMI04              1.000      0.000    999.000    999.000
    BMI06              1.000      0.000    999.000    999.000
    BMI09              1.000      0.000    999.000    999.000
    BMI11              1.000      0.000    999.000    999.000

 SB       |
    BMI04              0.000      0.000    999.000    999.000
    BMI06              2.000      0.000    999.000    999.000
    BMI09              5.000      0.000    999.000    999.000
    BMI11              7.000      0.000    999.000    999.000

 ID       |
    HBS04              1.000      0.000    999.000    999.000
    HBS06              1.000      0.000    999.000    999.000
    HBS09              1.000      0.000    999.000    999.000
    HBS11              1.000      0.000    999.000    999.000

 SD       |
    HBS04              0.000      0.000    999.000    999.000
    HBS06              2.000      0.000    999.000    999.000
    HBS09              5.000      0.000    999.000    999.000
    HBS11              7.000      0.000    999.000    999.000

 SB         ON
    ID                 0.008      0.004      1.744      0.081
    SD                 0.050      0.032      1.540      0.124

 ID         ON
    Q1                -0.139      0.125     -1.112      0.266
    Q2                -0.700      0.129     -5.419      0.000
    Q3                -1.496      0.134    -11.139      0.000
    AGE04             -0.020      0.004     -5.528      0.000
    GENDER            -0.683      0.111     -6.156      0.000
    KCAL04             0.002      0.000     30.607      0.000
    MET04              0.000      0.000     -0.863      0.388
    EDUC04            -0.107      0.042     -2.537      0.011
    SYSTO04           -0.005      0.004     -1.184      0.236
    DIASTO04           0.020      0.006      3.317      0.001
    SMOKE04            0.134      0.094      1.428      0.153

 SD         ON
    Q1                -0.155      0.027     -5.670      0.000
    Q2                -0.164      0.031     -5.220      0.000
    Q3                -0.096      0.034     -2.840      0.005
    AGE04             -0.005      0.001     -5.729      0.000
    GENDER            -0.177      0.028     -6.219      0.000
    KCAL04             0.000      0.000    -18.571      0.000
    MET04              0.000      0.000      2.843      0.004
    EDUC04             0.001      0.010      0.094      0.926
    SYSTO04           -0.002      0.001     -2.253      0.024
    DIASTO04           0.003      0.002      1.751      0.080
    SMOKE04           -0.027      0.024     -1.128      0.259

 SB         ON
    Q1                 0.021      0.014      1.515      0.130
    Q2                 0.004      0.016      0.257      0.797
    Q3                -0.020      0.018     -1.074      0.283
    AGE04             -0.003      0.000     -6.711      0.000
    GENDER            -0.021      0.014     -1.486      0.137
    KCAL04             0.000      0.000      0.132      0.895
    MET04              0.000      0.000     -1.053      0.292
    EDUC04            -0.012      0.004     -2.757      0.006
    SYSTO04           -0.001      0.000     -2.982      0.003
    DIASTO04          -0.001      0.001     -0.791      0.429
    SMOKE04           -0.014      0.012     -1.208      0.227

 IB       WITH
    SB                -0.096      0.028     -3.438      0.001

 ID       WITH
    SD                -0.440      0.078     -5.652      0.000

 AGE04    WITH
    IB                 3.950      0.600      6.587      0.000

 GENDER   WITH
    IB                 0.049      0.018      2.731      0.006

 KCAL04   WITH
    IB                56.646     23.845      2.376      0.018

 MET04    WITH
    IB               -19.028      4.058     -4.689      0.000

 SMOKE04  WITH
    IB                -0.094      0.017     -5.623      0.000

 EDUC04   WITH
    IB                 0.054      0.048      1.117      0.264

 SYSTO04  WITH
    IB                16.410      0.734     22.362      0.000

 DIASTO04 WITH
    IB                10.662      0.429     24.861      0.000

 Q1       WITH
    IB                -0.073      0.015     -4.906      0.000

 Q2       WITH
    IB                 0.109      0.015      7.475      0.000

 Q3       WITH
    IB                 0.086      0.016      5.458      0.000

 GENDER   WITH
    AGE04              0.199      0.078      2.550      0.011

 KCAL04   WITH
    AGE04          -1363.375    109.784    -12.419      0.000
    GENDER           -91.666      3.306    -27.724      0.000

 MET04    WITH
    AGE04           -419.941     17.372    -24.174      0.000
    GENDER            -8.118      0.606    -13.395      0.000
    KCAL04         15931.979    878.693     18.131      0.000

 SMOKE04  WITH
    AGE04              0.285      0.083      3.417      0.001
    GENDER            -0.150      0.002    -65.998      0.000
    KCAL04            57.593      3.558     16.187      0.000
    MET04              4.837      0.654      7.391      0.000

 EDUC04   WITH
    AGE04             -8.221      0.214    -38.460      0.000
    GENDER            -0.129      0.007    -19.795      0.000
    KCAL04            78.410      9.000      8.712      0.000
    MET04             -1.614      1.365     -1.183      0.237
    SMOKE04            0.042      0.006      6.640      0.000

 SYSTO04  WITH
    AGE04            117.552      3.333     35.273      0.000
    GENDER            -0.813      0.097     -8.386      0.000
    KCAL04          -954.848    134.281     -7.111      0.000
    MET04           -276.860     21.810    -12.694      0.000
    SMOKE04            0.674      0.115      5.864      0.000
    EDUC04            -3.747      0.277    -13.519      0.000

 DIASTO04 WITH
    AGE04             35.960      1.787     20.119      0.000
    GENDER            -0.690      0.059    -11.690      0.000
    KCAL04          -280.572     88.874     -3.157      0.002
    MET04            -84.374     13.414     -6.290      0.000
    SMOKE04            0.447      0.059      7.636      0.000
    EDUC04            -0.823      0.159     -5.175      0.000
    SYSTO04          148.498      3.432     43.272      0.000

 Q1       WITH
    AGE04             -0.282      0.066     -4.292      0.000
    GENDER            -0.002      0.002     -0.817      0.414
    KCAL04            13.587      2.923      4.649      0.000
    MET04              5.234      0.521     10.049      0.000
    SMOKE04            0.003      0.002      1.512      0.131
    EDUC04            -0.090      0.005    -17.664      0.000
    SYSTO04           -0.170      0.084     -2.020      0.043
    DIASTO04          -0.066      0.052     -1.272      0.203

 Q2       WITH
    AGE04              0.044      0.069      0.642      0.521
    GENDER             0.000      0.002      0.198      0.843
    KCAL04            -6.232      2.903     -2.146      0.032
    MET04             -5.774      0.460    -12.551      0.000
    SMOKE04            0.001      0.003      0.520      0.603
    EDUC04             0.025      0.006      4.238      0.000
    SYSTO04            0.393      0.084      4.667      0.000
    DIASTO04           0.366      0.050      7.364      0.000
    Q1                -0.063      0.001    -49.198      0.000

 Q3       WITH
    AGE04              0.452      0.069      6.526      0.000
    GENDER             0.003      0.002      1.315      0.188
    KCAL04           -19.114      2.927     -6.529      0.000
    MET04             -9.884      0.445    -22.232      0.000
    SMOKE04           -0.007      0.002     -3.068      0.002
    EDUC04             0.182      0.007     27.567      0.000
    SYSTO04            0.344      0.084      4.103      0.000
    DIASTO04          -0.010      0.048     -0.201      0.841
    Q1                -0.063      0.001    -48.813      0.000
    Q2                -0.062      0.001    -50.678      0.000

 Means
    AGE04             47.385      0.152    311.364      0.000
    GENDER             1.519      0.005    289.604      0.000
    KCAL04          2188.497      6.913    316.566      0.000
    MET04            116.543      1.210     96.330      0.000
    SMOKE04            0.335      0.005     60.884      0.000
    EDUC04             1.729      0.013    128.634      0.000
    SYSTO04          122.072      0.194    629.000      0.000
    DIASTO04          78.631      0.120    653.328      0.000
    Q1                 0.250      0.004     56.720      0.000
    Q2                 0.250      0.004     57.933      0.000
    Q3                 0.250      0.004     57.852      0.000
    IB                23.016      0.035    662.333      0.000

 Intercepts
    BMI04              0.000      0.000    999.000    999.000
    BMI06              0.000      0.000    999.000    999.000
    BMI09              0.000      0.000    999.000    999.000
    BMI11              0.000      0.000    999.000    999.000
    HBS04              0.000      0.000    999.000    999.000
    HBS06              0.000      0.000    999.000    999.000
    HBS09              0.000      0.000    999.000    999.000
    HBS11              0.000      0.000    999.000    999.000
    SB                 0.375      0.086      4.366      0.000
    ID                 8.231      0.508     16.214      0.000
    SD                 1.415      0.125     11.313      0.000

 Variances
    AGE04            235.499      2.976     79.132      0.000
    GENDER             0.250      0.000   1227.022      0.000
    KCAL04         *********   8168.494     56.104      0.000
    MET04          12716.562    342.604     37.117      0.000
    SMOKE04            0.276      0.021     13.035      0.000
    EDUC04             1.755      0.024     73.152      0.000
    SYSTO04          345.171      7.619     45.304      0.000
    DIASTO04         126.227      2.578     48.968      0.000
    Q1                 0.188      0.002     85.033      0.000
    Q2                 0.188      0.002     86.912      0.000
    Q3                 0.188      0.002     86.631      0.000
    IB                10.332      0.223     46.257      0.000

 Residual Variances
    BMI04              0.970      0.128      7.597      0.000
    BMI06              3.131      1.787      1.753      0.080
    BMI09              1.536      0.094     16.302      0.000
    BMI11             13.573      5.681      2.389      0.017
    HBS04             17.990      0.468     38.463      0.000
    HBS06             19.941      0.401     49.767      0.000
    HBS09             21.343      0.445     48.014      0.000
    HBS11             19.129      0.603     31.697      0.000
    SB                 0.046      0.004     11.036      0.000
    ID                 4.472      0.396     11.288      0.000
    SD                 0.144      0.020      7.132      0.000

New/Additional Parameters
    IND1              -0.009      0.005     -1.611      0.107
    IND2              -0.014      0.007     -1.851      0.064
    IND3              -0.016      0.008     -1.927      0.054
    DI1                0.021      0.014      1.515      0.130
    DI2                0.004      0.016      0.257      0.797
    DI3               -0.020      0.018     -1.074      0.283
    TO1                0.012      0.013      0.970      0.332
    TO2               -0.009      0.014     -0.670      0.503
    TO3               -0.036      0.016     -2.258      0.024
    IND_L_1           -0.001      0.001     -0.874      0.382
    IND_L_2           -0.005      0.003     -1.654      0.098
    IND_L_3           -0.012      0.007     -1.735      0.083
    IND_S_1           -0.008      0.005     -1.457      0.145
    IND_S_2           -0.008      0.006     -1.414      0.157
    IND_S_3           -0.005      0.004     -1.251      0.211


CONFIDENCE INTERVALS OF MODEL RESULTS

                  Lower .5%  Lower 2.5%    Lower 5%    Estimate    Upper 5%  Upper 2.5%   Upper .5%

 IB       |
    BMI04            1.000       1.000       1.000       1.000       1.000       1.000       1.000
    BMI06            1.000       1.000       1.000       1.000       1.000       1.000       1.000
    BMI09            1.000       1.000       1.000       1.000       1.000       1.000       1.000
    BMI11            1.000       1.000       1.000       1.000       1.000       1.000       1.000

 SB       |
    BMI04            0.000       0.000       0.000       0.000       0.000       0.000       0.000
    BMI06            2.000       2.000       2.000       2.000       2.000       2.000       2.000
    BMI09            5.000       5.000       5.000       5.000       5.000       5.000       5.000
    BMI11            7.000       7.000       7.000       7.000       7.000       7.000       7.000

 ID       |
    HBS04            1.000       1.000       1.000       1.000       1.000       1.000       1.000
    HBS06            1.000       1.000       1.000       1.000       1.000       1.000       1.000
    HBS09            1.000       1.000       1.000       1.000       1.000       1.000       1.000
    HBS11            1.000       1.000       1.000       1.000       1.000       1.000       1.000

 SD       |
    HBS04            0.000       0.000       0.000       0.000       0.000       0.000       0.000
    HBS06            2.000       2.000       2.000       2.000       2.000       2.000       2.000
    HBS09            5.000       5.000       5.000       5.000       5.000       5.000       5.000
    HBS11            7.000       7.000       7.000       7.000       7.000       7.000       7.000

 SB       ON
    ID              -0.004      -0.001       0.000       0.008       0.015       0.017       0.020
    SD              -0.025      -0.010       0.001       0.050       0.107       0.119       0.149

 ID       ON
    Q1              -0.442      -0.388      -0.357      -0.139       0.071       0.117       0.174
    Q2              -1.016      -0.962      -0.924      -0.700      -0.492      -0.465      -0.395
    Q3              -1.856      -1.763      -1.716      -1.496      -1.284      -1.239      -1.182
    AGE04           -0.030      -0.028      -0.027      -0.020      -0.014      -0.013      -0.011
    GENDER          -0.986      -0.894      -0.870      -0.683      -0.504      -0.472      -0.405
    KCAL04           0.002       0.002       0.002       0.002       0.003       0.003       0.003
    MET04           -0.002      -0.001      -0.001       0.000       0.000       0.000       0.001
    EDUC04          -0.219      -0.196      -0.181      -0.107      -0.044      -0.023       0.003
    SYSTO04         -0.015      -0.012      -0.011      -0.005       0.002       0.003       0.005
    DIASTO04         0.005       0.008       0.010       0.020       0.031       0.033       0.036
    SMOKE04         -0.142      -0.057      -0.018       0.134       0.290       0.318       0.360

 SD       ON
    Q1              -0.228      -0.207      -0.200      -0.155      -0.111      -0.101      -0.080
    Q2              -0.252      -0.228      -0.220      -0.164      -0.114      -0.103      -0.082
    Q3              -0.187      -0.165      -0.154      -0.096      -0.043      -0.032      -0.014
    AGE04           -0.008      -0.007      -0.007      -0.005      -0.004      -0.004      -0.003
    GENDER          -0.254      -0.232      -0.224      -0.177      -0.132      -0.122      -0.105
    KCAL04           0.000       0.000       0.000       0.000       0.000       0.000       0.000
    MET04            0.000       0.000       0.000       0.000       0.001       0.001       0.001
    EDUC04          -0.023      -0.019      -0.015       0.001       0.019       0.023       0.029
    SYSTO04         -0.005      -0.004      -0.004      -0.002      -0.001       0.000       0.000
    DIASTO04        -0.001       0.000       0.000       0.003       0.005       0.006       0.007
    SMOKE04         -0.092      -0.075      -0.068      -0.027       0.012       0.017       0.031

 SB       ON
    Q1              -0.011      -0.003       0.000       0.021       0.047       0.051       0.057
    Q2              -0.032      -0.027      -0.022       0.004       0.032       0.039       0.048
    Q3              -0.065      -0.054      -0.047      -0.020       0.012       0.019       0.027
    AGE04           -0.004      -0.004      -0.004      -0.003      -0.002      -0.002      -0.002
    GENDER          -0.055      -0.047      -0.043      -0.021       0.004       0.008       0.016
    KCAL04           0.000       0.000       0.000       0.000       0.000       0.000       0.000
    MET04            0.000       0.000       0.000       0.000       0.000       0.000       0.000
    EDUC04          -0.023      -0.020      -0.019      -0.012      -0.004      -0.003       0.000
    SYSTO04         -0.002      -0.002      -0.002      -0.001      -0.001       0.000       0.000
    DIASTO04        -0.002      -0.002      -0.002      -0.001       0.001       0.001       0.001
    SMOKE04         -0.044      -0.038      -0.034      -0.014       0.005       0.007       0.014

 IB       WITH
    SB              -0.155      -0.139      -0.132      -0.096      -0.041      -0.036      -0.022

 ID       WITH
    SD              -0.645      -0.592      -0.567      -0.440      -0.308      -0.285      -0.245

 AGE04    WITH
    IB               2.429       2.775       2.900       3.950       4.980       5.133       5.419

 GENDER   WITH
    IB               0.006       0.014       0.019       0.049       0.078       0.083       0.093

 KCAL04   WITH
    IB              -6.377       9.265      17.067      56.646      94.067     101.263     115.228

 MET04    WITH
    IB             -28.859     -26.536     -25.196     -19.028     -11.979     -10.680      -7.841

 SMOKE04  WITH
    IB              -0.138      -0.125      -0.121      -0.094      -0.066      -0.062      -0.052

 EDUC04   WITH
    IB              -0.062      -0.042      -0.027       0.054       0.133       0.147       0.164

 SYSTO04  WITH
    IB              14.300      14.899      15.163      16.410      17.641      17.811      18.176

 DIASTO04 WITH
    IB               9.522       9.735       9.937      10.662      11.373      11.477      11.702

 Q1       WITH
    IB              -0.110      -0.103      -0.097      -0.073      -0.049      -0.044      -0.037

 Q2       WITH
    IB               0.072       0.080       0.085       0.109       0.132       0.137       0.147

 Q3       WITH
    IB               0.040       0.054       0.059       0.086       0.110       0.114       0.124

 GENDER   WITH
    AGE04           -0.006       0.046       0.064       0.199       0.319       0.343       0.397

 KCAL04   WITH
    AGE04        -1651.838   -1575.775   -1549.657   -1363.375   -1195.060   -1159.546   -1090.140
    GENDER        -101.226     -98.376     -97.286     -91.666     -86.432     -85.485     -83.590

 MET04    WITH
    AGE04         -467.306    -455.082    -449.709    -419.941    -391.836    -387.385    -377.578
    GENDER          -9.752      -9.373      -9.113      -8.118      -7.089      -6.860      -6.600
    KCAL04       13881.966   14278.248   14551.007   15931.979   17433.309   17652.070   18427.463

 SMOKE04  WITH
    AGE04            0.075       0.126       0.149       0.285       0.425       0.446       0.492
    GENDER          -0.156      -0.155      -0.154      -0.150      -0.147      -0.146      -0.144
    KCAL04          48.646      50.696      51.874      57.593      63.324      64.716      67.866
    MET04            3.128       3.540       3.740       4.837       5.913       6.112       6.457

 EDUC04   WITH
    AGE04           -8.775      -8.649      -8.577      -8.221      -7.871      -7.795      -7.708
    GENDER          -0.146      -0.141      -0.139      -0.129      -0.118      -0.116      -0.111
    KCAL04          54.570      61.159      63.550      78.410      94.120      97.042     100.945
    MET04           -4.850      -4.289      -3.898      -1.614       0.563       0.967       1.578
    SMOKE04          0.026       0.030       0.031       0.042       0.052       0.054       0.058

 SYSTO04  WITH
    AGE04          108.227     110.625     112.102     117.552     122.786     124.225     125.881
    GENDER          -1.045      -1.004      -0.979      -0.813      -0.657      -0.632      -0.571
    KCAL04       -1279.977   -1213.163   -1169.146    -954.848    -732.174    -700.772    -613.898
    MET04         -332.733    -318.854    -312.205    -276.860    -241.257    -233.824    -216.639
    SMOKE04          0.406       0.470       0.503       0.674       0.876       0.926       1.009
    EDUC04          -4.511      -4.312      -4.197      -3.747      -3.290      -3.193      -3.051

 DIASTO04 WITH
    AGE04           31.330      32.417      33.038      35.960      38.861      39.462      40.434
    GENDER          -0.846      -0.803      -0.793      -0.690      -0.594      -0.578      -0.545
    KCAL04        -522.277    -456.997    -433.418    -280.572    -134.831    -114.384     -58.031
    MET04         -117.921    -111.344    -107.688     -84.374     -62.799     -59.505     -52.328
    SMOKE04          0.304       0.335       0.356       0.447       0.548       0.570       0.608
    EDUC04          -1.289      -1.155      -1.089      -0.823      -0.562      -0.520      -0.437
    SYSTO04        139.451     141.532     142.693     148.498     153.881     155.073     157.297

 Q1       WITH
    AGE04           -0.459      -0.414      -0.396      -0.282      -0.180      -0.165      -0.124
    GENDER          -0.008      -0.007      -0.006      -0.002       0.002       0.002       0.004
    KCAL04           6.762       8.322       9.057      13.587      18.376      19.482      22.181
    MET04            3.851       4.235       4.422       5.234       6.103       6.221       6.495
    SMOKE04         -0.002      -0.001       0.000       0.003       0.007       0.007       0.008
    EDUC04          -0.105      -0.101      -0.099      -0.090      -0.082      -0.081      -0.078
    SYSTO04         -0.397      -0.333      -0.310      -0.170      -0.036      -0.007       0.047
    DIASTO04        -0.209      -0.168      -0.151      -0.066       0.018       0.033       0.069

 Q2       WITH
    AGE04           -0.149      -0.086      -0.065       0.044       0.165       0.182       0.226
    GENDER          -0.005      -0.004      -0.003       0.000       0.004       0.005       0.006
    KCAL04         -13.879     -11.882     -11.133      -6.232      -1.675      -0.698       0.994
    MET04           -7.019      -6.704      -6.531      -5.774      -5.010      -4.905      -4.676
    SMOKE04         -0.005      -0.003      -0.003       0.001       0.006       0.007       0.008
    EDUC04           0.010       0.013       0.015       0.025       0.034       0.037       0.041
    SYSTO04          0.167       0.218       0.254       0.393       0.531       0.554       0.603
    DIASTO04         0.229       0.266       0.285       0.366       0.451       0.462       0.486
    Q1              -0.066      -0.065      -0.065      -0.063      -0.061      -0.060      -0.060

 Q3       WITH
    AGE04            0.266       0.319       0.338       0.452       0.561       0.588       0.646
    GENDER          -0.003      -0.001      -0.001       0.003       0.007       0.007       0.009
    KCAL04         -26.942     -25.143     -23.971     -19.114     -14.403     -13.629     -12.203
    MET04          -11.196     -10.789     -10.658      -9.884      -9.164      -9.062      -8.830
    SMOKE04         -0.014      -0.012      -0.011      -0.007      -0.003      -0.003      -0.002
    EDUC04           0.164       0.170       0.172       0.182       0.193       0.196       0.200
    SYSTO04          0.110       0.179       0.207       0.344       0.478       0.506       0.552
    DIASTO04        -0.135      -0.108      -0.088      -0.010       0.065       0.086       0.115
    Q1              -0.066      -0.065      -0.065      -0.063      -0.060      -0.060      -0.059
    Q2              -0.066      -0.065      -0.065      -0.062      -0.061      -0.060      -0.059

 Means
    AGE04           46.990      47.063      47.134      47.385      47.623      47.684      47.803
    GENDER           1.505       1.509       1.511       1.519       1.527       1.529       1.533
    KCAL04        2171.270    2174.952    2176.839    2188.497    2200.025    2201.453    2206.185
    MET04          113.187     114.122     114.474     116.543     118.533     118.862     119.667
    SMOKE04          0.321       0.324       0.326       0.335       0.344       0.345       0.349
    EDUC04           1.694       1.702       1.706       1.729       1.751       1.755       1.765
    SYSTO04        121.586     121.697     121.754     122.072     122.384     122.437     122.604
    DIASTO04        78.317      78.394      78.438      78.631      78.820      78.866      78.961
    Q1               0.239       0.240       0.243       0.250       0.257       0.258       0.261
    Q2               0.239       0.242       0.243       0.250       0.257       0.258       0.262
    Q3               0.237       0.242       0.243       0.250       0.257       0.258       0.261
    IB              22.924      22.940      22.953      23.016      23.071      23.080      23.096

 Intercepts
    BMI04            0.000       0.000       0.000       0.000       0.000       0.000       0.000
    BMI06            0.000       0.000       0.000       0.000       0.000       0.000       0.000
    BMI09            0.000       0.000       0.000       0.000       0.000       0.000       0.000
    BMI11            0.000       0.000       0.000       0.000       0.000       0.000       0.000
    HBS04            0.000       0.000       0.000       0.000       0.000       0.000       0.000
    HBS06            0.000       0.000       0.000       0.000       0.000       0.000       0.000
    HBS09            0.000       0.000       0.000       0.000       0.000       0.000       0.000
    HBS11            0.000       0.000       0.000       0.000       0.000       0.000       0.000
    SB               0.127       0.204       0.234       0.375       0.506       0.538       0.584
    ID               6.924       7.247       7.391       8.231       9.065       9.218       9.625
    SD               1.059       1.169       1.202       1.415       1.626       1.661       1.733

 Variances
    AGE04          228.029     229.925     230.677     235.499     240.541     241.408     242.897
    GENDER           0.249       0.249       0.249       0.250       0.250       0.250       0.250
    KCAL04       *********  441441.438  444368.469  458288.875  470965.500  473600.062  479769.688
    MET04        11908.953   12107.615   12206.449   12716.562   13305.593   13422.857   13755.523
    SMOKE04          0.228       0.237       0.243       0.276       0.311       0.318       0.333
    EDUC04           1.693       1.708       1.715       1.755       1.794       1.801       1.816
    SYSTO04        325.219     329.558     331.945     345.171     357.255     359.469     362.885
    DIASTO04       119.114     121.150     121.978     126.227     130.534     131.092     132.833
    Q1               0.182       0.183       0.184       0.188       0.191       0.192       0.193
    Q2               0.182       0.183       0.184       0.188       0.191       0.192       0.193
    Q3               0.181       0.183       0.184       0.188       0.191       0.191       0.193
    IB               9.749       9.870       9.957      10.332      10.668      10.756      10.931

 Residual Variances
    BMI04            0.735       0.776       0.812       0.970       1.209       1.230       1.270
    BMI06            1.188       1.216       1.228       3.131       6.552       6.638       8.309
    BMI09            1.271       1.326       1.351       1.536       1.660       1.685       1.733
    BMI11            5.008       5.825       6.194      13.573      23.855      26.501      35.701
    HBS04           16.771      17.040      17.181      17.990      18.751      18.894      19.064
    HBS06           18.993      19.192      19.314      19.941      20.587      20.709      20.991
    HBS09           20.243      20.504      20.632      21.343      22.072      22.219      22.489
    HBS11           17.456      17.998      18.149      19.129      20.094      20.283      20.677
    SB               0.035       0.038       0.039       0.046       0.053       0.054       0.058
    ID               3.379       3.627       3.809       4.472       5.092       5.251       5.513
    SD               0.086       0.103       0.110       0.144       0.175       0.184       0.195

New/Additional Parameters
    IND1            -0.026      -0.022      -0.019      -0.009      -0.001       0.001       0.004
    IND2            -0.037      -0.029      -0.026      -0.014      -0.003      -0.001       0.003
    IND3            -0.040      -0.035      -0.031      -0.016      -0.003      -0.001       0.006
    DI1             -0.011      -0.003       0.000       0.021       0.047       0.051       0.057
    DI2             -0.032      -0.027      -0.022       0.004       0.032       0.039       0.048
    DI3             -0.065      -0.054      -0.047      -0.020       0.012       0.019       0.027
    TO1             -0.018      -0.011      -0.007       0.012       0.034       0.040       0.046
    TO2             -0.044      -0.036      -0.032      -0.009       0.014       0.020       0.029
    TO3             -0.074      -0.066      -0.061      -0.036      -0.010      -0.005       0.005
    IND_L_1         -0.005      -0.004      -0.003      -0.001       0.001       0.001       0.002
    IND_L_2         -0.016      -0.012      -0.011      -0.005       0.000       0.000       0.002
    IND_L_3         -0.029      -0.025      -0.023      -0.012      -0.001       0.001       0.005
    IND_S_1         -0.025      -0.020      -0.018      -0.008       0.000       0.001       0.004
    IND_S_2         -0.028      -0.022      -0.019      -0.008       0.000       0.001       0.004
    IND_S_3         -0.019      -0.015      -0.012      -0.005       0.000       0.001       0.003


TECHNICAL 1 OUTPUT


     PARAMETER SPECIFICATION


           NU
              BMI04         BMI06         BMI09         BMI11         HBS04
              ________      ________      ________      ________      ________
 1                  0             0             0             0             0


           NU
              HBS06         HBS09         HBS11         AGE04         GENDER
              ________      ________      ________      ________      ________
 1                  0             0             0             0             0


           NU
              KCAL04        MET04         SMOKE04       EDUC04        SYSTO04
              ________      ________      ________      ________      ________
 1                  0             0             0             0             0


           NU
              DIASTO04      Q1            Q2            Q3
              ________      ________      ________      ________
 1                  0             0             0             0


           LAMBDA
              IB            SB            ID            SD            AGE04
              ________      ________      ________      ________      ________
 BMI04              0             0             0             0             0
 BMI06              0             0             0             0             0
 BMI09              0             0             0             0             0
 BMI11              0             0             0             0             0
 HBS04              0             0             0             0             0
 HBS06              0             0             0             0             0
 HBS09              0             0             0             0             0
 HBS11              0             0             0             0             0
 AGE04              0             0             0             0             0
 GENDER             0             0             0             0             0
 KCAL04             0             0             0             0             0
 MET04              0             0             0             0             0
 SMOKE04            0             0             0             0             0
 EDUC04             0             0             0             0             0
 SYSTO04            0             0             0             0             0
 DIASTO04           0             0             0             0             0
 Q1                 0             0             0             0             0
 Q2                 0             0             0             0             0
 Q3                 0             0             0             0             0


           LAMBDA
              GENDER        KCAL04        MET04         SMOKE04       EDUC04
              ________      ________      ________      ________      ________
 BMI04              0             0             0             0             0
 BMI06              0             0             0             0             0
 BMI09              0             0             0             0             0
 BMI11              0             0             0             0             0
 HBS04              0             0             0             0             0
 HBS06              0             0             0             0             0
 HBS09              0             0             0             0             0
 HBS11              0             0             0             0             0
 AGE04              0             0             0             0             0
 GENDER             0             0             0             0             0
 KCAL04             0             0             0             0             0
 MET04              0             0             0             0             0
 SMOKE04            0             0             0             0             0
 EDUC04             0             0             0             0             0
 SYSTO04            0             0             0             0             0
 DIASTO04           0             0             0             0             0
 Q1                 0             0             0             0             0
 Q2                 0             0             0             0             0
 Q3                 0             0             0             0             0


           LAMBDA
              SYSTO04       DIASTO04      Q1            Q2            Q3
              ________      ________      ________      ________      ________
 BMI04              0             0             0             0             0
 BMI06              0             0             0             0             0
 BMI09              0             0             0             0             0
 BMI11              0             0             0             0             0
 HBS04              0             0             0             0             0
 HBS06              0             0             0             0             0
 HBS09              0             0             0             0             0
 HBS11              0             0             0             0             0
 AGE04              0             0             0             0             0
 GENDER             0             0             0             0             0
 KCAL04             0             0             0             0             0
 MET04              0             0             0             0             0
 SMOKE04            0             0             0             0             0
 EDUC04             0             0             0             0             0
 SYSTO04            0             0             0             0             0
 DIASTO04           0             0             0             0             0
 Q1                 0             0             0             0             0
 Q2                 0             0             0             0             0
 Q3                 0             0             0             0             0


           THETA
              BMI04         BMI06         BMI09         BMI11         HBS04
              ________      ________      ________      ________      ________
 BMI04              1
 BMI06              0             2
 BMI09              0             0             3
 BMI11              0             0             0             4
 HBS04              0             0             0             0             5
 HBS06              0             0             0             0             0
 HBS09              0             0             0             0             0
 HBS11              0             0             0             0             0
 AGE04              0             0             0             0             0
 GENDER             0             0             0             0             0
 KCAL04             0             0             0             0             0
 MET04              0             0             0             0             0
 SMOKE04            0             0             0             0             0
 EDUC04             0             0             0             0             0
 SYSTO04            0             0             0             0             0
 DIASTO04           0             0             0             0             0
 Q1                 0             0             0             0             0
 Q2                 0             0             0             0             0
 Q3                 0             0             0             0             0


           THETA
              HBS06         HBS09         HBS11         AGE04         GENDER
              ________      ________      ________      ________      ________
 HBS06              6
 HBS09              0             7
 HBS11              0             0             8
 AGE04              0             0             0             0
 GENDER             0             0             0             0             0
 KCAL04             0             0             0             0             0
 MET04              0             0             0             0             0
 SMOKE04            0             0             0             0             0
 EDUC04             0             0             0             0             0
 SYSTO04            0             0             0             0             0
 DIASTO04           0             0             0             0             0
 Q1                 0             0             0             0             0
 Q2                 0             0             0             0             0
 Q3                 0             0             0             0             0


           THETA
              KCAL04        MET04         SMOKE04       EDUC04        SYSTO04
              ________      ________      ________      ________      ________
 KCAL04             0
 MET04              0             0
 SMOKE04            0             0             0
 EDUC04             0             0             0             0
 SYSTO04            0             0             0             0             0
 DIASTO04           0             0             0             0             0
 Q1                 0             0             0             0             0
 Q2                 0             0             0             0             0
 Q3                 0             0             0             0             0


           THETA
              DIASTO04      Q1            Q2            Q3
              ________      ________      ________      ________
 DIASTO04           0
 Q1                 0             0
 Q2                 0             0             0
 Q3                 0             0             0             0


           ALPHA
              IB            SB            ID            SD            AGE04
              ________      ________      ________      ________      ________
 1                  9            10            11            12            13


           ALPHA
              GENDER        KCAL04        MET04         SMOKE04       EDUC04
              ________      ________      ________      ________      ________
 1                 14            15            16            17            18


           ALPHA
              SYSTO04       DIASTO04      Q1            Q2            Q3
              ________      ________      ________      ________      ________
 1                 19            20            21            22            23


           BETA
              IB            SB            ID            SD            AGE04
              ________      ________      ________      ________      ________
 IB                 0             0             0             0             0
 SB                 0             0            24            25            26
 ID                 0             0             0             0            37
 SD                 0             0             0             0            48
 AGE04              0             0             0             0             0
 GENDER             0             0             0             0             0
 KCAL04             0             0             0             0             0
 MET04              0             0             0             0             0
 SMOKE04            0             0             0             0             0
 EDUC04             0             0             0             0             0
 SYSTO04            0             0             0             0             0
 DIASTO04           0             0             0             0             0
 Q1                 0             0             0             0             0
 Q2                 0             0             0             0             0
 Q3                 0             0             0             0             0


           BETA
              GENDER        KCAL04        MET04         SMOKE04       EDUC04
              ________      ________      ________      ________      ________
 IB                 0             0             0             0             0
 SB                27            28            29            30            31
 ID                38            39            40            41            42
 SD                49            50            51            52            53
 AGE04              0             0             0             0             0
 GENDER             0             0             0             0             0
 KCAL04             0             0             0             0             0
 MET04              0             0             0             0             0
 SMOKE04            0             0             0             0             0
 EDUC04             0             0             0             0             0
 SYSTO04            0             0             0             0             0
 DIASTO04           0             0             0             0             0
 Q1                 0             0             0             0             0
 Q2                 0             0             0             0             0
 Q3                 0             0             0             0             0


           BETA
              SYSTO04       DIASTO04      Q1            Q2            Q3
              ________      ________      ________      ________      ________
 IB                 0             0             0             0             0
 SB                32            33            34            35            36
 ID                43            44            45            46            47
 SD                54            55            56            57            58
 AGE04              0             0             0             0             0
 GENDER             0             0             0             0             0
 KCAL04             0             0             0             0             0
 MET04              0             0             0             0             0
 SMOKE04            0             0             0             0             0
 EDUC04             0             0             0             0             0
 SYSTO04            0             0             0             0             0
 DIASTO04           0             0             0             0             0
 Q1                 0             0             0             0             0
 Q2                 0             0             0             0             0
 Q3                 0             0             0             0             0


           PSI
              IB            SB            ID            SD            AGE04
              ________      ________      ________      ________      ________
 IB                59
 SB                60            61
 ID                 0             0            62
 SD                 0             0            63            64
 AGE04             65             0             0             0            66
 GENDER            67             0             0             0            68
 KCAL04            70             0             0             0            71
 MET04             74             0             0             0            75
 SMOKE04           79             0             0             0            80
 EDUC04            85             0             0             0            86
 SYSTO04           92             0             0             0            93
 DIASTO04         100             0             0             0           101
 Q1               109             0             0             0           110
 Q2               119             0             0             0           120
 Q3               130             0             0             0           131


           PSI
              GENDER        KCAL04        MET04         SMOKE04       EDUC04
              ________      ________      ________      ________      ________
 GENDER            69
 KCAL04            72            73
 MET04             76            77            78
 SMOKE04           81            82            83            84
 EDUC04            87            88            89            90            91
 SYSTO04           94            95            96            97            98
 DIASTO04         102           103           104           105           106
 Q1               111           112           113           114           115
 Q2               121           122           123           124           125
 Q3               132           133           134           135           136


           PSI
              SYSTO04       DIASTO04      Q1            Q2            Q3
              ________      ________      ________      ________      ________
 SYSTO04           99
 DIASTO04         107           108
 Q1               116           117           118
 Q2               126           127           128           129
 Q3               137           138           139           140           141


     PARAMETER SPECIFICATION FOR THE ADDITIONAL PARAMETERS


           NEW/ADDITIONAL PARAMETERS
              IND1          IND2          IND3          DI1           DI2
              ________      ________      ________      ________      ________
 1                142           143           144           145           146


           NEW/ADDITIONAL PARAMETERS
              DI3           TO1           TO2           TO3           IND_L_1
              ________      ________      ________      ________      ________
 1                147           148           149           150           151


           NEW/ADDITIONAL PARAMETERS
              IND_L_2       IND_L_3       IND_S_1       IND_S_2       IND_S_3
              ________      ________      ________      ________      ________
 1                152           153           154           155           156


     STARTING VALUES


           NU
              BMI04         BMI06         BMI09         BMI11         HBS04
              ________      ________      ________      ________      ________
 1              0.000         0.000         0.000         0.000         0.000


           NU
              HBS06         HBS09         HBS11         AGE04         GENDER
              ________      ________      ________      ________      ________
 1              0.000         0.000         0.000         0.000         0.000


           NU
              KCAL04        MET04         SMOKE04       EDUC04        SYSTO04
              ________      ________      ________      ________      ________
 1              0.000         0.000         0.000         0.000         0.000


           NU
              DIASTO04      Q1            Q2            Q3
              ________      ________      ________      ________
 1              0.000         0.000         0.000         0.000


           LAMBDA
              IB            SB            ID            SD            AGE04
              ________      ________      ________      ________      ________
 BMI04          1.000         0.000         0.000         0.000         0.000
 BMI06          1.000         2.000         0.000         0.000         0.000
 BMI09          1.000         5.000         0.000         0.000         0.000
 BMI11          1.000         7.000         0.000         0.000         0.000
 HBS04          0.000         0.000         1.000         0.000         0.000
 HBS06          0.000         0.000         1.000         2.000         0.000
 HBS09          0.000         0.000         1.000         5.000         0.000
 HBS11          0.000         0.000         1.000         7.000         0.000
 AGE04          0.000         0.000         0.000         0.000         1.000
 GENDER         0.000         0.000         0.000         0.000         0.000
 KCAL04         0.000         0.000         0.000         0.000         0.000
 MET04          0.000         0.000         0.000         0.000         0.000
 SMOKE04        0.000         0.000         0.000         0.000         0.000
 EDUC04         0.000         0.000         0.000         0.000         0.000
 SYSTO04        0.000         0.000         0.000         0.000         0.000
 DIASTO04       0.000         0.000         0.000         0.000         0.000
 Q1             0.000         0.000         0.000         0.000         0.000
 Q2             0.000         0.000         0.000         0.000         0.000
 Q3             0.000         0.000         0.000         0.000         0.000


           LAMBDA
              GENDER        KCAL04        MET04         SMOKE04       EDUC04
              ________      ________      ________      ________      ________
 BMI04          0.000         0.000         0.000         0.000         0.000
 BMI06          0.000         0.000         0.000         0.000         0.000
 BMI09          0.000         0.000         0.000         0.000         0.000
 BMI11          0.000         0.000         0.000         0.000         0.000
 HBS04          0.000         0.000         0.000         0.000         0.000
 HBS06          0.000         0.000         0.000         0.000         0.000
 HBS09          0.000         0.000         0.000         0.000         0.000
 HBS11          0.000         0.000         0.000         0.000         0.000
 AGE04          0.000         0.000         0.000         0.000         0.000
 GENDER         1.000         0.000         0.000         0.000         0.000
 KCAL04         0.000         1.000         0.000         0.000         0.000
 MET04          0.000         0.000         1.000         0.000         0.000
 SMOKE04        0.000         0.000         0.000         1.000         0.000
 EDUC04         0.000         0.000         0.000         0.000         1.000
 SYSTO04        0.000         0.000         0.000         0.000         0.000
 DIASTO04       0.000         0.000         0.000         0.000         0.000
 Q1             0.000         0.000         0.000         0.000         0.000
 Q2             0.000         0.000         0.000         0.000         0.000
 Q3             0.000         0.000         0.000         0.000         0.000


           LAMBDA
              SYSTO04       DIASTO04      Q1            Q2            Q3
              ________      ________      ________      ________      ________
 BMI04          0.000         0.000         0.000         0.000         0.000
 BMI06          0.000         0.000         0.000         0.000         0.000
 BMI09          0.000         0.000         0.000         0.000         0.000
 BMI11          0.000         0.000         0.000         0.000         0.000
 HBS04          0.000         0.000         0.000         0.000         0.000
 HBS06          0.000         0.000         0.000         0.000         0.000
 HBS09          0.000         0.000         0.000         0.000         0.000
 HBS11          0.000         0.000         0.000         0.000         0.000
 AGE04          0.000         0.000         0.000         0.000         0.000
 GENDER         0.000         0.000         0.000         0.000         0.000
 KCAL04         0.000         0.000         0.000         0.000         0.000
 MET04          0.000         0.000         0.000         0.000         0.000
 SMOKE04        0.000         0.000         0.000         0.000         0.000
 EDUC04         0.000         0.000         0.000         0.000         0.000
 SYSTO04        1.000         0.000         0.000         0.000         0.000
 DIASTO04       0.000         1.000         0.000         0.000         0.000
 Q1             0.000         0.000         1.000         0.000         0.000
 Q2             0.000         0.000         0.000         1.000         0.000
 Q3             0.000         0.000         0.000         0.000         1.000


           THETA
              BMI04         BMI06         BMI09         BMI11         HBS04
              ________      ________      ________      ________      ________
 BMI04          5.617
 BMI06          0.000         6.364
 BMI09          0.000         0.000         5.891
 BMI11          0.000         0.000         0.000        11.820
 HBS04          0.000         0.000         0.000         0.000        13.552
 HBS06          0.000         0.000         0.000         0.000         0.000
 HBS09          0.000         0.000         0.000         0.000         0.000
 HBS11          0.000         0.000         0.000         0.000         0.000
 AGE04          0.000         0.000         0.000         0.000         0.000
 GENDER         0.000         0.000         0.000         0.000         0.000
 KCAL04         0.000         0.000         0.000         0.000         0.000
 MET04          0.000         0.000         0.000         0.000         0.000
 SMOKE04        0.000         0.000         0.000         0.000         0.000
 EDUC04         0.000         0.000         0.000         0.000         0.000
 SYSTO04        0.000         0.000         0.000         0.000         0.000
 DIASTO04       0.000         0.000         0.000         0.000         0.000
 Q1             0.000         0.000         0.000         0.000         0.000
 Q2             0.000         0.000         0.000         0.000         0.000
 Q3             0.000         0.000         0.000         0.000         0.000


           THETA
              HBS06         HBS09         HBS11         AGE04         GENDER
              ________      ________      ________      ________      ________
 HBS06         12.911
 HBS09          0.000        13.524
 HBS11          0.000         0.000        13.664
 AGE04          0.000         0.000         0.000         0.000
 GENDER         0.000         0.000         0.000         0.000         0.000
 KCAL04         0.000         0.000         0.000         0.000         0.000
 MET04          0.000         0.000         0.000         0.000         0.000
 SMOKE04        0.000         0.000         0.000         0.000         0.000
 EDUC04         0.000         0.000         0.000         0.000         0.000
 SYSTO04        0.000         0.000         0.000         0.000         0.000
 DIASTO04       0.000         0.000         0.000         0.000         0.000
 Q1             0.000         0.000         0.000         0.000         0.000
 Q2             0.000         0.000         0.000         0.000         0.000
 Q3             0.000         0.000         0.000         0.000         0.000


           THETA
              KCAL04        MET04         SMOKE04       EDUC04        SYSTO04
              ________      ________      ________      ________      ________
 KCAL04         0.000
 MET04          0.000         0.000
 SMOKE04        0.000         0.000         0.000
 EDUC04         0.000         0.000         0.000         0.000
 SYSTO04        0.000         0.000         0.000         0.000         0.000
 DIASTO04       0.000         0.000         0.000         0.000         0.000
 Q1             0.000         0.000         0.000         0.000         0.000
 Q2             0.000         0.000         0.000         0.000         0.000
 Q3             0.000         0.000         0.000         0.000         0.000


           THETA
              DIASTO04      Q1            Q2            Q3
              ________      ________      ________      ________
 DIASTO04       0.000
 Q1             0.000         0.000
 Q2             0.000         0.000         0.000
 Q3             0.000         0.000         0.000         0.000


           ALPHA
              IB            SB            ID            SD            AGE04
              ________      ________      ________      ________      ________
 1             23.091         0.035        11.790        -0.069        47.385


           ALPHA
              GENDER        KCAL04        MET04         SMOKE04       EDUC04
              ________      ________      ________      ________      ________
 1              1.519      2188.497       118.186         0.334         1.724


           ALPHA
              SYSTO04       DIASTO04      Q1            Q2            Q3
              ________      ________      ________      ________      ________
 1            122.224        78.671         0.250         0.250         0.250


           BETA
              IB            SB            ID            SD            AGE04
              ________      ________      ________      ________      ________
 IB             0.000         0.000         0.000         0.000         0.000
 SB             0.000         0.000         0.000         0.000         0.000
 ID             0.000         0.000         0.000         0.000         0.000
 SD             0.000         0.000         0.000         0.000         0.000
 AGE04          0.000         0.000         0.000         0.000         0.000
 GENDER         0.000         0.000         0.000         0.000         0.000
 KCAL04         0.000         0.000         0.000         0.000         0.000
 MET04          0.000         0.000         0.000         0.000         0.000
 SMOKE04        0.000         0.000         0.000         0.000         0.000
 EDUC04         0.000         0.000         0.000         0.000         0.000
 SYSTO04        0.000         0.000         0.000         0.000         0.000
 DIASTO04       0.000         0.000         0.000         0.000         0.000
 Q1             0.000         0.000         0.000         0.000         0.000
 Q2             0.000         0.000         0.000         0.000         0.000
 Q3             0.000         0.000         0.000         0.000         0.000


           BETA
              GENDER        KCAL04        MET04         SMOKE04       EDUC04
              ________      ________      ________      ________      ________
 IB             0.000         0.000         0.000         0.000         0.000
 SB             0.000         0.000         0.000         0.000         0.000
 ID             0.000         0.000         0.000         0.000         0.000
 SD             0.000         0.000         0.000         0.000         0.000
 AGE04          0.000         0.000         0.000         0.000         0.000
 GENDER         0.000         0.000         0.000         0.000         0.000
 KCAL04         0.000         0.000         0.000         0.000         0.000
 MET04          0.000         0.000         0.000         0.000         0.000
 SMOKE04        0.000         0.000         0.000         0.000         0.000
 EDUC04         0.000         0.000         0.000         0.000         0.000
 SYSTO04        0.000         0.000         0.000         0.000         0.000
 DIASTO04       0.000         0.000         0.000         0.000         0.000
 Q1             0.000         0.000         0.000         0.000         0.000
 Q2             0.000         0.000         0.000         0.000         0.000
 Q3             0.000         0.000         0.000         0.000         0.000


           BETA
              SYSTO04       DIASTO04      Q1            Q2            Q3
              ________      ________      ________      ________      ________
 IB             0.000         0.000         0.000         0.000         0.000
 SB             0.000         0.000         0.000         0.000         0.000
 ID             0.000         0.000         0.000         0.000         0.000
 SD             0.000         0.000         0.000         0.000         0.000
 AGE04          0.000         0.000         0.000         0.000         0.000
 GENDER         0.000         0.000         0.000         0.000         0.000
 KCAL04         0.000         0.000         0.000         0.000         0.000
 MET04          0.000         0.000         0.000         0.000         0.000
 SMOKE04        0.000         0.000         0.000         0.000         0.000
 EDUC04         0.000         0.000         0.000         0.000         0.000
 SYSTO04        0.000         0.000         0.000         0.000         0.000
 DIASTO04       0.000         0.000         0.000         0.000         0.000
 Q1             0.000         0.000         0.000         0.000         0.000
 Q2             0.000         0.000         0.000         0.000         0.000
 Q3             0.000         0.000         0.000         0.000         0.000


           PSI
              IB            SB            ID            SD            AGE04
              ________      ________      ________      ________      ________
 IB            11.513
 SB             0.000         0.570
 ID             0.000         0.000        25.807
 SD             0.000         0.000         0.000         6.365
 AGE04          0.000         0.000         0.000         0.000       117.749
 GENDER         0.000         0.000         0.000         0.000         0.000
 KCAL04         0.000         0.000         0.000         0.000         0.000
 MET04          0.000         0.000         0.000         0.000         0.000
 SMOKE04        0.000         0.000         0.000         0.000         0.000
 EDUC04         0.000         0.000         0.000         0.000         0.000
 SYSTO04        0.000         0.000         0.000         0.000         0.000
 DIASTO04       0.000         0.000         0.000         0.000         0.000
 Q1             0.000         0.000         0.000         0.000         0.000
 Q2             0.000         0.000         0.000         0.000         0.000
 Q3             0.000         0.000         0.000         0.000         0.000


           PSI
              GENDER        KCAL04        MET04         SMOKE04       EDUC04
              ________      ________      ________      ________      ________
 GENDER         0.125
 KCAL04         0.000    229144.438
 MET04          0.000         0.000      6315.442
 SMOKE04        0.000         0.000         0.000         0.138
 EDUC04         0.000         0.000         0.000         0.000         0.876
 SYSTO04        0.000         0.000         0.000         0.000         0.000
 DIASTO04       0.000         0.000         0.000         0.000         0.000
 Q1             0.000         0.000         0.000         0.000         0.000
 Q2             0.000         0.000         0.000         0.000         0.000
 Q3             0.000         0.000         0.000         0.000         0.000


           PSI
              SYSTO04       DIASTO04      Q1            Q2            Q3
              ________      ________      ________      ________      ________
 SYSTO04      171.913
 DIASTO04       0.000        63.046
 Q1             0.000         0.000         0.094
 Q2             0.000         0.000         0.000         0.094
 Q3             0.000         0.000         0.000         0.000         0.094


     STARTING VALUES FOR THE ADDITIONAL PARAMETERS


           NEW/ADDITIONAL PARAMETERS
              IND1          IND2          IND3          DI1           DI2
              ________      ________      ________      ________      ________
 1              0.500         0.500         0.500         0.500         0.500


           NEW/ADDITIONAL PARAMETERS
              DI3           TO1           TO2           TO3           IND_L_1
              ________      ________      ________      ________      ________
 1              0.500         0.500         0.500         0.500         0.500


           NEW/ADDITIONAL PARAMETERS
              IND_L_2       IND_L_3       IND_S_1       IND_S_2       IND_S_3
              ________      ________      ________      ________      ________
 1              0.500         0.500         0.500         0.500         0.500


TECHNICAL 8 OUTPUT


   E STEP  ITER  LOGLIKELIHOOD    ABS CHANGE   REL CHANGE  ALGORITHM
              1 -0.46778246D+06    0.0000000    0.0000000  EM
              2 -0.42536158D+06 ************    0.0906850  EM
              3 -0.42536158D+06    0.0000006    0.0000000  EM


DIAGRAM INFORMATION

  Use View Diagram under the Diagram menu in the Mplus Editor to view the diagram.
  If running Mplus from the Mplus Diagrammer, the diagram opens automatically.

  Diagram output
    d:\data\dpmedi\mplus\longitudinal\hbs bmi mediation.dgm

     Beginning Time:  16:38:47
        Ending Time:  17:05:42
       Elapsed Time:  00:26:55



MUTHEN & MUTHEN
3463 Stoner Ave.
Los Angeles, CA  90066

Tel: (310) 391-9971
Fax: (310) 391-8971
Web: www.StatModel.com
Support: Support@StatModel.com

Copyright (c) 1998-2015 Muthen & Muthen
