Mplus VERSION 7.4
MUTHEN & MUTHEN
05/16/2019  12:56 PM

INPUT INSTRUCTIONS

  DATA: File is id0411 mplus.csv;

  VARIABLE: Names are IDind WAVE hhid t2 commid age04
                      kcal04 carbo04 fat04 protn04 bmi04
                      hwr04 wc04 diasto04 systo04 smoke04
                      gender educ04 indinc04 index04 met04
                      cmfp04 dash04 ahei04 hbs04 lbs04 dqd04
                      age06 kcal06 carbo06 fat06 protn06 bmi06
                      hwr06 wc06 diasto06 systo06 smoke06
                      educ06 indinc06 index06 met06 cmfp06 dash06
                      ahei06 hbs06 lbs06 dqd06 age09 kcal09 carbo09
                      fat09 protn09 bmi09 hwr09 wc09 diasto09 systo09
                      smoke09 educ09 indinc09 index09 met09 cmfp09
                      dash09 ahei09 hbs09 lbs09 dqd09 age11 kcal11
                      carbo11 fat11 protn11 bmi11 hwr11 wc11 diasto11
                      systo11 smoke11 educ11 indinc11 index11 met11
                      cmfp11 dash11 ahei11 hbs11 lbs11 dqd11 q_index
                       q1 q2 q3 carbo_p protn_p fat_p;

           Usev are  age04 gender kcal04 met04
                     bmi04 bmi06 bmi09 bmi11 smoke04
                     hbs04 hbs06 hbs09 hbs11
                     educ04 systo04 diasto04;


           Missing are all(999);


  ANALYSIS:
  Type=random;
  ALGORITHM=INTEGRATION;
  Estimator=ML;



  MODEL:
  age04 gender kcal04 met04 smoke04
  bmi04 bmi06 bmi09 bmi11 educ04 systo04 diasto04
  hbs04 hbs06 hbs09 hbs11;

  ib sb | bmi04@0 bmi06@2 bmi09@5 bmi11@7;
  id sd | hbs04@0 hbs06@2 hbs09@5 hbs11@7;

  ib with sb;
  id with sd;

  ib-sd on age04 gender met04 kcal04 educ04 systo04 diasto04 smoke04;

  OUTPUT: tech1 tech8 tech4 cinterval;



INPUT READING TERMINATED NORMALLY




SUMMARY OF ANALYSIS

Number of groups                                                 1
Number of observations                                        9547

Number of dependent variables                                    8
Number of independent variables                                  8
Number of continuous latent variables                            4

Observed dependent variables

  Continuous
   BMI04       BMI06       BMI09       BMI11       HBS04       HBS06
   HBS09       HBS11

Observed independent variables
   AGE04       GENDER      KCAL04      MET04       SMOKE04     EDUC04
   SYSTO04     DIASTO04

Continuous latent variables
   IB          SB          ID          SD


Estimator                                                       ML
Information matrix                                        OBSERVED
Optimization Specifications for the Quasi-Newton Algorithm for
Continuous Outcomes
  Maximum number of iterations                                 100
  Convergence criterion                                  0.100D-05
Optimization Specifications for the EM Algorithm
  Maximum number of iterations                                 500
  Convergence criteria
    Loglikelihood change                                 0.100D-02
    Relative loglikelihood change                        0.100D-05
    Derivative                                           0.100D-02
Optimization Specifications for the M step of the EM Algorithm for
Categorical Latent variables
  Number of M step iterations                                    1
  M step convergence criterion                           0.100D-02
  Basis for M step termination                           ITERATION
Optimization Specifications for the M step of the EM Algorithm for
Censored, Binary or Ordered Categorical (Ordinal), Unordered
Categorical (Nominal) and Count Outcomes
  Number of M step iterations                                    1
  M step convergence criterion                           0.100D-02
  Basis for M step termination                           ITERATION
  Maximum value for logit thresholds                            15
  Minimum value for logit thresholds                           -15
  Minimum expected cell size for chi-square              0.100D-01
Maximum number of iterations for H1                           2000
Convergence criterion for H1                             0.100D-03
Optimization algorithm                                         EMA
Integration Specifications
  Type                                                    STANDARD
  Number of integration points                                  15
  Dimensions of numerical integration                            0
  Adaptive quadrature                                           ON
Cholesky                                                       OFF

Input data file(s)
  id0411 mplus.csv
Input data format  FREE


SUMMARY OF DATA

     Number of missing data patterns           195


COVARIANCE COVERAGE OF DATA

Minimum covariance coverage value   0.100


     PROPORTION OF DATA PRESENT FOR Y


           Covariance Coverage
              BMI04         BMI06         BMI09         BMI11         HBS04
              ________      ________      ________      ________      ________
 BMI04          0.928
 BMI06          0.690         0.727
 BMI09          0.589         0.537         0.623
 BMI11          0.533         0.483         0.503         0.564
 HBS04          0.928         0.727         0.623         0.564         1.000
 HBS06          0.721         0.717         0.559         0.504         0.769
 HBS09          0.608         0.553         0.616         0.514         0.648
 HBS11          0.542         0.490         0.507         0.557         0.576
 AGE04          0.928         0.727         0.623         0.564         1.000
 GENDER         0.928         0.727         0.623         0.564         1.000
 KCAL04         0.928         0.727         0.623         0.564         1.000
 MET04          0.848         0.667         0.576         0.523         0.901
 SMOKE04        0.927         0.722         0.619         0.559         0.988
 EDUC04         0.926         0.722         0.618         0.559         0.987
 SYSTO04        0.927         0.698         0.596         0.539         0.939
 DIASTO04       0.927         0.698         0.596         0.539         0.939


           Covariance Coverage
              HBS06         HBS09         HBS11         AGE04         GENDER
              ________      ________      ________      ________      ________
 HBS06          0.769
 HBS09          0.580         0.648
 HBS11          0.513         0.523         0.576
 AGE04          0.769         0.648         0.576         1.000
 GENDER         0.769         0.648         0.576         1.000         1.000
 KCAL04         0.769         0.648         0.576         1.000         1.000
 MET04          0.703         0.597         0.533         0.901         0.901
 SMOKE04        0.764         0.643         0.571         0.988         0.988
 EDUC04         0.763         0.642         0.571         0.987         0.987
 SYSTO04        0.730         0.615         0.549         0.939         0.939
 DIASTO04       0.730         0.615         0.549         0.939         0.939


           Covariance Coverage
              KCAL04        MET04         SMOKE04       EDUC04        SYSTO04
              ________      ________      ________      ________      ________
 KCAL04         1.000
 MET04          0.901         0.901
 SMOKE04        0.988         0.900         0.988
 EDUC04         0.987         0.899         0.986         0.987
 SYSTO04        0.939         0.857         0.937         0.937         0.939
 DIASTO04       0.939         0.857         0.937         0.937         0.939


           Covariance Coverage
              DIASTO04
              ________
 DIASTO04       0.939


     THE STANDARD ERRORS OF THE MODEL PARAMETER ESTIMATES MAY NOT BE
     TRUSTWORTHY FOR SOME PARAMETERS DUE TO A NON-POSITIVE DEFINITE
     FIRST-ORDER DERIVATIVE PRODUCT MATRIX.  THIS MAY BE DUE TO THE STARTING
     VALUES BUT MAY ALSO BE AN INDICATION OF MODEL NONIDENTIFICATION.  THE
     CONDITION NUMBER IS       0.107D-18.  PROBLEM INVOLVING THE FOLLOWING PARAMETER:
     Parameter 98, DIASTO04


THE MODEL ESTIMATION TERMINATED NORMALLY



MODEL FIT INFORMATION

Number of Free Parameters                       98

Loglikelihood

          H0 Value                     -412701.216

Information Criteria

          Akaike (AIC)                  825598.431
          Bayesian (BIC)                826300.502
          Sample-Size Adjusted BIC      825989.073
            (n* = (n + 2) / 24)



MODEL RESULTS

                                                    Two-Tailed
                    Estimate       S.E.  Est./S.E.    P-Value

 IB       |
    BMI04              1.000      0.000    999.000    999.000
    BMI06              1.000      0.000    999.000    999.000
    BMI09              1.000      0.000    999.000    999.000
    BMI11              1.000      0.000    999.000    999.000

 SB       |
    BMI04              0.000      0.000    999.000    999.000
    BMI06              2.000      0.000    999.000    999.000
    BMI09              5.000      0.000    999.000    999.000
    BMI11              7.000      0.000    999.000    999.000

 ID       |
    HBS04              1.000      0.000    999.000    999.000
    HBS06              1.000      0.000    999.000    999.000
    HBS09              1.000      0.000    999.000    999.000
    HBS11              1.000      0.000    999.000    999.000

 SD       |
    HBS04              0.000      0.000    999.000    999.000
    HBS06              2.000      0.000    999.000    999.000
    HBS09              5.000      0.000    999.000    999.000
    HBS11              7.000      0.000    999.000    999.000

 IB         ON
    AGE04              0.001      0.003      0.427      0.669
    GENDER             0.409      0.086      4.765      0.000
    MET04              0.000      0.000     -1.408      0.159
    KCAL04             0.000      0.000      6.435      0.000
    EDUC04             0.142      0.028      4.998      0.000
    SYSTO04            0.026      0.003      9.170      0.000
    DIASTO04           0.059      0.004     13.655      0.000
    SMOKE04           -0.360      0.077     -4.666      0.000

 SB         ON
    AGE04             -0.004      0.000     -9.340      0.000
    GENDER            -0.037      0.012     -3.094      0.002
    MET04              0.000      0.000     -0.328      0.743
    KCAL04             0.000      0.000      0.737      0.461
    EDUC04            -0.018      0.004     -4.485      0.000
    SYSTO04           -0.001      0.000     -3.665      0.000
    DIASTO04           0.000      0.001     -0.326      0.744
    SMOKE04           -0.014      0.010     -1.331      0.183

 ID         ON
    AGE04             -0.027      0.004     -7.487      0.000
    GENDER            -0.750      0.115     -6.547      0.000
    MET04              0.001      0.000      1.422      0.155
    KCAL04             0.003      0.000     36.323      0.000
    EDUC04            -0.310      0.038     -8.112      0.000
    SYSTO04           -0.007      0.004     -1.754      0.079
    DIASTO04           0.022      0.006      3.702      0.000
    SMOKE04            0.153      0.104      1.470      0.142

 SD         ON
    AGE04             -0.005      0.001     -5.353      0.000
    GENDER            -0.179      0.028     -6.395      0.000
    MET04              0.000      0.000      3.910      0.000
    KCAL04             0.000      0.000    -19.419      0.000
    EDUC04            -0.002      0.009     -0.227      0.821
    SYSTO04           -0.002      0.001     -2.387      0.017
    DIASTO04           0.002      0.001      1.635      0.102
    SMOKE04           -0.031      0.025     -1.243      0.214

 IB       WITH
    SB                -0.095      0.020     -4.761      0.000

 ID       WITH
    SD                -0.428      0.075     -5.699      0.000
    IB                 1.130      0.144      7.861      0.000
    SB                -0.019      0.020     -0.945      0.345

 SD       WITH
    IB                -0.026      0.035     -0.752      0.452
    SB                 0.004      0.004      0.938      0.348

 GENDER   WITH
    AGE04              0.199      0.078      2.532      0.011

 KCAL04   WITH
    AGE04          -1363.375    107.236    -12.714      0.000
    GENDER           -91.666      3.587    -25.558      0.000

 MET04    WITH
    AGE04           -419.419     19.940    -21.034      0.000
    GENDER            -8.259      0.611    -13.511      0.000
    KCAL04         16080.309    843.794     19.057      0.000

 SMOKE04  WITH
    AGE04              0.285      0.083      3.431      0.001
    GENDER            -0.150      0.003    -48.390      0.000
    KCAL04            57.611      3.702     15.564      0.000
    MET04              4.936      0.636      7.765      0.000

 EDUC04   WITH
    AGE04             -8.229      0.226    -36.379      0.000
    GENDER            -0.129      0.007    -18.612      0.000
    KCAL04            77.812      9.263      8.400      0.000
    MET04             -2.028      1.611     -1.259      0.208
    SMOKE04            0.041      0.007      5.762      0.000

 SYSTO04  WITH
    AGE04            117.382      3.250     36.115      0.000
    GENDER            -0.816      0.098     -8.343      0.000
    KCAL04          -959.689    133.077     -7.212      0.000
    MET04           -276.419     23.458    -11.784      0.000
    SMOKE04            0.675      0.102      6.587      0.000
    EDUC04            -3.758      0.262    -14.350      0.000

 DIASTO04 WITH
    AGE04             35.824      1.871     19.146      0.000
    GENDER            -0.692      0.060    -11.623      0.000
    KCAL04          -281.613     80.641     -3.492      0.000
    MET04            -85.521     14.032     -6.095      0.000
    SMOKE04            0.448      0.062      7.213      0.000
    EDUC04            -0.830      0.157     -5.283      0.000
    SYSTO04          148.403      2.708     54.801      0.000

 Means
    AGE04             47.385      0.157    301.706      0.000
    GENDER             1.519      0.005    297.033      0.000
    KCAL04          2188.497      6.928    315.871      0.000
    MET04            116.901      1.213     96.385      0.000
    SMOKE04            0.335      0.005     61.967      0.000
    EDUC04             1.730      0.014    126.904      0.000
    SYSTO04          122.089      0.195    626.025      0.000
    DIASTO04          78.638      0.118    664.492      0.000

 Intercepts
    BMI04              0.000      0.000    999.000    999.000
    BMI06              0.000      0.000    999.000    999.000
    BMI09              0.000      0.000    999.000    999.000
    BMI11              0.000      0.000    999.000    999.000
    HBS04              0.000      0.000    999.000    999.000
    HBS06              0.000      0.000    999.000    999.000
    HBS09              0.000      0.000    999.000    999.000
    HBS11              0.000      0.000    999.000    999.000
    IB                13.778      0.373     36.977      0.000
    SB                 0.520      0.054      9.704      0.000
    ID                 8.383      0.501     16.719      0.000
    SD                 1.329      0.124     10.694      0.000

 Variances
    AGE04            235.499      3.409     69.091      0.000
    GENDER             0.250      0.004     69.091      0.000
    KCAL04         *********   6633.166     69.091      0.000
    MET04          12732.415    195.502     65.127      0.000
    SMOKE04            0.276      0.004     68.710      0.000
    EDUC04             1.756      0.026     68.533      0.000
    SYSTO04          345.020      5.163     66.831      0.000
    DIASTO04         126.178      1.886     66.911      0.000

 Residual Variances
    BMI04              0.975      0.072     13.555      0.000
    BMI06              3.130      0.070     44.812      0.000
    BMI09              1.536      0.071     21.554      0.000
    BMI11             13.574      0.292     46.472      0.000
    HBS04             17.875      0.458     39.031      0.000
    HBS06             20.168      0.389     51.807      0.000
    HBS09             21.092      0.454     46.468      0.000
    HBS11             19.172      0.597     32.115      0.000
    IB                 9.191      0.162     56.765      0.000
    SB                 0.046      0.004     10.690      0.000
    ID                 4.774      0.385     12.404      0.000
    SD                 0.147      0.020      7.445      0.000


QUALITY OF NUMERICAL RESULTS

     Condition Number for the Information Matrix              0.107E-18
       (ratio of smallest to largest eigenvalue)


CONFIDENCE INTERVALS OF MODEL RESULTS

                  Lower .5%  Lower 2.5%    Lower 5%    Estimate    Upper 5%  Upper 2.5%   Upper .5%

 IB       |
    BMI04            1.000       1.000       1.000       1.000       1.000       1.000       1.000
    BMI06            1.000       1.000       1.000       1.000       1.000       1.000       1.000
    BMI09            1.000       1.000       1.000       1.000       1.000       1.000       1.000
    BMI11            1.000       1.000       1.000       1.000       1.000       1.000       1.000

 SB       |
    BMI04            0.000       0.000       0.000       0.000       0.000       0.000       0.000
    BMI06            2.000       2.000       2.000       2.000       2.000       2.000       2.000
    BMI09            5.000       5.000       5.000       5.000       5.000       5.000       5.000
    BMI11            7.000       7.000       7.000       7.000       7.000       7.000       7.000

 ID       |
    HBS04            1.000       1.000       1.000       1.000       1.000       1.000       1.000
    HBS06            1.000       1.000       1.000       1.000       1.000       1.000       1.000
    HBS09            1.000       1.000       1.000       1.000       1.000       1.000       1.000
    HBS11            1.000       1.000       1.000       1.000       1.000       1.000       1.000

 SD       |
    HBS04            0.000       0.000       0.000       0.000       0.000       0.000       0.000
    HBS06            2.000       2.000       2.000       2.000       2.000       2.000       2.000
    HBS09            5.000       5.000       5.000       5.000       5.000       5.000       5.000
    HBS11            7.000       7.000       7.000       7.000       7.000       7.000       7.000

 IB       ON
    AGE04           -0.006      -0.004      -0.003       0.001       0.006       0.006       0.008
    GENDER           0.188       0.241       0.268       0.409       0.550       0.577       0.630
    MET04           -0.001      -0.001      -0.001       0.000       0.000       0.000       0.000
    KCAL04           0.000       0.000       0.000       0.000       0.000       0.000       0.000
    EDUC04           0.069       0.086       0.095       0.142       0.189       0.198       0.215
    SYSTO04          0.018       0.020       0.021       0.026       0.030       0.031       0.033
    DIASTO04         0.048       0.050       0.052       0.059       0.066       0.067       0.070
    SMOKE04         -0.558      -0.511      -0.487      -0.360      -0.233      -0.209      -0.161

 SB       ON
    AGE04           -0.005      -0.005      -0.004      -0.004      -0.003      -0.003      -0.003
    GENDER          -0.068      -0.061      -0.057      -0.037      -0.017      -0.014      -0.006
    MET04            0.000       0.000       0.000       0.000       0.000       0.000       0.000
    KCAL04           0.000       0.000       0.000       0.000       0.000       0.000       0.000
    EDUC04          -0.029      -0.026      -0.025      -0.018      -0.012      -0.010      -0.008
    SYSTO04         -0.002      -0.002      -0.002      -0.001      -0.001      -0.001       0.000
    DIASTO04        -0.002      -0.001      -0.001       0.000       0.001       0.001       0.001
    SMOKE04         -0.041      -0.034      -0.031      -0.014       0.003       0.007       0.013

 ID       ON
    AGE04           -0.036      -0.034      -0.033      -0.027      -0.021      -0.020      -0.018
    GENDER          -1.045      -0.974      -0.938      -0.750      -0.561      -0.525      -0.455
    MET04           -0.001       0.000       0.000       0.001       0.001       0.001       0.002
    KCAL04           0.002       0.002       0.002       0.003       0.003       0.003       0.003
    EDUC04          -0.408      -0.385      -0.373      -0.310      -0.247      -0.235      -0.212
    SYSTO04         -0.016      -0.014      -0.013      -0.007       0.000       0.001       0.003
    DIASTO04         0.007       0.010       0.012       0.022       0.031       0.033       0.037
    SMOKE04         -0.115      -0.051      -0.018       0.153       0.325       0.358       0.422

 SD       ON
    AGE04           -0.007      -0.007      -0.006      -0.005      -0.003      -0.003      -0.003
    GENDER          -0.252      -0.234      -0.225      -0.179      -0.133      -0.124      -0.107
    MET04            0.000       0.000       0.000       0.000       0.001       0.001       0.001
    KCAL04           0.000       0.000       0.000       0.000       0.000       0.000       0.000
    EDUC04          -0.027      -0.021      -0.018      -0.002       0.013       0.016       0.022
    SYSTO04         -0.005      -0.004      -0.004      -0.002      -0.001       0.000       0.000
    DIASTO04        -0.001       0.000       0.000       0.002       0.005       0.005       0.006
    SMOKE04         -0.096      -0.081      -0.073      -0.031       0.010       0.018       0.034

 IB       WITH
    SB              -0.146      -0.134      -0.128      -0.095      -0.062      -0.056      -0.044

 ID       WITH
    SD              -0.621      -0.575      -0.552      -0.428      -0.304      -0.281      -0.235
    IB               0.760       0.848       0.894       1.130       1.367       1.412       1.500
    SB              -0.070      -0.058      -0.051      -0.019       0.014       0.020       0.032

 SD       WITH
    IB              -0.117      -0.095      -0.084      -0.026       0.031       0.042       0.064
    SB              -0.007      -0.005      -0.003       0.004       0.011       0.013       0.016

 GENDER   WITH
    AGE04           -0.003       0.045       0.070       0.199       0.328       0.353       0.401

 KCAL04   WITH
    AGE04        -1639.592   -1573.556   -1539.777   -1363.375   -1186.972   -1153.193   -1087.157
    GENDER        -100.904     -98.695     -97.566     -91.666     -85.766     -84.636     -82.427

 MET04    WITH
    AGE04         -470.782    -458.502    -452.221    -419.419    -386.617    -380.336    -368.056
    GENDER          -9.834      -9.457      -9.265      -8.259      -7.253      -7.061      -6.684
    KCAL04       13906.863   14426.472   14692.267   16080.309   17468.350   17734.146   18253.754

 SMOKE04  WITH
    AGE04            0.071       0.122       0.149       0.285       0.422       0.448       0.499
    GENDER          -0.158      -0.156      -0.155      -0.150      -0.145      -0.144      -0.142
    KCAL04          48.076      50.356      51.522      57.611      63.700      64.866      67.145
    MET04            3.299       3.690       3.890       4.936       5.982       6.182       6.573

 EDUC04   WITH
    AGE04           -8.811      -8.672      -8.601      -8.229      -7.857      -7.785      -7.646
    GENDER          -0.147      -0.143      -0.141      -0.129      -0.118      -0.116      -0.111
    KCAL04          53.953      59.657      62.575      77.812      93.050      95.967     101.672
    MET04           -6.178      -5.186      -4.678      -2.028       0.622       1.130       2.122
    SMOKE04          0.023       0.027       0.030       0.041       0.053       0.056       0.060

 SYSTO04  WITH
    AGE04          109.010     111.011     112.035     117.382     122.728     123.752     125.754
    GENDER          -1.068      -1.007      -0.977      -0.816      -0.655      -0.624      -0.564
    KCAL04       -1302.468   -1220.520   -1178.600    -959.689    -740.778    -698.859    -616.911
    MET04         -336.842    -322.397    -315.008    -276.419    -237.831    -230.442    -215.996
    SMOKE04          0.411       0.474       0.506       0.675       0.843       0.876       0.939
    EDUC04          -4.432      -4.271      -4.189      -3.758      -3.327      -3.245      -3.083

 DIASTO04 WITH
    AGE04           31.005      32.157      32.746      35.824      38.902      39.492      40.644
    GENDER          -0.845      -0.809      -0.790      -0.692      -0.594      -0.575      -0.539
    KCAL04        -489.329    -439.670    -414.268    -281.613    -148.958    -123.556     -73.897
    MET04         -121.664    -113.023    -108.603     -85.521     -62.438     -58.018     -49.377
    SMOKE04          0.288       0.326       0.346       0.448       0.550       0.570       0.608
    EDUC04          -1.235      -1.138      -1.089      -0.830      -0.572      -0.522      -0.425
    SYSTO04        141.427     143.095     143.948     148.403     152.857     153.710     155.378

 Means
    AGE04           46.981      47.078      47.127      47.385      47.644      47.693      47.790
    GENDER           1.506       1.509       1.510       1.519       1.527       1.529       1.532
    KCAL04        2170.651    2174.917    2177.100    2188.497    2199.894    2202.077    2206.343
    MET04          113.777     114.524     114.906     116.901     118.896     119.278     120.025
    SMOKE04          0.321       0.324       0.326       0.335       0.344       0.345       0.349
    EDUC04           1.695       1.703       1.708       1.730       1.752       1.757       1.765
    SYSTO04        121.587     121.707     121.768     122.089     122.410     122.471     122.591
    DIASTO04        78.333      78.406      78.443      78.638      78.833      78.870      78.943

 Intercepts
    BMI04            0.000       0.000       0.000       0.000       0.000       0.000       0.000
    BMI06            0.000       0.000       0.000       0.000       0.000       0.000       0.000
    BMI09            0.000       0.000       0.000       0.000       0.000       0.000       0.000
    BMI11            0.000       0.000       0.000       0.000       0.000       0.000       0.000
    HBS04            0.000       0.000       0.000       0.000       0.000       0.000       0.000
    HBS06            0.000       0.000       0.000       0.000       0.000       0.000       0.000
    HBS09            0.000       0.000       0.000       0.000       0.000       0.000       0.000
    HBS11            0.000       0.000       0.000       0.000       0.000       0.000       0.000
    IB              12.818      13.048      13.165      13.778      14.391      14.509      14.738
    SB               0.382       0.415       0.432       0.520       0.609       0.626       0.659
    ID               7.092       7.401       7.559       8.383       9.208       9.366       9.675
    SD               1.009       1.085       1.124       1.329       1.533       1.572       1.649

 Variances
    AGE04          226.719     228.818     229.892     235.499     241.106     242.180     244.279
    GENDER           0.240       0.243       0.244       0.250       0.256       0.257       0.259
    KCAL04       *********  445287.875  447377.312  458288.875  469200.438  471289.875  475374.594
    MET04        12228.841   12349.230   12410.814   12732.415   13054.016   13115.600   13235.989
    SMOKE04          0.266       0.268       0.269       0.276       0.283       0.284       0.286
    EDUC04           1.690       1.705       1.713       1.756       1.798       1.806       1.822
    SYSTO04        331.722     334.902     336.528     345.020     353.512     355.139     358.318
    DIASTO04       121.320     122.482     123.076     126.178     129.280     129.874     131.035

 Residual Variances
    BMI04            0.790       0.834       0.857       0.975       1.093       1.116       1.160
    BMI06            2.950       2.993       3.015       3.130       3.245       3.267       3.310
    BMI09            1.353       1.397       1.419       1.536       1.654       1.676       1.720
    BMI11           12.821      13.001      13.093      13.574      14.054      14.146      14.326
    HBS04           16.695      16.977      17.122      17.875      18.628      18.773      19.055
    HBS06           19.165      19.405      19.527      20.168      20.808      20.931      21.170
    HBS09           19.923      20.203      20.346      21.092      21.839      21.982      22.261
    HBS11           17.634      18.002      18.190      19.172      20.154      20.342      20.709
    IB               8.774       8.873       8.924       9.191       9.457       9.508       9.608
    SB               0.035       0.037       0.039       0.046       0.053       0.054       0.057
    ID               3.782       4.019       4.141       4.774       5.407       5.528       5.765
    SD               0.096       0.108       0.114       0.147       0.179       0.185       0.197


TECHNICAL 1 OUTPUT


     PARAMETER SPECIFICATION


           NU
              BMI04         BMI06         BMI09         BMI11         HBS04
              ________      ________      ________      ________      ________
 1                  0             0             0             0             0


           NU
              HBS06         HBS09         HBS11         AGE04         GENDER
              ________      ________      ________      ________      ________
 1                  0             0             0             0             0


           NU
              KCAL04        MET04         SMOKE04       EDUC04        SYSTO04
              ________      ________      ________      ________      ________
 1                  0             0             0             0             0


           NU
              DIASTO04
              ________
 1                  0


           LAMBDA
              IB            SB            ID            SD            AGE04
              ________      ________      ________      ________      ________
 BMI04              0             0             0             0             0
 BMI06              0             0             0             0             0
 BMI09              0             0             0             0             0
 BMI11              0             0             0             0             0
 HBS04              0             0             0             0             0
 HBS06              0             0             0             0             0
 HBS09              0             0             0             0             0
 HBS11              0             0             0             0             0
 AGE04              0             0             0             0             0
 GENDER             0             0             0             0             0
 KCAL04             0             0             0             0             0
 MET04              0             0             0             0             0
 SMOKE04            0             0             0             0             0
 EDUC04             0             0             0             0             0
 SYSTO04            0             0             0             0             0
 DIASTO04           0             0             0             0             0


           LAMBDA
              GENDER        KCAL04        MET04         SMOKE04       EDUC04
              ________      ________      ________      ________      ________
 BMI04              0             0             0             0             0
 BMI06              0             0             0             0             0
 BMI09              0             0             0             0             0
 BMI11              0             0             0             0             0
 HBS04              0             0             0             0             0
 HBS06              0             0             0             0             0
 HBS09              0             0             0             0             0
 HBS11              0             0             0             0             0
 AGE04              0             0             0             0             0
 GENDER             0             0             0             0             0
 KCAL04             0             0             0             0             0
 MET04              0             0             0             0             0
 SMOKE04            0             0             0             0             0
 EDUC04             0             0             0             0             0
 SYSTO04            0             0             0             0             0
 DIASTO04           0             0             0             0             0


           LAMBDA
              SYSTO04       DIASTO04
              ________      ________
 BMI04              0             0
 BMI06              0             0
 BMI09              0             0
 BMI11              0             0
 HBS04              0             0
 HBS06              0             0
 HBS09              0             0
 HBS11              0             0
 AGE04              0             0
 GENDER             0             0
 KCAL04             0             0
 MET04              0             0
 SMOKE04            0             0
 EDUC04             0             0
 SYSTO04            0             0
 DIASTO04           0             0


           THETA
              BMI04         BMI06         BMI09         BMI11         HBS04
              ________      ________      ________      ________      ________
 BMI04              1
 BMI06              0             2
 BMI09              0             0             3
 BMI11              0             0             0             4
 HBS04              0             0             0             0             5
 HBS06              0             0             0             0             0
 HBS09              0             0             0             0             0
 HBS11              0             0             0             0             0
 AGE04              0             0             0             0             0
 GENDER             0             0             0             0             0
 KCAL04             0             0             0             0             0
 MET04              0             0             0             0             0
 SMOKE04            0             0             0             0             0
 EDUC04             0             0             0             0             0
 SYSTO04            0             0             0             0             0
 DIASTO04           0             0             0             0             0


           THETA
              HBS06         HBS09         HBS11         AGE04         GENDER
              ________      ________      ________      ________      ________
 HBS06              6
 HBS09              0             7
 HBS11              0             0             8
 AGE04              0             0             0             0
 GENDER             0             0             0             0             0
 KCAL04             0             0             0             0             0
 MET04              0             0             0             0             0
 SMOKE04            0             0             0             0             0
 EDUC04             0             0             0             0             0
 SYSTO04            0             0             0             0             0
 DIASTO04           0             0             0             0             0


           THETA
              KCAL04        MET04         SMOKE04       EDUC04        SYSTO04
              ________      ________      ________      ________      ________
 KCAL04             0
 MET04              0             0
 SMOKE04            0             0             0
 EDUC04             0             0             0             0
 SYSTO04            0             0             0             0             0
 DIASTO04           0             0             0             0             0


           THETA
              DIASTO04
              ________
 DIASTO04           0


           ALPHA
              IB            SB            ID            SD            AGE04
              ________      ________      ________      ________      ________
 1                  9            10            11            12            13


           ALPHA
              GENDER        KCAL04        MET04         SMOKE04       EDUC04
              ________      ________      ________      ________      ________
 1                 14            15            16            17            18


           ALPHA
              SYSTO04       DIASTO04
              ________      ________
 1                 19            20


           BETA
              IB            SB            ID            SD            AGE04
              ________      ________      ________      ________      ________
 IB                 0             0             0             0            21
 SB                 0             0             0             0            29
 ID                 0             0             0             0            37
 SD                 0             0             0             0            45
 AGE04              0             0             0             0             0
 GENDER             0             0             0             0             0
 KCAL04             0             0             0             0             0
 MET04              0             0             0             0             0
 SMOKE04            0             0             0             0             0
 EDUC04             0             0             0             0             0
 SYSTO04            0             0             0             0             0
 DIASTO04           0             0             0             0             0


           BETA
              GENDER        KCAL04        MET04         SMOKE04       EDUC04
              ________      ________      ________      ________      ________
 IB                22            23            24            25            26
 SB                30            31            32            33            34
 ID                38            39            40            41            42
 SD                46            47            48            49            50
 AGE04              0             0             0             0             0
 GENDER             0             0             0             0             0
 KCAL04             0             0             0             0             0
 MET04              0             0             0             0             0
 SMOKE04            0             0             0             0             0
 EDUC04             0             0             0             0             0
 SYSTO04            0             0             0             0             0
 DIASTO04           0             0             0             0             0


           BETA
              SYSTO04       DIASTO04
              ________      ________
 IB                27            28
 SB                35            36
 ID                43            44
 SD                51            52
 AGE04              0             0
 GENDER             0             0
 KCAL04             0             0
 MET04              0             0
 SMOKE04            0             0
 EDUC04             0             0
 SYSTO04            0             0
 DIASTO04           0             0


           PSI
              IB            SB            ID            SD            AGE04
              ________      ________      ________      ________      ________
 IB                53
 SB                54            55
 ID                56            57            58
 SD                59            60            61            62
 AGE04              0             0             0             0            63
 GENDER             0             0             0             0            64
 KCAL04             0             0             0             0            66
 MET04              0             0             0             0            69
 SMOKE04            0             0             0             0            73
 EDUC04             0             0             0             0            78
 SYSTO04            0             0             0             0            84
 DIASTO04           0             0             0             0            91


           PSI
              GENDER        KCAL04        MET04         SMOKE04       EDUC04
              ________      ________      ________      ________      ________
 GENDER            65
 KCAL04            67            68
 MET04             70            71            72
 SMOKE04           74            75            76            77
 EDUC04            79            80            81            82            83
 SYSTO04           85            86            87            88            89
 DIASTO04          92            93            94            95            96


           PSI
              SYSTO04       DIASTO04
              ________      ________
 SYSTO04           90
 DIASTO04          97            98


     STARTING VALUES


           NU
              BMI04         BMI06         BMI09         BMI11         HBS04
              ________      ________      ________      ________      ________
 1              0.000         0.000         0.000         0.000         0.000


           NU
              HBS06         HBS09         HBS11         AGE04         GENDER
              ________      ________      ________      ________      ________
 1              0.000         0.000         0.000         0.000         0.000


           NU
              KCAL04        MET04         SMOKE04       EDUC04        SYSTO04
              ________      ________      ________      ________      ________
 1              0.000         0.000         0.000         0.000         0.000


           NU
              DIASTO04
              ________
 1              0.000


           LAMBDA
              IB            SB            ID            SD            AGE04
              ________      ________      ________      ________      ________
 BMI04          1.000         0.000         0.000         0.000         0.000
 BMI06          1.000         2.000         0.000         0.000         0.000
 BMI09          1.000         5.000         0.000         0.000         0.000
 BMI11          1.000         7.000         0.000         0.000         0.000
 HBS04          0.000         0.000         1.000         0.000         0.000
 HBS06          0.000         0.000         1.000         2.000         0.000
 HBS09          0.000         0.000         1.000         5.000         0.000
 HBS11          0.000         0.000         1.000         7.000         0.000
 AGE04          0.000         0.000         0.000         0.000         1.000
 GENDER         0.000         0.000         0.000         0.000         0.000
 KCAL04         0.000         0.000         0.000         0.000         0.000
 MET04          0.000         0.000         0.000         0.000         0.000
 SMOKE04        0.000         0.000         0.000         0.000         0.000
 EDUC04         0.000         0.000         0.000         0.000         0.000
 SYSTO04        0.000         0.000         0.000         0.000         0.000
 DIASTO04       0.000         0.000         0.000         0.000         0.000


           LAMBDA
              GENDER        KCAL04        MET04         SMOKE04       EDUC04
              ________      ________      ________      ________      ________
 BMI04          0.000         0.000         0.000         0.000         0.000
 BMI06          0.000         0.000         0.000         0.000         0.000
 BMI09          0.000         0.000         0.000         0.000         0.000
 BMI11          0.000         0.000         0.000         0.000         0.000
 HBS04          0.000         0.000         0.000         0.000         0.000
 HBS06          0.000         0.000         0.000         0.000         0.000
 HBS09          0.000         0.000         0.000         0.000         0.000
 HBS11          0.000         0.000         0.000         0.000         0.000
 AGE04          0.000         0.000         0.000         0.000         0.000
 GENDER         1.000         0.000         0.000         0.000         0.000
 KCAL04         0.000         1.000         0.000         0.000         0.000
 MET04          0.000         0.000         1.000         0.000         0.000
 SMOKE04        0.000         0.000         0.000         1.000         0.000
 EDUC04         0.000         0.000         0.000         0.000         1.000
 SYSTO04        0.000         0.000         0.000         0.000         0.000
 DIASTO04       0.000         0.000         0.000         0.000         0.000


           LAMBDA
              SYSTO04       DIASTO04
              ________      ________
 BMI04          0.000         0.000
 BMI06          0.000         0.000
 BMI09          0.000         0.000
 BMI11          0.000         0.000
 HBS04          0.000         0.000
 HBS06          0.000         0.000
 HBS09          0.000         0.000
 HBS11          0.000         0.000
 AGE04          0.000         0.000
 GENDER         0.000         0.000
 KCAL04         0.000         0.000
 MET04          0.000         0.000
 SMOKE04        0.000         0.000
 EDUC04         0.000         0.000
 SYSTO04        1.000         0.000
 DIASTO04       0.000         1.000


           THETA
              BMI04         BMI06         BMI09         BMI11         HBS04
              ________      ________      ________      ________      ________
 BMI04          5.617
 BMI06          0.000         6.364
 BMI09          0.000         0.000         5.891
 BMI11          0.000         0.000         0.000        11.820
 HBS04          0.000         0.000         0.000         0.000        13.552
 HBS06          0.000         0.000         0.000         0.000         0.000
 HBS09          0.000         0.000         0.000         0.000         0.000
 HBS11          0.000         0.000         0.000         0.000         0.000
 AGE04          0.000         0.000         0.000         0.000         0.000
 GENDER         0.000         0.000         0.000         0.000         0.000
 KCAL04         0.000         0.000         0.000         0.000         0.000
 MET04          0.000         0.000         0.000         0.000         0.000
 SMOKE04        0.000         0.000         0.000         0.000         0.000
 EDUC04         0.000         0.000         0.000         0.000         0.000
 SYSTO04        0.000         0.000         0.000         0.000         0.000
 DIASTO04       0.000         0.000         0.000         0.000         0.000


           THETA
              HBS06         HBS09         HBS11         AGE04         GENDER
              ________      ________      ________      ________      ________
 HBS06         12.911
 HBS09          0.000        13.524
 HBS11          0.000         0.000        13.664
 AGE04          0.000         0.000         0.000         0.000
 GENDER         0.000         0.000         0.000         0.000         0.000
 KCAL04         0.000         0.000         0.000         0.000         0.000
 MET04          0.000         0.000         0.000         0.000         0.000
 SMOKE04        0.000         0.000         0.000         0.000         0.000
 EDUC04         0.000         0.000         0.000         0.000         0.000
 SYSTO04        0.000         0.000         0.000         0.000         0.000
 DIASTO04       0.000         0.000         0.000         0.000         0.000


           THETA
              KCAL04        MET04         SMOKE04       EDUC04        SYSTO04
              ________      ________      ________      ________      ________
 KCAL04         0.000
 MET04          0.000         0.000
 SMOKE04        0.000         0.000         0.000
 EDUC04         0.000         0.000         0.000         0.000
 SYSTO04        0.000         0.000         0.000         0.000         0.000
 DIASTO04       0.000         0.000         0.000         0.000         0.000


           THETA
              DIASTO04
              ________
 DIASTO04       0.000


           ALPHA
              IB            SB            ID            SD            AGE04
              ________      ________      ________      ________      ________
 1             23.091         0.035        11.790        -0.069        47.385


           ALPHA
              GENDER        KCAL04        MET04         SMOKE04       EDUC04
              ________      ________      ________      ________      ________
 1              1.519      2188.497       118.186         0.334         1.724


           ALPHA
              SYSTO04       DIASTO04
              ________      ________
 1            122.224        78.671


           BETA
              IB            SB            ID            SD            AGE04
              ________      ________      ________      ________      ________
 IB             0.000         0.000         0.000         0.000         0.000
 SB             0.000         0.000         0.000         0.000         0.000
 ID             0.000         0.000         0.000         0.000         0.000
 SD             0.000         0.000         0.000         0.000         0.000
 AGE04          0.000         0.000         0.000         0.000         0.000
 GENDER         0.000         0.000         0.000         0.000         0.000
 KCAL04         0.000         0.000         0.000         0.000         0.000
 MET04          0.000         0.000         0.000         0.000         0.000
 SMOKE04        0.000         0.000         0.000         0.000         0.000
 EDUC04         0.000         0.000         0.000         0.000         0.000
 SYSTO04        0.000         0.000         0.000         0.000         0.000
 DIASTO04       0.000         0.000         0.000         0.000         0.000


           BETA
              GENDER        KCAL04        MET04         SMOKE04       EDUC04
              ________      ________      ________      ________      ________
 IB             0.000         0.000         0.000         0.000         0.000
 SB             0.000         0.000         0.000         0.000         0.000
 ID             0.000         0.000         0.000         0.000         0.000
 SD             0.000         0.000         0.000         0.000         0.000
 AGE04          0.000         0.000         0.000         0.000         0.000
 GENDER         0.000         0.000         0.000         0.000         0.000
 KCAL04         0.000         0.000         0.000         0.000         0.000
 MET04          0.000         0.000         0.000         0.000         0.000
 SMOKE04        0.000         0.000         0.000         0.000         0.000
 EDUC04         0.000         0.000         0.000         0.000         0.000
 SYSTO04        0.000         0.000         0.000         0.000         0.000
 DIASTO04       0.000         0.000         0.000         0.000         0.000


           BETA
              SYSTO04       DIASTO04
              ________      ________
 IB             0.000         0.000
 SB             0.000         0.000
 ID             0.000         0.000
 SD             0.000         0.000
 AGE04          0.000         0.000
 GENDER         0.000         0.000
 KCAL04         0.000         0.000
 MET04          0.000         0.000
 SMOKE04        0.000         0.000
 EDUC04         0.000         0.000
 SYSTO04        0.000         0.000
 DIASTO04       0.000         0.000


           PSI
              IB            SB            ID            SD            AGE04
              ________      ________      ________      ________      ________
 IB            11.513
 SB             0.000         0.570
 ID             0.000         0.000        25.807
 SD             0.000         0.000         0.000         6.365
 AGE04          0.000         0.000         0.000         0.000       117.749
 GENDER         0.000         0.000         0.000         0.000         0.000
 KCAL04         0.000         0.000         0.000         0.000         0.000
 MET04          0.000         0.000         0.000         0.000         0.000
 SMOKE04        0.000         0.000         0.000         0.000         0.000
 EDUC04         0.000         0.000         0.000         0.000         0.000
 SYSTO04        0.000         0.000         0.000         0.000         0.000
 DIASTO04       0.000         0.000         0.000         0.000         0.000


           PSI
              GENDER        KCAL04        MET04         SMOKE04       EDUC04
              ________      ________      ________      ________      ________
 GENDER         0.125
 KCAL04         0.000    229144.438
 MET04          0.000         0.000      6315.442
 SMOKE04        0.000         0.000         0.000         0.138
 EDUC04         0.000         0.000         0.000         0.000         0.876
 SYSTO04        0.000         0.000         0.000         0.000         0.000
 DIASTO04       0.000         0.000         0.000         0.000         0.000


           PSI
              SYSTO04       DIASTO04
              ________      ________
 SYSTO04      171.913
 DIASTO04       0.000        63.046


TECHNICAL 4 OUTPUT


     ESTIMATES DERIVED FROM THE MODEL


           ESTIMATED MEANS FOR THE LATENT VARIABLES
              IB            SB            ID            SD            AGE04
              ________      ________      ________      ________      ________
 1             23.015         0.063        11.976         0.034        47.385


           ESTIMATED MEANS FOR THE LATENT VARIABLES
              GENDER        KCAL04        MET04         SMOKE04       EDUC04
              ________      ________      ________      ________      ________
 1              1.519      2188.497       116.901         0.335         1.730


           ESTIMATED MEANS FOR THE LATENT VARIABLES
              SYSTO04       DIASTO04
              ________      ________
 1            122.089        78.638


           S.E. FOR ESTIMATED MEANS FOR THE LATENT VARIABLES
              IB            SB            ID            SD            AGE04
              ________      ________      ________      ________      ________
 1              0.035         0.005         0.048         0.011         0.157


           S.E. FOR ESTIMATED MEANS FOR THE LATENT VARIABLES
              GENDER        KCAL04        MET04         SMOKE04       EDUC04
              ________      ________      ________      ________      ________
 1              0.005         6.928         1.213         0.005         0.014


           S.E. FOR ESTIMATED MEANS FOR THE LATENT VARIABLES
              SYSTO04       DIASTO04
              ________      ________
 1              0.195         0.118


           EST./S.E. FOR ESTIMATED MEANS FOR THE LATENT VARIABLES
              IB            SB            ID            SD            AGE04
              ________      ________      ________      ________      ________
 1            658.814        13.316       247.949         3.116       301.706


           EST./S.E. FOR ESTIMATED MEANS FOR THE LATENT VARIABLES
              GENDER        KCAL04        MET04         SMOKE04       EDUC04
              ________      ________      ________      ________      ________
 1            297.033       315.871        96.385        61.967       126.904


           EST./S.E. FOR ESTIMATED MEANS FOR THE LATENT VARIABLES
              SYSTO04       DIASTO04
              ________      ________
 1            626.025       664.492


           TWO-TAILED P-VALUE FOR ESTIMATED MEANS FOR THE LATENT VARIABLES
              IB            SB            ID            SD            AGE04
              ________      ________      ________      ________      ________
 1              0.000         0.000         0.000         0.002         0.000


           TWO-TAILED P-VALUE FOR ESTIMATED MEANS FOR THE LATENT VARIABLES
              GENDER        KCAL04        MET04         SMOKE04       EDUC04
              ________      ________      ________      ________      ________
 1              0.000         0.000         0.000         0.000         0.000


           TWO-TAILED P-VALUE FOR ESTIMATED MEANS FOR THE LATENT VARIABLES
              SYSTO04       DIASTO04
              ________      ________
 1              0.000         0.000


           ESTIMATED COVARIANCE MATRIX FOR THE LATENT VARIABLES
              IB            SB            ID            SD            AGE04
              ________      ________      ________      ________      ________
 IB            10.331
 SB            -0.137         0.051
 ID             1.210         0.033         8.615
 SD            -0.090         0.008        -0.709         0.199
 AGE04          3.932        -0.939        -7.648        -1.088       235.499
 GENDER         0.049        -0.005        -0.422        -0.013         0.199
 KCAL04        57.169        10.138      1260.068      -124.056     -1363.375
 MET04        -18.582         2.197        67.575         3.633      -419.419
 SMOKE04       -0.094        -0.001         0.289        -0.001         0.285
 EDUC04         0.054         0.010        -0.016         0.038        -8.229
 SYSTO04       16.396        -0.892        -2.982        -0.664       117.382
 DIASTO04      10.648        -0.344         0.854        -0.042        35.824


           ESTIMATED COVARIANCE MATRIX FOR THE LATENT VARIABLES
              GENDER        KCAL04        MET04         SMOKE04       EDUC04
              ________      ________      ________      ________      ________
 GENDER         0.250
 KCAL04       -91.666    458288.862
 MET04         -8.259     16080.308     12732.415
 SMOKE04       -0.150        57.611         4.936         0.276
 EDUC04        -0.129        77.812        -2.028         0.041         1.756
 SYSTO04       -0.816      -959.689      -276.419         0.675        -3.758
 DIASTO04      -0.692      -281.613       -85.521         0.448        -0.830


           ESTIMATED COVARIANCE MATRIX FOR THE LATENT VARIABLES
              SYSTO04       DIASTO04
              ________      ________
 SYSTO04      345.020
 DIASTO04     148.403       126.178


           S.E. FOR ESTIMATED COVARIANCE MATRIX FOR THE LATENT VARIABLES
              IB            SB            ID            SD            AGE04
              ________      ________      ________      ________      ________
 IB             0.177
 SB             0.021         0.004
 ID             0.167         0.022         0.434
 SD             0.038         0.005         0.082         0.020
 AGE04          0.544         0.082         0.755         0.184         3.409
 GENDER         0.017         0.002         0.025         0.005         0.078
 KCAL04        23.792         3.275        35.373         7.722       107.236
 MET04          4.142         0.545         5.822         1.274        19.940
 SMOKE04        0.018         0.002         0.026         0.006         0.083
 EDUC04         0.046         0.006         0.065         0.015         0.226
 SYSTO04        0.679         0.091         0.928         0.214         3.250
 DIASTO04       0.413         0.054         0.563         0.128         1.871


           S.E. FOR ESTIMATED COVARIANCE MATRIX FOR THE LATENT VARIABLES
              GENDER        KCAL04        MET04         SMOKE04       EDUC04
              ________      ________      ________      ________      ________
 GENDER         0.004
 KCAL04         3.587      6633.166
 MET04          0.611       843.794       195.502
 SMOKE04        0.003         3.702         0.636         0.004
 EDUC04         0.007         9.263         1.611         0.007         0.026
 SYSTO04        0.098       133.077        23.458         0.102         0.262
 DIASTO04       0.060        80.641        14.032         0.062         0.157


           S.E. FOR ESTIMATED COVARIANCE MATRIX FOR THE LATENT VARIABLES
              SYSTO04       DIASTO04
              ________      ________
 SYSTO04        5.163
 DIASTO04       2.708         1.886


           EST./S.E. FOR ESTIMATED COVARIANCE MATRIX FOR THE LATENT VARIABLES
              IB            SB            ID            SD            AGE04
              ________      ________      ________      ________      ________
 IB            58.225
 SB            -6.589        11.655
 ID             7.258         1.447        19.870
 SD            -2.389         1.791        -8.683         9.705
 AGE04          7.227       -11.493       -10.132        -5.910        69.091
 GENDER         2.831        -1.987       -17.224        -2.421         2.532
 KCAL04         2.403         3.095        35.622       -16.066       -12.714
 MET04         -4.486         4.033        11.607         2.853       -21.034
 SMOKE04       -5.109        -0.382        11.164        -0.157         3.431
 EDUC04         1.167         1.472        -0.241         2.541       -36.379
 SYSTO04       24.133        -9.812        -3.212        -3.100        36.115
 DIASTO04      25.772        -6.394         1.517        -0.325        19.146


           EST./S.E. FOR ESTIMATED COVARIANCE MATRIX FOR THE LATENT VARIABLES
              GENDER        KCAL04        MET04         SMOKE04       EDUC04
              ________      ________      ________      ________      ________
 GENDER        69.091
 KCAL04       -25.558        69.091
 MET04        -13.511        19.057        65.127
 SMOKE04      -48.390        15.564         7.765        68.710
 EDUC04       -18.612         8.400        -1.259         5.762        68.533
 SYSTO04       -8.343        -7.212       -11.784         6.587       -14.350
 DIASTO04     -11.623        -3.492        -6.095         7.213        -5.283


           EST./S.E. FOR ESTIMATED COVARIANCE MATRIX FOR THE LATENT VARIABLES
              SYSTO04       DIASTO04
              ________      ________
 SYSTO04       66.831
 DIASTO04      54.801        66.911


           TWO-TAILED P-VALUE FOR ESTIMATED COVARIANCE MATRIX FOR THE LATENT VARIABLES
              IB            SB            ID            SD            AGE04
              ________      ________      ________      ________      ________
 IB             0.000
 SB             0.000         0.000
 ID             0.000         0.148         0.000
 SD             0.017         0.073         0.000         0.000
 AGE04          0.000         0.000         0.000         0.000         0.000
 GENDER         0.005         0.047         0.000         0.015         0.011
 KCAL04         0.016         0.002         0.000         0.000         0.000
 MET04          0.000         0.000         0.000         0.004         0.000
 SMOKE04        0.000         0.702         0.000         0.875         0.001
 EDUC04         0.243         0.141         0.809         0.011         0.000
 SYSTO04        0.000         0.000         0.001         0.002         0.000
 DIASTO04       0.000         0.000         0.129         0.745         0.000


           TWO-TAILED P-VALUE FOR ESTIMATED COVARIANCE MATRIX FOR THE LATENT VARIABLES
              GENDER        KCAL04        MET04         SMOKE04       EDUC04
              ________      ________      ________      ________      ________
 GENDER         0.000
 KCAL04         0.000         0.000
 MET04          0.000         0.000         0.000
 SMOKE04        0.000         0.000         0.000         0.000
 EDUC04         0.000         0.000         0.208         0.000         0.000
 SYSTO04        0.000         0.000         0.000         0.000         0.000
 DIASTO04       0.000         0.000         0.000         0.000         0.000


           TWO-TAILED P-VALUE FOR ESTIMATED COVARIANCE MATRIX FOR THE LATENT VARIABLES
              SYSTO04       DIASTO04
              ________      ________
 SYSTO04        0.000
 DIASTO04       0.000         0.000


           ESTIMATED CORRELATION MATRIX FOR THE LATENT VARIABLES
              IB            SB            ID            SD            AGE04
              ________      ________      ________      ________      ________
 IB             1.000
 SB            -0.189         1.000
 ID             0.128         0.049         1.000
 SD            -0.063         0.083        -0.542         1.000
 AGE04          0.080        -0.271        -0.170        -0.159         1.000
 GENDER         0.031        -0.041        -0.288        -0.060         0.026
 KCAL04         0.026         0.066         0.634        -0.411        -0.131
 MET04         -0.051         0.086         0.204         0.072        -0.242
 SMOKE04       -0.056        -0.008         0.187        -0.004         0.035
 EDUC04         0.013         0.032        -0.004         0.065        -0.405
 SYSTO04        0.275        -0.213        -0.055        -0.080         0.412
 DIASTO04       0.295        -0.136         0.026        -0.008         0.208


           ESTIMATED CORRELATION MATRIX FOR THE LATENT VARIABLES
              GENDER        KCAL04        MET04         SMOKE04       EDUC04
              ________      ________      ________      ________      ________
 GENDER         1.000
 KCAL04        -0.271         1.000
 MET04         -0.146         0.211         1.000
 SMOKE04       -0.572         0.162         0.083         1.000
 EDUC04        -0.195         0.087        -0.014         0.060         1.000
 SYSTO04       -0.088        -0.076        -0.132         0.069        -0.153
 DIASTO04      -0.123        -0.037        -0.067         0.076        -0.056


           ESTIMATED CORRELATION MATRIX FOR THE LATENT VARIABLES
              SYSTO04       DIASTO04
              ________      ________
 SYSTO04        1.000
 DIASTO04       0.711         1.000


           S.E. FOR ESTIMATED CORRELATION MATRIX FOR THE LATENT VARIABLES
              IB            SB            ID            SD            AGE04
              ________      ________      ________      ________      ________
 IB             0.000
 SB             0.024         0.000
 ID             0.018         0.034         0.000
 SD             0.026         0.046         0.031         0.000
 AGE04          0.011         0.024         0.017         0.027         0.000
 GENDER         0.011         0.021         0.017         0.025         0.010
 KCAL04         0.011         0.022         0.017         0.029         0.010
 MET04          0.011         0.022         0.017         0.025         0.011
 SMOKE04        0.011         0.020         0.017         0.025         0.010
 EDUC04         0.011         0.022         0.017         0.026         0.009
 SYSTO04        0.010         0.022         0.017         0.026         0.009
 DIASTO04       0.010         0.021         0.017         0.026         0.010


           S.E. FOR ESTIMATED CORRELATION MATRIX FOR THE LATENT VARIABLES
              GENDER        KCAL04        MET04         SMOKE04       EDUC04
              ________      ________      ________      ________      ________
 GENDER         0.000
 KCAL04         0.009         0.000
 MET04          0.011         0.010         0.000
 SMOKE04        0.007         0.010         0.011         0.000
 EDUC04         0.010         0.010         0.011         0.010         0.000
 SYSTO04        0.010         0.010         0.011         0.010         0.010
 DIASTO04       0.010         0.011         0.011         0.010         0.011


           S.E. FOR ESTIMATED CORRELATION MATRIX FOR THE LATENT VARIABLES
              SYSTO04       DIASTO04
              ________      ________
 SYSTO04        0.000
 DIASTO04       0.005         0.000


           EST./S.E. FOR ESTIMATED CORRELATION MATRIX FOR THE LATENT VARIABLES
              IB            SB            ID            SD            AGE04
              ________      ________      ________      ________      ________
 IB           999.000
 SB            -7.843       999.000
 ID             7.267         1.445       999.000
 SD            -2.384         1.788       -17.290       999.000
 AGE04          7.291       -11.176       -10.138        -5.803       999.000
 GENDER         2.834        -1.982       -17.412        -2.410         2.534
 KCAL04         2.405         3.083        38.017       -14.238       -13.048
 MET04         -4.501         4.016        11.698         2.836       -22.874
 SMOKE04       -5.130        -0.382        11.228        -0.157         3.438
 EDUC04         1.167         1.472        -0.241         2.529       -46.864
 SYSTO04       26.794        -9.511        -3.215        -3.082        46.680
 DIASTO04      29.079        -6.309         1.517        -0.325        20.392


           EST./S.E. FOR ESTIMATED CORRELATION MATRIX FOR THE LATENT VARIABLES
              GENDER        KCAL04        MET04         SMOKE04       EDUC04
              ________      ________      ________      ________      ________
 GENDER       999.000
 KCAL04       -28.579       999.000
 MET04        -13.927        20.335       999.000
 SMOKE04      -82.763        16.189         7.842       999.000
 EDUC04       -19.706         8.494        -1.259         5.792       999.000
 SYSTO04       -8.436        -7.274       -12.086         6.633       -14.862
 DIASTO04     -11.881        -3.499        -6.136         7.275        -5.308


           EST./S.E. FOR ESTIMATED CORRELATION MATRIX FOR THE LATENT VARIABLES
              SYSTO04       DIASTO04
              ________      ________
 SYSTO04      999.000
 DIASTO04     136.053       999.000


           TWO-TAILED P-VALUE FOR ESTIMATED CORRELATION MATRIX FOR THE LATENT VARIABLES
              IB            SB            ID            SD            AGE04
              ________      ________      ________      ________      ________
 IB             0.000
 SB             0.000         0.000
 ID             0.000         0.148         0.000
 SD             0.017         0.074         0.000         0.000
 AGE04          0.000         0.000         0.000         0.000         0.000
 GENDER         0.005         0.048         0.000         0.016         0.011
 KCAL04         0.016         0.002         0.000         0.000         0.000
 MET04          0.000         0.000         0.000         0.005         0.000
 SMOKE04        0.000         0.702         0.000         0.875         0.001
 EDUC04         0.243         0.141         0.809         0.011         0.000
 SYSTO04        0.000         0.000         0.001         0.002         0.000
 DIASTO04       0.000         0.000         0.129         0.745         0.000


           TWO-TAILED P-VALUE FOR ESTIMATED CORRELATION MATRIX FOR THE LATENT VARIABLES
              GENDER        KCAL04        MET04         SMOKE04       EDUC04
              ________      ________      ________      ________      ________
 GENDER         0.000
 KCAL04         0.000         0.000
 MET04          0.000         0.000         0.000
 SMOKE04        0.000         0.000         0.000         0.000
 EDUC04         0.000         0.000         0.208         0.000         0.000
 SYSTO04        0.000         0.000         0.000         0.000         0.000
 DIASTO04       0.000         0.000         0.000         0.000         0.000


           TWO-TAILED P-VALUE FOR ESTIMATED CORRELATION MATRIX FOR THE LATENT VARIABLES
              SYSTO04       DIASTO04
              ________      ________
 SYSTO04        0.000
 DIASTO04       0.000         0.000


TECHNICAL 8 OUTPUT


   E STEP  ITER  LOGLIKELIHOOD    ABS CHANGE   REL CHANGE  ALGORITHM
              1 -0.44674613D+06    0.0000000    0.0000000  EM
              2 -0.41270122D+06 ************    0.0762064  EM
              3 -0.41270122D+06    0.0000001    0.0000000  EM


DIAGRAM INFORMATION

  Use View Diagram under the Diagram menu in the Mplus Editor to view the diagram.
  If running Mplus from the Mplus Diagrammer, the diagram opens automatically.

  Diagram output
    d:\data\dpmedi\mplus\longitudinal\hbs bmi mediation ib with sb-no mediation.dgm

     Beginning Time:  12:56:22
        Ending Time:  12:56:24
       Elapsed Time:  00:00:02



MUTHEN & MUTHEN
3463 Stoner Ave.
Los Angeles, CA  90066

Tel: (310) 391-9971
Fax: (310) 391-8971
Web: www.StatModel.com
Support: Support@StatModel.com

Copyright (c) 1998-2015 Muthen & Muthen
