Mplus VERSION 7.4
MUTHEN & MUTHEN
05/16/2019   1:16 PM

INPUT INSTRUCTIONS

  DATA: File is id0411 mplus.csv;

  VARIABLE: Names are IDind WAVE hhid t2 commid age04
                      kcal04 carbo04 fat04 protn04 bmi04
                      hwr04 wc04 diasto04 systo04 smoke04
                      gender educ04 indinc04 index04 met04
                      cmfp04 dash04 ahei04 hbs04 lbs04 dqd04
                      age06 kcal06 carbo06 fat06 protn06 bmi06
                      hwr06 wc06 diasto06 systo06 smoke06
                      educ06 indinc06 index06 met06 cmfp06 dash06
                      ahei06 hbs06 lbs06 dqd06 age09 kcal09 carbo09
                      fat09 protn09 bmi09 hwr09 wc09 diasto09 systo09
                      smoke09 educ09 indinc09 index09 met09 cmfp09
                      dash09 ahei09 hbs09 lbs09 dqd09 age11 kcal11
                      carbo11 fat11 protn11 bmi11 hwr11 wc11 diasto11
                      systo11 smoke11 educ11 indinc11 index11 met11
                      cmfp11 dash11 ahei11 hbs11 lbs11 dqd11 q_index
                       q1 q2 q3 carbo_p protn_p fat_p;

           Usev are  age04 gender kcal04 met04
                     bmi04 bmi06 bmi09 bmi11 smoke04
                     hbs04 hbs06 hbs09 hbs11
                     educ04 systo04 diasto04 q1 q2 q3;


           Missing are all(999);


  ANALYSIS:
  Type=random;
  ALGORITHM=INTEGRATION;
  Estimator=ML;



  MODEL:
  age04 gender kcal04 met04 smoke04
  bmi04 bmi06 bmi09 bmi11 educ04 systo04 diasto04
  hbs04 hbs06 hbs09 hbs11 q1 q2 q3;

  ib sb | bmi04@0 bmi06@2 bmi09@5 bmi11@7;
  id sd | hbs04@0 hbs06@2 hbs09@5 hbs11@7;

  ib with sb;
  id with sd;

  ib-sd on q1 q2 q3 age04 gender met04 kcal04 educ04 systo04 diasto04 smoke04;

  OUTPUT: tech1 tech8 tech4 cinterval;



INPUT READING TERMINATED NORMALLY




SUMMARY OF ANALYSIS

Number of groups                                                 1
Number of observations                                        9547

Number of dependent variables                                    8
Number of independent variables                                 11
Number of continuous latent variables                            4

Observed dependent variables

  Continuous
   BMI04       BMI06       BMI09       BMI11       HBS04       HBS06
   HBS09       HBS11

Observed independent variables
   AGE04       GENDER      KCAL04      MET04       SMOKE04     EDUC04
   SYSTO04     DIASTO04    Q1          Q2          Q3

Continuous latent variables
   IB          SB          ID          SD


Estimator                                                       ML
Information matrix                                        OBSERVED
Optimization Specifications for the Quasi-Newton Algorithm for
Continuous Outcomes
  Maximum number of iterations                                 100
  Convergence criterion                                  0.100D-05
Optimization Specifications for the EM Algorithm
  Maximum number of iterations                                 500
  Convergence criteria
    Loglikelihood change                                 0.100D-02
    Relative loglikelihood change                        0.100D-05
    Derivative                                           0.100D-02
Optimization Specifications for the M step of the EM Algorithm for
Categorical Latent variables
  Number of M step iterations                                    1
  M step convergence criterion                           0.100D-02
  Basis for M step termination                           ITERATION
Optimization Specifications for the M step of the EM Algorithm for
Censored, Binary or Ordered Categorical (Ordinal), Unordered
Categorical (Nominal) and Count Outcomes
  Number of M step iterations                                    1
  M step convergence criterion                           0.100D-02
  Basis for M step termination                           ITERATION
  Maximum value for logit thresholds                            15
  Minimum value for logit thresholds                           -15
  Minimum expected cell size for chi-square              0.100D-01
Maximum number of iterations for H1                           2000
Convergence criterion for H1                             0.100D-03
Optimization algorithm                                         EMA
Integration Specifications
  Type                                                    STANDARD
  Number of integration points                                  15
  Dimensions of numerical integration                            0
  Adaptive quadrature                                           ON
Cholesky                                                       OFF

Input data file(s)
  id0411 mplus.csv
Input data format  FREE


SUMMARY OF DATA

     Number of missing data patterns           197


COVARIANCE COVERAGE OF DATA

Minimum covariance coverage value   0.100


     PROPORTION OF DATA PRESENT FOR Y


           Covariance Coverage
              BMI04         BMI06         BMI09         BMI11         HBS04
              ________      ________      ________      ________      ________
 BMI04          0.928
 BMI06          0.690         0.727
 BMI09          0.589         0.537         0.623
 BMI11          0.533         0.483         0.503         0.564
 HBS04          0.928         0.727         0.623         0.564         1.000
 HBS06          0.721         0.717         0.559         0.504         0.769
 HBS09          0.608         0.553         0.616         0.514         0.648
 HBS11          0.542         0.490         0.507         0.557         0.576
 AGE04          0.928         0.727         0.623         0.564         1.000
 GENDER         0.928         0.727         0.623         0.564         1.000
 KCAL04         0.928         0.727         0.623         0.564         1.000
 MET04          0.848         0.667         0.576         0.523         0.901
 SMOKE04        0.927         0.722         0.619         0.559         0.988
 EDUC04         0.926         0.722         0.618         0.559         0.987
 SYSTO04        0.927         0.698         0.596         0.539         0.939
 DIASTO04       0.927         0.698         0.596         0.539         0.939
 Q1             0.927         0.726         0.622         0.563         0.999
 Q2             0.927         0.726         0.622         0.563         0.999
 Q3             0.927         0.726         0.622         0.563         0.999


           Covariance Coverage
              HBS06         HBS09         HBS11         AGE04         GENDER
              ________      ________      ________      ________      ________
 HBS06          0.769
 HBS09          0.580         0.648
 HBS11          0.513         0.523         0.576
 AGE04          0.769         0.648         0.576         1.000
 GENDER         0.769         0.648         0.576         1.000         1.000
 KCAL04         0.769         0.648         0.576         1.000         1.000
 MET04          0.703         0.597         0.533         0.901         0.901
 SMOKE04        0.764         0.643         0.571         0.988         0.988
 EDUC04         0.763         0.642         0.571         0.987         0.987
 SYSTO04        0.730         0.615         0.549         0.939         0.939
 DIASTO04       0.730         0.615         0.549         0.939         0.939
 Q1             0.768         0.647         0.576         0.999         0.999
 Q2             0.768         0.647         0.576         0.999         0.999
 Q3             0.768         0.647         0.576         0.999         0.999


           Covariance Coverage
              KCAL04        MET04         SMOKE04       EDUC04        SYSTO04
              ________      ________      ________      ________      ________
 KCAL04         1.000
 MET04          0.901         0.901
 SMOKE04        0.988         0.900         0.988
 EDUC04         0.987         0.899         0.986         0.987
 SYSTO04        0.939         0.857         0.937         0.937         0.939
 DIASTO04       0.939         0.857         0.937         0.937         0.939
 Q1             0.999         0.900         0.987         0.986         0.938
 Q2             0.999         0.900         0.987         0.986         0.938
 Q3             0.999         0.900         0.987         0.986         0.938


           Covariance Coverage
              DIASTO04      Q1            Q2            Q3
              ________      ________      ________      ________
 DIASTO04       0.939
 Q1             0.938         0.999
 Q2             0.938         0.999         0.999
 Q3             0.938         0.999         0.999         0.999


     THE STANDARD ERRORS OF THE MODEL PARAMETER ESTIMATES MAY NOT BE
     TRUSTWORTHY FOR SOME PARAMETERS DUE TO A NON-POSITIVE DEFINITE
     FIRST-ORDER DERIVATIVE PRODUCT MATRIX.  THIS MAY BE DUE TO THE STARTING
     VALUES BUT MAY ALSO BE AN INDICATION OF MODEL NONIDENTIFICATION.  THE
     CONDITION NUMBER IS      -0.720D-19.  PROBLEM INVOLVING THE FOLLOWING PARAMETER:
     Parameter 141, Q3 WITH Q1


THE MODEL ESTIMATION TERMINATED NORMALLY



MODEL FIT INFORMATION

Number of Free Parameters                      143

Loglikelihood

          H0 Value                     -425295.418

Information Criteria

          Akaike (AIC)                  850876.836
          Bayesian (BIC)                851901.285
          Sample-Size Adjusted BIC      851446.854
            (n* = (n + 2) / 24)



MODEL RESULTS

                                                    Two-Tailed
                    Estimate       S.E.  Est./S.E.    P-Value

 IB       |
    BMI04              1.000      0.000    999.000    999.000
    BMI06              1.000      0.000    999.000    999.000
    BMI09              1.000      0.000    999.000    999.000
    BMI11              1.000      0.000    999.000    999.000

 SB       |
    BMI04              0.000      0.000    999.000    999.000
    BMI06              2.000      0.000    999.000    999.000
    BMI09              5.000      0.000    999.000    999.000
    BMI11              7.000      0.000    999.000    999.000

 ID       |
    HBS04              1.000      0.000    999.000    999.000
    HBS06              1.000      0.000    999.000    999.000
    HBS09              1.000      0.000    999.000    999.000
    HBS11              1.000      0.000    999.000    999.000

 SD       |
    HBS04              0.000      0.000    999.000    999.000
    HBS06              2.000      0.000    999.000    999.000
    HBS09              5.000      0.000    999.000    999.000
    HBS11              7.000      0.000    999.000    999.000

 IB         ON
    Q1                 0.107      0.094      1.140      0.254
    Q2                 0.683      0.098      6.956      0.000
    Q3                 0.655      0.105      6.234      0.000
    AGE04             -0.002      0.003     -0.572      0.567
    GENDER             0.378      0.086      4.413      0.000
    MET04              0.000      0.000      0.291      0.771
    KCAL04             0.000      0.000      6.749      0.000
    EDUC04             0.052      0.031      1.672      0.095
    SYSTO04            0.025      0.003      8.913      0.000
    DIASTO04           0.058      0.004     13.564      0.000
    SMOKE04           -0.358      0.077     -4.661      0.000

 SB         ON
    Q1                 0.012      0.013      0.952      0.341
    Q2                -0.010      0.014     -0.706      0.480
    Q3                -0.036      0.015     -2.412      0.016
    AGE04             -0.004      0.000     -8.810      0.000
    GENDER            -0.036      0.012     -2.941      0.003
    MET04              0.000      0.000     -0.855      0.393
    KCAL04             0.000      0.000      0.545      0.586
    EDUC04            -0.013      0.004     -2.846      0.004
    SYSTO04           -0.001      0.000     -3.549      0.000
    DIASTO04           0.000      0.001     -0.420      0.675
    SMOKE04           -0.014      0.010     -1.354      0.176

 ID         ON
    Q1                -0.141      0.124     -1.137      0.255
    Q2                -0.702      0.129     -5.438      0.000
    Q3                -1.499      0.139    -10.766      0.000
    AGE04             -0.020      0.004     -5.567      0.000
    GENDER            -0.684      0.114     -6.014      0.000
    MET04              0.000      0.000     -0.875      0.382
    KCAL04             0.002      0.000     36.113      0.000
    EDUC04            -0.108      0.042     -2.594      0.009
    SYSTO04           -0.005      0.004     -1.239      0.216
    DIASTO04           0.020      0.006      3.488      0.000
    SMOKE04            0.136      0.104      1.314      0.189

 SD         ON
    Q1                -0.154      0.029     -5.246      0.000
    Q2                -0.161      0.031     -5.151      0.000
    Q3                -0.095      0.034     -2.766      0.006
    AGE04             -0.005      0.001     -5.667      0.000
    GENDER            -0.179      0.028     -6.388      0.000
    MET04              0.000      0.000      3.069      0.002
    KCAL04             0.000      0.000    -19.533      0.000
    EDUC04             0.001      0.010      0.066      0.948
    SYSTO04           -0.002      0.001     -2.270      0.023
    DIASTO04           0.003      0.001      1.820      0.069
    SMOKE04           -0.028      0.025     -1.120      0.263

 IB       WITH
    SB                -0.091      0.020     -4.604      0.000

 ID       WITH
    SD                -0.429      0.075     -5.757      0.000
    IB                 1.264      0.142      8.882      0.000
    SB                -0.027      0.020     -1.371      0.170

 SD       WITH
    IB                -0.023      0.035     -0.670      0.503
    SB                 0.005      0.004      1.033      0.301

 GENDER   WITH
    AGE04              0.199      0.078      2.532      0.011

 KCAL04   WITH
    AGE04          -1363.375    107.236    -12.714      0.000
    GENDER           -91.666      3.587    -25.558      0.000

 MET04    WITH
    AGE04           -419.939     19.847    -21.159      0.000
    GENDER            -8.117      0.609    -13.322      0.000
    KCAL04         15931.923    840.725     18.950      0.000

 SMOKE04  WITH
    AGE04              0.285      0.083      3.429      0.001
    GENDER            -0.150      0.003    -48.388      0.000
    KCAL04            57.596      3.701     15.560      0.000
    MET04              4.837      0.634      7.629      0.000

 EDUC04   WITH
    AGE04             -8.221      0.226    -36.400      0.000
    GENDER            -0.129      0.007    -18.674      0.000
    KCAL04            78.407      9.255      8.472      0.000
    MET04             -1.616      1.607     -1.006      0.315
    SMOKE04            0.042      0.007      5.786      0.000

 SYSTO04  WITH
    AGE04            117.526      3.251     36.151      0.000
    GENDER            -0.814      0.098     -8.320      0.000
    KCAL04          -955.560    133.089     -7.180      0.000
    MET04           -277.081     23.387    -11.848      0.000
    SMOKE04            0.674      0.102      6.581      0.000
    EDUC04            -3.746      0.262    -14.310      0.000

 DIASTO04 WITH
    AGE04             35.940      1.871     19.206      0.000
    GENDER            -0.691      0.060    -11.600      0.000
    KCAL04          -280.991     80.640     -3.485      0.000
    MET04            -84.523     13.993     -6.040      0.000
    SMOKE04            0.448      0.062      7.208      0.000
    EDUC04            -0.822      0.157     -5.233      0.000
    SYSTO04          148.474      2.710     54.793      0.000

 Q1       WITH
    AGE04             -0.282      0.068     -4.148      0.000
    GENDER            -0.002      0.002     -0.833      0.405
    KCAL04            13.587      3.004      4.523      0.000
    MET04              5.234      0.521     10.036      0.000
    SMOKE04            0.003      0.002      1.381      0.167
    EDUC04            -0.090      0.006    -15.111      0.000
    SYSTO04           -0.170      0.084     -2.011      0.044
    DIASTO04          -0.066      0.051     -1.295      0.195

 Q2       WITH
    AGE04              0.044      0.068      0.647      0.518
    GENDER             0.000      0.002      0.203      0.839
    KCAL04            -6.232      3.001     -2.076      0.038
    MET04             -5.774      0.529    -10.911      0.000
    SMOKE04            0.001      0.002      0.571      0.568
    EDUC04             0.025      0.006      4.280      0.000
    SYSTO04            0.393      0.084      4.661      0.000
    DIASTO04           0.366      0.051      7.140      0.000
    Q1                -0.063      0.002    -30.888      0.000

 Q3       WITH
    AGE04              0.452      0.068      6.623      0.000
    GENDER             0.003      0.002      1.321      0.187
    KCAL04           -19.114      3.007     -6.357      0.000
    MET04             -9.884      0.534    -18.510      0.000
    SMOKE04           -0.007      0.002     -3.056      0.002
    EDUC04             0.182      0.006     29.459      0.000
    SYSTO04            0.344      0.084      4.101      0.000
    DIASTO04          -0.009      0.051     -0.183      0.855
    Q1                -0.063      0.002    -30.883      0.000
    Q2                -0.062      0.002    -30.876      0.000

 Means
    AGE04             47.385      0.157    301.706      0.000
    GENDER             1.519      0.005    297.033      0.000
    KCAL04          2188.497      6.928    315.871      0.000
    MET04            116.544      1.209     96.372      0.000
    SMOKE04            0.335      0.005     61.969      0.000
    EDUC04             1.729      0.014    126.967      0.000
    SYSTO04          122.073      0.195    625.766      0.000
    DIASTO04          78.632      0.118    664.318      0.000
    Q1                 0.250      0.004     56.375      0.000
    Q2                 0.250      0.004     56.398      0.000
    Q3                 0.250      0.004     56.412      0.000

 Intercepts
    BMI04              0.000      0.000    999.000    999.000
    BMI06              0.000      0.000    999.000    999.000
    BMI09              0.000      0.000    999.000    999.000
    BMI11              0.000      0.000    999.000    999.000
    HBS04              0.000      0.000    999.000    999.000
    HBS06              0.000      0.000    999.000    999.000
    HBS09              0.000      0.000    999.000    999.000
    HBS11              0.000      0.000    999.000    999.000
    IB                13.778      0.374     36.888      0.000
    SB                 0.512      0.054      9.502      0.000
    ID                 8.257      0.500     16.508      0.000
    SD                 1.412      0.124     11.344      0.000

 Variances
    AGE04            235.499      3.409     69.091      0.000
    GENDER             0.250      0.004     69.091      0.000
    KCAL04         *********   6633.166     69.091      0.000
    MET04          12716.539    194.858     65.260      0.000
    SMOKE04            0.276      0.004     68.712      0.000
    EDUC04             1.755      0.026     68.592      0.000
    SYSTO04          345.143      5.166     66.814      0.000
    DIASTO04         126.208      1.887     66.898      0.000
    Q1                 0.188      0.003     69.058      0.000
    Q2                 0.188      0.003     69.062      0.000
    Q3                 0.188      0.003     69.050      0.000

 Residual Variances
    BMI04              0.976      0.072     13.608      0.000
    BMI06              3.127      0.070     44.836      0.000
    BMI09              1.536      0.071     21.563      0.000
    BMI11             13.578      0.292     46.475      0.000
    HBS04             18.079      0.457     39.549      0.000
    HBS06             19.908      0.383     51.975      0.000
    HBS09             21.283      0.455     46.755      0.000
    HBS11             19.208      0.596     32.248      0.000
    IB                 9.112      0.161     56.669      0.000
    SB                 0.046      0.004     10.652      0.000
    ID                 4.422      0.380     11.629      0.000
    SD                 0.142      0.020      7.226      0.000


QUALITY OF NUMERICAL RESULTS

     Condition Number for the Information Matrix             -0.720E-19
       (ratio of smallest to largest eigenvalue)


CONFIDENCE INTERVALS OF MODEL RESULTS

                  Lower .5%  Lower 2.5%    Lower 5%    Estimate    Upper 5%  Upper 2.5%   Upper .5%

 IB       |
    BMI04            1.000       1.000       1.000       1.000       1.000       1.000       1.000
    BMI06            1.000       1.000       1.000       1.000       1.000       1.000       1.000
    BMI09            1.000       1.000       1.000       1.000       1.000       1.000       1.000
    BMI11            1.000       1.000       1.000       1.000       1.000       1.000       1.000

 SB       |
    BMI04            0.000       0.000       0.000       0.000       0.000       0.000       0.000
    BMI06            2.000       2.000       2.000       2.000       2.000       2.000       2.000
    BMI09            5.000       5.000       5.000       5.000       5.000       5.000       5.000
    BMI11            7.000       7.000       7.000       7.000       7.000       7.000       7.000

 ID       |
    HBS04            1.000       1.000       1.000       1.000       1.000       1.000       1.000
    HBS06            1.000       1.000       1.000       1.000       1.000       1.000       1.000
    HBS09            1.000       1.000       1.000       1.000       1.000       1.000       1.000
    HBS11            1.000       1.000       1.000       1.000       1.000       1.000       1.000

 SD       |
    HBS04            0.000       0.000       0.000       0.000       0.000       0.000       0.000
    HBS06            2.000       2.000       2.000       2.000       2.000       2.000       2.000
    HBS09            5.000       5.000       5.000       5.000       5.000       5.000       5.000
    HBS11            7.000       7.000       7.000       7.000       7.000       7.000       7.000

 IB       ON
    Q1              -0.135      -0.077      -0.048       0.107       0.262       0.292       0.350
    Q2               0.430       0.491       0.522       0.683       0.845       0.876       0.936
    Q3               0.385       0.449       0.482       0.655       0.828       0.861       0.926
    AGE04           -0.009      -0.007      -0.006      -0.002       0.003       0.004       0.005
    GENDER           0.157       0.210       0.237       0.378       0.518       0.545       0.598
    MET04           -0.001      -0.001       0.000       0.000       0.001       0.001       0.001
    KCAL04           0.000       0.000       0.000       0.000       0.000       0.000       0.000
    EDUC04          -0.028      -0.009       0.001       0.052       0.103       0.113       0.132
    SYSTO04          0.018       0.019       0.020       0.025       0.029       0.030       0.032
    DIASTO04         0.047       0.050       0.051       0.058       0.065       0.067       0.069
    SMOKE04         -0.556      -0.509      -0.484      -0.358      -0.232      -0.208      -0.160

 SB       ON
    Q1              -0.021      -0.013      -0.009       0.012       0.033       0.037       0.045
    Q2              -0.045      -0.036      -0.032      -0.010       0.013       0.017       0.025
    Q3              -0.075      -0.066      -0.061      -0.036      -0.011      -0.007       0.002
    AGE04           -0.005      -0.004      -0.004      -0.004      -0.003      -0.003      -0.003
    GENDER          -0.067      -0.059      -0.055      -0.036      -0.016      -0.012      -0.004
    MET04            0.000       0.000       0.000       0.000       0.000       0.000       0.000
    KCAL04           0.000       0.000       0.000       0.000       0.000       0.000       0.000
    EDUC04          -0.024      -0.021      -0.020      -0.013      -0.005      -0.004      -0.001
    SYSTO04         -0.002      -0.002      -0.002      -0.001      -0.001      -0.001       0.000
    DIASTO04        -0.002      -0.001      -0.001       0.000       0.001       0.001       0.001
    SMOKE04         -0.041      -0.035      -0.031      -0.014       0.003       0.006       0.013

 ID       ON
    Q1              -0.459      -0.383      -0.344      -0.141       0.063       0.102       0.178
    Q2              -1.035      -0.956      -0.915      -0.702      -0.490      -0.449      -0.370
    Q3              -1.858      -1.772      -1.728      -1.499      -1.270      -1.226      -1.140
    AGE04           -0.030      -0.027      -0.026      -0.020      -0.014      -0.013      -0.011
    GENDER          -0.977      -0.907      -0.871      -0.684      -0.497      -0.461      -0.391
    MET04           -0.002      -0.001      -0.001       0.000       0.000       0.000       0.001
    KCAL04           0.002       0.002       0.002       0.002       0.003       0.003       0.003
    EDUC04          -0.215      -0.189      -0.176      -0.108      -0.039      -0.026      -0.001
    SYSTO04         -0.014      -0.012      -0.011      -0.005       0.002       0.003       0.005
    DIASTO04         0.005       0.009       0.011       0.020       0.030       0.032       0.035
    SMOKE04         -0.131      -0.067      -0.034       0.136       0.307       0.339       0.403

 SD       ON
    Q1              -0.230      -0.212      -0.203      -0.154      -0.106      -0.097      -0.078
    Q2              -0.242      -0.223      -0.213      -0.161      -0.110      -0.100      -0.081
    Q3              -0.184      -0.162      -0.152      -0.095      -0.039      -0.028      -0.007
    AGE04           -0.008      -0.007      -0.007      -0.005      -0.004      -0.003      -0.003
    GENDER          -0.251      -0.234      -0.225      -0.179      -0.133      -0.124      -0.107
    MET04            0.000       0.000       0.000       0.000       0.001       0.001       0.001
    KCAL04           0.000       0.000       0.000       0.000       0.000       0.000       0.000
    EDUC04          -0.026      -0.020      -0.016       0.001       0.018       0.021       0.027
    SYSTO04         -0.005      -0.004      -0.004      -0.002      -0.001       0.000       0.000
    DIASTO04        -0.001       0.000       0.000       0.003       0.005       0.005       0.006
    SMOKE04         -0.093      -0.077      -0.069      -0.028       0.013       0.021       0.037

 IB       WITH
    SB              -0.142      -0.130      -0.124      -0.091      -0.059      -0.052      -0.040

 ID       WITH
    SD              -0.621      -0.575      -0.552      -0.429      -0.306      -0.283      -0.237
    IB               0.898       0.985       1.030       1.264       1.498       1.543       1.631
    SB              -0.078      -0.066      -0.060      -0.027       0.005       0.012       0.024

 SD       WITH
    IB              -0.113      -0.092      -0.081      -0.023       0.034       0.045       0.066
    SB              -0.007      -0.004      -0.003       0.005       0.012       0.013       0.016

 GENDER   WITH
    AGE04           -0.003       0.045       0.070       0.199       0.328       0.353       0.401

 KCAL04   WITH
    AGE04        -1639.592   -1573.556   -1539.777   -1363.375   -1186.972   -1153.193   -1087.157
    GENDER        -100.904     -98.695     -97.566     -91.666     -85.766     -84.636     -82.427

 MET04    WITH
    AGE04         -471.061    -458.839    -452.587    -419.939    -387.291    -381.039    -368.817
    GENDER          -9.687      -9.312      -9.120      -8.117      -7.115      -6.923      -6.548
    KCAL04       13766.383   14284.102   14548.930   15931.923   17314.916   17579.744   18097.463

 SMOKE04  WITH
    AGE04            0.071       0.122       0.148       0.285       0.422       0.448       0.499
    GENDER          -0.158      -0.156      -0.155      -0.150      -0.145      -0.144      -0.142
    KCAL04          48.062      50.341      51.507      57.596      63.685      64.851      67.130
    MET04            3.204       3.594       3.794       4.837       5.880       6.079       6.470

 EDUC04   WITH
    AGE04           -8.803      -8.664      -8.593      -8.221      -7.850      -7.779      -7.640
    GENDER          -0.147      -0.143      -0.141      -0.129      -0.118      -0.116      -0.112
    KCAL04          54.569      60.268      63.183      78.407      93.631      96.547     102.246
    MET04           -5.754      -4.764      -4.258      -1.616       1.027       1.533       2.522
    SMOKE04          0.023       0.027       0.030       0.042       0.053       0.056       0.060

 SYSTO04  WITH
    AGE04          109.152     111.154     112.178     117.526     122.874     123.898     125.900
    GENDER          -1.066      -1.005      -0.975      -0.814      -0.653      -0.622      -0.562
    KCAL04       -1298.371   -1216.415   -1174.492    -955.560    -736.628    -694.705    -612.749
    MET04         -337.321    -322.919    -315.552    -277.081    -238.610    -231.244    -216.842
    SMOKE04          0.410       0.473       0.506       0.674       0.843       0.875       0.938
    EDUC04          -4.421      -4.260      -4.177      -3.746      -3.316      -3.233      -3.072

 DIASTO04 WITH
    AGE04           31.120      32.272      32.862      35.940      39.018      39.608      40.760
    GENDER          -0.844      -0.807      -0.789      -0.691      -0.593      -0.574      -0.537
    KCAL04        -488.704    -439.046    -413.644    -280.991    -148.338    -122.936     -73.278
    MET04         -120.565    -111.949    -107.541     -84.523     -61.505     -57.097     -48.480
    SMOKE04          0.288       0.326       0.346       0.448       0.550       0.570       0.608
    EDUC04          -1.227      -1.130      -1.081      -0.822      -0.564      -0.514      -0.418
    SYSTO04        141.494     143.163     144.016     148.474     152.931     153.785     155.454

 Q1       WITH
    AGE04           -0.458      -0.416      -0.394      -0.282      -0.170      -0.149      -0.107
    GENDER          -0.008      -0.006      -0.005      -0.002       0.002       0.002       0.004
    KCAL04           5.850       7.700       8.646      13.587      18.529      19.475      21.325
    MET04            3.890       4.212       4.376       5.234       6.092       6.256       6.577
    SMOKE04         -0.003      -0.001      -0.001       0.003       0.007       0.008       0.009
    EDUC04          -0.106      -0.102      -0.100      -0.090      -0.080      -0.079      -0.075
    SYSTO04         -0.388      -0.336      -0.309      -0.170      -0.031      -0.004       0.048
    DIASTO04        -0.198      -0.167      -0.151      -0.066       0.018       0.034       0.066

 Q2       WITH
    AGE04           -0.131      -0.089      -0.068       0.044       0.156       0.177       0.219
    GENDER          -0.005      -0.004      -0.003       0.000       0.004       0.005       0.006
    KCAL04         -13.963     -12.115     -11.169      -6.232      -1.295      -0.349       1.499
    MET04           -7.137      -6.811      -6.645      -5.774      -4.904      -4.737      -4.411
    SMOKE04         -0.005      -0.003      -0.003       0.001       0.005       0.006       0.007
    EDUC04           0.010       0.014       0.016       0.025       0.035       0.037       0.040
    SYSTO04          0.176       0.228       0.255       0.393       0.532       0.559       0.611
    DIASTO04         0.234       0.266       0.282       0.366       0.451       0.467       0.498
    Q1              -0.068      -0.066      -0.066      -0.063      -0.059      -0.059      -0.057

 Q3       WITH
    AGE04            0.276       0.318       0.339       0.452       0.564       0.585       0.627
    GENDER          -0.003      -0.001      -0.001       0.003       0.007       0.007       0.009
    KCAL04         -26.859     -25.008     -24.060     -19.114     -14.168     -13.220     -11.369
    MET04          -11.260     -10.931     -10.763      -9.884      -9.006      -8.838      -8.509
    SMOKE04         -0.013      -0.012      -0.011      -0.007      -0.003      -0.003      -0.001
    EDUC04           0.166       0.170       0.172       0.182       0.193       0.195       0.198
    SYSTO04          0.128       0.180       0.206       0.344       0.482       0.509       0.560
    DIASTO04        -0.140      -0.109      -0.093      -0.009       0.074       0.090       0.122
    Q1              -0.068      -0.066      -0.066      -0.063      -0.059      -0.059      -0.057
    Q2              -0.068      -0.066      -0.066      -0.062      -0.059      -0.059      -0.057

 Means
    AGE04           46.981      47.078      47.127      47.385      47.644      47.693      47.790
    GENDER           1.506       1.509       1.510       1.519       1.527       1.529       1.532
    KCAL04        2170.651    2174.917    2177.100    2188.497    2199.894    2202.077    2206.343
    MET04          113.429     114.174     114.554     116.544     118.533     118.914     119.659
    SMOKE04          0.321       0.324       0.326       0.335       0.344       0.345       0.349
    EDUC04           1.694       1.703       1.707       1.729       1.752       1.756       1.764
    SYSTO04        121.571     121.691     121.753     122.073     122.394     122.456     122.576
    DIASTO04        78.327      78.400      78.437      78.632      78.827      78.864      78.937
    Q1               0.239       0.241       0.243       0.250       0.257       0.259       0.261
    Q2               0.239       0.241       0.243       0.250       0.257       0.259       0.261
    Q3               0.239       0.241       0.243       0.250       0.257       0.259       0.262

 Intercepts
    BMI04            0.000       0.000       0.000       0.000       0.000       0.000       0.000
    BMI06            0.000       0.000       0.000       0.000       0.000       0.000       0.000
    BMI09            0.000       0.000       0.000       0.000       0.000       0.000       0.000
    BMI11            0.000       0.000       0.000       0.000       0.000       0.000       0.000
    HBS04            0.000       0.000       0.000       0.000       0.000       0.000       0.000
    HBS06            0.000       0.000       0.000       0.000       0.000       0.000       0.000
    HBS09            0.000       0.000       0.000       0.000       0.000       0.000       0.000
    HBS11            0.000       0.000       0.000       0.000       0.000       0.000       0.000
    IB              12.816      13.046      13.164      13.778      14.393      14.511      14.741
    SB               0.373       0.407       0.424       0.512       0.601       0.618       0.651
    ID               6.968       7.276       7.434       8.257       9.079       9.237       9.545
    SD               1.091       1.168       1.207       1.412       1.617       1.656       1.732

 Variances
    AGE04          226.719     228.818     229.892     235.499     241.106     242.180     244.279
    GENDER           0.240       0.243       0.244       0.250       0.256       0.257       0.259
    KCAL04       *********  445287.875  447377.312  458288.875  469200.438  471289.875  475374.594
    MET04        12214.623   12334.617   12395.997   12716.539   13037.081   13098.461   13218.455
    SMOKE04          0.266       0.268       0.269       0.276       0.283       0.284       0.286
    EDUC04           1.690       1.705       1.713       1.755       1.798       1.806       1.821
    SYSTO04        331.837     335.018     336.645     345.143     353.640     355.268     358.449
    DIASTO04       121.348     122.510     123.104     126.208     129.311     129.906     131.067
    Q1               0.181       0.182       0.183       0.188       0.192       0.193       0.195
    Q2               0.181       0.182       0.183       0.188       0.192       0.193       0.195
    Q3               0.181       0.182       0.183       0.188       0.192       0.193       0.194

 Residual Variances
    BMI04            0.792       0.836       0.858       0.976       1.094       1.117       1.161
    BMI06            2.948       2.991       3.013       3.127       3.242       3.264       3.307
    BMI09            1.353       1.397       1.419       1.536       1.654       1.676       1.720
    BMI11           12.825      13.005      13.097      13.578      14.058      14.150      14.330
    HBS04           16.901      17.183      17.327      18.079      18.831      18.975      19.256
    HBS06           18.922      19.158      19.278      19.908      20.538      20.659      20.895
    HBS09           20.110      20.391      20.534      21.283      22.031      22.175      22.455
    HBS11           17.674      18.040      18.228      19.208      20.188      20.375      20.742
    IB               8.698       8.797       8.848       9.112       9.377       9.428       9.527
    SB               0.035       0.037       0.039       0.046       0.053       0.054       0.057
    ID               3.442       3.676       3.796       4.422       5.047       5.167       5.401
    SD               0.091       0.103       0.110       0.142       0.174       0.180       0.192


TECHNICAL 1 OUTPUT


     PARAMETER SPECIFICATION


           NU
              BMI04         BMI06         BMI09         BMI11         HBS04
              ________      ________      ________      ________      ________
 1                  0             0             0             0             0


           NU
              HBS06         HBS09         HBS11         AGE04         GENDER
              ________      ________      ________      ________      ________
 1                  0             0             0             0             0


           NU
              KCAL04        MET04         SMOKE04       EDUC04        SYSTO04
              ________      ________      ________      ________      ________
 1                  0             0             0             0             0


           NU
              DIASTO04      Q1            Q2            Q3
              ________      ________      ________      ________
 1                  0             0             0             0


           LAMBDA
              IB            SB            ID            SD            AGE04
              ________      ________      ________      ________      ________
 BMI04              0             0             0             0             0
 BMI06              0             0             0             0             0
 BMI09              0             0             0             0             0
 BMI11              0             0             0             0             0
 HBS04              0             0             0             0             0
 HBS06              0             0             0             0             0
 HBS09              0             0             0             0             0
 HBS11              0             0             0             0             0
 AGE04              0             0             0             0             0
 GENDER             0             0             0             0             0
 KCAL04             0             0             0             0             0
 MET04              0             0             0             0             0
 SMOKE04            0             0             0             0             0
 EDUC04             0             0             0             0             0
 SYSTO04            0             0             0             0             0
 DIASTO04           0             0             0             0             0
 Q1                 0             0             0             0             0
 Q2                 0             0             0             0             0
 Q3                 0             0             0             0             0


           LAMBDA
              GENDER        KCAL04        MET04         SMOKE04       EDUC04
              ________      ________      ________      ________      ________
 BMI04              0             0             0             0             0
 BMI06              0             0             0             0             0
 BMI09              0             0             0             0             0
 BMI11              0             0             0             0             0
 HBS04              0             0             0             0             0
 HBS06              0             0             0             0             0
 HBS09              0             0             0             0             0
 HBS11              0             0             0             0             0
 AGE04              0             0             0             0             0
 GENDER             0             0             0             0             0
 KCAL04             0             0             0             0             0
 MET04              0             0             0             0             0
 SMOKE04            0             0             0             0             0
 EDUC04             0             0             0             0             0
 SYSTO04            0             0             0             0             0
 DIASTO04           0             0             0             0             0
 Q1                 0             0             0             0             0
 Q2                 0             0             0             0             0
 Q3                 0             0             0             0             0


           LAMBDA
              SYSTO04       DIASTO04      Q1            Q2            Q3
              ________      ________      ________      ________      ________
 BMI04              0             0             0             0             0
 BMI06              0             0             0             0             0
 BMI09              0             0             0             0             0
 BMI11              0             0             0             0             0
 HBS04              0             0             0             0             0
 HBS06              0             0             0             0             0
 HBS09              0             0             0             0             0
 HBS11              0             0             0             0             0
 AGE04              0             0             0             0             0
 GENDER             0             0             0             0             0
 KCAL04             0             0             0             0             0
 MET04              0             0             0             0             0
 SMOKE04            0             0             0             0             0
 EDUC04             0             0             0             0             0
 SYSTO04            0             0             0             0             0
 DIASTO04           0             0             0             0             0
 Q1                 0             0             0             0             0
 Q2                 0             0             0             0             0
 Q3                 0             0             0             0             0


           THETA
              BMI04         BMI06         BMI09         BMI11         HBS04
              ________      ________      ________      ________      ________
 BMI04              1
 BMI06              0             2
 BMI09              0             0             3
 BMI11              0             0             0             4
 HBS04              0             0             0             0             5
 HBS06              0             0             0             0             0
 HBS09              0             0             0             0             0
 HBS11              0             0             0             0             0
 AGE04              0             0             0             0             0
 GENDER             0             0             0             0             0
 KCAL04             0             0             0             0             0
 MET04              0             0             0             0             0
 SMOKE04            0             0             0             0             0
 EDUC04             0             0             0             0             0
 SYSTO04            0             0             0             0             0
 DIASTO04           0             0             0             0             0
 Q1                 0             0             0             0             0
 Q2                 0             0             0             0             0
 Q3                 0             0             0             0             0


           THETA
              HBS06         HBS09         HBS11         AGE04         GENDER
              ________      ________      ________      ________      ________
 HBS06              6
 HBS09              0             7
 HBS11              0             0             8
 AGE04              0             0             0             0
 GENDER             0             0             0             0             0
 KCAL04             0             0             0             0             0
 MET04              0             0             0             0             0
 SMOKE04            0             0             0             0             0
 EDUC04             0             0             0             0             0
 SYSTO04            0             0             0             0             0
 DIASTO04           0             0             0             0             0
 Q1                 0             0             0             0             0
 Q2                 0             0             0             0             0
 Q3                 0             0             0             0             0


           THETA
              KCAL04        MET04         SMOKE04       EDUC04        SYSTO04
              ________      ________      ________      ________      ________
 KCAL04             0
 MET04              0             0
 SMOKE04            0             0             0
 EDUC04             0             0             0             0
 SYSTO04            0             0             0             0             0
 DIASTO04           0             0             0             0             0
 Q1                 0             0             0             0             0
 Q2                 0             0             0             0             0
 Q3                 0             0             0             0             0


           THETA
              DIASTO04      Q1            Q2            Q3
              ________      ________      ________      ________
 DIASTO04           0
 Q1                 0             0
 Q2                 0             0             0
 Q3                 0             0             0             0


           ALPHA
              IB            SB            ID            SD            AGE04
              ________      ________      ________      ________      ________
 1                  9            10            11            12            13


           ALPHA
              GENDER        KCAL04        MET04         SMOKE04       EDUC04
              ________      ________      ________      ________      ________
 1                 14            15            16            17            18


           ALPHA
              SYSTO04       DIASTO04      Q1            Q2            Q3
              ________      ________      ________      ________      ________
 1                 19            20            21            22            23


           BETA
              IB            SB            ID            SD            AGE04
              ________      ________      ________      ________      ________
 IB                 0             0             0             0            24
 SB                 0             0             0             0            35
 ID                 0             0             0             0            46
 SD                 0             0             0             0            57
 AGE04              0             0             0             0             0
 GENDER             0             0             0             0             0
 KCAL04             0             0             0             0             0
 MET04              0             0             0             0             0
 SMOKE04            0             0             0             0             0
 EDUC04             0             0             0             0             0
 SYSTO04            0             0             0             0             0
 DIASTO04           0             0             0             0             0
 Q1                 0             0             0             0             0
 Q2                 0             0             0             0             0
 Q3                 0             0             0             0             0


           BETA
              GENDER        KCAL04        MET04         SMOKE04       EDUC04
              ________      ________      ________      ________      ________
 IB                25            26            27            28            29
 SB                36            37            38            39            40
 ID                47            48            49            50            51
 SD                58            59            60            61            62
 AGE04              0             0             0             0             0
 GENDER             0             0             0             0             0
 KCAL04             0             0             0             0             0
 MET04              0             0             0             0             0
 SMOKE04            0             0             0             0             0
 EDUC04             0             0             0             0             0
 SYSTO04            0             0             0             0             0
 DIASTO04           0             0             0             0             0
 Q1                 0             0             0             0             0
 Q2                 0             0             0             0             0
 Q3                 0             0             0             0             0


           BETA
              SYSTO04       DIASTO04      Q1            Q2            Q3
              ________      ________      ________      ________      ________
 IB                30            31            32            33            34
 SB                41            42            43            44            45
 ID                52            53            54            55            56
 SD                63            64            65            66            67
 AGE04              0             0             0             0             0
 GENDER             0             0             0             0             0
 KCAL04             0             0             0             0             0
 MET04              0             0             0             0             0
 SMOKE04            0             0             0             0             0
 EDUC04             0             0             0             0             0
 SYSTO04            0             0             0             0             0
 DIASTO04           0             0             0             0             0
 Q1                 0             0             0             0             0
 Q2                 0             0             0             0             0
 Q3                 0             0             0             0             0


           PSI
              IB            SB            ID            SD            AGE04
              ________      ________      ________      ________      ________
 IB                68
 SB                69            70
 ID                71            72            73
 SD                74            75            76            77
 AGE04              0             0             0             0            78
 GENDER             0             0             0             0            79
 KCAL04             0             0             0             0            81
 MET04              0             0             0             0            84
 SMOKE04            0             0             0             0            88
 EDUC04             0             0             0             0            93
 SYSTO04            0             0             0             0            99
 DIASTO04           0             0             0             0           106
 Q1                 0             0             0             0           114
 Q2                 0             0             0             0           123
 Q3                 0             0             0             0           133


           PSI
              GENDER        KCAL04        MET04         SMOKE04       EDUC04
              ________      ________      ________      ________      ________
 GENDER            80
 KCAL04            82            83
 MET04             85            86            87
 SMOKE04           89            90            91            92
 EDUC04            94            95            96            97            98
 SYSTO04          100           101           102           103           104
 DIASTO04         107           108           109           110           111
 Q1               115           116           117           118           119
 Q2               124           125           126           127           128
 Q3               134           135           136           137           138


           PSI
              SYSTO04       DIASTO04      Q1            Q2            Q3
              ________      ________      ________      ________      ________
 SYSTO04          105
 DIASTO04         112           113
 Q1               120           121           122
 Q2               129           130           131           132
 Q3               139           140           141           142           143


     STARTING VALUES


           NU
              BMI04         BMI06         BMI09         BMI11         HBS04
              ________      ________      ________      ________      ________
 1              0.000         0.000         0.000         0.000         0.000


           NU
              HBS06         HBS09         HBS11         AGE04         GENDER
              ________      ________      ________      ________      ________
 1              0.000         0.000         0.000         0.000         0.000


           NU
              KCAL04        MET04         SMOKE04       EDUC04        SYSTO04
              ________      ________      ________      ________      ________
 1              0.000         0.000         0.000         0.000         0.000


           NU
              DIASTO04      Q1            Q2            Q3
              ________      ________      ________      ________
 1              0.000         0.000         0.000         0.000


           LAMBDA
              IB            SB            ID            SD            AGE04
              ________      ________      ________      ________      ________
 BMI04          1.000         0.000         0.000         0.000         0.000
 BMI06          1.000         2.000         0.000         0.000         0.000
 BMI09          1.000         5.000         0.000         0.000         0.000
 BMI11          1.000         7.000         0.000         0.000         0.000
 HBS04          0.000         0.000         1.000         0.000         0.000
 HBS06          0.000         0.000         1.000         2.000         0.000
 HBS09          0.000         0.000         1.000         5.000         0.000
 HBS11          0.000         0.000         1.000         7.000         0.000
 AGE04          0.000         0.000         0.000         0.000         1.000
 GENDER         0.000         0.000         0.000         0.000         0.000
 KCAL04         0.000         0.000         0.000         0.000         0.000
 MET04          0.000         0.000         0.000         0.000         0.000
 SMOKE04        0.000         0.000         0.000         0.000         0.000
 EDUC04         0.000         0.000         0.000         0.000         0.000
 SYSTO04        0.000         0.000         0.000         0.000         0.000
 DIASTO04       0.000         0.000         0.000         0.000         0.000
 Q1             0.000         0.000         0.000         0.000         0.000
 Q2             0.000         0.000         0.000         0.000         0.000
 Q3             0.000         0.000         0.000         0.000         0.000


           LAMBDA
              GENDER        KCAL04        MET04         SMOKE04       EDUC04
              ________      ________      ________      ________      ________
 BMI04          0.000         0.000         0.000         0.000         0.000
 BMI06          0.000         0.000         0.000         0.000         0.000
 BMI09          0.000         0.000         0.000         0.000         0.000
 BMI11          0.000         0.000         0.000         0.000         0.000
 HBS04          0.000         0.000         0.000         0.000         0.000
 HBS06          0.000         0.000         0.000         0.000         0.000
 HBS09          0.000         0.000         0.000         0.000         0.000
 HBS11          0.000         0.000         0.000         0.000         0.000
 AGE04          0.000         0.000         0.000         0.000         0.000
 GENDER         1.000         0.000         0.000         0.000         0.000
 KCAL04         0.000         1.000         0.000         0.000         0.000
 MET04          0.000         0.000         1.000         0.000         0.000
 SMOKE04        0.000         0.000         0.000         1.000         0.000
 EDUC04         0.000         0.000         0.000         0.000         1.000
 SYSTO04        0.000         0.000         0.000         0.000         0.000
 DIASTO04       0.000         0.000         0.000         0.000         0.000
 Q1             0.000         0.000         0.000         0.000         0.000
 Q2             0.000         0.000         0.000         0.000         0.000
 Q3             0.000         0.000         0.000         0.000         0.000


           LAMBDA
              SYSTO04       DIASTO04      Q1            Q2            Q3
              ________      ________      ________      ________      ________
 BMI04          0.000         0.000         0.000         0.000         0.000
 BMI06          0.000         0.000         0.000         0.000         0.000
 BMI09          0.000         0.000         0.000         0.000         0.000
 BMI11          0.000         0.000         0.000         0.000         0.000
 HBS04          0.000         0.000         0.000         0.000         0.000
 HBS06          0.000         0.000         0.000         0.000         0.000
 HBS09          0.000         0.000         0.000         0.000         0.000
 HBS11          0.000         0.000         0.000         0.000         0.000
 AGE04          0.000         0.000         0.000         0.000         0.000
 GENDER         0.000         0.000         0.000         0.000         0.000
 KCAL04         0.000         0.000         0.000         0.000         0.000
 MET04          0.000         0.000         0.000         0.000         0.000
 SMOKE04        0.000         0.000         0.000         0.000         0.000
 EDUC04         0.000         0.000         0.000         0.000         0.000
 SYSTO04        1.000         0.000         0.000         0.000         0.000
 DIASTO04       0.000         1.000         0.000         0.000         0.000
 Q1             0.000         0.000         1.000         0.000         0.000
 Q2             0.000         0.000         0.000         1.000         0.000
 Q3             0.000         0.000         0.000         0.000         1.000


           THETA
              BMI04         BMI06         BMI09         BMI11         HBS04
              ________      ________      ________      ________      ________
 BMI04          5.617
 BMI06          0.000         6.364
 BMI09          0.000         0.000         5.891
 BMI11          0.000         0.000         0.000        11.820
 HBS04          0.000         0.000         0.000         0.000        13.552
 HBS06          0.000         0.000         0.000         0.000         0.000
 HBS09          0.000         0.000         0.000         0.000         0.000
 HBS11          0.000         0.000         0.000         0.000         0.000
 AGE04          0.000         0.000         0.000         0.000         0.000
 GENDER         0.000         0.000         0.000         0.000         0.000
 KCAL04         0.000         0.000         0.000         0.000         0.000
 MET04          0.000         0.000         0.000         0.000         0.000
 SMOKE04        0.000         0.000         0.000         0.000         0.000
 EDUC04         0.000         0.000         0.000         0.000         0.000
 SYSTO04        0.000         0.000         0.000         0.000         0.000
 DIASTO04       0.000         0.000         0.000         0.000         0.000
 Q1             0.000         0.000         0.000         0.000         0.000
 Q2             0.000         0.000         0.000         0.000         0.000
 Q3             0.000         0.000         0.000         0.000         0.000


           THETA
              HBS06         HBS09         HBS11         AGE04         GENDER
              ________      ________      ________      ________      ________
 HBS06         12.911
 HBS09          0.000        13.524
 HBS11          0.000         0.000        13.664
 AGE04          0.000         0.000         0.000         0.000
 GENDER         0.000         0.000         0.000         0.000         0.000
 KCAL04         0.000         0.000         0.000         0.000         0.000
 MET04          0.000         0.000         0.000         0.000         0.000
 SMOKE04        0.000         0.000         0.000         0.000         0.000
 EDUC04         0.000         0.000         0.000         0.000         0.000
 SYSTO04        0.000         0.000         0.000         0.000         0.000
 DIASTO04       0.000         0.000         0.000         0.000         0.000
 Q1             0.000         0.000         0.000         0.000         0.000
 Q2             0.000         0.000         0.000         0.000         0.000
 Q3             0.000         0.000         0.000         0.000         0.000


           THETA
              KCAL04        MET04         SMOKE04       EDUC04        SYSTO04
              ________      ________      ________      ________      ________
 KCAL04         0.000
 MET04          0.000         0.000
 SMOKE04        0.000         0.000         0.000
 EDUC04         0.000         0.000         0.000         0.000
 SYSTO04        0.000         0.000         0.000         0.000         0.000
 DIASTO04       0.000         0.000         0.000         0.000         0.000
 Q1             0.000         0.000         0.000         0.000         0.000
 Q2             0.000         0.000         0.000         0.000         0.000
 Q3             0.000         0.000         0.000         0.000         0.000


           THETA
              DIASTO04      Q1            Q2            Q3
              ________      ________      ________      ________
 DIASTO04       0.000
 Q1             0.000         0.000
 Q2             0.000         0.000         0.000
 Q3             0.000         0.000         0.000         0.000


           ALPHA
              IB            SB            ID            SD            AGE04
              ________      ________      ________      ________      ________
 1             23.091         0.035        11.790        -0.069        47.385


           ALPHA
              GENDER        KCAL04        MET04         SMOKE04       EDUC04
              ________      ________      ________      ________      ________
 1              1.519      2188.497       118.186         0.334         1.724


           ALPHA
              SYSTO04       DIASTO04      Q1            Q2            Q3
              ________      ________      ________      ________      ________
 1            122.224        78.671         0.250         0.250         0.250


           BETA
              IB            SB            ID            SD            AGE04
              ________      ________      ________      ________      ________
 IB             0.000         0.000         0.000         0.000         0.000
 SB             0.000         0.000         0.000         0.000         0.000
 ID             0.000         0.000         0.000         0.000         0.000
 SD             0.000         0.000         0.000         0.000         0.000
 AGE04          0.000         0.000         0.000         0.000         0.000
 GENDER         0.000         0.000         0.000         0.000         0.000
 KCAL04         0.000         0.000         0.000         0.000         0.000
 MET04          0.000         0.000         0.000         0.000         0.000
 SMOKE04        0.000         0.000         0.000         0.000         0.000
 EDUC04         0.000         0.000         0.000         0.000         0.000
 SYSTO04        0.000         0.000         0.000         0.000         0.000
 DIASTO04       0.000         0.000         0.000         0.000         0.000
 Q1             0.000         0.000         0.000         0.000         0.000
 Q2             0.000         0.000         0.000         0.000         0.000
 Q3             0.000         0.000         0.000         0.000         0.000


           BETA
              GENDER        KCAL04        MET04         SMOKE04       EDUC04
              ________      ________      ________      ________      ________
 IB             0.000         0.000         0.000         0.000         0.000
 SB             0.000         0.000         0.000         0.000         0.000
 ID             0.000         0.000         0.000         0.000         0.000
 SD             0.000         0.000         0.000         0.000         0.000
 AGE04          0.000         0.000         0.000         0.000         0.000
 GENDER         0.000         0.000         0.000         0.000         0.000
 KCAL04         0.000         0.000         0.000         0.000         0.000
 MET04          0.000         0.000         0.000         0.000         0.000
 SMOKE04        0.000         0.000         0.000         0.000         0.000
 EDUC04         0.000         0.000         0.000         0.000         0.000
 SYSTO04        0.000         0.000         0.000         0.000         0.000
 DIASTO04       0.000         0.000         0.000         0.000         0.000
 Q1             0.000         0.000         0.000         0.000         0.000
 Q2             0.000         0.000         0.000         0.000         0.000
 Q3             0.000         0.000         0.000         0.000         0.000


           BETA
              SYSTO04       DIASTO04      Q1            Q2            Q3
              ________      ________      ________      ________      ________
 IB             0.000         0.000         0.000         0.000         0.000
 SB             0.000         0.000         0.000         0.000         0.000
 ID             0.000         0.000         0.000         0.000         0.000
 SD             0.000         0.000         0.000         0.000         0.000
 AGE04          0.000         0.000         0.000         0.000         0.000
 GENDER         0.000         0.000         0.000         0.000         0.000
 KCAL04         0.000         0.000         0.000         0.000         0.000
 MET04          0.000         0.000         0.000         0.000         0.000
 SMOKE04        0.000         0.000         0.000         0.000         0.000
 EDUC04         0.000         0.000         0.000         0.000         0.000
 SYSTO04        0.000         0.000         0.000         0.000         0.000
 DIASTO04       0.000         0.000         0.000         0.000         0.000
 Q1             0.000         0.000         0.000         0.000         0.000
 Q2             0.000         0.000         0.000         0.000         0.000
 Q3             0.000         0.000         0.000         0.000         0.000


           PSI
              IB            SB            ID            SD            AGE04
              ________      ________      ________      ________      ________
 IB            11.513
 SB             0.000         0.570
 ID             0.000         0.000        25.807
 SD             0.000         0.000         0.000         6.365
 AGE04          0.000         0.000         0.000         0.000       117.749
 GENDER         0.000         0.000         0.000         0.000         0.000
 KCAL04         0.000         0.000         0.000         0.000         0.000
 MET04          0.000         0.000         0.000         0.000         0.000
 SMOKE04        0.000         0.000         0.000         0.000         0.000
 EDUC04         0.000         0.000         0.000         0.000         0.000
 SYSTO04        0.000         0.000         0.000         0.000         0.000
 DIASTO04       0.000         0.000         0.000         0.000         0.000
 Q1             0.000         0.000         0.000         0.000         0.000
 Q2             0.000         0.000         0.000         0.000         0.000
 Q3             0.000         0.000         0.000         0.000         0.000


           PSI
              GENDER        KCAL04        MET04         SMOKE04       EDUC04
              ________      ________      ________      ________      ________
 GENDER         0.125
 KCAL04         0.000    229144.438
 MET04          0.000         0.000      6315.442
 SMOKE04        0.000         0.000         0.000         0.138
 EDUC04         0.000         0.000         0.000         0.000         0.876
 SYSTO04        0.000         0.000         0.000         0.000         0.000
 DIASTO04       0.000         0.000         0.000         0.000         0.000
 Q1             0.000         0.000         0.000         0.000         0.000
 Q2             0.000         0.000         0.000         0.000         0.000
 Q3             0.000         0.000         0.000         0.000         0.000


           PSI
              SYSTO04       DIASTO04      Q1            Q2            Q3
              ________      ________      ________      ________      ________
 SYSTO04      171.913
 DIASTO04       0.000        63.046
 Q1             0.000         0.000         0.094
 Q2             0.000         0.000         0.000         0.094
 Q3             0.000         0.000         0.000         0.000         0.094


TECHNICAL 4 OUTPUT


     ESTIMATES DERIVED FROM THE MODEL


           ESTIMATED MEANS FOR THE LATENT VARIABLES
              IB            SB            ID            SD            AGE04
              ________      ________      ________      ________      ________
 1             23.012         0.063        11.977         0.028        47.385


           ESTIMATED MEANS FOR THE LATENT VARIABLES
              GENDER        KCAL04        MET04         SMOKE04       EDUC04
              ________      ________      ________      ________      ________
 1              1.519      2188.497       116.544         0.335         1.729


           ESTIMATED MEANS FOR THE LATENT VARIABLES
              SYSTO04       DIASTO04      Q1            Q2            Q3
              ________      ________      ________      ________      ________
 1            122.073        78.632         0.250         0.250         0.250


           S.E. FOR ESTIMATED MEANS FOR THE LATENT VARIABLES
              IB            SB            ID            SD            AGE04
              ________      ________      ________      ________      ________
 1              0.035         0.005         0.048         0.011         0.157


           S.E. FOR ESTIMATED MEANS FOR THE LATENT VARIABLES
              GENDER        KCAL04        MET04         SMOKE04       EDUC04
              ________      ________      ________      ________      ________
 1              0.005         6.928         1.209         0.005         0.014


           S.E. FOR ESTIMATED MEANS FOR THE LATENT VARIABLES
              SYSTO04       DIASTO04      Q1            Q2            Q3
              ________      ________      ________      ________      ________
 1              0.195         0.118         0.004         0.004         0.004


           EST./S.E. FOR ESTIMATED MEANS FOR THE LATENT VARIABLES
              IB            SB            ID            SD            AGE04
              ________      ________      ________      ________      ________
 1            658.696        13.251       248.079         2.583       301.706


           EST./S.E. FOR ESTIMATED MEANS FOR THE LATENT VARIABLES
              GENDER        KCAL04        MET04         SMOKE04       EDUC04
              ________      ________      ________      ________      ________
 1            297.033       315.871        96.372        61.969       126.967


           EST./S.E. FOR ESTIMATED MEANS FOR THE LATENT VARIABLES
              SYSTO04       DIASTO04      Q1            Q2            Q3
              ________      ________      ________      ________      ________
 1            625.766       664.318        56.375        56.398        56.412


           TWO-TAILED P-VALUE FOR ESTIMATED MEANS FOR THE LATENT VARIABLES
              IB            SB            ID            SD            AGE04
              ________      ________      ________      ________      ________
 1              0.000         0.000         0.000         0.010         0.000


           TWO-TAILED P-VALUE FOR ESTIMATED MEANS FOR THE LATENT VARIABLES
              GENDER        KCAL04        MET04         SMOKE04       EDUC04
              ________      ________      ________      ________      ________
 1              0.000         0.000         0.000         0.000         0.000


           TWO-TAILED P-VALUE FOR ESTIMATED MEANS FOR THE LATENT VARIABLES
              SYSTO04       DIASTO04      Q1            Q2            Q3
              ________      ________      ________      ________      ________
 1              0.000         0.000         0.000         0.000         0.000


           ESTIMATED COVARIANCE MATRIX FOR THE LATENT VARIABLES
              IB            SB            ID            SD            AGE04
              ________      ________      ________      ________      ________
 IB            10.333
 SB            -0.137         0.051
 ID             1.229         0.032         8.518
 SD            -0.098         0.009        -0.702         0.199
 AGE04          3.966        -0.945        -7.706        -1.134       235.499
 GENDER         0.049        -0.005        -0.422        -0.014         0.199
 KCAL04        58.701         9.962      1257.970      -124.662     -1363.375
 MET04        -19.014         2.213        67.402         3.781      -419.939
 SMOKE04       -0.094        -0.001         0.287         0.000         0.285
 EDUC04         0.054         0.010        -0.010         0.038        -8.221
 SYSTO04       16.417        -0.896        -2.972        -0.683       117.526
 DIASTO04      10.661        -0.346         0.860        -0.046        35.940
 Q1            -0.072         0.007         0.160        -0.014        -0.282
 Q2             0.110        -0.001        -0.041        -0.015         0.044
 Q3             0.086        -0.011        -0.306         0.002         0.452


           ESTIMATED COVARIANCE MATRIX FOR THE LATENT VARIABLES
              GENDER        KCAL04        MET04         SMOKE04       EDUC04
              ________      ________      ________      ________      ________
 GENDER         0.250
 KCAL04       -91.666    458288.862
 MET04         -8.117     15931.923     12716.539
 SMOKE04       -0.150        57.596         4.837         0.276
 EDUC04        -0.129        78.407        -1.616         0.042         1.755
 SYSTO04       -0.814      -955.560      -277.081         0.674        -3.746
 DIASTO04      -0.691      -280.991       -84.523         0.448        -0.822
 Q1            -0.002        13.587         5.234         0.003        -0.090
 Q2             0.000        -6.232        -5.774         0.001         0.025
 Q3             0.003       -19.114        -9.884        -0.007         0.182


           ESTIMATED COVARIANCE MATRIX FOR THE LATENT VARIABLES
              SYSTO04       DIASTO04      Q1            Q2            Q3
              ________      ________      ________      ________      ________
 SYSTO04      345.143
 DIASTO04     148.474       126.208
 Q1            -0.170        -0.066         0.188
 Q2             0.393         0.366        -0.063         0.188
 Q3             0.344        -0.009        -0.063        -0.062         0.188


           S.E. FOR ESTIMATED COVARIANCE MATRIX FOR THE LATENT VARIABLES
              IB            SB            ID            SD            AGE04
              ________      ________      ________      ________      ________
 IB             0.177
 SB             0.021         0.004
 ID             0.167         0.022         0.430
 SD             0.038         0.005         0.081         0.021
 AGE04          0.544         0.082         0.755         0.184         3.409
 GENDER         0.017         0.002         0.025         0.005         0.078
 KCAL04        23.791         3.276        35.353         7.718       107.236
 MET04          4.131         0.544         5.797         1.271        19.847
 SMOKE04        0.018         0.002         0.026         0.006         0.083
 EDUC04         0.046         0.006         0.065         0.015         0.226
 SYSTO04        0.680         0.091         0.928         0.214         3.251
 DIASTO04       0.413         0.054         0.562         0.128         1.871
 Q1             0.015         0.002         0.021         0.005         0.068
 Q2             0.015         0.002         0.021         0.005         0.068
 Q3             0.015         0.002         0.021         0.005         0.068


           S.E. FOR ESTIMATED COVARIANCE MATRIX FOR THE LATENT VARIABLES
              GENDER        KCAL04        MET04         SMOKE04       EDUC04
              ________      ________      ________      ________      ________
 GENDER         0.004
 KCAL04         3.587      6633.166
 MET04          0.609       840.725       194.858
 SMOKE04        0.003         3.701         0.634         0.004
 EDUC04         0.007         9.255         1.607         0.007         0.026
 SYSTO04        0.098       133.089        23.387         0.102         0.262
 DIASTO04       0.060        80.640        13.993         0.062         0.157
 Q1             0.002         3.004         0.521         0.002         0.006
 Q2             0.002         3.001         0.529         0.002         0.006
 Q3             0.002         3.007         0.534         0.002         0.006


           S.E. FOR ESTIMATED COVARIANCE MATRIX FOR THE LATENT VARIABLES
              SYSTO04       DIASTO04      Q1            Q2            Q3
              ________      ________      ________      ________      ________
 SYSTO04        5.166
 DIASTO04       2.710         1.887
 Q1             0.084         0.051         0.003
 Q2             0.084         0.051         0.002         0.003
 Q3             0.084         0.051         0.002         0.002         0.003


           EST./S.E. FOR ESTIMATED COVARIANCE MATRIX FOR THE LATENT VARIABLES
              IB            SB            ID            SD            AGE04
              ________      ________      ________      ________      ________
 IB            58.228
 SB            -6.594        11.675
 ID             7.380         1.411        19.805
 SD            -2.597         1.905        -8.649         9.705
 AGE04          7.292       -11.565       -10.208        -6.170        69.091
 GENDER         2.832        -1.986       -17.213        -2.474         2.532
 KCAL04         2.467         3.041        35.583       -16.152       -12.714
 MET04         -4.603         4.070        11.628         2.974       -21.159
 SMOKE04       -5.101        -0.367        11.125        -0.074         3.429
 EDUC04         1.161         1.466        -0.153         2.515       -36.400
 SYSTO04       24.150        -9.855        -3.204        -3.184        36.151
 DIASTO04      25.789        -6.427         1.529        -0.359        19.206
 Q1            -4.786         3.742         7.628        -2.972        -4.148
 Q2             7.238        -0.612        -1.947        -3.062         0.647
 Q3             5.713        -5.175       -14.400         0.352         6.623


           EST./S.E. FOR ESTIMATED COVARIANCE MATRIX FOR THE LATENT VARIABLES
              GENDER        KCAL04        MET04         SMOKE04       EDUC04
              ________      ________      ________      ________      ________
 GENDER        69.091
 KCAL04       -25.558        69.091
 MET04        -13.322        18.950        65.260
 SMOKE04      -48.388        15.560         7.629        68.712
 EDUC04       -18.674         8.472        -1.006         5.786        68.592
 SYSTO04       -8.320        -7.180       -11.848         6.581       -14.310
 DIASTO04     -11.600        -3.485        -6.040         7.208        -5.233
 Q1            -0.833         4.523        10.036         1.381       -15.111
 Q2             0.203        -2.076       -10.911         0.571         4.280
 Q3             1.321        -6.357       -18.510        -3.056        29.459


           EST./S.E. FOR ESTIMATED COVARIANCE MATRIX FOR THE LATENT VARIABLES
              SYSTO04       DIASTO04      Q1            Q2            Q3
              ________      ________      ________      ________      ________
 SYSTO04       66.814
 DIASTO04      54.793        66.898
 Q1            -2.011        -1.295        69.058
 Q2             4.661         7.140       -30.888        69.062
 Q3             4.101        -0.183       -30.883       -30.876        69.050


           TWO-TAILED P-VALUE FOR ESTIMATED COVARIANCE MATRIX FOR THE LATENT VARIABLES
              IB            SB            ID            SD            AGE04
              ________      ________      ________      ________      ________
 IB             0.000
 SB             0.000         0.000
 ID             0.000         0.158         0.000
 SD             0.009         0.057         0.000         0.000
 AGE04          0.000         0.000         0.000         0.000         0.000
 GENDER         0.005         0.047         0.000         0.013         0.011
 KCAL04         0.014         0.002         0.000         0.000         0.000
 MET04          0.000         0.000         0.000         0.003         0.000
 SMOKE04        0.000         0.714         0.000         0.941         0.001
 EDUC04         0.246         0.143         0.878         0.012         0.000
 SYSTO04        0.000         0.000         0.001         0.001         0.000
 DIASTO04       0.000         0.000         0.126         0.719         0.000
 Q1             0.000         0.000         0.000         0.003         0.000
 Q2             0.000         0.540         0.052         0.002         0.518
 Q3             0.000         0.000         0.000         0.725         0.000


           TWO-TAILED P-VALUE FOR ESTIMATED COVARIANCE MATRIX FOR THE LATENT VARIABLES
              GENDER        KCAL04        MET04         SMOKE04       EDUC04
              ________      ________      ________      ________      ________
 GENDER         0.000
 KCAL04         0.000         0.000
 MET04          0.000         0.000         0.000
 SMOKE04        0.000         0.000         0.000         0.000
 EDUC04         0.000         0.000         0.315         0.000         0.000
 SYSTO04        0.000         0.000         0.000         0.000         0.000
 DIASTO04       0.000         0.000         0.000         0.000         0.000
 Q1             0.405         0.000         0.000         0.167         0.000
 Q2             0.839         0.038         0.000         0.568         0.000
 Q3             0.187         0.000         0.000         0.002         0.000


           TWO-TAILED P-VALUE FOR ESTIMATED COVARIANCE MATRIX FOR THE LATENT VARIABLES
              SYSTO04       DIASTO04      Q1            Q2            Q3
              ________      ________      ________      ________      ________
 SYSTO04        0.000
 DIASTO04       0.000         0.000
 Q1             0.044         0.195         0.000
 Q2             0.000         0.000         0.000         0.000
 Q3             0.000         0.855         0.000         0.000         0.000


           ESTIMATED CORRELATION MATRIX FOR THE LATENT VARIABLES
              IB            SB            ID            SD            AGE04
              ________      ________      ________      ________      ________
 IB             1.000
 SB            -0.189         1.000
 ID             0.131         0.048         1.000
 SD            -0.068         0.089        -0.539         1.000
 AGE04          0.080        -0.273        -0.172        -0.166         1.000
 GENDER         0.031        -0.041        -0.289        -0.061         0.026
 KCAL04         0.027         0.065         0.637        -0.413        -0.131
 MET04         -0.052         0.087         0.205         0.075        -0.243
 SMOKE04       -0.055        -0.007         0.187        -0.002         0.035
 EDUC04         0.013         0.032        -0.003         0.064        -0.404
 SYSTO04        0.275        -0.214        -0.055        -0.082         0.412
 DIASTO04       0.295        -0.136         0.026        -0.009         0.208
 Q1            -0.052         0.076         0.126        -0.072        -0.043
 Q2             0.079        -0.013        -0.032        -0.076         0.007
 Q3             0.062        -0.113        -0.242         0.009         0.068


           ESTIMATED CORRELATION MATRIX FOR THE LATENT VARIABLES
              GENDER        KCAL04        MET04         SMOKE04       EDUC04
              ________      ________      ________      ________      ________
 GENDER         1.000
 KCAL04        -0.271         1.000
 MET04         -0.144         0.209         1.000
 SMOKE04       -0.572         0.162         0.082         1.000
 EDUC04        -0.196         0.087        -0.011         0.060         1.000
 SYSTO04       -0.088        -0.076        -0.132         0.069        -0.152
 DIASTO04      -0.123        -0.037        -0.067         0.076        -0.055
 Q1            -0.009         0.046         0.107         0.014        -0.157
 Q2             0.002        -0.021        -0.118         0.006         0.044
 Q3             0.014        -0.065        -0.202        -0.031         0.318


           ESTIMATED CORRELATION MATRIX FOR THE LATENT VARIABLES
              SYSTO04       DIASTO04      Q1            Q2            Q3
              ________      ________      ________      ________      ________
 SYSTO04        1.000
 DIASTO04       0.711         1.000
 Q1            -0.021        -0.014         1.000
 Q2             0.049         0.075        -0.333         1.000
 Q3             0.043        -0.002        -0.333        -0.333         1.000


           S.E. FOR ESTIMATED CORRELATION MATRIX FOR THE LATENT VARIABLES
              IB            SB            ID            SD            AGE04
              ________      ________      ________      ________      ________
 IB             0.000
 SB             0.024         0.000
 ID             0.018         0.034         0.000
 SD             0.026         0.047         0.031         0.000
 AGE04          0.011         0.024         0.017         0.027         0.000
 GENDER         0.011         0.021         0.017         0.025         0.010
 KCAL04         0.011         0.022         0.017         0.029         0.010
 MET04          0.011         0.021         0.017         0.025         0.011
 SMOKE04        0.011         0.020         0.017         0.025         0.010
 EDUC04         0.011         0.022         0.017         0.026         0.009
 SYSTO04        0.010         0.022         0.017         0.026         0.009
 DIASTO04       0.010         0.021         0.017         0.026         0.010
 Q1             0.011         0.020         0.017         0.024         0.010
 Q2             0.011         0.021         0.017         0.025         0.010
 Q3             0.011         0.022         0.017         0.026         0.010


           S.E. FOR ESTIMATED CORRELATION MATRIX FOR THE LATENT VARIABLES
              GENDER        KCAL04        MET04         SMOKE04       EDUC04
              ________      ________      ________      ________      ________
 GENDER         0.000
 KCAL04         0.009         0.000
 MET04          0.011         0.010         0.000
 SMOKE04        0.007         0.010         0.011         0.000
 EDUC04         0.010         0.010         0.011         0.010         0.000
 SYSTO04        0.010         0.010         0.011         0.010         0.010
 DIASTO04       0.010         0.011         0.011         0.010         0.011
 Q1             0.010         0.010         0.011         0.010         0.010
 Q2             0.010         0.010         0.011         0.010         0.010
 Q3             0.010         0.010         0.010         0.010         0.009


           S.E. FOR ESTIMATED CORRELATION MATRIX FOR THE LATENT VARIABLES
              SYSTO04       DIASTO04      Q1            Q2            Q3
              ________      ________      ________      ________      ________
 SYSTO04        0.000
 DIASTO04       0.005         0.000
 Q1             0.010         0.011         0.000
 Q2             0.010         0.010         0.009         0.000
 Q3             0.010         0.010         0.009         0.009         0.000


           EST./S.E. FOR ESTIMATED CORRELATION MATRIX FOR THE LATENT VARIABLES
              IB            SB            ID            SD            AGE04
              ________      ________      ________      ________      ________
 IB           999.000
 SB            -7.845       999.000
 ID             7.391         1.409       999.000
 SD            -2.591         1.902       -17.161       999.000
 AGE04          7.357       -11.251       -10.213        -6.054       999.000
 GENDER         2.836        -1.980       -17.405        -2.463         2.534
 KCAL04         2.470         3.029        37.975       -14.293       -13.048
 MET04         -4.619         4.054        11.715         2.956       -23.023
 SMOKE04       -5.121        -0.367        11.191        -0.074         3.436
 EDUC04         1.161         1.465        -0.153         2.503       -46.872
 SYSTO04       26.822        -9.556        -3.206        -3.166        46.763
 DIASTO04      29.109        -6.343         1.529        -0.359        20.467
 Q1            -4.802         3.719         7.640        -2.950        -4.159
 Q2             7.297        -0.612        -1.946        -3.049         0.647
 Q3             5.744        -5.153       -14.399         0.351         6.669


           EST./S.E. FOR ESTIMATED CORRELATION MATRIX FOR THE LATENT VARIABLES
              GENDER        KCAL04        MET04         SMOKE04       EDUC04
              ________      ________      ________      ________      ________
 GENDER       999.000
 KCAL04       -28.579       999.000
 MET04        -13.716        20.193       999.000
 SMOKE04      -82.755        16.185         7.701       999.000
 EDUC04       -19.780         8.569        -1.006         5.817       999.000
 SYSTO04       -8.412        -7.241       -12.154         6.627       -14.816
 DIASTO04     -11.857        -3.491        -6.081         7.269        -5.257
 Q1            -0.834         4.538        10.207         1.381       -15.681
 Q2             0.203        -2.078       -11.133         0.571         4.292
 Q3             1.321        -6.397       -19.619        -3.061        34.371


           EST./S.E. FOR ESTIMATED CORRELATION MATRIX FOR THE LATENT VARIABLES
              SYSTO04       DIASTO04      Q1            Q2            Q3
              ________      ________      ________      ________      ________
 SYSTO04      999.000
 DIASTO04     136.120       999.000
 Q1            -2.012        -1.295       999.000
 Q2             4.678         7.200       -36.630       999.000
 Q3             4.112        -0.183       -36.624       -36.611       999.000


           TWO-TAILED P-VALUE FOR ESTIMATED CORRELATION MATRIX FOR THE LATENT VARIABLES
              IB            SB            ID            SD            AGE04
              ________      ________      ________      ________      ________
 IB             0.000
 SB             0.000         0.000
 ID             0.000         0.159         0.000
 SD             0.010         0.057         0.000         0.000
 AGE04          0.000         0.000         0.000         0.000         0.000
 GENDER         0.005         0.048         0.000         0.014         0.011
 KCAL04         0.014         0.002         0.000         0.000         0.000
 MET04          0.000         0.000         0.000         0.003         0.000
 SMOKE04        0.000         0.714         0.000         0.941         0.001
 EDUC04         0.246         0.143         0.878         0.012         0.000
 SYSTO04        0.000         0.000         0.001         0.002         0.000
 DIASTO04       0.000         0.000         0.126         0.719         0.000
 Q1             0.000         0.000         0.000         0.003         0.000
 Q2             0.000         0.541         0.052         0.002         0.518
 Q3             0.000         0.000         0.000         0.725         0.000


           TWO-TAILED P-VALUE FOR ESTIMATED CORRELATION MATRIX FOR THE LATENT VARIABLES
              GENDER        KCAL04        MET04         SMOKE04       EDUC04
              ________      ________      ________      ________      ________
 GENDER         0.000
 KCAL04         0.000         0.000
 MET04          0.000         0.000         0.000
 SMOKE04        0.000         0.000         0.000         0.000
 EDUC04         0.000         0.000         0.315         0.000         0.000
 SYSTO04        0.000         0.000         0.000         0.000         0.000
 DIASTO04       0.000         0.000         0.000         0.000         0.000
 Q1             0.405         0.000         0.000         0.167         0.000
 Q2             0.839         0.038         0.000         0.568         0.000
 Q3             0.187         0.000         0.000         0.002         0.000


           TWO-TAILED P-VALUE FOR ESTIMATED CORRELATION MATRIX FOR THE LATENT VARIABLES
              SYSTO04       DIASTO04      Q1            Q2            Q3
              ________      ________      ________      ________      ________
 SYSTO04        0.000
 DIASTO04       0.000         0.000
 Q1             0.044         0.195         0.000
 Q2             0.000         0.000         0.000         0.000
 Q3             0.000         0.855         0.000         0.000         0.000


TECHNICAL 8 OUTPUT


   E STEP  ITER  LOGLIKELIHOOD    ABS CHANGE   REL CHANGE  ALGORITHM
              1 -0.46778246D+06    0.0000000    0.0000000  EM
              2 -0.42529542D+06 ************    0.0908265  EM
              3 -0.42529542D+06    0.0000000    0.0000000  EM


DIAGRAM INFORMATION

  Use View Diagram under the Diagram menu in the Mplus Editor to view the diagram.
  If running Mplus from the Mplus Diagrammer, the diagram opens automatically.

  Diagram output
    d:\data\dpmedi\mplus\longitudinal\hbs bmi mediation ib with sb-no mediation-q index.dgm

     Beginning Time:  13:16:52
        Ending Time:  13:16:54
       Elapsed Time:  00:00:02



MUTHEN & MUTHEN
3463 Stoner Ave.
Los Angeles, CA  90066

Tel: (310) 391-9971
Fax: (310) 391-8971
Web: www.StatModel.com
Support: Support@StatModel.com

Copyright (c) 1998-2015 Muthen & Muthen
