Mplus VERSION 7.4
MUTHEN & MUTHEN
05/16/2019  10:42 PM

INPUT INSTRUCTIONS

  DATA: File is id0411 mplus.csv;

  VARIABLE: Names are IDind WAVE hhid t2 commid age04
                      kcal04 carbo04 fat04 protn04 bmi04
                      hwr04 wc04 diasto04 systo04 smoke04
                      gender educ04 indinc04 index04 met04
                      cmfp04 dash04 ahei04 hbs04 lbs04 dqd04
                      age06 kcal06 carbo06 fat06 protn06 bmi06
                      hwr06 wc06 diasto06 systo06 smoke06
                      educ06 indinc06 index06 met06 cmfp06 dash06
                      ahei06 hbs06 lbs06 dqd06 age09 kcal09 carbo09
                      fat09 protn09 bmi09 hwr09 wc09 diasto09 systo09
                      smoke09 educ09 indinc09 index09 met09 cmfp09
                      dash09 ahei09 hbs09 lbs09 dqd09 age11 kcal11
                      carbo11 fat11 protn11 bmi11 hwr11 wc11 diasto11
                      systo11 smoke11 educ11 indinc11 index11 met11
                      cmfp11 dash11 ahei11 hbs11 lbs11 dqd11 q_index
                       q1 q2 q3 carbo_p protn_p fat_p;

           Usev are  age04 gender kcal04 met04
                     bmi04 bmi06 bmi09 bmi11 smoke04
                     hbs04 hbs06 hbs09 hbs11
                     q1 q2 q3 educ04 systo04 diasto04;


           Missing are all(999);


  ANALYSIS:
  Type=random;

  MODEL:
  age04 gender kcal04 met04 smoke04
  bmi04 bmi06 bmi09 bmi11 educ04 systo04 diasto04
  hbs04 hbs06 hbs09 hbs11 q1 q2 q3;

  ib sb | bmi04@0 bmi06@2 bmi09@5 bmi11@7;
  id sd | hbs04@0 hbs06@2 hbs09@5 hbs11@7;

  ib with sb;
  id with sd;

  ib-sd on q1 q2 q3 age04 gender met04 kcal04 educ04 systo04 diasto04 smoke04;

  OUTPUT: SAMPSTAT cinterval;



INPUT READING TERMINATED NORMALLY




SUMMARY OF ANALYSIS

Number of groups                                                 1
Number of observations                                        9547

Number of dependent variables                                    8
Number of independent variables                                 11
Number of continuous latent variables                            4

Observed dependent variables

  Continuous
   BMI04       BMI06       BMI09       BMI11       HBS04       HBS06
   HBS09       HBS11

Observed independent variables
   AGE04       GENDER      KCAL04      MET04       SMOKE04     Q1
   Q2          Q3          EDUC04      SYSTO04     DIASTO04

Continuous latent variables
   IB          SB          ID          SD


Estimator                                                      MLR
Information matrix                                        OBSERVED
Maximum number of iterations                                   100
Convergence criterion                                    0.100D-05
Maximum number of EM iterations                                500
Convergence criteria for the EM algorithm
  Loglikelihood change                                   0.100D-02
  Relative loglikelihood change                          0.100D-05
  Derivative                                             0.100D-03
Minimum variance                                         0.100D-03
Maximum number of steepest descent iterations                   20
Maximum number of iterations for H1                           2000
Convergence criterion for H1                             0.100D-03
Optimization algorithm                                         EMA

Input data file(s)
  id0411 mplus.csv
Input data format  FREE


SUMMARY OF DATA

     Number of missing data patterns           197


COVARIANCE COVERAGE OF DATA

Minimum covariance coverage value   0.100


     PROPORTION OF DATA PRESENT


           Covariance Coverage
              BMI04         BMI06         BMI09         BMI11         HBS04
              ________      ________      ________      ________      ________
 BMI04          0.928
 BMI06          0.690         0.727
 BMI09          0.589         0.537         0.623
 BMI11          0.533         0.483         0.503         0.564
 HBS04          0.928         0.727         0.623         0.564         1.000
 HBS06          0.721         0.717         0.559         0.504         0.769
 HBS09          0.608         0.553         0.616         0.514         0.648
 HBS11          0.542         0.490         0.507         0.557         0.576
 AGE04          0.928         0.727         0.623         0.564         1.000
 GENDER         0.928         0.727         0.623         0.564         1.000
 KCAL04         0.928         0.727         0.623         0.564         1.000
 MET04          0.848         0.667         0.576         0.523         0.901
 SMOKE04        0.927         0.722         0.619         0.559         0.988
 Q1             0.927         0.726         0.622         0.563         0.999
 Q2             0.927         0.726         0.622         0.563         0.999
 Q3             0.927         0.726         0.622         0.563         0.999
 EDUC04         0.926         0.722         0.618         0.559         0.987
 SYSTO04        0.927         0.698         0.596         0.539         0.939
 DIASTO04       0.927         0.698         0.596         0.539         0.939


           Covariance Coverage
              HBS06         HBS09         HBS11         AGE04         GENDER
              ________      ________      ________      ________      ________
 HBS06          0.769
 HBS09          0.580         0.648
 HBS11          0.513         0.523         0.576
 AGE04          0.769         0.648         0.576         1.000
 GENDER         0.769         0.648         0.576         1.000         1.000
 KCAL04         0.769         0.648         0.576         1.000         1.000
 MET04          0.703         0.597         0.533         0.901         0.901
 SMOKE04        0.764         0.643         0.571         0.988         0.988
 Q1             0.768         0.647         0.576         0.999         0.999
 Q2             0.768         0.647         0.576         0.999         0.999
 Q3             0.768         0.647         0.576         0.999         0.999
 EDUC04         0.763         0.642         0.571         0.987         0.987
 SYSTO04        0.730         0.615         0.549         0.939         0.939
 DIASTO04       0.730         0.615         0.549         0.939         0.939


           Covariance Coverage
              KCAL04        MET04         SMOKE04       Q1            Q2
              ________      ________      ________      ________      ________
 KCAL04         1.000
 MET04          0.901         0.901
 SMOKE04        0.988         0.900         0.988
 Q1             0.999         0.900         0.987         0.999
 Q2             0.999         0.900         0.987         0.999         0.999
 Q3             0.999         0.900         0.987         0.999         0.999
 EDUC04         0.987         0.899         0.986         0.986         0.986
 SYSTO04        0.939         0.857         0.937         0.938         0.938
 DIASTO04       0.939         0.857         0.937         0.938         0.938


           Covariance Coverage
              Q3            EDUC04        SYSTO04       DIASTO04
              ________      ________      ________      ________
 Q3             0.999
 EDUC04         0.986         0.987
 SYSTO04        0.938         0.937         0.939
 DIASTO04       0.938         0.937         0.939         0.939


SAMPLE STATISTICS


     ESTIMATED SAMPLE STATISTICS


           Means
              BMI04         BMI06         BMI09         BMI11         HBS04
              ________      ________      ________      ________      ________
 1             23.022        23.104        23.293        23.739        12.026


           Means
              HBS06         HBS09         HBS11         AGE04         GENDER
              ________      ________      ________      ________      ________
 1             12.011        11.986        12.298        47.385         1.519


           Means
              KCAL04        MET04         SMOKE04       Q1            Q2
              ________      ________      ________      ________      ________
 1           2188.497       116.544         0.335         0.250         0.250


           Means
              Q3            EDUC04        SYSTO04       DIASTO04
              ________      ________      ________      ________
 1              0.250         1.729       122.078        78.633


           Covariances
              BMI04         BMI06         BMI09         BMI11         HBS04
              ________      ________      ________      ________      ________
 BMI04         11.321
 BMI06          9.990        12.978
 BMI09          9.721         9.882        11.893
 BMI11          9.116         9.373        10.284        23.853
 HBS04          1.136         1.223         1.154         1.802        27.105
 HBS06          0.995         1.345         1.363         1.471         6.833
 HBS09          1.162         1.371         1.412         1.425         4.595
 HBS11          0.179         0.633         0.720         0.751         4.201
 AGE04          4.022         1.747        -0.779        -1.772        -6.589
 GENDER         0.048         0.048         0.029        -0.014        -0.427
 KCAL04        55.992        98.044        96.767       168.797      1399.123
 MET04        -19.518       -11.136        -8.502        -6.178        68.120
 SMOKE04       -0.092        -0.104        -0.103        -0.050         0.298
 Q1            -0.070        -0.071        -0.031        -0.031         0.146
 Q2             0.106         0.127         0.099         0.090        -0.012
 Q3             0.089         0.041         0.033         0.041        -0.275
 EDUC04         0.057         0.054         0.096         0.187         0.018
 SYSTO04       16.449        14.338        12.043        10.101        -3.299
 DIASTO04      10.693         9.743         9.002         8.271         0.754


           Covariances
              HBS06         HBS09         HBS11         AGE04         GENDER
              ________      ________      ________      ________      ________
 HBS06         26.034
 HBS09          5.399        27.238
 HBS11          5.173         7.180        27.667
 AGE04        -13.129       -12.255       -15.285       235.499
 GENDER        -0.445        -0.472        -0.533         0.199         0.250
 KCAL04       742.276       548.222       558.813     -1363.375       -91.666
 MET04         80.834        67.770       104.179      -419.645        -8.122
 SMOKE04        0.268         0.267         0.306         0.285        -0.150
 Q1             0.188         0.006         0.100        -0.282        -0.002
 Q2            -0.153        -0.029        -0.176         0.044         0.000
 Q3            -0.389        -0.253        -0.286         0.452         0.003
 EDUC04         0.018         0.167         0.293        -8.221        -0.129
 SYSTO04       -4.247        -6.010        -8.047       117.525        -0.814
 DIASTO04       0.734         0.878         0.416        35.940        -0.691


           Covariances
              KCAL04        MET04         SMOKE04       Q1            Q2
              ________      ________      ________      ________      ________
 KCAL04    458288.862
 MET04      15937.186     12716.413
 SMOKE04       57.597         4.833         0.276
 Q1            13.595         5.233         0.003         0.188
 Q2            -6.239        -5.771         0.001        -0.063         0.188
 Q3           -19.114        -9.889        -0.007        -0.063        -0.062
 EDUC04        78.438        -1.630         0.042        -0.090         0.025
 SYSTO04     -957.175      -277.097         0.674        -0.170         0.393
 DIASTO04    -281.637       -84.545         0.448        -0.066         0.366


           Covariances
              Q3            EDUC04        SYSTO04       DIASTO04
              ________      ________      ________      ________
 Q3             0.188
 EDUC04         0.182         1.755
 SYSTO04        0.344        -3.746       345.151
 DIASTO04      -0.009        -0.822       148.480       126.212


           Correlations
              BMI04         BMI06         BMI09         BMI11         HBS04
              ________      ________      ________      ________      ________
 BMI04          1.000
 BMI06          0.824         1.000
 BMI09          0.838         0.795         1.000
 BMI11          0.555         0.533         0.611         1.000
 HBS04          0.065         0.065         0.064         0.071         1.000
 HBS06          0.058         0.073         0.077         0.059         0.257
 HBS09          0.066         0.073         0.078         0.056         0.169
 HBS11          0.010         0.033         0.040         0.029         0.153
 AGE04          0.078         0.032        -0.015        -0.024        -0.082
 GENDER         0.028         0.027         0.017        -0.006        -0.164
 KCAL04         0.025         0.040         0.041         0.051         0.397
 MET04         -0.051        -0.027        -0.022        -0.011         0.116
 SMOKE04       -0.052        -0.055        -0.057        -0.019         0.109
 Q1            -0.048        -0.045        -0.021        -0.015         0.065
 Q2             0.073         0.082         0.067         0.043        -0.005
 Q3             0.061         0.026         0.022         0.019        -0.122
 EDUC04         0.013         0.011         0.021         0.029         0.003
 SYSTO04        0.263         0.214         0.188         0.111        -0.034
 DIASTO04       0.283         0.241         0.232         0.151         0.013


           Correlations
              HBS06         HBS09         HBS11         AGE04         GENDER
              ________      ________      ________      ________      ________
 HBS06          1.000
 HBS09          0.203         1.000
 HBS11          0.193         0.262         1.000
 AGE04         -0.168        -0.153        -0.189         1.000
 GENDER        -0.174        -0.181        -0.203         0.026         1.000
 KCAL04         0.215         0.155         0.157        -0.131        -0.271
 MET04          0.140         0.115         0.176        -0.242        -0.144
 SMOKE04        0.100         0.097         0.111         0.035        -0.572
 Q1             0.085         0.003         0.044        -0.042        -0.009
 Q2            -0.069        -0.013        -0.077         0.007         0.002
 Q3            -0.176        -0.112        -0.126         0.068         0.014
 EDUC04         0.003         0.024         0.042        -0.404        -0.196
 SYSTO04       -0.045        -0.062        -0.082         0.412        -0.088
 DIASTO04       0.013         0.015         0.007         0.208        -0.123


           Correlations
              KCAL04        MET04         SMOKE04       Q1            Q2
              ________      ________      ________      ________      ________
 KCAL04         1.000
 MET04          0.209         1.000
 SMOKE04        0.162         0.082         1.000
 Q1             0.046         0.107         0.014         1.000
 Q2            -0.021        -0.118         0.006        -0.333         1.000
 Q3            -0.065        -0.203        -0.031        -0.333        -0.333
 EDUC04         0.087        -0.011         0.060        -0.157         0.044
 SYSTO04       -0.076        -0.132         0.069        -0.021         0.049
 DIASTO04      -0.037        -0.067         0.076        -0.014         0.075


           Correlations
              Q3            EDUC04        SYSTO04       DIASTO04
              ________      ________      ________      ________
 Q3             1.000
 EDUC04         0.318         1.000
 SYSTO04        0.043        -0.152         1.000
 DIASTO04      -0.002        -0.055         0.711         1.000


     MAXIMUM LOG-LIKELIHOOD VALUE FOR THE UNRESTRICTED (H1) MODEL IS -426354.526


UNIVARIATE SAMPLE STATISTICS


     UNIVARIATE HIGHER-ORDER MOMENT DESCRIPTIVE STATISTICS

         Variable/         Mean/     Skewness/   Minimum/ % with                Percentiles
        Sample Size      Variance    Kurtosis    Maximum  Min/Max      20%/60%    40%/80%    Median

     BMI04                23.021       0.585      12.415    0.01%      20.189     21.861     22.673
            8858.000      11.235       0.546      41.322    0.01%      23.543     25.712
     BMI06                23.179       4.577      13.240    0.01%      20.344     22.042     22.857
            6938.000      12.729     126.919     132.544    0.01%      23.684     25.810
     BMI09                23.342       0.482      13.700    0.02%      20.415     22.215     23.111
            5949.000      11.781       0.401      42.590    0.02%      23.979     26.148
     BMI11                23.797       9.794       4.826    0.02%      20.644     22.491     23.378
            5386.000      23.639     280.882     190.972    0.02%      24.235     26.438
     HBS04                12.026      -0.033       0.000    3.11%       8.000     10.000     12.000
            9547.000      27.105      -0.004      31.000    0.02%      14.000     16.000
     HBS06                12.011       0.112       0.000    1.40%       8.000     10.000     12.000
            7340.000      25.823      -0.182      28.000    0.04%      14.000     16.000
     HBS09                12.072       0.168       0.000    1.03%       8.000     10.000     12.000
            6185.000      27.047      -0.296      30.000    0.02%      14.000     16.000
     HBS11                12.415       0.031       0.000    1.16%       8.000     10.000     12.000
            5502.000      27.328      -0.477      32.000    0.02%      14.000     18.000
     AGE04                47.385       0.238      18.000    1.13%      33.000     42.000     47.000
            9547.000     235.499      -0.539      97.000    0.01%      51.000     61.000
     GENDER                1.519      -0.076       1.000   48.11%       1.000      1.000      2.000
            9547.000       0.250      -1.994       2.000   51.89%       2.000      2.000
     KCAL04             2188.497       0.630      50.891    0.01%    1615.771   1974.357   2128.274
            9547.000  458288.862       1.113    6053.592    0.01%    2307.147   2719.569
     MET04               118.186       1.345       0.000    4.03%      20.460     52.675     84.047
            8604.000   12630.885       4.075    1582.256    0.01%     117.500    211.287
     SMOKE04               0.334       3.823       0.000   67.14%       0.000      0.000      0.000
            9429.000       0.276      52.882       9.000    0.07%       0.000      1.000
     Q1                    0.250       1.155       0.000   75.00%       0.000      0.000      0.000
            9539.000       0.188      -0.667       1.000   25.00%       0.000      1.000
     Q2                    0.250       1.155       0.000   75.00%       0.000      0.000      0.000
            9539.000       0.188      -0.667       1.000   25.00%       0.000      1.000
     Q3                    0.250       1.155       0.000   75.01%       0.000      0.000      0.000
            9539.000       0.187      -0.666       1.000   24.99%       0.000      1.000
     EDUC04                1.724       0.539       0.000   21.26%       0.000      1.000      2.000
            9422.000       1.752      -0.205       6.000    0.02%       2.000      3.000
     SYSTO04             122.224       1.153      70.667    0.01%     108.667    117.333    120.000
            8960.000     343.826       2.613     230.000    0.01%     122.000    134.000
     DIASTO04             78.671       0.598      15.000    0.01%      70.000     76.667     79.333
            8960.000     126.092       1.936     141.333    0.01%      80.000     87.333

     THE STANDARD ERRORS OF THE MODEL PARAMETER ESTIMATES MAY NOT BE
     TRUSTWORTHY FOR SOME PARAMETERS DUE TO A NON-POSITIVE DEFINITE
     FIRST-ORDER DERIVATIVE PRODUCT MATRIX.  THIS MAY BE DUE TO THE STARTING
     VALUES BUT MAY ALSO BE AN INDICATION OF MODEL NONIDENTIFICATION.  THE
     CONDITION NUMBER IS       0.218D-19.  PROBLEM INVOLVING THE FOLLOWING PARAMETER:
     Parameter 143, DIASTO04


THE MODEL ESTIMATION TERMINATED NORMALLY



MODEL FIT INFORMATION

Number of Free Parameters                      143

Loglikelihood

          H0 Value                     -426521.630
          H0 Scaling Correction Factor      9.3611
            for MLR
          H1 Value                     -426354.526
          H1 Scaling Correction Factor      6.7204
            for MLR

Information Criteria

          Akaike (AIC)                  853329.260
          Bayesian (BIC)                854353.709
          Sample-Size Adjusted BIC      853899.277
            (n* = (n + 2) / 24)

Chi-Square Test of Model Fit

          Value                            334.602*
          Degrees of Freedom                    66
          P-Value                           0.0000
          Scaling Correction Factor         0.9988
            for MLR

*   The chi-square value for MLM, MLMV, MLR, ULSMV, WLSM and WLSMV cannot be used
    for chi-square difference testing in the regular way.  MLM, MLR and WLSM
    chi-square difference testing is described on the Mplus website.  MLMV, WLSMV,
    and ULSMV difference testing is done using the DIFFTEST option.

RMSEA (Root Mean Square Error Of Approximation)

          Estimate                           0.021

CFI/TLI

          CFI                                0.961
          TLI                                0.899

Chi-Square Test of Model Fit for the Baseline Model

          Value                           7071.941
          Degrees of Freedom                   171
          P-Value                           0.0000

SRMR (Standardized Root Mean Square Residual)

          Value                              0.012



MODEL RESULTS

                                                    Two-Tailed
                    Estimate       S.E.  Est./S.E.    P-Value

 IB       |
    BMI04              1.000      0.000    999.000    999.000
    BMI06              1.000      0.000    999.000    999.000
    BMI09              1.000      0.000    999.000    999.000
    BMI11              1.000      0.000    999.000    999.000

 SB       |
    BMI04              0.000      0.000    999.000    999.000
    BMI06              2.000      0.000    999.000    999.000
    BMI09              5.000      0.000    999.000    999.000
    BMI11              7.000      0.000    999.000    999.000

 ID       |
    HBS04              1.000      0.000    999.000    999.000
    HBS06              1.000      0.000    999.000    999.000
    HBS09              1.000      0.000    999.000    999.000
    HBS11              1.000      0.000    999.000    999.000

 SD       |
    HBS04              0.000      0.000    999.000    999.000
    HBS06              2.000      0.000    999.000    999.000
    HBS09              5.000      0.000    999.000    999.000
    HBS11              7.000      0.000    999.000    999.000

 IB         ON
    Q1                 0.107      0.092      1.165      0.244
    Q2                 0.683      0.098      6.956      0.000
    Q3                 0.655      0.105      6.246      0.000
    AGE04             -0.002      0.003     -0.563      0.573
    GENDER             0.378      0.086      4.408      0.000
    MET04              0.000      0.000      0.299      0.765
    KCAL04             0.000      0.000      6.739      0.000
    EDUC04             0.052      0.031      1.689      0.091
    SYSTO04            0.025      0.003      8.122      0.000
    DIASTO04           0.058      0.005     12.630      0.000
    SMOKE04           -0.358      0.075     -4.759      0.000

 SB         ON
    Q1                 0.012      0.012      0.978      0.328
    Q2                -0.010      0.014     -0.668      0.504
    Q3                -0.036      0.016     -2.293      0.022
    AGE04             -0.004      0.000     -8.587      0.000
    GENDER            -0.036      0.012     -2.862      0.004
    MET04              0.000      0.000     -0.846      0.398
    KCAL04             0.000      0.000      0.549      0.583
    EDUC04            -0.013      0.004     -2.990      0.003
    SYSTO04           -0.001      0.000     -3.432      0.001
    DIASTO04           0.000      0.001     -0.411      0.681
    SMOKE04           -0.014      0.011     -1.242      0.214

 ID         ON
    Q1                -0.141      0.124     -1.133      0.257
    Q2                -0.702      0.131     -5.347      0.000
    Q3                -1.499      0.141    -10.649      0.000
    AGE04             -0.020      0.004     -5.519      0.000
    GENDER            -0.684      0.113     -6.070      0.000
    MET04              0.000      0.000     -0.877      0.380
    KCAL04             0.002      0.000     31.257      0.000
    EDUC04            -0.108      0.042     -2.580      0.010
    SYSTO04           -0.005      0.004     -1.197      0.231
    DIASTO04           0.020      0.006      3.346      0.001
    SMOKE04            0.136      0.095      1.432      0.152

 SD         ON
    Q1                -0.154      0.028     -5.444      0.000
    Q2                -0.161      0.032     -5.108      0.000
    Q3                -0.095      0.035     -2.748      0.006
    AGE04             -0.005      0.001     -5.600      0.000
    GENDER            -0.179      0.028     -6.322      0.000
    MET04              0.000      0.000      2.926      0.003
    KCAL04             0.000      0.000    -18.110      0.000
    EDUC04             0.001      0.010      0.066      0.948
    SYSTO04           -0.002      0.001     -2.233      0.026
    DIASTO04           0.003      0.001      1.766      0.077
    SMOKE04           -0.028      0.024     -1.157      0.247

 IB       WITH
    SB                -0.091      0.027     -3.406      0.001

 ID       WITH
    SD                -0.429      0.077     -5.574      0.000
    IB                 1.264      0.141      8.976      0.000
    SB                -0.027      0.019     -1.437      0.151

 SD       WITH
    IB                -0.023      0.034     -0.676      0.499
    SB                 0.005      0.004      1.097      0.273

 GENDER   WITH
    AGE04              0.199      0.078      2.534      0.011

 KCAL04   WITH
    AGE04          -1363.375    109.938    -12.401      0.000
    GENDER           -91.666      3.352    -27.349      0.000

 MET04    WITH
    AGE04           -419.939     17.630    -23.820      0.000
    GENDER            -8.117      0.605    -13.417      0.000
    KCAL04         15931.923    878.456     18.136      0.000

 SMOKE04  WITH
    AGE04              0.285      0.081      3.527      0.000
    GENDER            -0.150      0.002    -65.868      0.000
    KCAL04            57.596      3.569     16.136      0.000
    MET04              4.837      0.652      7.417      0.000

 Q1       WITH
    AGE04             -0.282      0.066     -4.311      0.000
    GENDER            -0.002      0.002     -0.833      0.405
    KCAL04            13.587      3.041      4.468      0.000
    MET04              5.234      0.530      9.874      0.000
    SMOKE04            0.003      0.002      1.471      0.141

 Q2       WITH
    AGE04              0.044      0.069      0.633      0.527
    GENDER             0.000      0.002      0.203      0.839
    KCAL04            -6.232      2.914     -2.139      0.032
    MET04             -5.774      0.479    -12.063      0.000
    SMOKE04            0.001      0.003      0.528      0.597
    Q1                -0.063      0.001    -48.837      0.000

 Q3       WITH
    AGE04              0.452      0.070      6.450      0.000
    GENDER             0.003      0.002      1.322      0.186
    KCAL04           -19.114      2.958     -6.463      0.000
    MET04             -9.884      0.438    -22.578      0.000
    SMOKE04           -0.007      0.002     -3.066      0.002
    Q1                -0.063      0.001    -48.832      0.000
    Q2                -0.062      0.001    -48.817      0.000

 EDUC04   WITH
    AGE04             -8.221      0.213    -38.531      0.000
    GENDER            -0.129      0.007    -19.429      0.000
    KCAL04            78.407      8.972      8.740      0.000
    MET04             -1.616      1.357     -1.191      0.234
    SMOKE04            0.042      0.006      6.487      0.000
    Q1                -0.090      0.005    -17.567      0.000
    Q2                 0.025      0.006      4.261      0.000
    Q3                 0.182      0.007     27.090      0.000

 SYSTO04  WITH
    AGE04            117.526      3.262     36.033      0.000
    GENDER            -0.814      0.097     -8.431      0.000
    KCAL04          -955.560    132.453     -7.214      0.000
    MET04           -277.081     22.025    -12.580      0.000
    SMOKE04            0.674      0.112      6.019      0.000
    Q1                -0.170      0.086     -1.983      0.047
    Q2                 0.393      0.085      4.647      0.000
    Q3                 0.344      0.084      4.121      0.000
    EDUC04            -3.746      0.271    -13.828      0.000

 DIASTO04 WITH
    AGE04             35.940      1.849     19.434      0.000
    GENDER            -0.691      0.059    -11.802      0.000
    KCAL04          -280.991     85.259     -3.296      0.001
    MET04            -84.523     13.623     -6.204      0.000
    SMOKE04            0.448      0.059      7.599      0.000
    Q1                -0.066      0.054     -1.221      0.222
    Q2                 0.366      0.051      7.189      0.000
    Q3                -0.009      0.048     -0.193      0.847
    EDUC04            -0.822      0.158     -5.216      0.000
    SYSTO04          148.474      3.547     41.863      0.000

 Means
    AGE04             47.385      0.157    301.706      0.000
    GENDER             1.519      0.005    297.033      0.000
    KCAL04          2188.497      6.928    315.871      0.000
    MET04            116.544      1.197     97.341      0.000
    SMOKE04            0.335      0.005     62.021      0.000
    Q1                 0.250      0.004     56.389      0.000
    Q2                 0.250      0.004     56.395      0.000
    Q3                 0.250      0.004     56.397      0.000
    EDUC04             1.729      0.014    127.046      0.000
    SYSTO04          122.073      0.194    630.866      0.000
    DIASTO04          78.632      0.118    666.476      0.000

 Intercepts
    BMI04              0.000      0.000    999.000    999.000
    BMI06              0.000      0.000    999.000    999.000
    BMI09              0.000      0.000    999.000    999.000
    BMI11              0.000      0.000    999.000    999.000
    HBS04              0.000      0.000    999.000    999.000
    HBS06              0.000      0.000    999.000    999.000
    HBS09              0.000      0.000    999.000    999.000
    HBS11              0.000      0.000    999.000    999.000
    IB                13.778      0.381     36.134      0.000
    SB                 0.512      0.055      9.238      0.000
    ID                 8.257      0.516     16.010      0.000
    SD                 1.412      0.127     11.140      0.000

 Variances
    AGE04            235.499      2.913     80.832      0.000
    GENDER             0.250      0.000   1291.078      0.000
    KCAL04         *********   8275.760     55.377      0.000
    MET04          12716.539    337.533     37.675      0.000
    SMOKE04            0.276      0.021     13.107      0.000
    Q1                 0.188      0.002     84.586      0.000
    Q2                 0.188      0.002     84.596      0.000
    Q3                 0.188      0.002     84.556      0.000
    EDUC04             1.755      0.024     72.433      0.000
    SYSTO04          345.143      7.846     43.989      0.000
    DIASTO04         126.208      2.647     47.671      0.000

 Residual Variances
    BMI04              0.976      0.124      7.866      0.000
    BMI06              3.127      1.762      1.775      0.076
    BMI09              1.536      0.090     17.162      0.000
    BMI11             13.578      5.846      2.323      0.020
    HBS04             18.079      0.491     36.818      0.000
    HBS06             19.908      0.392     50.813      0.000
    HBS09             21.283      0.442     48.190      0.000
    HBS11             19.208      0.602     31.903      0.000
    IB                 9.112      0.202     45.105      0.000
    SB                 0.046      0.004     10.541      0.000
    ID                 4.422      0.396     11.157      0.000
    SD                 0.142      0.020      6.970      0.000


QUALITY OF NUMERICAL RESULTS

     Condition Number for the Information Matrix              0.218E-19
       (ratio of smallest to largest eigenvalue)


CONFIDENCE INTERVALS OF MODEL RESULTS

                  Lower .5%  Lower 2.5%    Lower 5%    Estimate    Upper 5%  Upper 2.5%   Upper .5%

 IB       |
    BMI04            1.000       1.000       1.000       1.000       1.000       1.000       1.000
    BMI06            1.000       1.000       1.000       1.000       1.000       1.000       1.000
    BMI09            1.000       1.000       1.000       1.000       1.000       1.000       1.000
    BMI11            1.000       1.000       1.000       1.000       1.000       1.000       1.000

 SB       |
    BMI04            0.000       0.000       0.000       0.000       0.000       0.000       0.000
    BMI06            2.000       2.000       2.000       2.000       2.000       2.000       2.000
    BMI09            5.000       5.000       5.000       5.000       5.000       5.000       5.000
    BMI11            7.000       7.000       7.000       7.000       7.000       7.000       7.000

 ID       |
    HBS04            1.000       1.000       1.000       1.000       1.000       1.000       1.000
    HBS06            1.000       1.000       1.000       1.000       1.000       1.000       1.000
    HBS09            1.000       1.000       1.000       1.000       1.000       1.000       1.000
    HBS11            1.000       1.000       1.000       1.000       1.000       1.000       1.000

 SD       |
    HBS04            0.000       0.000       0.000       0.000       0.000       0.000       0.000
    HBS06            2.000       2.000       2.000       2.000       2.000       2.000       2.000
    HBS09            5.000       5.000       5.000       5.000       5.000       5.000       5.000
    HBS11            7.000       7.000       7.000       7.000       7.000       7.000       7.000

 IB       ON
    Q1              -0.130      -0.073      -0.044       0.107       0.259       0.288       0.345
    Q2               0.430       0.491       0.522       0.683       0.845       0.876       0.936
    Q3               0.385       0.450       0.483       0.655       0.828       0.861       0.926
    AGE04           -0.009      -0.007      -0.006      -0.002       0.003       0.004       0.006
    GENDER           0.157       0.210       0.237       0.378       0.519       0.546       0.598
    MET04           -0.001      -0.001       0.000       0.000       0.001       0.001       0.001
    KCAL04           0.000       0.000       0.000       0.000       0.000       0.000       0.000
    EDUC04          -0.027      -0.008       0.001       0.052       0.102       0.112       0.131
    SYSTO04          0.017       0.019       0.020       0.025       0.030       0.031       0.033
    DIASTO04         0.046       0.049       0.051       0.058       0.066       0.067       0.070
    SMOKE04         -0.552      -0.506      -0.482      -0.358      -0.234      -0.211      -0.164

 SB       ON
    Q1              -0.020      -0.012      -0.008       0.012       0.032       0.036       0.044
    Q2              -0.047      -0.038      -0.033      -0.010       0.014       0.019       0.027
    Q3              -0.077      -0.067      -0.062      -0.036      -0.010      -0.005       0.004
    AGE04           -0.005      -0.004      -0.004      -0.004      -0.003      -0.003      -0.003
    GENDER          -0.067      -0.060      -0.056      -0.036      -0.015      -0.011      -0.004
    MET04            0.000       0.000       0.000       0.000       0.000       0.000       0.000
    KCAL04           0.000       0.000       0.000       0.000       0.000       0.000       0.000
    EDUC04          -0.024      -0.021      -0.020      -0.013      -0.006      -0.004      -0.002
    SYSTO04         -0.002      -0.002      -0.002      -0.001      -0.001      -0.001       0.000
    DIASTO04        -0.002      -0.001      -0.001       0.000       0.001       0.001       0.001
    SMOKE04         -0.044      -0.037      -0.033      -0.014       0.005       0.008       0.015

 ID       ON
    Q1              -0.460      -0.384      -0.345      -0.141       0.064       0.103       0.179
    Q2              -1.041      -0.960      -0.919      -0.702      -0.486      -0.445      -0.364
    Q3              -1.862      -1.775      -1.731      -1.499      -1.267      -1.223      -1.136
    AGE04           -0.030      -0.027      -0.026      -0.020      -0.014      -0.013      -0.011
    GENDER          -0.975      -0.905      -0.870      -0.684      -0.499      -0.463      -0.394
    MET04           -0.002      -0.001      -0.001       0.000       0.000       0.000       0.001
    KCAL04           0.002       0.002       0.002       0.002       0.003       0.003       0.003
    EDUC04          -0.215      -0.190      -0.177      -0.108      -0.039      -0.026       0.000
    SYSTO04         -0.015      -0.012      -0.011      -0.005       0.002       0.003       0.005
    DIASTO04         0.005       0.008       0.010       0.020       0.030       0.032       0.036
    SMOKE04         -0.109      -0.050      -0.020       0.136       0.293       0.323       0.381

 SD       ON
    Q1              -0.227      -0.210      -0.201      -0.154      -0.108      -0.099      -0.081
    Q2              -0.243      -0.223      -0.213      -0.161      -0.109      -0.099      -0.080
    Q3              -0.184      -0.163      -0.152      -0.095      -0.038      -0.027      -0.006
    AGE04           -0.008      -0.007      -0.007      -0.005      -0.004      -0.003      -0.003
    GENDER          -0.252      -0.234      -0.225      -0.179      -0.132      -0.123      -0.106
    MET04            0.000       0.000       0.000       0.000       0.001       0.001       0.001
    KCAL04           0.000       0.000       0.000       0.000       0.000       0.000       0.000
    EDUC04          -0.026      -0.020      -0.016       0.001       0.018       0.021       0.027
    SYSTO04         -0.005      -0.004      -0.004      -0.002      -0.001       0.000       0.000
    DIASTO04        -0.001       0.000       0.000       0.003       0.005       0.006       0.006
    SMOKE04         -0.091      -0.076      -0.068      -0.028       0.012       0.020       0.034

 IB       WITH
    SB              -0.160      -0.144      -0.135      -0.091      -0.047      -0.039      -0.022

 ID       WITH
    SD              -0.627      -0.580      -0.556      -0.429      -0.302      -0.278      -0.231
    IB               0.901       0.988       1.033       1.264       1.496       1.540       1.627
    SB              -0.076      -0.064      -0.058      -0.027       0.004       0.010       0.021

 SD       WITH
    IB              -0.112      -0.091      -0.080      -0.023       0.033       0.044       0.066
    SB              -0.006      -0.004      -0.002       0.005       0.011       0.013       0.015

 GENDER   WITH
    AGE04           -0.003       0.045       0.070       0.199       0.328       0.352       0.401

 KCAL04   WITH
    AGE04        -1646.553   -1578.854   -1544.223   -1363.375   -1182.526   -1147.896   -1080.196
    GENDER        -100.299     -98.235     -97.179     -91.666     -86.152     -85.097     -83.033

 MET04    WITH
    AGE04         -465.350    -454.494    -448.940    -419.939    -390.938    -385.384    -374.527
    GENDER          -9.676      -9.303      -9.113      -8.117      -7.122      -6.931      -6.559
    KCAL04       13669.197   14210.149   14486.863   15931.923   17376.982   17653.695   18194.648

 SMOKE04  WITH
    AGE04            0.077       0.127       0.152       0.285       0.418       0.444       0.493
    GENDER          -0.156      -0.155      -0.154      -0.150      -0.147      -0.146      -0.144
    KCAL04          48.402      50.600      51.725      57.596      63.468      64.592      66.790
    MET04            3.157       3.559       3.764       4.837       5.909       6.115       6.516

 Q1       WITH
    AGE04           -0.451      -0.411      -0.390      -0.282      -0.175      -0.154      -0.114
    GENDER          -0.008      -0.006      -0.005      -0.002       0.002       0.002       0.004
    KCAL04           5.755       7.628       8.585      13.587      18.590      19.547      21.420
    MET04            3.868       4.195       4.362       5.234       6.106       6.273       6.599
    SMOKE04         -0.002      -0.001       0.000       0.003       0.007       0.008       0.009

 Q2       WITH
    AGE04           -0.135      -0.092      -0.070       0.044       0.158       0.180       0.223
    GENDER          -0.005      -0.004      -0.003       0.000       0.004       0.005       0.006
    KCAL04         -13.737     -11.943     -11.025      -6.232      -1.439      -0.521       1.273
    MET04           -7.007      -6.712      -6.561      -5.774      -4.987      -4.836      -4.541
    SMOKE04         -0.005      -0.004      -0.003       0.001       0.005       0.006       0.008
    Q1              -0.066      -0.065      -0.065      -0.063      -0.060      -0.060      -0.059

 Q3       WITH
    AGE04            0.271       0.314       0.336       0.452       0.567       0.589       0.632
    GENDER          -0.003      -0.001      -0.001       0.003       0.007       0.007       0.009
    KCAL04         -26.732     -24.911     -23.979     -19.114     -14.249     -13.317     -11.496
    MET04          -11.012     -10.742     -10.604      -9.884      -9.164      -9.026      -8.757
    SMOKE04         -0.013      -0.012      -0.011      -0.007      -0.003      -0.003      -0.001
    Q1              -0.066      -0.065      -0.065      -0.063      -0.060      -0.060      -0.059
    Q2              -0.066      -0.065      -0.065      -0.062      -0.060      -0.060      -0.059

 EDUC04   WITH
    AGE04           -8.771      -8.640      -8.572      -8.221      -7.870      -7.803      -7.672
    GENDER          -0.147      -0.143      -0.140      -0.129      -0.118      -0.116      -0.112
    KCAL04          55.298      60.823      63.649      78.407      93.165      95.991     101.516
    MET04           -5.111      -4.275      -3.848      -1.616       0.616       1.044       1.880
    SMOKE04          0.025       0.029       0.031       0.042       0.052       0.054       0.058
    Q1              -0.104      -0.100      -0.099      -0.090      -0.082      -0.080      -0.077
    Q2               0.010       0.014       0.016       0.025       0.035       0.037       0.041
    Q3               0.165       0.169       0.171       0.182       0.194       0.196       0.200

 SYSTO04  WITH
    AGE04          109.125     111.133     112.161     117.526     122.892     123.919     125.928
    GENDER          -1.062      -1.003      -0.972      -0.814      -0.655      -0.625      -0.565
    KCAL04       -1296.733   -1215.168   -1173.446    -955.560    -737.674    -695.952    -614.387
    MET04         -333.813    -320.250    -313.313    -277.081    -240.850    -233.912    -220.349
    SMOKE04          0.386       0.455       0.490       0.674       0.859       0.894       0.963
    Q1              -0.391      -0.338      -0.311      -0.170      -0.029      -0.002       0.051
    Q2               0.175       0.228       0.254       0.393       0.533       0.559       0.612
    Q3               0.129       0.181       0.207       0.344       0.482       0.508       0.559
    EDUC04          -4.444      -4.277      -4.192      -3.746      -3.301      -3.215      -3.049

 DIASTO04 WITH
    AGE04           31.176      32.315      32.898      35.940      38.982      39.565      40.704
    GENDER          -0.841      -0.805      -0.787      -0.691      -0.594      -0.576      -0.540
    KCAL04        -500.600    -448.098    -421.242    -280.991    -140.741    -113.884     -61.382
    MET04         -119.614    -111.224    -106.933     -84.523     -62.112     -57.821     -49.432
    SMOKE04          0.296       0.332       0.351       0.448       0.545       0.563       0.600
    Q1              -0.206      -0.173      -0.156      -0.066       0.023       0.040       0.074
    Q2               0.235       0.266       0.282       0.366       0.450       0.466       0.497
    Q3              -0.134      -0.104      -0.089      -0.009       0.070       0.085       0.115
    EDUC04          -1.228      -1.131      -1.082      -0.822      -0.563      -0.513      -0.416
    SYSTO04        139.338     141.522     142.640     148.474     154.308     155.425     157.609

 Means
    AGE04           46.981      47.078      47.127      47.385      47.644      47.693      47.790
    GENDER           1.506       1.509       1.510       1.519       1.527       1.529       1.532
    KCAL04        2170.651    2174.917    2177.100    2188.497    2199.894    2202.077    2206.343
    MET04          113.460     114.197     114.574     116.544     118.513     118.890     119.628
    SMOKE04          0.321       0.324       0.326       0.335       0.344       0.345       0.349
    Q1               0.239       0.241       0.243       0.250       0.257       0.259       0.261
    Q2               0.239       0.241       0.243       0.250       0.257       0.259       0.261
    Q3               0.239       0.241       0.243       0.250       0.257       0.259       0.262
    EDUC04           1.694       1.703       1.707       1.729       1.752       1.756       1.764
    SYSTO04        121.575     121.694     121.755     122.073     122.392     122.453     122.572
    DIASTO04        78.328      78.401      78.438      78.632      78.826      78.863      78.936

 Intercepts
    BMI04            0.000       0.000       0.000       0.000       0.000       0.000       0.000
    BMI06            0.000       0.000       0.000       0.000       0.000       0.000       0.000
    BMI09            0.000       0.000       0.000       0.000       0.000       0.000       0.000
    BMI11            0.000       0.000       0.000       0.000       0.000       0.000       0.000
    HBS04            0.000       0.000       0.000       0.000       0.000       0.000       0.000
    HBS06            0.000       0.000       0.000       0.000       0.000       0.000       0.000
    HBS09            0.000       0.000       0.000       0.000       0.000       0.000       0.000
    HBS11            0.000       0.000       0.000       0.000       0.000       0.000       0.000
    IB              12.796      13.031      13.151      13.778      14.406      14.526      14.761
    SB               0.369       0.404       0.421       0.512       0.603       0.621       0.655
    ID               6.928       7.246       7.408       8.257       9.105       9.267       9.585
    SD               1.085       1.163       1.203       1.412       1.620       1.660       1.738

 Variances
    AGE04          227.994     229.789     230.706     235.499     240.291     241.209     243.003
    GENDER           0.249       0.249       0.249       0.250       0.250       0.250       0.250
    KCAL04       *********  442068.375  444675.250  458288.875  471902.500  474509.375  479605.562
    MET04        11847.122   12054.975   12161.297   12716.539   13271.781   13378.104   13585.956
    SMOKE04          0.222       0.235       0.241       0.276       0.311       0.317       0.330
    Q1               0.182       0.183       0.184       0.188       0.191       0.192       0.193
    Q2               0.182       0.183       0.184       0.188       0.191       0.192       0.193
    Q3               0.182       0.183       0.184       0.188       0.191       0.192       0.193
    EDUC04           1.693       1.708       1.716       1.755       1.795       1.803       1.818
    SYSTO04        324.933     329.764     332.236     345.143     358.050     360.521     365.353
    DIASTO04       119.389     121.019     121.853     126.208     130.563     131.397     133.027

 Residual Variances
    BMI04            0.657       0.733       0.772       0.976       1.180       1.220       1.296
    BMI06           -1.411      -0.326       0.229       3.127       6.026       6.581       7.666
    BMI09            1.306       1.361       1.389       1.536       1.684       1.712       1.767
    BMI11           -1.479       2.121       3.962      13.578      23.194      25.035      28.635
    HBS04           16.814      17.116      17.271      18.079      18.887      19.041      19.344
    HBS06           18.899      19.140      19.264      19.908      20.553      20.676      20.917
    HBS09           20.145      20.417      20.556      21.283      22.009      22.148      22.420
    HBS11           17.657      18.028      18.217      19.208      20.198      20.388      20.759
    IB               8.592       8.716       8.780       9.112       9.445       9.508       9.633
    SB               0.034       0.037       0.039       0.046       0.053       0.054       0.057
    ID               3.401       3.645       3.770       4.422       5.074       5.198       5.442
    SD               0.089       0.102       0.108       0.142       0.175       0.182       0.194


TECHNICAL 1 OUTPUT


     PARAMETER SPECIFICATION


           NU
              BMI04         BMI06         BMI09         BMI11         HBS04
              ________      ________      ________      ________      ________
 1                  0             0             0             0             0


           NU
              HBS06         HBS09         HBS11         AGE04         GENDER
              ________      ________      ________      ________      ________
 1                  0             0             0             0             0


           NU
              KCAL04        MET04         SMOKE04       Q1            Q2
              ________      ________      ________      ________      ________
 1                  0             0             0             0             0


           NU
              Q3            EDUC04        SYSTO04       DIASTO04
              ________      ________      ________      ________
 1                  0             0             0             0


           LAMBDA
              IB            SB            ID            SD            AGE04
              ________      ________      ________      ________      ________
 BMI04              0             0             0             0             0
 BMI06              0             0             0             0             0
 BMI09              0             0             0             0             0
 BMI11              0             0             0             0             0
 HBS04              0             0             0             0             0
 HBS06              0             0             0             0             0
 HBS09              0             0             0             0             0
 HBS11              0             0             0             0             0
 AGE04              0             0             0             0             0
 GENDER             0             0             0             0             0
 KCAL04             0             0             0             0             0
 MET04              0             0             0             0             0
 SMOKE04            0             0             0             0             0
 Q1                 0             0             0             0             0
 Q2                 0             0             0             0             0
 Q3                 0             0             0             0             0
 EDUC04             0             0             0             0             0
 SYSTO04            0             0             0             0             0
 DIASTO04           0             0             0             0             0


           LAMBDA
              GENDER        KCAL04        MET04         SMOKE04       Q1
              ________      ________      ________      ________      ________
 BMI04              0             0             0             0             0
 BMI06              0             0             0             0             0
 BMI09              0             0             0             0             0
 BMI11              0             0             0             0             0
 HBS04              0             0             0             0             0
 HBS06              0             0             0             0             0
 HBS09              0             0             0             0             0
 HBS11              0             0             0             0             0
 AGE04              0             0             0             0             0
 GENDER             0             0             0             0             0
 KCAL04             0             0             0             0             0
 MET04              0             0             0             0             0
 SMOKE04            0             0             0             0             0
 Q1                 0             0             0             0             0
 Q2                 0             0             0             0             0
 Q3                 0             0             0             0             0
 EDUC04             0             0             0             0             0
 SYSTO04            0             0             0             0             0
 DIASTO04           0             0             0             0             0


           LAMBDA
              Q2            Q3            EDUC04        SYSTO04       DIASTO04
              ________      ________      ________      ________      ________
 BMI04              0             0             0             0             0
 BMI06              0             0             0             0             0
 BMI09              0             0             0             0             0
 BMI11              0             0             0             0             0
 HBS04              0             0             0             0             0
 HBS06              0             0             0             0             0
 HBS09              0             0             0             0             0
 HBS11              0             0             0             0             0
 AGE04              0             0             0             0             0
 GENDER             0             0             0             0             0
 KCAL04             0             0             0             0             0
 MET04              0             0             0             0             0
 SMOKE04            0             0             0             0             0
 Q1                 0             0             0             0             0
 Q2                 0             0             0             0             0
 Q3                 0             0             0             0             0
 EDUC04             0             0             0             0             0
 SYSTO04            0             0             0             0             0
 DIASTO04           0             0             0             0             0


           THETA
              BMI04         BMI06         BMI09         BMI11         HBS04
              ________      ________      ________      ________      ________
 BMI04              1
 BMI06              0             2
 BMI09              0             0             3
 BMI11              0             0             0             4
 HBS04              0             0             0             0             5
 HBS06              0             0             0             0             0
 HBS09              0             0             0             0             0
 HBS11              0             0             0             0             0
 AGE04              0             0             0             0             0
 GENDER             0             0             0             0             0
 KCAL04             0             0             0             0             0
 MET04              0             0             0             0             0
 SMOKE04            0             0             0             0             0
 Q1                 0             0             0             0             0
 Q2                 0             0             0             0             0
 Q3                 0             0             0             0             0
 EDUC04             0             0             0             0             0
 SYSTO04            0             0             0             0             0
 DIASTO04           0             0             0             0             0


           THETA
              HBS06         HBS09         HBS11         AGE04         GENDER
              ________      ________      ________      ________      ________
 HBS06              6
 HBS09              0             7
 HBS11              0             0             8
 AGE04              0             0             0             0
 GENDER             0             0             0             0             0
 KCAL04             0             0             0             0             0
 MET04              0             0             0             0             0
 SMOKE04            0             0             0             0             0
 Q1                 0             0             0             0             0
 Q2                 0             0             0             0             0
 Q3                 0             0             0             0             0
 EDUC04             0             0             0             0             0
 SYSTO04            0             0             0             0             0
 DIASTO04           0             0             0             0             0


           THETA
              KCAL04        MET04         SMOKE04       Q1            Q2
              ________      ________      ________      ________      ________
 KCAL04             0
 MET04              0             0
 SMOKE04            0             0             0
 Q1                 0             0             0             0
 Q2                 0             0             0             0             0
 Q3                 0             0             0             0             0
 EDUC04             0             0             0             0             0
 SYSTO04            0             0             0             0             0
 DIASTO04           0             0             0             0             0


           THETA
              Q3            EDUC04        SYSTO04       DIASTO04
              ________      ________      ________      ________
 Q3                 0
 EDUC04             0             0
 SYSTO04            0             0             0
 DIASTO04           0             0             0             0


           ALPHA
              IB            SB            ID            SD            AGE04
              ________      ________      ________      ________      ________
 1                  9            10            11            12            13


           ALPHA
              GENDER        KCAL04        MET04         SMOKE04       Q1
              ________      ________      ________      ________      ________
 1                 14            15            16            17            18


           ALPHA
              Q2            Q3            EDUC04        SYSTO04       DIASTO04
              ________      ________      ________      ________      ________
 1                 19            20            21            22            23


           BETA
              IB            SB            ID            SD            AGE04
              ________      ________      ________      ________      ________
 IB                 0             0             0             0            24
 SB                 0             0             0             0            35
 ID                 0             0             0             0            46
 SD                 0             0             0             0            57
 AGE04              0             0             0             0             0
 GENDER             0             0             0             0             0
 KCAL04             0             0             0             0             0
 MET04              0             0             0             0             0
 SMOKE04            0             0             0             0             0
 Q1                 0             0             0             0             0
 Q2                 0             0             0             0             0
 Q3                 0             0             0             0             0
 EDUC04             0             0             0             0             0
 SYSTO04            0             0             0             0             0
 DIASTO04           0             0             0             0             0


           BETA
              GENDER        KCAL04        MET04         SMOKE04       Q1
              ________      ________      ________      ________      ________
 IB                25            26            27            28            29
 SB                36            37            38            39            40
 ID                47            48            49            50            51
 SD                58            59            60            61            62
 AGE04              0             0             0             0             0
 GENDER             0             0             0             0             0
 KCAL04             0             0             0             0             0
 MET04              0             0             0             0             0
 SMOKE04            0             0             0             0             0
 Q1                 0             0             0             0             0
 Q2                 0             0             0             0             0
 Q3                 0             0             0             0             0
 EDUC04             0             0             0             0             0
 SYSTO04            0             0             0             0             0
 DIASTO04           0             0             0             0             0


           BETA
              Q2            Q3            EDUC04        SYSTO04       DIASTO04
              ________      ________      ________      ________      ________
 IB                30            31            32            33            34
 SB                41            42            43            44            45
 ID                52            53            54            55            56
 SD                63            64            65            66            67
 AGE04              0             0             0             0             0
 GENDER             0             0             0             0             0
 KCAL04             0             0             0             0             0
 MET04              0             0             0             0             0
 SMOKE04            0             0             0             0             0
 Q1                 0             0             0             0             0
 Q2                 0             0             0             0             0
 Q3                 0             0             0             0             0
 EDUC04             0             0             0             0             0
 SYSTO04            0             0             0             0             0
 DIASTO04           0             0             0             0             0


           PSI
              IB            SB            ID            SD            AGE04
              ________      ________      ________      ________      ________
 IB                68
 SB                69            70
 ID                71            72            73
 SD                74            75            76            77
 AGE04              0             0             0             0            78
 GENDER             0             0             0             0            79
 KCAL04             0             0             0             0            81
 MET04              0             0             0             0            84
 SMOKE04            0             0             0             0            88
 Q1                 0             0             0             0            93
 Q2                 0             0             0             0            99
 Q3                 0             0             0             0           106
 EDUC04             0             0             0             0           114
 SYSTO04            0             0             0             0           123
 DIASTO04           0             0             0             0           133


           PSI
              GENDER        KCAL04        MET04         SMOKE04       Q1
              ________      ________      ________      ________      ________
 GENDER            80
 KCAL04            82            83
 MET04             85            86            87
 SMOKE04           89            90            91            92
 Q1                94            95            96            97            98
 Q2               100           101           102           103           104
 Q3               107           108           109           110           111
 EDUC04           115           116           117           118           119
 SYSTO04          124           125           126           127           128
 DIASTO04         134           135           136           137           138


           PSI
              Q2            Q3            EDUC04        SYSTO04       DIASTO04
              ________      ________      ________      ________      ________
 Q2               105
 Q3               112           113
 EDUC04           120           121           122
 SYSTO04          129           130           131           132
 DIASTO04         139           140           141           142           143


     STARTING VALUES


           NU
              BMI04         BMI06         BMI09         BMI11         HBS04
              ________      ________      ________      ________      ________
 1              0.000         0.000         0.000         0.000         0.000


           NU
              HBS06         HBS09         HBS11         AGE04         GENDER
              ________      ________      ________      ________      ________
 1              0.000         0.000         0.000         0.000         0.000


           NU
              KCAL04        MET04         SMOKE04       Q1            Q2
              ________      ________      ________      ________      ________
 1              0.000         0.000         0.000         0.000         0.000


           NU
              Q3            EDUC04        SYSTO04       DIASTO04
              ________      ________      ________      ________
 1              0.000         0.000         0.000         0.000


           LAMBDA
              IB            SB            ID            SD            AGE04
              ________      ________      ________      ________      ________
 BMI04          1.000         0.000         0.000         0.000         0.000
 BMI06          1.000         2.000         0.000         0.000         0.000
 BMI09          1.000         5.000         0.000         0.000         0.000
 BMI11          1.000         7.000         0.000         0.000         0.000
 HBS04          0.000         0.000         1.000         0.000         0.000
 HBS06          0.000         0.000         1.000         2.000         0.000
 HBS09          0.000         0.000         1.000         5.000         0.000
 HBS11          0.000         0.000         1.000         7.000         0.000
 AGE04          0.000         0.000         0.000         0.000         1.000
 GENDER         0.000         0.000         0.000         0.000         0.000
 KCAL04         0.000         0.000         0.000         0.000         0.000
 MET04          0.000         0.000         0.000         0.000         0.000
 SMOKE04        0.000         0.000         0.000         0.000         0.000
 Q1             0.000         0.000         0.000         0.000         0.000
 Q2             0.000         0.000         0.000         0.000         0.000
 Q3             0.000         0.000         0.000         0.000         0.000
 EDUC04         0.000         0.000         0.000         0.000         0.000
 SYSTO04        0.000         0.000         0.000         0.000         0.000
 DIASTO04       0.000         0.000         0.000         0.000         0.000


           LAMBDA
              GENDER        KCAL04        MET04         SMOKE04       Q1
              ________      ________      ________      ________      ________
 BMI04          0.000         0.000         0.000         0.000         0.000
 BMI06          0.000         0.000         0.000         0.000         0.000
 BMI09          0.000         0.000         0.000         0.000         0.000
 BMI11          0.000         0.000         0.000         0.000         0.000
 HBS04          0.000         0.000         0.000         0.000         0.000
 HBS06          0.000         0.000         0.000         0.000         0.000
 HBS09          0.000         0.000         0.000         0.000         0.000
 HBS11          0.000         0.000         0.000         0.000         0.000
 AGE04          0.000         0.000         0.000         0.000         0.000
 GENDER         1.000         0.000         0.000         0.000         0.000
 KCAL04         0.000         1.000         0.000         0.000         0.000
 MET04          0.000         0.000         1.000         0.000         0.000
 SMOKE04        0.000         0.000         0.000         1.000         0.000
 Q1             0.000         0.000         0.000         0.000         1.000
 Q2             0.000         0.000         0.000         0.000         0.000
 Q3             0.000         0.000         0.000         0.000         0.000
 EDUC04         0.000         0.000         0.000         0.000         0.000
 SYSTO04        0.000         0.000         0.000         0.000         0.000
 DIASTO04       0.000         0.000         0.000         0.000         0.000


           LAMBDA
              Q2            Q3            EDUC04        SYSTO04       DIASTO04
              ________      ________      ________      ________      ________
 BMI04          0.000         0.000         0.000         0.000         0.000
 BMI06          0.000         0.000         0.000         0.000         0.000
 BMI09          0.000         0.000         0.000         0.000         0.000
 BMI11          0.000         0.000         0.000         0.000         0.000
 HBS04          0.000         0.000         0.000         0.000         0.000
 HBS06          0.000         0.000         0.000         0.000         0.000
 HBS09          0.000         0.000         0.000         0.000         0.000
 HBS11          0.000         0.000         0.000         0.000         0.000
 AGE04          0.000         0.000         0.000         0.000         0.000
 GENDER         0.000         0.000         0.000         0.000         0.000
 KCAL04         0.000         0.000         0.000         0.000         0.000
 MET04          0.000         0.000         0.000         0.000         0.000
 SMOKE04        0.000         0.000         0.000         0.000         0.000
 Q1             0.000         0.000         0.000         0.000         0.000
 Q2             1.000         0.000         0.000         0.000         0.000
 Q3             0.000         1.000         0.000         0.000         0.000
 EDUC04         0.000         0.000         1.000         0.000         0.000
 SYSTO04        0.000         0.000         0.000         1.000         0.000
 DIASTO04       0.000         0.000         0.000         0.000         1.000


           THETA
              BMI04         BMI06         BMI09         BMI11         HBS04
              ________      ________      ________      ________      ________
 BMI04          5.617
 BMI06          0.000         6.364
 BMI09          0.000         0.000         5.891
 BMI11          0.000         0.000         0.000        11.820
 HBS04          0.000         0.000         0.000         0.000        13.552
 HBS06          0.000         0.000         0.000         0.000         0.000
 HBS09          0.000         0.000         0.000         0.000         0.000
 HBS11          0.000         0.000         0.000         0.000         0.000
 AGE04          0.000         0.000         0.000         0.000         0.000
 GENDER         0.000         0.000         0.000         0.000         0.000
 KCAL04         0.000         0.000         0.000         0.000         0.000
 MET04          0.000         0.000         0.000         0.000         0.000
 SMOKE04        0.000         0.000         0.000         0.000         0.000
 Q1             0.000         0.000         0.000         0.000         0.000
 Q2             0.000         0.000         0.000         0.000         0.000
 Q3             0.000         0.000         0.000         0.000         0.000
 EDUC04         0.000         0.000         0.000         0.000         0.000
 SYSTO04        0.000         0.000         0.000         0.000         0.000
 DIASTO04       0.000         0.000         0.000         0.000         0.000


           THETA
              HBS06         HBS09         HBS11         AGE04         GENDER
              ________      ________      ________      ________      ________
 HBS06         12.911
 HBS09          0.000        13.524
 HBS11          0.000         0.000        13.664
 AGE04          0.000         0.000         0.000         0.000
 GENDER         0.000         0.000         0.000         0.000         0.000
 KCAL04         0.000         0.000         0.000         0.000         0.000
 MET04          0.000         0.000         0.000         0.000         0.000
 SMOKE04        0.000         0.000         0.000         0.000         0.000
 Q1             0.000         0.000         0.000         0.000         0.000
 Q2             0.000         0.000         0.000         0.000         0.000
 Q3             0.000         0.000         0.000         0.000         0.000
 EDUC04         0.000         0.000         0.000         0.000         0.000
 SYSTO04        0.000         0.000         0.000         0.000         0.000
 DIASTO04       0.000         0.000         0.000         0.000         0.000


           THETA
              KCAL04        MET04         SMOKE04       Q1            Q2
              ________      ________      ________      ________      ________
 KCAL04         0.000
 MET04          0.000         0.000
 SMOKE04        0.000         0.000         0.000
 Q1             0.000         0.000         0.000         0.000
 Q2             0.000         0.000         0.000         0.000         0.000
 Q3             0.000         0.000         0.000         0.000         0.000
 EDUC04         0.000         0.000         0.000         0.000         0.000
 SYSTO04        0.000         0.000         0.000         0.000         0.000
 DIASTO04       0.000         0.000         0.000         0.000         0.000


           THETA
              Q3            EDUC04        SYSTO04       DIASTO04
              ________      ________      ________      ________
 Q3             0.000
 EDUC04         0.000         0.000
 SYSTO04        0.000         0.000         0.000
 DIASTO04       0.000         0.000         0.000         0.000


           ALPHA
              IB            SB            ID            SD            AGE04
              ________      ________      ________      ________      ________
 1             23.091         0.035        11.790        -0.069        47.385


           ALPHA
              GENDER        KCAL04        MET04         SMOKE04       Q1
              ________      ________      ________      ________      ________
 1              1.519      2188.497       118.186         0.334         0.250


           ALPHA
              Q2            Q3            EDUC04        SYSTO04       DIASTO04
              ________      ________      ________      ________      ________
 1              0.250         0.250         1.724       122.224        78.671


           BETA
              IB            SB            ID            SD            AGE04
              ________      ________      ________      ________      ________
 IB             0.000         0.000         0.000         0.000         0.000
 SB             0.000         0.000         0.000         0.000         0.000
 ID             0.000         0.000         0.000         0.000         0.000
 SD             0.000         0.000         0.000         0.000         0.000
 AGE04          0.000         0.000         0.000         0.000         0.000
 GENDER         0.000         0.000         0.000         0.000         0.000
 KCAL04         0.000         0.000         0.000         0.000         0.000
 MET04          0.000         0.000         0.000         0.000         0.000
 SMOKE04        0.000         0.000         0.000         0.000         0.000
 Q1             0.000         0.000         0.000         0.000         0.000
 Q2             0.000         0.000         0.000         0.000         0.000
 Q3             0.000         0.000         0.000         0.000         0.000
 EDUC04         0.000         0.000         0.000         0.000         0.000
 SYSTO04        0.000         0.000         0.000         0.000         0.000
 DIASTO04       0.000         0.000         0.000         0.000         0.000


           BETA
              GENDER        KCAL04        MET04         SMOKE04       Q1
              ________      ________      ________      ________      ________
 IB             0.000         0.000         0.000         0.000         0.000
 SB             0.000         0.000         0.000         0.000         0.000
 ID             0.000         0.000         0.000         0.000         0.000
 SD             0.000         0.000         0.000         0.000         0.000
 AGE04          0.000         0.000         0.000         0.000         0.000
 GENDER         0.000         0.000         0.000         0.000         0.000
 KCAL04         0.000         0.000         0.000         0.000         0.000
 MET04          0.000         0.000         0.000         0.000         0.000
 SMOKE04        0.000         0.000         0.000         0.000         0.000
 Q1             0.000         0.000         0.000         0.000         0.000
 Q2             0.000         0.000         0.000         0.000         0.000
 Q3             0.000         0.000         0.000         0.000         0.000
 EDUC04         0.000         0.000         0.000         0.000         0.000
 SYSTO04        0.000         0.000         0.000         0.000         0.000
 DIASTO04       0.000         0.000         0.000         0.000         0.000


           BETA
              Q2            Q3            EDUC04        SYSTO04       DIASTO04
              ________      ________      ________      ________      ________
 IB             0.000         0.000         0.000         0.000         0.000
 SB             0.000         0.000         0.000         0.000         0.000
 ID             0.000         0.000         0.000         0.000         0.000
 SD             0.000         0.000         0.000         0.000         0.000
 AGE04          0.000         0.000         0.000         0.000         0.000
 GENDER         0.000         0.000         0.000         0.000         0.000
 KCAL04         0.000         0.000         0.000         0.000         0.000
 MET04          0.000         0.000         0.000         0.000         0.000
 SMOKE04        0.000         0.000         0.000         0.000         0.000
 Q1             0.000         0.000         0.000         0.000         0.000
 Q2             0.000         0.000         0.000         0.000         0.000
 Q3             0.000         0.000         0.000         0.000         0.000
 EDUC04         0.000         0.000         0.000         0.000         0.000
 SYSTO04        0.000         0.000         0.000         0.000         0.000
 DIASTO04       0.000         0.000         0.000         0.000         0.000


           PSI
              IB            SB            ID            SD            AGE04
              ________      ________      ________      ________      ________
 IB            11.513
 SB             0.000         0.570
 ID             0.000         0.000        25.807
 SD             0.000         0.000         0.000         6.365
 AGE04          0.000         0.000         0.000         0.000       117.749
 GENDER         0.000         0.000         0.000         0.000         0.000
 KCAL04         0.000         0.000         0.000         0.000         0.000
 MET04          0.000         0.000         0.000         0.000         0.000
 SMOKE04        0.000         0.000         0.000         0.000         0.000
 Q1             0.000         0.000         0.000         0.000         0.000
 Q2             0.000         0.000         0.000         0.000         0.000
 Q3             0.000         0.000         0.000         0.000         0.000
 EDUC04         0.000         0.000         0.000         0.000         0.000
 SYSTO04        0.000         0.000         0.000         0.000         0.000
 DIASTO04       0.000         0.000         0.000         0.000         0.000


           PSI
              GENDER        KCAL04        MET04         SMOKE04       Q1
              ________      ________      ________      ________      ________
 GENDER         0.125
 KCAL04         0.000    229144.438
 MET04          0.000         0.000      6315.442
 SMOKE04        0.000         0.000         0.000         0.138
 Q1             0.000         0.000         0.000         0.000         0.094
 Q2             0.000         0.000         0.000         0.000         0.000
 Q3             0.000         0.000         0.000         0.000         0.000
 EDUC04         0.000         0.000         0.000         0.000         0.000
 SYSTO04        0.000         0.000         0.000         0.000         0.000
 DIASTO04       0.000         0.000         0.000         0.000         0.000


           PSI
              Q2            Q3            EDUC04        SYSTO04       DIASTO04
              ________      ________      ________      ________      ________
 Q2             0.094
 Q3             0.000         0.094
 EDUC04         0.000         0.000         0.876
 SYSTO04        0.000         0.000         0.000       171.913
 DIASTO04       0.000         0.000         0.000         0.000        63.046


DIAGRAM INFORMATION

  Use View Diagram under the Diagram menu in the Mplus Editor to view the diagram.
  If running Mplus from the Mplus Diagrammer, the diagram opens automatically.

  Diagram output
    c:\users\likai\documents\git_repo\dqmedi\mplus\longitudinal\hbs bmi no mediation - model fit.dgm

     Beginning Time:  22:42:21
        Ending Time:  22:42:46
       Elapsed Time:  00:00:25



MUTHEN & MUTHEN
3463 Stoner Ave.
Los Angeles, CA  90066

Tel: (310) 391-9971
Fax: (310) 391-8971
Web: www.StatModel.com
Support: Support@StatModel.com

Copyright (c) 1998-2015 Muthen & Muthen
