Mplus VERSION 7.4
MUTHEN & MUTHEN
05/16/2019  10:41 PM

INPUT INSTRUCTIONS

  DATA: File is id0411 mplus.csv;

  VARIABLE: Names are IDind WAVE hhid t2 commid age04
                      kcal04 carbo04 fat04 protn04 bmi04
                      hwr04 wc04 diasto04 systo04 smoke04
                      gender educ04 indinc04 index04 met04
                      cmfp04 dash04 ahei04 hbs04 lbs04 dqd04
                      age06 kcal06 carbo06 fat06 protn06 bmi06
                      hwr06 wc06 diasto06 systo06 smoke06
                      educ06 indinc06 index06 met06 cmfp06 dash06
                      ahei06 hbs06 lbs06 dqd06 age09 kcal09 carbo09
                      fat09 protn09 bmi09 hwr09 wc09 diasto09 systo09
                      smoke09 educ09 indinc09 index09 met09 cmfp09
                      dash09 ahei09 hbs09 lbs09 dqd09 age11 kcal11
                      carbo11 fat11 protn11 bmi11 hwr11 wc11 diasto11
                      systo11 smoke11 educ11 indinc11 index11 met11
                      cmfp11 dash11 ahei11 hbs11 lbs11 dqd11 q_index
                       q1 q2 q3 carbo_p protn_p fat_p;

           Usev are  age04 gender kcal04 met04
                     bmi04 bmi06 bmi09 bmi11 smoke04
                     lbs04 lbs06 lbs09 lbs11
                     q1 q2 q3 educ04 systo04 diasto04;


           Missing are all(999);


  ANALYSIS:
  Type=random;

  MODEL:
  age04 gender kcal04 met04 smoke04
  bmi04 bmi06 bmi09 bmi11 educ04 systo04 diasto04
  lbs04 lbs06 lbs09 lbs11 q1 q2 q3;

  ib sb | bmi04@0 bmi06@2 bmi09@5 bmi11@7;
  id sd | lbs04@0 lbs06@2 lbs09@5 lbs11@7;

  ib with sb;
  id with sd;

  ib-sd on q1 q2 q3 age04 gender met04 kcal04 educ04 systo04 diasto04 smoke04;

  OUTPUT: SAMPSTAT cinterval;



INPUT READING TERMINATED NORMALLY




SUMMARY OF ANALYSIS

Number of groups                                                 1
Number of observations                                        9547

Number of dependent variables                                    8
Number of independent variables                                 11
Number of continuous latent variables                            4

Observed dependent variables

  Continuous
   BMI04       BMI06       BMI09       BMI11       LBS04       LBS06
   LBS09       LBS11

Observed independent variables
   AGE04       GENDER      KCAL04      MET04       SMOKE04     Q1
   Q2          Q3          EDUC04      SYSTO04     DIASTO04

Continuous latent variables
   IB          SB          ID          SD


Estimator                                                      MLR
Information matrix                                        OBSERVED
Maximum number of iterations                                   100
Convergence criterion                                    0.100D-05
Maximum number of EM iterations                                500
Convergence criteria for the EM algorithm
  Loglikelihood change                                   0.100D-02
  Relative loglikelihood change                          0.100D-05
  Derivative                                             0.100D-03
Minimum variance                                         0.100D-03
Maximum number of steepest descent iterations                   20
Maximum number of iterations for H1                           2000
Convergence criterion for H1                             0.100D-03
Optimization algorithm                                         EMA

Input data file(s)
  id0411 mplus.csv
Input data format  FREE


SUMMARY OF DATA

     Number of missing data patterns           197


COVARIANCE COVERAGE OF DATA

Minimum covariance coverage value   0.100


     PROPORTION OF DATA PRESENT


           Covariance Coverage
              BMI04         BMI06         BMI09         BMI11         LBS04
              ________      ________      ________      ________      ________
 BMI04          0.928
 BMI06          0.690         0.727
 BMI09          0.589         0.537         0.623
 BMI11          0.533         0.483         0.503         0.564
 LBS04          0.928         0.727         0.623         0.564         1.000
 LBS06          0.721         0.717         0.559         0.504         0.769
 LBS09          0.608         0.553         0.616         0.514         0.648
 LBS11          0.542         0.490         0.507         0.557         0.576
 AGE04          0.928         0.727         0.623         0.564         1.000
 GENDER         0.928         0.727         0.623         0.564         1.000
 KCAL04         0.928         0.727         0.623         0.564         1.000
 MET04          0.848         0.667         0.576         0.523         0.901
 SMOKE04        0.927         0.722         0.619         0.559         0.988
 Q1             0.927         0.726         0.622         0.563         0.999
 Q2             0.927         0.726         0.622         0.563         0.999
 Q3             0.927         0.726         0.622         0.563         0.999
 EDUC04         0.926         0.722         0.618         0.559         0.987
 SYSTO04        0.927         0.698         0.596         0.539         0.939
 DIASTO04       0.927         0.698         0.596         0.539         0.939


           Covariance Coverage
              LBS06         LBS09         LBS11         AGE04         GENDER
              ________      ________      ________      ________      ________
 LBS06          0.769
 LBS09          0.580         0.648
 LBS11          0.513         0.523         0.576
 AGE04          0.769         0.648         0.576         1.000
 GENDER         0.769         0.648         0.576         1.000         1.000
 KCAL04         0.769         0.648         0.576         1.000         1.000
 MET04          0.703         0.597         0.533         0.901         0.901
 SMOKE04        0.764         0.643         0.571         0.988         0.988
 Q1             0.768         0.647         0.576         0.999         0.999
 Q2             0.768         0.647         0.576         0.999         0.999
 Q3             0.768         0.647         0.576         0.999         0.999
 EDUC04         0.763         0.642         0.571         0.987         0.987
 SYSTO04        0.730         0.615         0.549         0.939         0.939
 DIASTO04       0.730         0.615         0.549         0.939         0.939


           Covariance Coverage
              KCAL04        MET04         SMOKE04       Q1            Q2
              ________      ________      ________      ________      ________
 KCAL04         1.000
 MET04          0.901         0.901
 SMOKE04        0.988         0.900         0.988
 Q1             0.999         0.900         0.987         0.999
 Q2             0.999         0.900         0.987         0.999         0.999
 Q3             0.999         0.900         0.987         0.999         0.999
 EDUC04         0.987         0.899         0.986         0.986         0.986
 SYSTO04        0.939         0.857         0.937         0.938         0.938
 DIASTO04       0.939         0.857         0.937         0.938         0.938


           Covariance Coverage
              Q3            EDUC04        SYSTO04       DIASTO04
              ________      ________      ________      ________
 Q3             0.999
 EDUC04         0.986         0.987
 SYSTO04        0.938         0.937         0.939
 DIASTO04       0.938         0.937         0.939         0.939


SAMPLE STATISTICS


     ESTIMATED SAMPLE STATISTICS


           Means
              BMI04         BMI06         BMI09         BMI11         LBS04
              ________      ________      ________      ________      ________
 1             23.022        23.107        23.299        23.743        27.414


           Means
              LBS06         LBS09         LBS11         AGE04         GENDER
              ________      ________      ________      ________      ________
 1             25.975        24.309        23.588        47.385         1.519


           Means
              KCAL04        MET04         SMOKE04       Q1            Q2
              ________      ________      ________      ________      ________
 1           2188.497       116.571         0.335         0.250         0.250


           Means
              Q3            EDUC04        SYSTO04       DIASTO04
              ________      ________      ________      ________
 1              0.250         1.726       122.078        78.636


           Covariances
              BMI04         BMI06         BMI09         BMI11         LBS04
              ________      ________      ________      ________      ________
 BMI04         11.314
 BMI06          9.985        12.975
 BMI09          9.713         9.875        11.887
 BMI11          9.109         9.369        10.274        23.841
 LBS04         -2.373        -1.492        -1.109        -1.354        82.055
 LBS06         -2.503        -2.154        -1.552        -2.303        27.931
 LBS09         -1.306        -0.686        -0.734        -1.534        24.423
 LBS11         -0.971        -0.826        -0.737        -1.112        19.254
 AGE04          4.037         1.721        -0.814        -1.715         1.831
 GENDER         0.048         0.048         0.028        -0.013         0.026
 KCAL04        55.217        96.901        95.953       165.770      -641.271
 MET04        -19.613       -11.170        -8.744        -6.508       101.844
 SMOKE04       -0.092        -0.104        -0.103        -0.051         0.035
 Q1            -0.070        -0.071        -0.032        -0.032         0.354
 Q2             0.106         0.127         0.100         0.091        -0.400
 Q3             0.089         0.041         0.033         0.040        -1.239
 EDUC04         0.057         0.054         0.097         0.184        -3.136
 SYSTO04       16.454        14.329        12.022        10.132        -1.708
 DIASTO04      10.687         9.732         8.983         8.265        -0.116


           Covariances
              LBS06         LBS09         LBS11         AGE04         GENDER
              ________      ________      ________      ________      ________
 LBS06         67.216
 LBS09         24.992        61.047
 LBS11         22.051        22.700        62.169
 AGE04          5.417        12.146        15.116       235.499
 GENDER         0.002         0.010         0.032         0.199         0.250
 KCAL04      -290.828      -252.130        73.110     -1363.375       -91.666
 MET04        101.433        82.719        51.495      -419.946        -8.115
 SMOKE04        0.119         0.083         0.059         0.284        -0.150
 Q1             0.312         0.286         0.184        -0.282        -0.002
 Q2            -0.356        -0.272        -0.235         0.044         0.000
 Q3            -1.231        -1.164        -0.973         0.451         0.003
 EDUC04        -3.104        -3.137        -2.836        -8.184        -0.129
 SYSTO04       -0.899         3.970         5.800       117.531        -0.814
 DIASTO04      -2.130        -1.778         0.442        35.893        -0.692


           Covariances
              KCAL04        MET04         SMOKE04       Q1            Q2
              ________      ________      ________      ________      ________
 KCAL04    458288.862
 MET04      15918.654     12716.073
 SMOKE04       57.574         4.829         0.276
 Q1            13.589         5.230         0.003         0.188
 Q2            -6.238        -5.769         0.001        -0.063         0.188
 Q3           -19.115        -9.892        -0.007        -0.063        -0.062
 EDUC04        79.009        -1.648         0.042        -0.090         0.026
 SYSTO04     -956.267      -277.004         0.674        -0.169         0.392
 DIASTO04    -283.333       -84.759         0.448        -0.066         0.365


           Covariances
              Q3            EDUC04        SYSTO04       DIASTO04
              ________      ________      ________      ________
 Q3             0.188
 EDUC04         0.183         1.753
 SYSTO04        0.342        -3.726       345.149
 DIASTO04      -0.010        -0.814       148.458       126.199


           Correlations
              BMI04         BMI06         BMI09         BMI11         LBS04
              ________      ________      ________      ________      ________
 BMI04          1.000
 BMI06          0.824         1.000
 BMI09          0.838         0.795         1.000
 BMI11          0.555         0.533         0.610         1.000
 LBS04         -0.078        -0.046        -0.036        -0.031         1.000
 LBS06         -0.091        -0.073        -0.055        -0.058         0.376
 LBS09         -0.050        -0.024        -0.027        -0.040         0.345
 LBS11         -0.037        -0.029        -0.027        -0.029         0.270
 AGE04          0.078         0.031        -0.015        -0.023         0.013
 GENDER         0.028         0.027         0.016        -0.005         0.006
 KCAL04         0.024         0.040         0.041         0.050        -0.105
 MET04         -0.052        -0.027        -0.022        -0.012         0.100
 SMOKE04       -0.052        -0.055        -0.057        -0.020         0.007
 Q1            -0.048        -0.045        -0.021        -0.015         0.090
 Q2             0.073         0.081         0.067         0.043        -0.102
 Q3             0.061         0.026         0.022         0.019        -0.316
 EDUC04         0.013         0.011         0.021         0.028        -0.261
 SYSTO04        0.263         0.214         0.188         0.112        -0.010
 DIASTO04       0.283         0.240         0.232         0.151        -0.001


           Correlations
              LBS06         LBS09         LBS11         AGE04         GENDER
              ________      ________      ________      ________      ________
 LBS06          1.000
 LBS09          0.390         1.000
 LBS11          0.341         0.368         1.000
 AGE04          0.043         0.101         0.125         1.000
 GENDER         0.001         0.003         0.008         0.026         1.000
 KCAL04        -0.052        -0.048         0.014        -0.131        -0.271
 MET04          0.110         0.094         0.058        -0.243        -0.144
 SMOKE04        0.028         0.020         0.014         0.035        -0.572
 Q1             0.088         0.085         0.054        -0.042        -0.009
 Q2            -0.100        -0.080        -0.069         0.007         0.002
 Q3            -0.347        -0.344        -0.285         0.068         0.014
 EDUC04        -0.286        -0.303        -0.272        -0.403        -0.196
 SYSTO04       -0.006         0.027         0.040         0.412        -0.088
 DIASTO04      -0.023        -0.020         0.005         0.208        -0.123


           Correlations
              KCAL04        MET04         SMOKE04       Q1            Q2
              ________      ________      ________      ________      ________
 KCAL04         1.000
 MET04          0.209         1.000
 SMOKE04        0.162         0.082         1.000
 Q1             0.046         0.107         0.014         1.000
 Q2            -0.021        -0.118         0.006        -0.333         1.000
 Q3            -0.065        -0.203        -0.031        -0.333        -0.333
 EDUC04         0.088        -0.011         0.060        -0.157         0.045
 SYSTO04       -0.076        -0.132         0.069        -0.021         0.049
 DIASTO04      -0.037        -0.067         0.076        -0.014         0.075


           Correlations
              Q3            EDUC04        SYSTO04       DIASTO04
              ________      ________      ________      ________
 Q3             1.000
 EDUC04         0.318         1.000
 SYSTO04        0.042        -0.151         1.000
 DIASTO04      -0.002        -0.055         0.711         1.000


     MAXIMUM LOG-LIKELIHOOD VALUE FOR THE UNRESTRICTED (H1) MODEL IS -438300.692


UNIVARIATE SAMPLE STATISTICS


     UNIVARIATE HIGHER-ORDER MOMENT DESCRIPTIVE STATISTICS

         Variable/         Mean/     Skewness/   Minimum/ % with                Percentiles
        Sample Size      Variance    Kurtosis    Maximum  Min/Max      20%/60%    40%/80%    Median

     BMI04                23.021       0.585      12.415    0.01%      20.189     21.861     22.673
            8858.000      11.235       0.546      41.322    0.01%      23.543     25.712
     BMI06                23.179       4.577      13.240    0.01%      20.344     22.042     22.857
            6938.000      12.729     126.919     132.544    0.01%      23.684     25.810
     BMI09                23.342       0.482      13.700    0.02%      20.415     22.215     23.111
            5949.000      11.781       0.401      42.590    0.02%      23.979     26.148
     BMI11                23.797       9.794       4.826    0.02%      20.644     22.491     23.378
            5386.000      23.639     280.882     190.972    0.02%      24.235     26.438
     LBS04                27.414       0.723       2.000    0.02%      20.000     25.000     27.000
            9547.000      82.055       1.704      60.000    1.28%      29.000     34.000
     LBS06                26.016       0.128       2.000    0.01%      19.000     24.000     26.000
            7340.000      66.905       0.459      60.000    0.25%      28.000     33.000
     LBS09                24.629       0.100       2.000    0.05%      18.000     22.000     25.000
            6185.000      60.405       0.053      60.000    0.05%      27.000     31.000
     LBS11                23.949       0.282       0.000    0.02%      17.000     22.000     24.000
            5502.000      61.579       0.131      60.000    0.07%      26.000     30.000
     AGE04                47.385       0.238      18.000    1.13%      33.000     42.000     47.000
            9547.000     235.499      -0.539      97.000    0.01%      51.000     61.000
     GENDER                1.519      -0.076       1.000   48.11%       1.000      1.000      2.000
            9547.000       0.250      -1.994       2.000   51.89%       2.000      2.000
     KCAL04             2188.497       0.630      50.891    0.01%    1615.771   1974.357   2128.274
            9547.000  458288.862       1.113    6053.592    0.01%    2307.147   2719.569
     MET04               118.186       1.345       0.000    4.03%      20.460     52.675     84.047
            8604.000   12630.885       4.075    1582.256    0.01%     117.500    211.287
     SMOKE04               0.334       3.823       0.000   67.14%       0.000      0.000      0.000
            9429.000       0.276      52.882       9.000    0.07%       0.000      1.000
     Q1                    0.250       1.155       0.000   75.00%       0.000      0.000      0.000
            9539.000       0.188      -0.667       1.000   25.00%       0.000      1.000
     Q2                    0.250       1.155       0.000   75.00%       0.000      0.000      0.000
            9539.000       0.188      -0.667       1.000   25.00%       0.000      1.000
     Q3                    0.250       1.155       0.000   75.01%       0.000      0.000      0.000
            9539.000       0.187      -0.666       1.000   24.99%       0.000      1.000
     EDUC04                1.724       0.539       0.000   21.26%       0.000      1.000      2.000
            9422.000       1.752      -0.205       6.000    0.02%       2.000      3.000
     SYSTO04             122.224       1.153      70.667    0.01%     108.667    117.333    120.000
            8960.000     343.826       2.613     230.000    0.01%     122.000    134.000
     DIASTO04             78.671       0.598      15.000    0.01%      70.000     76.667     79.333
            8960.000     126.092       1.936     141.333    0.01%      80.000     87.333

     THE STANDARD ERRORS OF THE MODEL PARAMETER ESTIMATES MAY NOT BE
     TRUSTWORTHY FOR SOME PARAMETERS DUE TO A NON-POSITIVE DEFINITE
     FIRST-ORDER DERIVATIVE PRODUCT MATRIX.  THIS MAY BE DUE TO THE STARTING
     VALUES BUT MAY ALSO BE AN INDICATION OF MODEL NONIDENTIFICATION.  THE
     CONDITION NUMBER IS       0.205D-19.  PROBLEM INVOLVING THE FOLLOWING PARAMETER:
     Parameter 143, DIASTO04


THE MODEL ESTIMATION TERMINATED NORMALLY



MODEL FIT INFORMATION

Number of Free Parameters                      143

Loglikelihood

          H0 Value                     -438374.959
          H0 Scaling Correction Factor      9.3787
            for MLR
          H1 Value                     -438300.692
          H1 Scaling Correction Factor      6.7351
            for MLR

Information Criteria

          Akaike (AIC)                  877035.918
          Bayesian (BIC)                878060.368
          Sample-Size Adjusted BIC      877605.936
            (n* = (n + 2) / 24)

Chi-Square Test of Model Fit

          Value                            147.447*
          Degrees of Freedom                    66
          P-Value                           0.0000
          Scaling Correction Factor         1.0074
            for MLR

*   The chi-square value for MLM, MLMV, MLR, ULSMV, WLSM and WLSMV cannot be used
    for chi-square difference testing in the regular way.  MLM, MLR and WLSM
    chi-square difference testing is described on the Mplus website.  MLMV, WLSMV,
    and ULSMV difference testing is done using the DIFFTEST option.

RMSEA (Root Mean Square Error Of Approximation)

          Estimate                           0.011

CFI/TLI

          CFI                                0.989
          TLI                                0.971

Chi-Square Test of Model Fit for the Baseline Model

          Value                           7531.539
          Degrees of Freedom                   171
          P-Value                           0.0000

SRMR (Standardized Root Mean Square Residual)

          Value                              0.007



MODEL RESULTS

                                                    Two-Tailed
                    Estimate       S.E.  Est./S.E.    P-Value

 IB       |
    BMI04              1.000      0.000    999.000    999.000
    BMI06              1.000      0.000    999.000    999.000
    BMI09              1.000      0.000    999.000    999.000
    BMI11              1.000      0.000    999.000    999.000

 SB       |
    BMI04              0.000      0.000    999.000    999.000
    BMI06              2.000      0.000    999.000    999.000
    BMI09              5.000      0.000    999.000    999.000
    BMI11              7.000      0.000    999.000    999.000

 ID       |
    LBS04              1.000      0.000    999.000    999.000
    LBS06              1.000      0.000    999.000    999.000
    LBS09              1.000      0.000    999.000    999.000
    LBS11              1.000      0.000    999.000    999.000

 SD       |
    LBS04              0.000      0.000    999.000    999.000
    LBS06              2.000      0.000    999.000    999.000
    LBS09              5.000      0.000    999.000    999.000
    LBS11              7.000      0.000    999.000    999.000

 IB         ON
    Q1                 0.103      0.092      1.119      0.263
    Q2                 0.675      0.098      6.878      0.000
    Q3                 0.648      0.105      6.178      0.000
    AGE04             -0.002      0.003     -0.548      0.584
    GENDER             0.375      0.086      4.382      0.000
    MET04              0.000      0.000      0.274      0.784
    KCAL04             0.000      0.000      6.688      0.000
    EDUC04             0.052      0.031      1.698      0.090
    SYSTO04            0.025      0.003      8.139      0.000
    DIASTO04           0.058      0.005     12.615      0.000
    SMOKE04           -0.360      0.075     -4.777      0.000

 SB         ON
    Q1                 0.012      0.012      0.947      0.344
    Q2                -0.009      0.014     -0.601      0.548
    Q3                -0.036      0.016     -2.256      0.024
    AGE04             -0.004      0.000     -8.684      0.000
    GENDER            -0.036      0.012     -2.891      0.004
    MET04              0.000      0.000     -0.923      0.356
    KCAL04             0.000      0.000      0.539      0.590
    EDUC04            -0.013      0.004     -3.029      0.002
    SYSTO04           -0.001      0.000     -3.419      0.001
    DIASTO04           0.000      0.001     -0.435      0.664
    SMOKE04           -0.014      0.011     -1.241      0.215

 ID         ON
    Q1                -3.677      0.194    -18.906      0.000
    Q2                -6.290      0.212    -29.718      0.000
    Q3                -9.117      0.231    -39.441      0.000
    AGE04             -0.022      0.006     -3.522      0.000
    GENDER            -0.950      0.189     -5.021      0.000
    MET04              0.001      0.001      0.943      0.346
    KCAL04            -0.002      0.000    -14.789      0.000
    EDUC04            -1.049      0.075    -13.954      0.000
    SYSTO04           -0.003      0.006     -0.452      0.651
    DIASTO04           0.000      0.010     -0.007      0.994
    SMOKE04            0.105      0.164      0.642      0.521

 SD         ON
    Q1                 0.055      0.042      1.306      0.192
    Q2                 0.219      0.047      4.702      0.000
    Q3                 0.210      0.051      4.107      0.000
    AGE04              0.010      0.001      6.916      0.000
    GENDER             0.096      0.043      2.243      0.025
    MET04              0.000      0.000     -1.176      0.240
    KCAL04             0.000      0.000      9.790      0.000
    EDUC04             0.039      0.016      2.402      0.016
    SYSTO04            0.003      0.001      2.316      0.021
    DIASTO04          -0.005      0.002     -2.467      0.014
    SMOKE04           -0.001      0.039     -0.031      0.975

 IB       WITH
    SB                -0.094      0.027     -3.454      0.001

 ID       WITH
    SD                -0.824      0.181     -4.559      0.000
    IB                -1.000      0.235     -4.252      0.000
    SB                 0.146      0.032      4.556      0.000

 SD       WITH
    IB                 0.133      0.051      2.580      0.010
    SB                -0.017      0.007     -2.667      0.008

 GENDER   WITH
    AGE04              0.199      0.078      2.534      0.011

 KCAL04   WITH
    AGE04          -1363.375    109.938    -12.401      0.000
    GENDER           -91.666      3.352    -27.349      0.000

 MET04    WITH
    AGE04           -419.855     17.641    -23.800      0.000
    GENDER            -8.116      0.605    -13.416      0.000
    KCAL04         15915.719    878.290     18.121      0.000

 SMOKE04  WITH
    AGE04              0.283      0.081      3.505      0.000
    GENDER            -0.150      0.002    -65.858      0.000
    KCAL04            57.564      3.571     16.119      0.000
    MET04              4.829      0.652      7.405      0.000

 Q1       WITH
    AGE04             -0.282      0.066     -4.308      0.000
    GENDER            -0.002      0.002     -0.833      0.405
    KCAL04            13.586      3.041      4.468      0.000
    MET04              5.231      0.530      9.872      0.000
    SMOKE04            0.003      0.002      1.467      0.143

 Q2       WITH
    AGE04              0.044      0.069      0.630      0.528
    GENDER             0.000      0.002      0.203      0.839
    KCAL04            -6.235      2.914     -2.140      0.032
    MET04             -5.771      0.479    -12.055      0.000
    SMOKE04            0.001      0.003      0.521      0.602
    Q1                -0.063      0.001    -48.834      0.000

 Q3       WITH
    AGE04              0.451      0.070      6.437      0.000
    GENDER             0.003      0.002      1.321      0.186
    KCAL04           -19.117      2.958     -6.463      0.000
    MET04             -9.890      0.438    -22.564      0.000
    SMOKE04           -0.007      0.002     -3.064      0.002
    Q1                -0.063      0.001    -48.819      0.000
    Q2                -0.062      0.001    -48.772      0.000

 EDUC04   WITH
    AGE04             -8.184      0.213    -38.378      0.000
    GENDER            -0.129      0.007    -19.437      0.000
    KCAL04            79.015      8.965      8.814      0.000
    MET04             -1.646      1.355     -1.215      0.225
    SMOKE04            0.042      0.006      6.513      0.000
    Q1                -0.090      0.005    -17.575      0.000
    Q2                 0.026      0.006      4.310      0.000
    Q3                 0.183      0.007     27.110      0.000

 SYSTO04  WITH
    AGE04            117.534      3.262     36.035      0.000
    GENDER            -0.814      0.097     -8.432      0.000
    KCAL04          -955.900    132.395     -7.220      0.000
    MET04           -276.909     22.024    -12.573      0.000
    SMOKE04            0.673      0.112      6.012      0.000
    Q1                -0.169      0.086     -1.974      0.048
    Q2                 0.392      0.085      4.628      0.000
    Q3                 0.341      0.084      4.086      0.000
    EDUC04            -3.727      0.271    -13.776      0.000

 DIASTO04 WITH
    AGE04             35.913      1.849     19.428      0.000
    GENDER            -0.691      0.059    -11.809      0.000
    KCAL04          -283.167     85.231     -3.322      0.001
    MET04            -84.674     13.622     -6.216      0.000
    SMOKE04            0.448      0.059      7.602      0.000
    Q1                -0.067      0.054     -1.231      0.218
    Q2                 0.365      0.051      7.174      0.000
    Q3                -0.011      0.048     -0.217      0.828
    EDUC04            -0.814      0.157     -5.172      0.000
    SYSTO04          148.459      3.546     41.871      0.000

 Means
    AGE04             47.385      0.157    301.706      0.000
    GENDER             1.519      0.005    297.033      0.000
    KCAL04          2188.497      6.928    315.871      0.000
    MET04            116.577      1.200     97.163      0.000
    SMOKE04            0.335      0.005     61.901      0.000
    Q1                 0.250      0.004     56.387      0.000
    Q2                 0.250      0.004     56.397      0.000
    Q3                 0.250      0.004     56.407      0.000
    EDUC04             1.726      0.014    127.023      0.000
    SYSTO04          122.076      0.194    630.202      0.000
    DIASTO04          78.634      0.118    664.959      0.000

 Intercepts
    BMI04              0.000      0.000    999.000    999.000
    BMI06              0.000      0.000    999.000    999.000
    BMI09              0.000      0.000    999.000    999.000
    BMI11              0.000      0.000    999.000    999.000
    LBS04              0.000      0.000    999.000    999.000
    LBS06              0.000      0.000    999.000    999.000
    LBS09              0.000      0.000    999.000    999.000
    LBS11              0.000      0.000    999.000    999.000
    IB                13.793      0.381     36.183      0.000
    SB                 0.517      0.055      9.329      0.000
    ID                40.412      0.872     46.340      0.000
    SD                -1.842      0.193     -9.545      0.000

 Variances
    AGE04            235.499      2.913     80.832      0.000
    GENDER             0.250      0.000   1291.078      0.000
    KCAL04         *********   8275.760     55.377      0.000
    MET04          12715.664    337.185     37.711      0.000
    SMOKE04            0.276      0.021     13.107      0.000
    Q1                 0.188      0.002     84.580      0.000
    Q2                 0.188      0.002     84.593      0.000
    Q3                 0.188      0.002     84.528      0.000
    EDUC04             1.753      0.024     72.479      0.000
    SYSTO04          345.145      7.846     43.992      0.000
    DIASTO04         126.195      2.647     47.680      0.000

 Residual Variances
    BMI04              0.964      0.126      7.678      0.000
    BMI06              3.135      1.763      1.778      0.075
    BMI09              1.529      0.088     17.287      0.000
    BMI11             13.585      5.848      2.323      0.020
    LBS04             51.553      1.830     28.177      0.000
    LBS06             40.332      1.054     38.266      0.000
    LBS09             36.611      0.896     40.849      0.000
    LBS11             39.513      1.363     28.998      0.000
    IB                 9.119      0.203     44.914      0.000
    SB                 0.046      0.004     10.684      0.000
    ID                13.953      0.979     14.259      0.000
    SD                 0.205      0.044      4.714      0.000


QUALITY OF NUMERICAL RESULTS

     Condition Number for the Information Matrix              0.205E-19
       (ratio of smallest to largest eigenvalue)


CONFIDENCE INTERVALS OF MODEL RESULTS

                  Lower .5%  Lower 2.5%    Lower 5%    Estimate    Upper 5%  Upper 2.5%   Upper .5%

 IB       |
    BMI04            1.000       1.000       1.000       1.000       1.000       1.000       1.000
    BMI06            1.000       1.000       1.000       1.000       1.000       1.000       1.000
    BMI09            1.000       1.000       1.000       1.000       1.000       1.000       1.000
    BMI11            1.000       1.000       1.000       1.000       1.000       1.000       1.000

 SB       |
    BMI04            0.000       0.000       0.000       0.000       0.000       0.000       0.000
    BMI06            2.000       2.000       2.000       2.000       2.000       2.000       2.000
    BMI09            5.000       5.000       5.000       5.000       5.000       5.000       5.000
    BMI11            7.000       7.000       7.000       7.000       7.000       7.000       7.000

 ID       |
    LBS04            1.000       1.000       1.000       1.000       1.000       1.000       1.000
    LBS06            1.000       1.000       1.000       1.000       1.000       1.000       1.000
    LBS09            1.000       1.000       1.000       1.000       1.000       1.000       1.000
    LBS11            1.000       1.000       1.000       1.000       1.000       1.000       1.000

 SD       |
    LBS04            0.000       0.000       0.000       0.000       0.000       0.000       0.000
    LBS06            2.000       2.000       2.000       2.000       2.000       2.000       2.000
    LBS09            5.000       5.000       5.000       5.000       5.000       5.000       5.000
    LBS11            7.000       7.000       7.000       7.000       7.000       7.000       7.000

 IB       ON
    Q1              -0.134      -0.078      -0.048       0.103       0.255       0.284       0.341
    Q2               0.422       0.483       0.514       0.675       0.837       0.868       0.928
    Q3               0.378       0.442       0.475       0.648       0.820       0.853       0.918
    AGE04           -0.009      -0.007      -0.006      -0.002       0.003       0.004       0.006
    GENDER           0.155       0.207       0.234       0.375       0.516       0.543       0.596
    MET04           -0.001      -0.001       0.000       0.000       0.001       0.001       0.001
    KCAL04           0.000       0.000       0.000       0.000       0.000       0.000       0.000
    EDUC04          -0.027      -0.008       0.002       0.052       0.103       0.112       0.131
    SYSTO04          0.017       0.019       0.020       0.025       0.030       0.031       0.033
    DIASTO04         0.046       0.049       0.051       0.058       0.066       0.067       0.070
    SMOKE04         -0.554      -0.507      -0.484      -0.360      -0.236      -0.212      -0.166

 SB       ON
    Q1              -0.020      -0.013      -0.009       0.012       0.032       0.036       0.044
    Q2              -0.046      -0.037      -0.032      -0.009       0.015       0.019       0.028
    Q3              -0.076      -0.066      -0.061      -0.036      -0.010      -0.005       0.005
    AGE04           -0.005      -0.004      -0.004      -0.004      -0.003      -0.003      -0.003
    GENDER          -0.068      -0.060      -0.056      -0.036      -0.015      -0.012      -0.004
    MET04            0.000       0.000       0.000       0.000       0.000       0.000       0.000
    KCAL04           0.000       0.000       0.000       0.000       0.000       0.000       0.000
    EDUC04          -0.024      -0.021      -0.020      -0.013      -0.006      -0.005      -0.002
    SYSTO04         -0.002      -0.002      -0.002      -0.001      -0.001      -0.001       0.000
    DIASTO04        -0.002      -0.001      -0.001       0.000       0.001       0.001       0.001
    SMOKE04         -0.044      -0.037      -0.033      -0.014       0.005       0.008       0.015

 ID       ON
    Q1              -4.178      -4.058      -3.997      -3.677      -3.357      -3.296      -3.176
    Q2              -6.835      -6.705      -6.638      -6.290      -5.942      -5.875      -5.745
    Q3              -9.712      -9.570      -9.497      -9.117      -8.737      -8.664      -8.521
    AGE04           -0.038      -0.034      -0.032      -0.022      -0.012      -0.010      -0.006
    GENDER          -1.437      -1.321      -1.261      -0.950      -0.639      -0.579      -0.463
    MET04           -0.001      -0.001      -0.001       0.001       0.002       0.002       0.003
    KCAL04          -0.002      -0.002      -0.002      -0.002      -0.002      -0.002      -0.001
    EDUC04          -1.243      -1.196      -1.173      -1.049      -0.925      -0.902      -0.855
    SYSTO04         -0.019      -0.015      -0.013      -0.003       0.008       0.010       0.014
    DIASTO04        -0.026      -0.020      -0.017       0.000       0.017       0.020       0.026
    SMOKE04         -0.317      -0.216      -0.164       0.105       0.375       0.426       0.527

 SD       ON
    Q1              -0.054      -0.028      -0.014       0.055       0.125       0.138       0.164
    Q2               0.099       0.128       0.142       0.219       0.296       0.310       0.339
    Q3               0.078       0.110       0.126       0.210       0.295       0.311       0.342
    AGE04            0.006       0.007       0.007       0.010       0.012       0.012       0.013
    GENDER          -0.014       0.012       0.026       0.096       0.166       0.180       0.206
    MET04           -0.001       0.000       0.000       0.000       0.000       0.000       0.000
    KCAL04           0.000       0.000       0.000       0.000       0.000       0.000       0.000
    EDUC04          -0.003       0.007       0.012       0.039       0.066       0.071       0.081
    SYSTO04          0.000       0.000       0.001       0.003       0.005       0.006       0.007
    DIASTO04        -0.011      -0.010      -0.009      -0.005      -0.002      -0.001       0.000
    SMOKE04         -0.101      -0.077      -0.065      -0.001       0.063       0.075       0.099

 IB       WITH
    SB              -0.164      -0.147      -0.138      -0.094      -0.049      -0.041      -0.024

 ID       WITH
    SD              -1.290      -1.178      -1.122      -0.824      -0.527      -0.470      -0.359
    IB              -1.606      -1.461      -1.387      -1.000      -0.613      -0.539      -0.394
    SB               0.064       0.083       0.093       0.146       0.199       0.209       0.229

 SD       WITH
    IB               0.000       0.032       0.048       0.133       0.218       0.234       0.266
    SB              -0.034      -0.030      -0.028      -0.017      -0.007      -0.005      -0.001

 GENDER   WITH
    AGE04           -0.003       0.045       0.070       0.199       0.328       0.352       0.401

 KCAL04   WITH
    AGE04        -1646.553   -1578.854   -1544.223   -1363.375   -1182.526   -1147.896   -1080.196
    GENDER        -100.299     -98.235     -97.179     -91.666     -86.152     -85.097     -83.033

 MET04    WITH
    AGE04         -465.293    -454.430    -448.873    -419.855    -390.836    -385.279    -374.416
    GENDER          -9.674      -9.302      -9.111      -8.116      -7.121      -6.930      -6.558
    KCAL04       13653.419   14194.271   14470.932   15915.719   17360.506   17637.168   18178.018

 SMOKE04  WITH
    AGE04            0.075       0.125       0.150       0.283       0.416       0.442       0.491
    GENDER          -0.156      -0.155      -0.154      -0.150      -0.147      -0.146      -0.144
    KCAL04          48.365      50.565      51.689      57.564      63.439      64.564      66.763
    MET04            3.150       3.551       3.757       4.829       5.902       6.108       6.509

 Q1       WITH
    AGE04           -0.451      -0.411      -0.390      -0.282      -0.175      -0.154      -0.114
    GENDER          -0.008      -0.006      -0.005      -0.002       0.002       0.002       0.004
    KCAL04           5.754       7.626       8.584      13.586      18.588      19.546      21.418
    MET04            3.866       4.193       4.360       5.231       6.103       6.270       6.596
    SMOKE04         -0.002      -0.001       0.000       0.003       0.007       0.008       0.009

 Q2       WITH
    AGE04           -0.135      -0.092      -0.071       0.044       0.158       0.180       0.223
    GENDER          -0.005      -0.004      -0.003       0.000       0.004       0.005       0.006
    KCAL04         -13.741     -11.946     -11.028      -6.235      -1.442      -0.524       1.270
    MET04           -7.004      -6.709      -6.558      -5.771      -4.983      -4.832      -4.538
    SMOKE04         -0.005      -0.004      -0.003       0.001       0.005       0.006       0.008
    Q1              -0.066      -0.065      -0.065      -0.063      -0.060      -0.060      -0.059

 Q3       WITH
    AGE04            0.270       0.314       0.336       0.451       0.566       0.588       0.631
    GENDER          -0.003      -0.001      -0.001       0.003       0.007       0.007       0.009
    KCAL04         -26.735     -24.914     -23.982     -19.117     -14.251     -13.320     -11.498
    MET04          -11.019     -10.749     -10.611      -9.890      -9.169      -9.031      -8.761
    SMOKE04         -0.013      -0.012      -0.011      -0.007      -0.003      -0.003      -0.001
    Q1              -0.066      -0.065      -0.065      -0.063      -0.060      -0.060      -0.059
    Q2              -0.066      -0.065      -0.065      -0.062      -0.060      -0.060      -0.059

 EDUC04   WITH
    AGE04           -8.734      -8.602      -8.535      -8.184      -7.834      -7.766      -7.635
    GENDER          -0.147      -0.142      -0.140      -0.129      -0.118      -0.116      -0.112
    KCAL04          55.923      61.444      64.268      79.015      93.763      96.587     102.107
    MET04           -5.137      -4.302      -3.875      -1.646       0.583       1.010       1.845
    SMOKE04          0.025       0.029       0.031       0.042       0.052       0.054       0.058
    Q1              -0.104      -0.100      -0.099      -0.090      -0.082      -0.080      -0.077
    Q2               0.010       0.014       0.016       0.026       0.035       0.037       0.041
    Q3               0.165       0.169       0.171       0.183       0.194       0.196       0.200

 SYSTO04  WITH
    AGE04          109.133     111.142     112.169     117.534     122.900     123.927     125.936
    GENDER          -1.062      -1.003      -0.973      -0.814      -0.655      -0.625      -0.565
    KCAL04       -1296.922   -1215.394   -1173.689    -955.900    -738.110    -696.406    -614.877
    MET04         -333.638    -320.076    -313.138    -276.909    -240.681    -233.743    -220.181
    SMOKE04          0.385       0.454       0.489       0.673       0.857       0.893       0.962
    Q1              -0.390      -0.337      -0.310      -0.169      -0.028      -0.001       0.052
    Q2               0.174       0.226       0.253       0.392       0.531       0.558       0.610
    Q3               0.126       0.178       0.204       0.341       0.479       0.505       0.557
    EDUC04          -4.424      -4.257      -4.172      -3.727      -3.282      -3.196      -3.030

 DIASTO04 WITH
    AGE04           31.152      32.290      32.873      35.913      38.954      39.537      40.675
    GENDER          -0.842      -0.806      -0.787      -0.691      -0.595      -0.576      -0.540
    KCAL04        -502.706    -450.220    -423.373    -283.167    -142.962    -116.114     -63.629
    MET04         -119.762    -111.374    -107.083     -84.674     -62.266     -57.975     -49.586
    SMOKE04          0.296       0.332       0.351       0.448       0.545       0.563       0.600
    Q1              -0.207      -0.173      -0.156      -0.067       0.022       0.040       0.073
    Q2               0.234       0.266       0.282       0.365       0.449       0.465       0.497
    Q3              -0.135      -0.105      -0.090      -0.011       0.069       0.084       0.114
    EDUC04          -1.220      -1.123      -1.073      -0.814      -0.555      -0.506      -0.409
    SYSTO04        139.327     141.510     142.627     148.459     154.292     155.409     157.592

 Means
    AGE04           46.981      47.078      47.127      47.385      47.644      47.693      47.790
    GENDER           1.506       1.509       1.510       1.519       1.527       1.529       1.532
    KCAL04        2170.651    2174.917    2177.100    2188.497    2199.894    2202.077    2206.343
    MET04          113.487     114.226     114.604     116.577     118.551     118.929     119.668
    SMOKE04          0.321       0.324       0.326       0.335       0.344       0.345       0.349
    Q1               0.238       0.241       0.243       0.250       0.257       0.259       0.261
    Q2               0.239       0.241       0.243       0.250       0.257       0.259       0.262
    Q3               0.239       0.242       0.243       0.250       0.258       0.259       0.262
    EDUC04           1.691       1.700       1.704       1.726       1.749       1.753       1.761
    SYSTO04        121.578     121.697     121.758     122.076     122.395     122.456     122.575
    DIASTO04        78.329      78.402      78.439      78.634      78.828      78.866      78.939

 Intercepts
    BMI04            0.000       0.000       0.000       0.000       0.000       0.000       0.000
    BMI06            0.000       0.000       0.000       0.000       0.000       0.000       0.000
    BMI09            0.000       0.000       0.000       0.000       0.000       0.000       0.000
    BMI11            0.000       0.000       0.000       0.000       0.000       0.000       0.000
    LBS04            0.000       0.000       0.000       0.000       0.000       0.000       0.000
    LBS06            0.000       0.000       0.000       0.000       0.000       0.000       0.000
    LBS09            0.000       0.000       0.000       0.000       0.000       0.000       0.000
    LBS11            0.000       0.000       0.000       0.000       0.000       0.000       0.000
    IB              12.811      13.046      13.166      13.793      14.420      14.540      14.775
    SB               0.374       0.408       0.426       0.517       0.608       0.626       0.660
    ID              38.166      38.703      38.977      40.412      41.847      42.121      42.658
    SD              -2.338      -2.220      -2.159      -1.842      -1.524      -1.463      -1.345

 Variances
    AGE04          227.994     229.789     230.706     235.499     240.291     241.209     243.003
    GENDER           0.249       0.249       0.249       0.250       0.250       0.250       0.250
    KCAL04       *********  442068.375  444675.250  458288.875  471902.500  474509.375  479605.562
    MET04        11847.143   12054.781   12160.995   12715.664   13270.333   13376.547   13584.186
    SMOKE04          0.222       0.235       0.241       0.276       0.311       0.317       0.330
    Q1               0.182       0.183       0.184       0.188       0.191       0.192       0.193
    Q2               0.182       0.183       0.184       0.188       0.191       0.192       0.193
    Q3               0.182       0.183       0.184       0.188       0.191       0.192       0.193
    EDUC04           1.691       1.706       1.714       1.753       1.793       1.801       1.816
    SYSTO04        324.937     329.768     332.239     345.145     358.051     360.523     365.354
    DIASTO04       119.378     121.007     121.841     126.195     130.549     131.383     133.012

 Residual Variances
    BMI04            0.640       0.718       0.757       0.964       1.170       1.210       1.287
    BMI06           -1.407      -0.321       0.235       3.135       6.036       6.592       7.678
    BMI09            1.302       1.356       1.384       1.529       1.675       1.703       1.757
    BMI11           -1.480       2.122       3.964      13.585      23.205      25.048      28.649
    LBS04           46.841      47.967      48.544      51.553      54.563      55.140      56.266
    LBS06           37.617      38.266      38.598      40.332      42.066      42.398      43.047
    LBS09           34.302      34.854      35.136      36.611      38.085      38.367      38.919
    LBS11           36.003      36.842      37.271      39.513      41.754      42.183      43.022
    IB               8.596       8.721       8.785       9.119       9.453       9.517       9.642
    SB               0.035       0.038       0.039       0.046       0.053       0.055       0.057
    ID              11.432      12.035      12.343      13.953      15.562      15.870      16.473
    SD               0.093       0.120       0.134       0.205       0.277       0.291       0.318


TECHNICAL 1 OUTPUT


     PARAMETER SPECIFICATION


           NU
              BMI04         BMI06         BMI09         BMI11         LBS04
              ________      ________      ________      ________      ________
 1                  0             0             0             0             0


           NU
              LBS06         LBS09         LBS11         AGE04         GENDER
              ________      ________      ________      ________      ________
 1                  0             0             0             0             0


           NU
              KCAL04        MET04         SMOKE04       Q1            Q2
              ________      ________      ________      ________      ________
 1                  0             0             0             0             0


           NU
              Q3            EDUC04        SYSTO04       DIASTO04
              ________      ________      ________      ________
 1                  0             0             0             0


           LAMBDA
              IB            SB            ID            SD            AGE04
              ________      ________      ________      ________      ________
 BMI04              0             0             0             0             0
 BMI06              0             0             0             0             0
 BMI09              0             0             0             0             0
 BMI11              0             0             0             0             0
 LBS04              0             0             0             0             0
 LBS06              0             0             0             0             0
 LBS09              0             0             0             0             0
 LBS11              0             0             0             0             0
 AGE04              0             0             0             0             0
 GENDER             0             0             0             0             0
 KCAL04             0             0             0             0             0
 MET04              0             0             0             0             0
 SMOKE04            0             0             0             0             0
 Q1                 0             0             0             0             0
 Q2                 0             0             0             0             0
 Q3                 0             0             0             0             0
 EDUC04             0             0             0             0             0
 SYSTO04            0             0             0             0             0
 DIASTO04           0             0             0             0             0


           LAMBDA
              GENDER        KCAL04        MET04         SMOKE04       Q1
              ________      ________      ________      ________      ________
 BMI04              0             0             0             0             0
 BMI06              0             0             0             0             0
 BMI09              0             0             0             0             0
 BMI11              0             0             0             0             0
 LBS04              0             0             0             0             0
 LBS06              0             0             0             0             0
 LBS09              0             0             0             0             0
 LBS11              0             0             0             0             0
 AGE04              0             0             0             0             0
 GENDER             0             0             0             0             0
 KCAL04             0             0             0             0             0
 MET04              0             0             0             0             0
 SMOKE04            0             0             0             0             0
 Q1                 0             0             0             0             0
 Q2                 0             0             0             0             0
 Q3                 0             0             0             0             0
 EDUC04             0             0             0             0             0
 SYSTO04            0             0             0             0             0
 DIASTO04           0             0             0             0             0


           LAMBDA
              Q2            Q3            EDUC04        SYSTO04       DIASTO04
              ________      ________      ________      ________      ________
 BMI04              0             0             0             0             0
 BMI06              0             0             0             0             0
 BMI09              0             0             0             0             0
 BMI11              0             0             0             0             0
 LBS04              0             0             0             0             0
 LBS06              0             0             0             0             0
 LBS09              0             0             0             0             0
 LBS11              0             0             0             0             0
 AGE04              0             0             0             0             0
 GENDER             0             0             0             0             0
 KCAL04             0             0             0             0             0
 MET04              0             0             0             0             0
 SMOKE04            0             0             0             0             0
 Q1                 0             0             0             0             0
 Q2                 0             0             0             0             0
 Q3                 0             0             0             0             0
 EDUC04             0             0             0             0             0
 SYSTO04            0             0             0             0             0
 DIASTO04           0             0             0             0             0


           THETA
              BMI04         BMI06         BMI09         BMI11         LBS04
              ________      ________      ________      ________      ________
 BMI04              1
 BMI06              0             2
 BMI09              0             0             3
 BMI11              0             0             0             4
 LBS04              0             0             0             0             5
 LBS06              0             0             0             0             0
 LBS09              0             0             0             0             0
 LBS11              0             0             0             0             0
 AGE04              0             0             0             0             0
 GENDER             0             0             0             0             0
 KCAL04             0             0             0             0             0
 MET04              0             0             0             0             0
 SMOKE04            0             0             0             0             0
 Q1                 0             0             0             0             0
 Q2                 0             0             0             0             0
 Q3                 0             0             0             0             0
 EDUC04             0             0             0             0             0
 SYSTO04            0             0             0             0             0
 DIASTO04           0             0             0             0             0


           THETA
              LBS06         LBS09         LBS11         AGE04         GENDER
              ________      ________      ________      ________      ________
 LBS06              6
 LBS09              0             7
 LBS11              0             0             8
 AGE04              0             0             0             0
 GENDER             0             0             0             0             0
 KCAL04             0             0             0             0             0
 MET04              0             0             0             0             0
 SMOKE04            0             0             0             0             0
 Q1                 0             0             0             0             0
 Q2                 0             0             0             0             0
 Q3                 0             0             0             0             0
 EDUC04             0             0             0             0             0
 SYSTO04            0             0             0             0             0
 DIASTO04           0             0             0             0             0


           THETA
              KCAL04        MET04         SMOKE04       Q1            Q2
              ________      ________      ________      ________      ________
 KCAL04             0
 MET04              0             0
 SMOKE04            0             0             0
 Q1                 0             0             0             0
 Q2                 0             0             0             0             0
 Q3                 0             0             0             0             0
 EDUC04             0             0             0             0             0
 SYSTO04            0             0             0             0             0
 DIASTO04           0             0             0             0             0


           THETA
              Q3            EDUC04        SYSTO04       DIASTO04
              ________      ________      ________      ________
 Q3                 0
 EDUC04             0             0
 SYSTO04            0             0             0
 DIASTO04           0             0             0             0


           ALPHA
              IB            SB            ID            SD            AGE04
              ________      ________      ________      ________      ________
 1                  9            10            11            12            13


           ALPHA
              GENDER        KCAL04        MET04         SMOKE04       Q1
              ________      ________      ________      ________      ________
 1                 14            15            16            17            18


           ALPHA
              Q2            Q3            EDUC04        SYSTO04       DIASTO04
              ________      ________      ________      ________      ________
 1                 19            20            21            22            23


           BETA
              IB            SB            ID            SD            AGE04
              ________      ________      ________      ________      ________
 IB                 0             0             0             0            24
 SB                 0             0             0             0            35
 ID                 0             0             0             0            46
 SD                 0             0             0             0            57
 AGE04              0             0             0             0             0
 GENDER             0             0             0             0             0
 KCAL04             0             0             0             0             0
 MET04              0             0             0             0             0
 SMOKE04            0             0             0             0             0
 Q1                 0             0             0             0             0
 Q2                 0             0             0             0             0
 Q3                 0             0             0             0             0
 EDUC04             0             0             0             0             0
 SYSTO04            0             0             0             0             0
 DIASTO04           0             0             0             0             0


           BETA
              GENDER        KCAL04        MET04         SMOKE04       Q1
              ________      ________      ________      ________      ________
 IB                25            26            27            28            29
 SB                36            37            38            39            40
 ID                47            48            49            50            51
 SD                58            59            60            61            62
 AGE04              0             0             0             0             0
 GENDER             0             0             0             0             0
 KCAL04             0             0             0             0             0
 MET04              0             0             0             0             0
 SMOKE04            0             0             0             0             0
 Q1                 0             0             0             0             0
 Q2                 0             0             0             0             0
 Q3                 0             0             0             0             0
 EDUC04             0             0             0             0             0
 SYSTO04            0             0             0             0             0
 DIASTO04           0             0             0             0             0


           BETA
              Q2            Q3            EDUC04        SYSTO04       DIASTO04
              ________      ________      ________      ________      ________
 IB                30            31            32            33            34
 SB                41            42            43            44            45
 ID                52            53            54            55            56
 SD                63            64            65            66            67
 AGE04              0             0             0             0             0
 GENDER             0             0             0             0             0
 KCAL04             0             0             0             0             0
 MET04              0             0             0             0             0
 SMOKE04            0             0             0             0             0
 Q1                 0             0             0             0             0
 Q2                 0             0             0             0             0
 Q3                 0             0             0             0             0
 EDUC04             0             0             0             0             0
 SYSTO04            0             0             0             0             0
 DIASTO04           0             0             0             0             0


           PSI
              IB            SB            ID            SD            AGE04
              ________      ________      ________      ________      ________
 IB                68
 SB                69            70
 ID                71            72            73
 SD                74            75            76            77
 AGE04              0             0             0             0            78
 GENDER             0             0             0             0            79
 KCAL04             0             0             0             0            81
 MET04              0             0             0             0            84
 SMOKE04            0             0             0             0            88
 Q1                 0             0             0             0            93
 Q2                 0             0             0             0            99
 Q3                 0             0             0             0           106
 EDUC04             0             0             0             0           114
 SYSTO04            0             0             0             0           123
 DIASTO04           0             0             0             0           133


           PSI
              GENDER        KCAL04        MET04         SMOKE04       Q1
              ________      ________      ________      ________      ________
 GENDER            80
 KCAL04            82            83
 MET04             85            86            87
 SMOKE04           89            90            91            92
 Q1                94            95            96            97            98
 Q2               100           101           102           103           104
 Q3               107           108           109           110           111
 EDUC04           115           116           117           118           119
 SYSTO04          124           125           126           127           128
 DIASTO04         134           135           136           137           138


           PSI
              Q2            Q3            EDUC04        SYSTO04       DIASTO04
              ________      ________      ________      ________      ________
 Q2               105
 Q3               112           113
 EDUC04           120           121           122
 SYSTO04          129           130           131           132
 DIASTO04         139           140           141           142           143


     STARTING VALUES


           NU
              BMI04         BMI06         BMI09         BMI11         LBS04
              ________      ________      ________      ________      ________
 1              0.000         0.000         0.000         0.000         0.000


           NU
              LBS06         LBS09         LBS11         AGE04         GENDER
              ________      ________      ________      ________      ________
 1              0.000         0.000         0.000         0.000         0.000


           NU
              KCAL04        MET04         SMOKE04       Q1            Q2
              ________      ________      ________      ________      ________
 1              0.000         0.000         0.000         0.000         0.000


           NU
              Q3            EDUC04        SYSTO04       DIASTO04
              ________      ________      ________      ________
 1              0.000         0.000         0.000         0.000


           LAMBDA
              IB            SB            ID            SD            AGE04
              ________      ________      ________      ________      ________
 BMI04          1.000         0.000         0.000         0.000         0.000
 BMI06          1.000         2.000         0.000         0.000         0.000
 BMI09          1.000         5.000         0.000         0.000         0.000
 BMI11          1.000         7.000         0.000         0.000         0.000
 LBS04          0.000         0.000         1.000         0.000         0.000
 LBS06          0.000         0.000         1.000         2.000         0.000
 LBS09          0.000         0.000         1.000         5.000         0.000
 LBS11          0.000         0.000         1.000         7.000         0.000
 AGE04          0.000         0.000         0.000         0.000         1.000
 GENDER         0.000         0.000         0.000         0.000         0.000
 KCAL04         0.000         0.000         0.000         0.000         0.000
 MET04          0.000         0.000         0.000         0.000         0.000
 SMOKE04        0.000         0.000         0.000         0.000         0.000
 Q1             0.000         0.000         0.000         0.000         0.000
 Q2             0.000         0.000         0.000         0.000         0.000
 Q3             0.000         0.000         0.000         0.000         0.000
 EDUC04         0.000         0.000         0.000         0.000         0.000
 SYSTO04        0.000         0.000         0.000         0.000         0.000
 DIASTO04       0.000         0.000         0.000         0.000         0.000


           LAMBDA
              GENDER        KCAL04        MET04         SMOKE04       Q1
              ________      ________      ________      ________      ________
 BMI04          0.000         0.000         0.000         0.000         0.000
 BMI06          0.000         0.000         0.000         0.000         0.000
 BMI09          0.000         0.000         0.000         0.000         0.000
 BMI11          0.000         0.000         0.000         0.000         0.000
 LBS04          0.000         0.000         0.000         0.000         0.000
 LBS06          0.000         0.000         0.000         0.000         0.000
 LBS09          0.000         0.000         0.000         0.000         0.000
 LBS11          0.000         0.000         0.000         0.000         0.000
 AGE04          0.000         0.000         0.000         0.000         0.000
 GENDER         1.000         0.000         0.000         0.000         0.000
 KCAL04         0.000         1.000         0.000         0.000         0.000
 MET04          0.000         0.000         1.000         0.000         0.000
 SMOKE04        0.000         0.000         0.000         1.000         0.000
 Q1             0.000         0.000         0.000         0.000         1.000
 Q2             0.000         0.000         0.000         0.000         0.000
 Q3             0.000         0.000         0.000         0.000         0.000
 EDUC04         0.000         0.000         0.000         0.000         0.000
 SYSTO04        0.000         0.000         0.000         0.000         0.000
 DIASTO04       0.000         0.000         0.000         0.000         0.000


           LAMBDA
              Q2            Q3            EDUC04        SYSTO04       DIASTO04
              ________      ________      ________      ________      ________
 BMI04          0.000         0.000         0.000         0.000         0.000
 BMI06          0.000         0.000         0.000         0.000         0.000
 BMI09          0.000         0.000         0.000         0.000         0.000
 BMI11          0.000         0.000         0.000         0.000         0.000
 LBS04          0.000         0.000         0.000         0.000         0.000
 LBS06          0.000         0.000         0.000         0.000         0.000
 LBS09          0.000         0.000         0.000         0.000         0.000
 LBS11          0.000         0.000         0.000         0.000         0.000
 AGE04          0.000         0.000         0.000         0.000         0.000
 GENDER         0.000         0.000         0.000         0.000         0.000
 KCAL04         0.000         0.000         0.000         0.000         0.000
 MET04          0.000         0.000         0.000         0.000         0.000
 SMOKE04        0.000         0.000         0.000         0.000         0.000
 Q1             0.000         0.000         0.000         0.000         0.000
 Q2             1.000         0.000         0.000         0.000         0.000
 Q3             0.000         1.000         0.000         0.000         0.000
 EDUC04         0.000         0.000         1.000         0.000         0.000
 SYSTO04        0.000         0.000         0.000         1.000         0.000
 DIASTO04       0.000         0.000         0.000         0.000         1.000


           THETA
              BMI04         BMI06         BMI09         BMI11         LBS04
              ________      ________      ________      ________      ________
 BMI04          5.617
 BMI06          0.000         6.364
 BMI09          0.000         0.000         5.891
 BMI11          0.000         0.000         0.000        11.820
 LBS04          0.000         0.000         0.000         0.000        41.027
 LBS06          0.000         0.000         0.000         0.000         0.000
 LBS09          0.000         0.000         0.000         0.000         0.000
 LBS11          0.000         0.000         0.000         0.000         0.000
 AGE04          0.000         0.000         0.000         0.000         0.000
 GENDER         0.000         0.000         0.000         0.000         0.000
 KCAL04         0.000         0.000         0.000         0.000         0.000
 MET04          0.000         0.000         0.000         0.000         0.000
 SMOKE04        0.000         0.000         0.000         0.000         0.000
 Q1             0.000         0.000         0.000         0.000         0.000
 Q2             0.000         0.000         0.000         0.000         0.000
 Q3             0.000         0.000         0.000         0.000         0.000
 EDUC04         0.000         0.000         0.000         0.000         0.000
 SYSTO04        0.000         0.000         0.000         0.000         0.000
 DIASTO04       0.000         0.000         0.000         0.000         0.000


           THETA
              LBS06         LBS09         LBS11         AGE04         GENDER
              ________      ________      ________      ________      ________
 LBS06         33.452
 LBS09          0.000        30.203
 LBS11          0.000         0.000        30.789
 AGE04          0.000         0.000         0.000         0.000
 GENDER         0.000         0.000         0.000         0.000         0.000
 KCAL04         0.000         0.000         0.000         0.000         0.000
 MET04          0.000         0.000         0.000         0.000         0.000
 SMOKE04        0.000         0.000         0.000         0.000         0.000
 Q1             0.000         0.000         0.000         0.000         0.000
 Q2             0.000         0.000         0.000         0.000         0.000
 Q3             0.000         0.000         0.000         0.000         0.000
 EDUC04         0.000         0.000         0.000         0.000         0.000
 SYSTO04        0.000         0.000         0.000         0.000         0.000
 DIASTO04       0.000         0.000         0.000         0.000         0.000


           THETA
              KCAL04        MET04         SMOKE04       Q1            Q2
              ________      ________      ________      ________      ________
 KCAL04         0.000
 MET04          0.000         0.000
 SMOKE04        0.000         0.000         0.000
 Q1             0.000         0.000         0.000         0.000
 Q2             0.000         0.000         0.000         0.000         0.000
 Q3             0.000         0.000         0.000         0.000         0.000
 EDUC04         0.000         0.000         0.000         0.000         0.000
 SYSTO04        0.000         0.000         0.000         0.000         0.000
 DIASTO04       0.000         0.000         0.000         0.000         0.000


           THETA
              Q3            EDUC04        SYSTO04       DIASTO04
              ________      ________      ________      ________
 Q3             0.000
 EDUC04         0.000         0.000
 SYSTO04        0.000         0.000         0.000
 DIASTO04       0.000         0.000         0.000         0.000


           ALPHA
              IB            SB            ID            SD            AGE04
              ________      ________      ________      ________      ________
 1             23.091         0.035        26.873        -0.590        47.385


           ALPHA
              GENDER        KCAL04        MET04         SMOKE04       Q1
              ________      ________      ________      ________      ________
 1              1.519      2188.497       118.186         0.334         0.250


           ALPHA
              Q2            Q3            EDUC04        SYSTO04       DIASTO04
              ________      ________      ________      ________      ________
 1              0.250         0.250         1.724       122.224        78.671


           BETA
              IB            SB            ID            SD            AGE04
              ________      ________      ________      ________      ________
 IB             0.000         0.000         0.000         0.000         0.000
 SB             0.000         0.000         0.000         0.000         0.000
 ID             0.000         0.000         0.000         0.000         0.000
 SD             0.000         0.000         0.000         0.000         0.000
 AGE04          0.000         0.000         0.000         0.000         0.000
 GENDER         0.000         0.000         0.000         0.000         0.000
 KCAL04         0.000         0.000         0.000         0.000         0.000
 MET04          0.000         0.000         0.000         0.000         0.000
 SMOKE04        0.000         0.000         0.000         0.000         0.000
 Q1             0.000         0.000         0.000         0.000         0.000
 Q2             0.000         0.000         0.000         0.000         0.000
 Q3             0.000         0.000         0.000         0.000         0.000
 EDUC04         0.000         0.000         0.000         0.000         0.000
 SYSTO04        0.000         0.000         0.000         0.000         0.000
 DIASTO04       0.000         0.000         0.000         0.000         0.000


           BETA
              GENDER        KCAL04        MET04         SMOKE04       Q1
              ________      ________      ________      ________      ________
 IB             0.000         0.000         0.000         0.000         0.000
 SB             0.000         0.000         0.000         0.000         0.000
 ID             0.000         0.000         0.000         0.000         0.000
 SD             0.000         0.000         0.000         0.000         0.000
 AGE04          0.000         0.000         0.000         0.000         0.000
 GENDER         0.000         0.000         0.000         0.000         0.000
 KCAL04         0.000         0.000         0.000         0.000         0.000
 MET04          0.000         0.000         0.000         0.000         0.000
 SMOKE04        0.000         0.000         0.000         0.000         0.000
 Q1             0.000         0.000         0.000         0.000         0.000
 Q2             0.000         0.000         0.000         0.000         0.000
 Q3             0.000         0.000         0.000         0.000         0.000
 EDUC04         0.000         0.000         0.000         0.000         0.000
 SYSTO04        0.000         0.000         0.000         0.000         0.000
 DIASTO04       0.000         0.000         0.000         0.000         0.000


           BETA
              Q2            Q3            EDUC04        SYSTO04       DIASTO04
              ________      ________      ________      ________      ________
 IB             0.000         0.000         0.000         0.000         0.000
 SB             0.000         0.000         0.000         0.000         0.000
 ID             0.000         0.000         0.000         0.000         0.000
 SD             0.000         0.000         0.000         0.000         0.000
 AGE04          0.000         0.000         0.000         0.000         0.000
 GENDER         0.000         0.000         0.000         0.000         0.000
 KCAL04         0.000         0.000         0.000         0.000         0.000
 MET04          0.000         0.000         0.000         0.000         0.000
 SMOKE04        0.000         0.000         0.000         0.000         0.000
 Q1             0.000         0.000         0.000         0.000         0.000
 Q2             0.000         0.000         0.000         0.000         0.000
 Q3             0.000         0.000         0.000         0.000         0.000
 EDUC04         0.000         0.000         0.000         0.000         0.000
 SYSTO04        0.000         0.000         0.000         0.000         0.000
 DIASTO04       0.000         0.000         0.000         0.000         0.000


           PSI
              IB            SB            ID            SD            AGE04
              ________      ________      ________      ________      ________
 IB            11.513
 SB             0.000         0.570
 ID             0.000         0.000        80.589
 SD             0.000         0.000         0.000        18.100
 AGE04          0.000         0.000         0.000         0.000       117.749
 GENDER         0.000         0.000         0.000         0.000         0.000
 KCAL04         0.000         0.000         0.000         0.000         0.000
 MET04          0.000         0.000         0.000         0.000         0.000
 SMOKE04        0.000         0.000         0.000         0.000         0.000
 Q1             0.000         0.000         0.000         0.000         0.000
 Q2             0.000         0.000         0.000         0.000         0.000
 Q3             0.000         0.000         0.000         0.000         0.000
 EDUC04         0.000         0.000         0.000         0.000         0.000
 SYSTO04        0.000         0.000         0.000         0.000         0.000
 DIASTO04       0.000         0.000         0.000         0.000         0.000


           PSI
              GENDER        KCAL04        MET04         SMOKE04       Q1
              ________      ________      ________      ________      ________
 GENDER         0.125
 KCAL04         0.000    229144.438
 MET04          0.000         0.000      6315.442
 SMOKE04        0.000         0.000         0.000         0.138
 Q1             0.000         0.000         0.000         0.000         0.094
 Q2             0.000         0.000         0.000         0.000         0.000
 Q3             0.000         0.000         0.000         0.000         0.000
 EDUC04         0.000         0.000         0.000         0.000         0.000
 SYSTO04        0.000         0.000         0.000         0.000         0.000
 DIASTO04       0.000         0.000         0.000         0.000         0.000


           PSI
              Q2            Q3            EDUC04        SYSTO04       DIASTO04
              ________      ________      ________      ________      ________
 Q2             0.094
 Q3             0.000         0.094
 EDUC04         0.000         0.000         0.876
 SYSTO04        0.000         0.000         0.000       171.913
 DIASTO04       0.000         0.000         0.000         0.000        63.046


DIAGRAM INFORMATION

  Use View Diagram under the Diagram menu in the Mplus Editor to view the diagram.
  If running Mplus from the Mplus Diagrammer, the diagram opens automatically.

  Diagram output
    c:\users\likai\documents\git_repo\dqmedi\mplus\longitudinal\lbs bmi no mediation - model fit.dgm

     Beginning Time:  22:41:12
        Ending Time:  22:41:39
       Elapsed Time:  00:00:27



MUTHEN & MUTHEN
3463 Stoner Ave.
Los Angeles, CA  90066

Tel: (310) 391-9971
Fax: (310) 391-8971
Web: www.StatModel.com
Support: Support@StatModel.com

Copyright (c) 1998-2015 Muthen & Muthen
