Mplus VERSION 7.4
MUTHEN & MUTHEN
05/16/2019  12:52 PM

INPUT INSTRUCTIONS

  DATA: File is id0411 mplus.csv;

  VARIABLE: Names are IDind WAVE hhid t2 commid age04
                      kcal04 carbo04 fat04 protn04 bmi04
                      hwr04 wc04 diasto04 systo04 smoke04
                      gender educ04 indinc04 index04 met04
                      cmfp04 dash04 ahei04 hbs04 lbs04 dqd04
                      age06 kcal06 carbo06 fat06 protn06 bmi06
                      hwr06 wc06 diasto06 systo06 smoke06
                      educ06 indinc06 index06 met06 cmfp06 dash06
                      ahei06 hbs06 lbs06 dqd06 age09 kcal09 carbo09
                      fat09 protn09 bmi09 hwr09 wc09 diasto09 systo09
                      smoke09 educ09 indinc09 index09 met09 cmfp09
                      dash09 ahei09 hbs09 lbs09 dqd09 age11 kcal11
                      carbo11 fat11 protn11 bmi11 hwr11 wc11 diasto11
                      systo11 smoke11 educ11 indinc11 index11 met11
                      cmfp11 dash11 ahei11 hbs11 lbs11 dqd11 q_index
                       q1 q2 q3 carbo_p protn_p fat_p;

           Usev are  age04 gender kcal04 met04
                     bmi04 bmi06 bmi09 bmi11 smoke04
                     lbs04 lbs06 lbs09 lbs11
                     educ04 systo04 diasto04;


           Missing are all(999);


  ANALYSIS:
  Type=random;
  ALGORITHM=INTEGRATION;
  Estimator=ML;



  MODEL:
  age04 gender kcal04 met04 smoke04
  bmi04 bmi06 bmi09 bmi11 educ04 systo04 diasto04
  lbs04 lbs06 lbs09 lbs11;

  ib sb | bmi04@0 bmi06@2 bmi09@5 bmi11@7;
  id sd | lbs04@0 lbs06@2 lbs09@5 lbs11@7;

  ib with sb;
  id with sd;

  ib-sd on age04 gender met04 kcal04 educ04 systo04 diasto04 smoke04;

  OUTPUT: tech1 tech8 tech4 cinterval;



INPUT READING TERMINATED NORMALLY




SUMMARY OF ANALYSIS

Number of groups                                                 1
Number of observations                                        9547

Number of dependent variables                                    8
Number of independent variables                                  8
Number of continuous latent variables                            4

Observed dependent variables

  Continuous
   BMI04       BMI06       BMI09       BMI11       LBS04       LBS06
   LBS09       LBS11

Observed independent variables
   AGE04       GENDER      KCAL04      MET04       SMOKE04     EDUC04
   SYSTO04     DIASTO04

Continuous latent variables
   IB          SB          ID          SD


Estimator                                                       ML
Information matrix                                        OBSERVED
Optimization Specifications for the Quasi-Newton Algorithm for
Continuous Outcomes
  Maximum number of iterations                                 100
  Convergence criterion                                  0.100D-05
Optimization Specifications for the EM Algorithm
  Maximum number of iterations                                 500
  Convergence criteria
    Loglikelihood change                                 0.100D-02
    Relative loglikelihood change                        0.100D-05
    Derivative                                           0.100D-02
Optimization Specifications for the M step of the EM Algorithm for
Categorical Latent variables
  Number of M step iterations                                    1
  M step convergence criterion                           0.100D-02
  Basis for M step termination                           ITERATION
Optimization Specifications for the M step of the EM Algorithm for
Censored, Binary or Ordered Categorical (Ordinal), Unordered
Categorical (Nominal) and Count Outcomes
  Number of M step iterations                                    1
  M step convergence criterion                           0.100D-02
  Basis for M step termination                           ITERATION
  Maximum value for logit thresholds                            15
  Minimum value for logit thresholds                           -15
  Minimum expected cell size for chi-square              0.100D-01
Maximum number of iterations for H1                           2000
Convergence criterion for H1                             0.100D-03
Optimization algorithm                                         EMA
Integration Specifications
  Type                                                    STANDARD
  Number of integration points                                  15
  Dimensions of numerical integration                            0
  Adaptive quadrature                                           ON
Cholesky                                                       OFF

Input data file(s)
  id0411 mplus.csv
Input data format  FREE


SUMMARY OF DATA

     Number of missing data patterns           195


COVARIANCE COVERAGE OF DATA

Minimum covariance coverage value   0.100


     PROPORTION OF DATA PRESENT FOR Y


           Covariance Coverage
              BMI04         BMI06         BMI09         BMI11         LBS04
              ________      ________      ________      ________      ________
 BMI04          0.928
 BMI06          0.690         0.727
 BMI09          0.589         0.537         0.623
 BMI11          0.533         0.483         0.503         0.564
 LBS04          0.928         0.727         0.623         0.564         1.000
 LBS06          0.721         0.717         0.559         0.504         0.769
 LBS09          0.608         0.553         0.616         0.514         0.648
 LBS11          0.542         0.490         0.507         0.557         0.576
 AGE04          0.928         0.727         0.623         0.564         1.000
 GENDER         0.928         0.727         0.623         0.564         1.000
 KCAL04         0.928         0.727         0.623         0.564         1.000
 MET04          0.848         0.667         0.576         0.523         0.901
 SMOKE04        0.927         0.722         0.619         0.559         0.988
 EDUC04         0.926         0.722         0.618         0.559         0.987
 SYSTO04        0.927         0.698         0.596         0.539         0.939
 DIASTO04       0.927         0.698         0.596         0.539         0.939


           Covariance Coverage
              LBS06         LBS09         LBS11         AGE04         GENDER
              ________      ________      ________      ________      ________
 LBS06          0.769
 LBS09          0.580         0.648
 LBS11          0.513         0.523         0.576
 AGE04          0.769         0.648         0.576         1.000
 GENDER         0.769         0.648         0.576         1.000         1.000
 KCAL04         0.769         0.648         0.576         1.000         1.000
 MET04          0.703         0.597         0.533         0.901         0.901
 SMOKE04        0.764         0.643         0.571         0.988         0.988
 EDUC04         0.763         0.642         0.571         0.987         0.987
 SYSTO04        0.730         0.615         0.549         0.939         0.939
 DIASTO04       0.730         0.615         0.549         0.939         0.939


           Covariance Coverage
              KCAL04        MET04         SMOKE04       EDUC04        SYSTO04
              ________      ________      ________      ________      ________
 KCAL04         1.000
 MET04          0.901         0.901
 SMOKE04        0.988         0.900         0.988
 EDUC04         0.987         0.899         0.986         0.987
 SYSTO04        0.939         0.857         0.937         0.937         0.939
 DIASTO04       0.939         0.857         0.937         0.937         0.939


           Covariance Coverage
              DIASTO04
              ________
 DIASTO04       0.939


     THE STANDARD ERRORS OF THE MODEL PARAMETER ESTIMATES MAY NOT BE
     TRUSTWORTHY FOR SOME PARAMETERS DUE TO A NON-POSITIVE DEFINITE
     FIRST-ORDER DERIVATIVE PRODUCT MATRIX.  THIS MAY BE DUE TO THE STARTING
     VALUES BUT MAY ALSO BE AN INDICATION OF MODEL NONIDENTIFICATION.  THE
     CONDITION NUMBER IS       0.155D-19.  PROBLEM INVOLVING THE FOLLOWING PARAMETER:
     Parameter 98, DIASTO04


THE MODEL ESTIMATION TERMINATED NORMALLY



MODEL FIT INFORMATION

Number of Free Parameters                       98

Loglikelihood

          H0 Value                     -425535.113

Information Criteria

          Akaike (AIC)                  851266.225
          Bayesian (BIC)                851968.295
          Sample-Size Adjusted BIC      851656.867
            (n* = (n + 2) / 24)



MODEL RESULTS

                                                    Two-Tailed
                    Estimate       S.E.  Est./S.E.    P-Value

 IB       |
    BMI04              1.000      0.000    999.000    999.000
    BMI06              1.000      0.000    999.000    999.000
    BMI09              1.000      0.000    999.000    999.000
    BMI11              1.000      0.000    999.000    999.000

 SB       |
    BMI04              0.000      0.000    999.000    999.000
    BMI06              2.000      0.000    999.000    999.000
    BMI09              5.000      0.000    999.000    999.000
    BMI11              7.000      0.000    999.000    999.000

 ID       |
    LBS04              1.000      0.000    999.000    999.000
    LBS06              1.000      0.000    999.000    999.000
    LBS09              1.000      0.000    999.000    999.000
    LBS11              1.000      0.000    999.000    999.000

 SD       |
    LBS04              0.000      0.000    999.000    999.000
    LBS06              2.000      0.000    999.000    999.000
    LBS09              5.000      0.000    999.000    999.000
    LBS11              7.000      0.000    999.000    999.000

 IB         ON
    AGE04              0.001      0.003      0.480      0.631
    GENDER             0.408      0.086      4.754      0.000
    MET04              0.000      0.000     -1.446      0.148
    KCAL04             0.000      0.000      6.451      0.000
    EDUC04             0.142      0.028      5.018      0.000
    SYSTO04            0.026      0.003      9.179      0.000
    DIASTO04           0.059      0.004     13.644      0.000
    SMOKE04           -0.361      0.077     -4.685      0.000

 SB         ON
    AGE04             -0.004      0.000     -9.483      0.000
    GENDER            -0.038      0.012     -3.138      0.002
    MET04              0.000      0.000     -0.406      0.685
    KCAL04             0.000      0.000      0.663      0.507
    EDUC04            -0.019      0.004     -4.531      0.000
    SYSTO04           -0.001      0.000     -3.631      0.000
    DIASTO04           0.000      0.001     -0.365      0.715
    SMOKE04           -0.014      0.010     -1.326      0.185

 ID         ON
    AGE04             -0.055      0.006     -8.448      0.000
    GENDER            -1.300      0.205     -6.348      0.000
    MET04              0.008      0.001      9.576      0.000
    KCAL04            -0.002      0.000    -13.382      0.000
    EDUC04            -2.127      0.068    -31.167      0.000
    SYSTO04           -0.014      0.007     -2.025      0.043
    DIASTO04           0.002      0.011      0.218      0.828
    SMOKE04            0.158      0.188      0.844      0.399

 SD         ON
    AGE04              0.011      0.001      7.903      0.000
    GENDER             0.105      0.042      2.512      0.012
    MET04              0.000      0.000     -3.169      0.002
    KCAL04             0.000      0.000     10.119      0.000
    EDUC04             0.072      0.014      5.120      0.000
    SYSTO04            0.003      0.001      2.452      0.014
    DIASTO04          -0.005      0.002     -2.524      0.012
    SMOKE04           -0.005      0.038     -0.143      0.886

 IB       WITH
    SB                -0.098      0.020     -4.904      0.000

 ID       WITH
    SD                -1.053      0.187     -5.629      0.000
    IB                -1.734      0.258     -6.715      0.000
    SB                 0.180      0.036      5.050      0.000

 SD       WITH
    IB                 0.161      0.052      3.095      0.002
    SB                -0.019      0.007     -2.862      0.004

 GENDER   WITH
    AGE04              0.199      0.078      2.532      0.011

 KCAL04   WITH
    AGE04          -1363.375    107.236    -12.714      0.000
    GENDER           -91.666      3.587    -25.558      0.000

 MET04    WITH
    AGE04           -420.433     19.927    -21.099      0.000
    GENDER            -8.236      0.611    -13.478      0.000
    KCAL04         15895.572    842.947     18.857      0.000

 SMOKE04  WITH
    AGE04              0.282      0.083      3.398      0.001
    GENDER            -0.150      0.003    -48.392      0.000
    KCAL04            57.559      3.702     15.550      0.000
    MET04              4.921      0.636      7.742      0.000

 EDUC04   WITH
    AGE04             -8.152      0.226    -36.126      0.000
    GENDER            -0.129      0.007    -18.635      0.000
    KCAL04            79.356      9.256      8.574      0.000
    MET04             -2.170      1.610     -1.348      0.178
    SMOKE04            0.042      0.007      5.798      0.000

 SYSTO04  WITH
    AGE04            117.491      3.251     36.138      0.000
    GENDER            -0.816      0.098     -8.342      0.000
    KCAL04          -956.043    133.094     -7.183      0.000
    MET04           -277.848     23.463    -11.842      0.000
    SMOKE04            0.673      0.102      6.570      0.000
    EDUC04            -3.715      0.262    -14.200      0.000

 DIASTO04 WITH
    AGE04             35.837      1.871     19.151      0.000
    GENDER            -0.692      0.060    -11.629      0.000
    KCAL04          -281.463     80.642     -3.490      0.000
    MET04            -85.792     14.032     -6.114      0.000
    SMOKE04            0.448      0.062      7.215      0.000
    EDUC04            -0.814      0.157     -5.181      0.000
    SYSTO04          148.420      2.709     54.793      0.000

 Means
    AGE04             47.385      0.157    301.706      0.000
    GENDER             1.519      0.005    297.033      0.000
    KCAL04          2188.497      6.928    315.871      0.000
    MET04            117.205      1.212     96.697      0.000
    SMOKE04            0.335      0.005     62.002      0.000
    EDUC04             1.724      0.014    126.580      0.000
    SYSTO04          122.078      0.195    625.626      0.000
    DIASTO04          78.633      0.118    664.148      0.000

 Intercepts
    BMI04              0.000      0.000    999.000    999.000
    BMI06              0.000      0.000    999.000    999.000
    BMI09              0.000      0.000    999.000    999.000
    BMI11              0.000      0.000    999.000    999.000
    LBS04              0.000      0.000    999.000    999.000
    LBS06              0.000      0.000    999.000    999.000
    LBS09              0.000      0.000    999.000    999.000
    LBS11              0.000      0.000    999.000    999.000
    IB                13.771      0.372     36.972      0.000
    SB                 0.527      0.054      9.831      0.000
    ID                39.686      0.897     44.243      0.000
    SD                -1.831      0.185     -9.915      0.000

 Variances
    AGE04            235.499      3.409     69.091      0.000
    GENDER             0.250      0.004     69.091      0.000
    KCAL04         *********   6633.166     69.091      0.000
    MET04          12731.652    195.447     65.141      0.000
    SMOKE04            0.276      0.004     68.709      0.000
    EDUC04             1.754      0.026     68.603      0.000
    SYSTO04          345.118      5.165     66.815      0.000
    DIASTO04         126.176      1.886     66.911      0.000

 Residual Variances
    BMI04              0.960      0.072     13.366      0.000
    BMI06              3.139      0.070     44.873      0.000
    BMI09              1.530      0.071     21.488      0.000
    BMI11             13.580      0.292     46.479      0.000
    LBS04             51.027      1.224     41.701      0.000
    LBS06             40.430      0.859     47.063      0.000
    LBS09             36.759      0.850     43.235      0.000
    LBS11             39.236      1.208     32.474      0.000
    IB                 9.200      0.162     56.816      0.000
    SB                 0.047      0.004     10.862      0.000
    ID                22.836      1.064     21.458      0.000
    SD                 0.213      0.044      4.884      0.000


QUALITY OF NUMERICAL RESULTS

     Condition Number for the Information Matrix              0.155E-19
       (ratio of smallest to largest eigenvalue)


CONFIDENCE INTERVALS OF MODEL RESULTS

                  Lower .5%  Lower 2.5%    Lower 5%    Estimate    Upper 5%  Upper 2.5%   Upper .5%

 IB       |
    BMI04            1.000       1.000       1.000       1.000       1.000       1.000       1.000
    BMI06            1.000       1.000       1.000       1.000       1.000       1.000       1.000
    BMI09            1.000       1.000       1.000       1.000       1.000       1.000       1.000
    BMI11            1.000       1.000       1.000       1.000       1.000       1.000       1.000

 SB       |
    BMI04            0.000       0.000       0.000       0.000       0.000       0.000       0.000
    BMI06            2.000       2.000       2.000       2.000       2.000       2.000       2.000
    BMI09            5.000       5.000       5.000       5.000       5.000       5.000       5.000
    BMI11            7.000       7.000       7.000       7.000       7.000       7.000       7.000

 ID       |
    LBS04            1.000       1.000       1.000       1.000       1.000       1.000       1.000
    LBS06            1.000       1.000       1.000       1.000       1.000       1.000       1.000
    LBS09            1.000       1.000       1.000       1.000       1.000       1.000       1.000
    LBS11            1.000       1.000       1.000       1.000       1.000       1.000       1.000

 SD       |
    LBS04            0.000       0.000       0.000       0.000       0.000       0.000       0.000
    LBS06            2.000       2.000       2.000       2.000       2.000       2.000       2.000
    LBS09            5.000       5.000       5.000       5.000       5.000       5.000       5.000
    LBS11            7.000       7.000       7.000       7.000       7.000       7.000       7.000

 IB       ON
    AGE04           -0.006      -0.004      -0.003       0.001       0.006       0.007       0.008
    GENDER           0.187       0.240       0.267       0.408       0.549       0.576       0.629
    MET04           -0.001      -0.001      -0.001       0.000       0.000       0.000       0.000
    KCAL04           0.000       0.000       0.000       0.000       0.000       0.000       0.000
    EDUC04           0.069       0.087       0.096       0.142       0.189       0.198       0.216
    SYSTO04          0.018       0.020       0.021       0.026       0.030       0.031       0.033
    DIASTO04         0.048       0.050       0.052       0.059       0.066       0.067       0.070
    SMOKE04         -0.560      -0.512      -0.488      -0.361      -0.234      -0.210      -0.163

 SB       ON
    AGE04           -0.005      -0.005      -0.005      -0.004      -0.003      -0.003      -0.003
    GENDER          -0.069      -0.062      -0.058      -0.038      -0.018      -0.014      -0.007
    MET04            0.000       0.000       0.000       0.000       0.000       0.000       0.000
    KCAL04           0.000       0.000       0.000       0.000       0.000       0.000       0.000
    EDUC04          -0.029      -0.027      -0.025      -0.019      -0.012      -0.011      -0.008
    SYSTO04         -0.002      -0.002      -0.002      -0.001      -0.001      -0.001       0.000
    DIASTO04        -0.002      -0.001      -0.001       0.000       0.001       0.001       0.001
    SMOKE04         -0.041      -0.034      -0.031      -0.014       0.003       0.007       0.013

 ID       ON
    AGE04           -0.071      -0.067      -0.065      -0.055      -0.044      -0.042      -0.038
    GENDER          -1.827      -1.701      -1.637      -1.300      -0.963      -0.899      -0.772
    MET04            0.006       0.006       0.006       0.008       0.009       0.009       0.010
    KCAL04          -0.002      -0.002      -0.002      -0.002      -0.001      -0.001      -0.001
    EDUC04          -2.303      -2.261      -2.239      -2.127      -2.015      -1.993      -1.951
    SYSTO04         -0.031      -0.027      -0.025      -0.014      -0.003       0.000       0.004
    DIASTO04        -0.025      -0.018      -0.015       0.002       0.020       0.023       0.029
    SMOKE04         -0.325      -0.209      -0.150       0.158       0.467       0.526       0.642

 SD       ON
    AGE04            0.007       0.008       0.009       0.011       0.013       0.014       0.014
    GENDER          -0.003       0.023       0.036       0.105       0.173       0.186       0.212
    MET04           -0.001      -0.001      -0.001       0.000       0.000       0.000       0.000
    KCAL04           0.000       0.000       0.000       0.000       0.000       0.000       0.000
    EDUC04           0.036       0.045       0.049       0.072       0.095       0.100       0.108
    SYSTO04          0.000       0.001       0.001       0.003       0.006       0.006       0.007
    DIASTO04        -0.011      -0.010      -0.009      -0.005      -0.002      -0.001       0.000
    SMOKE04         -0.102      -0.079      -0.067      -0.005       0.056       0.068       0.091

 IB       WITH
    SB              -0.149      -0.137      -0.131      -0.098      -0.065      -0.059      -0.046

 ID       WITH
    SD              -1.535      -1.420      -1.361      -1.053      -0.745      -0.686      -0.571
    IB              -2.399      -2.240      -2.159      -1.734      -1.309      -1.228      -1.069
    SB               0.088       0.110       0.121       0.180       0.238       0.250       0.272

 SD       WITH
    IB               0.027       0.059       0.076       0.161       0.247       0.263       0.296
    SB              -0.036      -0.032      -0.030      -0.019      -0.008      -0.006      -0.002

 GENDER   WITH
    AGE04           -0.003       0.045       0.070       0.199       0.328       0.353       0.401

 KCAL04   WITH
    AGE04        -1639.592   -1573.556   -1539.777   -1363.375   -1186.972   -1153.193   -1087.157
    GENDER        -100.904     -98.695     -97.566     -91.666     -85.766     -84.636     -82.427

 MET04    WITH
    AGE04         -471.760    -459.489    -453.212    -420.433    -387.654    -381.377    -369.107
    GENDER          -9.809      -9.433      -9.241      -8.236      -7.230      -7.038      -6.662
    KCAL04       13724.310   14243.396   14508.924   15895.572   17282.221   17547.748   18066.836

 SMOKE04  WITH
    AGE04            0.068       0.120       0.146       0.282       0.419       0.445       0.497
    GENDER          -0.158      -0.156      -0.155      -0.150      -0.145      -0.144      -0.142
    KCAL04          48.025      50.304      51.470      57.559      63.648      64.814      67.093
    MET04            3.284       3.675       3.876       4.921       5.967       6.167       6.559

 EDUC04   WITH
    AGE04           -8.734      -8.595      -8.524      -8.152      -7.781      -7.710      -7.571
    GENDER          -0.147      -0.143      -0.141      -0.129      -0.118      -0.116      -0.111
    KCAL04          55.514      61.214      64.130      79.356      94.581      97.497     103.197
    MET04           -6.316      -5.325      -4.818      -2.170       0.478       0.985       1.976
    SMOKE04          0.023       0.028       0.030       0.042       0.053       0.056       0.060

 SYSTO04  WITH
    AGE04          109.117     111.119     112.143     117.491     122.839     123.863     125.866
    GENDER          -1.068      -1.008      -0.977      -0.816      -0.655      -0.624      -0.564
    KCAL04       -1298.866   -1216.907   -1174.983    -956.043    -737.104    -695.179    -613.220
    MET04         -338.285    -323.836    -316.445    -277.848    -239.251    -231.860    -217.412
    SMOKE04          0.409       0.472       0.505       0.673       0.842       0.874       0.937
    EDUC04          -4.389      -4.227      -4.145      -3.715      -3.284      -3.202      -3.041

 DIASTO04 WITH
    AGE04           31.017      32.169      32.759      35.837      38.915      39.505      40.657
    GENDER          -0.846      -0.809      -0.790      -0.692      -0.595      -0.576      -0.539
    KCAL04        -489.181    -439.522    -414.119    -281.463    -148.806    -123.403     -73.744
    MET04         -121.937    -113.296    -108.876     -85.792     -62.709     -58.289     -49.648
    SMOKE04          0.288       0.326       0.346       0.448       0.550       0.570       0.608
    EDUC04          -1.218      -1.121      -1.072      -0.814      -0.555      -0.506      -0.409
    SYSTO04        141.443     143.111     143.964     148.420     152.876     153.729     155.397

 Means
    AGE04           46.981      47.078      47.127      47.385      47.644      47.693      47.790
    GENDER           1.506       1.509       1.510       1.519       1.527       1.529       1.532
    KCAL04        2170.651    2174.917    2177.100    2188.497    2199.894    2202.077    2206.343
    MET04          114.083     114.830     115.211     117.205     119.199     119.581     120.327
    SMOKE04          0.321       0.324       0.326       0.335       0.344       0.345       0.349
    EDUC04           1.689       1.697       1.702       1.724       1.746       1.751       1.759
    SYSTO04        121.576     121.696     121.757     122.078     122.399     122.461     122.581
    DIASTO04        78.328      78.401      78.439      78.633      78.828      78.865      78.938

 Intercepts
    BMI04            0.000       0.000       0.000       0.000       0.000       0.000       0.000
    BMI06            0.000       0.000       0.000       0.000       0.000       0.000       0.000
    BMI09            0.000       0.000       0.000       0.000       0.000       0.000       0.000
    BMI11            0.000       0.000       0.000       0.000       0.000       0.000       0.000
    LBS04            0.000       0.000       0.000       0.000       0.000       0.000       0.000
    LBS06            0.000       0.000       0.000       0.000       0.000       0.000       0.000
    LBS09            0.000       0.000       0.000       0.000       0.000       0.000       0.000
    LBS11            0.000       0.000       0.000       0.000       0.000       0.000       0.000
    IB              12.812      13.041      13.159      13.771      14.384      14.501      14.731
    SB               0.389       0.422       0.439       0.527       0.616       0.632       0.665
    ID              37.375      37.928      38.210      39.686      41.161      41.444      41.996
    SD              -2.307      -2.194      -2.135      -1.831      -1.528      -1.469      -1.356

 Variances
    AGE04          226.719     228.818     229.892     235.499     241.106     242.180     244.279
    GENDER           0.240       0.243       0.244       0.250       0.256       0.257       0.259
    KCAL04       *********  445287.875  447377.312  458288.875  469200.438  471289.875  475374.594
    MET04        12228.221   12348.576   12410.143   12731.652   13053.162   13114.729   13235.084
    SMOKE04          0.266       0.268       0.269       0.276       0.283       0.284       0.286
    EDUC04           1.688       1.704       1.712       1.754       1.796       1.804       1.820
    SYSTO04        331.813     334.994     336.621     345.118     353.615     355.242     358.423
    DIASTO04       121.319     122.480     123.074     126.176     129.278     129.872     131.033

 Residual Variances
    BMI04            0.775       0.819       0.841       0.960       1.078       1.100       1.144
    BMI06            2.959       3.002       3.024       3.139       3.254       3.276       3.319
    BMI09            1.346       1.390       1.413       1.530       1.647       1.669       1.713
    BMI11           12.827      13.007      13.099      13.580      14.060      14.152      14.332
    LBS04           47.875      48.628      49.014      51.027      53.040      53.425      54.179
    LBS06           38.217      38.746      39.017      40.430      41.843      42.114      42.643
    LBS09           34.569      35.093      35.361      36.759      38.158      38.426      38.949
    LBS11           36.124      36.868      37.248      39.236      41.223      41.604      42.348
    IB               8.783       8.883       8.934       9.200       9.467       9.518       9.618
    SB               0.036       0.038       0.040       0.047       0.054       0.055       0.058
    ID              20.094      20.750      21.085      22.836      24.586      24.921      25.577
    SD               0.101       0.128       0.141       0.213       0.285       0.299       0.325


TECHNICAL 1 OUTPUT


     PARAMETER SPECIFICATION


           NU
              BMI04         BMI06         BMI09         BMI11         LBS04
              ________      ________      ________      ________      ________
 1                  0             0             0             0             0


           NU
              LBS06         LBS09         LBS11         AGE04         GENDER
              ________      ________      ________      ________      ________
 1                  0             0             0             0             0


           NU
              KCAL04        MET04         SMOKE04       EDUC04        SYSTO04
              ________      ________      ________      ________      ________
 1                  0             0             0             0             0


           NU
              DIASTO04
              ________
 1                  0


           LAMBDA
              IB            SB            ID            SD            AGE04
              ________      ________      ________      ________      ________
 BMI04              0             0             0             0             0
 BMI06              0             0             0             0             0
 BMI09              0             0             0             0             0
 BMI11              0             0             0             0             0
 LBS04              0             0             0             0             0
 LBS06              0             0             0             0             0
 LBS09              0             0             0             0             0
 LBS11              0             0             0             0             0
 AGE04              0             0             0             0             0
 GENDER             0             0             0             0             0
 KCAL04             0             0             0             0             0
 MET04              0             0             0             0             0
 SMOKE04            0             0             0             0             0
 EDUC04             0             0             0             0             0
 SYSTO04            0             0             0             0             0
 DIASTO04           0             0             0             0             0


           LAMBDA
              GENDER        KCAL04        MET04         SMOKE04       EDUC04
              ________      ________      ________      ________      ________
 BMI04              0             0             0             0             0
 BMI06              0             0             0             0             0
 BMI09              0             0             0             0             0
 BMI11              0             0             0             0             0
 LBS04              0             0             0             0             0
 LBS06              0             0             0             0             0
 LBS09              0             0             0             0             0
 LBS11              0             0             0             0             0
 AGE04              0             0             0             0             0
 GENDER             0             0             0             0             0
 KCAL04             0             0             0             0             0
 MET04              0             0             0             0             0
 SMOKE04            0             0             0             0             0
 EDUC04             0             0             0             0             0
 SYSTO04            0             0             0             0             0
 DIASTO04           0             0             0             0             0


           LAMBDA
              SYSTO04       DIASTO04
              ________      ________
 BMI04              0             0
 BMI06              0             0
 BMI09              0             0
 BMI11              0             0
 LBS04              0             0
 LBS06              0             0
 LBS09              0             0
 LBS11              0             0
 AGE04              0             0
 GENDER             0             0
 KCAL04             0             0
 MET04              0             0
 SMOKE04            0             0
 EDUC04             0             0
 SYSTO04            0             0
 DIASTO04           0             0


           THETA
              BMI04         BMI06         BMI09         BMI11         LBS04
              ________      ________      ________      ________      ________
 BMI04              1
 BMI06              0             2
 BMI09              0             0             3
 BMI11              0             0             0             4
 LBS04              0             0             0             0             5
 LBS06              0             0             0             0             0
 LBS09              0             0             0             0             0
 LBS11              0             0             0             0             0
 AGE04              0             0             0             0             0
 GENDER             0             0             0             0             0
 KCAL04             0             0             0             0             0
 MET04              0             0             0             0             0
 SMOKE04            0             0             0             0             0
 EDUC04             0             0             0             0             0
 SYSTO04            0             0             0             0             0
 DIASTO04           0             0             0             0             0


           THETA
              LBS06         LBS09         LBS11         AGE04         GENDER
              ________      ________      ________      ________      ________
 LBS06              6
 LBS09              0             7
 LBS11              0             0             8
 AGE04              0             0             0             0
 GENDER             0             0             0             0             0
 KCAL04             0             0             0             0             0
 MET04              0             0             0             0             0
 SMOKE04            0             0             0             0             0
 EDUC04             0             0             0             0             0
 SYSTO04            0             0             0             0             0
 DIASTO04           0             0             0             0             0


           THETA
              KCAL04        MET04         SMOKE04       EDUC04        SYSTO04
              ________      ________      ________      ________      ________
 KCAL04             0
 MET04              0             0
 SMOKE04            0             0             0
 EDUC04             0             0             0             0
 SYSTO04            0             0             0             0             0
 DIASTO04           0             0             0             0             0


           THETA
              DIASTO04
              ________
 DIASTO04           0


           ALPHA
              IB            SB            ID            SD            AGE04
              ________      ________      ________      ________      ________
 1                  9            10            11            12            13


           ALPHA
              GENDER        KCAL04        MET04         SMOKE04       EDUC04
              ________      ________      ________      ________      ________
 1                 14            15            16            17            18


           ALPHA
              SYSTO04       DIASTO04
              ________      ________
 1                 19            20


           BETA
              IB            SB            ID            SD            AGE04
              ________      ________      ________      ________      ________
 IB                 0             0             0             0            21
 SB                 0             0             0             0            29
 ID                 0             0             0             0            37
 SD                 0             0             0             0            45
 AGE04              0             0             0             0             0
 GENDER             0             0             0             0             0
 KCAL04             0             0             0             0             0
 MET04              0             0             0             0             0
 SMOKE04            0             0             0             0             0
 EDUC04             0             0             0             0             0
 SYSTO04            0             0             0             0             0
 DIASTO04           0             0             0             0             0


           BETA
              GENDER        KCAL04        MET04         SMOKE04       EDUC04
              ________      ________      ________      ________      ________
 IB                22            23            24            25            26
 SB                30            31            32            33            34
 ID                38            39            40            41            42
 SD                46            47            48            49            50
 AGE04              0             0             0             0             0
 GENDER             0             0             0             0             0
 KCAL04             0             0             0             0             0
 MET04              0             0             0             0             0
 SMOKE04            0             0             0             0             0
 EDUC04             0             0             0             0             0
 SYSTO04            0             0             0             0             0
 DIASTO04           0             0             0             0             0


           BETA
              SYSTO04       DIASTO04
              ________      ________
 IB                27            28
 SB                35            36
 ID                43            44
 SD                51            52
 AGE04              0             0
 GENDER             0             0
 KCAL04             0             0
 MET04              0             0
 SMOKE04            0             0
 EDUC04             0             0
 SYSTO04            0             0
 DIASTO04           0             0


           PSI
              IB            SB            ID            SD            AGE04
              ________      ________      ________      ________      ________
 IB                53
 SB                54            55
 ID                56            57            58
 SD                59            60            61            62
 AGE04              0             0             0             0            63
 GENDER             0             0             0             0            64
 KCAL04             0             0             0             0            66
 MET04              0             0             0             0            69
 SMOKE04            0             0             0             0            73
 EDUC04             0             0             0             0            78
 SYSTO04            0             0             0             0            84
 DIASTO04           0             0             0             0            91


           PSI
              GENDER        KCAL04        MET04         SMOKE04       EDUC04
              ________      ________      ________      ________      ________
 GENDER            65
 KCAL04            67            68
 MET04             70            71            72
 SMOKE04           74            75            76            77
 EDUC04            79            80            81            82            83
 SYSTO04           85            86            87            88            89
 DIASTO04          92            93            94            95            96


           PSI
              SYSTO04       DIASTO04
              ________      ________
 SYSTO04           90
 DIASTO04          97            98


     STARTING VALUES


           NU
              BMI04         BMI06         BMI09         BMI11         LBS04
              ________      ________      ________      ________      ________
 1              0.000         0.000         0.000         0.000         0.000


           NU
              LBS06         LBS09         LBS11         AGE04         GENDER
              ________      ________      ________      ________      ________
 1              0.000         0.000         0.000         0.000         0.000


           NU
              KCAL04        MET04         SMOKE04       EDUC04        SYSTO04
              ________      ________      ________      ________      ________
 1              0.000         0.000         0.000         0.000         0.000


           NU
              DIASTO04
              ________
 1              0.000


           LAMBDA
              IB            SB            ID            SD            AGE04
              ________      ________      ________      ________      ________
 BMI04          1.000         0.000         0.000         0.000         0.000
 BMI06          1.000         2.000         0.000         0.000         0.000
 BMI09          1.000         5.000         0.000         0.000         0.000
 BMI11          1.000         7.000         0.000         0.000         0.000
 LBS04          0.000         0.000         1.000         0.000         0.000
 LBS06          0.000         0.000         1.000         2.000         0.000
 LBS09          0.000         0.000         1.000         5.000         0.000
 LBS11          0.000         0.000         1.000         7.000         0.000
 AGE04          0.000         0.000         0.000         0.000         1.000
 GENDER         0.000         0.000         0.000         0.000         0.000
 KCAL04         0.000         0.000         0.000         0.000         0.000
 MET04          0.000         0.000         0.000         0.000         0.000
 SMOKE04        0.000         0.000         0.000         0.000         0.000
 EDUC04         0.000         0.000         0.000         0.000         0.000
 SYSTO04        0.000         0.000         0.000         0.000         0.000
 DIASTO04       0.000         0.000         0.000         0.000         0.000


           LAMBDA
              GENDER        KCAL04        MET04         SMOKE04       EDUC04
              ________      ________      ________      ________      ________
 BMI04          0.000         0.000         0.000         0.000         0.000
 BMI06          0.000         0.000         0.000         0.000         0.000
 BMI09          0.000         0.000         0.000         0.000         0.000
 BMI11          0.000         0.000         0.000         0.000         0.000
 LBS04          0.000         0.000         0.000         0.000         0.000
 LBS06          0.000         0.000         0.000         0.000         0.000
 LBS09          0.000         0.000         0.000         0.000         0.000
 LBS11          0.000         0.000         0.000         0.000         0.000
 AGE04          0.000         0.000         0.000         0.000         0.000
 GENDER         1.000         0.000         0.000         0.000         0.000
 KCAL04         0.000         1.000         0.000         0.000         0.000
 MET04          0.000         0.000         1.000         0.000         0.000
 SMOKE04        0.000         0.000         0.000         1.000         0.000
 EDUC04         0.000         0.000         0.000         0.000         1.000
 SYSTO04        0.000         0.000         0.000         0.000         0.000
 DIASTO04       0.000         0.000         0.000         0.000         0.000


           LAMBDA
              SYSTO04       DIASTO04
              ________      ________
 BMI04          0.000         0.000
 BMI06          0.000         0.000
 BMI09          0.000         0.000
 BMI11          0.000         0.000
 LBS04          0.000         0.000
 LBS06          0.000         0.000
 LBS09          0.000         0.000
 LBS11          0.000         0.000
 AGE04          0.000         0.000
 GENDER         0.000         0.000
 KCAL04         0.000         0.000
 MET04          0.000         0.000
 SMOKE04        0.000         0.000
 EDUC04         0.000         0.000
 SYSTO04        1.000         0.000
 DIASTO04       0.000         1.000


           THETA
              BMI04         BMI06         BMI09         BMI11         LBS04
              ________      ________      ________      ________      ________
 BMI04          5.617
 BMI06          0.000         6.364
 BMI09          0.000         0.000         5.891
 BMI11          0.000         0.000         0.000        11.820
 LBS04          0.000         0.000         0.000         0.000        41.027
 LBS06          0.000         0.000         0.000         0.000         0.000
 LBS09          0.000         0.000         0.000         0.000         0.000
 LBS11          0.000         0.000         0.000         0.000         0.000
 AGE04          0.000         0.000         0.000         0.000         0.000
 GENDER         0.000         0.000         0.000         0.000         0.000
 KCAL04         0.000         0.000         0.000         0.000         0.000
 MET04          0.000         0.000         0.000         0.000         0.000
 SMOKE04        0.000         0.000         0.000         0.000         0.000
 EDUC04         0.000         0.000         0.000         0.000         0.000
 SYSTO04        0.000         0.000         0.000         0.000         0.000
 DIASTO04       0.000         0.000         0.000         0.000         0.000


           THETA
              LBS06         LBS09         LBS11         AGE04         GENDER
              ________      ________      ________      ________      ________
 LBS06         33.452
 LBS09          0.000        30.203
 LBS11          0.000         0.000        30.789
 AGE04          0.000         0.000         0.000         0.000
 GENDER         0.000         0.000         0.000         0.000         0.000
 KCAL04         0.000         0.000         0.000         0.000         0.000
 MET04          0.000         0.000         0.000         0.000         0.000
 SMOKE04        0.000         0.000         0.000         0.000         0.000
 EDUC04         0.000         0.000         0.000         0.000         0.000
 SYSTO04        0.000         0.000         0.000         0.000         0.000
 DIASTO04       0.000         0.000         0.000         0.000         0.000


           THETA
              KCAL04        MET04         SMOKE04       EDUC04        SYSTO04
              ________      ________      ________      ________      ________
 KCAL04         0.000
 MET04          0.000         0.000
 SMOKE04        0.000         0.000         0.000
 EDUC04         0.000         0.000         0.000         0.000
 SYSTO04        0.000         0.000         0.000         0.000         0.000
 DIASTO04       0.000         0.000         0.000         0.000         0.000


           THETA
              DIASTO04
              ________
 DIASTO04       0.000


           ALPHA
              IB            SB            ID            SD            AGE04
              ________      ________      ________      ________      ________
 1             23.091         0.035        26.873        -0.590        47.385


           ALPHA
              GENDER        KCAL04        MET04         SMOKE04       EDUC04
              ________      ________      ________      ________      ________
 1              1.519      2188.497       118.186         0.334         1.724


           ALPHA
              SYSTO04       DIASTO04
              ________      ________
 1            122.224        78.671


           BETA
              IB            SB            ID            SD            AGE04
              ________      ________      ________      ________      ________
 IB             0.000         0.000         0.000         0.000         0.000
 SB             0.000         0.000         0.000         0.000         0.000
 ID             0.000         0.000         0.000         0.000         0.000
 SD             0.000         0.000         0.000         0.000         0.000
 AGE04          0.000         0.000         0.000         0.000         0.000
 GENDER         0.000         0.000         0.000         0.000         0.000
 KCAL04         0.000         0.000         0.000         0.000         0.000
 MET04          0.000         0.000         0.000         0.000         0.000
 SMOKE04        0.000         0.000         0.000         0.000         0.000
 EDUC04         0.000         0.000         0.000         0.000         0.000
 SYSTO04        0.000         0.000         0.000         0.000         0.000
 DIASTO04       0.000         0.000         0.000         0.000         0.000


           BETA
              GENDER        KCAL04        MET04         SMOKE04       EDUC04
              ________      ________      ________      ________      ________
 IB             0.000         0.000         0.000         0.000         0.000
 SB             0.000         0.000         0.000         0.000         0.000
 ID             0.000         0.000         0.000         0.000         0.000
 SD             0.000         0.000         0.000         0.000         0.000
 AGE04          0.000         0.000         0.000         0.000         0.000
 GENDER         0.000         0.000         0.000         0.000         0.000
 KCAL04         0.000         0.000         0.000         0.000         0.000
 MET04          0.000         0.000         0.000         0.000         0.000
 SMOKE04        0.000         0.000         0.000         0.000         0.000
 EDUC04         0.000         0.000         0.000         0.000         0.000
 SYSTO04        0.000         0.000         0.000         0.000         0.000
 DIASTO04       0.000         0.000         0.000         0.000         0.000


           BETA
              SYSTO04       DIASTO04
              ________      ________
 IB             0.000         0.000
 SB             0.000         0.000
 ID             0.000         0.000
 SD             0.000         0.000
 AGE04          0.000         0.000
 GENDER         0.000         0.000
 KCAL04         0.000         0.000
 MET04          0.000         0.000
 SMOKE04        0.000         0.000
 EDUC04         0.000         0.000
 SYSTO04        0.000         0.000
 DIASTO04       0.000         0.000


           PSI
              IB            SB            ID            SD            AGE04
              ________      ________      ________      ________      ________
 IB            11.513
 SB             0.000         0.570
 ID             0.000         0.000        80.589
 SD             0.000         0.000         0.000        18.100
 AGE04          0.000         0.000         0.000         0.000       117.749
 GENDER         0.000         0.000         0.000         0.000         0.000
 KCAL04         0.000         0.000         0.000         0.000         0.000
 MET04          0.000         0.000         0.000         0.000         0.000
 SMOKE04        0.000         0.000         0.000         0.000         0.000
 EDUC04         0.000         0.000         0.000         0.000         0.000
 SYSTO04        0.000         0.000         0.000         0.000         0.000
 DIASTO04       0.000         0.000         0.000         0.000         0.000


           PSI
              GENDER        KCAL04        MET04         SMOKE04       EDUC04
              ________      ________      ________      ________      ________
 GENDER         0.125
 KCAL04         0.000    229144.438
 MET04          0.000         0.000      6315.442
 SMOKE04        0.000         0.000         0.000         0.138
 EDUC04         0.000         0.000         0.000         0.000         0.876
 SYSTO04        0.000         0.000         0.000         0.000         0.000
 DIASTO04       0.000         0.000         0.000         0.000         0.000


           PSI
              SYSTO04       DIASTO04
              ________      ________
 SYSTO04      171.913
 DIASTO04       0.000        63.046


TECHNICAL 4 OUTPUT


     ESTIMATES DERIVED FROM THE MODEL


           ESTIMATED MEANS FOR THE LATENT VARIABLES
              IB            SB            ID            SD            AGE04
              ________      ________      ________      ________      ________
 1             23.011         0.064        27.271        -0.536        47.385


           ESTIMATED MEANS FOR THE LATENT VARIABLES
              GENDER        KCAL04        MET04         SMOKE04       EDUC04
              ________      ________      ________      ________      ________
 1              1.519      2188.497       117.205         0.335         1.724


           ESTIMATED MEANS FOR THE LATENT VARIABLES
              SYSTO04       DIASTO04
              ________      ________
 1            122.078        78.633


           S.E. FOR ESTIMATED MEANS FOR THE LATENT VARIABLES
              IB            SB            ID            SD            AGE04
              ________      ________      ________      ________      ________
 1              0.035         0.005         0.084         0.016         0.157


           S.E. FOR ESTIMATED MEANS FOR THE LATENT VARIABLES
              GENDER        KCAL04        MET04         SMOKE04       EDUC04
              ________      ________      ________      ________      ________
 1              0.005         6.928         1.212         0.005         0.014


           S.E. FOR ESTIMATED MEANS FOR THE LATENT VARIABLES
              SYSTO04       DIASTO04
              ________      ________
 1              0.195         0.118


           EST./S.E. FOR ESTIMATED MEANS FOR THE LATENT VARIABLES
              IB            SB            ID            SD            AGE04
              ________      ________      ________      ________      ________
 1            658.565        13.561       325.027       -33.171       301.706


           EST./S.E. FOR ESTIMATED MEANS FOR THE LATENT VARIABLES
              GENDER        KCAL04        MET04         SMOKE04       EDUC04
              ________      ________      ________      ________      ________
 1            297.033       315.871        96.697        62.002       126.580


           EST./S.E. FOR ESTIMATED MEANS FOR THE LATENT VARIABLES
              SYSTO04       DIASTO04
              ________      ________
 1            625.626       664.148


           TWO-TAILED P-VALUE FOR ESTIMATED MEANS FOR THE LATENT VARIABLES
              IB            SB            ID            SD            AGE04
              ________      ________      ________      ________      ________
 1              0.000         0.000         0.000         0.000         0.000


           TWO-TAILED P-VALUE FOR ESTIMATED MEANS FOR THE LATENT VARIABLES
              GENDER        KCAL04        MET04         SMOKE04       EDUC04
              ________      ________      ________      ________      ________
 1              0.000         0.000         0.000         0.000         0.000


           TWO-TAILED P-VALUE FOR ESTIMATED MEANS FOR THE LATENT VARIABLES
              SYSTO04       DIASTO04
              ________      ________
 1              0.000         0.000


           ESTIMATED COVARIANCE MATRIX FOR THE LATENT VARIABLES
              IB            SB            ID            SD            AGE04
              ________      ________      ________      ________      ________
 IB            10.343
 SB            -0.140         0.052
 ID            -2.590         0.229        31.407
 SD             0.237        -0.029        -1.472         0.269
 AGE04          3.981        -0.950         1.828         2.059       235.499
 GENDER         0.049        -0.005         0.015         0.001         0.199
 KCAL04        57.574         9.910      -591.289        89.461     -1363.375
 MET04        -18.913         2.180       112.299        -8.276      -420.433
 SMOKE04       -0.094        -0.001         0.069         0.001         0.282
 EDUC04         0.056         0.009        -3.210         0.037        -8.152
 SYSTO04       16.425        -0.896        -2.286         1.192       117.491
 DIASTO04      10.653        -0.346        -1.198         0.051        35.837


           ESTIMATED COVARIANCE MATRIX FOR THE LATENT VARIABLES
              GENDER        KCAL04        MET04         SMOKE04       EDUC04
              ________      ________      ________      ________      ________
 GENDER         0.250
 KCAL04       -91.666    458288.862
 MET04         -8.236     15895.572     12731.652
 SMOKE04       -0.150        57.559         4.921         0.276
 EDUC04        -0.129        79.356        -2.170         0.042         1.754
 SYSTO04       -0.816      -956.043      -277.848         0.673        -3.715
 DIASTO04      -0.692      -281.463       -85.792         0.448        -0.814


           ESTIMATED COVARIANCE MATRIX FOR THE LATENT VARIABLES
              SYSTO04       DIASTO04
              ________      ________
 SYSTO04      345.118
 DIASTO04     148.420       126.176


           S.E. FOR ESTIMATED COVARIANCE MATRIX FOR THE LATENT VARIABLES
              IB            SB            ID            SD            AGE04
              ________      ________      ________      ________      ________
 IB             0.178
 SB             0.021         0.004
 ID             0.292         0.039         1.168
 SD             0.056         0.007         0.197         0.044
 AGE04          0.544         0.082         1.306         0.272         3.409
 GENDER         0.017         0.002         0.042         0.008         0.078
 KCAL04        23.792         3.275        57.282        11.171       107.236
 MET04          4.143         0.545        10.066         1.875        19.927
 SMOKE04        0.018         0.002         0.045         0.008         0.083
 EDUC04         0.046         0.006         0.118         0.022         0.226
 SYSTO04        0.680         0.091         1.622         0.316         3.251
 DIASTO04       0.413         0.054         0.984         0.189         1.871


           S.E. FOR ESTIMATED COVARIANCE MATRIX FOR THE LATENT VARIABLES
              GENDER        KCAL04        MET04         SMOKE04       EDUC04
              ________      ________      ________      ________      ________
 GENDER         0.004
 KCAL04         3.587      6633.166
 MET04          0.611       842.947       195.447
 SMOKE04        0.003         3.702         0.636         0.004
 EDUC04         0.007         9.256         1.610         0.007         0.026
 SYSTO04        0.098       133.094        23.463         0.102         0.262
 DIASTO04       0.060        80.642        14.032         0.062         0.157


           S.E. FOR ESTIMATED COVARIANCE MATRIX FOR THE LATENT VARIABLES
              SYSTO04       DIASTO04
              ________      ________
 SYSTO04        5.165
 DIASTO04       2.709         1.886


           EST./S.E. FOR ESTIMATED COVARIANCE MATRIX FOR THE LATENT VARIABLES
              IB            SB            ID            SD            AGE04
              ________      ________      ________      ________      ________
 IB            58.265
 SB            -6.747        11.837
 ID            -8.882         5.896        26.885
 SD             4.265        -4.203        -7.480         6.053
 AGE04          7.318       -11.624         1.400         7.584        69.091
 GENDER         2.828        -2.006         0.352         0.147         2.532
 KCAL04         2.420         3.026       -10.322         8.008       -12.714
 MET04         -4.565         3.999        11.156        -4.415       -21.099
 SMOKE04       -5.122        -0.371         1.531         0.135         3.398
 EDUC04         1.217         1.451       -27.199         1.667       -36.126
 SYSTO04       24.165        -9.856        -1.409         3.774        36.138
 DIASTO04      25.781        -6.437        -1.217         0.269        19.151


           EST./S.E. FOR ESTIMATED COVARIANCE MATRIX FOR THE LATENT VARIABLES
              GENDER        KCAL04        MET04         SMOKE04       EDUC04
              ________      ________      ________      ________      ________
 GENDER        69.091
 KCAL04       -25.558        69.091
 MET04        -13.478        18.857        65.141
 SMOKE04      -48.392        15.550         7.742        68.709
 EDUC04       -18.635         8.574        -1.348         5.798        68.603
 SYSTO04       -8.342        -7.183       -11.842         6.570       -14.200
 DIASTO04     -11.629        -3.490        -6.114         7.215        -5.181


           EST./S.E. FOR ESTIMATED COVARIANCE MATRIX FOR THE LATENT VARIABLES
              SYSTO04       DIASTO04
              ________      ________
 SYSTO04       66.815
 DIASTO04      54.793        66.911


           TWO-TAILED P-VALUE FOR ESTIMATED COVARIANCE MATRIX FOR THE LATENT VARIABLES
              IB            SB            ID            SD            AGE04
              ________      ________      ________      ________      ________
 IB             0.000
 SB             0.000         0.000
 ID             0.000         0.000         0.000
 SD             0.000         0.000         0.000         0.000
 AGE04          0.000         0.000         0.162         0.000         0.000
 GENDER         0.005         0.045         0.725         0.883         0.011
 KCAL04         0.016         0.002         0.000         0.000         0.000
 MET04          0.000         0.000         0.000         0.000         0.000
 SMOKE04        0.000         0.711         0.126         0.893         0.001
 EDUC04         0.224         0.147         0.000         0.095         0.000
 SYSTO04        0.000         0.000         0.159         0.000         0.000
 DIASTO04       0.000         0.000         0.223         0.788         0.000


           TWO-TAILED P-VALUE FOR ESTIMATED COVARIANCE MATRIX FOR THE LATENT VARIABLES
              GENDER        KCAL04        MET04         SMOKE04       EDUC04
              ________      ________      ________      ________      ________
 GENDER         0.000
 KCAL04         0.000         0.000
 MET04          0.000         0.000         0.000
 SMOKE04        0.000         0.000         0.000         0.000
 EDUC04         0.000         0.000         0.178         0.000         0.000
 SYSTO04        0.000         0.000         0.000         0.000         0.000
 DIASTO04       0.000         0.000         0.000         0.000         0.000


           TWO-TAILED P-VALUE FOR ESTIMATED COVARIANCE MATRIX FOR THE LATENT VARIABLES
              SYSTO04       DIASTO04
              ________      ________
 SYSTO04        0.000
 DIASTO04       0.000         0.000


           ESTIMATED CORRELATION MATRIX FOR THE LATENT VARIABLES
              IB            SB            ID            SD            AGE04
              ________      ________      ________      ________      ________
 IB             1.000
 SB            -0.192         1.000
 ID            -0.144         0.180         1.000
 SD             0.142        -0.244        -0.506         1.000
 AGE04          0.081        -0.272         0.021         0.259         1.000
 GENDER         0.031        -0.041         0.005         0.005         0.026
 KCAL04         0.026         0.064        -0.156         0.255        -0.131
 MET04         -0.052         0.085         0.178        -0.141        -0.243
 SMOKE04       -0.056        -0.007         0.023         0.004         0.035
 EDUC04         0.013         0.031        -0.432         0.054        -0.401
 SYSTO04        0.275        -0.212        -0.022         0.124         0.412
 DIASTO04       0.295        -0.135        -0.019         0.009         0.208


           ESTIMATED CORRELATION MATRIX FOR THE LATENT VARIABLES
              GENDER        KCAL04        MET04         SMOKE04       EDUC04
              ________      ________      ________      ________      ________
 GENDER         1.000
 KCAL04        -0.271         1.000
 MET04         -0.146         0.208         1.000
 SMOKE04       -0.572         0.162         0.083         1.000
 EDUC04        -0.195         0.089        -0.015         0.060         1.000
 SYSTO04       -0.088        -0.076        -0.133         0.069        -0.151
 DIASTO04      -0.123        -0.037        -0.068         0.076        -0.055


           ESTIMATED CORRELATION MATRIX FOR THE LATENT VARIABLES
              SYSTO04       DIASTO04
              ________      ________
 SYSTO04        1.000
 DIASTO04       0.711         1.000


           S.E. FOR ESTIMATED CORRELATION MATRIX FOR THE LATENT VARIABLES
              IB            SB            ID            SD            AGE04
              ________      ________      ________      ________      ________
 IB             0.000
 SB             0.024         0.000
 ID             0.016         0.031         0.000
 SD             0.035         0.061         0.033         0.000
 AGE04          0.011         0.024         0.015         0.038         0.000
 GENDER         0.011         0.021         0.015         0.031         0.010
 KCAL04         0.011         0.021         0.015         0.036         0.010
 MET04          0.011         0.021         0.016         0.034         0.011
 SMOKE04        0.011         0.020         0.015         0.031         0.010
 EDUC04         0.011         0.022         0.014         0.033         0.009
 SYSTO04        0.010         0.022         0.016         0.034         0.009
 DIASTO04       0.010         0.021         0.016         0.032         0.010


           S.E. FOR ESTIMATED CORRELATION MATRIX FOR THE LATENT VARIABLES
              GENDER        KCAL04        MET04         SMOKE04       EDUC04
              ________      ________      ________      ________      ________
 GENDER         0.000
 KCAL04         0.009         0.000
 MET04          0.011         0.010         0.000
 SMOKE04        0.007         0.010         0.011         0.000
 EDUC04         0.010         0.010         0.011         0.010         0.000
 SYSTO04        0.010         0.010         0.011         0.010         0.010
 DIASTO04       0.010         0.011         0.011         0.010         0.011


           S.E. FOR ESTIMATED CORRELATION MATRIX FOR THE LATENT VARIABLES
              SYSTO04       DIASTO04
              ________      ________
 SYSTO04        0.000
 DIASTO04       0.005         0.000


           EST./S.E. FOR ESTIMATED CORRELATION MATRIX FOR THE LATENT VARIABLES
              IB            SB            ID            SD            AGE04
              ________      ________      ________      ________      ________
 IB           999.000
 SB            -8.048       999.000
 ID            -8.974         5.860       999.000
 SD             4.098        -4.021       -15.116       999.000
 AGE04          7.385       -11.331         1.400         6.788       999.000
 GENDER         2.832        -2.000         0.352         0.147         2.534
 KCAL04         2.422         3.015       -10.489         7.093       -13.048
 MET04         -4.582         3.983        11.347        -4.218       -22.958
 SMOKE04       -5.143        -0.371         1.531         0.135         3.404
 EDUC04         1.218         1.450       -30.194         1.658       -46.254
 SYSTO04       26.842        -9.571        -1.410         3.662        46.736
 DIASTO04      29.092        -6.358        -1.218         0.269        20.398


           EST./S.E. FOR ESTIMATED CORRELATION MATRIX FOR THE LATENT VARIABLES
              GENDER        KCAL04        MET04         SMOKE04       EDUC04
              ________      ________      ________      ________      ________
 GENDER       999.000
 KCAL04       -28.579       999.000
 MET04        -13.891        20.082       999.000
 SMOKE04      -82.776        16.173         7.818       999.000
 EDUC04       -19.733         8.674        -1.348         5.829       999.000
 SYSTO04       -8.435        -7.244       -12.150         6.616       -14.690
 DIASTO04     -11.889        -3.497        -6.156         7.276        -5.204


           EST./S.E. FOR ESTIMATED CORRELATION MATRIX FOR THE LATENT VARIABLES
              SYSTO04       DIASTO04
              ________      ________
 SYSTO04      999.000
 DIASTO04     136.021       999.000


           TWO-TAILED P-VALUE FOR ESTIMATED CORRELATION MATRIX FOR THE LATENT VARIABLES
              IB            SB            ID            SD            AGE04
              ________      ________      ________      ________      ________
 IB             0.000
 SB             0.000         0.000
 ID             0.000         0.000         0.000
 SD             0.000         0.000         0.000         0.000
 AGE04          0.000         0.000         0.162         0.000         0.000
 GENDER         0.005         0.046         0.725         0.883         0.011
 KCAL04         0.015         0.003         0.000         0.000         0.000
 MET04          0.000         0.000         0.000         0.000         0.000
 SMOKE04        0.000         0.711         0.126         0.893         0.001
 EDUC04         0.223         0.147         0.000         0.097         0.000
 SYSTO04        0.000         0.000         0.159         0.000         0.000
 DIASTO04       0.000         0.000         0.223         0.788         0.000


           TWO-TAILED P-VALUE FOR ESTIMATED CORRELATION MATRIX FOR THE LATENT VARIABLES
              GENDER        KCAL04        MET04         SMOKE04       EDUC04
              ________      ________      ________      ________      ________
 GENDER         0.000
 KCAL04         0.000         0.000
 MET04          0.000         0.000         0.000
 SMOKE04        0.000         0.000         0.000         0.000
 EDUC04         0.000         0.000         0.178         0.000         0.000
 SYSTO04        0.000         0.000         0.000         0.000         0.000
 DIASTO04       0.000         0.000         0.000         0.000         0.000


           TWO-TAILED P-VALUE FOR ESTIMATED CORRELATION MATRIX FOR THE LATENT VARIABLES
              SYSTO04       DIASTO04
              ________      ________
 SYSTO04        0.000
 DIASTO04       0.000         0.000


TECHNICAL 8 OUTPUT


   E STEP  ITER  LOGLIKELIHOOD    ABS CHANGE   REL CHANGE  ALGORITHM
              1 -0.45951950D+06    0.0000000    0.0000000  EM
              2 -0.42553511D+06 ************    0.0739563  EM
              3 -0.42553511D+06    0.0000000    0.0000000  EM


DIAGRAM INFORMATION

  Use View Diagram under the Diagram menu in the Mplus Editor to view the diagram.
  If running Mplus from the Mplus Diagrammer, the diagram opens automatically.

  Diagram output
    d:\data\dpmedi\mplus\longitudinal\lbs bmi mediation ib with sb-no mediation.dgm

     Beginning Time:  12:52:36
        Ending Time:  12:52:37
       Elapsed Time:  00:00:01



MUTHEN & MUTHEN
3463 Stoner Ave.
Los Angeles, CA  90066

Tel: (310) 391-9971
Fax: (310) 391-8971
Web: www.StatModel.com
Support: Support@StatModel.com

Copyright (c) 1998-2015 Muthen & Muthen
