Mplus VERSION 7.4
MUTHEN & MUTHEN
05/16/2019   4:03 PM

INPUT INSTRUCTIONS

  DATA: File is id0411 mplus.csv;

  VARIABLE: Names are IDind WAVE hhid t2 commid age04
                      kcal04 carbo04 fat04 protn04 bmi04
                      hwr04 wc04 diasto04 systo04 smoke04
                      gender educ04 indinc04 index04 met04
                      cmfp04 dash04 ahei04 hbs04 lbs04 dqd04
                      age06 kcal06 carbo06 fat06 protn06 bmi06
                      hwr06 wc06 diasto06 systo06 smoke06
                      educ06 indinc06 index06 met06 cmfp06 dash06
                      ahei06 hbs06 lbs06 dqd06 age09 kcal09 carbo09
                      fat09 protn09 bmi09 hwr09 wc09 diasto09 systo09
                      smoke09 educ09 indinc09 index09 met09 cmfp09
                      dash09 ahei09 hbs09 lbs09 dqd09 age11 kcal11
                      carbo11 fat11 protn11 bmi11 hwr11 wc11 diasto11
                      systo11 smoke11 educ11 indinc11 index11 met11
                      cmfp11 dash11 ahei11 hbs11 lbs11 dqd11 q_index
                       q1 q2 q3 carbo_p protn_p fat_p;

           Usev are  age04 gender kcal04 met04
                     bmi04 bmi06 bmi09 bmi11 smoke04
                     lbs04 lbs06 lbs09 lbs11
                     educ04 systo04 diasto04 q1 q2 q3;


           Missing are all(999);


  ANALYSIS:
  Type=random;



  MODEL:
  age04 gender kcal04 met04 smoke04
  bmi04 bmi06 bmi09 bmi11 educ04 systo04 diasto04
  lbs04 lbs06 lbs09 lbs11 q1 q2 q3;

  ib sb | bmi04@0 bmi06@2 bmi09@5 bmi11@7;
  id sd | lbs04@0 lbs06@2 lbs09@5 lbs11@7;

  ib with sb;
  id with sd;

  id with sd;

  id on q1(ai1)
        q2(ai2)
        q3(ai3)
        age04 gender kcal04 met04
        educ04 systo04 diasto04 smoke04;

  sd on q1(as1)
        q2(as2)
        q3(as3)
        age04 gender kcal04 met04
        educ04 systo04 diasto04 smoke04;

  sb on id(bi)
        sd(bs)
        q1(c1)
        q2(c2)
        q3(c3)
        age04 gender kcal04 met04
        educ04 systo04 diasto04 smoke04;


  MODEL CONSTRAINT:
  NEW (ind1 ind2 ind3 di1 di2 di3 to1 to2 to3
   ind_l_1 ind_l_2 ind_l_3
  ind_s_1 ind_s_2 ind_s_3);
  ind1=as1*bs+ai1*bi;
  ind2=as2*bs+ai2*bi;
  ind3=as3*bs+ai3*bi;
  to1=as1*bs+ai1*bi+c1;
  to2=as2*bs+ai2*bi+c2;
  to3=as3*bs+ai3*bi+c3;
  di1=c1;
  di2=c2;
  di3=c3;
  ind_l_1=ai1*bi;
  ind_l_2=ai2*bi;
  ind_l_3=ai3*bi;
  ind_s_1=as1*bs;
  ind_s_2=as2*bs;
  ind_s_3=as3*bs;

  OUTPUT: SAMPSTAT cinterval;



INPUT READING TERMINATED NORMALLY




SUMMARY OF ANALYSIS

Number of groups                                                 1
Number of observations                                        9547

Number of dependent variables                                    8
Number of independent variables                                 11
Number of continuous latent variables                            4

Observed dependent variables

  Continuous
   BMI04       BMI06       BMI09       BMI11       LBS04       LBS06
   LBS09       LBS11

Observed independent variables
   AGE04       GENDER      KCAL04      MET04       SMOKE04     EDUC04
   SYSTO04     DIASTO04    Q1          Q2          Q3

Continuous latent variables
   IB          SB          ID          SD


Estimator                                                      MLR
Information matrix                                        OBSERVED
Maximum number of iterations                                   100
Convergence criterion                                    0.100D-05
Maximum number of EM iterations                                500
Convergence criteria for the EM algorithm
  Loglikelihood change                                   0.100D-02
  Relative loglikelihood change                          0.100D-05
  Derivative                                             0.100D-03
Minimum variance                                         0.100D-03
Maximum number of steepest descent iterations                   20
Maximum number of iterations for H1                           2000
Convergence criterion for H1                             0.100D-03
Optimization algorithm                                         EMA

Input data file(s)
  id0411 mplus.csv
Input data format  FREE


SUMMARY OF DATA

     Number of missing data patterns           197


COVARIANCE COVERAGE OF DATA

Minimum covariance coverage value   0.100


     PROPORTION OF DATA PRESENT


           Covariance Coverage
              BMI04         BMI06         BMI09         BMI11         LBS04
              ________      ________      ________      ________      ________
 BMI04          0.928
 BMI06          0.690         0.727
 BMI09          0.589         0.537         0.623
 BMI11          0.533         0.483         0.503         0.564
 LBS04          0.928         0.727         0.623         0.564         1.000
 LBS06          0.721         0.717         0.559         0.504         0.769
 LBS09          0.608         0.553         0.616         0.514         0.648
 LBS11          0.542         0.490         0.507         0.557         0.576
 AGE04          0.928         0.727         0.623         0.564         1.000
 GENDER         0.928         0.727         0.623         0.564         1.000
 KCAL04         0.928         0.727         0.623         0.564         1.000
 MET04          0.848         0.667         0.576         0.523         0.901
 SMOKE04        0.927         0.722         0.619         0.559         0.988
 EDUC04         0.926         0.722         0.618         0.559         0.987
 SYSTO04        0.927         0.698         0.596         0.539         0.939
 DIASTO04       0.927         0.698         0.596         0.539         0.939
 Q1             0.927         0.726         0.622         0.563         0.999
 Q2             0.927         0.726         0.622         0.563         0.999
 Q3             0.927         0.726         0.622         0.563         0.999


           Covariance Coverage
              LBS06         LBS09         LBS11         AGE04         GENDER
              ________      ________      ________      ________      ________
 LBS06          0.769
 LBS09          0.580         0.648
 LBS11          0.513         0.523         0.576
 AGE04          0.769         0.648         0.576         1.000
 GENDER         0.769         0.648         0.576         1.000         1.000
 KCAL04         0.769         0.648         0.576         1.000         1.000
 MET04          0.703         0.597         0.533         0.901         0.901
 SMOKE04        0.764         0.643         0.571         0.988         0.988
 EDUC04         0.763         0.642         0.571         0.987         0.987
 SYSTO04        0.730         0.615         0.549         0.939         0.939
 DIASTO04       0.730         0.615         0.549         0.939         0.939
 Q1             0.768         0.647         0.576         0.999         0.999
 Q2             0.768         0.647         0.576         0.999         0.999
 Q3             0.768         0.647         0.576         0.999         0.999


           Covariance Coverage
              KCAL04        MET04         SMOKE04       EDUC04        SYSTO04
              ________      ________      ________      ________      ________
 KCAL04         1.000
 MET04          0.901         0.901
 SMOKE04        0.988         0.900         0.988
 EDUC04         0.987         0.899         0.986         0.987
 SYSTO04        0.939         0.857         0.937         0.937         0.939
 DIASTO04       0.939         0.857         0.937         0.937         0.939
 Q1             0.999         0.900         0.987         0.986         0.938
 Q2             0.999         0.900         0.987         0.986         0.938
 Q3             0.999         0.900         0.987         0.986         0.938


           Covariance Coverage
              DIASTO04      Q1            Q2            Q3
              ________      ________      ________      ________
 DIASTO04       0.939
 Q1             0.938         0.999
 Q2             0.938         0.999         0.999
 Q3             0.938         0.999         0.999         0.999


SAMPLE STATISTICS


     ESTIMATED SAMPLE STATISTICS


           Means
              BMI04         BMI06         BMI09         BMI11         LBS04
              ________      ________      ________      ________      ________
 1             23.022        23.107        23.299        23.743        27.414


           Means
              LBS06         LBS09         LBS11         AGE04         GENDER
              ________      ________      ________      ________      ________
 1             25.975        24.309        23.588        47.385         1.519


           Means
              KCAL04        MET04         SMOKE04       EDUC04        SYSTO04
              ________      ________      ________      ________      ________
 1           2188.497       116.571         0.335         1.726       122.078


           Means
              DIASTO04      Q1            Q2            Q3
              ________      ________      ________      ________
 1             78.636         0.250         0.250         0.250


           Covariances
              BMI04         BMI06         BMI09         BMI11         LBS04
              ________      ________      ________      ________      ________
 BMI04         11.314
 BMI06          9.985        12.975
 BMI09          9.713         9.875        11.887
 BMI11          9.109         9.369        10.274        23.841
 LBS04         -2.373        -1.492        -1.109        -1.354        82.055
 LBS06         -2.503        -2.154        -1.552        -2.303        27.931
 LBS09         -1.306        -0.686        -0.734        -1.534        24.423
 LBS11         -0.971        -0.826        -0.737        -1.112        19.254
 AGE04          4.037         1.721        -0.814        -1.715         1.831
 GENDER         0.048         0.048         0.028        -0.013         0.026
 KCAL04        55.217        96.901        95.953       165.770      -641.271
 MET04        -19.613       -11.170        -8.744        -6.508       101.844
 SMOKE04       -0.092        -0.104        -0.103        -0.051         0.035
 EDUC04         0.057         0.054         0.097         0.184        -3.136
 SYSTO04       16.454        14.329        12.022        10.132        -1.708
 DIASTO04      10.687         9.732         8.983         8.265        -0.116
 Q1            -0.070        -0.071        -0.032        -0.032         0.354
 Q2             0.106         0.127         0.100         0.091        -0.400
 Q3             0.089         0.041         0.033         0.040        -1.239


           Covariances
              LBS06         LBS09         LBS11         AGE04         GENDER
              ________      ________      ________      ________      ________
 LBS06         67.216
 LBS09         24.992        61.047
 LBS11         22.051        22.700        62.169
 AGE04          5.417        12.146        15.116       235.499
 GENDER         0.002         0.010         0.032         0.199         0.250
 KCAL04      -290.828      -252.130        73.110     -1363.375       -91.666
 MET04        101.433        82.719        51.495      -419.946        -8.115
 SMOKE04        0.119         0.083         0.059         0.284        -0.150
 EDUC04        -3.104        -3.137        -2.836        -8.184        -0.129
 SYSTO04       -0.899         3.970         5.800       117.531        -0.814
 DIASTO04      -2.130        -1.778         0.442        35.893        -0.692
 Q1             0.312         0.286         0.184        -0.282        -0.002
 Q2            -0.356        -0.272        -0.235         0.044         0.000
 Q3            -1.231        -1.164        -0.973         0.451         0.003


           Covariances
              KCAL04        MET04         SMOKE04       EDUC04        SYSTO04
              ________      ________      ________      ________      ________
 KCAL04    458288.862
 MET04      15918.654     12716.073
 SMOKE04       57.574         4.829         0.276
 EDUC04        79.009        -1.648         0.042         1.753
 SYSTO04     -956.267      -277.004         0.674        -3.726       345.149
 DIASTO04    -283.333       -84.759         0.448        -0.814       148.458
 Q1            13.589         5.230         0.003        -0.090        -0.169
 Q2            -6.238        -5.769         0.001         0.026         0.392
 Q3           -19.115        -9.892        -0.007         0.183         0.342


           Covariances
              DIASTO04      Q1            Q2            Q3
              ________      ________      ________      ________
 DIASTO04     126.199
 Q1            -0.066         0.188
 Q2             0.365        -0.063         0.188
 Q3            -0.010        -0.063        -0.062         0.188


           Correlations
              BMI04         BMI06         BMI09         BMI11         LBS04
              ________      ________      ________      ________      ________
 BMI04          1.000
 BMI06          0.824         1.000
 BMI09          0.838         0.795         1.000
 BMI11          0.555         0.533         0.610         1.000
 LBS04         -0.078        -0.046        -0.036        -0.031         1.000
 LBS06         -0.091        -0.073        -0.055        -0.058         0.376
 LBS09         -0.050        -0.024        -0.027        -0.040         0.345
 LBS11         -0.037        -0.029        -0.027        -0.029         0.270
 AGE04          0.078         0.031        -0.015        -0.023         0.013
 GENDER         0.028         0.027         0.016        -0.005         0.006
 KCAL04         0.024         0.040         0.041         0.050        -0.105
 MET04         -0.052        -0.027        -0.022        -0.012         0.100
 SMOKE04       -0.052        -0.055        -0.057        -0.020         0.007
 EDUC04         0.013         0.011         0.021         0.028        -0.261
 SYSTO04        0.263         0.214         0.188         0.112        -0.010
 DIASTO04       0.283         0.240         0.232         0.151        -0.001
 Q1            -0.048        -0.045        -0.021        -0.015         0.090
 Q2             0.073         0.081         0.067         0.043        -0.102
 Q3             0.061         0.026         0.022         0.019        -0.316


           Correlations
              LBS06         LBS09         LBS11         AGE04         GENDER
              ________      ________      ________      ________      ________
 LBS06          1.000
 LBS09          0.390         1.000
 LBS11          0.341         0.368         1.000
 AGE04          0.043         0.101         0.125         1.000
 GENDER         0.001         0.003         0.008         0.026         1.000
 KCAL04        -0.052        -0.048         0.014        -0.131        -0.271
 MET04          0.110         0.094         0.058        -0.243        -0.144
 SMOKE04        0.028         0.020         0.014         0.035        -0.572
 EDUC04        -0.286        -0.303        -0.272        -0.403        -0.196
 SYSTO04       -0.006         0.027         0.040         0.412        -0.088
 DIASTO04      -0.023        -0.020         0.005         0.208        -0.123
 Q1             0.088         0.085         0.054        -0.042        -0.009
 Q2            -0.100        -0.080        -0.069         0.007         0.002
 Q3            -0.347        -0.344        -0.285         0.068         0.014


           Correlations
              KCAL04        MET04         SMOKE04       EDUC04        SYSTO04
              ________      ________      ________      ________      ________
 KCAL04         1.000
 MET04          0.209         1.000
 SMOKE04        0.162         0.082         1.000
 EDUC04         0.088        -0.011         0.060         1.000
 SYSTO04       -0.076        -0.132         0.069        -0.151         1.000
 DIASTO04      -0.037        -0.067         0.076        -0.055         0.711
 Q1             0.046         0.107         0.014        -0.157        -0.021
 Q2            -0.021        -0.118         0.006         0.045         0.049
 Q3            -0.065        -0.203        -0.031         0.318         0.042


           Correlations
              DIASTO04      Q1            Q2            Q3
              ________      ________      ________      ________
 DIASTO04       1.000
 Q1            -0.014         1.000
 Q2             0.075        -0.333         1.000
 Q3            -0.002        -0.333        -0.333         1.000


     MAXIMUM LOG-LIKELIHOOD VALUE FOR THE UNRESTRICTED (H1) MODEL IS -438300.692


UNIVARIATE SAMPLE STATISTICS


     UNIVARIATE HIGHER-ORDER MOMENT DESCRIPTIVE STATISTICS

         Variable/         Mean/     Skewness/   Minimum/ % with                Percentiles
        Sample Size      Variance    Kurtosis    Maximum  Min/Max      20%/60%    40%/80%    Median

     BMI04                23.021       0.585      12.415    0.01%      20.189     21.861     22.673
            8858.000      11.235       0.546      41.322    0.01%      23.543     25.712
     BMI06                23.179       4.577      13.240    0.01%      20.344     22.042     22.857
            6938.000      12.729     126.919     132.544    0.01%      23.684     25.810
     BMI09                23.342       0.482      13.700    0.02%      20.415     22.215     23.111
            5949.000      11.781       0.401      42.590    0.02%      23.979     26.148
     BMI11                23.797       9.794       4.826    0.02%      20.644     22.491     23.378
            5386.000      23.639     280.882     190.972    0.02%      24.235     26.438
     LBS04                27.414       0.723       2.000    0.02%      20.000     25.000     27.000
            9547.000      82.055       1.704      60.000    1.28%      29.000     34.000
     LBS06                26.016       0.128       2.000    0.01%      19.000     24.000     26.000
            7340.000      66.905       0.459      60.000    0.25%      28.000     33.000
     LBS09                24.629       0.100       2.000    0.05%      18.000     22.000     25.000
            6185.000      60.405       0.053      60.000    0.05%      27.000     31.000
     LBS11                23.949       0.282       0.000    0.02%      17.000     22.000     24.000
            5502.000      61.579       0.131      60.000    0.07%      26.000     30.000
     AGE04                47.385       0.238      18.000    1.13%      33.000     42.000     47.000
            9547.000     235.499      -0.539      97.000    0.01%      51.000     61.000
     GENDER                1.519      -0.076       1.000   48.11%       1.000      1.000      2.000
            9547.000       0.250      -1.994       2.000   51.89%       2.000      2.000
     KCAL04             2188.497       0.630      50.891    0.01%    1615.771   1974.357   2128.274
            9547.000  458288.862       1.113    6053.592    0.01%    2307.147   2719.569
     MET04               118.186       1.345       0.000    4.03%      20.460     52.675     84.047
            8604.000   12630.885       4.075    1582.256    0.01%     117.500    211.287
     SMOKE04               0.334       3.823       0.000   67.14%       0.000      0.000      0.000
            9429.000       0.276      52.882       9.000    0.07%       0.000      1.000
     EDUC04                1.724       0.539       0.000   21.26%       0.000      1.000      2.000
            9422.000       1.752      -0.205       6.000    0.02%       2.000      3.000
     SYSTO04             122.224       1.153      70.667    0.01%     108.667    117.333    120.000
            8960.000     343.826       2.613     230.000    0.01%     122.000    134.000
     DIASTO04             78.671       0.598      15.000    0.01%      70.000     76.667     79.333
            8960.000     126.092       1.936     141.333    0.01%      80.000     87.333
     Q1                    0.250       1.155       0.000   75.00%       0.000      0.000      0.000
            9539.000       0.188      -0.667       1.000   25.00%       0.000      1.000
     Q2                    0.250       1.155       0.000   75.00%       0.000      0.000      0.000
            9539.000       0.188      -0.667       1.000   25.00%       0.000      1.000
     Q3                    0.250       1.155       0.000   75.01%       0.000      0.000      0.000
            9539.000       0.187      -0.666       1.000   24.99%       0.000      1.000

     THE STANDARD ERRORS OF THE MODEL PARAMETER ESTIMATES MAY NOT BE
     TRUSTWORTHY FOR SOME PARAMETERS DUE TO A NON-POSITIVE DEFINITE
     FIRST-ORDER DERIVATIVE PRODUCT MATRIX.  THIS MAY BE DUE TO THE STARTING
     VALUES BUT MAY ALSO BE AN INDICATION OF MODEL NONIDENTIFICATION.  THE
     CONDITION NUMBER IS      -0.281D-19.  PROBLEM INVOLVING THE FOLLOWING PARAMETER:
     Parameter 138, Q3 WITH DIASTO04


THE MODEL ESTIMATION TERMINATED NORMALLY



MODEL FIT INFORMATION

Number of Free Parameters                      141

Loglikelihood

          H0 Value                     -438383.974
          H0 Scaling Correction Factor      9.4994
            for MLR
          H1 Value                     -438300.692
          H1 Scaling Correction Factor      6.7351
            for MLR

Information Criteria

          Akaike (AIC)                  877049.949
          Bayesian (BIC)                878060.070
          Sample-Size Adjusted BIC      877611.994
            (n* = (n + 2) / 24)

Chi-Square Test of Model Fit

          Value                            165.994*
          Degrees of Freedom                    68
          P-Value                           0.0000
          Scaling Correction Factor         1.0034
            for MLR

*   The chi-square value for MLM, MLMV, MLR, ULSMV, WLSM and WLSMV cannot be used
    for chi-square difference testing in the regular way.  MLM, MLR and WLSM
    chi-square difference testing is described on the Mplus website.  MLMV, WLSMV,
    and ULSMV difference testing is done using the DIFFTEST option.

RMSEA (Root Mean Square Error Of Approximation)

          Estimate                           0.012

CFI/TLI

          CFI                                0.987
          TLI                                0.967

Chi-Square Test of Model Fit for the Baseline Model

          Value                           7531.539
          Degrees of Freedom                   171
          P-Value                           0.0000

SRMR (Standardized Root Mean Square Residual)

          Value                              0.009



MODEL RESULTS

                                                    Two-Tailed
                    Estimate       S.E.  Est./S.E.    P-Value

 IB       |
    BMI04              1.000      0.000    999.000    999.000
    BMI06              1.000      0.000    999.000    999.000
    BMI09              1.000      0.000    999.000    999.000
    BMI11              1.000      0.000    999.000    999.000

 SB       |
    BMI04              0.000      0.000    999.000    999.000
    BMI06              2.000      0.000    999.000    999.000
    BMI09              5.000      0.000    999.000    999.000
    BMI11              7.000      0.000    999.000    999.000

 ID       |
    LBS04              1.000      0.000    999.000    999.000
    LBS06              1.000      0.000    999.000    999.000
    LBS09              1.000      0.000    999.000    999.000
    LBS11              1.000      0.000    999.000    999.000

 SD       |
    LBS04              0.000      0.000    999.000    999.000
    LBS06              2.000      0.000    999.000    999.000
    LBS09              5.000      0.000    999.000    999.000
    LBS11              7.000      0.000    999.000    999.000

 SB         ON
    ID                 0.006      0.002      2.768      0.006
    SD                -0.040      0.034     -1.169      0.242

 ID         ON
    Q1                -3.677      0.195    -18.904      0.000
    Q2                -6.288      0.212    -29.711      0.000
    Q3                -9.117      0.231    -39.436      0.000
    AGE04             -0.022      0.006     -3.482      0.000
    GENDER            -0.952      0.189     -5.033      0.000
    KCAL04            -0.002      0.000    -14.784      0.000
    MET04              0.001      0.001      0.938      0.348
    EDUC04            -1.050      0.075    -13.960      0.000
    SYSTO04           -0.003      0.006     -0.472      0.637
    DIASTO04           0.000      0.010     -0.027      0.979
    SMOKE04            0.106      0.164      0.649      0.516

 SD         ON
    Q1                 0.055      0.042      1.308      0.191
    Q2                 0.219      0.047      4.696      0.000
    Q3                 0.210      0.051      4.105      0.000
    AGE04              0.010      0.001      6.896      0.000
    GENDER             0.096      0.043      2.251      0.024
    KCAL04             0.000      0.000      9.785      0.000
    MET04              0.000      0.000     -1.174      0.241
    EDUC04             0.039      0.016      2.404      0.016
    SYSTO04            0.003      0.001      2.326      0.020
    DIASTO04          -0.005      0.002     -2.452      0.014
    SMOKE04           -0.001      0.039     -0.032      0.975

 SB         ON
    Q1                 0.035      0.015      2.434      0.015
    Q2                 0.037      0.020      1.871      0.061
    Q3                 0.026      0.025      1.048      0.295
    AGE04             -0.003      0.001     -5.962      0.000
    GENDER            -0.026      0.013     -2.015      0.044
    KCAL04             0.000      0.000      2.230      0.026
    MET04              0.000      0.000     -1.134      0.257
    EDUC04            -0.005      0.005     -1.088      0.277
    SYSTO04           -0.001      0.000     -2.880      0.004
    DIASTO04           0.000      0.001     -0.714      0.475
    SMOKE04           -0.015      0.012     -1.237      0.216

 IB       WITH
    SB                -0.091      0.027     -3.355      0.001

 ID       WITH
    SD                -0.831      0.181     -4.590      0.000

 AGE04    WITH
    IB                 3.960      0.571      6.939      0.000

 GENDER   WITH
    IB                 0.049      0.017      2.848      0.004

 KCAL04   WITH
    IB                56.665     24.147      2.347      0.019

 MET04    WITH
    IB               -19.124      4.024     -4.753      0.000

 SMOKE04  WITH
    IB                -0.094      0.016     -5.693      0.000

 EDUC04   WITH
    IB                 0.054      0.047      1.155      0.248

 SYSTO04  WITH
    IB                16.410      0.735     22.312      0.000

 DIASTO04 WITH
    IB                10.650      0.435     24.494      0.000

 Q1       WITH
    IB                -0.073      0.015     -4.894      0.000

 Q2       WITH
    IB                 0.109      0.015      7.058      0.000

 Q3       WITH
    IB                 0.086      0.015      5.630      0.000

 GENDER   WITH
    AGE04              0.199      0.078      2.534      0.011

 KCAL04   WITH
    AGE04          -1363.375    109.938    -12.401      0.000
    GENDER           -91.666      3.352    -27.349      0.000

 MET04    WITH
    AGE04           -419.848     17.640    -23.801      0.000
    GENDER            -8.116      0.605    -13.416      0.000
    KCAL04         15915.425    878.271     18.121      0.000

 SMOKE04  WITH
    AGE04              0.283      0.081      3.505      0.000
    GENDER            -0.150      0.002    -65.858      0.000
    KCAL04            57.563      3.571     16.118      0.000
    MET04              4.829      0.652      7.405      0.000

 EDUC04   WITH
    AGE04             -8.184      0.213    -38.377      0.000
    GENDER            -0.129      0.007    -19.437      0.000
    KCAL04            79.015      8.965      8.814      0.000
    MET04             -1.647      1.355     -1.215      0.224
    SMOKE04            0.042      0.006      6.513      0.000

 SYSTO04  WITH
    AGE04            117.548      3.262     36.038      0.000
    GENDER            -0.814      0.097     -8.430      0.000
    KCAL04          -956.081    132.403     -7.221      0.000
    MET04           -276.886     22.023    -12.573      0.000
    SMOKE04            0.673      0.112      6.010      0.000
    EDUC04            -3.728      0.271    -13.779      0.000

 DIASTO04 WITH
    AGE04             35.923      1.849     19.433      0.000
    GENDER            -0.691      0.059    -11.807      0.000
    KCAL04          -283.297     85.234     -3.324      0.001
    MET04            -84.661     13.622     -6.215      0.000
    SMOKE04            0.448      0.059      7.600      0.000
    EDUC04            -0.815      0.157     -5.176      0.000
    SYSTO04          148.465      3.546     41.870      0.000

 Q1       WITH
    AGE04             -0.282      0.066     -4.308      0.000
    GENDER            -0.002      0.002     -0.833      0.405
    KCAL04            13.586      3.041      4.468      0.000
    MET04              5.231      0.530      9.872      0.000
    SMOKE04            0.003      0.002      1.466      0.143
    EDUC04            -0.090      0.005    -17.575      0.000
    SYSTO04           -0.169      0.086     -1.973      0.048
    DIASTO04          -0.067      0.054     -1.230      0.219

 Q2       WITH
    AGE04              0.044      0.069      0.630      0.528
    GENDER             0.000      0.002      0.203      0.839
    KCAL04            -6.235      2.914     -2.140      0.032
    MET04             -5.771      0.479    -12.055      0.000
    SMOKE04            0.001      0.003      0.521      0.602
    EDUC04             0.026      0.006      4.311      0.000
    SYSTO04            0.392      0.085      4.622      0.000
    DIASTO04           0.365      0.051      7.167      0.000
    Q1                -0.063      0.001    -48.834      0.000

 Q3       WITH
    AGE04              0.451      0.070      6.437      0.000
    GENDER             0.003      0.002      1.321      0.187
    KCAL04           -19.117      2.958     -6.463      0.000
    MET04             -9.890      0.438    -22.564      0.000
    SMOKE04           -0.007      0.002     -3.063      0.002
    EDUC04             0.183      0.007     27.110      0.000
    SYSTO04            0.341      0.084      4.086      0.000
    DIASTO04          -0.010      0.048     -0.217      0.828
    Q1                -0.063      0.001    -48.819      0.000
    Q2                -0.062      0.001    -48.771      0.000

 Means
    AGE04             47.385      0.157    301.706      0.000
    GENDER             1.519      0.005    297.033      0.000
    KCAL04          2188.497      6.928    315.871      0.000
    MET04            116.578      1.200     97.159      0.000
    SMOKE04            0.335      0.005     61.901      0.000
    EDUC04             1.726      0.014    127.022      0.000
    SYSTO04          122.075      0.194    630.242      0.000
    DIASTO04          78.633      0.118    665.011      0.000
    Q1                 0.250      0.004     56.387      0.000
    Q2                 0.250      0.004     56.397      0.000
    Q3                 0.250      0.004     56.407      0.000
    IB                23.015      0.035    654.463      0.000

 Intercepts
    BMI04              0.000      0.000    999.000    999.000
    BMI06              0.000      0.000    999.000    999.000
    BMI09              0.000      0.000    999.000    999.000
    BMI11              0.000      0.000    999.000    999.000
    LBS04              0.000      0.000    999.000    999.000
    LBS06              0.000      0.000    999.000    999.000
    LBS09              0.000      0.000    999.000    999.000
    LBS11              0.000      0.000    999.000    999.000
    SB                 0.207      0.103      2.012      0.044
    ID                40.433      0.872     46.351      0.000
    SD                -1.845      0.193     -9.560      0.000

 Variances
    AGE04            235.499      2.913     80.832      0.000
    GENDER             0.250      0.000   1291.078      0.000
    KCAL04         *********   8275.760     55.377      0.000
    MET04          12715.648    337.179     37.712      0.000
    SMOKE04            0.276      0.021     13.107      0.000
    EDUC04             1.753      0.024     72.479      0.000
    SYSTO04          345.156      7.846     43.991      0.000
    DIASTO04         126.197      2.647     47.679      0.000
    Q1                 0.188      0.002     84.580      0.000
    Q2                 0.188      0.002     84.593      0.000
    Q3                 0.188      0.002     84.528      0.000
    IB                10.334      0.220     46.934      0.000

 Residual Variances
    BMI04              0.966      0.126      7.680      0.000
    BMI06              3.134      1.764      1.777      0.076
    BMI09              1.530      0.088     17.315      0.000
    BMI11             13.584      5.848      2.323      0.020
    LBS04             51.490      1.830     28.131      0.000
    LBS06             40.365      1.053     38.329      0.000
    LBS09             36.602      0.896     40.853      0.000
    LBS11             39.492      1.362     28.999      0.000
    SB                 0.045      0.004     10.356      0.000
    ID                13.985      0.980     14.268      0.000
    SD                 0.207      0.044      4.746      0.000

New/Additional Parameters
    IND1              -0.024      0.008     -3.052      0.002
    IND2              -0.045      0.013     -3.484      0.000
    IND3              -0.061      0.018     -3.362      0.001
    DI1                0.035      0.015      2.434      0.015
    DI2                0.037      0.020      1.871      0.061
    DI3                0.026      0.025      1.048      0.295
    TO1                0.012      0.012      0.946      0.344
    TO2               -0.009      0.014     -0.613      0.540
    TO3               -0.036      0.016     -2.265      0.024
    IND_L_1           -0.021      0.008     -2.743      0.006
    IND_L_2           -0.037      0.013     -2.759      0.006
    IND_L_3           -0.053      0.019     -2.759      0.006
    IND_S_1           -0.002      0.003     -0.878      0.380
    IND_S_2           -0.009      0.008     -1.145      0.252
    IND_S_3           -0.008      0.007     -1.133      0.257


QUALITY OF NUMERICAL RESULTS

     Condition Number for the Information Matrix              0.375E-09
       (ratio of smallest to largest eigenvalue)


CONFIDENCE INTERVALS OF MODEL RESULTS

                  Lower .5%  Lower 2.5%    Lower 5%    Estimate    Upper 5%  Upper 2.5%   Upper .5%

 IB       |
    BMI04            1.000       1.000       1.000       1.000       1.000       1.000       1.000
    BMI06            1.000       1.000       1.000       1.000       1.000       1.000       1.000
    BMI09            1.000       1.000       1.000       1.000       1.000       1.000       1.000
    BMI11            1.000       1.000       1.000       1.000       1.000       1.000       1.000

 SB       |
    BMI04            0.000       0.000       0.000       0.000       0.000       0.000       0.000
    BMI06            2.000       2.000       2.000       2.000       2.000       2.000       2.000
    BMI09            5.000       5.000       5.000       5.000       5.000       5.000       5.000
    BMI11            7.000       7.000       7.000       7.000       7.000       7.000       7.000

 ID       |
    LBS04            1.000       1.000       1.000       1.000       1.000       1.000       1.000
    LBS06            1.000       1.000       1.000       1.000       1.000       1.000       1.000
    LBS09            1.000       1.000       1.000       1.000       1.000       1.000       1.000
    LBS11            1.000       1.000       1.000       1.000       1.000       1.000       1.000

 SD       |
    LBS04            0.000       0.000       0.000       0.000       0.000       0.000       0.000
    LBS06            2.000       2.000       2.000       2.000       2.000       2.000       2.000
    LBS09            5.000       5.000       5.000       5.000       5.000       5.000       5.000
    LBS11            7.000       7.000       7.000       7.000       7.000       7.000       7.000

 SB       ON
    ID               0.000       0.002       0.002       0.006       0.009       0.010       0.011
    SD              -0.129      -0.108      -0.097      -0.040       0.016       0.027       0.048

 ID       ON
    Q1              -4.178      -4.058      -3.997      -3.677      -3.357      -3.296      -3.176
    Q2              -6.834      -6.703      -6.637      -6.288      -5.940      -5.874      -5.743
    Q3              -9.712      -9.570      -9.497      -9.117      -8.737      -8.664      -8.521
    AGE04           -0.038      -0.034      -0.032      -0.022      -0.011      -0.009      -0.006
    GENDER          -1.439      -1.323      -1.263      -0.952      -0.641      -0.581      -0.465
    KCAL04          -0.002      -0.002      -0.002      -0.002      -0.002      -0.002      -0.001
    MET04           -0.001      -0.001      -0.001       0.001       0.002       0.002       0.003
    EDUC04          -1.243      -1.197      -1.173      -1.050      -0.926      -0.902      -0.856
    SYSTO04         -0.020      -0.016      -0.014      -0.003       0.008       0.010       0.013
    DIASTO04        -0.026      -0.020      -0.017       0.000       0.016       0.020       0.026
    SMOKE04         -0.315      -0.215      -0.163       0.106       0.376       0.427       0.528

 SD       ON
    Q1              -0.054      -0.028      -0.014       0.055       0.125       0.138       0.164
    Q2               0.099       0.127       0.142       0.219       0.295       0.310       0.339
    Q3               0.078       0.110       0.126       0.210       0.295       0.311       0.342
    AGE04            0.006       0.007       0.007       0.010       0.012       0.012       0.013
    GENDER          -0.014       0.012       0.026       0.096       0.166       0.180       0.206
    KCAL04           0.000       0.000       0.000       0.000       0.000       0.000       0.000
    MET04           -0.001       0.000       0.000       0.000       0.000       0.000       0.000
    EDUC04          -0.003       0.007       0.012       0.039       0.066       0.071       0.081
    SYSTO04          0.000       0.000       0.001       0.003       0.005       0.006       0.007
    DIASTO04        -0.011      -0.010      -0.009      -0.005      -0.002      -0.001       0.000
    SMOKE04         -0.101      -0.077      -0.065      -0.001       0.062       0.075       0.099

 SB       ON
    Q1              -0.002       0.007       0.011       0.035       0.059       0.064       0.073
    Q2              -0.014      -0.002       0.004       0.037       0.069       0.075       0.087
    Q3              -0.038      -0.022      -0.015       0.026       0.066       0.074       0.089
    AGE04           -0.005      -0.004      -0.004      -0.003      -0.002      -0.002      -0.002
    GENDER          -0.060      -0.052      -0.048      -0.026      -0.005      -0.001       0.007
    KCAL04           0.000       0.000       0.000       0.000       0.000       0.000       0.000
    MET04            0.000       0.000       0.000       0.000       0.000       0.000       0.000
    EDUC04          -0.017      -0.014      -0.013      -0.005       0.003       0.004       0.007
    SYSTO04         -0.002      -0.002      -0.002      -0.001      -0.001       0.000       0.000
    DIASTO04        -0.002      -0.002      -0.002       0.000       0.001       0.001       0.001
    SMOKE04         -0.046      -0.039      -0.035      -0.015       0.005       0.009       0.016

 IB       WITH
    SB              -0.161      -0.144      -0.135      -0.091      -0.046      -0.038      -0.021

 ID       WITH
    SD              -1.297      -1.186      -1.129      -0.831      -0.533      -0.476      -0.365

 AGE04    WITH
    IB               2.490       2.841       3.021       3.960       4.898       5.078       5.429

 GENDER   WITH
    IB               0.005       0.015       0.021       0.049       0.078       0.083       0.094

 KCAL04   WITH
    IB              -5.532       9.337      16.944      56.665      96.386     103.992     118.862

 MET04    WITH
    IB             -29.488     -27.011     -25.743     -19.124     -12.506     -11.238      -8.760

 SMOKE04  WITH
    IB              -0.136      -0.126      -0.121      -0.094      -0.067      -0.062      -0.051

 EDUC04   WITH
    IB              -0.067      -0.038      -0.023       0.054       0.132       0.147       0.176

 SYSTO04  WITH
    IB              14.516      14.969      15.200      16.410      17.620      17.852      18.305

 DIASTO04 WITH
    IB               9.530       9.798       9.935      10.650      11.365      11.502      11.770

 Q1       WITH
    IB              -0.111      -0.102      -0.097      -0.073      -0.048      -0.044      -0.034

 Q2       WITH
    IB               0.069       0.079       0.084       0.109       0.135       0.140       0.149

 Q3       WITH
    IB               0.046       0.056       0.061       0.086       0.111       0.116       0.125

 GENDER   WITH
    AGE04           -0.003       0.045       0.070       0.199       0.328       0.352       0.401

 KCAL04   WITH
    AGE04        -1646.553   -1578.854   -1544.223   -1363.375   -1182.526   -1147.896   -1080.196
    GENDER        -100.299     -98.235     -97.179     -91.666     -86.152     -85.097     -83.033

 MET04    WITH
    AGE04         -465.286    -454.423    -448.866    -419.848    -390.830    -385.273    -374.411
    GENDER          -9.674      -9.302      -9.111      -8.116      -7.121      -6.930      -6.558
    KCAL04       13653.174   14194.014   14470.669   15915.425   17360.180   17636.836   18177.676

 SMOKE04  WITH
    AGE04            0.075       0.125       0.150       0.283       0.416       0.441       0.491
    GENDER          -0.156      -0.155      -0.154      -0.150      -0.147      -0.146      -0.144
    KCAL04          48.364      50.563      51.688      57.563      63.437      64.562      66.762
    MET04            3.150       3.551       3.757       4.829       5.902       6.108       6.509

 EDUC04   WITH
    AGE04           -8.734      -8.602      -8.535      -8.184      -7.834      -7.766      -7.635
    GENDER          -0.147      -0.142      -0.140      -0.129      -0.118      -0.116      -0.112
    KCAL04          55.922      61.443      64.267      79.015      93.762      96.586     102.107
    MET04           -5.138      -4.303      -3.876      -1.647       0.582       1.009       1.844
    SMOKE04          0.025       0.029       0.031       0.042       0.052       0.054       0.058

 SYSTO04  WITH
    AGE04          109.146     111.155     112.182     117.548     122.913     123.941     125.950
    GENDER          -1.062      -1.003      -0.972      -0.814      -0.655      -0.624      -0.565
    KCAL04       -1297.125   -1215.592   -1173.885    -956.081    -738.278    -696.571    -615.037
    MET04         -333.613    -320.051    -313.114    -276.886    -240.659    -233.722    -220.160
    SMOKE04          0.385       0.454       0.489       0.673       0.857       0.893       0.961
    EDUC04          -4.424      -4.258      -4.173      -3.728      -3.283      -3.197      -3.031

 DIASTO04 WITH
    AGE04           31.162      32.300      32.882      35.923      38.964      39.546      40.685
    GENDER          -0.842      -0.806      -0.787      -0.691      -0.595      -0.576      -0.540
    KCAL04        -502.844    -450.356    -423.507    -283.297    -143.086    -116.237     -63.750
    MET04         -119.748    -111.360    -107.069     -84.661     -62.253     -57.962     -49.574
    SMOKE04          0.296       0.332       0.351       0.448       0.545       0.563       0.600
    EDUC04          -1.220      -1.123      -1.074      -0.815      -0.556      -0.506      -0.409
    SYSTO04        139.331     141.515     142.632     148.465     154.297     155.414     157.598

 Q1       WITH
    AGE04           -0.451      -0.411      -0.390      -0.282      -0.175      -0.154      -0.114
    GENDER          -0.008      -0.006      -0.005      -0.002       0.002       0.002       0.004
    KCAL04           5.754       7.626       8.584      13.586      18.588      19.546      21.418
    MET04            3.866       4.193       4.359       5.231       6.103       6.270       6.596
    SMOKE04         -0.002      -0.001       0.000       0.003       0.007       0.008       0.009
    EDUC04          -0.104      -0.100      -0.099      -0.090      -0.082      -0.080      -0.077
    SYSTO04         -0.390      -0.337      -0.310      -0.169      -0.028      -0.001       0.052
    DIASTO04        -0.207      -0.173      -0.156      -0.067       0.023       0.040       0.073

 Q2       WITH
    AGE04           -0.135      -0.092      -0.071       0.044       0.158       0.180       0.223
    GENDER          -0.005      -0.004      -0.003       0.000       0.004       0.005       0.006
    KCAL04         -13.741     -11.946     -11.029      -6.235      -1.442      -0.524       1.270
    MET04           -7.004      -6.709      -6.558      -5.771      -4.983      -4.833      -4.538
    SMOKE04         -0.005      -0.004      -0.003       0.001       0.005       0.006       0.008
    EDUC04           0.010       0.014       0.016       0.026       0.035       0.037       0.041
    SYSTO04          0.173       0.226       0.252       0.392       0.531       0.558       0.610
    DIASTO04         0.234       0.265       0.281       0.365       0.449       0.465       0.496
    Q1              -0.066      -0.065      -0.065      -0.063      -0.060      -0.060      -0.059

 Q3       WITH
    AGE04            0.270       0.314       0.336       0.451       0.566       0.588       0.631
    GENDER          -0.003      -0.001      -0.001       0.003       0.007       0.007       0.009
    KCAL04         -26.735     -24.914     -23.982     -19.117     -14.251     -13.320     -11.498
    MET04          -11.019     -10.749     -10.611      -9.890      -9.169      -9.031      -8.761
    SMOKE04         -0.013      -0.012      -0.011      -0.007      -0.003      -0.003      -0.001
    EDUC04           0.165       0.169       0.171       0.183       0.194       0.196       0.200
    SYSTO04          0.126       0.178       0.204       0.341       0.479       0.505       0.557
    DIASTO04        -0.135      -0.105      -0.090      -0.010       0.069       0.084       0.114
    Q1              -0.066      -0.065      -0.065      -0.063      -0.060      -0.060      -0.059
    Q2              -0.066      -0.065      -0.065      -0.062      -0.060      -0.060      -0.059

 Means
    AGE04           46.981      47.078      47.127      47.385      47.644      47.693      47.790
    GENDER           1.506       1.509       1.510       1.519       1.527       1.529       1.532
    KCAL04        2170.651    2174.917    2177.100    2188.497    2199.894    2202.077    2206.343
    MET04          113.487     114.226     114.604     116.578     118.552     118.930     119.669
    SMOKE04          0.321       0.324       0.326       0.335       0.344       0.345       0.349
    EDUC04           1.691       1.700       1.704       1.726       1.749       1.753       1.761
    SYSTO04        121.576     121.695     121.756     122.075     122.393     122.454     122.574
    DIASTO04        78.328      78.401      78.438      78.633      78.827      78.864      78.937
    Q1               0.238       0.241       0.243       0.250       0.257       0.259       0.261
    Q2               0.239       0.241       0.243       0.250       0.257       0.259       0.262
    Q3               0.239       0.242       0.243       0.250       0.258       0.259       0.262
    IB              22.924      22.946      22.957      23.015      23.073      23.084      23.105

 Intercepts
    BMI04            0.000       0.000       0.000       0.000       0.000       0.000       0.000
    BMI06            0.000       0.000       0.000       0.000       0.000       0.000       0.000
    BMI09            0.000       0.000       0.000       0.000       0.000       0.000       0.000
    BMI11            0.000       0.000       0.000       0.000       0.000       0.000       0.000
    LBS04            0.000       0.000       0.000       0.000       0.000       0.000       0.000
    LBS06            0.000       0.000       0.000       0.000       0.000       0.000       0.000
    LBS09            0.000       0.000       0.000       0.000       0.000       0.000       0.000
    LBS11            0.000       0.000       0.000       0.000       0.000       0.000       0.000
    SB              -0.058       0.005       0.038       0.207       0.376       0.408       0.471
    ID              38.186      38.724      38.998      40.433      41.868      42.143      42.680
    SD              -2.342      -2.223      -2.162      -1.845      -1.527      -1.466      -1.348

 Variances
    AGE04          227.994     229.789     230.706     235.499     240.291     241.209     243.003
    GENDER           0.249       0.249       0.249       0.250       0.250       0.250       0.250
    KCAL04       *********  442068.375  444675.250  458288.875  471902.500  474509.375  479605.562
    MET04        11847.144   12054.778   12160.989   12715.648   13270.308   13376.519   13584.153
    SMOKE04          0.222       0.235       0.241       0.276       0.311       0.317       0.330
    EDUC04           1.691       1.706       1.714       1.753       1.793       1.801       1.816
    SYSTO04        324.947     329.778     332.250     345.156     358.063     360.535     365.366
    DIASTO04       119.379     121.009     121.843     126.197     130.551     131.384     133.014
    Q1               0.182       0.183       0.184       0.188       0.191       0.192       0.193
    Q2               0.182       0.183       0.184       0.188       0.191       0.192       0.193
    Q3               0.182       0.183       0.184       0.188       0.191       0.192       0.193
    IB               9.767       9.903       9.972      10.334      10.697      10.766      10.902

 Residual Variances
    BMI04            0.642       0.720       0.759       0.966       1.173       1.213       1.290
    BMI06           -1.409      -0.323       0.233       3.134       6.035       6.591       7.677
    BMI09            1.302       1.357       1.385       1.530       1.675       1.703       1.758
    BMI11           -1.479       2.122       3.964      13.584      23.204      25.046      28.647
    LBS04           46.776      47.903      48.479      51.490      54.501      55.078      56.205
    LBS06           37.652      38.301      38.632      40.365      42.097      42.429      43.077
    LBS09           34.294      34.845      35.128      36.602      38.075      38.358      38.909
    LBS11           35.984      36.823      37.252      39.492      41.732      42.161      43.000
    SB               0.034       0.036       0.038       0.045       0.052       0.053       0.056
    ID              11.461      12.064      12.373      13.985      15.598      15.907      16.510
    SD               0.095       0.121       0.135       0.207       0.279       0.292       0.319

New/Additional Parameters
    IND1            -0.044      -0.039      -0.036      -0.024      -0.011      -0.008      -0.004
    IND2            -0.079      -0.071      -0.067      -0.045      -0.024      -0.020      -0.012
    IND3            -0.109      -0.097      -0.092      -0.061      -0.031      -0.026      -0.014
    DI1             -0.002       0.007       0.011       0.035       0.059       0.064       0.073
    DI2             -0.014      -0.002       0.004       0.037       0.069       0.075       0.087
    DI3             -0.038      -0.022      -0.015       0.026       0.066       0.074       0.089
    TO1             -0.020      -0.013      -0.009       0.012       0.032       0.036       0.044
    TO2             -0.046      -0.037      -0.032      -0.009       0.015       0.019       0.028
    TO3             -0.076      -0.067      -0.062      -0.036      -0.010      -0.005       0.005
    IND_L_1         -0.041      -0.037      -0.034      -0.021      -0.009      -0.006      -0.001
    IND_L_2         -0.071      -0.063      -0.058      -0.037      -0.015      -0.011      -0.002
    IND_L_3         -0.103      -0.091      -0.085      -0.053      -0.021      -0.015      -0.004
    IND_S_1         -0.009      -0.007      -0.006      -0.002       0.002       0.003       0.004
    IND_S_2         -0.029      -0.024      -0.021      -0.009       0.004       0.006       0.011
    IND_S_3         -0.028      -0.023      -0.021      -0.008       0.004       0.006       0.011


TECHNICAL 1 OUTPUT


     PARAMETER SPECIFICATION


           NU
              BMI04         BMI06         BMI09         BMI11         LBS04
              ________      ________      ________      ________      ________
 1                  0             0             0             0             0


           NU
              LBS06         LBS09         LBS11         AGE04         GENDER
              ________      ________      ________      ________      ________
 1                  0             0             0             0             0


           NU
              KCAL04        MET04         SMOKE04       EDUC04        SYSTO04
              ________      ________      ________      ________      ________
 1                  0             0             0             0             0


           NU
              DIASTO04      Q1            Q2            Q3
              ________      ________      ________      ________
 1                  0             0             0             0


           LAMBDA
              IB            SB            ID            SD            AGE04
              ________      ________      ________      ________      ________
 BMI04              0             0             0             0             0
 BMI06              0             0             0             0             0
 BMI09              0             0             0             0             0
 BMI11              0             0             0             0             0
 LBS04              0             0             0             0             0
 LBS06              0             0             0             0             0
 LBS09              0             0             0             0             0
 LBS11              0             0             0             0             0
 AGE04              0             0             0             0             0
 GENDER             0             0             0             0             0
 KCAL04             0             0             0             0             0
 MET04              0             0             0             0             0
 SMOKE04            0             0             0             0             0
 EDUC04             0             0             0             0             0
 SYSTO04            0             0             0             0             0
 DIASTO04           0             0             0             0             0
 Q1                 0             0             0             0             0
 Q2                 0             0             0             0             0
 Q3                 0             0             0             0             0


           LAMBDA
              GENDER        KCAL04        MET04         SMOKE04       EDUC04
              ________      ________      ________      ________      ________
 BMI04              0             0             0             0             0
 BMI06              0             0             0             0             0
 BMI09              0             0             0             0             0
 BMI11              0             0             0             0             0
 LBS04              0             0             0             0             0
 LBS06              0             0             0             0             0
 LBS09              0             0             0             0             0
 LBS11              0             0             0             0             0
 AGE04              0             0             0             0             0
 GENDER             0             0             0             0             0
 KCAL04             0             0             0             0             0
 MET04              0             0             0             0             0
 SMOKE04            0             0             0             0             0
 EDUC04             0             0             0             0             0
 SYSTO04            0             0             0             0             0
 DIASTO04           0             0             0             0             0
 Q1                 0             0             0             0             0
 Q2                 0             0             0             0             0
 Q3                 0             0             0             0             0


           LAMBDA
              SYSTO04       DIASTO04      Q1            Q2            Q3
              ________      ________      ________      ________      ________
 BMI04              0             0             0             0             0
 BMI06              0             0             0             0             0
 BMI09              0             0             0             0             0
 BMI11              0             0             0             0             0
 LBS04              0             0             0             0             0
 LBS06              0             0             0             0             0
 LBS09              0             0             0             0             0
 LBS11              0             0             0             0             0
 AGE04              0             0             0             0             0
 GENDER             0             0             0             0             0
 KCAL04             0             0             0             0             0
 MET04              0             0             0             0             0
 SMOKE04            0             0             0             0             0
 EDUC04             0             0             0             0             0
 SYSTO04            0             0             0             0             0
 DIASTO04           0             0             0             0             0
 Q1                 0             0             0             0             0
 Q2                 0             0             0             0             0
 Q3                 0             0             0             0             0


           THETA
              BMI04         BMI06         BMI09         BMI11         LBS04
              ________      ________      ________      ________      ________
 BMI04              1
 BMI06              0             2
 BMI09              0             0             3
 BMI11              0             0             0             4
 LBS04              0             0             0             0             5
 LBS06              0             0             0             0             0
 LBS09              0             0             0             0             0
 LBS11              0             0             0             0             0
 AGE04              0             0             0             0             0
 GENDER             0             0             0             0             0
 KCAL04             0             0             0             0             0
 MET04              0             0             0             0             0
 SMOKE04            0             0             0             0             0
 EDUC04             0             0             0             0             0
 SYSTO04            0             0             0             0             0
 DIASTO04           0             0             0             0             0
 Q1                 0             0             0             0             0
 Q2                 0             0             0             0             0
 Q3                 0             0             0             0             0


           THETA
              LBS06         LBS09         LBS11         AGE04         GENDER
              ________      ________      ________      ________      ________
 LBS06              6
 LBS09              0             7
 LBS11              0             0             8
 AGE04              0             0             0             0
 GENDER             0             0             0             0             0
 KCAL04             0             0             0             0             0
 MET04              0             0             0             0             0
 SMOKE04            0             0             0             0             0
 EDUC04             0             0             0             0             0
 SYSTO04            0             0             0             0             0
 DIASTO04           0             0             0             0             0
 Q1                 0             0             0             0             0
 Q2                 0             0             0             0             0
 Q3                 0             0             0             0             0


           THETA
              KCAL04        MET04         SMOKE04       EDUC04        SYSTO04
              ________      ________      ________      ________      ________
 KCAL04             0
 MET04              0             0
 SMOKE04            0             0             0
 EDUC04             0             0             0             0
 SYSTO04            0             0             0             0             0
 DIASTO04           0             0             0             0             0
 Q1                 0             0             0             0             0
 Q2                 0             0             0             0             0
 Q3                 0             0             0             0             0


           THETA
              DIASTO04      Q1            Q2            Q3
              ________      ________      ________      ________
 DIASTO04           0
 Q1                 0             0
 Q2                 0             0             0
 Q3                 0             0             0             0


           ALPHA
              IB            SB            ID            SD            AGE04
              ________      ________      ________      ________      ________
 1                  9            10            11            12            13


           ALPHA
              GENDER        KCAL04        MET04         SMOKE04       EDUC04
              ________      ________      ________      ________      ________
 1                 14            15            16            17            18


           ALPHA
              SYSTO04       DIASTO04      Q1            Q2            Q3
              ________      ________      ________      ________      ________
 1                 19            20            21            22            23


           BETA
              IB            SB            ID            SD            AGE04
              ________      ________      ________      ________      ________
 IB                 0             0             0             0             0
 SB                 0             0            24            25            26
 ID                 0             0             0             0            37
 SD                 0             0             0             0            48
 AGE04              0             0             0             0             0
 GENDER             0             0             0             0             0
 KCAL04             0             0             0             0             0
 MET04              0             0             0             0             0
 SMOKE04            0             0             0             0             0
 EDUC04             0             0             0             0             0
 SYSTO04            0             0             0             0             0
 DIASTO04           0             0             0             0             0
 Q1                 0             0             0             0             0
 Q2                 0             0             0             0             0
 Q3                 0             0             0             0             0


           BETA
              GENDER        KCAL04        MET04         SMOKE04       EDUC04
              ________      ________      ________      ________      ________
 IB                 0             0             0             0             0
 SB                27            28            29            30            31
 ID                38            39            40            41            42
 SD                49            50            51            52            53
 AGE04              0             0             0             0             0
 GENDER             0             0             0             0             0
 KCAL04             0             0             0             0             0
 MET04              0             0             0             0             0
 SMOKE04            0             0             0             0             0
 EDUC04             0             0             0             0             0
 SYSTO04            0             0             0             0             0
 DIASTO04           0             0             0             0             0
 Q1                 0             0             0             0             0
 Q2                 0             0             0             0             0
 Q3                 0             0             0             0             0


           BETA
              SYSTO04       DIASTO04      Q1            Q2            Q3
              ________      ________      ________      ________      ________
 IB                 0             0             0             0             0
 SB                32            33            34            35            36
 ID                43            44            45            46            47
 SD                54            55            56            57            58
 AGE04              0             0             0             0             0
 GENDER             0             0             0             0             0
 KCAL04             0             0             0             0             0
 MET04              0             0             0             0             0
 SMOKE04            0             0             0             0             0
 EDUC04             0             0             0             0             0
 SYSTO04            0             0             0             0             0
 DIASTO04           0             0             0             0             0
 Q1                 0             0             0             0             0
 Q2                 0             0             0             0             0
 Q3                 0             0             0             0             0


           PSI
              IB            SB            ID            SD            AGE04
              ________      ________      ________      ________      ________
 IB                59
 SB                60            61
 ID                 0             0            62
 SD                 0             0            63            64
 AGE04             65             0             0             0            66
 GENDER            67             0             0             0            68
 KCAL04            70             0             0             0            71
 MET04             74             0             0             0            75
 SMOKE04           79             0             0             0            80
 EDUC04            85             0             0             0            86
 SYSTO04           92             0             0             0            93
 DIASTO04         100             0             0             0           101
 Q1               109             0             0             0           110
 Q2               119             0             0             0           120
 Q3               130             0             0             0           131


           PSI
              GENDER        KCAL04        MET04         SMOKE04       EDUC04
              ________      ________      ________      ________      ________
 GENDER            69
 KCAL04            72            73
 MET04             76            77            78
 SMOKE04           81            82            83            84
 EDUC04            87            88            89            90            91
 SYSTO04           94            95            96            97            98
 DIASTO04         102           103           104           105           106
 Q1               111           112           113           114           115
 Q2               121           122           123           124           125
 Q3               132           133           134           135           136


           PSI
              SYSTO04       DIASTO04      Q1            Q2            Q3
              ________      ________      ________      ________      ________
 SYSTO04           99
 DIASTO04         107           108
 Q1               116           117           118
 Q2               126           127           128           129
 Q3               137           138           139           140           141


     PARAMETER SPECIFICATION FOR THE ADDITIONAL PARAMETERS


           NEW/ADDITIONAL PARAMETERS
              IND1          IND2          IND3          DI1           DI2
              ________      ________      ________      ________      ________
 1                142           143           144           145           146


           NEW/ADDITIONAL PARAMETERS
              DI3           TO1           TO2           TO3           IND_L_1
              ________      ________      ________      ________      ________
 1                147           148           149           150           151


           NEW/ADDITIONAL PARAMETERS
              IND_L_2       IND_L_3       IND_S_1       IND_S_2       IND_S_3
              ________      ________      ________      ________      ________
 1                152           153           154           155           156


     STARTING VALUES


           NU
              BMI04         BMI06         BMI09         BMI11         LBS04
              ________      ________      ________      ________      ________
 1              0.000         0.000         0.000         0.000         0.000


           NU
              LBS06         LBS09         LBS11         AGE04         GENDER
              ________      ________      ________      ________      ________
 1              0.000         0.000         0.000         0.000         0.000


           NU
              KCAL04        MET04         SMOKE04       EDUC04        SYSTO04
              ________      ________      ________      ________      ________
 1              0.000         0.000         0.000         0.000         0.000


           NU
              DIASTO04      Q1            Q2            Q3
              ________      ________      ________      ________
 1              0.000         0.000         0.000         0.000


           LAMBDA
              IB            SB            ID            SD            AGE04
              ________      ________      ________      ________      ________
 BMI04          1.000         0.000         0.000         0.000         0.000
 BMI06          1.000         2.000         0.000         0.000         0.000
 BMI09          1.000         5.000         0.000         0.000         0.000
 BMI11          1.000         7.000         0.000         0.000         0.000
 LBS04          0.000         0.000         1.000         0.000         0.000
 LBS06          0.000         0.000         1.000         2.000         0.000
 LBS09          0.000         0.000         1.000         5.000         0.000
 LBS11          0.000         0.000         1.000         7.000         0.000
 AGE04          0.000         0.000         0.000         0.000         1.000
 GENDER         0.000         0.000         0.000         0.000         0.000
 KCAL04         0.000         0.000         0.000         0.000         0.000
 MET04          0.000         0.000         0.000         0.000         0.000
 SMOKE04        0.000         0.000         0.000         0.000         0.000
 EDUC04         0.000         0.000         0.000         0.000         0.000
 SYSTO04        0.000         0.000         0.000         0.000         0.000
 DIASTO04       0.000         0.000         0.000         0.000         0.000
 Q1             0.000         0.000         0.000         0.000         0.000
 Q2             0.000         0.000         0.000         0.000         0.000
 Q3             0.000         0.000         0.000         0.000         0.000


           LAMBDA
              GENDER        KCAL04        MET04         SMOKE04       EDUC04
              ________      ________      ________      ________      ________
 BMI04          0.000         0.000         0.000         0.000         0.000
 BMI06          0.000         0.000         0.000         0.000         0.000
 BMI09          0.000         0.000         0.000         0.000         0.000
 BMI11          0.000         0.000         0.000         0.000         0.000
 LBS04          0.000         0.000         0.000         0.000         0.000
 LBS06          0.000         0.000         0.000         0.000         0.000
 LBS09          0.000         0.000         0.000         0.000         0.000
 LBS11          0.000         0.000         0.000         0.000         0.000
 AGE04          0.000         0.000         0.000         0.000         0.000
 GENDER         1.000         0.000         0.000         0.000         0.000
 KCAL04         0.000         1.000         0.000         0.000         0.000
 MET04          0.000         0.000         1.000         0.000         0.000
 SMOKE04        0.000         0.000         0.000         1.000         0.000
 EDUC04         0.000         0.000         0.000         0.000         1.000
 SYSTO04        0.000         0.000         0.000         0.000         0.000
 DIASTO04       0.000         0.000         0.000         0.000         0.000
 Q1             0.000         0.000         0.000         0.000         0.000
 Q2             0.000         0.000         0.000         0.000         0.000
 Q3             0.000         0.000         0.000         0.000         0.000


           LAMBDA
              SYSTO04       DIASTO04      Q1            Q2            Q3
              ________      ________      ________      ________      ________
 BMI04          0.000         0.000         0.000         0.000         0.000
 BMI06          0.000         0.000         0.000         0.000         0.000
 BMI09          0.000         0.000         0.000         0.000         0.000
 BMI11          0.000         0.000         0.000         0.000         0.000
 LBS04          0.000         0.000         0.000         0.000         0.000
 LBS06          0.000         0.000         0.000         0.000         0.000
 LBS09          0.000         0.000         0.000         0.000         0.000
 LBS11          0.000         0.000         0.000         0.000         0.000
 AGE04          0.000         0.000         0.000         0.000         0.000
 GENDER         0.000         0.000         0.000         0.000         0.000
 KCAL04         0.000         0.000         0.000         0.000         0.000
 MET04          0.000         0.000         0.000         0.000         0.000
 SMOKE04        0.000         0.000         0.000         0.000         0.000
 EDUC04         0.000         0.000         0.000         0.000         0.000
 SYSTO04        1.000         0.000         0.000         0.000         0.000
 DIASTO04       0.000         1.000         0.000         0.000         0.000
 Q1             0.000         0.000         1.000         0.000         0.000
 Q2             0.000         0.000         0.000         1.000         0.000
 Q3             0.000         0.000         0.000         0.000         1.000


           THETA
              BMI04         BMI06         BMI09         BMI11         LBS04
              ________      ________      ________      ________      ________
 BMI04          5.617
 BMI06          0.000         6.364
 BMI09          0.000         0.000         5.891
 BMI11          0.000         0.000         0.000        11.820
 LBS04          0.000         0.000         0.000         0.000        41.027
 LBS06          0.000         0.000         0.000         0.000         0.000
 LBS09          0.000         0.000         0.000         0.000         0.000
 LBS11          0.000         0.000         0.000         0.000         0.000
 AGE04          0.000         0.000         0.000         0.000         0.000
 GENDER         0.000         0.000         0.000         0.000         0.000
 KCAL04         0.000         0.000         0.000         0.000         0.000
 MET04          0.000         0.000         0.000         0.000         0.000
 SMOKE04        0.000         0.000         0.000         0.000         0.000
 EDUC04         0.000         0.000         0.000         0.000         0.000
 SYSTO04        0.000         0.000         0.000         0.000         0.000
 DIASTO04       0.000         0.000         0.000         0.000         0.000
 Q1             0.000         0.000         0.000         0.000         0.000
 Q2             0.000         0.000         0.000         0.000         0.000
 Q3             0.000         0.000         0.000         0.000         0.000


           THETA
              LBS06         LBS09         LBS11         AGE04         GENDER
              ________      ________      ________      ________      ________
 LBS06         33.452
 LBS09          0.000        30.203
 LBS11          0.000         0.000        30.789
 AGE04          0.000         0.000         0.000         0.000
 GENDER         0.000         0.000         0.000         0.000         0.000
 KCAL04         0.000         0.000         0.000         0.000         0.000
 MET04          0.000         0.000         0.000         0.000         0.000
 SMOKE04        0.000         0.000         0.000         0.000         0.000
 EDUC04         0.000         0.000         0.000         0.000         0.000
 SYSTO04        0.000         0.000         0.000         0.000         0.000
 DIASTO04       0.000         0.000         0.000         0.000         0.000
 Q1             0.000         0.000         0.000         0.000         0.000
 Q2             0.000         0.000         0.000         0.000         0.000
 Q3             0.000         0.000         0.000         0.000         0.000


           THETA
              KCAL04        MET04         SMOKE04       EDUC04        SYSTO04
              ________      ________      ________      ________      ________
 KCAL04         0.000
 MET04          0.000         0.000
 SMOKE04        0.000         0.000         0.000
 EDUC04         0.000         0.000         0.000         0.000
 SYSTO04        0.000         0.000         0.000         0.000         0.000
 DIASTO04       0.000         0.000         0.000         0.000         0.000
 Q1             0.000         0.000         0.000         0.000         0.000
 Q2             0.000         0.000         0.000         0.000         0.000
 Q3             0.000         0.000         0.000         0.000         0.000


           THETA
              DIASTO04      Q1            Q2            Q3
              ________      ________      ________      ________
 DIASTO04       0.000
 Q1             0.000         0.000
 Q2             0.000         0.000         0.000
 Q3             0.000         0.000         0.000         0.000


           ALPHA
              IB            SB            ID            SD            AGE04
              ________      ________      ________      ________      ________
 1             23.091         0.035        26.873        -0.590        47.385


           ALPHA
              GENDER        KCAL04        MET04         SMOKE04       EDUC04
              ________      ________      ________      ________      ________
 1              1.519      2188.497       118.186         0.334         1.724


           ALPHA
              SYSTO04       DIASTO04      Q1            Q2            Q3
              ________      ________      ________      ________      ________
 1            122.224        78.671         0.250         0.250         0.250


           BETA
              IB            SB            ID            SD            AGE04
              ________      ________      ________      ________      ________
 IB             0.000         0.000         0.000         0.000         0.000
 SB             0.000         0.000         0.000         0.000         0.000
 ID             0.000         0.000         0.000         0.000         0.000
 SD             0.000         0.000         0.000         0.000         0.000
 AGE04          0.000         0.000         0.000         0.000         0.000
 GENDER         0.000         0.000         0.000         0.000         0.000
 KCAL04         0.000         0.000         0.000         0.000         0.000
 MET04          0.000         0.000         0.000         0.000         0.000
 SMOKE04        0.000         0.000         0.000         0.000         0.000
 EDUC04         0.000         0.000         0.000         0.000         0.000
 SYSTO04        0.000         0.000         0.000         0.000         0.000
 DIASTO04       0.000         0.000         0.000         0.000         0.000
 Q1             0.000         0.000         0.000         0.000         0.000
 Q2             0.000         0.000         0.000         0.000         0.000
 Q3             0.000         0.000         0.000         0.000         0.000


           BETA
              GENDER        KCAL04        MET04         SMOKE04       EDUC04
              ________      ________      ________      ________      ________
 IB             0.000         0.000         0.000         0.000         0.000
 SB             0.000         0.000         0.000         0.000         0.000
 ID             0.000         0.000         0.000         0.000         0.000
 SD             0.000         0.000         0.000         0.000         0.000
 AGE04          0.000         0.000         0.000         0.000         0.000
 GENDER         0.000         0.000         0.000         0.000         0.000
 KCAL04         0.000         0.000         0.000         0.000         0.000
 MET04          0.000         0.000         0.000         0.000         0.000
 SMOKE04        0.000         0.000         0.000         0.000         0.000
 EDUC04         0.000         0.000         0.000         0.000         0.000
 SYSTO04        0.000         0.000         0.000         0.000         0.000
 DIASTO04       0.000         0.000         0.000         0.000         0.000
 Q1             0.000         0.000         0.000         0.000         0.000
 Q2             0.000         0.000         0.000         0.000         0.000
 Q3             0.000         0.000         0.000         0.000         0.000


           BETA
              SYSTO04       DIASTO04      Q1            Q2            Q3
              ________      ________      ________      ________      ________
 IB             0.000         0.000         0.000         0.000         0.000
 SB             0.000         0.000         0.000         0.000         0.000
 ID             0.000         0.000         0.000         0.000         0.000
 SD             0.000         0.000         0.000         0.000         0.000
 AGE04          0.000         0.000         0.000         0.000         0.000
 GENDER         0.000         0.000         0.000         0.000         0.000
 KCAL04         0.000         0.000         0.000         0.000         0.000
 MET04          0.000         0.000         0.000         0.000         0.000
 SMOKE04        0.000         0.000         0.000         0.000         0.000
 EDUC04         0.000         0.000         0.000         0.000         0.000
 SYSTO04        0.000         0.000         0.000         0.000         0.000
 DIASTO04       0.000         0.000         0.000         0.000         0.000
 Q1             0.000         0.000         0.000         0.000         0.000
 Q2             0.000         0.000         0.000         0.000         0.000
 Q3             0.000         0.000         0.000         0.000         0.000


           PSI
              IB            SB            ID            SD            AGE04
              ________      ________      ________      ________      ________
 IB            11.513
 SB             0.000         0.570
 ID             0.000         0.000        80.589
 SD             0.000         0.000         0.000        18.100
 AGE04          0.000         0.000         0.000         0.000       117.749
 GENDER         0.000         0.000         0.000         0.000         0.000
 KCAL04         0.000         0.000         0.000         0.000         0.000
 MET04          0.000         0.000         0.000         0.000         0.000
 SMOKE04        0.000         0.000         0.000         0.000         0.000
 EDUC04         0.000         0.000         0.000         0.000         0.000
 SYSTO04        0.000         0.000         0.000         0.000         0.000
 DIASTO04       0.000         0.000         0.000         0.000         0.000
 Q1             0.000         0.000         0.000         0.000         0.000
 Q2             0.000         0.000         0.000         0.000         0.000
 Q3             0.000         0.000         0.000         0.000         0.000


           PSI
              GENDER        KCAL04        MET04         SMOKE04       EDUC04
              ________      ________      ________      ________      ________
 GENDER         0.125
 KCAL04         0.000    229144.438
 MET04          0.000         0.000      6315.442
 SMOKE04        0.000         0.000         0.000         0.138
 EDUC04         0.000         0.000         0.000         0.000         0.876
 SYSTO04        0.000         0.000         0.000         0.000         0.000
 DIASTO04       0.000         0.000         0.000         0.000         0.000
 Q1             0.000         0.000         0.000         0.000         0.000
 Q2             0.000         0.000         0.000         0.000         0.000
 Q3             0.000         0.000         0.000         0.000         0.000


           PSI
              SYSTO04       DIASTO04      Q1            Q2            Q3
              ________      ________      ________      ________      ________
 SYSTO04      171.913
 DIASTO04       0.000        63.046
 Q1             0.000         0.000         0.094
 Q2             0.000         0.000         0.000         0.094
 Q3             0.000         0.000         0.000         0.000         0.094


     STARTING VALUES FOR THE ADDITIONAL PARAMETERS


           NEW/ADDITIONAL PARAMETERS
              IND1          IND2          IND3          DI1           DI2
              ________      ________      ________      ________      ________
 1              0.500         0.500         0.500         0.500         0.500


           NEW/ADDITIONAL PARAMETERS
              DI3           TO1           TO2           TO3           IND_L_1
              ________      ________      ________      ________      ________
 1              0.500         0.500         0.500         0.500         0.500


           NEW/ADDITIONAL PARAMETERS
              IND_L_2       IND_L_3       IND_S_1       IND_S_2       IND_S_3
              ________      ________      ________      ________      ________
 1              0.500         0.500         0.500         0.500         0.500


DIAGRAM INFORMATION

  Use View Diagram under the Diagram menu in the Mplus Editor to view the diagram.
  If running Mplus from the Mplus Diagrammer, the diagram opens automatically.

  Diagram output
    d:\data\dpmedi\mplus\longitudinal\lbs bmi mediation model fit.dgm

     Beginning Time:  16:03:10
        Ending Time:  16:03:37
       Elapsed Time:  00:00:27



MUTHEN & MUTHEN
3463 Stoner Ave.
Los Angeles, CA  90066

Tel: (310) 391-9971
Fax: (310) 391-8971
Web: www.StatModel.com
Support: Support@StatModel.com

Copyright (c) 1998-2015 Muthen & Muthen
