Mplus VERSION 7.4
MUTHEN & MUTHEN
05/16/2019   2:37 PM

INPUT INSTRUCTIONS

  DATA: File is id0411 mplus.csv;

  VARIABLE: Names are IDind WAVE hhid t2 commid age04
                      kcal04 carbo04 fat04 protn04 bmi04
                      hwr04 wc04 diasto04 systo04 smoke04
                      gender educ04 indinc04 index04 met04
                      cmfp04 dash04 ahei04 hbs04 lbs04 dqd04
                      age06 kcal06 carbo06 fat06 protn06 bmi06
                      hwr06 wc06 diasto06 systo06 smoke06
                      educ06 indinc06 index06 met06 cmfp06 dash06
                      ahei06 hbs06 lbs06 dqd06 age09 kcal09 carbo09
                      fat09 protn09 bmi09 hwr09 wc09 diasto09 systo09
                      smoke09 educ09 indinc09 index09 met09 cmfp09
                      dash09 ahei09 hbs09 lbs09 dqd09 age11 kcal11
                      carbo11 fat11 protn11 bmi11 hwr11 wc11 diasto11
                      systo11 smoke11 educ11 indinc11 index11 met11
                      cmfp11 dash11 ahei11 hbs11 lbs11 dqd11 q_index
                       q1 q2 q3 carbo_p protn_p fat_p;

           Usev are  age04 gender kcal04 met04
                     bmi04 bmi06 bmi09 bmi11 smoke04
                     lbs04 lbs06 lbs09 lbs11
                     educ04 systo04 diasto04 q1 q2 q3;


           Missing are all(999);


  ANALYSIS:
  Type=random;
  ALGORITHM=INTEGRATION;
  Estimator=ML;
  bootstrap = 1000;


  MODEL:
  age04 gender kcal04 met04 smoke04
  bmi04 bmi06 bmi09 bmi11 educ04 systo04 diasto04
  lbs04 lbs06 lbs09 lbs11 q1 q2 q3;

  ib sb | bmi04@0 bmi06@2 bmi09@5 bmi11@7;
  id sd | lbs04@0 lbs06@2 lbs09@5 lbs11@7;

  ib with sb;
  id with sd;

  id with sd;

  id on q1(ai1)
        q2(ai2)
        q3(ai3)
        age04 gender kcal04 met04
        educ04 systo04 diasto04 smoke04;

  sd on q1(as1)
        q2(as2)
        q3(as3)
        age04 gender kcal04 met04
        educ04 systo04 diasto04 smoke04;

  sb on id(bi)
        sd(bs)
        q1(c1)
        q2(c2)
        q3(c3)
        age04 gender kcal04 met04
        educ04 systo04 diasto04 smoke04;


  MODEL CONSTRAINT:
  NEW (ind1 ind2 ind3 di1 di2 di3 to1 to2 to3
   ind_l_1 ind_l_2 ind_l_3
  ind_s_1 ind_s_2 ind_s_3);
  ind1=as1*bs+ai1*bi;
  ind2=as2*bs+ai2*bi;
  ind3=as3*bs+ai3*bi;
  to1=as1*bs+ai1*bi+c1;
  to2=as2*bs+ai2*bi+c2;
  to3=as3*bs+ai3*bi+c3;
  di1=c1;
  di2=c2;
  di3=c3;
  ind_l_1=ai1*bi;
  ind_l_2=ai2*bi;
  ind_l_3=ai3*bi;
  ind_s_1=as1*bs;
  ind_s_2=as2*bs;
  ind_s_3=as3*bs;

  OUTPUT: tech1 tech8 cinterval(BOOTSTRAP);



INPUT READING TERMINATED NORMALLY




SUMMARY OF ANALYSIS

Number of groups                                                 1
Number of observations                                        9547

Number of dependent variables                                    8
Number of independent variables                                 11
Number of continuous latent variables                            4

Observed dependent variables

  Continuous
   BMI04       BMI06       BMI09       BMI11       LBS04       LBS06
   LBS09       LBS11

Observed independent variables
   AGE04       GENDER      KCAL04      MET04       SMOKE04     EDUC04
   SYSTO04     DIASTO04    Q1          Q2          Q3

Continuous latent variables
   IB          SB          ID          SD


Estimator                                                       ML
Information matrix                                        OBSERVED
Optimization Specifications for the Quasi-Newton Algorithm for
Continuous Outcomes
  Maximum number of iterations                                 100
  Convergence criterion                                  0.100D-05
Optimization Specifications for the EM Algorithm
  Maximum number of iterations                                 500
  Convergence criteria
    Loglikelihood change                                 0.100D-02
    Relative loglikelihood change                        0.100D-05
    Derivative                                           0.100D-02
Optimization Specifications for the M step of the EM Algorithm for
Categorical Latent variables
  Number of M step iterations                                    1
  M step convergence criterion                           0.100D-02
  Basis for M step termination                           ITERATION
Optimization Specifications for the M step of the EM Algorithm for
Censored, Binary or Ordered Categorical (Ordinal), Unordered
Categorical (Nominal) and Count Outcomes
  Number of M step iterations                                    1
  M step convergence criterion                           0.100D-02
  Basis for M step termination                           ITERATION
  Maximum value for logit thresholds                            15
  Minimum value for logit thresholds                           -15
  Minimum expected cell size for chi-square              0.100D-01
Maximum number of iterations for H1                           2000
Convergence criterion for H1                             0.100D-03
Number of bootstrap draws
    Requested                                                 1000
    Completed                                                 1000
Optimization algorithm                                         EMA
Integration Specifications
  Type                                                    STANDARD
  Number of integration points                                  15
  Dimensions of numerical integration                            0
  Adaptive quadrature                                           ON
Cholesky                                                       OFF

Input data file(s)
  id0411 mplus.csv
Input data format  FREE


SUMMARY OF DATA

     Number of missing data patterns           197


COVARIANCE COVERAGE OF DATA

Minimum covariance coverage value   0.100


     PROPORTION OF DATA PRESENT FOR Y


           Covariance Coverage
              BMI04         BMI06         BMI09         BMI11         LBS04
              ________      ________      ________      ________      ________
 BMI04          0.928
 BMI06          0.690         0.727
 BMI09          0.589         0.537         0.623
 BMI11          0.533         0.483         0.503         0.564
 LBS04          0.928         0.727         0.623         0.564         1.000
 LBS06          0.721         0.717         0.559         0.504         0.769
 LBS09          0.608         0.553         0.616         0.514         0.648
 LBS11          0.542         0.490         0.507         0.557         0.576
 AGE04          0.928         0.727         0.623         0.564         1.000
 GENDER         0.928         0.727         0.623         0.564         1.000
 KCAL04         0.928         0.727         0.623         0.564         1.000
 MET04          0.848         0.667         0.576         0.523         0.901
 SMOKE04        0.927         0.722         0.619         0.559         0.988
 EDUC04         0.926         0.722         0.618         0.559         0.987
 SYSTO04        0.927         0.698         0.596         0.539         0.939
 DIASTO04       0.927         0.698         0.596         0.539         0.939
 Q1             0.927         0.726         0.622         0.563         0.999
 Q2             0.927         0.726         0.622         0.563         0.999
 Q3             0.927         0.726         0.622         0.563         0.999


           Covariance Coverage
              LBS06         LBS09         LBS11         AGE04         GENDER
              ________      ________      ________      ________      ________
 LBS06          0.769
 LBS09          0.580         0.648
 LBS11          0.513         0.523         0.576
 AGE04          0.769         0.648         0.576         1.000
 GENDER         0.769         0.648         0.576         1.000         1.000
 KCAL04         0.769         0.648         0.576         1.000         1.000
 MET04          0.703         0.597         0.533         0.901         0.901
 SMOKE04        0.764         0.643         0.571         0.988         0.988
 EDUC04         0.763         0.642         0.571         0.987         0.987
 SYSTO04        0.730         0.615         0.549         0.939         0.939
 DIASTO04       0.730         0.615         0.549         0.939         0.939
 Q1             0.768         0.647         0.576         0.999         0.999
 Q2             0.768         0.647         0.576         0.999         0.999
 Q3             0.768         0.647         0.576         0.999         0.999


           Covariance Coverage
              KCAL04        MET04         SMOKE04       EDUC04        SYSTO04
              ________      ________      ________      ________      ________
 KCAL04         1.000
 MET04          0.901         0.901
 SMOKE04        0.988         0.900         0.988
 EDUC04         0.987         0.899         0.986         0.987
 SYSTO04        0.939         0.857         0.937         0.937         0.939
 DIASTO04       0.939         0.857         0.937         0.937         0.939
 Q1             0.999         0.900         0.987         0.986         0.938
 Q2             0.999         0.900         0.987         0.986         0.938
 Q3             0.999         0.900         0.987         0.986         0.938


           Covariance Coverage
              DIASTO04      Q1            Q2            Q3
              ________      ________      ________      ________
 DIASTO04       0.939
 Q1             0.938         0.999
 Q2             0.938         0.999         0.999
 Q3             0.938         0.999         0.999         0.999



THE MODEL ESTIMATION TERMINATED NORMALLY



MODEL FIT INFORMATION

Number of Free Parameters                      141

Loglikelihood

          H0 Value                     -437158.990

Information Criteria

          Akaike (AIC)                  874599.980
          Bayesian (BIC)                875610.102
          Sample-Size Adjusted BIC      875162.026
            (n* = (n + 2) / 24)



MODEL RESULTS

                                                    Two-Tailed
                    Estimate       S.E.  Est./S.E.    P-Value

 IB       |
    BMI04              1.000      0.000    999.000    999.000
    BMI06              1.000      0.000    999.000    999.000
    BMI09              1.000      0.000    999.000    999.000
    BMI11              1.000      0.000    999.000    999.000

 SB       |
    BMI04              0.000      0.000    999.000    999.000
    BMI06              2.000      0.000    999.000    999.000
    BMI09              5.000      0.000    999.000    999.000
    BMI11              7.000      0.000    999.000    999.000

 ID       |
    LBS04              1.000      0.000    999.000    999.000
    LBS06              1.000      0.000    999.000    999.000
    LBS09              1.000      0.000    999.000    999.000
    LBS11              1.000      0.000    999.000    999.000

 SD       |
    LBS04              0.000      0.000    999.000    999.000
    LBS06              2.000      0.000    999.000    999.000
    LBS09              5.000      0.000    999.000    999.000
    LBS11              7.000      0.000    999.000    999.000

 SB         ON
    ID                 0.006      0.002      2.653      0.008
    SD                -0.040      0.039     -1.031      0.302

 ID         ON
    Q1                -3.677      0.190    -19.344      0.000
    Q2                -6.288      0.211    -29.839      0.000
    Q3                -9.117      0.225    -40.559      0.000
    AGE04             -0.022      0.006     -3.399      0.001
    GENDER            -0.952      0.187     -5.096      0.000
    KCAL04            -0.002      0.000    -14.741      0.000
    MET04              0.001      0.001      0.960      0.337
    EDUC04            -1.050      0.077    -13.549      0.000
    SYSTO04           -0.003      0.006     -0.499      0.618
    DIASTO04           0.000      0.010     -0.028      0.977
    SMOKE04            0.106      0.170      0.624      0.532

 SD         ON
    Q1                 0.055      0.041      1.342      0.180
    Q2                 0.219      0.046      4.736      0.000
    Q3                 0.210      0.050      4.169      0.000
    AGE04              0.010      0.001      7.007      0.000
    GENDER             0.096      0.044      2.205      0.027
    KCAL04             0.000      0.000      9.885      0.000
    MET04              0.000      0.000     -1.173      0.241
    EDUC04             0.039      0.017      2.359      0.018
    SYSTO04            0.003      0.001      2.408      0.016
    DIASTO04          -0.005      0.002     -2.523      0.012
    SMOKE04           -0.001      0.040     -0.031      0.976

 SB         ON
    Q1                 0.035      0.015      2.289      0.022
    Q2                 0.037      0.020      1.790      0.074
    Q3                 0.026      0.026      0.995      0.320
    AGE04             -0.003      0.001     -5.837      0.000
    GENDER            -0.026      0.014     -1.924      0.054
    KCAL04             0.000      0.000      2.022      0.043
    MET04              0.000      0.000     -1.092      0.275
    EDUC04            -0.005      0.005     -1.060      0.289
    SYSTO04           -0.001      0.000     -2.766      0.006
    DIASTO04           0.000      0.001     -0.676      0.499
    SMOKE04           -0.015      0.012     -1.198      0.231

 IB       WITH
    SB                -0.091      0.028     -3.295      0.001

 ID       WITH
    SD                -0.831      0.181     -4.602      0.000

 AGE04    WITH
    IB                 3.960      0.600      6.605      0.000

 GENDER   WITH
    IB                 0.049      0.018      2.735      0.006

 KCAL04   WITH
    IB                56.665     23.846      2.376      0.017

 MET04    WITH
    IB               -19.124      4.053     -4.719      0.000

 SMOKE04  WITH
    IB                -0.094      0.017     -5.632      0.000

 EDUC04   WITH
    IB                 0.054      0.048      1.133      0.257

 SYSTO04  WITH
    IB                16.410      0.734     22.360      0.000

 DIASTO04 WITH
    IB                10.650      0.429     24.845      0.000

 Q1       WITH
    IB                -0.073      0.015     -4.903      0.000

 Q2       WITH
    IB                 0.109      0.015      7.463      0.000

 Q3       WITH
    IB                 0.086      0.016      5.443      0.000

 GENDER   WITH
    AGE04              0.199      0.078      2.550      0.011

 KCAL04   WITH
    AGE04          -1363.375    109.784    -12.419      0.000
    GENDER           -91.666      3.306    -27.724      0.000

 MET04    WITH
    AGE04           -419.848     17.364    -24.180      0.000
    GENDER            -8.116      0.606    -13.399      0.000
    KCAL04         15915.425    878.029     18.126      0.000

 SMOKE04  WITH
    AGE04              0.283      0.083      3.396      0.001
    GENDER            -0.150      0.002    -65.997      0.000
    KCAL04            57.563      3.561     16.166      0.000
    MET04              4.829      0.654      7.384      0.000

 EDUC04   WITH
    AGE04             -8.184      0.214    -38.255      0.000
    GENDER            -0.129      0.007    -19.777      0.000
    KCAL04            79.015      8.984      8.795      0.000
    MET04             -1.647      1.363     -1.208      0.227
    SMOKE04            0.042      0.006      6.657      0.000

 SYSTO04  WITH
    AGE04            117.548      3.332     35.281      0.000
    GENDER            -0.814      0.097     -8.385      0.000
    KCAL04          -956.081    134.162     -7.126      0.000
    MET04           -276.886     21.817    -12.691      0.000
    SMOKE04            0.673      0.115      5.859      0.000
    EDUC04            -3.728      0.277    -13.465      0.000

 DIASTO04 WITH
    AGE04             35.923      1.787     20.098      0.000
    GENDER            -0.691      0.059    -11.709      0.000
    KCAL04          -283.297     88.792     -3.191      0.001
    MET04            -84.661     13.402     -6.317      0.000
    SMOKE04            0.448      0.059      7.642      0.000
    EDUC04            -0.815      0.159     -5.130      0.000
    SYSTO04          148.465      3.430     43.280      0.000

 Q1       WITH
    AGE04             -0.282      0.066     -4.290      0.000
    GENDER            -0.002      0.002     -0.817      0.414
    KCAL04            13.586      2.923      4.648      0.000
    MET04              5.231      0.521     10.048      0.000
    SMOKE04            0.003      0.002      1.506      0.132
    EDUC04            -0.090      0.005    -17.669      0.000
    SYSTO04           -0.169      0.084     -2.012      0.044
    DIASTO04          -0.067      0.052     -1.283      0.199

 Q2       WITH
    AGE04              0.044      0.069      0.638      0.523
    GENDER             0.000      0.002      0.198      0.843
    KCAL04            -6.235      2.904     -2.148      0.032
    MET04             -5.771      0.460    -12.543      0.000
    SMOKE04            0.001      0.003      0.514      0.608
    EDUC04             0.026      0.006      4.287      0.000
    SYSTO04            0.392      0.084      4.646      0.000
    DIASTO04           0.365      0.050      7.349      0.000
    Q1                -0.063      0.001    -49.195      0.000

 Q3       WITH
    AGE04              0.451      0.069      6.514      0.000
    GENDER             0.003      0.002      1.314      0.189
    KCAL04           -19.117      2.929     -6.528      0.000
    MET04             -9.890      0.445    -22.227      0.000
    SMOKE04           -0.007      0.002     -3.066      0.002
    EDUC04             0.183      0.007     27.666      0.000
    SYSTO04            0.341      0.084      4.068      0.000
    DIASTO04          -0.010      0.048     -0.219      0.826
    Q1                -0.063      0.001    -48.815      0.000
    Q2                -0.062      0.001    -50.593      0.000

 Means
    AGE04             47.385      0.152    311.364      0.000
    GENDER             1.519      0.005    289.604      0.000
    KCAL04          2188.497      6.913    316.566      0.000
    MET04            116.578      1.211     96.249      0.000
    SMOKE04            0.335      0.006     60.752      0.000
    EDUC04             1.726      0.013    128.676      0.000
    SYSTO04          122.075      0.195    627.445      0.000
    DIASTO04          78.633      0.121    650.432      0.000
    Q1                 0.250      0.004     56.734      0.000
    Q2                 0.250      0.004     57.948      0.000
    Q3                 0.250      0.004     57.925      0.000
    IB                23.015      0.035    662.520      0.000

 Intercepts
    BMI04              0.000      0.000    999.000    999.000
    BMI06              0.000      0.000    999.000    999.000
    BMI09              0.000      0.000    999.000    999.000
    BMI11              0.000      0.000    999.000    999.000
    LBS04              0.000      0.000    999.000    999.000
    LBS06              0.000      0.000    999.000    999.000
    LBS09              0.000      0.000    999.000    999.000
    LBS11              0.000      0.000    999.000    999.000
    SB                 0.207      0.110      1.878      0.060
    ID                40.433      0.833     48.514      0.000
    SD                -1.845      0.185     -9.992      0.000

 Variances
    AGE04            235.499      2.976     79.132      0.000
    GENDER             0.250      0.000   1227.022      0.000
    KCAL04         *********   8168.494     56.104      0.000
    MET04          12715.648    342.294     37.148      0.000
    SMOKE04            0.276      0.021     13.034      0.000
    EDUC04             1.753      0.024     73.134      0.000
    SYSTO04          345.156      7.615     45.323      0.000
    DIASTO04         126.197      2.576     48.983      0.000
    Q1                 0.188      0.002     85.023      0.000
    Q2                 0.188      0.002     86.911      0.000
    Q3                 0.188      0.002     86.709      0.000
    IB                10.334      0.223     46.252      0.000

 Residual Variances
    BMI04              0.966      0.127      7.588      0.000
    BMI06              3.134      1.787      1.754      0.079
    BMI09              1.530      0.093     16.421      0.000
    BMI11             13.584      5.685      2.390      0.017
    LBS04             51.490      1.815     28.372      0.000
    LBS06             40.365      1.095     36.854      0.000
    LBS09             36.602      0.898     40.763      0.000
    LBS11             39.492      1.300     30.368      0.000
    SB                 0.045      0.004     10.922      0.000
    ID                13.985      0.961     14.558      0.000
    SD                 0.207      0.044      4.743      0.000

New/Additional Parameters
    IND1              -0.024      0.008     -2.916      0.004
    IND2              -0.045      0.014     -3.256      0.001
    IND3              -0.061      0.019     -3.195      0.001
    DI1                0.035      0.015      2.289      0.022
    DI2                0.037      0.020      1.790      0.074
    DI3                0.026      0.026      0.995      0.320
    TO1                0.012      0.013      0.931      0.352
    TO2               -0.009      0.014     -0.626      0.531
    TO3               -0.036      0.016     -2.243      0.025
    IND_L_1           -0.021      0.008     -2.621      0.009
    IND_L_2           -0.037      0.014     -2.645      0.008
    IND_L_3           -0.053      0.020     -2.641      0.008
    IND_S_1           -0.002      0.003     -0.718      0.473
    IND_S_2           -0.009      0.009     -0.979      0.328
    IND_S_3           -0.008      0.009     -0.985      0.324


CONFIDENCE INTERVALS OF MODEL RESULTS

                  Lower .5%  Lower 2.5%    Lower 5%    Estimate    Upper 5%  Upper 2.5%   Upper .5%

 IB       |
    BMI04            1.000       1.000       1.000       1.000       1.000       1.000       1.000
    BMI06            1.000       1.000       1.000       1.000       1.000       1.000       1.000
    BMI09            1.000       1.000       1.000       1.000       1.000       1.000       1.000
    BMI11            1.000       1.000       1.000       1.000       1.000       1.000       1.000

 SB       |
    BMI04            0.000       0.000       0.000       0.000       0.000       0.000       0.000
    BMI06            2.000       2.000       2.000       2.000       2.000       2.000       2.000
    BMI09            5.000       5.000       5.000       5.000       5.000       5.000       5.000
    BMI11            7.000       7.000       7.000       7.000       7.000       7.000       7.000

 ID       |
    LBS04            1.000       1.000       1.000       1.000       1.000       1.000       1.000
    LBS06            1.000       1.000       1.000       1.000       1.000       1.000       1.000
    LBS09            1.000       1.000       1.000       1.000       1.000       1.000       1.000
    LBS11            1.000       1.000       1.000       1.000       1.000       1.000       1.000

 SD       |
    LBS04            0.000       0.000       0.000       0.000       0.000       0.000       0.000
    LBS06            2.000       2.000       2.000       2.000       2.000       2.000       2.000
    LBS09            5.000       5.000       5.000       5.000       5.000       5.000       5.000
    LBS11            7.000       7.000       7.000       7.000       7.000       7.000       7.000

 SB       ON
    ID              -0.001       0.002       0.002       0.006       0.009       0.010       0.011
    SD              -0.165      -0.127      -0.111      -0.040       0.017       0.029       0.058

 ID       ON
    Q1              -4.162      -4.042      -3.994      -3.677      -3.366      -3.312      -3.193
    Q2              -6.797      -6.694      -6.631      -6.288      -5.946      -5.859      -5.712
    Q3              -9.684      -9.556      -9.484      -9.117      -8.729      -8.679      -8.569
    AGE04           -0.037      -0.034      -0.032      -0.022      -0.010      -0.009      -0.005
    GENDER          -1.389      -1.318      -1.258      -0.952      -0.644      -0.568      -0.440
    KCAL04          -0.002      -0.002      -0.002      -0.002      -0.002      -0.002      -0.001
    MET04           -0.001      -0.001       0.000       0.001       0.002       0.002       0.003
    EDUC04          -1.242      -1.193      -1.175      -1.050      -0.920      -0.892      -0.858
    SYSTO04         -0.021      -0.016      -0.013      -0.003       0.007       0.008       0.011
    DIASTO04        -0.023      -0.019      -0.015       0.000       0.016       0.019       0.025
    SMOKE04         -0.361      -0.269      -0.195       0.106       0.359       0.401       0.476

 SD       ON
    Q1              -0.051      -0.024      -0.013       0.055       0.121       0.139       0.164
    Q2               0.097       0.122       0.142       0.219       0.293       0.310       0.325
    Q3               0.091       0.113       0.127       0.210       0.294       0.305       0.331
    AGE04            0.006       0.007       0.007       0.010       0.012       0.012       0.013
    GENDER          -0.022       0.012       0.025       0.096       0.167       0.179       0.210
    KCAL04           0.000       0.000       0.000       0.000       0.000       0.000       0.000
    MET04           -0.001       0.000       0.000       0.000       0.000       0.000       0.000
    EDUC04          -0.011       0.005       0.012       0.039       0.066       0.069       0.076
    SYSTO04          0.000       0.001       0.001       0.003       0.005       0.006       0.007
    DIASTO04        -0.011      -0.010      -0.009      -0.005      -0.002      -0.002       0.000
    SMOKE04         -0.105      -0.077      -0.063      -0.001       0.070       0.088       0.109

 SB       ON
    Q1              -0.009       0.007       0.012       0.035       0.061       0.069       0.078
    Q2              -0.016      -0.004       0.003       0.037       0.074       0.078       0.089
    Q3              -0.041      -0.024      -0.015       0.026       0.069       0.079       0.095
    AGE04           -0.005      -0.004      -0.004      -0.003      -0.002      -0.002      -0.002
    GENDER          -0.059      -0.052      -0.049      -0.026      -0.002       0.003       0.010
    KCAL04           0.000       0.000       0.000       0.000       0.000       0.000       0.000
    MET04            0.000       0.000       0.000       0.000       0.000       0.000       0.000
    EDUC04          -0.018      -0.014      -0.012      -0.005       0.003       0.005       0.009
    SYSTO04         -0.002      -0.002      -0.002      -0.001       0.000       0.000       0.000
    DIASTO04        -0.002      -0.002      -0.002       0.000       0.001       0.001       0.001
    SMOKE04         -0.046      -0.040      -0.036      -0.015       0.006       0.009       0.017

 IB       WITH
    SB              -0.149      -0.133      -0.126      -0.091      -0.036      -0.031      -0.019

 ID       WITH
    SD              -1.324      -1.177      -1.127      -0.831      -0.521      -0.470      -0.342

 AGE04    WITH
    IB               2.440       2.780       2.917       3.960       4.987       5.147       5.428

 GENDER   WITH
    IB               0.006       0.014       0.019       0.049       0.078       0.083       0.093

 KCAL04   WITH
    IB              -6.374       9.186      17.178      56.665      94.018     101.345     115.656

 MET04    WITH
    IB             -28.966     -26.696     -25.331     -19.124     -12.206     -10.875      -7.831

 SMOKE04  WITH
    IB              -0.138      -0.125      -0.121      -0.094      -0.066      -0.062      -0.052

 EDUC04   WITH
    IB              -0.062      -0.041      -0.027       0.054       0.134       0.147       0.165

 SYSTO04  WITH
    IB              14.300      14.888      15.165      16.410      17.642      17.801      18.169

 DIASTO04 WITH
    IB               9.510       9.725       9.926      10.650      11.360      11.462      11.683

 Q1       WITH
    IB              -0.110      -0.103      -0.097      -0.073      -0.049      -0.044      -0.037

 Q2       WITH
    IB               0.072       0.080       0.085       0.109       0.132       0.137       0.147

 Q3       WITH
    IB               0.039       0.053       0.059       0.086       0.110       0.114       0.124

 GENDER   WITH
    AGE04           -0.006       0.046       0.064       0.199       0.319       0.343       0.397

 KCAL04   WITH
    AGE04        -1651.838   -1575.775   -1549.657   -1363.375   -1195.060   -1159.546   -1090.140
    GENDER        -101.226     -98.376     -97.286     -91.666     -86.432     -85.485     -83.590

 MET04    WITH
    AGE04         -466.866    -454.904    -449.524    -419.848    -391.895    -388.040    -376.679
    GENDER          -9.744      -9.359      -9.104      -8.116      -7.088      -6.862      -6.595
    KCAL04       13859.569   14273.833   14544.942   15915.425   17420.543   17631.529   18376.990

 SMOKE04  WITH
    AGE04            0.073       0.124       0.147       0.283       0.423       0.444       0.489
    GENDER          -0.156      -0.155      -0.154      -0.150      -0.147      -0.146      -0.144
    KCAL04          48.618      50.670      51.861      57.563      63.279      64.707      67.842
    MET04            3.117       3.535       3.724       4.829       5.909       6.104       6.450

 EDUC04   WITH
    AGE04           -8.728      -8.617      -8.544      -8.184      -7.836      -7.754      -7.671
    GENDER          -0.146      -0.141      -0.139      -0.129      -0.118      -0.116      -0.111
    KCAL04          55.518      61.784      63.997      79.015      94.503      97.385     101.496
    MET04           -4.897      -4.318      -3.943      -1.647       0.535       0.947       1.564
    SMOKE04          0.025       0.030       0.032       0.042       0.052       0.054       0.058

 SYSTO04  WITH
    AGE04          108.229     110.696     112.094     117.548     122.800     124.236     125.838
    GENDER          -1.046      -1.006      -0.979      -0.814      -0.657      -0.631      -0.571
    KCAL04       -1281.894   -1213.871   -1170.022    -956.081    -734.658    -702.964    -614.061
    MET04         -333.331    -319.263    -312.201    -276.886    -241.122    -233.851    -216.814
    SMOKE04          0.407       0.470       0.502       0.673       0.876       0.925       1.008
    EDUC04          -4.483      -4.290      -4.178      -3.728      -3.272      -3.180      -3.028

 DIASTO04 WITH
    AGE04           31.292      32.417      33.002      35.923      38.817      39.367      40.391
    GENDER          -0.846      -0.803      -0.793      -0.691      -0.595      -0.579      -0.546
    KCAL04        -525.109    -457.992    -435.600    -283.297    -139.192    -115.930     -63.508
    MET04         -118.459    -111.566    -107.891     -84.661     -63.198     -59.846     -52.471
    SMOKE04          0.303       0.336       0.357       0.448       0.547       0.570       0.608
    EDUC04          -1.278      -1.147      -1.081      -0.815      -0.557      -0.513      -0.435
    SYSTO04        139.411     141.476     142.672     148.465     153.853     155.049     157.251

 Q1       WITH
    AGE04           -0.459      -0.414      -0.396      -0.282      -0.180      -0.165      -0.123
    GENDER          -0.008      -0.007      -0.006      -0.002       0.002       0.002       0.004
    KCAL04           6.745       8.335       9.066      13.586      18.377      19.472      22.190
    MET04            3.852       4.239       4.410       5.231       6.099       6.216       6.501
    SMOKE04         -0.002      -0.001       0.000       0.003       0.007       0.007       0.008
    EDUC04          -0.105      -0.100      -0.099      -0.090      -0.082      -0.080      -0.077
    SYSTO04         -0.397      -0.332      -0.310      -0.169      -0.035      -0.007       0.049
    DIASTO04        -0.210      -0.169      -0.151      -0.067       0.017       0.033       0.068

 Q2       WITH
    AGE04           -0.148      -0.087      -0.065       0.044       0.164       0.182       0.225
    GENDER          -0.005      -0.004      -0.003       0.000       0.004       0.005       0.006
    KCAL04         -13.894     -11.882     -11.125      -6.235      -1.687      -0.694       0.977
    MET04           -7.011      -6.694      -6.535      -5.771      -5.011      -4.894      -4.683
    SMOKE04         -0.005      -0.003      -0.003       0.001       0.006       0.007       0.008
    EDUC04           0.010       0.013       0.015       0.026       0.035       0.037       0.041
    SYSTO04          0.166       0.216       0.252       0.392       0.530       0.553       0.602
    DIASTO04         0.229       0.266       0.284       0.365       0.450       0.460       0.484
    Q1              -0.066      -0.065      -0.065      -0.063      -0.061      -0.060      -0.060

 Q3       WITH
    AGE04            0.266       0.319       0.337       0.451       0.560       0.587       0.646
    GENDER          -0.003      -0.001      -0.001       0.003       0.007       0.007       0.009
    KCAL04         -26.915     -25.156     -23.992     -19.117     -14.419     -13.616     -12.224
    MET04          -11.216     -10.796     -10.662      -9.890      -9.171      -9.064      -8.844
    SMOKE04         -0.014      -0.012      -0.011      -0.007      -0.003      -0.003      -0.002
    EDUC04           0.164       0.170       0.172       0.183       0.193       0.196       0.200
    SYSTO04          0.108       0.177       0.205       0.341       0.477       0.505       0.550
    DIASTO04        -0.138      -0.109      -0.089      -0.010       0.065       0.085       0.113
    Q1              -0.066      -0.065      -0.065      -0.063      -0.060      -0.060      -0.059
    Q2              -0.066      -0.065      -0.064      -0.062      -0.060      -0.060      -0.059

 Means
    AGE04           46.990      47.063      47.134      47.385      47.623      47.684      47.803
    GENDER           1.505       1.509       1.511       1.519       1.527       1.529       1.533
    KCAL04        2171.270    2174.952    2176.839    2188.497    2200.025    2201.453    2206.185
    MET04          113.230     114.144     114.498     116.578     118.560     118.886     119.767
    SMOKE04          0.321       0.324       0.326       0.335       0.344       0.345       0.349
    EDUC04           1.691       1.699       1.703       1.726       1.748       1.752       1.763
    SYSTO04        121.584     121.698     121.758     122.075     122.390     122.441     122.607
    DIASTO04        78.320      78.396      78.436      78.633      78.821      78.866      78.965
    Q1               0.239       0.240       0.243       0.250       0.257       0.258       0.261
    Q2               0.239       0.242       0.243       0.250       0.257       0.259       0.262
    Q3               0.238       0.242       0.243       0.250       0.257       0.258       0.262
    IB              22.924      22.939      22.952      23.015      23.070      23.079      23.095

 Intercepts
    BMI04            0.000       0.000       0.000       0.000       0.000       0.000       0.000
    BMI06            0.000       0.000       0.000       0.000       0.000       0.000       0.000
    BMI09            0.000       0.000       0.000       0.000       0.000       0.000       0.000
    BMI11            0.000       0.000       0.000       0.000       0.000       0.000       0.000
    LBS04            0.000       0.000       0.000       0.000       0.000       0.000       0.000
    LBS06            0.000       0.000       0.000       0.000       0.000       0.000       0.000
    LBS09            0.000       0.000       0.000       0.000       0.000       0.000       0.000
    LBS11            0.000       0.000       0.000       0.000       0.000       0.000       0.000
    SB              -0.130      -0.039       0.018       0.207       0.380       0.401       0.481
    ID              38.481      38.804      39.092      40.433      41.877      42.106      42.757
    SD              -2.305      -2.205      -2.149      -1.845      -1.543      -1.490      -1.389

 Variances
    AGE04          228.029     229.925     230.677     235.499     240.541     241.408     242.897
    GENDER           0.249       0.249       0.249       0.250       0.250       0.250       0.250
    KCAL04       *********  441441.438  444368.469  458288.875  470965.500  473600.062  479769.688
    MET04        11906.766   12107.522   12205.347   12715.648   13304.373   13423.983   13758.508
    SMOKE04          0.228       0.237       0.243       0.276       0.311       0.318       0.333
    EDUC04           1.692       1.705       1.712       1.753       1.792       1.799       1.815
    SYSTO04        325.214     329.605     331.930     345.156     357.218     359.400     362.855
    DIASTO04       119.099     121.130     121.947     126.197     130.495     131.062     132.789
    Q1               0.182       0.183       0.184       0.188       0.191       0.192       0.193
    Q2               0.182       0.183       0.184       0.188       0.191       0.192       0.193
    Q3               0.181       0.184       0.184       0.188       0.191       0.192       0.193
    IB               9.747       9.873       9.959      10.334      10.677      10.757      10.932

 Residual Variances
    BMI04            0.727       0.773       0.811       0.966       1.208       1.228       1.266
    BMI06            1.190       1.218       1.232       3.134       6.556       6.639       8.312
    BMI09            1.264       1.323       1.348       1.530       1.654       1.677       1.729
    BMI11            5.018       5.835       6.211      13.584      23.874      26.513      35.732
    LBS04           46.512      47.668      48.326      51.490      54.354      54.846      56.059
    LBS06           37.635      38.246      38.580      40.365      42.140      42.472      43.179
    LBS09           34.361      34.819      35.102      36.602      37.982      38.319      38.890
    LBS11           36.334      37.054      37.382      39.492      41.698      42.069      42.906
    SB               0.035       0.037       0.039       0.045       0.052       0.053       0.056
    ID              11.573      12.080      12.341      13.985      15.450      15.810      16.526
    SD               0.092       0.121       0.133       0.207       0.279       0.293       0.322

New/Additional Parameters
    IND1            -0.047      -0.040      -0.037      -0.024      -0.011      -0.008      -0.003
    IND2            -0.086      -0.074      -0.069      -0.045      -0.024      -0.019      -0.011
    IND3            -0.113      -0.099      -0.093      -0.061      -0.031      -0.026      -0.015
    DI1             -0.009       0.007       0.012       0.035       0.061       0.069       0.078
    DI2             -0.016      -0.004       0.003       0.037       0.074       0.078       0.089
    DI3             -0.041      -0.024      -0.015       0.026       0.069       0.079       0.095
    TO1             -0.019      -0.011      -0.007       0.012       0.033       0.040       0.045
    TO2             -0.043      -0.035      -0.032      -0.009       0.015       0.020       0.029
    TO3             -0.074      -0.066      -0.060      -0.036      -0.010      -0.004       0.005
    IND_L_1         -0.043      -0.037      -0.035      -0.021      -0.008      -0.006       0.001
    IND_L_2         -0.069      -0.063      -0.059      -0.037      -0.014      -0.010       0.001
    IND_L_3         -0.103      -0.092      -0.085      -0.053      -0.020      -0.014       0.002
    IND_S_1         -0.015      -0.010      -0.008      -0.002       0.001       0.002       0.004
    IND_S_2         -0.039      -0.031      -0.026      -0.009       0.004       0.007       0.013
    IND_S_3         -0.035      -0.028      -0.024      -0.008       0.004       0.006       0.011


TECHNICAL 1 OUTPUT


     PARAMETER SPECIFICATION


           NU
              BMI04         BMI06         BMI09         BMI11         LBS04
              ________      ________      ________      ________      ________
 1                  0             0             0             0             0


           NU
              LBS06         LBS09         LBS11         AGE04         GENDER
              ________      ________      ________      ________      ________
 1                  0             0             0             0             0


           NU
              KCAL04        MET04         SMOKE04       EDUC04        SYSTO04
              ________      ________      ________      ________      ________
 1                  0             0             0             0             0


           NU
              DIASTO04      Q1            Q2            Q3
              ________      ________      ________      ________
 1                  0             0             0             0


           LAMBDA
              IB            SB            ID            SD            AGE04
              ________      ________      ________      ________      ________
 BMI04              0             0             0             0             0
 BMI06              0             0             0             0             0
 BMI09              0             0             0             0             0
 BMI11              0             0             0             0             0
 LBS04              0             0             0             0             0
 LBS06              0             0             0             0             0
 LBS09              0             0             0             0             0
 LBS11              0             0             0             0             0
 AGE04              0             0             0             0             0
 GENDER             0             0             0             0             0
 KCAL04             0             0             0             0             0
 MET04              0             0             0             0             0
 SMOKE04            0             0             0             0             0
 EDUC04             0             0             0             0             0
 SYSTO04            0             0             0             0             0
 DIASTO04           0             0             0             0             0
 Q1                 0             0             0             0             0
 Q2                 0             0             0             0             0
 Q3                 0             0             0             0             0


           LAMBDA
              GENDER        KCAL04        MET04         SMOKE04       EDUC04
              ________      ________      ________      ________      ________
 BMI04              0             0             0             0             0
 BMI06              0             0             0             0             0
 BMI09              0             0             0             0             0
 BMI11              0             0             0             0             0
 LBS04              0             0             0             0             0
 LBS06              0             0             0             0             0
 LBS09              0             0             0             0             0
 LBS11              0             0             0             0             0
 AGE04              0             0             0             0             0
 GENDER             0             0             0             0             0
 KCAL04             0             0             0             0             0
 MET04              0             0             0             0             0
 SMOKE04            0             0             0             0             0
 EDUC04             0             0             0             0             0
 SYSTO04            0             0             0             0             0
 DIASTO04           0             0             0             0             0
 Q1                 0             0             0             0             0
 Q2                 0             0             0             0             0
 Q3                 0             0             0             0             0


           LAMBDA
              SYSTO04       DIASTO04      Q1            Q2            Q3
              ________      ________      ________      ________      ________
 BMI04              0             0             0             0             0
 BMI06              0             0             0             0             0
 BMI09              0             0             0             0             0
 BMI11              0             0             0             0             0
 LBS04              0             0             0             0             0
 LBS06              0             0             0             0             0
 LBS09              0             0             0             0             0
 LBS11              0             0             0             0             0
 AGE04              0             0             0             0             0
 GENDER             0             0             0             0             0
 KCAL04             0             0             0             0             0
 MET04              0             0             0             0             0
 SMOKE04            0             0             0             0             0
 EDUC04             0             0             0             0             0
 SYSTO04            0             0             0             0             0
 DIASTO04           0             0             0             0             0
 Q1                 0             0             0             0             0
 Q2                 0             0             0             0             0
 Q3                 0             0             0             0             0


           THETA
              BMI04         BMI06         BMI09         BMI11         LBS04
              ________      ________      ________      ________      ________
 BMI04              1
 BMI06              0             2
 BMI09              0             0             3
 BMI11              0             0             0             4
 LBS04              0             0             0             0             5
 LBS06              0             0             0             0             0
 LBS09              0             0             0             0             0
 LBS11              0             0             0             0             0
 AGE04              0             0             0             0             0
 GENDER             0             0             0             0             0
 KCAL04             0             0             0             0             0
 MET04              0             0             0             0             0
 SMOKE04            0             0             0             0             0
 EDUC04             0             0             0             0             0
 SYSTO04            0             0             0             0             0
 DIASTO04           0             0             0             0             0
 Q1                 0             0             0             0             0
 Q2                 0             0             0             0             0
 Q3                 0             0             0             0             0


           THETA
              LBS06         LBS09         LBS11         AGE04         GENDER
              ________      ________      ________      ________      ________
 LBS06              6
 LBS09              0             7
 LBS11              0             0             8
 AGE04              0             0             0             0
 GENDER             0             0             0             0             0
 KCAL04             0             0             0             0             0
 MET04              0             0             0             0             0
 SMOKE04            0             0             0             0             0
 EDUC04             0             0             0             0             0
 SYSTO04            0             0             0             0             0
 DIASTO04           0             0             0             0             0
 Q1                 0             0             0             0             0
 Q2                 0             0             0             0             0
 Q3                 0             0             0             0             0


           THETA
              KCAL04        MET04         SMOKE04       EDUC04        SYSTO04
              ________      ________      ________      ________      ________
 KCAL04             0
 MET04              0             0
 SMOKE04            0             0             0
 EDUC04             0             0             0             0
 SYSTO04            0             0             0             0             0
 DIASTO04           0             0             0             0             0
 Q1                 0             0             0             0             0
 Q2                 0             0             0             0             0
 Q3                 0             0             0             0             0


           THETA
              DIASTO04      Q1            Q2            Q3
              ________      ________      ________      ________
 DIASTO04           0
 Q1                 0             0
 Q2                 0             0             0
 Q3                 0             0             0             0


           ALPHA
              IB            SB            ID            SD            AGE04
              ________      ________      ________      ________      ________
 1                  9            10            11            12            13


           ALPHA
              GENDER        KCAL04        MET04         SMOKE04       EDUC04
              ________      ________      ________      ________      ________
 1                 14            15            16            17            18


           ALPHA
              SYSTO04       DIASTO04      Q1            Q2            Q3
              ________      ________      ________      ________      ________
 1                 19            20            21            22            23


           BETA
              IB            SB            ID            SD            AGE04
              ________      ________      ________      ________      ________
 IB                 0             0             0             0             0
 SB                 0             0            24            25            26
 ID                 0             0             0             0            37
 SD                 0             0             0             0            48
 AGE04              0             0             0             0             0
 GENDER             0             0             0             0             0
 KCAL04             0             0             0             0             0
 MET04              0             0             0             0             0
 SMOKE04            0             0             0             0             0
 EDUC04             0             0             0             0             0
 SYSTO04            0             0             0             0             0
 DIASTO04           0             0             0             0             0
 Q1                 0             0             0             0             0
 Q2                 0             0             0             0             0
 Q3                 0             0             0             0             0


           BETA
              GENDER        KCAL04        MET04         SMOKE04       EDUC04
              ________      ________      ________      ________      ________
 IB                 0             0             0             0             0
 SB                27            28            29            30            31
 ID                38            39            40            41            42
 SD                49            50            51            52            53
 AGE04              0             0             0             0             0
 GENDER             0             0             0             0             0
 KCAL04             0             0             0             0             0
 MET04              0             0             0             0             0
 SMOKE04            0             0             0             0             0
 EDUC04             0             0             0             0             0
 SYSTO04            0             0             0             0             0
 DIASTO04           0             0             0             0             0
 Q1                 0             0             0             0             0
 Q2                 0             0             0             0             0
 Q3                 0             0             0             0             0


           BETA
              SYSTO04       DIASTO04      Q1            Q2            Q3
              ________      ________      ________      ________      ________
 IB                 0             0             0             0             0
 SB                32            33            34            35            36
 ID                43            44            45            46            47
 SD                54            55            56            57            58
 AGE04              0             0             0             0             0
 GENDER             0             0             0             0             0
 KCAL04             0             0             0             0             0
 MET04              0             0             0             0             0
 SMOKE04            0             0             0             0             0
 EDUC04             0             0             0             0             0
 SYSTO04            0             0             0             0             0
 DIASTO04           0             0             0             0             0
 Q1                 0             0             0             0             0
 Q2                 0             0             0             0             0
 Q3                 0             0             0             0             0


           PSI
              IB            SB            ID            SD            AGE04
              ________      ________      ________      ________      ________
 IB                59
 SB                60            61
 ID                 0             0            62
 SD                 0             0            63            64
 AGE04             65             0             0             0            66
 GENDER            67             0             0             0            68
 KCAL04            70             0             0             0            71
 MET04             74             0             0             0            75
 SMOKE04           79             0             0             0            80
 EDUC04            85             0             0             0            86
 SYSTO04           92             0             0             0            93
 DIASTO04         100             0             0             0           101
 Q1               109             0             0             0           110
 Q2               119             0             0             0           120
 Q3               130             0             0             0           131


           PSI
              GENDER        KCAL04        MET04         SMOKE04       EDUC04
              ________      ________      ________      ________      ________
 GENDER            69
 KCAL04            72            73
 MET04             76            77            78
 SMOKE04           81            82            83            84
 EDUC04            87            88            89            90            91
 SYSTO04           94            95            96            97            98
 DIASTO04         102           103           104           105           106
 Q1               111           112           113           114           115
 Q2               121           122           123           124           125
 Q3               132           133           134           135           136


           PSI
              SYSTO04       DIASTO04      Q1            Q2            Q3
              ________      ________      ________      ________      ________
 SYSTO04           99
 DIASTO04         107           108
 Q1               116           117           118
 Q2               126           127           128           129
 Q3               137           138           139           140           141


     PARAMETER SPECIFICATION FOR THE ADDITIONAL PARAMETERS


           NEW/ADDITIONAL PARAMETERS
              IND1          IND2          IND3          DI1           DI2
              ________      ________      ________      ________      ________
 1                142           143           144           145           146


           NEW/ADDITIONAL PARAMETERS
              DI3           TO1           TO2           TO3           IND_L_1
              ________      ________      ________      ________      ________
 1                147           148           149           150           151


           NEW/ADDITIONAL PARAMETERS
              IND_L_2       IND_L_3       IND_S_1       IND_S_2       IND_S_3
              ________      ________      ________      ________      ________
 1                152           153           154           155           156


     STARTING VALUES


           NU
              BMI04         BMI06         BMI09         BMI11         LBS04
              ________      ________      ________      ________      ________
 1              0.000         0.000         0.000         0.000         0.000


           NU
              LBS06         LBS09         LBS11         AGE04         GENDER
              ________      ________      ________      ________      ________
 1              0.000         0.000         0.000         0.000         0.000


           NU
              KCAL04        MET04         SMOKE04       EDUC04        SYSTO04
              ________      ________      ________      ________      ________
 1              0.000         0.000         0.000         0.000         0.000


           NU
              DIASTO04      Q1            Q2            Q3
              ________      ________      ________      ________
 1              0.000         0.000         0.000         0.000


           LAMBDA
              IB            SB            ID            SD            AGE04
              ________      ________      ________      ________      ________
 BMI04          1.000         0.000         0.000         0.000         0.000
 BMI06          1.000         2.000         0.000         0.000         0.000
 BMI09          1.000         5.000         0.000         0.000         0.000
 BMI11          1.000         7.000         0.000         0.000         0.000
 LBS04          0.000         0.000         1.000         0.000         0.000
 LBS06          0.000         0.000         1.000         2.000         0.000
 LBS09          0.000         0.000         1.000         5.000         0.000
 LBS11          0.000         0.000         1.000         7.000         0.000
 AGE04          0.000         0.000         0.000         0.000         1.000
 GENDER         0.000         0.000         0.000         0.000         0.000
 KCAL04         0.000         0.000         0.000         0.000         0.000
 MET04          0.000         0.000         0.000         0.000         0.000
 SMOKE04        0.000         0.000         0.000         0.000         0.000
 EDUC04         0.000         0.000         0.000         0.000         0.000
 SYSTO04        0.000         0.000         0.000         0.000         0.000
 DIASTO04       0.000         0.000         0.000         0.000         0.000
 Q1             0.000         0.000         0.000         0.000         0.000
 Q2             0.000         0.000         0.000         0.000         0.000
 Q3             0.000         0.000         0.000         0.000         0.000


           LAMBDA
              GENDER        KCAL04        MET04         SMOKE04       EDUC04
              ________      ________      ________      ________      ________
 BMI04          0.000         0.000         0.000         0.000         0.000
 BMI06          0.000         0.000         0.000         0.000         0.000
 BMI09          0.000         0.000         0.000         0.000         0.000
 BMI11          0.000         0.000         0.000         0.000         0.000
 LBS04          0.000         0.000         0.000         0.000         0.000
 LBS06          0.000         0.000         0.000         0.000         0.000
 LBS09          0.000         0.000         0.000         0.000         0.000
 LBS11          0.000         0.000         0.000         0.000         0.000
 AGE04          0.000         0.000         0.000         0.000         0.000
 GENDER         1.000         0.000         0.000         0.000         0.000
 KCAL04         0.000         1.000         0.000         0.000         0.000
 MET04          0.000         0.000         1.000         0.000         0.000
 SMOKE04        0.000         0.000         0.000         1.000         0.000
 EDUC04         0.000         0.000         0.000         0.000         1.000
 SYSTO04        0.000         0.000         0.000         0.000         0.000
 DIASTO04       0.000         0.000         0.000         0.000         0.000
 Q1             0.000         0.000         0.000         0.000         0.000
 Q2             0.000         0.000         0.000         0.000         0.000
 Q3             0.000         0.000         0.000         0.000         0.000


           LAMBDA
              SYSTO04       DIASTO04      Q1            Q2            Q3
              ________      ________      ________      ________      ________
 BMI04          0.000         0.000         0.000         0.000         0.000
 BMI06          0.000         0.000         0.000         0.000         0.000
 BMI09          0.000         0.000         0.000         0.000         0.000
 BMI11          0.000         0.000         0.000         0.000         0.000
 LBS04          0.000         0.000         0.000         0.000         0.000
 LBS06          0.000         0.000         0.000         0.000         0.000
 LBS09          0.000         0.000         0.000         0.000         0.000
 LBS11          0.000         0.000         0.000         0.000         0.000
 AGE04          0.000         0.000         0.000         0.000         0.000
 GENDER         0.000         0.000         0.000         0.000         0.000
 KCAL04         0.000         0.000         0.000         0.000         0.000
 MET04          0.000         0.000         0.000         0.000         0.000
 SMOKE04        0.000         0.000         0.000         0.000         0.000
 EDUC04         0.000         0.000         0.000         0.000         0.000
 SYSTO04        1.000         0.000         0.000         0.000         0.000
 DIASTO04       0.000         1.000         0.000         0.000         0.000
 Q1             0.000         0.000         1.000         0.000         0.000
 Q2             0.000         0.000         0.000         1.000         0.000
 Q3             0.000         0.000         0.000         0.000         1.000


           THETA
              BMI04         BMI06         BMI09         BMI11         LBS04
              ________      ________      ________      ________      ________
 BMI04          5.617
 BMI06          0.000         6.364
 BMI09          0.000         0.000         5.891
 BMI11          0.000         0.000         0.000        11.820
 LBS04          0.000         0.000         0.000         0.000        41.027
 LBS06          0.000         0.000         0.000         0.000         0.000
 LBS09          0.000         0.000         0.000         0.000         0.000
 LBS11          0.000         0.000         0.000         0.000         0.000
 AGE04          0.000         0.000         0.000         0.000         0.000
 GENDER         0.000         0.000         0.000         0.000         0.000
 KCAL04         0.000         0.000         0.000         0.000         0.000
 MET04          0.000         0.000         0.000         0.000         0.000
 SMOKE04        0.000         0.000         0.000         0.000         0.000
 EDUC04         0.000         0.000         0.000         0.000         0.000
 SYSTO04        0.000         0.000         0.000         0.000         0.000
 DIASTO04       0.000         0.000         0.000         0.000         0.000
 Q1             0.000         0.000         0.000         0.000         0.000
 Q2             0.000         0.000         0.000         0.000         0.000
 Q3             0.000         0.000         0.000         0.000         0.000


           THETA
              LBS06         LBS09         LBS11         AGE04         GENDER
              ________      ________      ________      ________      ________
 LBS06         33.452
 LBS09          0.000        30.203
 LBS11          0.000         0.000        30.789
 AGE04          0.000         0.000         0.000         0.000
 GENDER         0.000         0.000         0.000         0.000         0.000
 KCAL04         0.000         0.000         0.000         0.000         0.000
 MET04          0.000         0.000         0.000         0.000         0.000
 SMOKE04        0.000         0.000         0.000         0.000         0.000
 EDUC04         0.000         0.000         0.000         0.000         0.000
 SYSTO04        0.000         0.000         0.000         0.000         0.000
 DIASTO04       0.000         0.000         0.000         0.000         0.000
 Q1             0.000         0.000         0.000         0.000         0.000
 Q2             0.000         0.000         0.000         0.000         0.000
 Q3             0.000         0.000         0.000         0.000         0.000


           THETA
              KCAL04        MET04         SMOKE04       EDUC04        SYSTO04
              ________      ________      ________      ________      ________
 KCAL04         0.000
 MET04          0.000         0.000
 SMOKE04        0.000         0.000         0.000
 EDUC04         0.000         0.000         0.000         0.000
 SYSTO04        0.000         0.000         0.000         0.000         0.000
 DIASTO04       0.000         0.000         0.000         0.000         0.000
 Q1             0.000         0.000         0.000         0.000         0.000
 Q2             0.000         0.000         0.000         0.000         0.000
 Q3             0.000         0.000         0.000         0.000         0.000


           THETA
              DIASTO04      Q1            Q2            Q3
              ________      ________      ________      ________
 DIASTO04       0.000
 Q1             0.000         0.000
 Q2             0.000         0.000         0.000
 Q3             0.000         0.000         0.000         0.000


           ALPHA
              IB            SB            ID            SD            AGE04
              ________      ________      ________      ________      ________
 1             23.091         0.035        26.873        -0.590        47.385


           ALPHA
              GENDER        KCAL04        MET04         SMOKE04       EDUC04
              ________      ________      ________      ________      ________
 1              1.519      2188.497       118.186         0.334         1.724


           ALPHA
              SYSTO04       DIASTO04      Q1            Q2            Q3
              ________      ________      ________      ________      ________
 1            122.224        78.671         0.250         0.250         0.250


           BETA
              IB            SB            ID            SD            AGE04
              ________      ________      ________      ________      ________
 IB             0.000         0.000         0.000         0.000         0.000
 SB             0.000         0.000         0.000         0.000         0.000
 ID             0.000         0.000         0.000         0.000         0.000
 SD             0.000         0.000         0.000         0.000         0.000
 AGE04          0.000         0.000         0.000         0.000         0.000
 GENDER         0.000         0.000         0.000         0.000         0.000
 KCAL04         0.000         0.000         0.000         0.000         0.000
 MET04          0.000         0.000         0.000         0.000         0.000
 SMOKE04        0.000         0.000         0.000         0.000         0.000
 EDUC04         0.000         0.000         0.000         0.000         0.000
 SYSTO04        0.000         0.000         0.000         0.000         0.000
 DIASTO04       0.000         0.000         0.000         0.000         0.000
 Q1             0.000         0.000         0.000         0.000         0.000
 Q2             0.000         0.000         0.000         0.000         0.000
 Q3             0.000         0.000         0.000         0.000         0.000


           BETA
              GENDER        KCAL04        MET04         SMOKE04       EDUC04
              ________      ________      ________      ________      ________
 IB             0.000         0.000         0.000         0.000         0.000
 SB             0.000         0.000         0.000         0.000         0.000
 ID             0.000         0.000         0.000         0.000         0.000
 SD             0.000         0.000         0.000         0.000         0.000
 AGE04          0.000         0.000         0.000         0.000         0.000
 GENDER         0.000         0.000         0.000         0.000         0.000
 KCAL04         0.000         0.000         0.000         0.000         0.000
 MET04          0.000         0.000         0.000         0.000         0.000
 SMOKE04        0.000         0.000         0.000         0.000         0.000
 EDUC04         0.000         0.000         0.000         0.000         0.000
 SYSTO04        0.000         0.000         0.000         0.000         0.000
 DIASTO04       0.000         0.000         0.000         0.000         0.000
 Q1             0.000         0.000         0.000         0.000         0.000
 Q2             0.000         0.000         0.000         0.000         0.000
 Q3             0.000         0.000         0.000         0.000         0.000


           BETA
              SYSTO04       DIASTO04      Q1            Q2            Q3
              ________      ________      ________      ________      ________
 IB             0.000         0.000         0.000         0.000         0.000
 SB             0.000         0.000         0.000         0.000         0.000
 ID             0.000         0.000         0.000         0.000         0.000
 SD             0.000         0.000         0.000         0.000         0.000
 AGE04          0.000         0.000         0.000         0.000         0.000
 GENDER         0.000         0.000         0.000         0.000         0.000
 KCAL04         0.000         0.000         0.000         0.000         0.000
 MET04          0.000         0.000         0.000         0.000         0.000
 SMOKE04        0.000         0.000         0.000         0.000         0.000
 EDUC04         0.000         0.000         0.000         0.000         0.000
 SYSTO04        0.000         0.000         0.000         0.000         0.000
 DIASTO04       0.000         0.000         0.000         0.000         0.000
 Q1             0.000         0.000         0.000         0.000         0.000
 Q2             0.000         0.000         0.000         0.000         0.000
 Q3             0.000         0.000         0.000         0.000         0.000


           PSI
              IB            SB            ID            SD            AGE04
              ________      ________      ________      ________      ________
 IB            11.513
 SB             0.000         0.570
 ID             0.000         0.000        80.589
 SD             0.000         0.000         0.000        18.100
 AGE04          0.000         0.000         0.000         0.000       117.749
 GENDER         0.000         0.000         0.000         0.000         0.000
 KCAL04         0.000         0.000         0.000         0.000         0.000
 MET04          0.000         0.000         0.000         0.000         0.000
 SMOKE04        0.000         0.000         0.000         0.000         0.000
 EDUC04         0.000         0.000         0.000         0.000         0.000
 SYSTO04        0.000         0.000         0.000         0.000         0.000
 DIASTO04       0.000         0.000         0.000         0.000         0.000
 Q1             0.000         0.000         0.000         0.000         0.000
 Q2             0.000         0.000         0.000         0.000         0.000
 Q3             0.000         0.000         0.000         0.000         0.000


           PSI
              GENDER        KCAL04        MET04         SMOKE04       EDUC04
              ________      ________      ________      ________      ________
 GENDER         0.125
 KCAL04         0.000    229144.438
 MET04          0.000         0.000      6315.442
 SMOKE04        0.000         0.000         0.000         0.138
 EDUC04         0.000         0.000         0.000         0.000         0.876
 SYSTO04        0.000         0.000         0.000         0.000         0.000
 DIASTO04       0.000         0.000         0.000         0.000         0.000
 Q1             0.000         0.000         0.000         0.000         0.000
 Q2             0.000         0.000         0.000         0.000         0.000
 Q3             0.000         0.000         0.000         0.000         0.000


           PSI
              SYSTO04       DIASTO04      Q1            Q2            Q3
              ________      ________      ________      ________      ________
 SYSTO04      171.913
 DIASTO04       0.000        63.046
 Q1             0.000         0.000         0.094
 Q2             0.000         0.000         0.000         0.094
 Q3             0.000         0.000         0.000         0.000         0.094


     STARTING VALUES FOR THE ADDITIONAL PARAMETERS


           NEW/ADDITIONAL PARAMETERS
              IND1          IND2          IND3          DI1           DI2
              ________      ________      ________      ________      ________
 1              0.500         0.500         0.500         0.500         0.500


           NEW/ADDITIONAL PARAMETERS
              DI3           TO1           TO2           TO3           IND_L_1
              ________      ________      ________      ________      ________
 1              0.500         0.500         0.500         0.500         0.500


           NEW/ADDITIONAL PARAMETERS
              IND_L_2       IND_L_3       IND_S_1       IND_S_2       IND_S_3
              ________      ________      ________      ________      ________
 1              0.500         0.500         0.500         0.500         0.500


TECHNICAL 8 OUTPUT


   E STEP  ITER  LOGLIKELIHOOD    ABS CHANGE   REL CHANGE  ALGORITHM
              1 -0.48055582D+06    0.0000000    0.0000000  EM
              2 -0.43715899D+06 ************    0.0903055  EM
              3 -0.43715899D+06    0.0000000    0.0000000  EM


DIAGRAM INFORMATION

  Use View Diagram under the Diagram menu in the Mplus Editor to view the diagram.
  If running Mplus from the Mplus Diagrammer, the diagram opens automatically.

  Diagram output
    d:\data\dpmedi\mplus\longitudinal\lbs bmi mediation.dgm

     Beginning Time:  14:37:02
        Ending Time:  15:04:29
       Elapsed Time:  00:27:27



MUTHEN & MUTHEN
3463 Stoner Ave.
Los Angeles, CA  90066

Tel: (310) 391-9971
Fax: (310) 391-8971
Web: www.StatModel.com
Support: Support@StatModel.com

Copyright (c) 1998-2015 Muthen & Muthen
