Mplus VERSION 7.4
MUTHEN & MUTHEN
05/16/2019   1:15 PM

INPUT INSTRUCTIONS

  DATA: File is id0411 mplus.csv;

  VARIABLE: Names are IDind WAVE hhid t2 commid age04
                      kcal04 carbo04 fat04 protn04 bmi04
                      hwr04 wc04 diasto04 systo04 smoke04
                      gender educ04 indinc04 index04 met04
                      cmfp04 dash04 ahei04 hbs04 lbs04 dqd04
                      age06 kcal06 carbo06 fat06 protn06 bmi06
                      hwr06 wc06 diasto06 systo06 smoke06
                      educ06 indinc06 index06 met06 cmfp06 dash06
                      ahei06 hbs06 lbs06 dqd06 age09 kcal09 carbo09
                      fat09 protn09 bmi09 hwr09 wc09 diasto09 systo09
                      smoke09 educ09 indinc09 index09 met09 cmfp09
                      dash09 ahei09 hbs09 lbs09 dqd09 age11 kcal11
                      carbo11 fat11 protn11 bmi11 hwr11 wc11 diasto11
                      systo11 smoke11 educ11 indinc11 index11 met11
                      cmfp11 dash11 ahei11 hbs11 lbs11 dqd11 q_index
                       q1 q2 q3 carbo_p protn_p fat_p;

           Usev are  age04 gender kcal04 met04
                     bmi04 bmi06 bmi09 bmi11 smoke04
                     lbs04 lbs06 lbs09 lbs11
                     educ04 systo04 diasto04 q1 q2 q3;


           Missing are all(999);


  ANALYSIS:
  Type=random;
  ALGORITHM=INTEGRATION;
  Estimator=ML;



  MODEL:
  age04 gender kcal04 met04 smoke04
  bmi04 bmi06 bmi09 bmi11 educ04 systo04 diasto04
  lbs04 lbs06 lbs09 lbs11 q1 q2 q3;

  ib sb | bmi04@0 bmi06@2 bmi09@5 bmi11@7;
  id sd | lbs04@0 lbs06@2 lbs09@5 lbs11@7;

  ib with sb;
  id with sd;

  ib-sd on q1 q2 q3 age04 gender met04 kcal04 educ04 systo04 diasto04 smoke04;

  OUTPUT: tech1 tech8 tech4 cinterval;



INPUT READING TERMINATED NORMALLY




SUMMARY OF ANALYSIS

Number of groups                                                 1
Number of observations                                        9547

Number of dependent variables                                    8
Number of independent variables                                 11
Number of continuous latent variables                            4

Observed dependent variables

  Continuous
   BMI04       BMI06       BMI09       BMI11       LBS04       LBS06
   LBS09       LBS11

Observed independent variables
   AGE04       GENDER      KCAL04      MET04       SMOKE04     EDUC04
   SYSTO04     DIASTO04    Q1          Q2          Q3

Continuous latent variables
   IB          SB          ID          SD


Estimator                                                       ML
Information matrix                                        OBSERVED
Optimization Specifications for the Quasi-Newton Algorithm for
Continuous Outcomes
  Maximum number of iterations                                 100
  Convergence criterion                                  0.100D-05
Optimization Specifications for the EM Algorithm
  Maximum number of iterations                                 500
  Convergence criteria
    Loglikelihood change                                 0.100D-02
    Relative loglikelihood change                        0.100D-05
    Derivative                                           0.100D-02
Optimization Specifications for the M step of the EM Algorithm for
Categorical Latent variables
  Number of M step iterations                                    1
  M step convergence criterion                           0.100D-02
  Basis for M step termination                           ITERATION
Optimization Specifications for the M step of the EM Algorithm for
Censored, Binary or Ordered Categorical (Ordinal), Unordered
Categorical (Nominal) and Count Outcomes
  Number of M step iterations                                    1
  M step convergence criterion                           0.100D-02
  Basis for M step termination                           ITERATION
  Maximum value for logit thresholds                            15
  Minimum value for logit thresholds                           -15
  Minimum expected cell size for chi-square              0.100D-01
Maximum number of iterations for H1                           2000
Convergence criterion for H1                             0.100D-03
Optimization algorithm                                         EMA
Integration Specifications
  Type                                                    STANDARD
  Number of integration points                                  15
  Dimensions of numerical integration                            0
  Adaptive quadrature                                           ON
Cholesky                                                       OFF

Input data file(s)
  id0411 mplus.csv
Input data format  FREE


SUMMARY OF DATA

     Number of missing data patterns           197


COVARIANCE COVERAGE OF DATA

Minimum covariance coverage value   0.100


     PROPORTION OF DATA PRESENT FOR Y


           Covariance Coverage
              BMI04         BMI06         BMI09         BMI11         LBS04
              ________      ________      ________      ________      ________
 BMI04          0.928
 BMI06          0.690         0.727
 BMI09          0.589         0.537         0.623
 BMI11          0.533         0.483         0.503         0.564
 LBS04          0.928         0.727         0.623         0.564         1.000
 LBS06          0.721         0.717         0.559         0.504         0.769
 LBS09          0.608         0.553         0.616         0.514         0.648
 LBS11          0.542         0.490         0.507         0.557         0.576
 AGE04          0.928         0.727         0.623         0.564         1.000
 GENDER         0.928         0.727         0.623         0.564         1.000
 KCAL04         0.928         0.727         0.623         0.564         1.000
 MET04          0.848         0.667         0.576         0.523         0.901
 SMOKE04        0.927         0.722         0.619         0.559         0.988
 EDUC04         0.926         0.722         0.618         0.559         0.987
 SYSTO04        0.927         0.698         0.596         0.539         0.939
 DIASTO04       0.927         0.698         0.596         0.539         0.939
 Q1             0.927         0.726         0.622         0.563         0.999
 Q2             0.927         0.726         0.622         0.563         0.999
 Q3             0.927         0.726         0.622         0.563         0.999


           Covariance Coverage
              LBS06         LBS09         LBS11         AGE04         GENDER
              ________      ________      ________      ________      ________
 LBS06          0.769
 LBS09          0.580         0.648
 LBS11          0.513         0.523         0.576
 AGE04          0.769         0.648         0.576         1.000
 GENDER         0.769         0.648         0.576         1.000         1.000
 KCAL04         0.769         0.648         0.576         1.000         1.000
 MET04          0.703         0.597         0.533         0.901         0.901
 SMOKE04        0.764         0.643         0.571         0.988         0.988
 EDUC04         0.763         0.642         0.571         0.987         0.987
 SYSTO04        0.730         0.615         0.549         0.939         0.939
 DIASTO04       0.730         0.615         0.549         0.939         0.939
 Q1             0.768         0.647         0.576         0.999         0.999
 Q2             0.768         0.647         0.576         0.999         0.999
 Q3             0.768         0.647         0.576         0.999         0.999


           Covariance Coverage
              KCAL04        MET04         SMOKE04       EDUC04        SYSTO04
              ________      ________      ________      ________      ________
 KCAL04         1.000
 MET04          0.901         0.901
 SMOKE04        0.988         0.900         0.988
 EDUC04         0.987         0.899         0.986         0.987
 SYSTO04        0.939         0.857         0.937         0.937         0.939
 DIASTO04       0.939         0.857         0.937         0.937         0.939
 Q1             0.999         0.900         0.987         0.986         0.938
 Q2             0.999         0.900         0.987         0.986         0.938
 Q3             0.999         0.900         0.987         0.986         0.938


           Covariance Coverage
              DIASTO04      Q1            Q2            Q3
              ________      ________      ________      ________
 DIASTO04       0.939
 Q1             0.938         0.999
 Q2             0.938         0.999         0.999
 Q3             0.938         0.999         0.999         0.999


     THE STANDARD ERRORS OF THE MODEL PARAMETER ESTIMATES MAY NOT BE
     TRUSTWORTHY FOR SOME PARAMETERS DUE TO A NON-POSITIVE DEFINITE
     FIRST-ORDER DERIVATIVE PRODUCT MATRIX.  THIS MAY BE DUE TO THE STARTING
     VALUES BUT MAY ALSO BE AN INDICATION OF MODEL NONIDENTIFICATION.  THE
     CONDITION NUMBER IS      -0.136D-19.  PROBLEM INVOLVING THE FOLLOWING PARAMETER:
     Parameter 140, Q3 WITH DIASTO04


THE MODEL ESTIMATION TERMINATED NORMALLY



MODEL FIT INFORMATION

Number of Free Parameters                      143

Loglikelihood

          H0 Value                     -437150.138

Information Criteria

          Akaike (AIC)                  874586.277
          Bayesian (BIC)                875610.726
          Sample-Size Adjusted BIC      875156.295
            (n* = (n + 2) / 24)



MODEL RESULTS

                                                    Two-Tailed
                    Estimate       S.E.  Est./S.E.    P-Value

 IB       |
    BMI04              1.000      0.000    999.000    999.000
    BMI06              1.000      0.000    999.000    999.000
    BMI09              1.000      0.000    999.000    999.000
    BMI11              1.000      0.000    999.000    999.000

 SB       |
    BMI04              0.000      0.000    999.000    999.000
    BMI06              2.000      0.000    999.000    999.000
    BMI09              5.000      0.000    999.000    999.000
    BMI11              7.000      0.000    999.000    999.000

 ID       |
    LBS04              1.000      0.000    999.000    999.000
    LBS06              1.000      0.000    999.000    999.000
    LBS09              1.000      0.000    999.000    999.000
    LBS11              1.000      0.000    999.000    999.000

 SD       |
    LBS04              0.000      0.000    999.000    999.000
    LBS06              2.000      0.000    999.000    999.000
    LBS09              5.000      0.000    999.000    999.000
    LBS11              7.000      0.000    999.000    999.000

 IB         ON
    Q1                 0.103      0.094      1.095      0.274
    Q2                 0.675      0.098      6.876      0.000
    Q3                 0.648      0.105      6.165      0.000
    AGE04             -0.002      0.003     -0.557      0.578
    GENDER             0.375      0.086      4.388      0.000
    MET04              0.000      0.000      0.266      0.790
    KCAL04             0.000      0.000      6.697      0.000
    EDUC04             0.052      0.031      1.681      0.093
    SYSTO04            0.025      0.003      8.932      0.000
    DIASTO04           0.058      0.004     13.546      0.000
    SMOKE04           -0.360      0.077     -4.683      0.000

 SB         ON
    Q1                 0.012      0.013      0.922      0.356
    Q2                -0.009      0.014     -0.635      0.526
    Q3                -0.036      0.015     -2.373      0.018
    AGE04             -0.004      0.000     -8.907      0.000
    GENDER            -0.036      0.012     -2.971      0.003
    MET04              0.000      0.000     -0.932      0.351
    KCAL04             0.000      0.000      0.535      0.593
    EDUC04            -0.013      0.004     -2.885      0.004
    SYSTO04           -0.001      0.000     -3.537      0.000
    DIASTO04           0.000      0.001     -0.444      0.657
    SMOKE04           -0.014      0.010     -1.356      0.175

 ID         ON
    Q1                -3.677      0.205    -17.975      0.000
    Q2                -6.290      0.214    -29.451      0.000
    Q3                -9.117      0.231    -39.540      0.000
    AGE04             -0.022      0.006     -3.610      0.000
    GENDER            -0.950      0.189     -5.020      0.000
    MET04              0.001      0.001      0.944      0.345
    KCAL04            -0.002      0.000    -15.441      0.000
    EDUC04            -1.049      0.070    -15.088      0.000
    SYSTO04           -0.003      0.006     -0.456      0.648
    DIASTO04           0.000      0.010     -0.008      0.994
    SMOKE04            0.105      0.174      0.605      0.546

 SD         ON
    Q1                 0.055      0.043      1.273      0.203
    Q2                 0.219      0.046      4.737      0.000
    Q3                 0.210      0.051      4.147      0.000
    AGE04              0.010      0.001      7.015      0.000
    GENDER             0.096      0.041      2.312      0.021
    MET04              0.000      0.000     -1.164      0.244
    KCAL04             0.000      0.000      9.980      0.000
    EDUC04             0.039      0.015      2.560      0.010
    SYSTO04            0.003      0.001      2.252      0.024
    DIASTO04          -0.005      0.002     -2.495      0.013
    SMOKE04           -0.001      0.037     -0.032      0.975

 IB       WITH
    SB                -0.094      0.020     -4.718      0.000

 ID       WITH
    SD                -0.824      0.178     -4.636      0.000
    IB                -1.000      0.237     -4.215      0.000
    SB                 0.146      0.033      4.436      0.000

 SD       WITH
    IB                 0.133      0.052      2.575      0.010
    SB                -0.017      0.007     -2.625      0.009

 GENDER   WITH
    AGE04              0.199      0.078      2.532      0.011

 KCAL04   WITH
    AGE04          -1363.375    107.236    -12.714      0.000
    GENDER           -91.666      3.587    -25.558      0.000

 MET04    WITH
    AGE04           -419.855     19.846    -21.156      0.000
    GENDER            -8.116      0.609    -13.320      0.000
    KCAL04         15915.720    840.584     18.934      0.000

 SMOKE04  WITH
    AGE04              0.283      0.083      3.406      0.001
    GENDER            -0.150      0.003    -48.391      0.000
    KCAL04            57.564      3.701     15.552      0.000
    MET04              4.829      0.634      7.617      0.000

 EDUC04   WITH
    AGE04             -8.184      0.226    -36.282      0.000
    GENDER            -0.129      0.007    -18.681      0.000
    KCAL04            79.015      9.249      8.543      0.000
    MET04             -1.646      1.604     -1.026      0.305
    SMOKE04            0.042      0.007      5.812      0.000

 SYSTO04  WITH
    AGE04            117.534      3.251     36.150      0.000
    GENDER            -0.814      0.098     -8.321      0.000
    KCAL04          -955.900    133.089     -7.182      0.000
    MET04           -276.909     23.388    -11.840      0.000
    SMOKE04            0.673      0.102      6.570      0.000
    EDUC04            -3.727      0.261    -14.253      0.000

 DIASTO04 WITH
    AGE04             35.913      1.871     19.191      0.000
    GENDER            -0.691      0.060    -11.608      0.000
    KCAL04          -283.167     80.637     -3.512      0.000
    MET04            -84.674     13.992     -6.052      0.000
    SMOKE04            0.448      0.062      7.211      0.000
    EDUC04            -0.814      0.157     -5.188      0.000
    SYSTO04          148.459      2.709     54.793      0.000

 Q1       WITH
    AGE04             -0.282      0.068     -4.146      0.000
    GENDER            -0.002      0.002     -0.834      0.404
    KCAL04            13.586      3.004      4.523      0.000
    MET04              5.231      0.521     10.032      0.000
    SMOKE04            0.003      0.002      1.377      0.169
    EDUC04            -0.090      0.006    -15.114      0.000
    SYSTO04           -0.169      0.085     -2.002      0.045
    DIASTO04          -0.067      0.051     -1.305      0.192

 Q2       WITH
    AGE04              0.044      0.068      0.644      0.520
    GENDER             0.000      0.002      0.203      0.839
    KCAL04            -6.235      3.001     -2.077      0.038
    MET04             -5.771      0.529    -10.904      0.000
    SMOKE04            0.001      0.002      0.563      0.573
    EDUC04             0.026      0.006      4.331      0.000
    SYSTO04            0.392      0.084      4.644      0.000
    DIASTO04           0.365      0.051      7.125      0.000
    Q1                -0.063      0.002    -30.889      0.000

 Q3       WITH
    AGE04              0.451      0.068      6.610      0.000
    GENDER             0.003      0.002      1.320      0.187
    KCAL04           -19.117      3.008     -6.356      0.000
    MET04             -9.890      0.534    -18.516      0.000
    SMOKE04           -0.007      0.002     -3.053      0.002
    EDUC04             0.183      0.006     29.483      0.000
    SYSTO04            0.341      0.084      4.067      0.000
    DIASTO04          -0.011      0.051     -0.207      0.836
    Q1                -0.063      0.002    -30.877      0.000
    Q2                -0.062      0.002    -30.848      0.000

 Means
    AGE04             47.385      0.157    301.706      0.000
    GENDER             1.519      0.005    297.033      0.000
    KCAL04          2188.497      6.928    315.871      0.000
    MET04            116.577      1.209     96.404      0.000
    SMOKE04            0.335      0.005     61.990      0.000
    EDUC04             1.726      0.014    126.851      0.000
    SYSTO04          122.076      0.195    625.634      0.000
    DIASTO04          78.634      0.118    664.189      0.000
    Q1                 0.250      0.004     56.365      0.000
    Q2                 0.250      0.004     56.411      0.000
    Q3                 0.250      0.004     56.446      0.000

 Intercepts
    BMI04              0.000      0.000    999.000    999.000
    BMI06              0.000      0.000    999.000    999.000
    BMI09              0.000      0.000    999.000    999.000
    BMI11              0.000      0.000    999.000    999.000
    LBS04              0.000      0.000    999.000    999.000
    LBS06              0.000      0.000    999.000    999.000
    LBS09              0.000      0.000    999.000    999.000
    LBS11              0.000      0.000    999.000    999.000
    IB                13.793      0.373     36.935      0.000
    SB                 0.517      0.054      9.590      0.000
    ID                40.412      0.834     48.439      0.000
    SD                -1.842      0.184     -9.990      0.000

 Variances
    AGE04            235.499      3.409     69.091      0.000
    GENDER             0.250      0.004     69.091      0.000
    KCAL04         *********   6633.166     69.091      0.000
    MET04          12715.664    194.829     65.266      0.000
    SMOKE04            0.276      0.004     68.711      0.000
    EDUC04             1.753      0.026     68.652      0.000
    SYSTO04          345.145      5.166     66.813      0.000
    DIASTO04         126.195      1.886     66.904      0.000
    Q1                 0.188      0.003     69.056      0.000
    Q2                 0.188      0.003     69.060      0.000
    Q3                 0.188      0.003     69.022      0.000

 Residual Variances
    BMI04              0.964      0.072     13.431      0.000
    BMI06              3.135      0.070     44.867      0.000
    BMI09              1.529      0.071     21.498      0.000
    BMI11             13.585      0.292     46.485      0.000
    LBS04             51.553      1.185     43.488      0.000
    LBS06             40.332      0.825     48.893      0.000
    LBS09             36.611      0.822     44.532      0.000
    LBS11             39.513      1.187     33.279      0.000
    IB                 9.119      0.161     56.703      0.000
    SB                 0.046      0.004     10.792      0.000
    ID                13.953      0.955     14.610      0.000
    SD                 0.205      0.043      4.772      0.000


QUALITY OF NUMERICAL RESULTS

     Condition Number for the Information Matrix             -0.136E-19
       (ratio of smallest to largest eigenvalue)


CONFIDENCE INTERVALS OF MODEL RESULTS

                  Lower .5%  Lower 2.5%    Lower 5%    Estimate    Upper 5%  Upper 2.5%   Upper .5%

 IB       |
    BMI04            1.000       1.000       1.000       1.000       1.000       1.000       1.000
    BMI06            1.000       1.000       1.000       1.000       1.000       1.000       1.000
    BMI09            1.000       1.000       1.000       1.000       1.000       1.000       1.000
    BMI11            1.000       1.000       1.000       1.000       1.000       1.000       1.000

 SB       |
    BMI04            0.000       0.000       0.000       0.000       0.000       0.000       0.000
    BMI06            2.000       2.000       2.000       2.000       2.000       2.000       2.000
    BMI09            5.000       5.000       5.000       5.000       5.000       5.000       5.000
    BMI11            7.000       7.000       7.000       7.000       7.000       7.000       7.000

 ID       |
    LBS04            1.000       1.000       1.000       1.000       1.000       1.000       1.000
    LBS06            1.000       1.000       1.000       1.000       1.000       1.000       1.000
    LBS09            1.000       1.000       1.000       1.000       1.000       1.000       1.000
    LBS11            1.000       1.000       1.000       1.000       1.000       1.000       1.000

 SD       |
    LBS04            0.000       0.000       0.000       0.000       0.000       0.000       0.000
    LBS06            2.000       2.000       2.000       2.000       2.000       2.000       2.000
    LBS09            5.000       5.000       5.000       5.000       5.000       5.000       5.000
    LBS11            7.000       7.000       7.000       7.000       7.000       7.000       7.000

 IB       ON
    Q1              -0.140      -0.082      -0.052       0.103       0.258       0.288       0.346
    Q2               0.422       0.483       0.514       0.675       0.837       0.868       0.928
    Q3               0.377       0.442       0.475       0.648       0.821       0.854       0.919
    AGE04           -0.009      -0.007      -0.006      -0.002       0.003       0.004       0.006
    GENDER           0.155       0.208       0.235       0.375       0.516       0.543       0.596
    MET04           -0.001      -0.001       0.000       0.000       0.001       0.001       0.001
    KCAL04           0.000       0.000       0.000       0.000       0.000       0.000       0.000
    EDUC04          -0.028      -0.009       0.001       0.052       0.103       0.113       0.132
    SYSTO04          0.018       0.019       0.020       0.025       0.029       0.030       0.032
    DIASTO04         0.047       0.050       0.051       0.058       0.065       0.067       0.069
    SMOKE04         -0.558      -0.510      -0.486      -0.360      -0.233      -0.209      -0.162

 SB       ON
    Q1              -0.021      -0.013      -0.009       0.012       0.033       0.037       0.044
    Q2              -0.044      -0.035      -0.031      -0.009       0.014       0.018       0.026
    Q3              -0.074      -0.065      -0.060      -0.036      -0.011      -0.006       0.003
    AGE04           -0.005      -0.004      -0.004      -0.004      -0.003      -0.003      -0.003
    GENDER          -0.067      -0.060      -0.056      -0.036      -0.016      -0.012      -0.005
    MET04            0.000       0.000       0.000       0.000       0.000       0.000       0.000
    KCAL04           0.000       0.000       0.000       0.000       0.000       0.000       0.000
    EDUC04          -0.024      -0.022      -0.020      -0.013      -0.006      -0.004      -0.001
    SYSTO04         -0.002      -0.002      -0.002      -0.001      -0.001      -0.001       0.000
    DIASTO04        -0.002      -0.001      -0.001       0.000       0.001       0.001       0.001
    SMOKE04         -0.041      -0.035      -0.031      -0.014       0.003       0.006       0.013

 ID       ON
    Q1              -4.204      -4.078      -4.013      -3.677      -3.340      -3.276      -3.150
    Q2              -6.840      -6.708      -6.641      -6.290      -5.938      -5.871      -5.740
    Q3              -9.711      -9.569      -9.496      -9.117      -8.738      -8.665      -8.523
    AGE04           -0.037      -0.034      -0.032      -0.022      -0.012      -0.010      -0.006
    GENDER          -1.437      -1.321      -1.261      -0.950      -0.639      -0.579      -0.463
    MET04           -0.001      -0.001      -0.001       0.001       0.002       0.002       0.003
    KCAL04          -0.002      -0.002      -0.002      -0.002      -0.002      -0.002      -0.001
    EDUC04          -1.228      -1.185      -1.163      -1.049      -0.935      -0.913      -0.870
    SYSTO04         -0.019      -0.015      -0.013      -0.003       0.008       0.010       0.013
    DIASTO04        -0.025      -0.019      -0.016       0.000       0.016       0.019       0.025
    SMOKE04         -0.343      -0.236      -0.181       0.105       0.391       0.446       0.553

 SD       ON
    Q1              -0.057      -0.030      -0.016       0.055       0.127       0.140       0.167
    Q2               0.100       0.128       0.143       0.219       0.295       0.310       0.338
    Q3               0.080       0.111       0.127       0.210       0.294       0.310       0.341
    AGE04            0.006       0.007       0.007       0.010       0.012       0.012       0.013
    GENDER          -0.011       0.015       0.028       0.096       0.164       0.177       0.203
    MET04           -0.001       0.000       0.000       0.000       0.000       0.000       0.000
    KCAL04           0.000       0.000       0.000       0.000       0.000       0.000       0.000
    EDUC04           0.000       0.009       0.014       0.039       0.064       0.069       0.079
    SYSTO04          0.000       0.000       0.001       0.003       0.005       0.006       0.007
    DIASTO04        -0.011      -0.010      -0.009      -0.005      -0.002      -0.001       0.000
    SMOKE04         -0.097      -0.074      -0.063      -0.001       0.060       0.072       0.095

 IB       WITH
    SB              -0.145      -0.133      -0.126      -0.094      -0.061      -0.055      -0.043

 ID       WITH
    SD              -1.282      -1.173      -1.117      -0.824      -0.532      -0.476      -0.366
    IB              -1.611      -1.465      -1.390      -1.000      -0.610      -0.535      -0.389
    SB               0.061       0.082       0.092       0.146       0.200       0.211       0.231

 SD       WITH
    IB               0.000       0.032       0.048       0.133       0.218       0.234       0.266
    SB              -0.034      -0.030      -0.028      -0.017      -0.006      -0.004       0.000

 GENDER   WITH
    AGE04           -0.003       0.045       0.070       0.199       0.328       0.353       0.401

 KCAL04   WITH
    AGE04        -1639.592   -1573.556   -1539.777   -1363.375   -1186.972   -1153.193   -1087.157
    GENDER        -100.904     -98.695     -97.566     -91.666     -85.766     -84.636     -82.427

 MET04    WITH
    AGE04         -470.974    -458.753    -452.501    -419.855    -387.208    -380.957    -368.735
    GENDER          -9.686      -9.310      -9.118      -8.116      -7.114      -6.922      -6.546
    KCAL04       13750.543   14268.175   14532.959   15915.720   17298.480   17563.264   18080.896

 SMOKE04  WITH
    AGE04            0.069       0.120       0.146       0.283       0.420       0.446       0.497
    GENDER          -0.158      -0.156      -0.155      -0.150      -0.145      -0.144      -0.142
    KCAL04          48.030      50.309      51.475      57.564      63.653      64.819      67.099
    MET04            3.196       3.587       3.787       4.829       5.872       6.072       6.463

 EDUC04   WITH
    AGE04           -8.765      -8.627      -8.556      -8.184      -7.813      -7.742      -7.603
    GENDER          -0.147      -0.143      -0.141      -0.129      -0.118      -0.116      -0.112
    KCAL04          55.192      60.887      63.801      79.015      94.230      97.143     102.839
    MET04           -5.779      -4.791      -4.285      -1.646       0.993       1.499       2.487
    SMOKE04          0.023       0.028       0.030       0.042       0.054       0.056       0.060

 SYSTO04  WITH
    AGE04          109.160     111.162     112.186     117.534     122.883     123.907     125.909
    GENDER          -1.066      -1.006      -0.975      -0.814      -0.653      -0.622      -0.562
    KCAL04       -1298.710   -1216.754   -1174.831    -955.900    -736.968    -695.045    -613.089
    MET04         -337.152    -322.750    -315.382    -276.909    -238.436    -231.069    -216.667
    SMOKE04          0.409       0.472       0.505       0.673       0.842       0.874       0.937
    EDUC04          -4.400      -4.239      -4.157      -3.727      -3.297      -3.214      -3.053

 DIASTO04 WITH
    AGE04           31.093      32.246      32.835      35.913      38.992      39.581      40.734
    GENDER          -0.845      -0.808      -0.789      -0.691      -0.593      -0.574      -0.538
    KCAL04        -490.873    -441.216    -415.816    -283.167    -150.519    -125.118     -75.462
    MET04         -120.715    -112.099    -107.692     -84.674     -61.657     -57.250     -48.633
    SMOKE04          0.288       0.326       0.346       0.448       0.550       0.570       0.608
    EDUC04          -1.219      -1.122      -1.072      -0.814      -0.556      -0.507      -0.410
    SYSTO04        141.481     143.149     144.002     148.459     152.917     153.770     155.438

 Q1       WITH
    AGE04           -0.458      -0.416      -0.394      -0.282      -0.170      -0.149      -0.107
    GENDER          -0.008      -0.006      -0.005      -0.002       0.002       0.002       0.004
    KCAL04           5.848       7.698       8.644      13.586      18.528      19.474      21.324
    MET04            3.888       4.209       4.373       5.231       6.089       6.253       6.574
    SMOKE04         -0.003      -0.001      -0.001       0.003       0.007       0.008       0.009
    EDUC04          -0.106      -0.102      -0.100      -0.090      -0.080      -0.079      -0.075
    SYSTO04         -0.387      -0.335      -0.308      -0.169      -0.030      -0.004       0.048
    DIASTO04        -0.199      -0.167      -0.151      -0.067       0.017       0.034       0.065

 Q2       WITH
    AGE04           -0.131      -0.090      -0.068       0.044       0.156       0.177       0.219
    GENDER          -0.005      -0.004      -0.003       0.000       0.004       0.005       0.006
    KCAL04         -13.966     -12.118     -11.173      -6.235      -1.298      -0.352       1.496
    MET04           -7.134      -6.808      -6.641      -5.771      -4.900      -4.733      -4.407
    SMOKE04         -0.005      -0.003      -0.003       0.001       0.005       0.006       0.007
    EDUC04           0.010       0.014       0.016       0.026       0.035       0.037       0.041
    SYSTO04          0.175       0.227       0.253       0.392       0.531       0.558       0.610
    DIASTO04         0.233       0.265       0.281       0.365       0.450       0.466       0.498
    Q1              -0.068      -0.066      -0.066      -0.063      -0.059      -0.059      -0.057

 Q3       WITH
    AGE04            0.275       0.317       0.339       0.451       0.563       0.584       0.626
    GENDER          -0.003      -0.001      -0.001       0.003       0.007       0.007       0.009
    KCAL04         -26.864     -25.012     -24.065     -19.117     -14.169     -13.221     -11.369
    MET04          -11.266     -10.937     -10.769      -9.890      -9.011      -8.843      -8.514
    SMOKE04         -0.013      -0.012      -0.011      -0.007      -0.003      -0.003      -0.001
    EDUC04           0.167       0.170       0.172       0.183       0.193       0.195       0.198
    SYSTO04          0.125       0.177       0.203       0.341       0.480       0.506       0.558
    DIASTO04        -0.142      -0.110      -0.094      -0.011       0.073       0.089       0.120
    Q1              -0.068      -0.067      -0.066      -0.063      -0.059      -0.059      -0.057
    Q2              -0.068      -0.066      -0.066      -0.062      -0.059      -0.058      -0.057

 Means
    AGE04           46.981      47.078      47.127      47.385      47.644      47.693      47.790
    GENDER           1.506       1.509       1.510       1.519       1.527       1.529       1.532
    KCAL04        2170.651    2174.917    2177.100    2188.497    2199.894    2202.077    2206.343
    MET04          113.463     114.207     114.588     116.577     118.567     118.948     119.692
    SMOKE04          0.321       0.324       0.326       0.335       0.344       0.345       0.349
    EDUC04           1.691       1.700       1.704       1.726       1.749       1.753       1.762
    SYSTO04        121.574     121.694     121.756     122.076     122.397     122.459     122.579
    DIASTO04        78.329      78.402      78.439      78.634      78.829      78.866      78.939
    Q1               0.238       0.241       0.243       0.250       0.257       0.259       0.261
    Q2               0.239       0.241       0.243       0.250       0.257       0.259       0.262
    Q3               0.239       0.242       0.243       0.250       0.258       0.259       0.262

 Intercepts
    BMI04            0.000       0.000       0.000       0.000       0.000       0.000       0.000
    BMI06            0.000       0.000       0.000       0.000       0.000       0.000       0.000
    BMI09            0.000       0.000       0.000       0.000       0.000       0.000       0.000
    BMI11            0.000       0.000       0.000       0.000       0.000       0.000       0.000
    LBS04            0.000       0.000       0.000       0.000       0.000       0.000       0.000
    LBS06            0.000       0.000       0.000       0.000       0.000       0.000       0.000
    LBS09            0.000       0.000       0.000       0.000       0.000       0.000       0.000
    LBS11            0.000       0.000       0.000       0.000       0.000       0.000       0.000
    IB              12.831      13.061      13.179      13.793      14.407      14.525      14.755
    SB               0.378       0.411       0.428       0.517       0.606       0.623       0.656
    ID              38.263      38.777      39.040      40.412      41.784      42.047      42.561
    SD              -2.316      -2.203      -2.145      -1.842      -1.538      -1.480      -1.367

 Variances
    AGE04          226.719     228.818     229.892     235.499     241.106     242.180     244.279
    GENDER           0.240       0.243       0.244       0.250       0.256       0.257       0.259
    KCAL04       *********  445287.875  447377.312  458288.875  469200.438  471289.875  475374.594
    MET04        12213.823   12333.799   12395.170   12715.664   13036.158   13097.529   13217.505
    SMOKE04          0.266       0.268       0.269       0.276       0.283       0.284       0.286
    EDUC04           1.688       1.703       1.711       1.753       1.795       1.804       1.819
    SYSTO04        331.839     335.020     336.648     345.145     353.643     355.271     358.452
    DIASTO04       121.336     122.498     123.092     126.195     129.298     129.892     131.053
    Q1               0.181       0.182       0.183       0.188       0.192       0.193       0.195
    Q2               0.181       0.182       0.183       0.188       0.192       0.193       0.195
    Q3               0.181       0.182       0.183       0.188       0.192       0.193       0.195

 Residual Variances
    BMI04            0.779       0.823       0.846       0.964       1.082       1.104       1.148
    BMI06            2.955       2.998       3.021       3.135       3.250       3.272       3.315
    BMI09            1.346       1.390       1.412       1.529       1.647       1.669       1.713
    BMI11           12.832      13.012      13.104      13.585      14.065      14.157      14.337
    LBS04           48.500      49.230      49.603      51.553      53.504      53.877      54.607
    LBS06           38.207      38.715      38.975      40.332      41.689      41.949      42.457
    LBS09           34.493      34.999      35.258      36.611      37.963      38.222      38.728
    LBS11           36.455      37.186      37.560      39.513      41.466      41.840      42.571
    IB               8.705       8.804       8.855       9.119       9.384       9.435       9.534
    SB               0.035       0.038       0.039       0.046       0.053       0.055       0.057
    ID              11.493      12.081      12.382      13.953      15.524      15.824      16.412
    SD               0.094       0.121       0.135       0.205       0.276       0.290       0.316


TECHNICAL 1 OUTPUT


     PARAMETER SPECIFICATION


           NU
              BMI04         BMI06         BMI09         BMI11         LBS04
              ________      ________      ________      ________      ________
 1                  0             0             0             0             0


           NU
              LBS06         LBS09         LBS11         AGE04         GENDER
              ________      ________      ________      ________      ________
 1                  0             0             0             0             0


           NU
              KCAL04        MET04         SMOKE04       EDUC04        SYSTO04
              ________      ________      ________      ________      ________
 1                  0             0             0             0             0


           NU
              DIASTO04      Q1            Q2            Q3
              ________      ________      ________      ________
 1                  0             0             0             0


           LAMBDA
              IB            SB            ID            SD            AGE04
              ________      ________      ________      ________      ________
 BMI04              0             0             0             0             0
 BMI06              0             0             0             0             0
 BMI09              0             0             0             0             0
 BMI11              0             0             0             0             0
 LBS04              0             0             0             0             0
 LBS06              0             0             0             0             0
 LBS09              0             0             0             0             0
 LBS11              0             0             0             0             0
 AGE04              0             0             0             0             0
 GENDER             0             0             0             0             0
 KCAL04             0             0             0             0             0
 MET04              0             0             0             0             0
 SMOKE04            0             0             0             0             0
 EDUC04             0             0             0             0             0
 SYSTO04            0             0             0             0             0
 DIASTO04           0             0             0             0             0
 Q1                 0             0             0             0             0
 Q2                 0             0             0             0             0
 Q3                 0             0             0             0             0


           LAMBDA
              GENDER        KCAL04        MET04         SMOKE04       EDUC04
              ________      ________      ________      ________      ________
 BMI04              0             0             0             0             0
 BMI06              0             0             0             0             0
 BMI09              0             0             0             0             0
 BMI11              0             0             0             0             0
 LBS04              0             0             0             0             0
 LBS06              0             0             0             0             0
 LBS09              0             0             0             0             0
 LBS11              0             0             0             0             0
 AGE04              0             0             0             0             0
 GENDER             0             0             0             0             0
 KCAL04             0             0             0             0             0
 MET04              0             0             0             0             0
 SMOKE04            0             0             0             0             0
 EDUC04             0             0             0             0             0
 SYSTO04            0             0             0             0             0
 DIASTO04           0             0             0             0             0
 Q1                 0             0             0             0             0
 Q2                 0             0             0             0             0
 Q3                 0             0             0             0             0


           LAMBDA
              SYSTO04       DIASTO04      Q1            Q2            Q3
              ________      ________      ________      ________      ________
 BMI04              0             0             0             0             0
 BMI06              0             0             0             0             0
 BMI09              0             0             0             0             0
 BMI11              0             0             0             0             0
 LBS04              0             0             0             0             0
 LBS06              0             0             0             0             0
 LBS09              0             0             0             0             0
 LBS11              0             0             0             0             0
 AGE04              0             0             0             0             0
 GENDER             0             0             0             0             0
 KCAL04             0             0             0             0             0
 MET04              0             0             0             0             0
 SMOKE04            0             0             0             0             0
 EDUC04             0             0             0             0             0
 SYSTO04            0             0             0             0             0
 DIASTO04           0             0             0             0             0
 Q1                 0             0             0             0             0
 Q2                 0             0             0             0             0
 Q3                 0             0             0             0             0


           THETA
              BMI04         BMI06         BMI09         BMI11         LBS04
              ________      ________      ________      ________      ________
 BMI04              1
 BMI06              0             2
 BMI09              0             0             3
 BMI11              0             0             0             4
 LBS04              0             0             0             0             5
 LBS06              0             0             0             0             0
 LBS09              0             0             0             0             0
 LBS11              0             0             0             0             0
 AGE04              0             0             0             0             0
 GENDER             0             0             0             0             0
 KCAL04             0             0             0             0             0
 MET04              0             0             0             0             0
 SMOKE04            0             0             0             0             0
 EDUC04             0             0             0             0             0
 SYSTO04            0             0             0             0             0
 DIASTO04           0             0             0             0             0
 Q1                 0             0             0             0             0
 Q2                 0             0             0             0             0
 Q3                 0             0             0             0             0


           THETA
              LBS06         LBS09         LBS11         AGE04         GENDER
              ________      ________      ________      ________      ________
 LBS06              6
 LBS09              0             7
 LBS11              0             0             8
 AGE04              0             0             0             0
 GENDER             0             0             0             0             0
 KCAL04             0             0             0             0             0
 MET04              0             0             0             0             0
 SMOKE04            0             0             0             0             0
 EDUC04             0             0             0             0             0
 SYSTO04            0             0             0             0             0
 DIASTO04           0             0             0             0             0
 Q1                 0             0             0             0             0
 Q2                 0             0             0             0             0
 Q3                 0             0             0             0             0


           THETA
              KCAL04        MET04         SMOKE04       EDUC04        SYSTO04
              ________      ________      ________      ________      ________
 KCAL04             0
 MET04              0             0
 SMOKE04            0             0             0
 EDUC04             0             0             0             0
 SYSTO04            0             0             0             0             0
 DIASTO04           0             0             0             0             0
 Q1                 0             0             0             0             0
 Q2                 0             0             0             0             0
 Q3                 0             0             0             0             0


           THETA
              DIASTO04      Q1            Q2            Q3
              ________      ________      ________      ________
 DIASTO04           0
 Q1                 0             0
 Q2                 0             0             0
 Q3                 0             0             0             0


           ALPHA
              IB            SB            ID            SD            AGE04
              ________      ________      ________      ________      ________
 1                  9            10            11            12            13


           ALPHA
              GENDER        KCAL04        MET04         SMOKE04       EDUC04
              ________      ________      ________      ________      ________
 1                 14            15            16            17            18


           ALPHA
              SYSTO04       DIASTO04      Q1            Q2            Q3
              ________      ________      ________      ________      ________
 1                 19            20            21            22            23


           BETA
              IB            SB            ID            SD            AGE04
              ________      ________      ________      ________      ________
 IB                 0             0             0             0            24
 SB                 0             0             0             0            35
 ID                 0             0             0             0            46
 SD                 0             0             0             0            57
 AGE04              0             0             0             0             0
 GENDER             0             0             0             0             0
 KCAL04             0             0             0             0             0
 MET04              0             0             0             0             0
 SMOKE04            0             0             0             0             0
 EDUC04             0             0             0             0             0
 SYSTO04            0             0             0             0             0
 DIASTO04           0             0             0             0             0
 Q1                 0             0             0             0             0
 Q2                 0             0             0             0             0
 Q3                 0             0             0             0             0


           BETA
              GENDER        KCAL04        MET04         SMOKE04       EDUC04
              ________      ________      ________      ________      ________
 IB                25            26            27            28            29
 SB                36            37            38            39            40
 ID                47            48            49            50            51
 SD                58            59            60            61            62
 AGE04              0             0             0             0             0
 GENDER             0             0             0             0             0
 KCAL04             0             0             0             0             0
 MET04              0             0             0             0             0
 SMOKE04            0             0             0             0             0
 EDUC04             0             0             0             0             0
 SYSTO04            0             0             0             0             0
 DIASTO04           0             0             0             0             0
 Q1                 0             0             0             0             0
 Q2                 0             0             0             0             0
 Q3                 0             0             0             0             0


           BETA
              SYSTO04       DIASTO04      Q1            Q2            Q3
              ________      ________      ________      ________      ________
 IB                30            31            32            33            34
 SB                41            42            43            44            45
 ID                52            53            54            55            56
 SD                63            64            65            66            67
 AGE04              0             0             0             0             0
 GENDER             0             0             0             0             0
 KCAL04             0             0             0             0             0
 MET04              0             0             0             0             0
 SMOKE04            0             0             0             0             0
 EDUC04             0             0             0             0             0
 SYSTO04            0             0             0             0             0
 DIASTO04           0             0             0             0             0
 Q1                 0             0             0             0             0
 Q2                 0             0             0             0             0
 Q3                 0             0             0             0             0


           PSI
              IB            SB            ID            SD            AGE04
              ________      ________      ________      ________      ________
 IB                68
 SB                69            70
 ID                71            72            73
 SD                74            75            76            77
 AGE04              0             0             0             0            78
 GENDER             0             0             0             0            79
 KCAL04             0             0             0             0            81
 MET04              0             0             0             0            84
 SMOKE04            0             0             0             0            88
 EDUC04             0             0             0             0            93
 SYSTO04            0             0             0             0            99
 DIASTO04           0             0             0             0           106
 Q1                 0             0             0             0           114
 Q2                 0             0             0             0           123
 Q3                 0             0             0             0           133


           PSI
              GENDER        KCAL04        MET04         SMOKE04       EDUC04
              ________      ________      ________      ________      ________
 GENDER            80
 KCAL04            82            83
 MET04             85            86            87
 SMOKE04           89            90            91            92
 EDUC04            94            95            96            97            98
 SYSTO04          100           101           102           103           104
 DIASTO04         107           108           109           110           111
 Q1               115           116           117           118           119
 Q2               124           125           126           127           128
 Q3               134           135           136           137           138


           PSI
              SYSTO04       DIASTO04      Q1            Q2            Q3
              ________      ________      ________      ________      ________
 SYSTO04          105
 DIASTO04         112           113
 Q1               120           121           122
 Q2               129           130           131           132
 Q3               139           140           141           142           143


     STARTING VALUES


           NU
              BMI04         BMI06         BMI09         BMI11         LBS04
              ________      ________      ________      ________      ________
 1              0.000         0.000         0.000         0.000         0.000


           NU
              LBS06         LBS09         LBS11         AGE04         GENDER
              ________      ________      ________      ________      ________
 1              0.000         0.000         0.000         0.000         0.000


           NU
              KCAL04        MET04         SMOKE04       EDUC04        SYSTO04
              ________      ________      ________      ________      ________
 1              0.000         0.000         0.000         0.000         0.000


           NU
              DIASTO04      Q1            Q2            Q3
              ________      ________      ________      ________
 1              0.000         0.000         0.000         0.000


           LAMBDA
              IB            SB            ID            SD            AGE04
              ________      ________      ________      ________      ________
 BMI04          1.000         0.000         0.000         0.000         0.000
 BMI06          1.000         2.000         0.000         0.000         0.000
 BMI09          1.000         5.000         0.000         0.000         0.000
 BMI11          1.000         7.000         0.000         0.000         0.000
 LBS04          0.000         0.000         1.000         0.000         0.000
 LBS06          0.000         0.000         1.000         2.000         0.000
 LBS09          0.000         0.000         1.000         5.000         0.000
 LBS11          0.000         0.000         1.000         7.000         0.000
 AGE04          0.000         0.000         0.000         0.000         1.000
 GENDER         0.000         0.000         0.000         0.000         0.000
 KCAL04         0.000         0.000         0.000         0.000         0.000
 MET04          0.000         0.000         0.000         0.000         0.000
 SMOKE04        0.000         0.000         0.000         0.000         0.000
 EDUC04         0.000         0.000         0.000         0.000         0.000
 SYSTO04        0.000         0.000         0.000         0.000         0.000
 DIASTO04       0.000         0.000         0.000         0.000         0.000
 Q1             0.000         0.000         0.000         0.000         0.000
 Q2             0.000         0.000         0.000         0.000         0.000
 Q3             0.000         0.000         0.000         0.000         0.000


           LAMBDA
              GENDER        KCAL04        MET04         SMOKE04       EDUC04
              ________      ________      ________      ________      ________
 BMI04          0.000         0.000         0.000         0.000         0.000
 BMI06          0.000         0.000         0.000         0.000         0.000
 BMI09          0.000         0.000         0.000         0.000         0.000
 BMI11          0.000         0.000         0.000         0.000         0.000
 LBS04          0.000         0.000         0.000         0.000         0.000
 LBS06          0.000         0.000         0.000         0.000         0.000
 LBS09          0.000         0.000         0.000         0.000         0.000
 LBS11          0.000         0.000         0.000         0.000         0.000
 AGE04          0.000         0.000         0.000         0.000         0.000
 GENDER         1.000         0.000         0.000         0.000         0.000
 KCAL04         0.000         1.000         0.000         0.000         0.000
 MET04          0.000         0.000         1.000         0.000         0.000
 SMOKE04        0.000         0.000         0.000         1.000         0.000
 EDUC04         0.000         0.000         0.000         0.000         1.000
 SYSTO04        0.000         0.000         0.000         0.000         0.000
 DIASTO04       0.000         0.000         0.000         0.000         0.000
 Q1             0.000         0.000         0.000         0.000         0.000
 Q2             0.000         0.000         0.000         0.000         0.000
 Q3             0.000         0.000         0.000         0.000         0.000


           LAMBDA
              SYSTO04       DIASTO04      Q1            Q2            Q3
              ________      ________      ________      ________      ________
 BMI04          0.000         0.000         0.000         0.000         0.000
 BMI06          0.000         0.000         0.000         0.000         0.000
 BMI09          0.000         0.000         0.000         0.000         0.000
 BMI11          0.000         0.000         0.000         0.000         0.000
 LBS04          0.000         0.000         0.000         0.000         0.000
 LBS06          0.000         0.000         0.000         0.000         0.000
 LBS09          0.000         0.000         0.000         0.000         0.000
 LBS11          0.000         0.000         0.000         0.000         0.000
 AGE04          0.000         0.000         0.000         0.000         0.000
 GENDER         0.000         0.000         0.000         0.000         0.000
 KCAL04         0.000         0.000         0.000         0.000         0.000
 MET04          0.000         0.000         0.000         0.000         0.000
 SMOKE04        0.000         0.000         0.000         0.000         0.000
 EDUC04         0.000         0.000         0.000         0.000         0.000
 SYSTO04        1.000         0.000         0.000         0.000         0.000
 DIASTO04       0.000         1.000         0.000         0.000         0.000
 Q1             0.000         0.000         1.000         0.000         0.000
 Q2             0.000         0.000         0.000         1.000         0.000
 Q3             0.000         0.000         0.000         0.000         1.000


           THETA
              BMI04         BMI06         BMI09         BMI11         LBS04
              ________      ________      ________      ________      ________
 BMI04          5.617
 BMI06          0.000         6.364
 BMI09          0.000         0.000         5.891
 BMI11          0.000         0.000         0.000        11.820
 LBS04          0.000         0.000         0.000         0.000        41.027
 LBS06          0.000         0.000         0.000         0.000         0.000
 LBS09          0.000         0.000         0.000         0.000         0.000
 LBS11          0.000         0.000         0.000         0.000         0.000
 AGE04          0.000         0.000         0.000         0.000         0.000
 GENDER         0.000         0.000         0.000         0.000         0.000
 KCAL04         0.000         0.000         0.000         0.000         0.000
 MET04          0.000         0.000         0.000         0.000         0.000
 SMOKE04        0.000         0.000         0.000         0.000         0.000
 EDUC04         0.000         0.000         0.000         0.000         0.000
 SYSTO04        0.000         0.000         0.000         0.000         0.000
 DIASTO04       0.000         0.000         0.000         0.000         0.000
 Q1             0.000         0.000         0.000         0.000         0.000
 Q2             0.000         0.000         0.000         0.000         0.000
 Q3             0.000         0.000         0.000         0.000         0.000


           THETA
              LBS06         LBS09         LBS11         AGE04         GENDER
              ________      ________      ________      ________      ________
 LBS06         33.452
 LBS09          0.000        30.203
 LBS11          0.000         0.000        30.789
 AGE04          0.000         0.000         0.000         0.000
 GENDER         0.000         0.000         0.000         0.000         0.000
 KCAL04         0.000         0.000         0.000         0.000         0.000
 MET04          0.000         0.000         0.000         0.000         0.000
 SMOKE04        0.000         0.000         0.000         0.000         0.000
 EDUC04         0.000         0.000         0.000         0.000         0.000
 SYSTO04        0.000         0.000         0.000         0.000         0.000
 DIASTO04       0.000         0.000         0.000         0.000         0.000
 Q1             0.000         0.000         0.000         0.000         0.000
 Q2             0.000         0.000         0.000         0.000         0.000
 Q3             0.000         0.000         0.000         0.000         0.000


           THETA
              KCAL04        MET04         SMOKE04       EDUC04        SYSTO04
              ________      ________      ________      ________      ________
 KCAL04         0.000
 MET04          0.000         0.000
 SMOKE04        0.000         0.000         0.000
 EDUC04         0.000         0.000         0.000         0.000
 SYSTO04        0.000         0.000         0.000         0.000         0.000
 DIASTO04       0.000         0.000         0.000         0.000         0.000
 Q1             0.000         0.000         0.000         0.000         0.000
 Q2             0.000         0.000         0.000         0.000         0.000
 Q3             0.000         0.000         0.000         0.000         0.000


           THETA
              DIASTO04      Q1            Q2            Q3
              ________      ________      ________      ________
 DIASTO04       0.000
 Q1             0.000         0.000
 Q2             0.000         0.000         0.000
 Q3             0.000         0.000         0.000         0.000


           ALPHA
              IB            SB            ID            SD            AGE04
              ________      ________      ________      ________      ________
 1             23.091         0.035        26.873        -0.590        47.385


           ALPHA
              GENDER        KCAL04        MET04         SMOKE04       EDUC04
              ________      ________      ________      ________      ________
 1              1.519      2188.497       118.186         0.334         1.724


           ALPHA
              SYSTO04       DIASTO04      Q1            Q2            Q3
              ________      ________      ________      ________      ________
 1            122.224        78.671         0.250         0.250         0.250


           BETA
              IB            SB            ID            SD            AGE04
              ________      ________      ________      ________      ________
 IB             0.000         0.000         0.000         0.000         0.000
 SB             0.000         0.000         0.000         0.000         0.000
 ID             0.000         0.000         0.000         0.000         0.000
 SD             0.000         0.000         0.000         0.000         0.000
 AGE04          0.000         0.000         0.000         0.000         0.000
 GENDER         0.000         0.000         0.000         0.000         0.000
 KCAL04         0.000         0.000         0.000         0.000         0.000
 MET04          0.000         0.000         0.000         0.000         0.000
 SMOKE04        0.000         0.000         0.000         0.000         0.000
 EDUC04         0.000         0.000         0.000         0.000         0.000
 SYSTO04        0.000         0.000         0.000         0.000         0.000
 DIASTO04       0.000         0.000         0.000         0.000         0.000
 Q1             0.000         0.000         0.000         0.000         0.000
 Q2             0.000         0.000         0.000         0.000         0.000
 Q3             0.000         0.000         0.000         0.000         0.000


           BETA
              GENDER        KCAL04        MET04         SMOKE04       EDUC04
              ________      ________      ________      ________      ________
 IB             0.000         0.000         0.000         0.000         0.000
 SB             0.000         0.000         0.000         0.000         0.000
 ID             0.000         0.000         0.000         0.000         0.000
 SD             0.000         0.000         0.000         0.000         0.000
 AGE04          0.000         0.000         0.000         0.000         0.000
 GENDER         0.000         0.000         0.000         0.000         0.000
 KCAL04         0.000         0.000         0.000         0.000         0.000
 MET04          0.000         0.000         0.000         0.000         0.000
 SMOKE04        0.000         0.000         0.000         0.000         0.000
 EDUC04         0.000         0.000         0.000         0.000         0.000
 SYSTO04        0.000         0.000         0.000         0.000         0.000
 DIASTO04       0.000         0.000         0.000         0.000         0.000
 Q1             0.000         0.000         0.000         0.000         0.000
 Q2             0.000         0.000         0.000         0.000         0.000
 Q3             0.000         0.000         0.000         0.000         0.000


           BETA
              SYSTO04       DIASTO04      Q1            Q2            Q3
              ________      ________      ________      ________      ________
 IB             0.000         0.000         0.000         0.000         0.000
 SB             0.000         0.000         0.000         0.000         0.000
 ID             0.000         0.000         0.000         0.000         0.000
 SD             0.000         0.000         0.000         0.000         0.000
 AGE04          0.000         0.000         0.000         0.000         0.000
 GENDER         0.000         0.000         0.000         0.000         0.000
 KCAL04         0.000         0.000         0.000         0.000         0.000
 MET04          0.000         0.000         0.000         0.000         0.000
 SMOKE04        0.000         0.000         0.000         0.000         0.000
 EDUC04         0.000         0.000         0.000         0.000         0.000
 SYSTO04        0.000         0.000         0.000         0.000         0.000
 DIASTO04       0.000         0.000         0.000         0.000         0.000
 Q1             0.000         0.000         0.000         0.000         0.000
 Q2             0.000         0.000         0.000         0.000         0.000
 Q3             0.000         0.000         0.000         0.000         0.000


           PSI
              IB            SB            ID            SD            AGE04
              ________      ________      ________      ________      ________
 IB            11.513
 SB             0.000         0.570
 ID             0.000         0.000        80.589
 SD             0.000         0.000         0.000        18.100
 AGE04          0.000         0.000         0.000         0.000       117.749
 GENDER         0.000         0.000         0.000         0.000         0.000
 KCAL04         0.000         0.000         0.000         0.000         0.000
 MET04          0.000         0.000         0.000         0.000         0.000
 SMOKE04        0.000         0.000         0.000         0.000         0.000
 EDUC04         0.000         0.000         0.000         0.000         0.000
 SYSTO04        0.000         0.000         0.000         0.000         0.000
 DIASTO04       0.000         0.000         0.000         0.000         0.000
 Q1             0.000         0.000         0.000         0.000         0.000
 Q2             0.000         0.000         0.000         0.000         0.000
 Q3             0.000         0.000         0.000         0.000         0.000


           PSI
              GENDER        KCAL04        MET04         SMOKE04       EDUC04
              ________      ________      ________      ________      ________
 GENDER         0.125
 KCAL04         0.000    229144.438
 MET04          0.000         0.000      6315.442
 SMOKE04        0.000         0.000         0.000         0.138
 EDUC04         0.000         0.000         0.000         0.000         0.876
 SYSTO04        0.000         0.000         0.000         0.000         0.000
 DIASTO04       0.000         0.000         0.000         0.000         0.000
 Q1             0.000         0.000         0.000         0.000         0.000
 Q2             0.000         0.000         0.000         0.000         0.000
 Q3             0.000         0.000         0.000         0.000         0.000


           PSI
              SYSTO04       DIASTO04      Q1            Q2            Q3
              ________      ________      ________      ________      ________
 SYSTO04      171.913
 DIASTO04       0.000        63.046
 Q1             0.000         0.000         0.094
 Q2             0.000         0.000         0.000         0.094
 Q3             0.000         0.000         0.000         0.000         0.094


TECHNICAL 4 OUTPUT


     ESTIMATES DERIVED FROM THE MODEL


           ESTIMATED MEANS FOR THE LATENT VARIABLES
              IB            SB            ID            SD            AGE04
              ________      ________      ________      ________      ________
 1             23.012         0.064        27.260        -0.556        47.385


           ESTIMATED MEANS FOR THE LATENT VARIABLES
              GENDER        KCAL04        MET04         SMOKE04       EDUC04
              ________      ________      ________      ________      ________
 1              1.519      2188.497       116.577         0.335         1.726


           ESTIMATED MEANS FOR THE LATENT VARIABLES
              SYSTO04       DIASTO04      Q1            Q2            Q3
              ________      ________      ________      ________      ________
 1            122.076        78.634         0.250         0.250         0.250


           S.E. FOR ESTIMATED MEANS FOR THE LATENT VARIABLES
              IB            SB            ID            SD            AGE04
              ________      ________      ________      ________      ________
 1              0.035         0.005         0.084         0.016         0.157


           S.E. FOR ESTIMATED MEANS FOR THE LATENT VARIABLES
              GENDER        KCAL04        MET04         SMOKE04       EDUC04
              ________      ________      ________      ________      ________
 1              0.005         6.928         1.209         0.005         0.014


           S.E. FOR ESTIMATED MEANS FOR THE LATENT VARIABLES
              SYSTO04       DIASTO04      Q1            Q2            Q3
              ________      ________      ________      ________      ________
 1              0.195         0.118         0.004         0.004         0.004


           EST./S.E. FOR ESTIMATED MEANS FOR THE LATENT VARIABLES
              IB            SB            ID            SD            AGE04
              ________      ________      ________      ________      ________
 1            658.722        13.477       325.339       -34.569       301.706


           EST./S.E. FOR ESTIMATED MEANS FOR THE LATENT VARIABLES
              GENDER        KCAL04        MET04         SMOKE04       EDUC04
              ________      ________      ________      ________      ________
 1            297.033       315.871        96.404        61.990       126.851


           EST./S.E. FOR ESTIMATED MEANS FOR THE LATENT VARIABLES
              SYSTO04       DIASTO04      Q1            Q2            Q3
              ________      ________      ________      ________      ________
 1            625.634       664.189        56.365        56.411        56.446


           TWO-TAILED P-VALUE FOR ESTIMATED MEANS FOR THE LATENT VARIABLES
              IB            SB            ID            SD            AGE04
              ________      ________      ________      ________      ________
 1              0.000         0.000         0.000         0.000         0.000


           TWO-TAILED P-VALUE FOR ESTIMATED MEANS FOR THE LATENT VARIABLES
              GENDER        KCAL04        MET04         SMOKE04       EDUC04
              ________      ________      ________      ________      ________
 1              0.000         0.000         0.000         0.000         0.000


           TWO-TAILED P-VALUE FOR ESTIMATED MEANS FOR THE LATENT VARIABLES
              SYSTO04       DIASTO04      Q1            Q2            Q3
              ________      ________      ________      ________      ________
 1              0.000         0.000         0.000         0.000         0.000


           ESTIMATED COVARIANCE MATRIX FOR THE LATENT VARIABLES
              IB            SB            ID            SD            AGE04
              ________      ________      ________      ________      ________
 IB            10.338
 SB            -0.139         0.052
 ID            -2.564         0.228        31.106
 SD             0.229        -0.028        -1.434         0.263
 AGE04          3.981        -0.952         1.698         1.973       235.499
 GENDER         0.049        -0.005         0.014         0.001         0.199
 KCAL04        57.412         9.914      -588.466        87.675     -1363.375
 MET04        -19.091         2.173       108.155        -6.713      -419.855
 SMOKE04       -0.094        -0.001         0.067         0.002         0.283
 EDUC04         0.054         0.010        -3.156         0.029        -8.184
 SYSTO04       16.422        -0.899        -2.292         1.159       117.534
 DIASTO04      10.654        -0.347        -1.183         0.058        35.913
 Q1            -0.072         0.007         0.357        -0.021        -0.282
 Q2             0.109        -0.001        -0.402         0.025         0.044
 Q3             0.086        -0.011        -1.267         0.032         0.451


           ESTIMATED COVARIANCE MATRIX FOR THE LATENT VARIABLES
              GENDER        KCAL04        MET04         SMOKE04       EDUC04
              ________      ________      ________      ________      ________
 GENDER         0.250
 KCAL04       -91.666    458288.863
 MET04         -8.116     15915.719     12715.664
 SMOKE04       -0.150        57.564         4.829         0.276
 EDUC04        -0.129        79.015        -1.646         0.042         1.753
 SYSTO04       -0.814      -955.900      -276.909         0.673        -3.727
 DIASTO04      -0.691      -283.167       -84.674         0.448        -0.814
 Q1            -0.002        13.586         5.231         0.003        -0.090
 Q2             0.000        -6.235        -5.771         0.001         0.026
 Q3             0.003       -19.117        -9.890        -0.007         0.183


           ESTIMATED COVARIANCE MATRIX FOR THE LATENT VARIABLES
              SYSTO04       DIASTO04      Q1            Q2            Q3
              ________      ________      ________      ________      ________
 SYSTO04      345.145
 DIASTO04     148.459       126.195
 Q1            -0.169        -0.067         0.188
 Q2             0.392         0.365        -0.063         0.188
 Q3             0.341        -0.011        -0.063        -0.062         0.188


           S.E. FOR ESTIMATED COVARIANCE MATRIX FOR THE LATENT VARIABLES
              IB            SB            ID            SD            AGE04
              ________      ________      ________      ________      ________
 IB             0.177
 SB             0.021         0.004
 ID             0.291         0.039         1.153
 SD             0.055         0.007         0.194         0.044
 AGE04          0.544         0.082         1.304         0.269         3.409
 GENDER         0.017         0.002         0.042         0.008         0.078
 KCAL04        23.787         3.275        57.186        11.090       107.236
 MET04          4.130         0.544        10.003         1.863        19.846
 SMOKE04        0.018         0.002         0.045         0.008         0.083
 EDUC04         0.046         0.006         0.117         0.022         0.226
 SYSTO04        0.680         0.091         1.618         0.314         3.251
 DIASTO04       0.413         0.054         0.981         0.188         1.871
 Q1             0.015         0.002         0.036         0.007         0.068
 Q2             0.015         0.002         0.037         0.007         0.068
 Q3             0.015         0.002         0.039         0.007         0.068


           S.E. FOR ESTIMATED COVARIANCE MATRIX FOR THE LATENT VARIABLES
              GENDER        KCAL04        MET04         SMOKE04       EDUC04
              ________      ________      ________      ________      ________
 GENDER         0.004
 KCAL04         3.587      6633.166
 MET04          0.609       840.584       194.829
 SMOKE04        0.003         3.701         0.634         0.004
 EDUC04         0.007         9.249         1.604         0.007         0.026
 SYSTO04        0.098       133.089        23.388         0.102         0.261
 DIASTO04       0.060        80.637        13.992         0.062         0.157
 Q1             0.002         3.004         0.521         0.002         0.006
 Q2             0.002         3.001         0.529         0.002         0.006
 Q3             0.002         3.008         0.534         0.002         0.006


           S.E. FOR ESTIMATED COVARIANCE MATRIX FOR THE LATENT VARIABLES
              SYSTO04       DIASTO04      Q1            Q2            Q3
              ________      ________      ________      ________      ________
 SYSTO04        5.166
 DIASTO04       2.709         1.886
 Q1             0.085         0.051         0.003
 Q2             0.084         0.051         0.002         0.003
 Q3             0.084         0.051         0.002         0.002         0.003


           EST./S.E. FOR ESTIMATED COVARIANCE MATRIX FOR THE LATENT VARIABLES
              IB            SB            ID            SD            AGE04
              ________      ________      ________      ________      ________
 IB            58.267
 SB            -6.703        11.817
 ID            -8.819         5.882        26.970
 SD             4.139        -4.038        -7.403         6.012
 AGE04          7.319       -11.641         1.303         7.340        69.091
 GENDER         2.830        -1.999         0.327         0.134         2.532
 KCAL04         2.414         3.028       -10.290         7.906       -12.714
 MET04         -4.622         3.995        10.813        -3.604       -21.156
 SMOKE04       -5.118        -0.363         1.497         0.231         3.406
 EDUC04         1.164         1.482       -26.902         1.314       -36.282
 SYSTO04       24.166        -9.884        -1.417         3.694        36.150
 DIASTO04      25.788        -6.454        -1.205         0.309        19.191
 Q1            -4.785         3.658         9.805        -3.039        -4.146
 Q2             7.190        -0.526       -11.024         3.535         0.644
 Q3             5.681        -5.144       -32.727         4.468         6.610


           EST./S.E. FOR ESTIMATED COVARIANCE MATRIX FOR THE LATENT VARIABLES
              GENDER        KCAL04        MET04         SMOKE04       EDUC04
              ________      ________      ________      ________      ________
 GENDER        69.091
 KCAL04       -25.558        69.091
 MET04        -13.320        18.934        65.266
 SMOKE04      -48.391        15.552         7.617        68.711
 EDUC04       -18.681         8.543        -1.026         5.812        68.652
 SYSTO04       -8.321        -7.182       -11.840         6.570       -14.253
 DIASTO04     -11.608        -3.512        -6.052         7.211        -5.188
 Q1            -0.834         4.523        10.032         1.377       -15.114
 Q2             0.203        -2.077       -10.904         0.563         4.331
 Q3             1.320        -6.356       -18.516        -3.053        29.483


           EST./S.E. FOR ESTIMATED COVARIANCE MATRIX FOR THE LATENT VARIABLES
              SYSTO04       DIASTO04      Q1            Q2            Q3
              ________      ________      ________      ________      ________
 SYSTO04       66.813
 DIASTO04      54.793        66.904
 Q1            -2.002        -1.305        69.056
 Q2             4.644         7.125       -30.889        69.060
 Q3             4.067        -0.207       -30.877       -30.848        69.022


           TWO-TAILED P-VALUE FOR ESTIMATED COVARIANCE MATRIX FOR THE LATENT VARIABLES
              IB            SB            ID            SD            AGE04
              ________      ________      ________      ________      ________
 IB             0.000
 SB             0.000         0.000
 ID             0.000         0.000         0.000
 SD             0.000         0.000         0.000         0.000
 AGE04          0.000         0.000         0.193         0.000         0.000
 GENDER         0.005         0.046         0.744         0.893         0.011
 KCAL04         0.016         0.002         0.000         0.000         0.000
 MET04          0.000         0.000         0.000         0.000         0.000
 SMOKE04        0.000         0.717         0.134         0.817         0.001
 EDUC04         0.244         0.138         0.000         0.189         0.000
 SYSTO04        0.000         0.000         0.157         0.000         0.000
 DIASTO04       0.000         0.000         0.228         0.758         0.000
 Q1             0.000         0.000         0.000         0.002         0.000
 Q2             0.000         0.599         0.000         0.000         0.520
 Q3             0.000         0.000         0.000         0.000         0.000


           TWO-TAILED P-VALUE FOR ESTIMATED COVARIANCE MATRIX FOR THE LATENT VARIABLES
              GENDER        KCAL04        MET04         SMOKE04       EDUC04
              ________      ________      ________      ________      ________
 GENDER         0.000
 KCAL04         0.000         0.000
 MET04          0.000         0.000         0.000
 SMOKE04        0.000         0.000         0.000         0.000
 EDUC04         0.000         0.000         0.305         0.000         0.000
 SYSTO04        0.000         0.000         0.000         0.000         0.000
 DIASTO04       0.000         0.000         0.000         0.000         0.000
 Q1             0.404         0.000         0.000         0.169         0.000
 Q2             0.839         0.038         0.000         0.573         0.000
 Q3             0.187         0.000         0.000         0.002         0.000


           TWO-TAILED P-VALUE FOR ESTIMATED COVARIANCE MATRIX FOR THE LATENT VARIABLES
              SYSTO04       DIASTO04      Q1            Q2            Q3
              ________      ________      ________      ________      ________
 SYSTO04        0.000
 DIASTO04       0.000         0.000
 Q1             0.045         0.192         0.000
 Q2             0.000         0.000         0.000         0.000
 Q3             0.000         0.836         0.000         0.000         0.000


           ESTIMATED CORRELATION MATRIX FOR THE LATENT VARIABLES
              IB            SB            ID            SD            AGE04
              ________      ________      ________      ________      ________
 IB             1.000
 SB            -0.191         1.000
 ID            -0.143         0.180         1.000
 SD             0.139        -0.237        -0.501         1.000
 AGE04          0.081        -0.273         0.020         0.250         1.000
 GENDER         0.031        -0.041         0.005         0.004         0.026
 KCAL04         0.026         0.064        -0.156         0.252        -0.131
 MET04         -0.053         0.085         0.172        -0.116        -0.243
 SMOKE04       -0.056        -0.007         0.023         0.007         0.035
 EDUC04         0.013         0.032        -0.427         0.043        -0.403
 SYSTO04        0.275        -0.213        -0.022         0.122         0.412
 DIASTO04       0.295        -0.136        -0.019         0.010         0.208
 Q1            -0.052         0.074         0.148        -0.093        -0.042
 Q2             0.078        -0.011        -0.167         0.111         0.007
 Q3             0.062        -0.112        -0.524         0.145         0.068


           ESTIMATED CORRELATION MATRIX FOR THE LATENT VARIABLES
              GENDER        KCAL04        MET04         SMOKE04       EDUC04
              ________      ________      ________      ________      ________
 GENDER         1.000
 KCAL04        -0.271         1.000
 MET04         -0.144         0.208         1.000
 SMOKE04       -0.572         0.162         0.082         1.000
 EDUC04        -0.196         0.088        -0.011         0.060         1.000
 SYSTO04       -0.088        -0.076        -0.132         0.069        -0.151
 DIASTO04      -0.123        -0.037        -0.067         0.076        -0.055
 Q1            -0.009         0.046         0.107         0.014        -0.157
 Q2             0.002        -0.021        -0.118         0.006         0.045
 Q3             0.014        -0.065        -0.202        -0.031         0.318


           ESTIMATED CORRELATION MATRIX FOR THE LATENT VARIABLES
              SYSTO04       DIASTO04      Q1            Q2            Q3
              ________      ________      ________      ________      ________
 SYSTO04        1.000
 DIASTO04       0.711         1.000
 Q1            -0.021        -0.014         1.000
 Q2             0.049         0.075        -0.333         1.000
 Q3             0.042        -0.002        -0.333        -0.333         1.000


           S.E. FOR ESTIMATED CORRELATION MATRIX FOR THE LATENT VARIABLES
              IB            SB            ID            SD            AGE04
              ________      ________      ________      ________      ________
 IB             0.000
 SB             0.024         0.000
 ID             0.016         0.031         0.000
 SD             0.035         0.061         0.034         0.000
 AGE04          0.011         0.024         0.015         0.038         0.000
 GENDER         0.011         0.021         0.015         0.031         0.010
 KCAL04         0.011         0.021         0.015         0.036         0.010
 MET04          0.011         0.021         0.016         0.033         0.011
 SMOKE04        0.011         0.020         0.015         0.031         0.010
 EDUC04         0.011         0.022         0.014         0.033         0.009
 SYSTO04        0.010         0.022         0.016         0.034         0.009
 DIASTO04       0.010         0.021         0.016         0.033         0.010
 Q1             0.011         0.020         0.015         0.031         0.010
 Q2             0.011         0.021         0.015         0.032         0.010
 Q3             0.011         0.022         0.014         0.034         0.010


           S.E. FOR ESTIMATED CORRELATION MATRIX FOR THE LATENT VARIABLES
              GENDER        KCAL04        MET04         SMOKE04       EDUC04
              ________      ________      ________      ________      ________
 GENDER         0.000
 KCAL04         0.009         0.000
 MET04          0.011         0.010         0.000
 SMOKE04        0.007         0.010         0.011         0.000
 EDUC04         0.010         0.010         0.011         0.010         0.000
 SYSTO04        0.010         0.010         0.011         0.010         0.010
 DIASTO04       0.010         0.011         0.011         0.010         0.011
 Q1             0.010         0.010         0.011         0.010         0.010
 Q2             0.010         0.010         0.011         0.010         0.010
 Q3             0.010         0.010         0.010         0.010         0.009


           S.E. FOR ESTIMATED CORRELATION MATRIX FOR THE LATENT VARIABLES
              SYSTO04       DIASTO04      Q1            Q2            Q3
              ________      ________      ________      ________      ________
 SYSTO04        0.000
 DIASTO04       0.005         0.000
 Q1             0.010         0.011         0.000
 Q2             0.010         0.010         0.009         0.000
 Q3             0.010         0.010         0.009         0.009         0.000


           EST./S.E. FOR ESTIMATED CORRELATION MATRIX FOR THE LATENT VARIABLES
              IB            SB            ID            SD            AGE04
              ________      ________      ________      ________      ________
 IB           999.000
 SB            -7.987       999.000
 ID            -8.908         5.847       999.000
 SD             3.981        -3.872       -14.804       999.000
 AGE04          7.385       -11.346         1.303         6.580       999.000
 GENDER         2.834        -1.993         0.327         0.134         2.534
 KCAL04         2.416         3.016       -10.456         7.000       -13.048
 MET04         -4.639         3.980        10.970        -3.483       -23.018
 SMOKE04       -5.139        -0.363         1.498         0.231         3.412
 EDUC04         1.164         1.482       -29.726         1.310       -46.597
 SYSTO04       26.843        -9.598        -1.417         3.584        46.764
 DIASTO04      29.102        -6.374        -1.206         0.309        20.449
 Q1            -4.802         3.638         9.922        -2.972        -4.157
 Q2             7.249        -0.526       -11.204         3.425         0.644
 Q3             5.712        -5.124       -37.736         4.277         6.656


           EST./S.E. FOR ESTIMATED CORRELATION MATRIX FOR THE LATENT VARIABLES
              GENDER        KCAL04        MET04         SMOKE04       EDUC04
              ________      ________      ________      ________      ________
 GENDER       999.000
 KCAL04       -28.579       999.000
 MET04        -13.713        20.172       999.000
 SMOKE04      -82.768        16.175         7.689       999.000
 EDUC04       -19.788         8.643        -1.026         5.843       999.000
 SYSTO04       -8.414        -7.243       -12.145         6.616       -14.750
 DIASTO04     -11.866        -3.519        -6.092         7.272        -5.211
 Q1            -0.834         4.537        10.203         1.377       -15.684
 Q2             0.203        -2.079       -11.126         0.563         4.343
 Q3             1.320        -6.397       -19.627        -3.058        34.408


           EST./S.E. FOR ESTIMATED CORRELATION MATRIX FOR THE LATENT VARIABLES
              SYSTO04       DIASTO04      Q1            Q2            Q3
              ________      ________      ________      ________      ________
 SYSTO04      999.000
 DIASTO04     136.095       999.000
 Q1            -2.003        -1.306       999.000
 Q2             4.661         7.184       -36.633       999.000
 Q3             4.077        -0.207       -36.620       -36.565       999.000


           TWO-TAILED P-VALUE FOR ESTIMATED CORRELATION MATRIX FOR THE LATENT VARIABLES
              IB            SB            ID            SD            AGE04
              ________      ________      ________      ________      ________
 IB             0.000
 SB             0.000         0.000
 ID             0.000         0.000         0.000
 SD             0.000         0.000         0.000         0.000
 AGE04          0.000         0.000         0.193         0.000         0.000
 GENDER         0.005         0.046         0.744         0.893         0.011
 KCAL04         0.016         0.003         0.000         0.000         0.000
 MET04          0.000         0.000         0.000         0.000         0.000
 SMOKE04        0.000         0.716         0.134         0.817         0.001
 EDUC04         0.244         0.138         0.000         0.190         0.000
 SYSTO04        0.000         0.000         0.156         0.000         0.000
 DIASTO04       0.000         0.000         0.228         0.757         0.000
 Q1             0.000         0.000         0.000         0.003         0.000
 Q2             0.000         0.599         0.000         0.001         0.520
 Q3             0.000         0.000         0.000         0.000         0.000


           TWO-TAILED P-VALUE FOR ESTIMATED CORRELATION MATRIX FOR THE LATENT VARIABLES
              GENDER        KCAL04        MET04         SMOKE04       EDUC04
              ________      ________      ________      ________      ________
 GENDER         0.000
 KCAL04         0.000         0.000
 MET04          0.000         0.000         0.000
 SMOKE04        0.000         0.000         0.000         0.000
 EDUC04         0.000         0.000         0.305         0.000         0.000
 SYSTO04        0.000         0.000         0.000         0.000         0.000
 DIASTO04       0.000         0.000         0.000         0.000         0.000
 Q1             0.404         0.000         0.000         0.169         0.000
 Q2             0.839         0.038         0.000         0.573         0.000
 Q3             0.187         0.000         0.000         0.002         0.000


           TWO-TAILED P-VALUE FOR ESTIMATED CORRELATION MATRIX FOR THE LATENT VARIABLES
              SYSTO04       DIASTO04      Q1            Q2            Q3
              ________      ________      ________      ________      ________
 SYSTO04        0.000
 DIASTO04       0.000         0.000
 Q1             0.045         0.192         0.000
 Q2             0.000         0.000         0.000         0.000
 Q3             0.000         0.836         0.000         0.000         0.000


TECHNICAL 8 OUTPUT


   E STEP  ITER  LOGLIKELIHOOD    ABS CHANGE   REL CHANGE  ALGORITHM
              1 -0.48055582D+06    0.0000000    0.0000000  EM
              2 -0.43715014D+06 ************    0.0903239  EM
              3 -0.43715014D+06    0.0000001    0.0000000  EM


DIAGRAM INFORMATION

  Use View Diagram under the Diagram menu in the Mplus Editor to view the diagram.
  If running Mplus from the Mplus Diagrammer, the diagram opens automatically.

  Diagram output
    d:\data\dpmedi\mplus\longitudinal\lbs bmi mediation ib with sb-no mediation-q index.dgm

     Beginning Time:  13:15:46
        Ending Time:  13:15:49
       Elapsed Time:  00:00:03



MUTHEN & MUTHEN
3463 Stoner Ave.
Los Angeles, CA  90066

Tel: (310) 391-9971
Fax: (310) 391-8971
Web: www.StatModel.com
Support: Support@StatModel.com

Copyright (c) 1998-2015 Muthen & Muthen
