Mplus VERSION 7.4
MUTHEN & MUTHEN
05/05/2019  10:32 AM

INPUT INSTRUCTIONS

  data: file is id2009.csv;

  variable: names are IDind WAVE hhid age commid d3kcal d3carbo d3fat d3protn
                      bmi hwr waist_c diastol systol gender educ indinc
                      index met cmfp_s dash_s ahei_s HS_CRP HDL_C LDL_C
                      INS HbA1c GLUCOSE TG TC homa_ir quicki cmfp dash ahei;
            usev are  age gender met index waist_c HbA1c cmfp cal income;
            missing are all(999);
  define:
  cal=d3kcal/10000;
  income=indinc/10000;

  analysis:
      estimator = ML;
      BOOTSTRAP = 10000;

  model:
  age gender met index waist_c HbA1c cmfp cal income;

  HbA1c on cmfp waist_c age gender cal met index income;

  waist_c on cmfp age gender cal met index income;


  Model indirect:
  HbA1c ind waist_c cmfp;


  OUTPUT:
  SAMPSTAT CINTERVAL(BOOTSTRAP);



INPUT READING TERMINATED NORMALLY




SUMMARY OF ANALYSIS

Number of groups                                                 1
Number of observations                                        9537

Number of dependent variables                                    2
Number of independent variables                                  7
Number of continuous latent variables                            0

Observed dependent variables

  Continuous
   WAIST_C     HBA1C

Observed independent variables
   AGE         GENDER      MET         INDEX       CMFP        CAL
   INCOME


Estimator                                                       ML
Information matrix                                        OBSERVED
Maximum number of iterations                                  1000
Convergence criterion                                    0.500D-04
Maximum number of steepest descent iterations                   20
Maximum number of iterations for H1                           2000
Convergence criterion for H1                             0.100D-03
Number of bootstrap draws
    Requested                                                10000
    Completed                                                10000

Input data file(s)
  id2009.csv

Input data format  FREE


SUMMARY OF DATA

     Number of missing data patterns            13


COVARIANCE COVERAGE OF DATA

Minimum covariance coverage value   0.100


     PROPORTION OF DATA PRESENT


           Covariance Coverage
              WAIST_C       HBA1C         AGE           GENDER        MET
              ________      ________      ________      ________      ________
 WAIST_C        0.937
 HBA1C          0.833         0.850
 AGE            0.937         0.850         1.000
 GENDER         0.937         0.850         1.000         1.000
 MET            0.937         0.850         0.996         0.996         0.996
 INDEX          0.936         0.849         0.999         0.999         0.995
 CMFP           0.937         0.850         1.000         1.000         0.996
 CAL            0.937         0.850         1.000         1.000         0.996
 INCOME         0.694         0.629         0.735         0.735         0.735


           Covariance Coverage
              INDEX         CMFP          CAL           INCOME
              ________      ________      ________      ________
 INDEX          0.999
 CMFP           0.999         1.000
 CAL            0.999         1.000         1.000
 INCOME         0.735         0.735         0.735         0.735


SAMPLE STATISTICS


     ESTIMATED SAMPLE STATISTICS


           Means
              WAIST_C       HBA1C         AGE           GENDER        MET
              ________      ________      ________      ________      ________
      1        82.442         5.568        49.443         1.517       117.101


           Means
              INDEX         CMFP          CAL           INCOME
              ________      ________      ________      ________
      1        67.253         3.888         0.213         1.569


           Covariances
              WAIST_C       HBA1C         AGE           GENDER        MET
              ________      ________      ________      ________      ________
 WAIST_C      105.620
 HBA1C          1.984         0.649
 AGE           29.568         2.548       238.779
 GENDER        -0.793        -0.002         0.184         0.250
 MET          -58.906        -4.343      -402.567        -2.225     11563.191
 INDEX         12.715         0.244        12.571         0.116      -566.840
 CMFP          -0.048        -0.016        -0.487         0.019        -2.162
 CAL            0.057         0.000        -0.122        -0.009         1.155
 INCOME         1.604         0.031        -1.927        -0.134        -0.794


           Covariances
              INDEX         CMFP          CAL           INCOME
              ________      ________      ________      ________
 INDEX        377.604
 CMFP           5.131         1.000
 CAL           -0.115        -0.002         0.005
 INCOME         8.359         0.187         0.008         5.792


           Correlations
              WAIST_C       HBA1C         AGE           GENDER        MET
              ________      ________      ________      ________      ________
 WAIST_C        1.000
 HBA1C          0.240         1.000
 AGE            0.186         0.205         1.000
 GENDER        -0.154        -0.005         0.024         1.000
 MET           -0.053        -0.050        -0.242        -0.041         1.000
 INDEX          0.064         0.016         0.042         0.012        -0.271
 CMFP          -0.005        -0.019        -0.032         0.037        -0.020
 CAL            0.082        -0.006        -0.118        -0.282         0.160
 INCOME         0.065         0.016        -0.052        -0.111        -0.003


           Correlations
              INDEX         CMFP          CAL           INCOME
              ________      ________      ________      ________
 INDEX          1.000
 CMFP           0.264         1.000
 CAL           -0.088        -0.025         1.000
 INCOME         0.179         0.078         0.052         1.000


     MAXIMUM LOG-LIKELIHOOD VALUE FOR THE UNRESTRICTED (H1) MODEL IS -204499.419


UNIVARIATE SAMPLE STATISTICS


     UNIVARIATE HIGHER-ORDER MOMENT DESCRIPTIVE STATISTICS

         Variable/         Mean/     Skewness/   Minimum/ % with                Percentiles
        Sample Size      Variance    Kurtosis    Maximum  Min/Max      20%/60%    40%/80%    Median

     WAIST_C              82.449       0.259      52.000    0.01%      73.200     79.500     82.000
            8937.000     105.498      -0.204     122.700    0.01%      85.000     91.000
     HBA1C                 5.575       6.264       2.700    0.01%       5.100      5.400      5.500
            8107.000       0.648     121.488      30.000    0.01%       5.600      5.900
     AGE                  49.443       0.106      18.000    0.56%      36.000     45.000     49.000
            9537.000     238.779      -0.531      98.000    0.01%      54.000     63.000
     GENDER                1.517      -0.069       1.000   48.26%       1.000      1.000      2.000
            9537.000       0.250      -1.995       2.000   51.74%       2.000      2.000
     MET                 117.017       1.191       0.000   10.16%      25.333     60.058     84.375
            9497.000   11560.449       1.377    1023.900    0.01%     115.900    204.267
     INDEX                67.242       0.063      30.417    0.50%      48.056     58.397     64.956
            9530.000     377.456      -1.285     106.502    0.40%      73.962     87.800
     CMFP                  3.888       0.396       1.053    0.01%       3.017      3.546      3.811
            9537.000       1.000       0.016       8.261    0.01%       4.091      4.738
     CAL                   0.213       1.206       0.040    0.01%       0.159      0.192      0.207
            9537.000       0.005       7.477       1.024    0.01%       0.223      0.263
     INCOME                1.580       9.570     -12.160    0.01%       0.457      0.915      1.136
            7013.000       5.790     147.065      60.000    0.01%       1.360      2.206


THE MODEL ESTIMATION TERMINATED NORMALLY



MODEL FIT INFORMATION

Number of Free Parameters                       54

Loglikelihood

          H0 Value                     -204499.419
          H1 Value                     -204499.419

Information Criteria

          Akaike (AIC)                  409106.839
          Bayesian (BIC)                409493.637
          Sample-Size Adjusted BIC      409322.034
            (n* = (n + 2) / 24)

Chi-Square Test of Model Fit

          Value                              0.000
          Degrees of Freedom                     0
          P-Value                           0.0000

RMSEA (Root Mean Square Error Of Approximation)

          Estimate                           0.000
          90 Percent C.I.                    0.000  0.000
          Probability RMSEA <= .05           0.000

CFI/TLI

          CFI                                1.000
          TLI                                1.000

Chi-Square Test of Model Fit for the Baseline Model

          Value                           1328.246
          Degrees of Freedom                    15
          P-Value                           0.0000

SRMR (Standardized Root Mean Square Residual)

          Value                              0.000



MODEL RESULTS

                                                    Two-Tailed
                    Estimate       S.E.  Est./S.E.    P-Value

 HBA1C    ON
    CMFP              -0.012      0.008     -1.356      0.175
    WAIST_C            0.017      0.001     16.143      0.000
    AGE                0.009      0.001     15.950      0.000
    GENDER             0.042      0.018      2.404      0.016
    CAL                0.017      0.137      0.123      0.902
    MET                0.000      0.000      0.078      0.937
    INDEX              0.000      0.000     -0.346      0.729
    INCOME             0.005      0.005      1.033      0.302

 WAIST_C  ON
    CMFP              -0.104      0.107     -0.975      0.330
    AGE                0.130      0.007     17.783      0.000
    GENDER            -2.763      0.223    -12.364      0.000
    CAL               10.842      1.763      6.151      0.000
    MET               -0.001      0.001     -0.724      0.469
    INDEX              0.029      0.006      4.872      0.000
    INCOME             0.201      0.059      3.430      0.001

 GENDER   WITH
    AGE                0.184      0.079      2.315      0.021

 MET      WITH
    AGE             -402.567     15.701    -25.640      0.000
    GENDER            -2.225      0.552     -4.031      0.000

 INDEX    WITH
    AGE               12.571      3.091      4.067      0.000
    GENDER             0.116      0.100      1.162      0.245
    MET             -566.840     20.965    -27.037      0.000

 CMFP     WITH
    AGE               -0.487      0.165     -2.951      0.003
    GENDER             0.019      0.005      3.645      0.000
    MET               -2.162      1.051     -2.057      0.040
    INDEX              5.131      0.195     26.319      0.000

 CAL      WITH
    AGE               -0.122      0.011    -11.428      0.000
    GENDER            -0.009      0.000    -28.490      0.000
    MET                1.155      0.074     15.581      0.000
    INDEX             -0.115      0.013     -8.620      0.000
    CMFP              -0.002      0.001     -2.410      0.016

 INCOME   WITH
    AGE               -1.927      0.370     -5.207      0.000
    GENDER            -0.134      0.014     -9.629      0.000
    MET               -0.794      2.580     -0.308      0.758
    INDEX              8.359      0.557     14.995      0.000
    CMFP               0.187      0.033      5.596      0.000
    CAL                0.008      0.002      3.898      0.000

 Means
    AGE               49.443      0.158    312.209      0.000
    GENDER             1.517      0.005    295.668      0.000
    MET              117.101      1.109    105.571      0.000
    INDEX             67.253      0.197    340.787      0.000
    CMFP               3.888      0.010    381.425      0.000
    CAL                0.213      0.001    306.922      0.000
    INCOME             1.569      0.029     53.402      0.000

 Intercepts
    WAIST_C           76.094      0.888     85.655      0.000
    HBA1C              3.750      0.100     37.661      0.000

 Variances
    AGE              238.779      2.928     81.563      0.000
    GENDER             0.250      0.000   1385.315      0.000
    MET            11563.190    218.132     53.010      0.000
    INDEX            377.604      3.239    116.589      0.000
    CMFP               1.000      0.014     69.074      0.000
    CAL                0.005      0.000     31.431      0.000
    INCOME             5.792      0.841      6.889      0.000

 Residual Variances
    WAIST_C           98.221      1.426     68.885      0.000
    HBA1C              0.594      0.082      7.236      0.000


TOTAL, TOTAL INDIRECT, SPECIFIC INDIRECT, AND DIRECT EFFECTS


                                                    Two-Tailed
                    Estimate       S.E.  Est./S.E.    P-Value

Effects from CMFP to HBA1C

  Indirect            -0.002      0.002     -0.970      0.332


CONFIDENCE INTERVALS OF MODEL RESULTS

                  Lower .5%  Lower 2.5%    Lower 5%    Estimate    Upper 5%  Upper 2.5%   Upper .5%

 HBA1C    ON
    CMFP            -0.034      -0.028      -0.026      -0.012       0.002       0.005       0.010
    WAIST_C          0.014       0.015       0.015       0.017       0.018       0.019       0.019
    AGE              0.007       0.008       0.008       0.009       0.010       0.010       0.010
    GENDER          -0.002       0.008       0.013       0.042       0.071       0.077       0.088
    CAL             -0.330      -0.256      -0.210       0.017       0.241       0.284       0.363
    MET              0.000       0.000       0.000       0.000       0.000       0.000       0.000
    INDEX           -0.001      -0.001      -0.001       0.000       0.001       0.001       0.001
    INCOME          -0.005      -0.003      -0.002       0.005       0.015       0.017       0.022

 WAIST_C  ON
    CMFP            -0.382      -0.316      -0.284      -0.104       0.071       0.105       0.171
    AGE              0.112       0.116       0.118       0.130       0.142       0.144       0.149
    GENDER          -3.345      -3.203      -3.132      -2.763      -2.398      -2.326      -2.183
    CAL              6.283       7.378       7.911      10.842      13.738      14.236      15.294
    MET             -0.003      -0.003      -0.002      -0.001       0.001       0.001       0.002
    INDEX            0.013       0.018       0.019       0.029       0.039       0.041       0.046
    INCOME           0.067       0.095       0.111       0.201       0.305       0.322       0.371

 GENDER   WITH
    AGE             -0.018       0.029       0.053       0.184       0.312       0.339       0.388

 MET      WITH
    AGE           -442.885    -433.489    -428.166    -402.567    -376.598    -371.404    -361.566
    GENDER          -3.620      -3.300      -3.117      -2.225      -1.325      -1.146      -0.801

 INDEX    WITH
    AGE              4.690       6.567       7.455      12.571      17.687      18.597      20.535
    GENDER          -0.136      -0.078      -0.048       0.116       0.281       0.313       0.377
    MET           -621.938    -607.020    -601.144    -566.840    -532.138    -525.305    -514.747

 CMFP     WITH
    AGE             -0.899      -0.811      -0.764      -0.487      -0.215      -0.159      -0.057
    GENDER           0.005       0.008       0.010       0.019       0.027       0.029       0.032
    MET             -4.870      -4.207      -3.878      -2.162      -0.443      -0.084       0.670
    INDEX            4.640       4.754       4.812       5.131       5.453       5.520       5.639

 CAL      WITH
    AGE             -0.149      -0.143      -0.140      -0.122      -0.105      -0.101      -0.095
    GENDER          -0.010      -0.010      -0.010      -0.009      -0.009      -0.009      -0.009
    MET              0.964       1.012       1.034       1.155       1.279       1.302       1.350
    INDEX           -0.150      -0.141      -0.137      -0.115      -0.093      -0.089      -0.081
    CMFP            -0.004      -0.003      -0.003      -0.002      -0.001       0.000       0.000

 INCOME   WITH
    AGE             -2.921      -2.663      -2.541      -1.927      -1.332      -1.217      -1.011
    GENDER          -0.171      -0.162      -0.158      -0.134      -0.112      -0.108      -0.099
    MET             -7.452      -5.765      -4.998      -0.794       3.484       4.329       6.037
    INDEX            6.966       7.289       7.459       8.359       9.300       9.486       9.869
    CMFP             0.096       0.118       0.129       0.187       0.240       0.249       0.268
    CAL              0.004       0.005       0.005       0.008       0.012       0.013       0.015

 Means
    AGE             49.030      49.134      49.182      49.443      49.702      49.749      49.848
    GENDER           1.504       1.507       1.509       1.517       1.526       1.527       1.530
    MET            114.220     114.942     115.295     117.101     118.949     119.279     119.844
    INDEX           66.747      66.870      66.928      67.253      67.578      67.638      67.766
    CMFP             3.861       3.868       3.871       3.888       3.905       3.908       3.914
    CAL              0.211       0.212       0.212       0.213       0.214       0.215       0.215
    INCOME           1.498       1.514       1.522       1.569       1.618       1.629       1.648

 Intercepts
    WAIST_C         73.767      74.367      74.644      76.094      77.557      77.826      78.382
    HBA1C            3.488       3.557       3.587       3.750       3.915       3.947       4.011

 Variances
    AGE            231.261     233.084     233.971     238.779     243.647     244.587     246.405
    GENDER           0.249       0.249       0.249       0.250       0.250       0.250       0.250
    MET          11006.890   11139.151   11204.969   11563.190   11925.481   11995.055   12135.657
    INDEX          369.354     371.261     372.264     377.604     382.924     383.848     385.795
    CMFP             0.963       0.972       0.976       1.000       1.024       1.029       1.038
    CAL              0.004       0.004       0.004       0.005       0.005       0.005       0.005
    INCOME           3.943       4.330       4.515       5.792       7.269       7.580       8.245

 Residual Variances
    WAIST_C         94.489      95.402      95.819      98.221     100.526     100.953     101.845
    HBA1C            0.455       0.474       0.484       0.594       0.746       0.784       0.861


CONFIDENCE INTERVALS OF TOTAL, TOTAL INDIRECT, SPECIFIC INDIRECT, AND DIRECT EFFECTS


                  Lower .5%  Lower 2.5%    Lower 5%    Estimate    Upper 5%  Upper 2.5%   Upper .5%

Effects from CMFP to HBA1C

  Indirect          -0.006      -0.005      -0.005      -0.002       0.001       0.002       0.003


DIAGRAM INFORMATION

  Use View Diagram under the Diagram menu in the Mplus Editor to view the diagram.
  If running Mplus from the Mplus Diagrammer, the diagram opens automatically.

  Diagram output
    d:\data\dpmedi\mplus\cmfp.dgm

     Beginning Time:  10:32:20
        Ending Time:  10:33:07
       Elapsed Time:  00:00:47



MUTHEN & MUTHEN
3463 Stoner Ave.
Los Angeles, CA  90066

Tel: (310) 391-9971
Fax: (310) 391-8971
Web: www.StatModel.com
Support: Support@StatModel.com

Copyright (c) 1998-2015 Muthen & Muthen
