Mplus VERSION 7.4
MUTHEN & MUTHEN
05/05/2019  10:34 AM

INPUT INSTRUCTIONS

  data: file is id2009.csv;

  variable: names are IDind WAVE hhid age commid d3kcal d3carbo d3fat d3protn
                      bmi hwr waist_c diastol systol gender educ indinc
                      index met cmfp_s dash_s ahei_s HS_CRP HDL_C LDL_C
                      INS HbA1c GLUCOSE TG TC homa_ir quicki cmfp dash ahei;
            usev are  age gender met index waist_c homa_ir cmfp cal income;
            missing are all(999);
  define:
  cal=d3kcal/10000;
  income=indinc/10000;

  analysis:
      estimator = ML;
      BOOTSTRAP = 10000;

  model:
  age gender met index waist_c homa_ir cmfp cal income;

  homa_ir on cmfp waist_c age gender cal met index income;

  waist_c on cmfp age gender cal met index income;


  Model indirect:
  homa_ir ind waist_c cmfp;


  OUTPUT:
  SAMPSTAT CINTERVAL(BOOTSTRAP);



INPUT READING TERMINATED NORMALLY




SUMMARY OF ANALYSIS

Number of groups                                                 1
Number of observations                                        9537

Number of dependent variables                                    2
Number of independent variables                                  7
Number of continuous latent variables                            0

Observed dependent variables

  Continuous
   WAIST_C     HOMA_IR

Observed independent variables
   AGE         GENDER      MET         INDEX       CMFP        CAL
   INCOME


Estimator                                                       ML
Information matrix                                        OBSERVED
Maximum number of iterations                                  1000
Convergence criterion                                    0.500D-04
Maximum number of steepest descent iterations                   20
Maximum number of iterations for H1                           2000
Convergence criterion for H1                             0.100D-03
Number of bootstrap draws
    Requested                                                10000
    Completed                                                10000

Input data file(s)
  id2009.csv

Input data format  FREE


SUMMARY OF DATA

     Number of missing data patterns            13


COVARIANCE COVERAGE OF DATA

Minimum covariance coverage value   0.100


     PROPORTION OF DATA PRESENT


           Covariance Coverage
              WAIST_C       HOMA_IR       AGE           GENDER        MET
              ________      ________      ________      ________      ________
 WAIST_C        0.937
 HOMA_IR        0.835         0.853
 AGE            0.937         0.853         1.000
 GENDER         0.937         0.853         1.000         1.000
 MET            0.937         0.853         0.996         0.996         0.996
 INDEX          0.936         0.852         0.999         0.999         0.995
 CMFP           0.937         0.853         1.000         1.000         0.996
 CAL            0.937         0.853         1.000         1.000         0.996
 INCOME         0.694         0.631         0.735         0.735         0.735


           Covariance Coverage
              INDEX         CMFP          CAL           INCOME
              ________      ________      ________      ________
 INDEX          0.999
 CMFP           0.999         1.000
 CAL            0.999         1.000         1.000
 INCOME         0.735         0.735         0.735         0.735


SAMPLE STATISTICS


     ESTIMATED SAMPLE STATISTICS


           Means
              WAIST_C       HOMA_IR       AGE           GENDER        MET
              ________      ________      ________      ________      ________
      1        82.437         3.539        49.443         1.517       117.101


           Means
              INDEX         CMFP          CAL           INCOME
              ________      ________      ________      ________
      1        67.253         3.888         0.213         1.568


           Covariances
              WAIST_C       HOMA_IR       AGE           GENDER        MET
              ________      ________      ________      ________      ________
 WAIST_C      105.552
 HOMA_IR        9.208        39.663
 AGE           29.520         4.223       238.779
 GENDER        -0.794        -0.048         0.184         0.250
 MET          -58.685       -30.272      -402.568        -2.226     11563.190
 INDEX         12.649         3.026        12.571         0.116      -566.840
 CMFP          -0.046         0.091        -0.487         0.019        -2.162
 CAL            0.057        -0.003        -0.122        -0.009         1.155
 INCOME         1.607         0.116        -1.918        -0.134        -0.770


           Covariances
              INDEX         CMFP          CAL           INCOME
              ________      ________      ________      ________
 INDEX        377.604
 CMFP           5.131         1.000
 CAL           -0.115        -0.002         0.005
 INCOME         8.361         0.187         0.008         5.792


           Correlations
              WAIST_C       HOMA_IR       AGE           GENDER        MET
              ________      ________      ________      ________      ________
 WAIST_C        1.000
 HOMA_IR        0.142         1.000
 AGE            0.186         0.043         1.000
 GENDER        -0.155        -0.015         0.024         1.000
 MET           -0.053        -0.045        -0.242        -0.041         1.000
 INDEX          0.063         0.025         0.042         0.012        -0.271
 CMFP          -0.005         0.014        -0.032         0.037        -0.020
 CAL            0.082        -0.007        -0.118        -0.282         0.160
 INCOME         0.065         0.008        -0.052        -0.111        -0.003


           Correlations
              INDEX         CMFP          CAL           INCOME
              ________      ________      ________      ________
 INDEX          1.000
 CMFP           0.264         1.000
 CAL           -0.088        -0.025         1.000
 INCOME         0.179         0.078         0.052         1.000


     MAXIMUM LOG-LIKELIHOOD VALUE FOR THE UNRESTRICTED (H1) MODEL IS -221523.262


UNIVARIATE SAMPLE STATISTICS


     UNIVARIATE HIGHER-ORDER MOMENT DESCRIPTIVE STATISTICS

         Variable/         Mean/     Skewness/   Minimum/ % with                Percentiles
        Sample Size      Variance    Kurtosis    Maximum  Min/Max      20%/60%    40%/80%    Median

     WAIST_C              82.449       0.259      52.000    0.01%      73.200     79.500     82.000
            8937.000     105.498      -0.204     122.700    0.01%      85.000     91.000
     HOMA_IR               3.545      14.126       0.012    0.01%       1.446      2.017      2.329
            8134.000      39.665     292.311     173.739    0.01%       2.719      4.033
     AGE                  49.443       0.106      18.000    0.56%      36.000     45.000     49.000
            9537.000     238.779      -0.531      98.000    0.01%      54.000     63.000
     GENDER                1.517      -0.069       1.000   48.26%       1.000      1.000      2.000
            9537.000       0.250      -1.995       2.000   51.74%       2.000      2.000
     MET                 117.017       1.191       0.000   10.16%      25.333     60.058     84.375
            9497.000   11560.449       1.377    1023.900    0.01%     115.900    204.267
     INDEX                67.242       0.063      30.417    0.50%      48.056     58.397     64.956
            9530.000     377.456      -1.285     106.502    0.40%      73.962     87.800
     CMFP                  3.888       0.396       1.053    0.01%       3.017      3.546      3.811
            9537.000       1.000       0.016       8.261    0.01%       4.091      4.738
     CAL                   0.213       1.206       0.040    0.01%       0.159      0.192      0.207
            9537.000       0.005       7.477       1.024    0.01%       0.223      0.263
     INCOME                1.580       9.570     -12.160    0.01%       0.457      0.915      1.136
            7013.000       5.790     147.065      60.000    0.01%       1.360      2.206


THE MODEL ESTIMATION TERMINATED NORMALLY



MODEL FIT INFORMATION

Number of Free Parameters                       54

Loglikelihood

          H0 Value                     -221523.262
          H1 Value                     -221523.262

Information Criteria

          Akaike (AIC)                  443154.523
          Bayesian (BIC)                443541.322
          Sample-Size Adjusted BIC      443369.718
            (n* = (n + 2) / 24)

Chi-Square Test of Model Fit

          Value                              0.000
          Degrees of Freedom                     0
          P-Value                           0.0000

RMSEA (Root Mean Square Error Of Approximation)

          Estimate                           0.000
          90 Percent C.I.                    0.000  0.000
          Probability RMSEA <= .05           0.000

CFI/TLI

          CFI                                1.000
          TLI                                1.000

Chi-Square Test of Model Fit for the Baseline Model

          Value                            817.158
          Degrees of Freedom                    15
          P-Value                           0.0000

SRMR (Standardized Root Mean Square Residual)

          Value                              0.000



MODEL RESULTS

                                                    Two-Tailed
                    Estimate       S.E.  Est./S.E.    P-Value

 HOMA_IR  ON
    CMFP               0.088      0.061      1.443      0.149
    WAIST_C            0.086      0.007     11.578      0.000
    AGE                0.003      0.005      0.733      0.463
    GENDER             0.013      0.165      0.080      0.937
    CAL               -1.034      1.207     -0.857      0.392
    MET               -0.002      0.001     -2.980      0.003
    INDEX              0.001      0.005      0.169      0.866
    INCOME            -0.005      0.020     -0.245      0.806

 WAIST_C  ON
    CMFP              -0.102      0.107     -0.949      0.343
    AGE                0.130      0.007     17.749      0.000
    GENDER            -2.768      0.224    -12.383      0.000
    CAL               10.834      1.763      6.144      0.000
    MET               -0.001      0.001     -0.721      0.471
    INDEX              0.029      0.006      4.838      0.000
    INCOME             0.202      0.059      3.433      0.001

 GENDER   WITH
    AGE                0.184      0.079      2.315      0.021

 MET      WITH
    AGE             -402.567     15.700    -25.641      0.000
    GENDER            -2.225      0.552     -4.031      0.000

 INDEX    WITH
    AGE               12.572      3.091      4.067      0.000
    GENDER             0.116      0.100      1.162      0.245
    MET             -566.834     20.964    -27.038      0.000

 CMFP     WITH
    AGE               -0.487      0.165     -2.951      0.003
    GENDER             0.019      0.005      3.645      0.000
    MET               -2.162      1.051     -2.056      0.040
    INDEX              5.131      0.195     26.318      0.000

 CAL      WITH
    AGE               -0.122      0.011    -11.428      0.000
    GENDER            -0.009      0.000    -28.490      0.000
    MET                1.155      0.074     15.580      0.000
    INDEX             -0.115      0.013     -8.620      0.000
    CMFP              -0.002      0.001     -2.410      0.016

 INCOME   WITH
    AGE               -1.918      0.370     -5.178      0.000
    GENDER            -0.134      0.014     -9.630      0.000
    MET               -0.772      2.577     -0.299      0.765
    INDEX              8.361      0.558     14.996      0.000
    CMFP               0.187      0.033      5.603      0.000
    CAL                0.008      0.002      3.895      0.000

 Means
    AGE               49.443      0.158    312.200      0.000
    GENDER             1.517      0.005    295.669      0.000
    MET              117.101      1.109    105.564      0.000
    INDEX             67.253      0.197    340.775      0.000
    CMFP               3.888      0.010    381.425      0.000
    CAL                0.213      0.001    306.922      0.000
    INCOME             1.568      0.029     53.452      0.000

 Intercepts
    WAIST_C           76.109      0.888     85.665      0.000
    HOMA_IR           -3.673      0.735     -4.997      0.000

 Variances
    AGE              238.779      2.927     81.565      0.000
    GENDER             0.250      0.000   1385.323      0.000
    MET            11563.145    218.129     53.011      0.000
    INDEX            377.603      3.239    116.596      0.000
    CMFP               1.000      0.014     69.074      0.000
    CAL                0.005      0.000     31.431      0.000
    INCOME             5.792      0.841      6.889      0.000

 Residual Variances
    WAIST_C           98.161      1.424     68.955      0.000
    HOMA_IR           38.789      7.517      5.160      0.000


TOTAL, TOTAL INDIRECT, SPECIFIC INDIRECT, AND DIRECT EFFECTS


                                                    Two-Tailed
                    Estimate       S.E.  Est./S.E.    P-Value

Effects from CMFP to HOMA_IR

  Indirect            -0.009      0.009     -0.948      0.343


CONFIDENCE INTERVALS OF MODEL RESULTS

                  Lower .5%  Lower 2.5%    Lower 5%    Estimate    Upper 5%  Upper 2.5%   Upper .5%

 HOMA_IR  ON
    CMFP            -0.063      -0.025      -0.009       0.088       0.191       0.213       0.255
    WAIST_C          0.067       0.072       0.074       0.086       0.098       0.101       0.106
    AGE             -0.008      -0.006      -0.004       0.003       0.011       0.013       0.016
    GENDER          -0.410      -0.310      -0.256       0.013       0.287       0.339       0.444
    CAL             -4.040      -3.300      -2.942      -1.034       0.994       1.440       2.205
    MET             -0.004      -0.003      -0.003      -0.002      -0.001      -0.001       0.000
    INDEX           -0.012      -0.008      -0.007       0.001       0.008       0.009       0.012
    INCOME          -0.055      -0.042      -0.036      -0.005       0.032       0.039       0.059

 WAIST_C  ON
    CMFP            -0.380      -0.313      -0.281      -0.102       0.075       0.108       0.174
    AGE              0.111       0.116       0.118       0.130       0.142       0.144       0.148
    GENDER          -3.347      -3.207      -3.134      -2.768      -2.402      -2.330      -2.186
    CAL              6.251       7.378       7.898      10.834      13.742      14.243      15.315
    MET             -0.003      -0.003      -0.002      -0.001       0.001       0.001       0.002
    INDEX            0.013       0.017       0.019       0.029       0.039       0.041       0.045
    INCOME           0.068       0.096       0.112       0.202       0.305       0.323       0.371

 GENDER   WITH
    AGE             -0.018       0.029       0.053       0.184       0.312       0.339       0.388

 MET      WITH
    AGE           -442.885    -433.490    -428.159    -402.567    -376.598    -371.404    -361.571
    GENDER          -3.620      -3.300      -3.118      -2.225      -1.325      -1.146      -0.801

 INDEX    WITH
    AGE              4.691       6.569       7.455      12.572      17.687      18.598      20.535
    GENDER          -0.136      -0.077      -0.048       0.116       0.281       0.313       0.377
    MET           -621.942    -607.021    -601.141    -566.834    -532.141    -525.307    -514.753

 CMFP     WITH
    AGE             -0.899      -0.811      -0.764      -0.487      -0.215      -0.159      -0.057
    GENDER           0.005       0.008       0.010       0.019       0.027       0.029       0.032
    MET             -4.870      -4.207      -3.878      -2.162      -0.443      -0.084       0.670
    INDEX            4.640       4.754       4.813       5.131       5.453       5.520       5.639

 CAL      WITH
    AGE             -0.149      -0.143      -0.140      -0.122      -0.105      -0.101      -0.095
    GENDER          -0.010      -0.010      -0.010      -0.009      -0.009      -0.009      -0.009
    MET              0.964       1.012       1.034       1.155       1.279       1.302       1.350
    INDEX           -0.150      -0.141      -0.137      -0.115      -0.093      -0.089      -0.081
    CMFP            -0.004      -0.003      -0.003      -0.002      -0.001       0.000       0.000

 INCOME   WITH
    AGE             -2.911      -2.655      -2.535      -1.918      -1.322      -1.209      -0.998
    GENDER          -0.171      -0.162      -0.158      -0.134      -0.112      -0.108      -0.099
    MET             -7.402      -5.725      -4.969      -0.772       3.511       4.337       6.046
    INDEX            6.970       7.291       7.459       8.361       9.301       9.488       9.866
    CMFP             0.097       0.118       0.129       0.187       0.240       0.249       0.268
    CAL              0.004       0.005       0.005       0.008       0.012       0.013       0.014

 Means
    AGE             49.030      49.134      49.182      49.443      49.702      49.749      49.848
    GENDER           1.504       1.507       1.509       1.517       1.526       1.527       1.530
    MET            114.220     114.942     115.294     117.101     118.950     119.279     119.845
    INDEX           66.747      66.870      66.928      67.253      67.578      67.638      67.766
    CMFP             3.861       3.868       3.871       3.888       3.905       3.908       3.914
    CAL              0.211       0.212       0.212       0.213       0.214       0.215       0.215
    INCOME           1.498       1.514       1.522       1.568       1.618       1.629       1.648

 Intercepts
    WAIST_C         73.783      74.379      74.658      76.109      77.582      77.850      78.403
    HOMA_IR         -5.633      -5.133      -4.900      -3.673      -2.476      -2.251      -1.849

 Variances
    AGE            231.262     233.084     233.972     238.779     243.647     244.587     246.404
    GENDER           0.249       0.249       0.249       0.250       0.250       0.250       0.250
    MET          11006.886   11139.136   11204.967   11563.145   11925.479   11995.050   12135.658
    INDEX          369.353     371.261     372.265     377.603     382.925     383.849     385.796
    CMFP             0.963       0.972       0.976       1.000       1.024       1.029       1.038
    CAL              0.004       0.004       0.004       0.005       0.005       0.005       0.005
    INCOME           3.943       4.330       4.516       5.792       7.270       7.581       8.245

 Residual Variances
    WAIST_C         94.405      95.334      95.740      98.161     100.455     100.897     101.753
    HOMA_IR         22.089      25.422      27.220      38.789      51.957      54.456      60.564


CONFIDENCE INTERVALS OF TOTAL, TOTAL INDIRECT, SPECIFIC INDIRECT, AND DIRECT EFFECTS


                  Lower .5%  Lower 2.5%    Lower 5%    Estimate    Upper 5%  Upper 2.5%   Upper .5%

Effects from CMFP to HOMA_IR

  Indirect          -0.033      -0.027      -0.024      -0.009       0.006       0.009       0.015


DIAGRAM INFORMATION

  Use View Diagram under the Diagram menu in the Mplus Editor to view the diagram.
  If running Mplus from the Mplus Diagrammer, the diagram opens automatically.

  Diagram output
    d:\data\dpmedi\mplus\cmfp homa_ir wc.dgm

     Beginning Time:  10:34:16
        Ending Time:  10:35:11
       Elapsed Time:  00:00:55



MUTHEN & MUTHEN
3463 Stoner Ave.
Los Angeles, CA  90066

Tel: (310) 391-9971
Fax: (310) 391-8971
Web: www.StatModel.com
Support: Support@StatModel.com

Copyright (c) 1998-2015 Muthen & Muthen
