Mplus VERSION 7.4
MUTHEN & MUTHEN
05/05/2019  10:40 AM

INPUT INSTRUCTIONS

  data: file is id2009.csv;

  variable: names are IDind WAVE hhid age commid d3kcal d3carbo d3fat d3protn
                      bmi hwr waist_c diastol systol gender educ indinc
                      index met cmfp_s dash_s ahei_s HS_CRP HDL_C LDL_C
                      INS HbA1c GLUCOSE TG TC homa_ir quicki cmfp dash ahei;
            usev are  age gender met index bmi homa_ir dash cal income;
            missing are all(999);
  define:
  cal=d3kcal/10000;
  income=indinc/10000;

  analysis:
      estimator = ML;
      BOOTSTRAP = 10000;

  model:
  age gender met index bmi homa_ir dash cal income;

  homa_ir on dash bmi age gender cal met index income;

  bmi on dash age gender cal met index income;


  Model indirect:
  homa_ir ind bmi dash;


  OUTPUT:
  SAMPSTAT CINTERVAL(BOOTSTRAP);



INPUT READING TERMINATED NORMALLY




SUMMARY OF ANALYSIS

Number of groups                                                 1
Number of observations                                        9537

Number of dependent variables                                    2
Number of independent variables                                  7
Number of continuous latent variables                            0

Observed dependent variables

  Continuous
   BMI         HOMA_IR

Observed independent variables
   AGE         GENDER      MET         INDEX       DASH        CAL
   INCOME


Estimator                                                       ML
Information matrix                                        OBSERVED
Maximum number of iterations                                  1000
Convergence criterion                                    0.500D-04
Maximum number of steepest descent iterations                   20
Maximum number of iterations for H1                           2000
Convergence criterion for H1                             0.100D-03
Number of bootstrap draws
    Requested                                                10000
    Completed                                                10000

Input data file(s)
  id2009.csv

Input data format  FREE


SUMMARY OF DATA

     Number of missing data patterns            13


COVARIANCE COVERAGE OF DATA

Minimum covariance coverage value   0.100


     PROPORTION OF DATA PRESENT


           Covariance Coverage
              BMI           HOMA_IR       AGE           GENDER        MET
              ________      ________      ________      ________      ________
 BMI            0.940
 HOMA_IR        0.837         0.853
 AGE            0.940         0.853         1.000
 GENDER         0.940         0.853         1.000         1.000
 MET            0.940         0.853         0.996         0.996         0.996
 INDEX          0.940         0.852         0.999         0.999         0.995
 DASH           0.940         0.853         1.000         1.000         0.996
 CAL            0.940         0.853         1.000         1.000         0.996
 INCOME         0.697         0.631         0.735         0.735         0.735


           Covariance Coverage
              INDEX         DASH          CAL           INCOME
              ________      ________      ________      ________
 INDEX          0.999
 DASH           0.999         1.000
 CAL            0.999         1.000         1.000
 INCOME         0.735         0.735         0.735         0.735


SAMPLE STATISTICS


     ESTIMATED SAMPLE STATISTICS


           Means
              BMI           HOMA_IR       AGE           GENDER        MET
              ________      ________      ________      ________      ________
      1        23.251         3.531        49.443         1.517       117.102


           Means
              INDEX         DASH          CAL           INCOME
              ________      ________      ________      ________
      1        67.250         5.945         0.213         1.569


           Covariances
              BMI           HOMA_IR       AGE           GENDER        MET
              ________      ________      ________      ________      ________
 BMI           11.825
 HOMA_IR        2.978        39.669
 AGE            3.052         4.349       238.779
 GENDER         0.000        -0.049         0.184         0.250
 MET           -3.385       -30.449      -402.547        -2.227     11562.854
 INDEX          4.566         3.002        12.577         0.116      -566.602
 DASH           0.063         0.111         0.364         0.040        -3.409
 CAL            0.014        -0.002        -0.122        -0.009         1.155
 INCOME         0.468         0.116        -1.916        -0.134        -0.838


           Covariances
              INDEX         DASH          CAL           INCOME
              ________      ________      ________      ________
 INDEX        377.523
 DASH           2.945         1.000
 CAL           -0.115        -0.008         0.005
 INCOME         8.411         0.090         0.008         5.795


           Correlations
              BMI           HOMA_IR       AGE           GENDER        MET
              ________      ________      ________      ________      ________
 BMI            1.000
 HOMA_IR        0.137         1.000
 AGE            0.057         0.045         1.000
 GENDER         0.000        -0.016         0.024         1.000
 MET           -0.009        -0.045        -0.242        -0.041         1.000
 INDEX          0.068         0.025         0.042         0.012        -0.271
 DASH           0.018         0.018         0.024         0.080        -0.032
 CAL            0.060        -0.005        -0.118        -0.282         0.160
 INCOME         0.057         0.008        -0.052        -0.111        -0.003


           Correlations
              INDEX         DASH          CAL           INCOME
              ________      ________      ________      ________
 INDEX          1.000
 DASH           0.152         1.000
 CAL           -0.088        -0.123         1.000
 INCOME         0.180         0.037         0.052         1.000


     MAXIMUM LOG-LIKELIHOOD VALUE FOR THE UNRESTRICTED (H1) MODEL IS -212266.354


UNIVARIATE SAMPLE STATISTICS


     UNIVARIATE HIGHER-ORDER MOMENT DESCRIPTIVE STATISTICS

         Variable/         Mean/     Skewness/   Minimum/ % with                Percentiles
        Sample Size      Variance    Kurtosis    Maximum  Min/Max      20%/60%    40%/80%    Median

     BMI                  23.255       0.509      13.700    0.01%      20.310     22.086     22.958
            8969.000      11.823       0.410      42.719    0.01%      23.875     26.058
     HOMA_IR               3.545      14.126       0.012    0.01%       1.446      2.017      2.329
            8134.000      39.665     292.311     173.739    0.01%       2.719      4.033
     AGE                  49.443       0.106      18.000    0.56%      36.000     45.000     49.000
            9537.000     238.779      -0.531      98.000    0.01%      54.000     63.000
     GENDER                1.517      -0.069       1.000   48.26%       1.000      1.000      2.000
            9537.000       0.250      -1.995       2.000   51.74%       2.000      2.000
     MET                 117.017       1.191       0.000   10.16%      25.333     60.058     84.375
            9497.000   11560.449       1.377    1023.900    0.01%     115.900    204.267
     INDEX                67.242       0.063      30.417    0.50%      48.056     58.397     64.956
            9530.000     377.456      -1.285     106.502    0.40%      73.962     87.800
     DASH                  5.945       0.093       2.445    0.01%       4.890      5.810      6.077
            9537.000       1.000      -0.001       9.780    0.02%       6.112      6.819
     CAL                   0.213       1.206       0.040    0.01%       0.159      0.192      0.207
            9537.000       0.005       7.477       1.024    0.01%       0.223      0.263
     INCOME                1.580       9.570     -12.160    0.01%       0.457      0.915      1.136
            7013.000       5.790     147.065      60.000    0.01%       1.360      2.206


THE MODEL ESTIMATION TERMINATED NORMALLY



MODEL FIT INFORMATION

Number of Free Parameters                       54

Loglikelihood

          H0 Value                     -212266.354
          H1 Value                     -212266.354

Information Criteria

          Akaike (AIC)                  424640.709
          Bayesian (BIC)                425027.507
          Sample-Size Adjusted BIC      424855.904
            (n* = (n + 2) / 24)

Chi-Square Test of Model Fit

          Value                              0.000
          Degrees of Freedom                     0
          P-Value                           0.0000

RMSEA (Root Mean Square Error Of Approximation)

          Estimate                           0.000
          90 Percent C.I.                    0.000  0.000
          Probability RMSEA <= .05           0.000

CFI/TLI

          CFI                                1.000
          TLI                                1.000

Chi-Square Test of Model Fit for the Baseline Model

          Value                            314.819
          Degrees of Freedom                    15
          P-Value                           0.0000

SRMR (Standardized Root Mean Square Residual)

          Value                              0.000



MODEL RESULTS

                                                    Two-Tailed
                    Estimate       S.E.  Est./S.E.    P-Value

 HOMA_IR  ON
    DASH               0.087      0.058      1.497      0.134
    BMI                0.249      0.019     13.065      0.000
    AGE                0.011      0.005      2.440      0.015
    GENDER            -0.271      0.162     -1.671      0.095
    CAL               -0.804      1.221     -0.659      0.510
    MET               -0.002      0.001     -3.287      0.001
    INDEX              0.001      0.004      0.163      0.870
    INCOME            -0.004      0.020     -0.209      0.835

 BMI      ON
    DASH               0.045      0.037      1.207      0.227
    AGE                0.015      0.003      5.975      0.000
    GENDER             0.165      0.075      2.186      0.029
    CAL                3.954      0.607      6.509      0.000
    MET                0.000      0.000      1.335      0.182
    INDEX              0.012      0.002      5.827      0.000
    INCOME             0.066      0.020      3.296      0.001

 GENDER   WITH
    AGE                0.183      0.079      2.315      0.021

 MET      WITH
    AGE             -402.550     15.700    -25.640      0.000
    GENDER            -2.227      0.552     -4.034      0.000

 INDEX    WITH
    AGE               12.578      3.091      4.070      0.000
    GENDER             0.116      0.100      1.163      0.245
    MET             -566.602     20.962    -27.030      0.000

 DASH     WITH
    AGE                0.364      0.162      2.241      0.025
    GENDER             0.040      0.005      7.883      0.000
    MET               -3.409      1.101     -3.095      0.002
    INDEX              2.945      0.203     14.483      0.000

 CAL      WITH
    AGE               -0.122      0.011    -11.428      0.000
    GENDER            -0.009      0.000    -28.490      0.000
    MET                1.155      0.074     15.579      0.000
    INDEX             -0.115      0.013     -8.609      0.000
    DASH              -0.008      0.001    -11.235      0.000

 INCOME   WITH
    AGE               -1.916      0.370     -5.172      0.000
    GENDER            -0.134      0.014     -9.574      0.000
    MET               -0.837      2.555     -0.328      0.743
    INDEX              8.411      0.555     15.143      0.000
    DASH               0.090      0.033      2.716      0.007
    CAL                0.008      0.002      3.900      0.000

 Means
    AGE               49.443      0.158    312.207      0.000
    GENDER             1.517      0.005    295.668      0.000
    MET              117.102      1.109    105.568      0.000
    INDEX             67.250      0.197    340.741      0.000
    DASH               5.945      0.010    580.168      0.000
    CAL                0.213      0.001    306.922      0.000
    INCOME             1.569      0.029     54.156      0.000

 Intercepts
    BMI               20.195      0.353     57.162      0.000
    HOMA_IR           -2.533      0.725     -3.495      0.000

 Variances
    AGE              238.779      2.927     81.564      0.000
    GENDER             0.250      0.000   1385.330      0.000
    MET            11562.853    218.128     53.010      0.000
    INDEX            377.522      3.237    116.633      0.000
    DASH               1.000      0.015     68.525      0.000
    CAL                0.005      0.000     31.431      0.000
    INCOME             5.795      0.841      6.891      0.000

 Residual Variances
    BMI               11.638      0.191     61.029      0.000
    HOMA_IR           38.790      7.564      5.128      0.000


TOTAL, TOTAL INDIRECT, SPECIFIC INDIRECT, AND DIRECT EFFECTS


                                                    Two-Tailed
                    Estimate       S.E.  Est./S.E.    P-Value

Effects from DASH to HOMA_IR

  Indirect             0.011      0.009      1.196      0.232


CONFIDENCE INTERVALS OF MODEL RESULTS

                  Lower .5%  Lower 2.5%    Lower 5%    Estimate    Upper 5%  Upper 2.5%   Upper .5%

 HOMA_IR  ON
    DASH            -0.058      -0.024      -0.006       0.087       0.185       0.204       0.241
    BMI              0.199       0.212       0.218       0.249       0.280       0.286       0.298
    AGE              0.000       0.002       0.004       0.011       0.019       0.020       0.024
    GENDER          -0.688      -0.588      -0.538      -0.271      -0.004       0.048       0.147
    CAL             -3.823      -3.077      -2.752      -0.804       1.252       1.677       2.543
    MET             -0.004      -0.003      -0.003      -0.002      -0.001      -0.001      -0.001
    INDEX           -0.011      -0.008      -0.006       0.001       0.008       0.009       0.011
    INCOME          -0.052      -0.039      -0.033      -0.004       0.031       0.039       0.057

 BMI      ON
    DASH            -0.052      -0.030      -0.017       0.045       0.106       0.117       0.141
    AGE              0.009       0.010       0.011       0.015       0.020       0.020       0.022
    GENDER          -0.031       0.014       0.039       0.165       0.287       0.314       0.360
    CAL              2.380       2.764       2.960       3.954       4.947       5.141       5.517
    MET              0.000       0.000       0.000       0.000       0.001       0.001       0.001
    INDEX            0.006       0.008       0.008       0.012       0.015       0.015       0.017
    INCOME           0.017       0.029       0.035       0.066       0.101       0.109       0.124

 GENDER   WITH
    AGE             -0.018       0.029       0.053       0.183       0.312       0.339       0.388

 MET      WITH
    AGE           -442.854    -433.396    -428.138    -402.550    -376.584    -371.424    -361.546
    GENDER          -3.624      -3.301      -3.120      -2.227      -1.327      -1.148      -0.804

 INDEX    WITH
    AGE              4.684       6.577       7.469      12.578      17.700      18.608      20.537
    GENDER          -0.136      -0.077      -0.048       0.116       0.280       0.313       0.377
    MET           -621.660    -606.849    -600.884    -566.602    -531.927    -525.156    -514.542

 DASH     WITH
    AGE             -0.061       0.046       0.096       0.364       0.632       0.682       0.782
    GENDER           0.027       0.030       0.032       0.040       0.048       0.050       0.053
    MET             -6.181      -5.553      -5.233      -3.409      -1.599      -1.256      -0.597
    INDEX            2.422       2.551       2.607       2.945       3.284       3.343       3.468

 CAL      WITH
    AGE             -0.149      -0.143      -0.140      -0.122      -0.105      -0.101      -0.095
    GENDER          -0.010      -0.010      -0.010      -0.009      -0.009      -0.009      -0.009
    MET              0.964       1.012       1.034       1.155       1.279       1.302       1.351
    INDEX           -0.150      -0.141      -0.137      -0.115      -0.093      -0.089      -0.081
    DASH            -0.010      -0.010      -0.009      -0.008      -0.007      -0.007      -0.006

 INCOME   WITH
    AGE             -2.922      -2.656      -2.534      -1.916      -1.317      -1.206      -1.001
    GENDER          -0.171      -0.162      -0.158      -0.134      -0.112      -0.108      -0.099
    MET             -7.345      -5.771      -4.992      -0.837       3.412       4.250       5.886
    INDEX            7.031       7.347       7.512       8.411       9.352       9.534       9.915
    DASH             0.001       0.022       0.033       0.090       0.142       0.153       0.172
    CAL              0.004       0.005       0.005       0.008       0.012       0.013       0.015

 Means
    AGE             49.030      49.134      49.182      49.443      49.702      49.749      49.848
    GENDER           1.504       1.507       1.509       1.517       1.526       1.527       1.530
    MET            114.219     114.942     115.296     117.102     118.951     119.279     119.845
    INDEX           66.744      66.867      66.924      67.250      67.575      67.634      67.764
    DASH             5.919       5.925       5.929       5.945       5.962       5.966       5.973
    CAL              0.211       0.212       0.212       0.213       0.214       0.215       0.215
    INCOME           1.499       1.515       1.523       1.569       1.618       1.629       1.649

 Intercepts
    BMI             19.327      19.506      19.611      20.195      20.777      20.891      21.101
    HOMA_IR         -4.498      -3.982      -3.731      -2.533      -1.370      -1.146      -0.718

 Variances
    AGE            231.262     233.084     233.971     238.779     243.648     244.586     246.405
    GENDER           0.249       0.249       0.249       0.250       0.250       0.250       0.250
    MET          11006.943   11138.694   11204.707   11562.853   11925.244   11994.580   12135.412
    INDEX          369.286     371.175     372.183     377.522     382.833     383.779     385.741
    DASH             0.962       0.971       0.976       1.000       1.024       1.028       1.038
    CAL              0.004       0.004       0.004       0.005       0.005       0.005       0.005
    INCOME           3.946       4.333       4.518       5.795       7.272       7.583       8.249

 Residual Variances
    BMI             11.166      11.258      11.319      11.638      11.943      12.001      12.119
    HOMA_IR         21.952      25.316      27.134      38.790      52.006      54.602      60.746


CONFIDENCE INTERVALS OF TOTAL, TOTAL INDIRECT, SPECIFIC INDIRECT, AND DIRECT EFFECTS


                  Lower .5%  Lower 2.5%    Lower 5%    Estimate    Upper 5%  Upper 2.5%   Upper .5%

Effects from DASH to HOMA_IR

  Indirect          -0.013      -0.007      -0.004       0.011       0.027       0.030       0.036


DIAGRAM INFORMATION

  Use View Diagram under the Diagram menu in the Mplus Editor to view the diagram.
  If running Mplus from the Mplus Diagrammer, the diagram opens automatically.

  Diagram output
    d:\data\dpmedi\mplus\dash homa_ir bmi.dgm

     Beginning Time:  10:40:51
        Ending Time:  10:41:45
       Elapsed Time:  00:00:54



MUTHEN & MUTHEN
3463 Stoner Ave.
Los Angeles, CA  90066

Tel: (310) 391-9971
Fax: (310) 391-8971
Web: www.StatModel.com
Support: Support@StatModel.com

Copyright (c) 1998-2015 Muthen & Muthen
