Mplus VERSION 7.4
MUTHEN & MUTHEN
05/05/2019  10:36 AM

INPUT INSTRUCTIONS

  data: file is id2009.csv;

  variable: names are IDind WAVE hhid age commid d3kcal d3carbo d3fat d3protn
                      bmi hwr waist_c diastol systol gender educ indinc
                      index met cmfp_s dash_s ahei_s HS_CRP HDL_C LDL_C
                      INS HbA1c GLUCOSE TG TC homa_ir quicki cmfp dash ahei;
            usev are  age gender met index waist_c homa_ir dash cal income;
            missing are all(999);
  define:
  cal=d3kcal/10000;
  income=indinc/10000;

  analysis:
      estimator = ML;
      BOOTSTRAP = 10000;

  model:
  age gender met index waist_c homa_ir dash cal income;

  homa_ir on dash waist_c age gender cal met index income;

  waist_c on dash age gender cal met index income;


  Model indirect:
  homa_ir ind waist_c dash;


  OUTPUT:
  SAMPSTAT CINTERVAL(BOOTSTRAP);



INPUT READING TERMINATED NORMALLY




SUMMARY OF ANALYSIS

Number of groups                                                 1
Number of observations                                        9537

Number of dependent variables                                    2
Number of independent variables                                  7
Number of continuous latent variables                            0

Observed dependent variables

  Continuous
   WAIST_C     HOMA_IR

Observed independent variables
   AGE         GENDER      MET         INDEX       DASH        CAL
   INCOME


Estimator                                                       ML
Information matrix                                        OBSERVED
Maximum number of iterations                                  1000
Convergence criterion                                    0.500D-04
Maximum number of steepest descent iterations                   20
Maximum number of iterations for H1                           2000
Convergence criterion for H1                             0.100D-03
Number of bootstrap draws
    Requested                                                10000
    Completed                                                10000

Input data file(s)
  id2009.csv

Input data format  FREE


SUMMARY OF DATA

     Number of missing data patterns            13


COVARIANCE COVERAGE OF DATA

Minimum covariance coverage value   0.100


     PROPORTION OF DATA PRESENT


           Covariance Coverage
              WAIST_C       HOMA_IR       AGE           GENDER        MET
              ________      ________      ________      ________      ________
 WAIST_C        0.937
 HOMA_IR        0.835         0.853
 AGE            0.937         0.853         1.000
 GENDER         0.937         0.853         1.000         1.000
 MET            0.937         0.853         0.996         0.996         0.996
 INDEX          0.936         0.852         0.999         0.999         0.995
 DASH           0.937         0.853         1.000         1.000         0.996
 CAL            0.937         0.853         1.000         1.000         0.996
 INCOME         0.694         0.631         0.735         0.735         0.735


           Covariance Coverage
              INDEX         DASH          CAL           INCOME
              ________      ________      ________      ________
 INDEX          0.999
 DASH           0.999         1.000
 CAL            0.999         1.000         1.000
 INCOME         0.735         0.735         0.735         0.735


SAMPLE STATISTICS


     ESTIMATED SAMPLE STATISTICS


           Means
              WAIST_C       HOMA_IR       AGE           GENDER        MET
              ________      ________      ________      ________      ________
      1        82.436         3.540        49.443         1.517       117.102


           Means
              INDEX         DASH          CAL           INCOME
              ________      ________      ________      ________
      1        67.250         5.945         0.213         1.570


           Covariances
              WAIST_C       HOMA_IR       AGE           GENDER        MET
              ________      ________      ________      ________      ________
 WAIST_C      105.551
 HOMA_IR        9.204        39.663
 AGE           29.521         4.220       238.779
 GENDER        -0.793        -0.048         0.184         0.250
 MET          -58.688       -30.247      -402.547        -2.227     11562.854
 INDEX         12.647         3.039        12.575         0.116      -566.603
 DASH          -0.052         0.106         0.364         0.040        -3.409
 CAL            0.057        -0.003        -0.122        -0.009         1.155
 INCOME         1.611         0.116        -1.900        -0.134        -0.904


           Covariances
              INDEX         DASH          CAL           INCOME
              ________      ________      ________      ________
 INDEX        377.524
 DASH           2.945         1.000
 CAL           -0.115        -0.008         0.005
 INCOME         8.380         0.089         0.008         5.793


           Correlations
              WAIST_C       HOMA_IR       AGE           GENDER        MET
              ________      ________      ________      ________      ________
 WAIST_C        1.000
 HOMA_IR        0.142         1.000
 AGE            0.186         0.043         1.000
 GENDER        -0.155        -0.015         0.024         1.000
 MET           -0.053        -0.045        -0.242        -0.041         1.000
 INDEX          0.063         0.025         0.042         0.012        -0.271
 DASH          -0.005         0.017         0.024         0.080        -0.032
 CAL            0.082        -0.006        -0.118        -0.282         0.160
 INCOME         0.065         0.008        -0.051        -0.111        -0.003


           Correlations
              INDEX         DASH          CAL           INCOME
              ________      ________      ________      ________
 INDEX          1.000
 DASH           0.152         1.000
 CAL           -0.088        -0.123         1.000
 INCOME         0.179         0.037         0.052         1.000


     MAXIMUM LOG-LIKELIHOOD VALUE FOR THE UNRESTRICTED (H1) MODEL IS -221710.386


UNIVARIATE SAMPLE STATISTICS


     UNIVARIATE HIGHER-ORDER MOMENT DESCRIPTIVE STATISTICS

         Variable/         Mean/     Skewness/   Minimum/ % with                Percentiles
        Sample Size      Variance    Kurtosis    Maximum  Min/Max      20%/60%    40%/80%    Median

     WAIST_C              82.449       0.259      52.000    0.01%      73.200     79.500     82.000
            8937.000     105.498      -0.204     122.700    0.01%      85.000     91.000
     HOMA_IR               3.545      14.126       0.012    0.01%       1.446      2.017      2.329
            8134.000      39.665     292.311     173.739    0.01%       2.719      4.033
     AGE                  49.443       0.106      18.000    0.56%      36.000     45.000     49.000
            9537.000     238.779      -0.531      98.000    0.01%      54.000     63.000
     GENDER                1.517      -0.069       1.000   48.26%       1.000      1.000      2.000
            9537.000       0.250      -1.995       2.000   51.74%       2.000      2.000
     MET                 117.017       1.191       0.000   10.16%      25.333     60.058     84.375
            9497.000   11560.449       1.377    1023.900    0.01%     115.900    204.267
     INDEX                67.242       0.063      30.417    0.50%      48.056     58.397     64.956
            9530.000     377.456      -1.285     106.502    0.40%      73.962     87.800
     DASH                  5.945       0.093       2.445    0.01%       4.890      5.810      6.077
            9537.000       1.000      -0.001       9.780    0.02%       6.112      6.819
     CAL                   0.213       1.206       0.040    0.01%       0.159      0.192      0.207
            9537.000       0.005       7.477       1.024    0.01%       0.223      0.263
     INCOME                1.580       9.570     -12.160    0.01%       0.457      0.915      1.136
            7013.000       5.790     147.065      60.000    0.01%       1.360      2.206


THE MODEL ESTIMATION TERMINATED NORMALLY



MODEL FIT INFORMATION

Number of Free Parameters                       54

Loglikelihood

          H0 Value                     -221710.386
          H1 Value                     -221710.386

Information Criteria

          Akaike (AIC)                  443528.772
          Bayesian (BIC)                443915.570
          Sample-Size Adjusted BIC      443743.967
            (n* = (n + 2) / 24)

Chi-Square Test of Model Fit

          Value                              0.000
          Degrees of Freedom                     0
          P-Value                           0.0000

RMSEA (Root Mean Square Error Of Approximation)

          Estimate                           0.000
          90 Percent C.I.                    0.000  0.000
          Probability RMSEA <= .05           0.000

CFI/TLI

          CFI                                1.000
          TLI                                1.000

Chi-Square Test of Model Fit for the Baseline Model

          Value                            816.623
          Degrees of Freedom                    15
          P-Value                           0.0000

SRMR (Standardized Root Mean Square Residual)

          Value                              0.000



MODEL RESULTS

                                                    Two-Tailed
                    Estimate       S.E.  Est./S.E.    P-Value

 HOMA_IR  ON
    DASH               0.092      0.058      1.577      0.115
    WAIST_C            0.086      0.007     11.566      0.000
    AGE                0.003      0.005      0.683      0.495
    GENDER             0.009      0.164      0.057      0.955
    CAL               -0.882      1.215     -0.726      0.468
    MET               -0.002      0.001     -2.978      0.003
    INDEX              0.001      0.004      0.319      0.750
    INCOME            -0.005      0.020     -0.248      0.804

 WAIST_C  ON
    DASH              -0.002      0.107     -0.015      0.988
    AGE                0.130      0.007     17.757      0.000
    GENDER            -2.775      0.224    -12.416      0.000
    CAL               10.831      1.771      6.115      0.000
    MET               -0.001      0.001     -0.766      0.444
    INDEX              0.028      0.006      4.717      0.000
    INCOME             0.201      0.059      3.425      0.001

 GENDER   WITH
    AGE                0.184      0.079      2.315      0.021

 MET      WITH
    AGE             -402.547     15.701    -25.638      0.000
    GENDER            -2.227      0.552     -4.034      0.000

 INDEX    WITH
    AGE               12.575      3.091      4.069      0.000
    GENDER             0.116      0.100      1.163      0.245
    MET             -566.603     20.963    -27.028      0.000

 DASH     WITH
    AGE                0.364      0.162      2.241      0.025
    GENDER             0.040      0.005      7.883      0.000
    MET               -3.409      1.101     -3.096      0.002
    INDEX              2.945      0.203     14.485      0.000

 CAL      WITH
    AGE               -0.122      0.011    -11.428      0.000
    GENDER            -0.009      0.000    -28.490      0.000
    MET                1.155      0.074     15.580      0.000
    INDEX             -0.115      0.013     -8.609      0.000
    DASH              -0.008      0.001    -11.235      0.000

 INCOME   WITH
    AGE               -1.901      0.370     -5.140      0.000
    GENDER            -0.134      0.014     -9.577      0.000
    MET               -0.904      2.565     -0.353      0.724
    INDEX              8.380      0.557     15.033      0.000
    DASH               0.089      0.033      2.711      0.007
    CAL                0.008      0.002      3.888      0.000

 Means
    AGE               49.443      0.158    312.209      0.000
    GENDER             1.517      0.005    295.668      0.000
    MET              117.102      1.109    105.574      0.000
    INDEX             67.250      0.197    340.748      0.000
    DASH               5.945      0.010    580.166      0.000
    CAL                0.213      0.001    306.922      0.000
    INCOME             1.570      0.029     54.058      0.000

 Intercepts
    WAIST_C           75.829      1.021     74.238      0.000
    HOMA_IR           -3.924      0.841     -4.666      0.000

 Variances
    AGE              238.779      2.928     81.563      0.000
    GENDER             0.250      0.000   1385.330      0.000
    MET            11562.854    218.128     53.009      0.000
    INDEX            377.524      3.237    116.628      0.000
    DASH               1.000      0.015     68.524      0.000
    CAL                0.005      0.000     31.431      0.000
    INCOME             5.793      0.841      6.890      0.000

 Residual Variances
    WAIST_C           98.170      1.424     68.930      0.000
    HOMA_IR           38.788      7.517      5.160      0.000


TOTAL, TOTAL INDIRECT, SPECIFIC INDIRECT, AND DIRECT EFFECTS


                                                    Two-Tailed
                    Estimate       S.E.  Est./S.E.    P-Value

Effects from DASH to HOMA_IR

  Indirect             0.000      0.009     -0.015      0.988


CONFIDENCE INTERVALS OF MODEL RESULTS

                  Lower .5%  Lower 2.5%    Lower 5%    Estimate    Upper 5%  Upper 2.5%   Upper .5%

 HOMA_IR  ON
    DASH            -0.054      -0.019      -0.001       0.092       0.190       0.209       0.248
    WAIST_C          0.067       0.072       0.074       0.086       0.098       0.101       0.106
    AGE             -0.008      -0.006      -0.004       0.003       0.011       0.012       0.015
    GENDER          -0.412      -0.312      -0.259       0.009       0.283       0.333       0.435
    CAL             -3.888      -3.156      -2.818      -0.882       1.156       1.594       2.426
    MET             -0.004      -0.003      -0.003      -0.002      -0.001      -0.001       0.000
    INDEX           -0.010      -0.007      -0.006       0.001       0.008       0.010       0.012
    INCOME          -0.054      -0.041      -0.035      -0.005       0.031       0.039       0.059

 WAIST_C  ON
    DASH            -0.274      -0.216      -0.182      -0.002       0.173       0.203       0.273
    AGE              0.111       0.116       0.118       0.130       0.142       0.145       0.148
    GENDER          -3.352      -3.216      -3.143      -2.775      -2.409      -2.337      -2.187
    CAL              6.261       7.366       7.908      10.831      13.726      14.268      15.441
    MET             -0.003      -0.003      -0.002      -0.001       0.001       0.001       0.002
    INDEX            0.012       0.016       0.018       0.028       0.037       0.039       0.043
    INCOME           0.067       0.095       0.111       0.201       0.304       0.322       0.370

 GENDER   WITH
    AGE             -0.018       0.029       0.053       0.184       0.312       0.339       0.388

 MET      WITH
    AGE           -442.858    -433.407    -428.138    -402.547    -376.580    -371.423    -361.520
    GENDER          -3.624      -3.301      -3.120      -2.227      -1.327      -1.148      -0.804

 INDEX    WITH
    AGE              4.682       6.573       7.465      12.575      17.697      18.605      20.536
    GENDER          -0.136      -0.077      -0.048       0.116       0.281       0.313       0.377
    MET           -621.653    -606.852    -600.878    -566.603    -531.925    -525.156    -514.542

 DASH     WITH
    AGE             -0.061       0.046       0.096       0.364       0.632       0.682       0.782
    GENDER           0.027       0.030       0.032       0.040       0.048       0.050       0.053
    MET             -6.181      -5.553      -5.233      -3.409      -1.599      -1.256      -0.597
    INDEX            2.422       2.551       2.608       2.945       3.284       3.344       3.468

 CAL      WITH
    AGE             -0.149      -0.143      -0.140      -0.122      -0.105      -0.101      -0.095
    GENDER          -0.010      -0.010      -0.010      -0.009      -0.009      -0.009      -0.009
    MET              0.964       1.012       1.034       1.155       1.279       1.302       1.351
    INDEX           -0.150      -0.141      -0.137      -0.115      -0.093      -0.089      -0.081
    DASH            -0.010      -0.010      -0.009      -0.008      -0.007      -0.007      -0.006

 INCOME   WITH
    AGE             -2.901      -2.641      -2.518      -1.901      -1.303      -1.191      -0.981
    GENDER          -0.171      -0.162      -0.158      -0.134      -0.111      -0.107      -0.099
    MET             -7.462      -5.840      -5.063      -0.904       3.365       4.191       5.848
    INDEX            7.002       7.309       7.474       8.380       9.326       9.504       9.887
    DASH             0.001       0.022       0.033       0.089       0.142       0.153       0.172
    CAL              0.004       0.004       0.005       0.008       0.012       0.013       0.015

 Means
    AGE             49.030      49.134      49.182      49.443      49.702      49.749      49.848
    GENDER           1.504       1.507       1.509       1.517       1.526       1.527       1.530
    MET            114.219     114.942     115.296     117.102     118.951     119.279     119.845
    INDEX           66.744      66.867      66.924      67.250      67.575      67.634      67.764
    DASH             5.919       5.925       5.929       5.945       5.962       5.966       5.973
    CAL              0.211       0.212       0.212       0.213       0.214       0.215       0.215
    INCOME           1.501       1.516       1.524       1.570       1.619       1.630       1.650

 Intercepts
    WAIST_C         73.188      73.846      74.143      75.829      77.503      77.820      78.399
    HOMA_IR         -6.183      -5.618      -5.312      -3.924      -2.574      -2.303      -1.837

 Variances
    AGE            231.261     233.084     233.971     238.779     243.648     244.587     246.405
    GENDER           0.249       0.249       0.249       0.250       0.250       0.250       0.250
    MET          11006.941   11138.692   11204.731   11562.854   11925.234   11994.585   12135.409
    INDEX          369.287     371.175     372.184     377.524     382.833     383.783     385.743
    DASH             0.962       0.971       0.976       1.000       1.024       1.028       1.038
    CAL              0.004       0.004       0.004       0.005       0.005       0.005       0.005
    INCOME           3.944       4.330       4.517       5.793       7.270       7.580       8.246

 Residual Variances
    WAIST_C         94.430      95.343      95.751      98.170     100.459     100.907     101.764
    HOMA_IR         22.088      25.422      27.211      38.788      51.957      54.459      60.567


CONFIDENCE INTERVALS OF TOTAL, TOTAL INDIRECT, SPECIFIC INDIRECT, AND DIRECT EFFECTS


                  Lower .5%  Lower 2.5%    Lower 5%    Estimate    Upper 5%  Upper 2.5%   Upper .5%

Effects from DASH to HOMA_IR

  Indirect          -0.024      -0.019      -0.016       0.000       0.015       0.018       0.024


DIAGRAM INFORMATION

  Use View Diagram under the Diagram menu in the Mplus Editor to view the diagram.
  If running Mplus from the Mplus Diagrammer, the diagram opens automatically.

  Diagram output
    d:\data\dpmedi\mplus\dash homa_ir wc.dgm

     Beginning Time:  10:36:32
        Ending Time:  10:37:22
       Elapsed Time:  00:00:50



MUTHEN & MUTHEN
3463 Stoner Ave.
Los Angeles, CA  90066

Tel: (310) 391-9971
Fax: (310) 391-8971
Web: www.StatModel.com
Support: Support@StatModel.com

Copyright (c) 1998-2015 Muthen & Muthen
