Mplus VERSION 7.4
MUTHEN & MUTHEN
05/07/2019  10:15 AM

INPUT INSTRUCTIONS

  data: file is me2009.csv;

  variable: names are ID HS_CRP HDL LDL INS HbA1c
                      GLUCOSE TG TC homa quicki hhidx
                      commid d3kcal d3carbo d3fat d3protn
                      hhidy WAVE SYSTOL1 SYSTOL2 SYSTOL3
                      DIASTOL1 DIASTOL2 DIASTOL3 HEIGHT
                      WEIGHT hip_c waist_c bmi hwr diastol
                      systol age gender educ indinc index
                      met cmfp_s dash_s ahei_s cmfp dash ahei;
            usev are  age gender bmi HbA1c dash met index cal;
            missing are all(999);
  define:
  cal=d3kcal/10000;

  analysis:
      estimator = ML;
      BOOTSTRAP = 1000;

  model:
  age gender bmi HbA1c dash met index cal;

  HbA1c on dash bmi age gender cal met index;

  bmi on dash age gender cal met index;


  Model indirect:
  HbA1c ind dash;


  OUTPUT:
  CINTERVAL(BOOTSTRAP);



INPUT READING TERMINATED NORMALLY




SUMMARY OF ANALYSIS

Number of groups                                                 1
Number of observations                                        8211

Number of dependent variables                                    2
Number of independent variables                                  6
Number of continuous latent variables                            0

Observed dependent variables

  Continuous
   BMI         HBA1C

Observed independent variables
   AGE         GENDER      DASH        MET         INDEX       CAL


Estimator                                                       ML
Information matrix                                        OBSERVED
Maximum number of iterations                                  1000
Convergence criterion                                    0.500D-04
Maximum number of steepest descent iterations                   20
Maximum number of iterations for H1                           2000
Convergence criterion for H1                             0.100D-03
Number of bootstrap draws
    Requested                                                 1000
    Completed                                                 1000

Input data file(s)
  me2009.csv

Input data format  FREE


SUMMARY OF DATA

     Number of missing data patterns             7


COVARIANCE COVERAGE OF DATA

Minimum covariance coverage value   0.100


     PROPORTION OF DATA PRESENT


           Covariance Coverage
              BMI           HBA1C         AGE           GENDER        DASH
              ________      ________      ________      ________      ________
 BMI            0.978
 HBA1C          0.978         1.000
 AGE            0.978         1.000         1.000
 GENDER         0.978         1.000         1.000         1.000
 DASH           0.965         0.984         0.984         0.984         0.984
 MET            0.978         0.997         0.997         0.997         0.984
 INDEX          0.965         0.983         0.983         0.983         0.983
 CAL            0.965         0.984         0.984         0.984         0.984


           Covariance Coverage
              MET           INDEX         CAL
              ________      ________      ________
 MET            0.997
 INDEX          0.983         0.983
 CAL            0.984         0.983         0.984



THE MODEL ESTIMATION TERMINATED NORMALLY



MODEL FIT INFORMATION

Number of Free Parameters                       44

Loglikelihood

          H0 Value                     -155695.125
          H1 Value                     -155695.125

Information Criteria

          Akaike (AIC)                  311478.251
          Bayesian (BIC)                311786.833
          Sample-Size Adjusted BIC      311647.009
            (n* = (n + 2) / 24)

Chi-Square Test of Model Fit

          Value                              0.000
          Degrees of Freedom                     0
          P-Value                           0.0000

RMSEA (Root Mean Square Error Of Approximation)

          Estimate                           0.000
          90 Percent C.I.                    0.000  0.000
          Probability RMSEA <= .05           0.000

CFI/TLI

          CFI                                1.000
          TLI                                1.000

Chi-Square Test of Model Fit for the Baseline Model

          Value                            771.982
          Degrees of Freedom                    13
          P-Value                           0.0000

SRMR (Standardized Root Mean Square Residual)

          Value                              0.000



MODEL RESULTS

                                                    Two-Tailed
                    Estimate       S.E.  Est./S.E.    P-Value

 HBA1C    ON
    DASH              -0.020      0.009     -2.214      0.027
    BMI                0.046      0.003     15.212      0.000
    AGE                0.010      0.001     20.069      0.000
    GENDER            -0.014      0.018     -0.737      0.461
    CAL                0.019      0.134      0.142      0.887
    MET                0.000      0.000     -0.225      0.822
    INDEX              0.000      0.000     -0.282      0.778

 BMI      ON
    DASH               0.020      0.039      0.512      0.609
    AGE                0.015      0.003      5.301      0.000
    GENDER             0.194      0.079      2.445      0.014
    CAL                3.514      0.638      5.503      0.000
    MET                0.000      0.000      1.295      0.195
    INDEX              0.013      0.002      6.421      0.000

 GENDER   WITH
    AGE                0.074      0.086      0.864      0.387

 DASH     WITH
    AGE                0.434      0.176      2.468      0.014
    GENDER             0.041      0.006      7.387      0.000

 MET      WITH
    AGE             -384.524     16.426    -23.409      0.000
    GENDER            -1.878      0.617     -3.044      0.002
    DASH              -3.961      1.183     -3.350      0.001

 INDEX    WITH
    AGE                9.653      3.286      2.938      0.003
    GENDER             0.174      0.107      1.637      0.102
    DASH               3.131      0.214     14.598      0.000
    MET             -558.926     23.129    -24.166      0.000

 CAL      WITH
    AGE               -0.119      0.011    -10.471      0.000
    GENDER            -0.009      0.000    -26.391      0.000
    DASH              -0.009      0.001    -11.604      0.000
    MET                1.037      0.079     13.188      0.000
    INDEX             -0.135      0.014     -9.531      0.000

 Means
    AGE               49.986      0.161    310.976      0.000
    GENDER             1.532      0.006    263.820      0.000
    DASH               5.961      0.011    560.148      0.000
    MET              117.354      1.203     97.556      0.000
    INDEX             67.021      0.214    312.678      0.000
    CAL                0.214      0.001    294.583      0.000

 Intercepts
    BMI               20.461      0.375     54.503      0.000
    HBA1C              4.135      0.103     40.200      0.000

 Variances
    AGE              224.948      3.044     73.909      0.000
    GENDER             0.249      0.000    666.442      0.000
    DASH               1.000      0.015     65.244      0.000
    MET            11528.979    239.874     48.063      0.000
    INDEX            378.728      3.521    107.566      0.000
    CAL                0.004      0.000     40.314      0.000

 Residual Variances
    BMI               11.726      0.204     57.522      0.000
    HBA1C              0.597      0.081      7.375      0.000


TOTAL, TOTAL INDIRECT, SPECIFIC INDIRECT, AND DIRECT EFFECTS


                                                    Two-Tailed
                    Estimate       S.E.  Est./S.E.    P-Value

Effects from DASH to HBA1C

  Total               -0.019      0.009     -2.067      0.039
  Total indirect       0.001      0.002      0.511      0.609

  Specific indirect

    HBA1C
    BMI
    DASH               0.001      0.002      0.511      0.609

  Direct
    HBA1C
    DASH              -0.020      0.009     -2.214      0.027



CONFIDENCE INTERVALS OF MODEL RESULTS

                  Lower .5%  Lower 2.5%    Lower 5%    Estimate    Upper 5%  Upper 2.5%   Upper .5%

 HBA1C    ON
    DASH            -0.046      -0.039      -0.035      -0.020      -0.005      -0.002       0.002
    BMI              0.038       0.040       0.041       0.046       0.051       0.052       0.053
    AGE              0.009       0.009       0.010       0.010       0.011       0.011       0.012
    GENDER          -0.059      -0.047      -0.043      -0.014       0.018       0.024       0.032
    CAL             -0.338      -0.253      -0.203       0.019       0.229       0.277       0.344
    MET              0.000       0.000       0.000       0.000       0.000       0.000       0.000
    INDEX           -0.001      -0.001      -0.001       0.000       0.001       0.001       0.001

 BMI      ON
    DASH            -0.087      -0.053      -0.045       0.020       0.083       0.095       0.116
    AGE              0.007       0.009       0.010       0.015       0.019       0.020       0.021
    GENDER          -0.005       0.039       0.064       0.194       0.325       0.346       0.404
    CAL              1.624       2.177       2.440       3.514       4.506       4.675       5.063
    MET             -0.001       0.000       0.000       0.000       0.001       0.001       0.001
    INDEX            0.008       0.009       0.010       0.013       0.017       0.017       0.019

 GENDER   WITH
    AGE             -0.145      -0.089      -0.064       0.074       0.212       0.256       0.298

 DASH     WITH
    AGE             -0.037       0.088       0.143       0.434       0.720       0.770       0.862
    GENDER           0.026       0.030       0.032       0.041       0.050       0.052       0.055

 MET      WITH
    AGE           -424.817    -417.649    -411.534    -384.524    -357.578    -354.055    -339.331
    GENDER          -3.500      -3.158      -2.940      -1.878      -0.947      -0.702      -0.375
    DASH            -7.061      -6.223      -5.962      -3.961      -2.015      -1.562      -0.661

 INDEX    WITH
    AGE              0.697       2.643       4.168       9.653      14.751      15.842      18.316
    GENDER          -0.123      -0.027      -0.001       0.174       0.350       0.378       0.427
    DASH             2.545       2.692       2.772       3.131       3.469       3.552       3.691
    MET           -615.032    -604.245    -595.778    -558.926    -519.324    -511.433    -500.086

 CAL      WITH
    AGE             -0.148      -0.141      -0.138      -0.119      -0.101      -0.098      -0.091
    GENDER          -0.010      -0.010      -0.010      -0.009      -0.009      -0.009      -0.009
    DASH            -0.011      -0.010      -0.010      -0.009      -0.007      -0.007      -0.007
    MET              0.834       0.880       0.909       1.037       1.165       1.193       1.224
    INDEX           -0.170      -0.162      -0.157      -0.135      -0.111      -0.107      -0.096

 Means
    AGE             49.550      49.662      49.712      49.986      50.243      50.296      50.384
    GENDER           1.517       1.520       1.522       1.532       1.542       1.543       1.547
    DASH             5.931       5.939       5.943       5.961       5.978       5.981       5.987
    MET            114.439     115.032     115.360     117.354     119.438     119.825     120.385
    INDEX           66.474      66.610      66.664      67.021      67.383      67.452      67.550
    CAL              0.212       0.212       0.213       0.214       0.215       0.215       0.216

 Intercepts
    BMI             19.474      19.775      19.854      20.461      21.060      21.205      21.500
    HBA1C            3.881       3.939       3.963       4.135       4.305       4.329       4.415

 Variances
    AGE            216.813     218.934     219.609     224.948     229.934     230.750     232.518
    GENDER           0.248       0.248       0.248       0.249       0.250       0.250       0.250
    DASH             0.960       0.970       0.975       1.000       1.025       1.030       1.041
    MET          10925.108   11087.188   11146.601   11528.979   11933.477   12021.624   12129.060
    INDEX          368.677     371.913     372.866     378.728     384.572     385.882     387.221
    CAL              0.004       0.004       0.004       0.004       0.005       0.005       0.005

 Residual Variances
    BMI             11.187      11.313      11.383      11.726      12.060      12.112      12.244
    HBA1C            0.459       0.474       0.486       0.597       0.747       0.774       0.858


CONFIDENCE INTERVALS OF TOTAL, TOTAL INDIRECT, SPECIFIC INDIRECT, AND DIRECT EFFECTS


                  Lower .5%  Lower 2.5%    Lower 5%    Estimate    Upper 5%  Upper 2.5%   Upper .5%

Effects from DASH to HBA1C

  Total             -0.046      -0.040      -0.035      -0.019      -0.004      -0.001       0.004
  Total indirect    -0.004      -0.003      -0.002       0.001       0.004       0.004       0.005

  Specific indirect

    HBA1C
    BMI
    DASH            -0.004      -0.003      -0.002       0.001       0.004       0.004       0.005

  Direct
    HBA1C
    DASH            -0.046      -0.039      -0.035      -0.020      -0.005      -0.002       0.002



DIAGRAM INFORMATION

  Use View Diagram under the Diagram menu in the Mplus Editor to view the diagram.
  If running Mplus from the Mplus Diagrammer, the diagram opens automatically.

  Diagram output
    c:\users\likai\documents\git_repo\dqmedi\mplus\dash hba1c bmi-covariates.dgm

     Beginning Time:  10:15:12
        Ending Time:  10:15:16
       Elapsed Time:  00:00:04



MUTHEN & MUTHEN
3463 Stoner Ave.
Los Angeles, CA  90066

Tel: (310) 391-9971
Fax: (310) 391-8971
Web: www.StatModel.com
Support: Support@StatModel.com

Copyright (c) 1998-2015 Muthen & Muthen
