Mplus VERSION 7.4
MUTHEN & MUTHEN
05/07/2019   1:43 PM

INPUT INSTRUCTIONS

  data: file is me2009 outlier.csv;

  variable: names are IDind HS_CRP HDL_C LDL_C INS
                      HbA1c GLUCOSE TG TC homa_ir quicki commid
                      d3kcal d3carbo d3fat d3protn hhid WAVE
                      hip_c waist_c bmi hwr diastol systol age
                      gender educ indinc index met cmfp_s
                      dash_s ahei_s cmfp dash
                      ahei HBS LBS DQD;
            usev are  age gender bmi HbA1c dash met urban cal income;
            missing are all(999);
  define:
  cal=d3kcal/10000;
  urban=index/10;
  income=indinc/10000;
  analysis:
      estimator = ML;
      BOOTSTRAP = 1000;

  model:
  age gender bmi HbA1c dash met urban cal income;

  HbA1c on dash bmi age gender met urban cal income;

  bmi on dash age gender met urban cal income;


  Model indirect:
  HbA1c ind dash;


  OUTPUT:
  CINTERVAL(BOOTSTRAP);



INPUT READING TERMINATED NORMALLY




SUMMARY OF ANALYSIS

Number of groups                                                 1
Number of observations                                        8211

Number of dependent variables                                    2
Number of independent variables                                  7
Number of continuous latent variables                            0

Observed dependent variables

  Continuous
   BMI         HBA1C

Observed independent variables
   AGE         GENDER      DASH        MET         URBAN       CAL
   INCOME


Estimator                                                       ML
Information matrix                                        OBSERVED
Maximum number of iterations                                  1000
Convergence criterion                                    0.500D-04
Maximum number of steepest descent iterations                   20
Maximum number of iterations for H1                           2000
Convergence criterion for H1                             0.100D-03
Number of bootstrap draws
    Requested                                                 1000
    Completed                                                 1000

Input data file(s)
  me2009 outlier.csv

Input data format  FREE


SUMMARY OF DATA

     Number of missing data patterns            11


COVARIANCE COVERAGE OF DATA

Minimum covariance coverage value   0.100


     PROPORTION OF DATA PRESENT


           Covariance Coverage
              BMI           HBA1C         AGE           GENDER        DASH
              ________      ________      ________      ________      ________
 BMI            0.978
 HBA1C          0.978         1.000
 AGE            0.978         1.000         1.000
 GENDER         0.978         1.000         1.000         1.000
 DASH           0.965         0.984         0.984         0.984         0.984
 MET            0.978         0.997         0.997         0.997         0.984
 URBAN          0.965         0.983         0.983         0.983         0.983
 CAL            0.965         0.984         0.984         0.984         0.984
 INCOME         0.724         0.738         0.738         0.738         0.728


           Covariance Coverage
              MET           URBAN         CAL           INCOME
              ________      ________      ________      ________
 MET            0.997
 URBAN          0.983         0.983
 CAL            0.984         0.983         0.984
 INCOME         0.738         0.728         0.728         0.738



THE MODEL ESTIMATION TERMINATED NORMALLY



MODEL FIT INFORMATION

Number of Free Parameters                       54

Loglikelihood

          H0 Value                     -151143.086
          H1 Value                     -151143.086

Information Criteria

          Akaike (AIC)                  302394.171
          Bayesian (BIC)                302772.886
          Sample-Size Adjusted BIC      302601.284
            (n* = (n + 2) / 24)

Chi-Square Test of Model Fit

          Value                              0.000
          Degrees of Freedom                     0
          P-Value                           0.0000

RMSEA (Root Mean Square Error Of Approximation)

          Estimate                           0.000
          90 Percent C.I.                    0.000  0.000
          Probability RMSEA <= .05           0.000

CFI/TLI

          CFI                                1.000
          TLI                                1.000

Chi-Square Test of Model Fit for the Baseline Model

          Value                            784.640
          Degrees of Freedom                    15
          P-Value                           0.0000

SRMR (Standardized Root Mean Square Residual)

          Value                              0.000



MODEL RESULTS

                                                    Two-Tailed
                    Estimate       S.E.  Est./S.E.    P-Value

 HBA1C    ON
    DASH              -0.021      0.009     -2.243      0.025
    BMI                0.046      0.003     15.194      0.000
    AGE                0.010      0.001     20.148      0.000
    GENDER            -0.011      0.019     -0.571      0.568
    MET                0.000      0.000     -0.266      0.790
    URBAN             -0.003      0.005     -0.570      0.569
    CAL                0.013      0.134      0.096      0.924
    INCOME             0.006      0.004      1.458      0.145

 BMI      ON
    DASH               0.017      0.039      0.435      0.663
    AGE                0.015      0.003      5.480      0.000
    GENDER             0.223      0.080      2.784      0.005
    MET                0.000      0.000      1.194      0.233
    URBAN              0.116      0.021      5.503      0.000
    CAL                3.438      0.641      5.363      0.000
    INCOME             0.061      0.020      2.998      0.003

 GENDER   WITH
    AGE                0.074      0.086      0.864      0.387

 DASH     WITH
    AGE                0.432      0.176      2.458      0.014
    GENDER             0.041      0.006      7.390      0.000

 MET      WITH
    AGE             -384.526     16.427    -23.409      0.000
    GENDER            -1.878      0.617     -3.044      0.002
    DASH              -3.955      1.182     -3.345      0.001

 URBAN    WITH
    AGE                0.954      0.329      2.903      0.004
    GENDER             0.018      0.011      1.659      0.097
    DASH               0.315      0.022     14.534      0.000
    MET              -55.862      2.317    -24.109      0.000

 CAL      WITH
    AGE               -0.119      0.011    -10.473      0.000
    GENDER            -0.009      0.000    -26.395      0.000
    DASH              -0.008      0.001    -11.596      0.000
    MET                1.037      0.079     13.190      0.000
    URBAN             -0.013      0.001     -9.481      0.000

 INCOME   WITH
    AGE               -1.955      0.376     -5.195      0.000
    GENDER            -0.124      0.016     -7.836      0.000
    DASH               0.097      0.042      2.319      0.020
    MET               -0.815      2.704     -0.301      0.763
    URBAN              0.929      0.122      7.590      0.000
    CAL                0.008      0.003      3.003      0.003

 Means
    AGE               49.986      0.161    310.976      0.000
    GENDER             1.532      0.006    263.820      0.000
    DASH               5.961      0.011    559.734      0.000
    MET              117.354      1.203     97.556      0.000
    URBAN              6.704      0.021    312.905      0.000
    CAL                0.214      0.001    294.547      0.000
    INCOME             1.558      0.032     48.094      0.000

 Intercepts
    BMI               20.435      0.376     54.339      0.000
    HBA1C              4.134      0.103     40.289      0.000

 Variances
    AGE              224.948      3.044     73.909      0.000
    GENDER             0.249      0.000    666.445      0.000
    DASH               1.000      0.015     65.183      0.000
    MET            11528.983    239.874     48.063      0.000
    URBAN              3.799      0.038     99.831      0.000
    CAL                0.004      0.000     40.316      0.000
    INCOME             6.319      1.123      5.629      0.000

 Residual Variances
    BMI               11.706      0.204     57.392      0.000
    HBA1C              0.597      0.081      7.368      0.000


TOTAL, TOTAL INDIRECT, SPECIFIC INDIRECT, AND DIRECT EFFECTS


                                                    Two-Tailed
                    Estimate       S.E.  Est./S.E.    P-Value

Effects from DASH to HBA1C

  Total               -0.020      0.009     -2.109      0.035
  Total indirect       0.001      0.002      0.435      0.663

  Specific indirect

    HBA1C
    BMI
    DASH               0.001      0.002      0.435      0.663

  Direct
    HBA1C
    DASH              -0.021      0.009     -2.243      0.025



CONFIDENCE INTERVALS OF MODEL RESULTS

                  Lower .5%  Lower 2.5%    Lower 5%    Estimate    Upper 5%  Upper 2.5%   Upper .5%

 HBA1C    ON
    DASH            -0.046      -0.039      -0.035      -0.021      -0.006      -0.002       0.002
    BMI              0.038       0.040       0.041       0.046       0.051       0.051       0.053
    AGE              0.009       0.009       0.010       0.010       0.011       0.011       0.012
    GENDER          -0.057      -0.044      -0.040      -0.011       0.022       0.027       0.035
    MET              0.000       0.000       0.000       0.000       0.000       0.000       0.000
    URBAN           -0.014      -0.012      -0.010      -0.003       0.005       0.006       0.009
    CAL             -0.340      -0.255      -0.210       0.013       0.223       0.269       0.344
    INCOME          -0.004      -0.001       0.000       0.006       0.014       0.016       0.020

 BMI      ON
    DASH            -0.092      -0.057      -0.048       0.017       0.080       0.092       0.114
    AGE              0.007       0.010       0.011       0.015       0.020       0.020       0.022
    GENDER           0.015       0.064       0.091       0.223       0.356       0.379       0.435
    MET             -0.001       0.000       0.000       0.000       0.001       0.001       0.001
    URBAN            0.058       0.072       0.082       0.116       0.152       0.159       0.174
    CAL              1.500       2.084       2.347       3.438       4.452       4.619       4.996
    INCOME           0.009       0.026       0.031       0.061       0.097       0.106       0.124

 GENDER   WITH
    AGE             -0.145      -0.089      -0.064       0.074       0.212       0.256       0.298

 DASH     WITH
    AGE             -0.039       0.087       0.143       0.432       0.719       0.768       0.862
    GENDER           0.026       0.030       0.032       0.041       0.051       0.052       0.055

 MET      WITH
    AGE           -424.817    -417.647    -411.535    -384.526    -357.578    -354.054    -339.332
    GENDER          -3.500      -3.158      -2.940      -1.878      -0.947      -0.702      -0.375
    DASH            -7.054      -6.223      -5.967      -3.955      -1.999      -1.554      -0.653

 URBAN    WITH
    AGE              0.054       0.255       0.411       0.954       1.469       1.570       1.833
    GENDER          -0.012      -0.003       0.000       0.018       0.035       0.038       0.043
    DASH             0.255       0.271       0.279       0.315       0.351       0.358       0.372
    MET            -61.479     -60.362     -59.559     -55.862     -51.904     -51.117     -49.917

 CAL      WITH
    AGE             -0.148      -0.141      -0.138      -0.119      -0.101      -0.098      -0.092
    GENDER          -0.010      -0.010      -0.010      -0.009      -0.009      -0.009      -0.009
    DASH            -0.011      -0.010      -0.010      -0.008      -0.007      -0.007      -0.007
    MET              0.834       0.880       0.908       1.037       1.165       1.193       1.224
    URBAN           -0.017      -0.016      -0.016      -0.013      -0.011      -0.011      -0.010

 INCOME   WITH
    AGE             -3.014      -2.670      -2.550      -1.955      -1.311      -1.210      -0.979
    GENDER          -0.164      -0.155      -0.150      -0.124      -0.098      -0.093      -0.085
    DASH            -0.020       0.020       0.033       0.097       0.167       0.182       0.217
    MET             -6.939      -5.751      -5.193      -0.815       3.677       4.884       6.505
    URBAN            0.702       0.746       0.763       0.929       1.169       1.203       1.280
    CAL              0.001       0.003       0.004       0.008       0.012       0.014       0.015

 Means
    AGE             49.550      49.662      49.712      49.986      50.243      50.296      50.384
    GENDER           1.517       1.520       1.522       1.532       1.542       1.543       1.547
    DASH             5.931       5.939       5.943       5.961       5.979       5.981       5.987
    MET            114.439     115.032     115.360     117.354     119.437     119.825     120.385
    URBAN            6.651       6.663       6.668       6.704       6.740       6.747       6.758
    CAL              0.212       0.212       0.213       0.214       0.215       0.215       0.216
    INCOME           1.479       1.494       1.504       1.558       1.610       1.621       1.652

 Intercepts
    BMI             19.440      19.736      19.817      20.435      21.040      21.184      21.449
    HBA1C            3.878       3.940       3.961       4.134       4.301       4.331       4.420

 Variances
    AGE            216.813     218.934     219.609     224.948     229.934     230.750     232.518
    GENDER           0.248       0.248       0.248       0.249       0.250       0.250       0.250
    DASH             0.960       0.970       0.975       1.000       1.025       1.030       1.041
    MET          10925.104   11087.189   11146.576   11528.983   11933.487   12021.627   12129.059
    URBAN            3.704       3.728       3.737       3.799       3.862       3.875       3.902
    CAL              0.004       0.004       0.004       0.004       0.005       0.005       0.005
    INCOME           3.897       4.275       4.563       6.319       8.201       8.846       9.939

 Residual Variances
    BMI             11.170      11.296      11.359      11.706      12.041      12.101      12.226
    HBA1C            0.459       0.474       0.486       0.597       0.747       0.774       0.858


CONFIDENCE INTERVALS OF TOTAL, TOTAL INDIRECT, SPECIFIC INDIRECT, AND DIRECT EFFECTS


                  Lower .5%  Lower 2.5%    Lower 5%    Estimate    Upper 5%  Upper 2.5%   Upper .5%

Effects from DASH to HBA1C

  Total             -0.046      -0.040      -0.036      -0.020      -0.005      -0.002       0.004
  Total indirect    -0.004      -0.003      -0.002       0.001       0.004       0.004       0.005

  Specific indirect

    HBA1C
    BMI
    DASH            -0.004      -0.003      -0.002       0.001       0.004       0.004       0.005

  Direct
    HBA1C
    DASH            -0.046      -0.039      -0.035      -0.021      -0.006      -0.002       0.002



DIAGRAM INFORMATION

  Use View Diagram under the Diagram menu in the Mplus Editor to view the diagram.
  If running Mplus from the Mplus Diagrammer, the diagram opens automatically.

  Diagram output
    c:\users\likai\documents\git_repo\dqmedi\mplus\dash hba1c bmi-outlier.dgm

     Beginning Time:  13:43:54
        Ending Time:  13:44:02
       Elapsed Time:  00:00:08



MUTHEN & MUTHEN
3463 Stoner Ave.
Los Angeles, CA  90066

Tel: (310) 391-9971
Fax: (310) 391-8971
Web: www.StatModel.com
Support: Support@StatModel.com

Copyright (c) 1998-2015 Muthen & Muthen
