Mplus VERSION 7.4
MUTHEN & MUTHEN
05/05/2019  10:42 AM

INPUT INSTRUCTIONS

  data: file is id2009.csv;

  variable: names are IDind WAVE hhid age commid d3kcal d3carbo d3fat d3protn
                      bmi hwr waist_c diastol systol gender educ indinc
                      index met cmfp_s dash_s ahei_s HS_CRP HDL_C LDL_C
                      INS HbA1c GLUCOSE TG TC homa_ir quicki cmfp dash ahei;
            usev are  age gender met index bmi HbA1c dash cal income;
            missing are all(999);
  define:
  cal=d3kcal/10000;
  income=indinc/10000;

  analysis:
      estimator = ML;
      BOOTSTRAP = 10000;

  model:
  age gender met index bmi HbA1c dash cal income;

  HbA1c on dash bmi age gender cal met index income;

  bmi on dash age gender cal met index income;


  Model indirect:
  HbA1c ind bmi dash;


  OUTPUT:
  SAMPSTAT CINTERVAL(BOOTSTRAP);



INPUT READING TERMINATED NORMALLY




SUMMARY OF ANALYSIS

Number of groups                                                 1
Number of observations                                        9537

Number of dependent variables                                    2
Number of independent variables                                  7
Number of continuous latent variables                            0

Observed dependent variables

  Continuous
   BMI         HBA1C

Observed independent variables
   AGE         GENDER      MET         INDEX       DASH        CAL
   INCOME


Estimator                                                       ML
Information matrix                                        OBSERVED
Maximum number of iterations                                  1000
Convergence criterion                                    0.500D-04
Maximum number of steepest descent iterations                   20
Maximum number of iterations for H1                           2000
Convergence criterion for H1                             0.100D-03
Number of bootstrap draws
    Requested                                                10000
    Completed                                                10000

Input data file(s)
  id2009.csv

Input data format  FREE


SUMMARY OF DATA

     Number of missing data patterns            13


COVARIANCE COVERAGE OF DATA

Minimum covariance coverage value   0.100


     PROPORTION OF DATA PRESENT


           Covariance Coverage
              BMI           HBA1C         AGE           GENDER        MET
              ________      ________      ________      ________      ________
 BMI            0.940
 HBA1C          0.834         0.850
 AGE            0.940         0.850         1.000
 GENDER         0.940         0.850         1.000         1.000
 MET            0.940         0.850         0.996         0.996         0.996
 INDEX          0.940         0.849         0.999         0.999         0.995
 DASH           0.940         0.850         1.000         1.000         0.996
 CAL            0.940         0.850         1.000         1.000         0.996
 INCOME         0.697         0.629         0.735         0.735         0.735


           Covariance Coverage
              INDEX         DASH          CAL           INCOME
              ________      ________      ________      ________
 INDEX          0.999
 DASH           0.999         1.000
 CAL            0.999         1.000         1.000
 INCOME         0.735         0.735         0.735         0.735


SAMPLE STATISTICS


     ESTIMATED SAMPLE STATISTICS


           Means
              BMI           HBA1C         AGE           GENDER        MET
              ________      ________      ________      ________      ________
      1        23.252         5.567        49.443         1.517       117.102


           Means
              INDEX         DASH          CAL           INCOME
              ________      ________      ________      ________
      1        67.250         5.945         0.213         1.570


           Covariances
              BMI           HBA1C         AGE           GENDER        MET
              ________      ________      ________      ________      ________
 BMI           11.830
 HBA1C          0.575         0.649
 AGE            3.059         2.573       238.779
 GENDER        -0.001        -0.002         0.184         0.250
 MET           -3.386        -4.398      -402.547        -2.227     11562.855
 INDEX          4.571         0.238        12.577         0.116      -566.602
 DASH           0.063        -0.014         0.364         0.040        -3.409
 CAL            0.014         0.000        -0.122        -0.009         1.155
 INCOME         0.468         0.031        -1.924        -0.134        -0.868


           Covariances
              INDEX         DASH          CAL           INCOME
              ________      ________      ________      ________
 INDEX        377.523
 DASH           2.945         1.000
 CAL           -0.115        -0.008         0.005
 INCOME         8.406         0.089         0.008         5.795


           Correlations
              BMI           HBA1C         AGE           GENDER        MET
              ________      ________      ________      ________      ________
 BMI            1.000
 HBA1C          0.208         1.000
 AGE            0.058         0.207         1.000
 GENDER         0.000        -0.006         0.024         1.000
 MET           -0.009        -0.051        -0.242        -0.041         1.000
 INDEX          0.068         0.015         0.042         0.012        -0.271
 DASH           0.018        -0.017         0.024         0.080        -0.032
 CAL            0.060        -0.005        -0.118        -0.282         0.160
 INCOME         0.056         0.016        -0.052        -0.111        -0.003


           Correlations
              INDEX         DASH          CAL           INCOME
              ________      ________      ________      ________
 INDEX          1.000
 DASH           0.152         1.000
 CAL           -0.088        -0.123         1.000
 INCOME         0.180         0.037         0.052         1.000


     MAXIMUM LOG-LIKELIHOOD VALUE FOR THE UNRESTRICTED (H1) MODEL IS -195257.245


UNIVARIATE SAMPLE STATISTICS


     UNIVARIATE HIGHER-ORDER MOMENT DESCRIPTIVE STATISTICS

         Variable/         Mean/     Skewness/   Minimum/ % with                Percentiles
        Sample Size      Variance    Kurtosis    Maximum  Min/Max      20%/60%    40%/80%    Median

     BMI                  23.255       0.509      13.700    0.01%      20.310     22.086     22.958
            8969.000      11.823       0.410      42.719    0.01%      23.875     26.058
     HBA1C                 5.575       6.264       2.700    0.01%       5.100      5.400      5.500
            8107.000       0.648     121.488      30.000    0.01%       5.600      5.900
     AGE                  49.443       0.106      18.000    0.56%      36.000     45.000     49.000
            9537.000     238.779      -0.531      98.000    0.01%      54.000     63.000
     GENDER                1.517      -0.069       1.000   48.26%       1.000      1.000      2.000
            9537.000       0.250      -1.995       2.000   51.74%       2.000      2.000
     MET                 117.017       1.191       0.000   10.16%      25.333     60.058     84.375
            9497.000   11560.449       1.377    1023.900    0.01%     115.900    204.267
     INDEX                67.242       0.063      30.417    0.50%      48.056     58.397     64.956
            9530.000     377.456      -1.285     106.502    0.40%      73.962     87.800
     DASH                  5.945       0.093       2.445    0.01%       4.890      5.810      6.077
            9537.000       1.000      -0.001       9.780    0.02%       6.112      6.819
     CAL                   0.213       1.206       0.040    0.01%       0.159      0.192      0.207
            9537.000       0.005       7.477       1.024    0.01%       0.223      0.263
     INCOME                1.580       9.570     -12.160    0.01%       0.457      0.915      1.136
            7013.000       5.790     147.065      60.000    0.01%       1.360      2.206


THE MODEL ESTIMATION TERMINATED NORMALLY



MODEL FIT INFORMATION

Number of Free Parameters                       54

Loglikelihood

          H0 Value                     -195257.245
          H1 Value                     -195257.245

Information Criteria

          Akaike (AIC)                  390622.490
          Bayesian (BIC)                391009.289
          Sample-Size Adjusted BIC      390837.685
            (n* = (n + 2) / 24)

Chi-Square Test of Model Fit

          Value                              0.000
          Degrees of Freedom                     0
          P-Value                           0.0000

RMSEA (Root Mean Square Error Of Approximation)

          Estimate                           0.000
          90 Percent C.I.                    0.000  0.000
          Probability RMSEA <= .05           0.000

CFI/TLI

          CFI                                1.000
          TLI                                1.000

Chi-Square Test of Model Fit for the Baseline Model

          Value                            796.442
          Degrees of Freedom                    15
          P-Value                           0.0000

SRMR (Standardized Root Mean Square Residual)

          Value                              0.000



MODEL RESULTS

                                                    Two-Tailed
                    Estimate       S.E.  Est./S.E.    P-Value

 HBA1C    ON
    DASH              -0.020      0.009     -2.165      0.030
    BMI                0.046      0.003     15.143      0.000
    AGE                0.010      0.001     19.268      0.000
    GENDER            -0.010      0.018     -0.548      0.583
    CAL                0.014      0.135      0.100      0.921
    MET                0.000      0.000     -0.403      0.687
    INDEX              0.000      0.000     -0.608      0.543
    INCOME             0.005      0.005      1.117      0.264

 BMI      ON
    DASH               0.045      0.037      1.213      0.225
    AGE                0.015      0.003      5.989      0.000
    GENDER             0.163      0.075      2.165      0.030
    CAL                3.951      0.607      6.507      0.000
    MET                0.000      0.000      1.341      0.180
    INDEX              0.012      0.002      5.838      0.000
    INCOME             0.066      0.020      3.292      0.001

 GENDER   WITH
    AGE                0.184      0.079      2.315      0.021

 MET      WITH
    AGE             -402.545     15.701    -25.639      0.000
    GENDER            -2.227      0.552     -4.034      0.000

 INDEX    WITH
    AGE               12.577      3.091      4.069      0.000
    GENDER             0.116      0.100      1.163      0.245
    MET             -566.602     20.962    -27.029      0.000

 DASH     WITH
    AGE                0.364      0.162      2.241      0.025
    GENDER             0.040      0.005      7.883      0.000
    MET               -3.409      1.101     -3.095      0.002
    INDEX              2.945      0.203     14.483      0.000

 CAL      WITH
    AGE               -0.122      0.011    -11.428      0.000
    GENDER            -0.009      0.000    -28.490      0.000
    MET                1.155      0.074     15.580      0.000
    INDEX             -0.115      0.013     -8.609      0.000
    DASH              -0.008      0.001    -11.235      0.000

 INCOME   WITH
    AGE               -1.924      0.370     -5.198      0.000
    GENDER            -0.134      0.014     -9.574      0.000
    MET               -0.867      2.558     -0.339      0.735
    INDEX              8.406      0.555     15.142      0.000
    DASH               0.089      0.033      2.705      0.007
    CAL                0.008      0.002      3.902      0.000

 Means
    AGE               49.443      0.158    312.207      0.000
    GENDER             1.517      0.005    295.668      0.000
    MET              117.102      1.109    105.568      0.000
    INDEX             67.250      0.197    340.742      0.000
    DASH               5.945      0.010    580.165      0.000
    CAL                0.213      0.001    306.922      0.000
    INCOME             1.570      0.029     54.104      0.000

 Intercepts
    BMI               20.195      0.353     57.172      0.000
    HBA1C              4.136      0.101     40.885      0.000

 Variances
    AGE              238.779      2.928     81.564      0.000
    GENDER             0.250      0.000   1385.322      0.000
    MET            11562.855    218.124     53.010      0.000
    INDEX            377.523      3.237    116.629      0.000
    DASH               1.000      0.015     68.524      0.000
    CAL                0.005      0.000     31.431      0.000
    INCOME             5.795      0.841      6.891      0.000

 Residual Variances
    BMI               11.643      0.191     61.000      0.000
    HBA1C              0.596      0.082      7.279      0.000


TOTAL, TOTAL INDIRECT, SPECIFIC INDIRECT, AND DIRECT EFFECTS


                                                    Two-Tailed
                    Estimate       S.E.  Est./S.E.    P-Value

Effects from DASH to HBA1C

  Indirect             0.002      0.002      1.209      0.226


CONFIDENCE INTERVALS OF MODEL RESULTS

                  Lower .5%  Lower 2.5%    Lower 5%    Estimate    Upper 5%  Upper 2.5%   Upper .5%

 HBA1C    ON
    DASH            -0.044      -0.039      -0.035      -0.020      -0.005      -0.002       0.003
    BMI              0.038       0.040       0.041       0.046       0.051       0.052       0.053
    AGE              0.009       0.009       0.009       0.010       0.011       0.011       0.012
    GENDER          -0.055      -0.046      -0.039      -0.010       0.020       0.026       0.037
    CAL             -0.334      -0.254      -0.211       0.014       0.235       0.277       0.356
    MET              0.000       0.000       0.000       0.000       0.000       0.000       0.000
    INDEX           -0.001      -0.001      -0.001       0.000       0.000       0.001       0.001
    INCOME          -0.004      -0.002      -0.001       0.005       0.015       0.017       0.021

 BMI      ON
    DASH            -0.051      -0.030      -0.017       0.045       0.106       0.117       0.142
    AGE              0.009       0.010       0.011       0.015       0.020       0.020       0.022
    GENDER          -0.033       0.012       0.038       0.163       0.285       0.312       0.360
    CAL              2.384       2.762       2.959       3.951       4.944       5.137       5.521
    MET              0.000       0.000       0.000       0.000       0.001       0.001       0.001
    INDEX            0.007       0.008       0.008       0.012       0.015       0.015       0.017
    INCOME           0.017       0.029       0.035       0.066       0.101       0.108       0.123

 GENDER   WITH
    AGE             -0.018       0.029       0.053       0.184       0.312       0.339       0.388

 MET      WITH
    AGE           -442.855    -433.400    -428.137    -402.545    -376.581    -371.423    -361.526
    GENDER          -3.624      -3.301      -3.120      -2.227      -1.327      -1.148      -0.804

 INDEX    WITH
    AGE              4.684       6.577       7.469      12.577      17.701      18.608      20.536
    GENDER          -0.136      -0.077      -0.048       0.116       0.280       0.313       0.377
    MET           -621.656    -606.848    -600.878    -566.602    -531.927    -525.161    -514.540

 DASH     WITH
    AGE             -0.061       0.046       0.096       0.364       0.632       0.682       0.782
    GENDER           0.027       0.030       0.032       0.040       0.048       0.050       0.053
    MET             -6.181      -5.553      -5.233      -3.409      -1.599      -1.256      -0.597
    INDEX            2.422       2.551       2.607       2.945       3.284       3.343       3.468

 CAL      WITH
    AGE             -0.149      -0.143      -0.140      -0.122      -0.105      -0.101      -0.095
    GENDER          -0.010      -0.010      -0.010      -0.009      -0.009      -0.009      -0.009
    MET              0.964       1.012       1.034       1.155       1.279       1.302       1.351
    INDEX           -0.150      -0.141      -0.137      -0.115      -0.093      -0.089      -0.081
    DASH            -0.010      -0.010      -0.009      -0.008      -0.007      -0.007      -0.006

 INCOME   WITH
    AGE             -2.921      -2.660      -2.544      -1.924      -1.327      -1.214      -1.011
    GENDER          -0.171      -0.162      -0.158      -0.134      -0.112      -0.107      -0.099
    MET             -7.375      -5.809      -5.032      -0.867       3.398       4.221       5.880
    INDEX            7.032       7.344       7.507       8.406       9.349       9.529       9.909
    DASH             0.001       0.021       0.033       0.089       0.142       0.153       0.172
    CAL              0.004       0.005       0.005       0.008       0.012       0.013       0.015

 Means
    AGE             49.030      49.134      49.182      49.443      49.702      49.749      49.848
    GENDER           1.504       1.507       1.509       1.517       1.526       1.527       1.530
    MET            114.219     114.942     115.296     117.102     118.951     119.279     119.845
    INDEX           66.744      66.867      66.924      67.250      67.575      67.634      67.764
    DASH             5.919       5.925       5.929       5.945       5.962       5.966       5.973
    CAL              0.211       0.212       0.212       0.213       0.214       0.215       0.215
    INCOME           1.500       1.516       1.524       1.570       1.618       1.629       1.650

 Intercepts
    BMI             19.333      19.504      19.609      20.195      20.777      20.892      21.111
    HBA1C            3.878       3.937       3.970       4.136       4.304       4.338       4.405

 Variances
    AGE            231.261     233.084     233.972     238.779     243.647     244.587     246.404
    GENDER           0.249       0.249       0.249       0.250       0.250       0.250       0.250
    MET          11006.936   11138.726   11204.722   11562.855   11925.258   11994.574   12135.400
    INDEX          369.288     371.177     372.181     377.523     382.829     383.779     385.742
    DASH             0.962       0.971       0.976       1.000       1.024       1.028       1.038
    CAL              0.004       0.004       0.004       0.005       0.005       0.005       0.005
    INCOME           3.946       4.332       4.518       5.795       7.272       7.583       8.249

 Residual Variances
    BMI             11.171      11.265      11.324      11.643      11.951      12.006      12.123
    HBA1C            0.458       0.476       0.487       0.596       0.748       0.786       0.862


CONFIDENCE INTERVALS OF TOTAL, TOTAL INDIRECT, SPECIFIC INDIRECT, AND DIRECT EFFECTS


                  Lower .5%  Lower 2.5%    Lower 5%    Estimate    Upper 5%  Upper 2.5%   Upper .5%

Effects from DASH to HBA1C

  Indirect          -0.002      -0.001      -0.001       0.002       0.005       0.005       0.007


DIAGRAM INFORMATION

  Use View Diagram under the Diagram menu in the Mplus Editor to view the diagram.
  If running Mplus from the Mplus Diagrammer, the diagram opens automatically.

  Diagram output
    d:\data\dpmedi\mplus\dash hba1c bmi.dgm

     Beginning Time:  10:42:36
        Ending Time:  10:43:26
       Elapsed Time:  00:00:50



MUTHEN & MUTHEN
3463 Stoner Ave.
Los Angeles, CA  90066

Tel: (310) 391-9971
Fax: (310) 391-8971
Web: www.StatModel.com
Support: Support@StatModel.com

Copyright (c) 1998-2015 Muthen & Muthen
